index.ts(15,17): error TS2314: Generic type 'Array<T>' requires 1 type argument(s).
index.ts(16,11): error TS2314: Generic type 'Array<T>' requires 1 type argument(s).
index.ts(32,33): error TS2366: Function lacks ending return statement and return type does not include 'undefined'.
index.ts(33,9): error TS2683: 'this' implicitly has type 'any' because it does not have a type annotation.
index.ts(34,12): error TS7009: 'new' expression, whose target lacks a construct signature, implicitly has an 'any' type.
index.ts(37,3): error TS2683: 'this' implicitly has type 'any' because it does not have a type annotation.
index.ts(37,22): error TS2339: Property 'headers' does not exist on type 'Object'.
index.ts(38,3): error TS2683: 'this' implicitly has type 'any' because it does not have a type annotation.
index.ts(83,45): error TS2314: Generic type 'Array<T>' requires 1 type argument(s).
index.ts(84,14): error TS2314: Generic type 'Array<T>' requires 1 type argument(s).
index.ts(104,14): error TS2314: Generic type 'Array<T>' requires 1 type argument(s).
index.ts(106,23): error TS7053: Element implicitly has an 'any' type because expression of type '0' can't be used to index type 'Object'.
  Property '0' does not exist on type 'Object'.
index.ts(127,53): error TS2314: Generic type 'Array<T>' requires 1 type argument(s).
index.ts(128,18): error TS2314: Generic type 'Array<T>' requires 1 type argument(s).
index.ts(160,51): error TS2314: Generic type 'Array<T>' requires 1 type argument(s).
index.ts(161,17): error TS2314: Generic type 'Array<T>' requires 1 type argument(s).
index.ts(195,53): error TS2314: Generic type 'Array<T>' requires 1 type argument(s).
index.ts(196,18): error TS2314: Generic type 'Array<T>' requires 1 type argument(s).
index.ts(222,36): error TS2314: Generic type 'Array<T>' requires 1 type argument(s).
../../../../node_modules/@types/get-intrinsic/internal/intrinsics.d.ts(11,25): error TS2304: Cannot find name 'AggregateErrorConstructor'.
../../../../node_modules/@types/get-intrinsic/internal/intrinsics.d.ts(126,42): error TS2304: Cannot find name 'AggregateError'.
../../../../node_modules/@types/get-intrinsic/internal/intrinsics.d.ts(127,47): error TS2304: Cannot find name 'AggregateError'.
../../../../node_modules/@types/get-intrinsic/internal/intrinsics.d.ts(128,50): error TS2304: Cannot find name 'AggregateError'.
../../../../node_modules/@types/get-intrinsic/internal/intrinsics.d.ts(418,37): error TS2550: Property 'any' does not exist on type 'PromiseConstructor'. Do you need to change your target library? Try changing the 'lib' compiler option to 'es2021' or later.
../../../../node_modules/@types/get-intrinsic/internal/intrinsics.d.ts(514,62): error TS2550: Property 'replaceAll' does not exist on type 'String'. Do you need to change your target library? Try changing the 'lib' compiler option to 'es2021' or later.

