index.ts(1,20): error TS2314: Generic type 'Array<T>' requires 1 type argument(s).
index.ts(4,22): error TS2314: Generic type 'Array<T>' requires 1 type argument(s).
index.ts(24,10): error TS2350: Only a void function can be called with the 'new' keyword.
index.ts(27,15): error TS2360: The left-hand side of an 'in' expression must be a private identifier or of type 'any', 'string', 'number', or 'symbol'.
index.ts(31,17): error TS2360: The left-hand side of an 'in' expression must be a private identifier or of type 'any', 'string', 'number', or 'symbol'.
index.ts(43,23): error TS2339: Property 'model' does not exist on type 'Function'.
index.ts(44,27): error TS2339: Property 'color' does not exist on type 'Function'.
index.ts(45,24): error TS2339: Property 'valpha' does not exist on type 'Function'.
index.ts(52,23): error TS2339: Property 'model' does not exist on type 'Object'.
index.ts(54,23): error TS2339: Property 'value' does not exist on type 'Object'.
index.ts(55,31): error TS2339: Property 'value' does not exist on type 'Object'.
index.ts(55,69): error TS2339: Property 'value' does not exist on type 'Object'.
index.ts(59,19): error TS2314: Generic type 'Array<T>' requires 1 type argument(s).
index.ts(60,36): error TS2345: Argument of type 'Object' is not assignable to parameter of type 'String'.
  The 'Object' type is assignable to very few other types. Did you mean to use the 'any' type instead?
    Type 'Object' is missing the following properties from type 'String': charAt, charCodeAt, concat, indexOf, and 44 more.
index.ts(61,31): error TS2538: Type 'Object' cannot be used as an index type.
index.ts(61,63): error TS2538: Type 'Object' cannot be used as an index type.
index.ts(74,9): error TS2740: Type 'string[]' is missing the following properties from type 'String': charAt, charCodeAt, localeCompare, match, and 36 more.
index.ts(76,9): error TS2551: Property 'splice' does not exist on type 'String'. Did you mean 'slice'?
index.ts(77,32): error TS2339: Property 'alpha' does not exist on type 'Function'.
index.ts(77,60): error TS2339: Property 'alpha' does not exist on type 'Function'.
index.ts(80,35): error TS2339: Property 'sort' does not exist on type 'String'.
index.ts(81,9): error TS2360: The left-hand side of an 'in' expression must be a private identifier or of type 'any', 'string', 'number', or 'symbol'.
index.ts(85,32): error TS2538: Type 'String' cannot be used as an index type.
index.ts(88,16): error TS2314: Generic type 'Array<T>' requires 1 type argument(s).
index.ts(89,34): error TS2356: An arithmetic operand must be of type 'any', 'number', 'bigint' or an enum type.
index.ts(93,16): error TS2554: Expected 2 arguments, but got 1.
index.ts(99,29): error TS2356: An arithmetic operand must be of type 'any', 'number', 'bigint' or an enum type.
index.ts(102,16): error TS2538: Type 'Number' cannot be used as an index type.
index.ts(102,38): error TS2538: Type 'Number' cannot be used as an index type.
index.ts(150,11): error TS2339: Property 'alpha' does not exist on type '{}'.
index.ts(184,10): error TS2350: Only a void function can be called with the 'new' keyword.
index.ts(184,20): error TS2345: Argument of type 'any[]' is not assignable to parameter of type 'Function'.
  Type 'any[]' is missing the following properties from type 'Function': apply, call, bind, prototype, and 5 more.
index.ts(189,11): error TS2350: Only a void function can be called with the 'new' keyword.
index.ts(189,21): error TS2345: Argument of type 'any[]' is not assignable to parameter of type 'Function'.
index.ts(196,21): error TS2345: Argument of type 'number' is not assignable to parameter of type 'String'.
index.ts(197,23): error TS2345: Argument of type 'number' is not assignable to parameter of type 'String'.
index.ts(198,22): error TS2345: Argument of type 'number' is not assignable to parameter of type 'String'.
index.ts(200,51): error TS2345: Argument of type 'number' is not assignable to parameter of type 'String'.
index.ts(200,75): error TS2362: The left-hand side of an arithmetic operation must be of type 'any', 'number', 'bigint' or an enum type.
index.ts(202,29): error TS2345: Argument of type 'number' is not assignable to parameter of type 'String'.
index.ts(203,27): error TS2345: Argument of type 'number' is not assignable to parameter of type 'String'.
index.ts(205,29): error TS2345: Argument of type 'number' is not assignable to parameter of type 'String'.
index.ts(206,23): error TS2345: Argument of type 'number' is not assignable to parameter of type 'String'.
index.ts(208,24): error TS2345: Argument of type 'number' is not assignable to parameter of type 'String'.
index.ts(209,22): error TS2345: Argument of type 'number' is not assignable to parameter of type 'String'.
index.ts(211,23): error TS2345: Argument of type 'number' is not assignable to parameter of type 'String'.
index.ts(212,24): error TS2345: Argument of type 'number' is not assignable to parameter of type 'String'.
index.ts(214,23): error TS2345: Argument of type 'number' is not assignable to parameter of type 'String'.
index.ts(215,26): error TS2345: Argument of type 'number' is not assignable to parameter of type 'String'.
index.ts(216,25): error TS2345: Argument of type 'number' is not assignable to parameter of type 'String'.
index.ts(217,24): error TS2345: Argument of type 'number' is not assignable to parameter of type 'String'.
index.ts(219,19): error TS2345: Argument of type 'number' is not assignable to parameter of type 'String'.
index.ts(220,19): error TS2345: Argument of type 'number' is not assignable to parameter of type 'String'.
index.ts(221,19): error TS2345: Argument of type 'number' is not assignable to parameter of type 'String'.
index.ts(223,19): error TS2345: Argument of type 'number' is not assignable to parameter of type 'String'.
index.ts(224,5): error TS2554: Expected 3 arguments, but got 2.
index.ts(225,5): error TS2554: Expected 3 arguments, but got 2.
index.ts(229,11): error TS2350: Only a void function can be called with the 'new' keyword.
index.ts(229,11): error TS2554: Expected 2 arguments, but got 1.
index.ts(237,11): error TS2350: Only a void function can be called with the 'new' keyword.
index.ts(237,11): error TS2554: Expected 2 arguments, but got 1.
index.ts(245,11): error TS2350: Only a void function can be called with the 'new' keyword.
index.ts(245,11): error TS2554: Expected 2 arguments, but got 1.
index.ts(358,16): error TS2339: Property 'rgb' does not exist on type '(object: Function, model: String) => String'.
index.ts(395,16): error TS2339: Property 'rgb' does not exist on type '(object: Function, model: String) => String'.
index.ts(414,11): error TS2350: Only a void function can be called with the 'new' keyword.
index.ts(414,11): error TS2554: Expected 2 arguments, but got 1.
index.ts(418,11): error TS2350: Only a void function can be called with the 'new' keyword.
index.ts(418,21): error TS2345: Argument of type 'any[]' is not assignable to parameter of type 'Function'.
  Type 'any[]' is missing the following properties from type 'Function': apply, call, bind, prototype, and 5 more.
index.ts(421,10): error TS2350: Only a void function can be called with the 'new' keyword.
index.ts(421,20): error TS2345: Argument of type 'any[]' is not assignable to parameter of type 'Function'.
index.ts(428,4): error TS2322: Type 'Object' is not assignable to type 'String'.
  The 'Object' type is assignable to very few other types. Did you mean to use the 'any' type instead?
index.ts(431,10): error TS2350: Only a void function can be called with the 'new' keyword.
index.ts(431,20): error TS2345: Argument of type 'String' is not assignable to parameter of type 'Function'.
  Type 'String' is missing the following properties from type 'Function': apply, call, bind, prototype, and 5 more.
index.ts(435,26): error TS2314: Generic type 'Array<T>' requires 1 type argument(s).
index.ts(448,18): error TS2488: Type 'Object' must have a '[Symbol.iterator]()' method that returns an iterator.
index.ts(449,39): error TS2538: Type 'String' cannot be used as an index type.
index.ts(462,18): error TS2538: Type 'Object' cannot be used as an index type.
index.ts(463,11): error TS2339: Property 'color' does not exist on type 'Object'.
index.ts(467,17): error TS2538: Type 'Object' cannot be used as an index type.
index.ts(478,31): error TS2345: Argument of type 'Number' is not assignable to parameter of type 'number'.
  'number' is a primitive, but 'Number' is a wrapper object. Prefer using 'number' when possible.
index.ts(482,38): error TS2314: Generic type 'Array<T>' requires 1 type argument(s).
index.ts(487,18): error TS2365: Operator '<' cannot be applied to types 'number' and 'String'.

