conversions.ts(14,7): error TS2451: Cannot redeclare block-scoped variable 'convert'.
conversions.ts(58,9): error TS2339: Property 'rgb' does not exist on type 'object'.
conversions.ts(58,34): error TS2314: Generic type 'Promise<T>' requires 1 type argument(s).
conversions.ts(97,9): error TS2339: Property 'rgb' does not exist on type 'object'.
conversions.ts(97,34): error TS2314: Generic type 'Promise<T>' requires 1 type argument(s).
conversions.ts(144,9): error TS2339: Property 'rgb' does not exist on type 'object'.
conversions.ts(148,28): error TS2339: Property 'rgb' does not exist on type 'object'.
conversions.ts(156,9): error TS2339: Property 'rgb' does not exist on type 'object'.
conversions.ts(156,35): error TS2314: Generic type 'Promise<T>' requires 1 type argument(s).
conversions.ts(169,33): error TS2314: Generic type 'Promise<T>' requires 1 type argument(s).
conversions.ts(169,45): error TS2314: Generic type 'Promise<T>' requires 1 type argument(s).
conversions.ts(173,2): error TS2322: Type 'number' is not assignable to type 'string'.
conversions.ts(180,9): error TS2339: Property 'rgb' does not exist on type 'object'.
conversions.ts(193,9): error TS2322: Type 'string' is not assignable to type 'number'.
conversions.ts(198,4): error TS2322: Type 'string' is not assignable to type 'Function'.
conversions.ts(205,9): error TS2339: Property 'keyword' does not exist on type 'object'.
conversions.ts(209,9): error TS2339: Property 'rgb' does not exist on type 'object'.
conversions.ts(209,34): error TS2314: Generic type 'Promise<T>' requires 1 type argument(s).
conversions.ts(226,9): error TS2339: Property 'rgb' does not exist on type 'object'.
conversions.ts(227,30): error TS2339: Property 'rgb' does not exist on type 'object'.
conversions.ts(247,9): error TS2339: Property 'hsl' does not exist on type 'object'.
conversions.ts(247,34): error TS2314: Generic type 'Promise<T>' requires 1 type argument(s).
conversions.ts(295,9): error TS2339: Property 'hsl' does not exist on type 'object'.
conversions.ts(295,34): error TS2314: Generic type 'Promise<T>' requires 1 type argument(s).
conversions.ts(311,9): error TS2339: Property 'hsv' does not exist on type 'object'.
conversions.ts(311,34): error TS2314: Generic type 'Promise<T>' requires 1 type argument(s).
conversions.ts(339,9): error TS2339: Property 'hsv' does not exist on type 'object'.
conversions.ts(339,34): error TS2314: Generic type 'Promise<T>' requires 1 type argument(s).
conversions.ts(358,9): error TS2339: Property 'hwb' does not exist on type 'object'.
conversions.ts(358,34): error TS2314: Generic type 'Promise<T>' requires 1 type argument(s).
conversions.ts(400,9): error TS2339: Property 'cmyk' does not exist on type 'object'.
conversions.ts(400,36): error TS2314: Generic type 'Promise<T>' requires 1 type argument(s).
conversions.ts(413,9): error TS2339: Property 'xyz' does not exist on type 'object'.
conversions.ts(413,34): error TS2314: Generic type 'Promise<T>' requires 1 type argument(s).
conversions.ts(445,9): error TS2339: Property 'xyz' does not exist on type 'object'.
conversions.ts(445,34): error TS2314: Generic type 'Promise<T>' requires 1 type argument(s).
conversions.ts(465,9): error TS2339: Property 'lab' does not exist on type 'object'.
conversions.ts(465,34): error TS2314: Generic type 'Promise<T>' requires 1 type argument(s).
conversions.ts(473,6): error TS2362: The left-hand side of an arithmetic operation must be of type 'any', 'number', 'bigint' or an enum type.
conversions.ts(493,9): error TS2339: Property 'lab' does not exist on type 'object'.
conversions.ts(493,34): error TS2314: Generic type 'Promise<T>' requires 1 type argument(s).
conversions.ts(511,9): error TS2339: Property 'lch' does not exist on type 'object'.
conversions.ts(511,34): error TS2314: Generic type 'Promise<T>' requires 1 type argument(s).
conversions.ts(523,9): error TS2339: Property 'rgb' does not exist on type 'object'.
conversions.ts(525,52): error TS2339: Property 'rgb' does not exist on type 'object'.
conversions.ts(545,9): error TS2339: Property 'hsv' does not exist on type 'object'.
conversions.ts(548,17): error TS2339: Property 'rgb' does not exist on type 'object'.
conversions.ts(548,36): error TS2339: Property 'hsv' does not exist on type 'object'.
conversions.ts(551,9): error TS2339: Property 'rgb' does not exist on type 'object'.
conversions.ts(551,39): error TS2314: Generic type 'Promise<T>' requires 1 type argument(s).
conversions.ts(578,9): error TS2339: Property 'ansi16' does not exist on type 'object'.
conversions.ts(602,9): error TS2339: Property 'ansi256' does not exist on type 'object'.
conversions.ts(607,9): error TS2322: Type 'number' is not assignable to type 'string'.
conversions.ts(621,9): error TS2339: Property 'rgb' does not exist on type 'object'.
conversions.ts(621,35): error TS2314: Generic type 'Promise<T>' requires 1 type argument(s).
conversions.ts(622,8): error TS2322: Type 'number' is not assignable to type 'string'.
conversions.ts(626,42): error TS2554: Expected 0 arguments, but got 1.
conversions.ts(630,9): error TS2339: Property 'hex' does not exist on type 'object'.
conversions.ts(631,38): error TS2554: Expected 0 arguments, but got 1.
conversions.ts(639,43): error TS2345: Argument of type '(char: number) => number' is not assignable to parameter of type '(value: string, index: number, array: string[]) => number'.
  Types of parameters 'char' and 'value' are incompatible.
    Type 'string' is not assignable to type 'number'.
conversions.ts(652,9): error TS2339: Property 'rgb' does not exist on type 'object'.
conversions.ts(652,34): error TS2314: Generic type 'Promise<T>' requires 1 type argument(s).
conversions.ts(686,9): error TS2339: Property 'hsl' does not exist on type 'object'.
conversions.ts(686,34): error TS2314: Generic type 'Promise<T>' requires 1 type argument(s).
conversions.ts(700,9): error TS2339: Property 'hsv' does not exist on type 'object'.
conversions.ts(700,34): error TS2314: Generic type 'Promise<T>' requires 1 type argument(s).
conversions.ts(714,9): error TS2339: Property 'hcg' does not exist on type 'object'.
conversions.ts(714,34): error TS2314: Generic type 'Promise<T>' requires 1 type argument(s).
conversions.ts(755,9): error TS2339: Property 'hcg' does not exist on type 'object'.
conversions.ts(755,34): error TS2314: Generic type 'Promise<T>' requires 1 type argument(s).
conversions.ts(769,9): error TS2339: Property 'hcg' does not exist on type 'object'.
conversions.ts(769,34): error TS2314: Generic type 'Promise<T>' requires 1 type argument(s).
conversions.ts(786,9): error TS2339: Property 'hcg' does not exist on type 'object'.
conversions.ts(786,34): error TS2314: Generic type 'Promise<T>' requires 1 type argument(s).
conversions.ts(793,9): error TS2339: Property 'hwb' does not exist on type 'object'.
conversions.ts(793,34): error TS2314: Generic type 'Promise<T>' requires 1 type argument(s).
conversions.ts(807,9): error TS2339: Property 'apple' does not exist on type 'object'.
conversions.ts(807,38): error TS2314: Generic type 'Promise<T>' requires 1 type argument(s).
conversions.ts(811,9): error TS2339: Property 'rgb' does not exist on type 'object'.
conversions.ts(811,36): error TS2314: Generic type 'Promise<T>' requires 1 type argument(s).
conversions.ts(815,9): error TS2339: Property 'gray' does not exist on type 'object'.
conversions.ts(815,36): error TS2314: Generic type 'Promise<T>' requires 1 type argument(s).
conversions.ts(819,9): error TS2339: Property 'gray' does not exist on type 'object'.
conversions.ts(819,36): error TS2314: Generic type 'Promise<T>' requires 1 type argument(s).
conversions.ts(823,9): error TS2339: Property 'gray' does not exist on type 'object'.
conversions.ts(823,28): error TS2339: Property 'gray' does not exist on type 'object'.
conversions.ts(825,9): error TS2339: Property 'gray' does not exist on type 'object'.
conversions.ts(825,36): error TS2314: Generic type 'Promise<T>' requires 1 type argument(s).
conversions.ts(829,9): error TS2339: Property 'gray' does not exist on type 'object'.
conversions.ts(829,37): error TS2314: Generic type 'Promise<T>' requires 1 type argument(s).
conversions.ts(833,9): error TS2339: Property 'gray' does not exist on type 'object'.
conversions.ts(833,36): error TS2314: Generic type 'Promise<T>' requires 1 type argument(s).
conversions.ts(837,9): error TS2339: Property 'gray' does not exist on type 'object'.
conversions.ts(837,36): error TS2314: Generic type 'Promise<T>' requires 1 type argument(s).
conversions.ts(839,8): error TS2322: Type 'number' is not assignable to type 'string'.
conversions.ts(841,42): error TS2554: Expected 0 arguments, but got 1.
conversions.ts(845,9): error TS2339: Property 'rgb' does not exist on type 'object'.
conversions.ts(845,35): error TS2314: Generic type 'Promise<T>' requires 1 type argument(s).
index.ts(1,7): error TS2451: Cannot redeclare block-scoped variable 'conversions'.
index.ts(4,7): error TS2451: Cannot redeclare block-scoped variable 'convert'.
index.ts(24,13): error TS2339: Property 'conversion' does not exist on type 'Function'.
index.ts(24,29): error TS2339: Property 'conversion' does not exist on type 'Function'.
index.ts(58,13): error TS2339: Property 'conversion' does not exist on type 'Function'.
index.ts(58,29): error TS2339: Property 'conversion' does not exist on type 'Function'.
index.ts(74,29): error TS2538: Type 'any[]' cannot be used as an index type.
index.ts(76,45): error TS2345: Argument of type 'string' is not assignable to parameter of type 'Function'.
index.ts(77,45): error TS2345: Argument of type 'string' is not assignable to parameter of type 'Function'.
route.ts(1,7): error TS2451: Cannot redeclare block-scoped variable 'conversions'.
route.ts(46,13): error TS2339: Property 'distance' does not exist on type 'object'.
route.ts(47,10): error TS2339: Property 'distance' does not exist on type 'object'.
route.ts(48,10): error TS2339: Property 'parent' does not exist on type 'object'.
route.ts(70,3): error TS2322: Type 'Function' is not assignable to type 'string'.
route.ts(70,50): error TS2345: Argument of type 'string' is not assignable to parameter of type 'Function'.
route.ts(74,5): error TS2339: Property 'conversion' does not exist on type 'string'.
route.ts(79,34): error TS2345: Argument of type 'Function' is not assignable to parameter of type 'string'.
route.ts(87,12): error TS2339: Property 'parent' does not exist on type 'object'.

