example.ts(5,26): error TS2339: Property 'request' does not exist on type 'String'.
example.ts(7,7): error TS2339: Property 'setWritable' does not exist on type 'HTMLElement'.
example.ts(8,7): error TS2339: Property 'on' does not exist on type 'String'.
example.ts(9,9): error TS2339: Property 'setReadable' does not exist on type 'HTMLElement'.
example.ts(20,5): error TS2339: Property 'end' does not exist on type 'HTMLElement'.
example.ts(21,5): error TS2339: Property 'pipe' does not exist on type 'HTMLElement'.
index.ts(6,5): error TS2740: Type 'Buffer' is missing the following properties from type 'String': charAt, charCodeAt, concat, localeCompare, and 36 more.
index.ts(11,12): error TS2339: Property '_corked' does not exist on type 'HTMLElement'.
index.ts(11,26): error TS2551: Property 'once' does not exist on type 'HTMLElement'. Did you mean 'nonce'?
index.ts(15,58): error TS2314: Generic type 'Array<T>' requires 1 type argument(s).
index.ts(16,12): error TS2339: Property '_autoDestroy' does not exist on type 'Object'.
index.ts(16,31): error TS2339: Property 'destroy' does not exist on type 'Object'.
index.ts(20,24): error TS2314: Generic type 'Promise<T>' requires 1 type argument(s).
index.ts(22,27): error TS2339: Property '_ended' does not exist on type 'Object'.
index.ts(22,40): error TS2339: Property 'end' does not exist on type 'Object'.
index.ts(28,10): error TS2339: Property '_writableState' does not exist on type 'HTMLElement'.
index.ts(28,31): error TS2339: Property '_writableState' does not exist on type 'HTMLElement'.
index.ts(29,10): error TS2339: Property '_writableState' does not exist on type 'HTMLElement'.
index.ts(29,36): error TS2339: Property 'end' does not exist on type 'HTMLElement'.
index.ts(30,6): error TS2339: Property 'end' does not exist on type 'HTMLElement'.
index.ts(37,22): error TS2339: Property 'Readable' does not exist on type 'String'.
index.ts(41,9): error TS2683: 'this' implicitly has type 'any' because it does not have a type annotation.
index.ts(41,48): error TS2351: This expression is not constructable.
  Type 'Function' has no construct signatures.
index.ts(42,10): error TS2339: Property 'Duplex' does not exist on type 'String'.
index.ts(42,22): error TS2683: 'this' implicitly has type 'any' because it does not have a type annotation.
index.ts(44,3): error TS2683: 'this' implicitly has type 'any' because it does not have a type annotation.
index.ts(45,3): error TS2683: 'this' implicitly has type 'any' because it does not have a type annotation.
index.ts(46,3): error TS2683: 'this' implicitly has type 'any' because it does not have a type annotation.
index.ts(48,3): error TS2683: 'this' implicitly has type 'any' because it does not have a type annotation.
index.ts(48,37): error TS2339: Property 'autoDestroy' does not exist on type 'Object'.
index.ts(49,3): error TS2683: 'this' implicitly has type 'any' because it does not have a type annotation.
index.ts(49,40): error TS2339: Property 'destroy' does not exist on type 'Object'.
index.ts(50,3): error TS2683: 'this' implicitly has type 'any' because it does not have a type annotation.
index.ts(50,36): error TS2339: Property 'end' does not exist on type 'Object'.
index.ts(51,3): error TS2683: 'this' implicitly has type 'any' because it does not have a type annotation.
index.ts(52,3): error TS2683: 'this' implicitly has type 'any' because it does not have a type annotation.
index.ts(53,3): error TS2683: 'this' implicitly has type 'any' because it does not have a type annotation.
index.ts(54,3): error TS2683: 'this' implicitly has type 'any' because it does not have a type annotation.
index.ts(55,3): error TS2683: 'this' implicitly has type 'any' because it does not have a type annotation.
index.ts(56,3): error TS2683: 'this' implicitly has type 'any' because it does not have a type annotation.
index.ts(57,3): error TS2683: 'this' implicitly has type 'any' because it does not have a type annotation.
index.ts(59,3): error TS2683: 'this' implicitly has type 'any' because it does not have a type annotation.
index.ts(61,17): error TS2683: 'this' implicitly has type 'any' because it does not have a type annotation.
index.ts(62,17): error TS2683: 'this' implicitly has type 'any' because it does not have a type annotation.
index.ts(65,28): error TS2339: Property 'Duplex' does not exist on type 'String'.
index.ts(67,11): error TS2339: Property 'obj' does not exist on type 'Function'.
index.ts(69,8): error TS2339: Property 'objectMode' does not exist on type 'Object'.
index.ts(70,8): error TS2339: Property 'highWaterMark' does not exist on type 'Object'.
index.ts(71,14): error TS2351: This expression is not constructable.
  Type 'Function' has no construct signatures.
index.ts(86,30): error TS2339: Property 'destroy' does not exist on type 'HTMLElement'.
index.ts(86,48): error TS2339: Property 'destroy' does not exist on type 'HTMLElement'.
index.ts(90,28): error TS2367: This condition will always return 'false' since the types 'HTMLElement' and 'boolean' have no overlap.
index.ts(99,34): error TS2339: Property '_ondrain' does not exist on type 'HTMLElement'.
index.ts(100,10): error TS2339: Property '_ondrain' does not exist on type 'HTMLElement'.
index.ts(105,10): error TS2339: Property '_writable' does not exist on type 'HTMLElement'.
index.ts(122,30): error TS2339: Property 'destroy' does not exist on type 'Object'.
index.ts(122,48): error TS2339: Property 'destroy' does not exist on type 'Object'.
index.ts(132,13): error TS2314: Generic type 'Array<T>' requires 1 type argument(s).
index.ts(151,30): error TS2339: Property '_readableState' does not exist on type 'Object'.
index.ts(185,10): error TS2339: Property '_destroy' does not exist on type 'HTMLElement'.
index.ts(220,14): error TS2339: Property '_forwardEnd' does not exist on type 'HTMLElement'.
index.ts(220,34): error TS2339: Property '_writable' does not exist on type 'HTMLElement'.
index.ts(222,16): error TS2339: Property '_writableState' does not exist on type 'HTMLElement'.
index.ts(222,59): error TS2339: Property '_writableState' does not exist on type 'HTMLElement'.
index.ts(223,12): error TS2339: Property 'emit' does not exist on type 'HTMLElement'.
index.ts(235,17): error TS2339: Property 'Writable' does not exist on type 'String'.
../../../../node_modules/@types/get-intrinsic/internal/intrinsics.d.ts(11,25): error TS2304: Cannot find name 'AggregateErrorConstructor'.
../../../../node_modules/@types/get-intrinsic/internal/intrinsics.d.ts(126,42): error TS2304: Cannot find name 'AggregateError'.
../../../../node_modules/@types/get-intrinsic/internal/intrinsics.d.ts(127,47): error TS2304: Cannot find name 'AggregateError'.
../../../../node_modules/@types/get-intrinsic/internal/intrinsics.d.ts(128,50): error TS2304: Cannot find name 'AggregateError'.
../../../../node_modules/@types/get-intrinsic/internal/intrinsics.d.ts(418,37): error TS2550: Property 'any' does not exist on type 'PromiseConstructor'. Do you need to change your target library? Try changing the 'lib' compiler option to 'es2021' or later.
../../../../node_modules/@types/get-intrinsic/internal/intrinsics.d.ts(514,62): error TS2550: Property 'replaceAll' does not exist on type 'String'. Do you need to change your target library? Try changing the 'lib' compiler option to 'es2021' or later.

