index.ts(3,5): error TS2397: Declaration name conflicts with built-in global identifier 'undefined'.
index.ts(5,5): error TS2740: Type 'SyntaxErrorConstructor' is missing the following properties from type 'any[]': pop, push, concat, join, and 28 more.
index.ts(6,5): error TS2740: Type 'FunctionConstructor' is missing the following properties from type 'any[]': pop, push, concat, join, and 28 more.
index.ts(7,5): error TS2740: Type 'TypeErrorConstructor' is missing the following properties from type 'RegExp': exec, test, source, global, and 13 more.
index.ts(12,10): error TS2349: This expression is not callable.
  Type 'any[]' has no call signatures.
index.ts(26,12): error TS2351: This expression is not constructable.
  Type 'RegExp' has no construct signatures.
index.ts(47,85): error TS2339: Property '__proto__' does not exist on type 'Function'.
index.ts(49,5): error TS2322: Type '{}' is not assignable to type 'string'.
index.ts(129,7): error TS2740: Type '{}' is missing the following properties from type 'any[]': length, pop, push, concat, and 29 more.
index.ts(131,15): error TS2339: Property 'prototype' does not exist on type 'any[]'.
index.ts(136,25): error TS2339: Property 'prototype' does not exist on type 'object'.
index.ts(213,6): error TS2367: This condition will always return 'false' since the types 'number' and 'string' have no overlap.
index.ts(213,23): error TS2367: This condition will always return 'true' since the types 'number' and 'string' have no overlap.
index.ts(214,13): error TS2351: This expression is not constructable.
  Type 'any[]' has no construct signatures.
index.ts(215,13): error TS2367: This condition will always return 'false' since the types 'number' and 'string' have no overlap.
index.ts(215,29): error TS2367: This condition will always return 'true' since the types 'number' and 'string' have no overlap.
index.ts(216,13): error TS2351: This expression is not constructable.
  Type 'any[]' has no construct signatures.
index.ts(219,2): error TS2349: This expression is not callable.
  Type '{}' has no call signatures.
index.ts(220,35): error TS2349: This expression is not callable.
  Type '{}' has no call signatures.
index.ts(236,7): error TS2367: This condition will always return 'false' since the types 'object' and 'string' have no overlap.
index.ts(237,12): error TS2349: This expression is not callable.
  Type '{}' has no call signatures.
index.ts(240,14): error TS2351: This expression is not constructable.
  Type 'RegExp' has no construct signatures.
index.ts(250,12): error TS2351: This expression is not constructable.
  Type 'any[]' has no construct signatures.
index.ts(255,13): error TS2351: This expression is not constructable.
  Type 'RegExp' has no construct signatures.
index.ts(258,13): error TS2351: This expression is not constructable.
  Type 'RegExp' has no construct signatures.
index.ts(262,13): error TS2351: This expression is not constructable.
  Type 'any[]' has no construct signatures.
index.ts(268,44): error TS2339: Property 'name' does not exist on type 'object'.
index.ts(269,32): error TS2339: Property 'value' does not exist on type 'object'.
index.ts(272,32): error TS2339: Property 'alias' does not exist on type 'object'.
index.ts(284,6): error TS2367: This condition will always return 'false' since the types 'number' and 'string' have no overlap.
index.ts(284,23): error TS2367: This condition will always return 'false' since the types 'number' and 'string' have no overlap.
index.ts(284,40): error TS2367: This condition will always return 'false' since the types 'number' and 'string' have no overlap.
index.ts(285,9): error TS2367: This condition will always return 'false' since the types 'number' and 'string' have no overlap.
index.ts(285,25): error TS2367: This condition will always return 'false' since the types 'number' and 'string' have no overlap.
index.ts(285,41): error TS2367: This condition will always return 'false' since the types 'number' and 'string' have no overlap.
index.ts(289,14): error TS2351: This expression is not constructable.
  Type 'any[]' has no construct signatures.
index.ts(303,16): error TS2351: This expression is not constructable.
  Type 'RegExp' has no construct signatures.
index.ts(318,61): error TS2339: Property 'get' does not exist on type 'object'.
index.ts(319,19): error TS2339: Property 'get' does not exist on type 'object'.

