lib/html-encoding-sniffer.ts(2,23): error TS2314: Generic type 'Array<T>' requires 1 type argument(s).
lib/html-encoding-sniffer.ts(5,46): error TS2525: Initializer provides no value for this binding element and the binding element has no default value.
lib/html-encoding-sniffer.ts(24,50): error TS2314: Generic type 'Array<T>' requires 1 type argument(s).
lib/html-encoding-sniffer.ts(25,41): error TS2339: Property 'byteLength' does not exist on type 'Object'.
lib/html-encoding-sniffer.ts(27,21): error TS7053: Element implicitly has an 'any' type because expression of type 'number' can't be used to index type 'Object'.
  No index signature with a parameter of type 'number' was found on type 'Object'.
lib/html-encoding-sniffer.ts(28,9): error TS2367: This condition will always return 'false' since the types 'String' and 'number' have no overlap.
lib/html-encoding-sniffer.ts(30,26): error TS7053: Element implicitly has an 'any' type because expression of type 'number' can't be used to index type 'Object'.
  No index signature with a parameter of type 'number' was found on type 'Object'.
lib/html-encoding-sniffer.ts(31,26): error TS7053: Element implicitly has an 'any' type because expression of type 'number' can't be used to index type 'Object'.
  No index signature with a parameter of type 'number' was found on type 'Object'.
lib/html-encoding-sniffer.ts(32,26): error TS7053: Element implicitly has an 'any' type because expression of type 'number' can't be used to index type 'Object'.
  No index signature with a parameter of type 'number' was found on type 'Object'.
lib/html-encoding-sniffer.ts(33,26): error TS7053: Element implicitly has an 'any' type because expression of type 'number' can't be used to index type 'Object'.
  No index signature with a parameter of type 'number' was found on type 'Object'.
lib/html-encoding-sniffer.ts(34,26): error TS7053: Element implicitly has an 'any' type because expression of type 'number' can't be used to index type 'Object'.
  No index signature with a parameter of type 'number' was found on type 'Object'.
lib/html-encoding-sniffer.ts(36,26): error TS2367: This condition will always return 'false' since the types 'String' and 'number' have no overlap.
lib/html-encoding-sniffer.ts(36,41): error TS2367: This condition will always return 'false' since the types 'String' and 'number' have no overlap.
lib/html-encoding-sniffer.ts(39,15): error TS7053: Element implicitly has an 'any' type because expression of type 'number' can't be used to index type 'Object'.
  No index signature with a parameter of type 'number' was found on type 'Object'.
lib/html-encoding-sniffer.ts(40,35): error TS7053: Element implicitly has an 'any' type because expression of type 'number' can't be used to index type 'Object'.
  No index signature with a parameter of type 'number' was found on type 'Object'.
lib/html-encoding-sniffer.ts(41,35): error TS7053: Element implicitly has an 'any' type because expression of type 'number' can't be used to index type 'Object'.
  No index signature with a parameter of type 'number' was found on type 'Object'.
lib/html-encoding-sniffer.ts(43,15): error TS2367: This condition will always return 'false' since the types 'String' and 'number' have no overlap.
lib/html-encoding-sniffer.ts(43,29): error TS2367: This condition will always return 'false' since the types 'String' and 'number' have no overlap.
lib/html-encoding-sniffer.ts(43,49): error TS2367: This condition will always return 'false' since the types 'String' and 'number' have no overlap.
lib/html-encoding-sniffer.ts(48,11): error TS2367: This condition will always return 'false' since the types 'String' and 'number' have no overlap.
lib/html-encoding-sniffer.ts(48,26): error TS2367: This condition will always return 'false' since the types 'String' and 'number' have no overlap.
lib/html-encoding-sniffer.ts(49,11): error TS2367: This condition will always return 'false' since the types 'String' and 'number' have no overlap.
lib/html-encoding-sniffer.ts(49,26): error TS2367: This condition will always return 'false' since the types 'String' and 'number' have no overlap.
lib/html-encoding-sniffer.ts(50,11): error TS2367: This condition will always return 'false' since the types 'String' and 'number' have no overlap.
lib/html-encoding-sniffer.ts(50,26): error TS2367: This condition will always return 'false' since the types 'String' and 'number' have no overlap.
lib/html-encoding-sniffer.ts(51,28): error TS2345: Argument of type 'String' is not assignable to parameter of type 'Number'.
  Type 'String' is missing the following properties from type 'Number': toFixed, toExponential, toPrecision
lib/html-encoding-sniffer.ts(51,35): error TS2367: This condition will always return 'false' since the types 'String' and 'number' have no overlap.
lib/html-encoding-sniffer.ts(54,15): error TS2739: Type 'Set<unknown>' is missing the following properties from type 'Error': name, message
lib/html-encoding-sniffer.ts(56,13): error TS2322: Type 'null' is not assignable to type 'Boolean'.
lib/html-encoding-sniffer.ts(57,13): error TS2322: Type 'null' is not assignable to type 'String'.
lib/html-encoding-sniffer.ts(62,23): error TS2339: Property 'attr' does not exist on type 'Object'.
lib/html-encoding-sniffer.ts(62,46): error TS2339: Property 'has' does not exist on type 'Error'.
lib/html-encoding-sniffer.ts(62,58): error TS2339: Property 'attr' does not exist on type 'Object'.
lib/html-encoding-sniffer.ts(63,27): error TS2339: Property 'add' does not exist on type 'Error'.
lib/html-encoding-sniffer.ts(63,39): error TS2339: Property 'attr' does not exist on type 'Object'.
lib/html-encoding-sniffer.ts(64,25): error TS2339: Property 'attr' does not exist on type 'Object'.
lib/html-encoding-sniffer.ts(65,35): error TS2339: Property 'attr' does not exist on type 'Object'.
lib/html-encoding-sniffer.ts(66,32): error TS2339: Property 'attr' does not exist on type 'Object'.
lib/html-encoding-sniffer.ts(67,66): error TS2339: Property 'attr' does not exist on type 'Object'.
lib/html-encoding-sniffer.ts(71,32): error TS2339: Property 'attr' does not exist on type 'Object'.
lib/html-encoding-sniffer.ts(72,60): error TS2339: Property 'attr' does not exist on type 'Object'.
lib/html-encoding-sniffer.ts(76,23): error TS2339: Property 'i' does not exist on type 'Object'.
lib/html-encoding-sniffer.ts(77,26): error TS2339: Property 'attr' does not exist on type 'Object'.
lib/html-encoding-sniffer.ts(100,15): error TS7053: Element implicitly has an 'any' type because expression of type 'number' can't be used to index type 'Object'.
  No index signature with a parameter of type 'number' was found on type 'Object'.
lib/html-encoding-sniffer.ts(102,32): error TS2345: Argument of type 'String' is not assignable to parameter of type 'Number'.
lib/html-encoding-sniffer.ts(102,38): error TS2367: This condition will always return 'false' since the types 'String' and 'number' have no overlap.
lib/html-encoding-sniffer.ts(109,23): error TS2339: Property 'i' does not exist on type 'Object'.
lib/html-encoding-sniffer.ts(110,26): error TS2339: Property 'attr' does not exist on type 'Object'.
lib/html-encoding-sniffer.ts(114,15): error TS7053: Element implicitly has an 'any' type because expression of type 'number' can't be used to index type 'Object'.
  No index signature with a parameter of type 'number' was found on type 'Object'.
lib/html-encoding-sniffer.ts(116,15): error TS2367: This condition will always return 'false' since the types 'String' and 'number' have no overlap.
lib/html-encoding-sniffer.ts(128,17): error TS2356: An arithmetic operand must be of type 'any', 'number', 'bigint' or an enum type.
lib/html-encoding-sniffer.ts(129,32): error TS2538: Type 'Number' cannot be used as an index type.
lib/html-encoding-sniffer.ts(131,26): error TS2345: Argument of type 'String' is not assignable to parameter of type 'Number'.
lib/html-encoding-sniffer.ts(131,32): error TS2367: This condition will always return 'false' since the types 'String' and 'number' have no overlap.
lib/html-encoding-sniffer.ts(135,9): error TS2367: This condition will always return 'false' since the types 'String' and 'number' have no overlap.
lib/html-encoding-sniffer.ts(140,28): error TS2356: An arithmetic operand must be of type 'any', 'number', 'bigint' or an enum type.
lib/html-encoding-sniffer.ts(141,22): error TS2538: Type 'Number' cannot be used as an index type.
lib/html-encoding-sniffer.ts(143,11): error TS2367: This condition will always return 'false' since the types 'String' and 'number' have no overlap.
lib/html-encoding-sniffer.ts(144,9): error TS2356: An arithmetic operand must be of type 'any', 'number', 'bigint' or an enum type.
lib/html-encoding-sniffer.ts(148,28): error TS2345: Argument of type 'String' is not assignable to parameter of type 'Number'.
lib/html-encoding-sniffer.ts(149,14): error TS2356: An arithmetic operand must be of type 'any', 'number', 'bigint' or an enum type.
lib/html-encoding-sniffer.ts(149,26): error TS2356: An arithmetic operand must be of type 'any', 'number', 'bigint' or an enum type.
lib/html-encoding-sniffer.ts(150,26): error TS2538: Type 'Number' cannot be used as an index type.
lib/html-encoding-sniffer.ts(152,32): error TS2345: Argument of type 'String' is not assignable to parameter of type 'Number'.
lib/html-encoding-sniffer.ts(156,15): error TS2367: This condition will always return 'true' since the types 'String' and 'number' have no overlap.
lib/html-encoding-sniffer.ts(160,11): error TS2356: An arithmetic operand must be of type 'any', 'number', 'bigint' or an enum type.
lib/html-encoding-sniffer.ts(166,11): error TS2367: This condition will always return 'false' since the types 'String' and 'number' have no overlap.
lib/html-encoding-sniffer.ts(166,25): error TS2367: This condition will always return 'false' since the types 'String' and 'number' have no overlap.
lib/html-encoding-sniffer.ts(170,11): error TS2365: Operator '>=' cannot be applied to types 'String' and 'number'.
lib/html-encoding-sniffer.ts(170,24): error TS2365: Operator '<=' cannot be applied to types 'String' and 'number'.
lib/html-encoding-sniffer.ts(171,37): error TS2365: Operator '+' cannot be applied to types 'String' and 'number'.
lib/html-encoding-sniffer.ts(173,37): error TS2345: Argument of type 'String' is not assignable to parameter of type 'number'.
lib/html-encoding-sniffer.ts(176,20): error TS2538: Type 'Number' cannot be used as an index type.
lib/html-encoding-sniffer.ts(178,26): error TS2345: Argument of type 'String' is not assignable to parameter of type 'Number'.
lib/html-encoding-sniffer.ts(179,12): error TS2356: An arithmetic operand must be of type 'any', 'number', 'bigint' or an enum type.
lib/html-encoding-sniffer.ts(179,24): error TS2356: An arithmetic operand must be of type 'any', 'number', 'bigint' or an enum type.
lib/html-encoding-sniffer.ts(180,24): error TS2538: Type 'Number' cannot be used as an index type.
lib/html-encoding-sniffer.ts(182,30): error TS2345: Argument of type 'String' is not assignable to parameter of type 'Number'.
lib/html-encoding-sniffer.ts(190,9): error TS2367: This condition will always return 'false' since the types 'String' and 'number' have no overlap.
lib/html-encoding-sniffer.ts(190,23): error TS2367: This condition will always return 'false' since the types 'String' and 'number' have no overlap.
lib/html-encoding-sniffer.ts(192,12): error TS2356: An arithmetic operand must be of type 'any', 'number', 'bigint' or an enum type.
lib/html-encoding-sniffer.ts(192,24): error TS2356: An arithmetic operand must be of type 'any', 'number', 'bigint' or an enum type.
lib/html-encoding-sniffer.ts(193,24): error TS2538: Type 'Number' cannot be used as an index type.
lib/html-encoding-sniffer.ts(195,13): error TS2367: This condition will always return 'false' since the types 'String' and 'Number' have no overlap.
lib/html-encoding-sniffer.ts(196,11): error TS2356: An arithmetic operand must be of type 'any', 'number', 'bigint' or an enum type.
lib/html-encoding-sniffer.ts(201,13): error TS2365: Operator '>=' cannot be applied to types 'String' and 'number'.
lib/html-encoding-sniffer.ts(201,26): error TS2365: Operator '<=' cannot be applied to types 'String' and 'number'.
lib/html-encoding-sniffer.ts(202,40): error TS2365: Operator '+' cannot be applied to types 'String' and 'number'.
lib/html-encoding-sniffer.ts(204,40): error TS2345: Argument of type 'String' is not assignable to parameter of type 'number'.
lib/html-encoding-sniffer.ts(210,9): error TS2367: This condition will always return 'false' since the types 'String' and 'number' have no overlap.
lib/html-encoding-sniffer.ts(215,9): error TS2365: Operator '>=' cannot be applied to types 'String' and 'number'.
lib/html-encoding-sniffer.ts(215,22): error TS2365: Operator '<=' cannot be applied to types 'String' and 'number'.
lib/html-encoding-sniffer.ts(216,36): error TS2365: Operator '+' cannot be applied to types 'String' and 'number'.
lib/html-encoding-sniffer.ts(218,36): error TS2345: Argument of type 'String' is not assignable to parameter of type 'number'.
lib/html-encoding-sniffer.ts(221,10): error TS2356: An arithmetic operand must be of type 'any', 'number', 'bigint' or an enum type.
lib/html-encoding-sniffer.ts(221,22): error TS2356: An arithmetic operand must be of type 'any', 'number', 'bigint' or an enum type.
lib/html-encoding-sniffer.ts(222,22): error TS2538: Type 'Number' cannot be used as an index type.
lib/html-encoding-sniffer.ts(225,28): error TS2345: Argument of type 'String' is not assignable to parameter of type 'Number'.
lib/html-encoding-sniffer.ts(225,34): error TS2367: This condition will always return 'false' since the types 'String' and 'number' have no overlap.
lib/html-encoding-sniffer.ts(230,11): error TS2365: Operator '>=' cannot be applied to types 'String' and 'number'.
lib/html-encoding-sniffer.ts(230,24): error TS2365: Operator '<=' cannot be applied to types 'String' and 'number'.
lib/html-encoding-sniffer.ts(231,38): error TS2365: Operator '+' cannot be applied to types 'String' and 'number'.
lib/html-encoding-sniffer.ts(233,38): error TS2345: Argument of type 'String' is not assignable to parameter of type 'number'.
lib/html-encoding-sniffer.ts(240,51): error TS2314: Generic type 'Array<T>' requires 1 type argument(s).
lib/html-encoding-sniffer.ts(240,59): error TS2314: Generic type 'Array<T>' requires 1 type argument(s).
lib/html-encoding-sniffer.ts(246,9): error TS2367: This condition will always return 'false' since the types 'String' and 'number' have no overlap.
lib/html-encoding-sniffer.ts(249,31): error TS2365: Operator '+' cannot be applied to types 'Number' and 'String'.
lib/html-encoding-sniffer.ts(252,9): error TS2356: An arithmetic operand must be of type 'any', 'number', 'bigint' or an enum type.
lib/html-encoding-sniffer.ts(256,18): error TS2362: The left-hand side of an arithmetic operation must be of type 'any', 'number', 'bigint' or an enum type.
lib/html-encoding-sniffer.ts(260,7): error TS2356: An arithmetic operand must be of type 'any', 'number', 'bigint' or an enum type.
lib/html-encoding-sniffer.ts(263,9): error TS2356: An arithmetic operand must be of type 'any', 'number', 'bigint' or an enum type.
lib/html-encoding-sniffer.ts(271,64): error TS2365: Operator '+' cannot be applied to types 'Number' and 'number'.
lib/html-encoding-sniffer.ts(274,58): error TS2365: Operator '+' cannot be applied to types 'Number' and 'number'.
lib/html-encoding-sniffer.ts(281,25): error TS2365: Operator '+' cannot be applied to types 'Number' and 'number'.
lib/html-encoding-sniffer.ts(285,70): error TS2365: Operator '+' cannot be applied to types 'Number' and 'number'.
lib/html-encoding-sniffer.ts(286,23): error TS2367: This condition will always return 'false' since the types 'String' and 'number' have no overlap.
lib/html-encoding-sniffer.ts(288,5): error TS2365: Operator '+' cannot be applied to types 'Number' and 'String'.

