index.ts(13,9): error TS2322: Type 'boolean' is not assignable to type 'number'.
index.ts(13,81): error TS2339: Property 'parse' does not exist on type 'string'.
index.ts(17,10): error TS2339: Property 'code' does not exist on type 'Error'.
index.ts(39,8): error TS2339: Property 'code' does not exist on type 'Error'.
index.ts(40,8): error TS2339: Property 'errno' does not exist on type 'Error'.
index.ts(41,8): error TS2339: Property 'path' does not exist on type 'Error'.
index.ts(42,8): error TS2339: Property 'syscall' does not exist on type 'Error'.
index.ts(46,7): error TS2322: Type '(input: HTMLElement, options: object) => Promise<any>' is not assignable to type 'any[]'.
index.ts(50,44): error TS2339: Property 'fs' does not exist on type 'object'.
index.ts(51,41): error TS2339: Property 'fs' does not exist on type 'object'.
index.ts(53,42): error TS2339: Property 'fs' does not exist on type 'object'.
index.ts(53,58): error TS2339: Property 'mkdir' does not exist on type 'string'.
index.ts(54,27): error TS2339: Property 'resolve' does not exist on type 'string'.
index.ts(57,18): error TS2339: Property 'mode' does not exist on type 'object'.
index.ts(66,29): error TS2339: Property 'mode' does not exist on type 'object'.
index.ts(75,14): error TS2339: Property 'dirname' does not exist on type 'string'.
index.ts(83,21): error TS2339: Property 'dirname' does not exist on type 'string'.
index.ts(89,25): error TS2349: This expression is not callable.
  Type 'String' has no call signatures.
index.ts(101,19): error TS2339: Property 'resolve' does not exist on type 'string'.
index.ts(110,42): error TS2339: Property 'fs' does not exist on type 'object'.
index.ts(110,62): error TS2339: Property 'mkdirSync' does not exist on type 'string'.
index.ts(111,28): error TS2339: Property 'resolve' does not exist on type 'string'.
index.ts(113,6): error TS2339: Property 'mkdirSync' does not exist on type 'string'.
index.ts(114,18): error TS2339: Property 'mode' does not exist on type 'object'.
index.ts(123,12): error TS2339: Property 'fs' does not exist on type 'object'.
index.ts(123,38): error TS2339: Property 'mode' does not exist on type 'object'.
index.ts(130,14): error TS2339: Property 'dirname' does not exist on type 'string'.
index.ts(138,15): error TS2339: Property 'dirname' does not exist on type 'string'.
index.ts(143,18): error TS2339: Property 'fs' does not exist on type 'object'.
index.ts(154,19): error TS2339: Property 'resolve' does not exist on type 'string'.

