index.ts(55,7): error TS2322: Type 'RegExpExecArray | null' is not assignable to type 'Object'.
  Type 'null' is not assignable to type 'Object'.
index.ts(56,36): error TS7053: Element implicitly has an 'any' type because expression of type 'any' can't be used to index type 'Object'.
index.ts(56,39): error TS7053: Element implicitly has an 'any' type because expression of type '1' can't be used to index type 'Object'.
  Property '1' does not exist on type 'Object'.
index.ts(58,20): error TS2339: Property 'charset' does not exist on type 'HTMLElement'.
index.ts(59,17): error TS2339: Property 'charset' does not exist on type 'HTMLElement'.
index.ts(63,38): error TS7053: Element implicitly has an 'any' type because expression of type '1' can't be used to index type 'Object'.
  Property '1' does not exist on type 'Object'.
index.ts(64,5): error TS2322: Type 'string' is not assignable to type 'Boolean'.
index.ts(97,3): error TS2322: Type 'String' is not assignable to type 'Boolean'.
  The types returned by 'valueOf()' are incompatible between these types.
    Type 'string' is not assignable to type 'boolean'.
index.ts(113,7): error TS2322: Type 'RegExpExecArray | null' is not assignable to type 'Object'.
  Type 'null' is not assignable to type 'Object'.
index.ts(116,13): error TS2314: Generic type 'Array<T>' requires 1 type argument(s).
index.ts(116,49): error TS7053: Element implicitly has an 'any' type because expression of type '1' can't be used to index type 'Object'.
  Property '1' does not exist on type 'Object'.
index.ts(146,24): error TS2538: Type 'String' cannot be used as an index type.
index.ts(154,60): error TS2304: Cannot find name 'Void'.
index.ts(156,19): error TS2314: Generic type 'Array<T>' requires 1 type argument(s).
index.ts(158,68): error TS2304: Cannot find name 'Void'.
index.ts(159,32): error TS2538: Type 'String' cannot be used as an index type.
index.ts(160,15): error TS2314: Generic type 'Array<T>' requires 1 type argument(s).
index.ts(160,28): error TS2339: Property 'extensions' does not exist on type 'HTMLElement'.
index.ts(167,16): error TS2538: Type 'String' cannot be used as an index type.
index.ts(173,17): error TS2538: Type 'String' cannot be used as an index type.
index.ts(174,47): error TS7053: Element implicitly has an 'any' type because expression of type 'any' can't be used to index type 'Object'.
index.ts(174,56): error TS2538: Type 'String' cannot be used as an index type.
index.ts(175,50): error TS2339: Property 'source' does not exist on type 'HTMLElement'.
index.ts(177,19): error TS2538: Type 'String' cannot be used as an index type.
index.ts(178,47): error TS2538: Type 'String' cannot be used as an index type.
index.ts(185,13): error TS2538: Type 'String' cannot be used as an index type.

