build.ts(4,13): error TS2314: Generic type 'Array<T>' requires 1 type argument(s).
build.ts(7,5): error TS2403: Subsequent variable declarations must have the same type.  Variable 'crypto' must be of type 'Crypto', but here has type 'String'.
build.ts(9,13): error TS2314: Generic type 'Array<T>' requires 1 type argument(s).
build.ts(9,28): error TS2339: Property 'createHash' does not exist on type 'Crypto'.
build.ts(10,4): error TS2339: Property 'readdirSync' does not exist on type 'String'.
build.ts(11,20): error TS2339: Property 'readFileSync' does not exist on type 'String'.
build.ts(17,34): error TS2314: Generic type 'Array<T>' requires 1 type argument(s).
build.ts(18,13): error TS2538: Type 'String' cannot be used as an index type.
build.ts(18,33): error TS2538: Type 'String' cannot be used as an index type.
build.ts(19,16): error TS2538: Type 'String' cannot be used as an index type.
build.ts(19,43): error TS2356: An arithmetic operand must be of type 'any', 'number', 'bigint' or an enum type.
build.ts(22,21): error TS2314: Generic type 'Array<T>' requires 1 type argument(s).
build.ts(23,27): error TS2339: Property 'parse' does not exist on type 'String'.
build.ts(25,8): error TS2339: Property 'simple' does not exist on type 'String'.
build.ts(27,16): error TS2339: Property 'computed' does not exist on type 'Object'.
build.ts(28,16): error TS2339: Property 'property' does not exist on type 'Object'.
build.ts(29,16): error TS2339: Property 'property' does not exist on type 'Object'.
build.ts(30,20): error TS2339: Property 'property' does not exist on type 'Object'.
build.ts(30,44): error TS2339: Property 'property' does not exist on type 'Object'.
build.ts(33,46): error TS2304: Cannot find name 'Void'.
build.ts(34,23): error TS2339: Property 'start' does not exist on type 'Node'.
build.ts(34,39): error TS2339: Property 'end' does not exist on type 'Node'.
build.ts(37,14): error TS2339: Property 'start' does not exist on type 'Node'.
build.ts(42,4): error TS2339: Property 'mkdirSync' does not exist on type 'String'.
build.ts(43,4): error TS2339: Property 'readdirSync' does not exist on type 'String'.
build.ts(44,24): error TS2339: Property 'readFileSync' does not exist on type 'String'.
build.ts(46,6): error TS2339: Property 'writeFileSync' does not exist on type 'String'.
build.ts(50,4): error TS2339: Property 'mkdirSync' does not exist on type 'String'.
build.ts(51,4): error TS2339: Property 'readdirSync' does not exist on type 'String'.
build.ts(52,24): error TS2339: Property 'readFileSync' does not exist on type 'String'.
build.ts(55,6): error TS2339: Property 'writeFileSync' does not exist on type 'String'.
build.ts(59,4): error TS2339: Property 'mkdirSync' does not exist on type 'String'.
build.ts(60,4): error TS2339: Property 'readdirSync' does not exist on type 'String'.
build.ts(61,24): error TS2339: Property 'readFileSync' does not exist on type 'String'.
build.ts(65,6): error TS2339: Property 'writeFileSync' does not exist on type 'String'.
polyfill-done.ts(3,30): error TS2339: Property 'done' does not exist on type 'Promise<any>'.
polyfill-done.ts(4,21): error TS2339: Property 'done' does not exist on type 'Promise<any>'.
polyfill-done.ts(5,15): error TS2314: Generic type 'Promise<T>' requires 1 type argument(s).
polyfill-done.ts(5,66): error TS2345: Argument of type 'IArguments' is not assignable to parameter of type '[onfulfilled?: ((value: any) => unknown) | null | undefined, onrejected?: ((reason: any) => unknown) | null | undefined]'.
src/core.ts(3,5): error TS2403: Subsequent variable declarations must have the same type.  Variable 'asap' must be of type 'String', but here has type 'Function'.
src/core.ts(5,18): error TS2304: Cannot find name 'Void'.
src/core.ts(24,17): error TS2314: Generic type 'Array<T>' requires 1 type argument(s).
src/core.ts(25,5): error TS2739: Type '{}' is missing the following properties from type 'Number': toFixed, toExponential, toPrecision
src/core.ts(26,23): error TS2314: Generic type 'Promise<T>' requires 1 type argument(s).
src/core.ts(26,33): error TS2314: Generic type 'Array<T>' requires 1 type argument(s).
src/core.ts(35,47): error TS2304: Cannot find name 'Void'.
src/core.ts(43,58): error TS2304: Cannot find name 'Void'.
src/core.ts(54,31): error TS2304: Cannot find name 'Void'.
src/core.ts(55,14): error TS2683: 'this' implicitly has type 'any' because it does not have a type annotation.
src/core.ts(61,3): error TS2683: 'this' implicitly has type 'any' because it does not have a type annotation.
src/core.ts(62,3): error TS2683: 'this' implicitly has type 'any' because it does not have a type annotation.
src/core.ts(63,3): error TS2683: 'this' implicitly has type 'any' because it does not have a type annotation.
src/core.ts(64,3): error TS2683: 'this' implicitly has type 'any' because it does not have a type annotation.
src/core.ts(66,17): error TS2683: 'this' implicitly has type 'any' because it does not have a type annotation.
src/core.ts(68,9): error TS2339: Property '_onHandle' does not exist on type 'PromiseConstructor'.
src/core.ts(69,9): error TS2339: Property '_onReject' does not exist on type 'PromiseConstructor'.
src/core.ts(70,9): error TS2339: Property '_noop' does not exist on type 'PromiseConstructor'.
src/core.ts(72,1): error TS2322: Type '<TResult1 = any, TResult2 = never>(onFulfilled: Number, onRejected: Number) => any' is not assignable to type '<TResult1 = any, TResult2 = never>(onfulfilled?: ((value: any) => TResult1 | PromiseLike<TResult1>) | null | undefined, onrejected?: ((reason: any) => TResult2 | PromiseLike<...>) | null | undefined) => Promise<...>'.
  Types of parameters 'onFulfilled' and 'onfulfilled' are incompatible.
    Type '((value: any) => TResult1 | PromiseLike<TResult1>) | null | undefined' is not assignable to type 'Number'.
      Type 'undefined' is not assignable to type 'Number'.
src/core.ts(76,7): error TS2740: Type 'Promise<unknown>' is missing the following properties from type 'String': charAt, charCodeAt, concat, indexOf, and 44 more.
src/core.ts(77,10): error TS2345: Argument of type 'Promise<any>' is not assignable to parameter of type 'HTMLElement'.
  Type 'Promise<any>' is missing the following properties from type 'HTMLElement': accessKey, accessKeyLabel, autocapitalize, dir, and 277 more.
src/core.ts(77,16): error TS7009: 'new' expression, whose target lacks a construct signature, implicitly has an 'any' type.
src/core.ts(77,28): error TS2345: Argument of type 'Number' is not assignable to parameter of type 'String'.
src/core.ts(81,75): error TS2314: Generic type 'Promise<T>' requires 1 type argument(s).
src/core.ts(82,14): error TS2351: This expression is not constructable.
  Type 'Function' has no construct signatures.
src/core.ts(83,14): error TS2314: Generic type 'Promise<T>' requires 1 type argument(s).
src/core.ts(85,12): error TS2345: Argument of type 'Object' is not assignable to parameter of type 'HTMLElement'.
  The 'Object' type is assignable to very few other types. Did you mean to use the 'any' type instead?
src/core.ts(85,18): error TS7009: 'new' expression, whose target lacks a construct signature, implicitly has an 'any' type.
src/core.ts(85,30): error TS2345: Argument of type 'Number' is not assignable to parameter of type 'String'.
src/core.ts(88,46): error TS2314: Generic type 'Array<T>' requires 1 type argument(s).
src/core.ts(88,54): error TS2304: Cannot find name 'Void'.
src/core.ts(89,15): error TS2339: Property '_state' does not exist on type 'HTMLElement'.
src/core.ts(90,17): error TS2339: Property '_value' does not exist on type 'HTMLElement'.
src/core.ts(92,15): error TS2339: Property '_onHandle' does not exist on type 'PromiseConstructor'.
src/core.ts(93,13): error TS2339: Property '_onHandle' does not exist on type 'PromiseConstructor'.
src/core.ts(95,12): error TS2339: Property '_state' does not exist on type 'HTMLElement'.
src/core.ts(96,14): error TS2339: Property '_deferredState' does not exist on type 'HTMLElement'.
src/core.ts(97,12): error TS2339: Property '_deferredState' does not exist on type 'HTMLElement'.
src/core.ts(98,12): error TS2339: Property '_deferreds' does not exist on type 'HTMLElement'.
src/core.ts(101,14): error TS2339: Property '_deferredState' does not exist on type 'HTMLElement'.
src/core.ts(102,12): error TS2339: Property '_deferredState' does not exist on type 'HTMLElement'.
src/core.ts(103,12): error TS2339: Property '_deferreds' does not exist on type 'HTMLElement'.
src/core.ts(103,31): error TS2339: Property '_deferreds' does not exist on type 'HTMLElement'.
src/core.ts(106,10): error TS2339: Property '_deferreds' does not exist on type 'HTMLElement'.
src/core.ts(112,68): error TS2304: Cannot find name 'Void'.
src/core.ts(113,3): error TS2349: This expression is not callable.
  Type 'String' has no call signatures.
src/core.ts(114,27): error TS2339: Property '_state' does not exist on type 'HTMLElement'.
src/core.ts(114,51): error TS2339: Property 'onFulfilled' does not exist on type 'HTMLElement'.
src/core.ts(114,74): error TS2339: Property 'onRejected' does not exist on type 'HTMLElement'.
src/core.ts(116,16): error TS2339: Property '_state' does not exist on type 'HTMLElement'.
src/core.ts(117,26): error TS2339: Property 'promise' does not exist on type 'HTMLElement'.
src/core.ts(117,40): error TS2339: Property '_value' does not exist on type 'HTMLElement'.
src/core.ts(119,25): error TS2339: Property 'promise' does not exist on type 'HTMLElement'.
src/core.ts(119,39): error TS2339: Property '_value' does not exist on type 'HTMLElement'.
src/core.ts(123,34): error TS2345: Argument of type 'String' is not assignable to parameter of type 'Function'.
src/core.ts(123,43): error TS2339: Property '_value' does not exist on type 'HTMLElement'.
src/core.ts(125,23): error TS2339: Property 'promise' does not exist on type 'HTMLElement'.
src/core.ts(127,24): error TS2339: Property 'promise' does not exist on type 'HTMLElement'.
src/core.ts(127,33): error TS2345: Argument of type 'Number' is not assignable to parameter of type 'String'.
  Type 'Number' is missing the following properties from type 'String': charAt, charCodeAt, concat, indexOf, and 44 more.
src/core.ts(131,51): error TS2366: Function lacks ending return statement and return type does not include 'undefined'.
src/core.ts(136,7): error TS2345: Argument of type 'TypeError' is not assignable to parameter of type 'Number'.
  Type 'TypeError' is missing the following properties from type 'Number': toFixed, toExponential, toPrecision
src/core.ts(144,9): error TS2367: This condition will always return 'false' since the types 'Function' and 'Number' have no overlap.
src/core.ts(148,21): error TS2339: Property 'then' does not exist on type 'Object'.
src/core.ts(151,12): error TS2339: Property '_state' does not exist on type 'Object'.
src/core.ts(152,12): error TS2339: Property '_value' does not exist on type 'Object'.
src/core.ts(153,14): error TS2345: Argument of type 'Object' is not assignable to parameter of type 'HTMLElement'.
  The 'Object' type is assignable to very few other types. Did you mean to use the 'any' type instead?
    Type 'Object' is missing the following properties from type 'HTMLElement': accessKey, accessKeyLabel, autocapitalize, dir, and 277 more.
src/core.ts(154,7): error TS2322: Type 'undefined' is not assignable to type 'String'.
src/core.ts(157,7): error TS2322: Type 'undefined' is not assignable to type 'String'.
src/core.ts(160,8): error TS2339: Property '_state' does not exist on type 'Object'.
src/core.ts(161,8): error TS2339: Property '_value' does not exist on type 'Object'.
src/core.ts(162,10): error TS2345: Argument of type 'Object' is not assignable to parameter of type 'HTMLElement'.
  The 'Object' type is assignable to very few other types. Did you mean to use the 'any' type instead?
src/core.ts(165,50): error TS2304: Cannot find name 'Void'.
src/core.ts(166,8): error TS2339: Property '_state' does not exist on type 'Object'.
src/core.ts(167,8): error TS2339: Property '_value' does not exist on type 'Object'.
src/core.ts(168,15): error TS2339: Property '_onReject' does not exist on type 'PromiseConstructor'.
src/core.ts(169,13): error TS2339: Property '_onReject' does not exist on type 'PromiseConstructor'.
src/core.ts(171,10): error TS2345: Argument of type 'Object' is not assignable to parameter of type 'HTMLElement'.
  The 'Object' type is assignable to very few other types. Did you mean to use the 'any' type instead?
src/core.ts(173,37): error TS2304: Cannot find name 'Void'.
src/core.ts(174,12): error TS2339: Property '_deferredState' does not exist on type 'HTMLElement'.
src/core.ts(175,23): error TS2339: Property '_deferreds' does not exist on type 'HTMLElement'.
src/core.ts(176,10): error TS2339: Property '_deferreds' does not exist on type 'HTMLElement'.
src/core.ts(178,12): error TS2339: Property '_deferredState' does not exist on type 'HTMLElement'.
src/core.ts(179,30): error TS2339: Property '_deferreds' does not exist on type 'HTMLElement'.
src/core.ts(180,25): error TS2339: Property '_deferreds' does not exist on type 'HTMLElement'.
src/core.ts(182,10): error TS2339: Property '_deferreds' does not exist on type 'HTMLElement'.
src/core.ts(186,77): error TS2304: Cannot find name 'Void'.
src/core.ts(187,3): error TS2683: 'this' implicitly has type 'any' because it does not have a type annotation.
src/core.ts(188,3): error TS2683: 'this' implicitly has type 'any' because it does not have a type annotation.
src/core.ts(189,3): error TS2683: 'this' implicitly has type 'any' because it does not have a type annotation.
src/core.ts(198,50): error TS2304: Cannot find name 'Void'.
src/core.ts(200,32): error TS2345: Argument of type 'String' is not assignable to parameter of type 'Function'.
  Type 'String' is missing the following properties from type 'Function': apply, call, bind, prototype, and 5 more.
src/core.ts(207,21): error TS2345: Argument of type 'String' is not assignable to parameter of type 'Number'.
  Type 'String' is missing the following properties from type 'Number': toFixed, toExponential, toPrecision
src/done.ts(6,19): error TS2339: Property 'done' does not exist on type 'Promise<any>'.
src/done.ts(7,13): error TS2314: Generic type 'Promise<T>' requires 1 type argument(s).
src/done.ts(7,64): error TS2345: Argument of type 'IArguments' is not assignable to parameter of type '[onfulfilled?: ((value: any) => unknown) | null | undefined, onrejected?: ((reason: any) => unknown) | null | undefined]'.
src/es6-extensions.ts(11,11): error TS2314: Generic type 'Array<T>' requires 1 type argument(s).
src/es6-extensions.ts(11,32): error TS2345: Argument of type 'boolean' is not assignable to parameter of type 'String'.
src/es6-extensions.ts(12,12): error TS2314: Generic type 'Array<T>' requires 1 type argument(s).
src/es6-extensions.ts(12,33): error TS2345: Argument of type 'boolean' is not assignable to parameter of type 'String'.
src/es6-extensions.ts(13,11): error TS2314: Generic type 'Array<T>' requires 1 type argument(s).
src/es6-extensions.ts(13,32): error TS2345: Argument of type 'null' is not assignable to parameter of type 'String'.
src/es6-extensions.ts(14,16): error TS2314: Generic type 'Array<T>' requires 1 type argument(s).
src/es6-extensions.ts(14,37): error TS2345: Argument of type 'undefined' is not assignable to parameter of type 'String'.
src/es6-extensions.ts(15,11): error TS2314: Generic type 'Array<T>' requires 1 type argument(s).
src/es6-extensions.ts(15,32): error TS2345: Argument of type 'number' is not assignable to parameter of type 'String'.
src/es6-extensions.ts(16,18): error TS2314: Generic type 'Array<T>' requires 1 type argument(s).
src/es6-extensions.ts(19,7): error TS2740: Type 'Promise<unknown>' is missing the following properties from type 'HTMLElement': accessKey, accessKeyLabel, autocapitalize, dir, and 277 more.
src/es6-extensions.ts(19,44): error TS2339: Property '_noop' does not exist on type 'PromiseConstructor'.
src/es6-extensions.ts(20,5): error TS2339: Property '_state' does not exist on type 'HTMLElement'.
src/es6-extensions.ts(21,5): error TS2339: Property '_value' does not exist on type 'HTMLElement'.
src/es6-extensions.ts(22,3): error TS2740: Type 'HTMLElement' is missing the following properties from type 'String': charAt, charCodeAt, concat, indexOf, and 43 more.
src/es6-extensions.ts(24,1): error TS2322: Type '<T>(value: any) => any' is not assignable to type '{ (): Promise<void>; <T>(value: T | PromiseLike<T>): Promise<T>; }'.
src/es6-extensions.ts(24,36): error TS2314: Generic type 'Array<T>' requires 1 type argument(s).
src/es6-extensions.ts(61,1): error TS2322: Type '(arr: any) => Promise<unknown>' is not assignable to type '{ <T>(values: Iterable<T | PromiseLike<T>>): Promise<Awaited<T>[]>; <T extends [] | readonly unknown[]>(values: T): Promise<{ -readonly [P in keyof T]: Awaited<T[P]>; }>; }'.
  Type 'Promise<unknown>' is not assignable to type 'Promise<any[]>'.
    Type 'unknown' is not assignable to type 'any[]'.
src/es6-extensions.ts(61,30): error TS2314: Generic type 'Array<T>' requires 1 type argument(s).
src/es6-extensions.ts(62,13): error TS2314: Generic type 'Array<T>' requires 1 type argument(s).
src/es6-extensions.ts(67,43): error TS2366: Function lacks ending return statement and return type does not include 'undefined'.
src/es6-extensions.ts(70,22): error TS2339: Property '_state' does not exist on type 'Object'.
src/es6-extensions.ts(71,23): error TS2339: Property '_value' does not exist on type 'Object'.
src/es6-extensions.ts(73,19): error TS2339: Property '_state' does not exist on type 'Object'.
src/es6-extensions.ts(73,51): error TS2339: Property '_value' does not exist on type 'Object'.
src/es6-extensions.ts(74,19): error TS2339: Property '_state' does not exist on type 'Object'.
src/es6-extensions.ts(74,44): error TS2339: Property '_value' does not exist on type 'Object'.
src/es6-extensions.ts(75,15): error TS2339: Property 'then' does not exist on type 'Object'.
src/es6-extensions.ts(78,11): error TS2322: Type 'undefined' is not assignable to type 'String'.
src/es6-extensions.ts(80,36): error TS2339: Property 'then' does not exist on type 'Object'.
src/es6-extensions.ts(82,20): error TS2314: Generic type 'Promise<T>' requires 1 type argument(s).
src/es6-extensions.ts(86,13): error TS2322: Type 'undefined' is not assignable to type 'String'.
src/es6-extensions.ts(91,13): error TS2356: An arithmetic operand must be of type 'any', 'number', 'bigint' or an enum type.
src/es6-extensions.ts(96,11): error TS2345: Argument of type 'number' is not assignable to parameter of type 'String'.
src/es6-extensions.ts(107,30): error TS2314: Generic type 'Array<T>' requires 1 type argument(s).
src/es6-extensions.ts(107,38): error TS2314: Generic type 'Promise<T>' requires 1 type argument(s).
src/es6-extensions.ts(114,48): error TS2345: Argument of type '(value: String) => Object' is not assignable to parameter of type '(value: unknown) => Object | PromiseLike<Object>'.
  Types of parameters 'value' and 'value' are incompatible.
    Type 'unknown' is not assignable to type 'String'.
src/es6-extensions.ts(130,34): error TS2314: Generic type 'Array<T>' requires 1 type argument(s).
src/es6-extensions.ts(131,22): error TS2345: Argument of type '(resolve: Function, reject: String) => void' is not assignable to parameter of type '(resolve: (value: unknown) => void, reject: (reason?: any) => void) => void'.
  Types of parameters 'reject' and 'reject' are incompatible.
    Type '(reason?: any) => void' is not assignable to type 'String'.
src/es6-extensions.ts(133,35): error TS2345: Argument of type 'Function' is not assignable to parameter of type '(value: String) => String | PromiseLike<String>'.
  Type 'Function' provides no match for the signature '(value: String): String | PromiseLike<String>'.
src/es6-extensions.ts(140,1): error TS2322: Type '<TResult = never>(onRejected: String) => Promise<any>' is not assignable to type '<TResult = never>(onrejected?: ((reason: any) => TResult | PromiseLike<TResult>) | null | undefined) => Promise<any>'.
  Types of parameters 'onRejected' and 'onrejected' are incompatible.
    Type '((reason: any) => TResult | PromiseLike<TResult>) | null | undefined' is not assignable to type 'String'.
      Type 'undefined' is not assignable to type 'String'.
src/es6-extensions.ts(141,26): error TS2345: Argument of type 'String' is not assignable to parameter of type '(reason: any) => any'.
  Type 'String' provides no match for the signature '(reason: any): any'.
src/finally.ts(3,14): error TS2314: Generic type 'Array<T>' requires 1 type argument(s).
src/finally.ts(6,1): error TS2322: Type '(f: Function) => Promise<String>' is not assignable to type '(onfinally?: (() => void) | null | undefined) => Promise<any>'.
  Types of parameters 'f' and 'onfinally' are incompatible.
    Type '(() => void) | null | undefined' is not assignable to type 'Function'.
      Type 'undefined' is not assignable to type 'Function'.
src/node-extensions.ts(6,14): error TS2314: Generic type 'Array<T>' requires 1 type argument(s).
src/node-extensions.ts(7,5): error TS2403: Subsequent variable declarations must have the same type.  Variable 'asap' must be of type 'String', but here has type 'Function'.
src/node-extensions.ts(13,9): error TS2339: Property 'denodeify' does not exist on type 'PromiseConstructor'.
src/node-extensions.ts(29,13): error TS2314: Generic type 'Array<T>' requires 1 type argument(s).
src/node-extensions.ts(38,35): error TS2769: No overload matches this call.
  Overload 1 of 2, '(...items: ConcatArray<string>[]): string[]', gave the following error.
    Type 'String' is not assignable to type 'string'.
      'string' is a primitive, but 'String' is a wrapper object. Prefer using 'string' when possible.
  Overload 2 of 2, '(...items: (string | ConcatArray<string>)[]): string[]', gave the following error.
    Type 'String' is not assignable to type 'string'.
      'string' is a primitive, but 'String' is a wrapper object. Prefer using 'string' when possible.
src/node-extensions.ts(47,19): error TS2345: Argument of type 'string[]' is not assignable to parameter of type 'string'.
src/node-extensions.ts(49,36): error TS2314: Generic type 'Array<T>' requires 1 type argument(s).
src/node-extensions.ts(51,13): error TS2314: Generic type 'Array<T>' requires 1 type argument(s).
src/node-extensions.ts(91,5): error TS2345: Argument of type 'string[]' is not assignable to parameter of type 'string'.
src/node-extensions.ts(96,9): error TS2339: Property 'nodeify' does not exist on type 'PromiseConstructor'.
src/node-extensions.ts(98,15): error TS2314: Generic type 'Array<T>' requires 1 type argument(s).
src/node-extensions.ts(101,14): error TS2314: Generic type 'Array<T>' requires 1 type argument(s).
src/node-extensions.ts(101,22): error TS2683: 'this' implicitly has type 'any' because it does not have a type annotation.
src/node-extensions.ts(103,23): error TS2683: 'this' implicitly has type 'any' because it does not have a type annotation.
src/node-extensions.ts(110,9): error TS2349: This expression is not callable.
  Type 'String' has no call signatures.
src/node-extensions.ts(111,20): error TS2339: Property 'call' does not exist on type 'String'.
src/node-extensions.ts(118,19): error TS2339: Property 'nodeify' does not exist on type 'Promise<any>'.
src/node-extensions.ts(122,5): error TS2349: This expression is not callable.
  Type 'String' has no call signatures.
src/node-extensions.ts(126,5): error TS2349: This expression is not callable.
  Type 'String' has no call signatures.
src/rejection-tracking.ts(5,24): error TS2314: Generic type 'Array<T>' requires 1 type argument(s).
src/rejection-tracking.ts(13,21): error TS2304: Cannot find name 'Void'.
src/rejection-tracking.ts(15,11): error TS2339: Property '_onHandle' does not exist on type 'PromiseConstructor'.
src/rejection-tracking.ts(16,11): error TS2339: Property '_onReject' does not exist on type 'PromiseConstructor'.
src/rejection-tracking.ts(20,40): error TS2304: Cannot find name 'Void'.
src/rejection-tracking.ts(27,11): error TS2339: Property '_onHandle' does not exist on type 'PromiseConstructor'.
src/rejection-tracking.ts(29,15): error TS2339: Property '_state' does not exist on type 'HTMLElement'.
src/rejection-tracking.ts(30,7): error TS7053: Element implicitly has an 'any' type because expression of type 'any' can't be used to index type 'Object'.
src/rejection-tracking.ts(30,26): error TS2339: Property '_rejectionId' does not exist on type 'HTMLElement'.
src/rejection-tracking.ts(32,11): error TS7053: Element implicitly has an 'any' type because expression of type 'any' can't be used to index type 'Object'.
src/rejection-tracking.ts(32,30): error TS2339: Property '_rejectionId' does not exist on type 'HTMLElement'.
src/rejection-tracking.ts(33,27): error TS2339: Property '_rejectionId' does not exist on type 'HTMLElement'.
src/rejection-tracking.ts(35,22): error TS7053: Element implicitly has an 'any' type because expression of type 'any' can't be used to index type 'Object'.
src/rejection-tracking.ts(35,41): error TS2339: Property '_rejectionId' does not exist on type 'HTMLElement'.
src/rejection-tracking.ts(37,14): error TS7053: Element implicitly has an 'any' type because expression of type 'any' can't be used to index type 'Object'.
src/rejection-tracking.ts(37,33): error TS2339: Property '_rejectionId' does not exist on type 'HTMLElement'.
src/rejection-tracking.ts(40,11): error TS2339: Property '_onReject' does not exist on type 'PromiseConstructor'.
src/rejection-tracking.ts(41,17): error TS2339: Property '_deferredState' does not exist on type 'HTMLElement'.
src/rejection-tracking.ts(42,15): error TS2339: Property '_rejectionId' does not exist on type 'HTMLElement'.
src/rejection-tracking.ts(42,30): error TS2356: An arithmetic operand must be of type 'any', 'number', 'bigint' or an enum type.
src/rejection-tracking.ts(43,7): error TS7053: Element implicitly has an 'any' type because expression of type 'any' can't be used to index type 'Object'.
src/rejection-tracking.ts(43,26): error TS2339: Property '_rejectionId' does not exist on type 'HTMLElement'.
src/rejection-tracking.ts(47,42): error TS2339: Property '_rejectionId' does not exist on type 'HTMLElement'.
src/rejection-tracking.ts(60,37): error TS2304: Cannot find name 'Void'.
src/rejection-tracking.ts(62,15): error TS2339: Property 'allRejections' does not exist on type 'HTMLElement'.
src/rejection-tracking.ts(64,20): error TS2538: Type 'String' cannot be used as an index type.
src/rejection-tracking.ts(65,17): error TS2339: Property 'whitelist' does not exist on type 'HTMLElement'.
src/rejection-tracking.ts(68,18): error TS2538: Type 'String' cannot be used as an index type.
src/rejection-tracking.ts(68,34): error TS2356: An arithmetic operand must be of type 'any', 'number', 'bigint' or an enum type.
src/rejection-tracking.ts(69,19): error TS2339: Property 'onUnhandled' does not exist on type 'HTMLElement'.
src/rejection-tracking.ts(70,20): error TS2538: Type 'String' cannot be used as an index type.
src/rejection-tracking.ts(71,17): error TS2339: Property 'onUnhandled' does not exist on type 'HTMLElement'.
src/rejection-tracking.ts(72,22): error TS2538: Type 'String' cannot be used as an index type.
src/rejection-tracking.ts(73,22): error TS2538: Type 'String' cannot be used as an index type.
src/rejection-tracking.ts(76,20): error TS2538: Type 'String' cannot be used as an index type.
src/rejection-tracking.ts(78,22): error TS2538: Type 'String' cannot be used as an index type.
src/rejection-tracking.ts(79,22): error TS2538: Type 'String' cannot be used as an index type.
src/rejection-tracking.ts(84,35): error TS2304: Cannot find name 'Void'.
src/rejection-tracking.ts(85,20): error TS2538: Type 'String' cannot be used as an index type.
src/rejection-tracking.ts(86,19): error TS2339: Property 'onHandled' does not exist on type 'HTMLElement'.
src/rejection-tracking.ts(87,17): error TS2339: Property 'onHandled' does not exist on type 'HTMLElement'.
src/rejection-tracking.ts(87,38): error TS2538: Type 'String' cannot be used as an index type.
src/rejection-tracking.ts(87,64): error TS2538: Type 'String' cannot be used as an index type.
src/rejection-tracking.ts(88,30): error TS2538: Type 'String' cannot be used as an index type.
src/rejection-tracking.ts(90,58): error TS2538: Type 'String' cannot be used as an index type.
src/rejection-tracking.ts(94,22): error TS2538: Type 'String' cannot be used as an index type.
src/rejection-tracking.ts(101,46): error TS2304: Cannot find name 'Void'.
src/rejection-tracking.ts(109,46): error TS2314: Generic type 'Array<T>' requires 1 type argument(s).
src/rejection-tracking.ts(111,29): error TS2359: The right-hand side of an 'instanceof' expression must be of type 'any' or of a type assignable to the 'Function' interface type.
src/synchronous.ts(6,9): error TS2339: Property 'enableSynchronous' does not exist on type 'PromiseConstructor'.
src/synchronous.ts(7,21): error TS2339: Property 'isPending' does not exist on type 'Promise<any>'.
src/synchronous.ts(8,17): error TS2339: Property 'getState' does not exist on type 'Promise<any>'.
src/synchronous.ts(11,21): error TS2339: Property 'isFulfilled' does not exist on type 'Promise<any>'.
src/synchronous.ts(12,17): error TS2339: Property 'getState' does not exist on type 'Promise<any>'.
src/synchronous.ts(15,21): error TS2339: Property 'isRejected' does not exist on type 'Promise<any>'.
src/synchronous.ts(16,17): error TS2339: Property 'getState' does not exist on type 'Promise<any>'.
src/synchronous.ts(19,21): error TS2339: Property 'getValue' does not exist on type 'Promise<any>'.
src/synchronous.ts(20,14): error TS2339: Property '_state' does not exist on type 'Promise<any>'.
src/synchronous.ts(21,19): error TS2339: Property '_value' does not exist on type 'Promise<any>'.
src/synchronous.ts(24,15): error TS2339: Property 'isFulfilled' does not exist on type 'Promise<any>'.
src/synchronous.ts(28,17): error TS2339: Property '_value' does not exist on type 'Promise<any>'.
src/synchronous.ts(31,21): error TS2339: Property 'getReason' does not exist on type 'Promise<any>'.
src/synchronous.ts(32,14): error TS2339: Property '_state' does not exist on type 'Promise<any>'.
src/synchronous.ts(33,19): error TS2339: Property '_value' does not exist on type 'Promise<any>'.
src/synchronous.ts(36,15): error TS2339: Property 'isRejected' does not exist on type 'Promise<any>'.
src/synchronous.ts(40,17): error TS2339: Property '_value' does not exist on type 'Promise<any>'.
src/synchronous.ts(43,21): error TS2339: Property 'getState' does not exist on type 'Promise<any>'.
src/synchronous.ts(44,14): error TS2339: Property '_state' does not exist on type 'Promise<any>'.
src/synchronous.ts(45,19): error TS2339: Property '_value' does not exist on type 'Promise<any>'.
src/synchronous.ts(47,14): error TS2339: Property '_state' does not exist on type 'Promise<any>'.
src/synchronous.ts(47,36): error TS2339: Property '_state' does not exist on type 'Promise<any>'.
src/synchronous.ts(51,17): error TS2339: Property '_state' does not exist on type 'Promise<any>'.
src/synchronous.ts(55,9): error TS2339: Property 'disableSynchronous' does not exist on type 'PromiseConstructor'.
src/synchronous.ts(56,21): error TS2339: Property 'isPending' does not exist on type 'Promise<any>'.
src/synchronous.ts(57,21): error TS2339: Property 'isFulfilled' does not exist on type 'Promise<any>'.
src/synchronous.ts(58,21): error TS2339: Property 'isRejected' does not exist on type 'Promise<any>'.
src/synchronous.ts(59,21): error TS2339: Property 'getValue' does not exist on type 'Promise<any>'.
src/synchronous.ts(60,21): error TS2339: Property 'getReason' does not exist on type 'Promise<any>'.
src/synchronous.ts(61,21): error TS2339: Property 'getState' does not exist on type 'Promise<any>'.

