docs/scripts/linenumber.ts(7,16): error TS2314: Generic type 'Array<T>' requires 1 type argument(s).
docs/scripts/linenumber.ts(11,19): error TS7053: Element implicitly has an 'any' type because expression of type '0' can't be used to index type 'Object'.
  Property '0' does not exist on type 'Object'.
docs/scripts/linenumber.ts(13,17): error TS7053: Element implicitly has an 'any' type because expression of type '0' can't be used to index type 'Object'.
  Property '0' does not exist on type 'Object'.
docs/scripts/linenumber.ts(16,32): error TS2356: An arithmetic operand must be of type 'any', 'number', 'bigint' or an enum type.
docs/scripts/linenumber.ts(17,13): error TS2356: An arithmetic operand must be of type 'any', 'number', 'bigint' or an enum type.
docs/scripts/prettify/lang-css.ts(1,1): error TS2304: Cannot find name 'PR'.
docs/scripts/prettify/lang-css.ts(1,24): error TS2304: Cannot find name 'PR'.
docs/scripts/prettify/lang-css.ts(2,184): error TS2304: Cannot find name 'PR'.
docs/scripts/prettify/lang-css.ts(2,207): error TS2304: Cannot find name 'PR'.
docs/scripts/prettify/lang-css.ts(2,309): error TS2304: Cannot find name 'PR'.
docs/scripts/prettify/lang-css.ts(2,332): error TS2304: Cannot find name 'PR'.
docs/scripts/prettify/prettify.ts(1,5): error TS2322: Type 'null' is not assignable to type 'String'.
docs/scripts/prettify/prettify.ts(1,27): error TS2339: Property 'PR_SHOULD_USE_CONTINUATION' does not exist on type 'Window & typeof globalThis'.
docs/scripts/prettify/prettify.ts(2,27): error TS2314: Generic type 'Array<T>' requires 1 type argument(s).
docs/scripts/prettify/prettify.ts(2,93): error TS2339: Property 'charCodeAt' does not exist on type 'HTMLElement'.
docs/scripts/prettify/prettify.ts(2,142): error TS2339: Property 'charAt' does not exist on type 'HTMLElement'.
docs/scripts/prettify/prettify.ts(2,163): error TS2538: Type 'Number' cannot be used as an index type.
docs/scripts/prettify/prettify.ts(2,169): error TS2365: Operator '<=' cannot be applied to types 'string' and 'Number'.
docs/scripts/prettify/prettify.ts(2,177): error TS2365: Operator '<=' cannot be applied to types 'Number' and 'string'.
docs/scripts/prettify/prettify.ts(2,195): error TS2339: Property 'substring' does not exist on type 'HTMLElement'.
docs/scripts/prettify/prettify.ts(2,211): error TS2367: This condition will always return 'false' since the types 'Number' and 'string' have no overlap.
docs/scripts/prettify/prettify.ts(2,220): error TS2367: This condition will always return 'false' since the types 'Number' and 'string' have no overlap.
docs/scripts/prettify/prettify.ts(2,239): error TS2339: Property 'substring' does not exist on type 'HTMLElement'.
docs/scripts/prettify/prettify.ts(2,258): error TS2339: Property 'charCodeAt' does not exist on type 'HTMLElement'.
docs/scripts/prettify/prettify.ts(2,351): error TS2322: Type 'string' is not assignable to type 'Number'.
docs/scripts/prettify/prettify.ts(2,373): error TS2345: Argument of type 'Number' is not assignable to parameter of type 'number'.
  'number' is a primitive, but 'Number' is a wrapper object. Prefer using 'number' when possible.
docs/scripts/prettify/prettify.ts(2,379): error TS2367: This condition will always return 'false' since the types 'Number' and 'string' have no overlap.
docs/scripts/prettify/prettify.ts(2,389): error TS2367: This condition will always return 'false' since the types 'Number' and 'string' have no overlap.
docs/scripts/prettify/prettify.ts(2,398): error TS2367: This condition will always return 'false' since the types 'Number' and 'string' have no overlap.
docs/scripts/prettify/prettify.ts(2,407): error TS2367: This condition will always return 'false' since the types 'Number' and 'string' have no overlap.
docs/scripts/prettify/prettify.ts(2,415): error TS2322: Type 'string' is not assignable to type 'Number'.
docs/scripts/prettify/prettify.ts(2,424): error TS2740: Type 'Number' is missing the following properties from type 'String': charAt, charCodeAt, concat, indexOf, and 43 more.
docs/scripts/prettify/prettify.ts(2,477): error TS2339: Property 'substring' does not exist on type 'Function'.
docs/scripts/prettify/prettify.ts(2,591): error TS2403: Subsequent variable declarations must have the same type.  Variable 'a' must be of type 'Function', but here has type 'any[]'.
docs/scripts/prettify/prettify.ts(3,89): error TS2345: Argument of type 'String' is not assignable to parameter of type 'string'.
  'string' is a primitive, but 'String' is a wrapper object. Prefer using 'string' when possible.
docs/scripts/prettify/prettify.ts(3,94): error TS2339: Property 'push' does not exist on type 'Function'.
docs/scripts/prettify/prettify.ts(3,111): error TS2403: Subsequent variable declarations must have the same type.  Variable 'j' must be of type 'String', but here has type 'Number'.
docs/scripts/prettify/prettify.ts(3,123): error TS2345: Argument of type 'String' is not assignable to parameter of type 'HTMLElement'.
  Type 'String' is missing the following properties from type 'HTMLElement': accessKey, accessKeyLabel, autocapitalize, dir, and 276 more.
docs/scripts/prettify/prettify.ts(3,175): error TS2739: Type 'String' is missing the following properties from type 'Number': toFixed, toExponential, toPrecision
docs/scripts/prettify/prettify.ts(3,199): error TS2365: Operator '>' cannot be applied to types 'String' and 'number'.
docs/scripts/prettify/prettify.ts(3,213): error TS2365: Operator '>' cannot be applied to types 'String' and 'number'.
docs/scripts/prettify/prettify.ts(3,239): error TS2345: Argument of type 'String' is not assignable to parameter of type 'number'.
docs/scripts/prettify/prettify.ts(3,254): error TS2345: Argument of type 'Number' is not assignable to parameter of type 'number'.
  'number' is a primitive, but 'Number' is a wrapper object. Prefer using 'number' when possible.
docs/scripts/prettify/prettify.ts(3,271): error TS2365: Operator '>' cannot be applied to types 'String' and 'number'.
docs/scripts/prettify/prettify.ts(3,298): error TS2345: Argument of type 'String' is not assignable to parameter of type 'number'.
docs/scripts/prettify/prettify.ts(3,314): error TS2345: Argument of type 'Number' is not assignable to parameter of type 'number'.
  'number' is a primitive, but 'Number' is a wrapper object. Prefer using 'number' when possible.
docs/scripts/prettify/prettify.ts(3,348): error TS2314: Generic type 'Promise<T>' requires 1 type argument(s).
docs/scripts/prettify/prettify.ts(3,359): error TS2314: Generic type 'Promise<T>' requires 1 type argument(s).
docs/scripts/prettify/prettify.ts(3,406): error TS2322: Type 'number' is not assignable to type 'string'.
docs/scripts/prettify/prettify.ts(3,410): error TS2322: Type 'number' is not assignable to type 'string'.
docs/scripts/prettify/prettify.ts(3,458): error TS2322: Type 'number' is not assignable to type 'string'.
docs/scripts/prettify/prettify.ts(3,458): error TS2542: Index signature in type 'String' only permits reading.
docs/scripts/prettify/prettify.ts(3,472): error TS2345: Argument of type 'string' is not assignable to parameter of type 'number'.
docs/scripts/prettify/prettify.ts(3,533): error TS2345: Argument of type 'Function' is not assignable to parameter of type 'string[]'.
  Type 'Function' is missing the following properties from type 'string[]': pop, push, concat, join, and 28 more.
docs/scripts/prettify/prettify.ts(4,28): error TS2345: Argument of type 'String' is not assignable to parameter of type 'string'.
  'string' is a primitive, but 'String' is a wrapper object. Prefer using 'string' when possible.
docs/scripts/prettify/prettify.ts(4,81): error TS2345: Argument of type 'String' is not assignable to parameter of type 'string'.
  'string' is a primitive, but 'String' is a wrapper object. Prefer using 'string' when possible.
docs/scripts/prettify/prettify.ts(4,163): error TS2339: Property 'source' does not exist on type 'Object'.
docs/scripts/prettify/prettify.ts(4,293): error TS7034: Variable 'd' implicitly has type 'any[]' in some locations where its type cannot be determined.
docs/scripts/prettify/prettify.ts(4,367): error TS2322: Type 'number' is not assignable to type 'String'.
docs/scripts/prettify/prettify.ts(4,387): error TS2365: Operator '<=' cannot be applied to types 'String' and 'number'.
docs/scripts/prettify/prettify.ts(4,394): error TS7005: Variable 'd' implicitly has an 'any[]' type.
docs/scripts/prettify/prettify.ts(4,396): error TS2538: Type 'String' cannot be used as an index type.
docs/scripts/prettify/prettify.ts(5,2): error TS2322: Type 'number' is not assignable to type 'String'.
docs/scripts/prettify/prettify.ts(5,22): error TS2365: Operator '<=' cannot be applied to types 'String' and 'number'.
docs/scripts/prettify/prettify.ts(5,104): error TS2339: Property 'ignoreCase' does not exist on type 'Object'.
docs/scripts/prettify/prettify.ts(5,183): error TS2345: Argument of type 'String' is not assignable to parameter of type 'Function'.
  Type 'String' is missing the following properties from type 'Function': apply, call, bind, prototype, and 5 more.
docs/scripts/prettify/prettify.ts(5,244): error TS2322: Type 'number' is not assignable to type 'String'.
docs/scripts/prettify/prettify.ts(5,292): error TS2362: The left-hand side of an arithmetic operation must be of type 'any', 'number', 'bigint' or an enum type.
docs/scripts/prettify/prettify.ts(5,298): error TS2362: The left-hand side of an arithmetic operation must be of type 'any', 'number', 'bigint' or an enum type.
docs/scripts/prettify/prettify.ts(5,404): error TS2339: Property 'ignoreCase' does not exist on type 'HTMLElement'.
docs/scripts/prettify/prettify.ts(5,444): error TS2339: Property 'source' does not exist on type 'HTMLElement'.
docs/scripts/prettify/prettify.ts(6,72): error TS2339: Property 'global' does not exist on type 'HTMLElement'.
docs/scripts/prettify/prettify.ts(6,82): error TS2339: Property 'multiline' does not exist on type 'HTMLElement'.
docs/scripts/prettify/prettify.ts(6,133): error TS2739: Type 'RegExp' is missing the following properties from type 'Number': toFixed, toExponential, toPrecision
docs/scripts/prettify/prettify.ts(6,234): error TS2304: Cannot find name 'Void'.
docs/scripts/prettify/prettify.ts(6,337): error TS2345: Argument of type 'ChildNode' is not assignable to parameter of type 'HTMLElement'.
  Type 'ChildNode' is missing the following properties from type 'HTMLElement': accessKey, accessKeyLabel, autocapitalize, dir, and 223 more.
docs/scripts/prettify/prettify.ts(6,340): error TS2322: Type 'string' is not assignable to type 'ChildNode'.
docs/scripts/prettify/prettify.ts(6,356): error TS2367: This condition will always return 'false' since the types 'string' and 'ChildNode | null' have no overlap.
docs/scripts/prettify/prettify.ts(6,366): error TS2367: This condition will always return 'false' since the types 'string' and 'ChildNode | null' have no overlap.
docs/scripts/prettify/prettify.ts(6,387): error TS2362: The left-hand side of an arithmetic operation must be of type 'any', 'number', 'bigint' or an enum type.
docs/scripts/prettify/prettify.ts(6,393): error TS2356: An arithmetic operand must be of type 'any', 'number', 'bigint' or an enum type.
docs/scripts/prettify/prettify.ts(6,399): error TS2356: An arithmetic operand must be of type 'any', 'number', 'bigint' or an enum type.
docs/scripts/prettify/prettify.ts(6,431): error TS2322: Type 'string | null' is not assignable to type 'ChildNode | null'.
  Type 'string' is not assignable to type 'ChildNode'.
docs/scripts/prettify/prettify.ts(6,445): error TS2531: Object is possibly 'null'.
docs/scripts/prettify/prettify.ts(6,447): error TS2339: Property 'length' does not exist on type 'ChildNode'.
docs/scripts/prettify/prettify.ts(6,460): error TS2531: Object is possibly 'null'.
docs/scripts/prettify/prettify.ts(6,462): error TS2339: Property 'replace' does not exist on type 'ChildNode'.
docs/scripts/prettify/prettify.ts(6,485): error TS2531: Object is possibly 'null'.
docs/scripts/prettify/prettify.ts(6,487): error TS2339: Property 'replace' does not exist on type 'ChildNode'.
docs/scripts/prettify/prettify.ts(6,523): error TS2362: The left-hand side of an arithmetic operation must be of type 'any', 'number', 'bigint' or an enum type.
docs/scripts/prettify/prettify.ts(6,534): error TS2531: Object is possibly 'null'.
docs/scripts/prettify/prettify.ts(6,536): error TS2339: Property 'length' does not exist on type 'ChildNode'.
docs/scripts/prettify/prettify.ts(7,3): error TS2356: An arithmetic operand must be of type 'any', 'number', 'bigint' or an enum type.
docs/scripts/prettify/prettify.ts(7,59): error TS2314: Generic type 'Array<T>' requires 1 type argument(s).
docs/scripts/prettify/prettify.ts(7,83): error TS2314: Generic type 'Promise<T>' requires 1 type argument(s).
docs/scripts/prettify/prettify.ts(7,118): error TS2339: Property 'currentStyle' does not exist on type 'HTMLElement'.
docs/scripts/prettify/prettify.ts(7,135): error TS2339: Property 'currentStyle' does not exist on type 'HTMLElement'.
docs/scripts/prettify/prettify.ts(7,187): error TS2531: Object is possibly 'null'.
docs/scripts/prettify/prettify.ts(7,227): error TS2345: Argument of type 'String' is not assignable to parameter of type 'string'.
  'string' is a primitive, but 'String' is a wrapper object. Prefer using 'string' when possible.
docs/scripts/prettify/prettify.ts(7,278): error TS2454: Variable 'l' is used before being assigned.
docs/scripts/prettify/prettify.ts(7,378): error TS2314: Generic type 'Array<T>' requires 1 type argument(s).
docs/scripts/prettify/prettify.ts(7,399): error TS2314: Generic type 'Array<T>' requires 1 type argument(s).
docs/scripts/prettify/prettify.ts(7,407): error TS2304: Cannot find name 'Void'.
docs/scripts/prettify/prettify.ts(7,419): error TS2322: Type '{ a: any; d: String; }' is not assignable to type 'String'.
  Object literal may only specify known properties, and 'a' does not exist in type 'String'.
docs/scripts/prettify/prettify.ts(7,450): error TS2339: Property 'e' does not exist on type 'String'.
docs/scripts/prettify/prettify.ts(7,468): error TS2314: Generic type 'Array<T>' requires 1 type argument(s).
docs/scripts/prettify/prettify.ts(7,477): error TS2314: Generic type 'Array<T>' requires 1 type argument(s).
docs/scripts/prettify/prettify.ts(7,515): error TS2304: Cannot find name 'Void'.
docs/scripts/prettify/prettify.ts(7,532): error TS2339: Property 'd' does not exist on type 'Object'.
docs/scripts/prettify/prettify.ts(7,554): error TS2339: Property 'a' does not exist on type 'Object'.
docs/scripts/prettify/prettify.ts(7,629): error TS2538: Type 'String' cannot be used as an index type.
docs/scripts/prettify/prettify.ts(7,632): error TS2322: Type 'undefined' is not assignable to type 'Object'.
docs/scripts/prettify/prettify.ts(8,10): error TS2322: Type 'boolean' is not assignable to type 'String'.
docs/scripts/prettify/prettify.ts(8,34): error TS7053: Element implicitly has an 'any' type because expression of type 'string' can't be used to index type 'Object'.
  No index signature with a parameter of type 'string' was found on type 'Object'.
docs/scripts/prettify/prettify.ts(8,54): error TS2322: Type 'RegExpMatchArray | null' is not assignable to type 'Object'.
  Type 'null' is not assignable to type 'Object'.
docs/scripts/prettify/prettify.ts(8,64): error TS7053: Element implicitly has an 'any' type because expression of type '1' can't be used to index type 'Object'.
  Property '1' does not exist on type 'Object'.
docs/scripts/prettify/prettify.ts(8,72): error TS7053: Element implicitly has an 'any' type because expression of type '0' can't be used to index type 'Object'.
  Property '0' does not exist on type 'Object'.
docs/scripts/prettify/prettify.ts(8,86): error TS2322: Type 'number' is not assignable to type 'String'.
docs/scripts/prettify/prettify.ts(8,90): error TS2365: Operator '<' cannot be applied to types 'String' and 'Number'.
docs/scripts/prettify/prettify.ts(8,96): error TS2356: An arithmetic operand must be of type 'any', 'number', 'bigint' or an enum type.
docs/scripts/prettify/prettify.ts(8,108): error TS2322: Type 'RegExpMatchArray | null' is not assignable to type 'Object'.
  Type 'null' is not assignable to type 'Object'.
docs/scripts/prettify/prettify.ts(8,118): error TS7053: Element implicitly has an 'any' type because expression of type '1' can't be used to index type 'Object'.
  Property '1' does not exist on type 'Object'.
docs/scripts/prettify/prettify.ts(8,127): error TS7053: Element implicitly has an 'any' type because expression of type '0' can't be used to index type 'Object'.
  Property '0' does not exist on type 'Object'.
docs/scripts/prettify/prettify.ts(8,155): error TS2322: Type 'boolean' is not assignable to type 'String'.
docs/scripts/prettify/prettify.ts(8,211): error TS7053: Element implicitly has an 'any' type because expression of type '1' can't be used to index type 'Object'.
  Property '1' does not exist on type 'Object'.
docs/scripts/prettify/prettify.ts(8,228): error TS2322: Type 'boolean' is not assignable to type 'String'.
docs/scripts/prettify/prettify.ts(8,247): error TS2538: Type 'String' cannot be used as an index type.
docs/scripts/prettify/prettify.ts(8,277): error TS7053: Element implicitly has an 'any' type because expression of type '1' can't be used to index type 'Object'.
  Property '1' does not exist on type 'Object'.
docs/scripts/prettify/prettify.ts(8,306): error TS2345: Argument of type 'String' is not assignable to parameter of type 'string'.
  'string' is a primitive, but 'String' is a wrapper object. Prefer using 'string' when possible.
docs/scripts/prettify/prettify.ts(8,319): error TS2365: Operator '+' cannot be applied to types 'Number' and 'number'.
docs/scripts/prettify/prettify.ts(8,330): error TS7053: Element implicitly has an 'any' type because expression of type '2' can't be used to index type 'Object'.
  Property '2' does not exist on type 'Object'.
docs/scripts/prettify/prettify.ts(8,348): error TS7053: Element implicitly has an 'any' type because expression of type '2' can't be used to index type 'Object'.
  Property '2' does not exist on type 'Object'.
docs/scripts/prettify/prettify.ts(8,362): error TS2362: The left-hand side of an arithmetic operation must be of type 'any', 'number', 'bigint' or an enum type.
docs/scripts/prettify/prettify.ts(8,411): error TS2345: Argument of type 'Number' is not assignable to parameter of type 'number'.
  'number' is a primitive, but 'Number' is a wrapper object. Prefer using 'number' when possible.
docs/scripts/prettify/prettify.ts(8,429): error TS2345: Argument of type 'String' is not assignable to parameter of type 'Function'.
docs/scripts/prettify/prettify.ts(8,459): error TS2345: Argument of type 'Number' is not assignable to parameter of type 'number'.
  'number' is a primitive, but 'Number' is a wrapper object. Prefer using 'number' when possible.
docs/scripts/prettify/prettify.ts(8,488): error TS2339: Property 'e' does not exist on type 'Object'.
docs/scripts/prettify/prettify.ts(9,64): error TS7053: Element implicitly has an 'any' type because expression of type '3' can't be used to index type 'Object'.
  Property '3' does not exist on type 'Object'.
docs/scripts/prettify/prettify.ts(9,101): error TS7053: Element implicitly has an 'any' type because expression of type 'string' can't be used to index type 'Object'.
  No index signature with a parameter of type 'string' was found on type 'Object'.
docs/scripts/prettify/prettify.ts(9,120): error TS7053: Element implicitly has an 'any' type because expression of type '1' can't be used to index type 'Object'.
  Property '1' does not exist on type 'Object'.
docs/scripts/prettify/prettify.ts(9,149): error TS2345: Argument of type 'String' is not assignable to parameter of type 'PropertyKey'.
docs/scripts/prettify/prettify.ts(9,166): error TS2538: Type 'String' cannot be used as an index type.
docs/scripts/prettify/prettify.ts(9,189): error TS2740: Type 'Number' is missing the following properties from type 'Function': apply, call, bind, prototype, and 6 more.
docs/scripts/prettify/prettify.ts(9,223): error TS2322: Type '(a: Object) => Void' is not assignable to type 'String'.
docs/scripts/prettify/prettify.ts(9,269): error TS2314: Generic type 'Array<T>' requires 1 type argument(s).
docs/scripts/prettify/prettify.ts(9,281): error TS2314: Generic type 'Array<T>' requires 1 type argument(s).
docs/scripts/prettify/prettify.ts(9,292): error TS2339: Property 'tripleQuotedStrings' does not exist on type 'String'.
docs/scripts/prettify/prettify.ts(9,493): error TS2339: Property 'multiLineStrings' does not exist on type 'String'.
docs/scripts/prettify/prettify.ts(10,101): error TS2339: Property 'verbatimStrings' does not exist on type 'String'.
docs/scripts/prettify/prettify.ts(10,177): error TS2339: Property 'hashComments' does not exist on type 'String'.
docs/scripts/prettify/prettify.ts(10,196): error TS2339: Property 'cStyleComments' does not exist on type 'String'.
docs/scripts/prettify/prettify.ts(11,12): error TS2339: Property 'cStyleComments' does not exist on type 'String'.
docs/scripts/prettify/prettify.ts(11,110): error TS2339: Property 'regexLiterals' does not exist on type 'String'.
docs/scripts/prettify/prettify.ts(11,468): error TS2339: Property 'types' does not exist on type 'String'.
docs/scripts/prettify/prettify.ts(11,502): error TS2339: Property 'keywords' does not exist on type 'String'.
docs/scripts/prettify/prettify.ts(12,441): error TS2304: Cannot find name 'Void'.
docs/scripts/prettify/prettify.ts(12,474): error TS2304: Cannot find name 'Void'.
docs/scripts/prettify/prettify.ts(12,557): error TS2345: Argument of type 'HTMLElement' is not assignable to parameter of type 'String'.
  Type 'HTMLElement' is missing the following properties from type 'String': charAt, charCodeAt, concat, indexOf, and 42 more.
docs/scripts/prettify/prettify.ts(13,52): error TS2322: Type 'ChildNode | null' is not assignable to type 'HTMLElement'.
  Type 'null' is not assignable to type 'HTMLElement'.
docs/scripts/prettify/prettify.ts(13,69): error TS2322: Type 'ChildNode | null' is not assignable to type 'HTMLElement'.
  Type 'null' is not assignable to type 'HTMLElement'.
docs/scripts/prettify/prettify.ts(13,120): error TS2322: Type 'string | null' is not assignable to type 'Function'.
  Type 'null' is not assignable to type 'Function'.
docs/scripts/prettify/prettify.ts(13,156): error TS2339: Property 'match' does not exist on type 'Function'.
docs/scripts/prettify/prettify.ts(13,187): error TS2339: Property 'substring' does not exist on type 'Function'.
docs/scripts/prettify/prettify.ts(13,201): error TS2339: Property 'index' does not exist on type 'Object'.
docs/scripts/prettify/prettify.ts(13,208): error TS2322: Type 'String' is not assignable to type 'string'.
  'string' is a primitive, but 'String' is a wrapper object. Prefer using 'string' when possible.
docs/scripts/prettify/prettify.ts(13,227): error TS2339: Property 'substring' does not exist on type 'Function'.
docs/scripts/prettify/prettify.ts(13,239): error TS2339: Property 'index' does not exist on type 'Object'.
docs/scripts/prettify/prettify.ts(13,245): error TS7053: Element implicitly has an 'any' type because expression of type '0' can't be used to index type 'Object'.
  Property '0' does not exist on type 'Object'.
docs/scripts/prettify/prettify.ts(13,260): error TS2531: Object is possibly 'null'.
docs/scripts/prettify/prettify.ts(13,288): error TS2339: Property 'createTextNode' does not exist on type 'HTMLElement'.
docs/scripts/prettify/prettify.ts(13,323): error TS2345: Argument of type 'HTMLElement' is not assignable to parameter of type 'String'.
docs/scripts/prettify/prettify.ts(13,329): error TS2531: Object is possibly 'null'.
docs/scripts/prettify/prettify.ts(13,383): error TS2304: Cannot find name 'Void'.
docs/scripts/prettify/prettify.ts(13,447): error TS2339: Property 'cloneNode' does not exist on type 'Object'.
docs/scripts/prettify/prettify.ts(13,477): error TS2339: Property 'parentNode' does not exist on type 'Object'.
docs/scripts/prettify/prettify.ts(13,498): error TS2322: Type 'String' is not assignable to type 'HTMLElement'.
docs/scripts/prettify/prettify.ts(13,498): error TS2403: Subsequent variable declarations must have the same type.  Variable 'f' must be of type 'Function', but here has type 'HTMLElement'.
docs/scripts/prettify/prettify.ts(13,517): error TS2345: Argument of type 'number' is not assignable to parameter of type 'Boolean'.
docs/scripts/prettify/prettify.ts(13,534): error TS2339: Property 'nextSibling' does not exist on type 'Object'.
docs/scripts/prettify/prettify.ts(13,548): error TS2339: Property 'appendChild' does not exist on type 'Function'.
docs/scripts/prettify/prettify.ts(13,585): error TS2339: Property 'nextSibling' does not exist on type 'Function'.
docs/scripts/prettify/prettify.ts(13,599): error TS2339: Property 'appendChild' does not exist on type 'Function'.
docs/scripts/prettify/prettify.ts(14,9): error TS2339: Property 'nextSibling' does not exist on type 'String'.
docs/scripts/prettify/prettify.ts(14,29): error TS2339: Property 'parentNode' does not exist on type 'String'.
docs/scripts/prettify/prettify.ts(14,64): error TS2339: Property 'nextSibling' does not exist on type 'String'.
docs/scripts/prettify/prettify.ts(14,76): error TS2345: Argument of type 'number' is not assignable to parameter of type 'Boolean'.
docs/scripts/prettify/prettify.ts(14,86): error TS2339: Property 'parentNode' does not exist on type 'String'.
docs/scripts/prettify/prettify.ts(14,126): error TS2345: Argument of type 'String' is not assignable to parameter of type 'HTMLElement'.
docs/scripts/prettify/prettify.ts(14,189): error TS2740: Type 'Document' is missing the following properties from type 'HTMLElement': accessKey, accessKeyLabel, autocapitalize, draggable, and 121 more.
docs/scripts/prettify/prettify.ts(14,237): error TS2339: Property 'currentStyle' does not exist on type 'HTMLElement'.
docs/scripts/prettify/prettify.ts(14,254): error TS2339: Property 'currentStyle' does not exist on type 'HTMLElement'.
docs/scripts/prettify/prettify.ts(14,278): error TS2774: This condition will always return true since this function is always defined. Did you mean to call it instead?
docs/scripts/prettify/prettify.ts(14,308): error TS2339: Property 'defaultView' does not exist on type 'HTMLElement'.
docs/scripts/prettify/prettify.ts(14,390): error TS2454: Variable 'l' is used before being assigned.
docs/scripts/prettify/prettify.ts(14,403): error TS2339: Property 'substring' does not exist on type 'HTMLElement'.
docs/scripts/prettify/prettify.ts(14,426): error TS2339: Property 'createElement' does not exist on type 'HTMLElement'.
docs/scripts/prettify/prettify.ts(14,534): error TS2362: The left-hand side of an arithmetic operation must be of type 'any', 'number', 'bigint' or an enum type.
docs/scripts/prettify/prettify.ts(15,1): error TS2345: Argument of type 'Number' is not assignable to parameter of type 'string'.
docs/scripts/prettify/prettify.ts(15,25): error TS2339: Property 'createElement' does not exist on type 'HTMLElement'.
docs/scripts/prettify/prettify.ts(15,89): error TS2362: The left-hand side of an arithmetic operation must be of type 'any', 'number', 'bigint' or an enum type.
docs/scripts/prettify/prettify.ts(15,184): error TS2339: Property 'createTextNode' does not exist on type 'HTMLElement'.
docs/scripts/prettify/prettify.ts(15,268): error TS2314: Generic type 'Array<T>' requires 1 type argument(s).
docs/scripts/prettify/prettify.ts(15,276): error TS2304: Cannot find name 'Void'.
docs/scripts/prettify/prettify.ts(15,345): error TS2345: Argument of type 'String' is not assignable to parameter of type 'PropertyKey'.
docs/scripts/prettify/prettify.ts(15,420): error TS2538: Type 'String' cannot be used as an index type.
docs/scripts/prettify/prettify.ts(15,491): error TS2345: Argument of type 'String' is not assignable to parameter of type 'PropertyKey'.
docs/scripts/prettify/prettify.ts(15,509): error TS2345: Argument of type 'String' is not assignable to parameter of type 'string'.
  'string' is a primitive, but 'String' is a wrapper object. Prefer using 'string' when possible.
docs/scripts/prettify/prettify.ts(15,553): error TS2538: Type 'String' cannot be used as an index type.
docs/scripts/prettify/prettify.ts(15,579): error TS2304: Cannot find name 'Void'.
docs/scripts/prettify/prettify.ts(15,591): error TS2314: Generic type 'Array<T>' requires 1 type argument(s).
docs/scripts/prettify/prettify.ts(16,3): error TS2339: Property 'g' does not exist on type 'Object'.
docs/scripts/prettify/prettify.ts(16,13): error TS2696: The 'Object' type is assignable to very few other types. Did you mean to use the 'any' type instead?
  Type 'Object' is missing the following properties from type 'String': charAt, charCodeAt, concat, indexOf, and 43 more.
docs/scripts/prettify/prettify.ts(16,27): error TS2339: Property 'h' does not exist on type 'Object'.
docs/scripts/prettify/prettify.ts(16,42): error TS2339: Property 'a' does not exist on type 'String'.
docs/scripts/prettify/prettify.ts(16,46): error TS2339: Property 'a' does not exist on type 'Object'.
docs/scripts/prettify/prettify.ts(16,52): error TS2339: Property 'c' does not exist on type 'Object'.
docs/scripts/prettify/prettify.ts(16,56): error TS2339: Property 'c' does not exist on type 'String'.
docs/scripts/prettify/prettify.ts(16,60): error TS2339: Property 'd' does not exist on type 'Object'.
docs/scripts/prettify/prettify.ts(16,64): error TS2349: This expression is not callable.
  Type 'String' has no call signatures.
docs/scripts/prettify/prettify.ts(16,154): error TS2339: Property 'a' does not exist on type 'Object'.
docs/scripts/prettify/prettify.ts(16,175): error TS2403: Subsequent variable declarations must have the same type.  Variable 'e' must be of type 'String', but here has type 'Number'.
docs/scripts/prettify/prettify.ts(16,190): error TS2314: Generic type 'Array<T>' requires 1 type argument(s).
docs/scripts/prettify/prettify.ts(16,198): error TS2339: Property 'c' does not exist on type 'Object'.
docs/scripts/prettify/prettify.ts(16,219): error TS2403: Subsequent variable declarations must have the same type.  Variable 'h' must be of type 'String', but here has type 'Number'.
docs/scripts/prettify/prettify.ts(16,243): error TS2339: Property 'e' does not exist on type 'Object'.
docs/scripts/prettify/prettify.ts(16,257): error TS2339: Property 'length' does not exist on type 'Object'.
docs/scripts/prettify/prettify.ts(16,264): error TS2403: Subsequent variable declarations must have the same type.  Variable 'a' must be of type 'Object', but here has type 'Number'.
docs/scripts/prettify/prettify.ts(16,278): error TS2538: Type 'Number' cannot be used as an index type.
docs/scripts/prettify/prettify.ts(16,324): error TS2538: Type 'Number' cannot be used as an index type.
docs/scripts/prettify/prettify.ts(16,329): error TS7053: Element implicitly has an 'any' type because expression of type 'any' can't be used to index type 'Object'.
docs/scripts/prettify/prettify.ts(16,331): error TS2365: Operator '+' cannot be applied to types 'Number' and 'number'.
docs/scripts/prettify/prettify.ts(16,337): error TS7053: Element implicitly has an 'any' type because expression of type 'number' can't be used to index type 'Object'.
  No index signature with a parameter of type 'number' was found on type 'Object'.
docs/scripts/prettify/prettify.ts(16,339): error TS2356: An arithmetic operand must be of type 'any', 'number', 'bigint' or an enum type.
docs/scripts/prettify/prettify.ts(16,344): error TS7053: Element implicitly has an 'any' type because expression of type 'number' can't be used to index type 'Object'.
  No index signature with a parameter of type 'number' was found on type 'Object'.
docs/scripts/prettify/prettify.ts(16,346): error TS2356: An arithmetic operand must be of type 'any', 'number', 'bigint' or an enum type.
docs/scripts/prettify/prettify.ts(16,351): error TS7053: Element implicitly has an 'any' type because expression of type 'number' can't be used to index type 'Object'.
  No index signature with a parameter of type 'number' was found on type 'Object'.
docs/scripts/prettify/prettify.ts(16,353): error TS2356: An arithmetic operand must be of type 'any', 'number', 'bigint' or an enum type.
docs/scripts/prettify/prettify.ts(16,358): error TS7053: Element implicitly has an 'any' type because expression of type 'number' can't be used to index type 'Object'.
  No index signature with a parameter of type 'number' was found on type 'Object'.
docs/scripts/prettify/prettify.ts(16,360): error TS2356: An arithmetic operand must be of type 'any', 'number', 'bigint' or an enum type.
docs/scripts/prettify/prettify.ts(16,366): error TS2365: Operator '+=' cannot be applied to types 'Number' and 'number'.
docs/scripts/prettify/prettify.ts(16,403): error TS2538: Type 'Number' cannot be used as an index type.
docs/scripts/prettify/prettify.ts(16,408): error TS7053: Element implicitly has an 'any' type because expression of type 'any' can't be used to index type 'Object'.
docs/scripts/prettify/prettify.ts(16,410): error TS2365: Operator '+' cannot be applied to types 'Number' and 'number'.
docs/scripts/prettify/prettify.ts(16,417): error TS2365: Operator '+' cannot be applied to types 'Number' and 'number'.
docs/scripts/prettify/prettify.ts(16,429): error TS7053: Element implicitly has an 'any' type because expression of type 'any' can't be used to index type 'Object'.
docs/scripts/prettify/prettify.ts(16,446): error TS7053: Element implicitly has an 'any' type because expression of type 'number' can't be used to index type 'Object'.
  No index signature with a parameter of type 'number' was found on type 'Object'.
docs/scripts/prettify/prettify.ts(16,448): error TS2356: An arithmetic operand must be of type 'any', 'number', 'bigint' or an enum type.
docs/scripts/prettify/prettify.ts(16,455): error TS7053: Element implicitly has an 'any' type because expression of type 'number' can't be used to index type 'Object'.
  No index signature with a parameter of type 'number' was found on type 'Object'.
docs/scripts/prettify/prettify.ts(16,457): error TS2356: An arithmetic operand must be of type 'any', 'number', 'bigint' or an enum type.
docs/scripts/prettify/prettify.ts(16,474): error TS2339: Property 'length' does not exist on type 'Object'.
docs/scripts/prettify/prettify.ts(16,483): error TS2365: Operator '<' cannot be applied to types 'String' and 'Number'.
docs/scripts/prettify/prettify.ts(16,505): error TS2365: Operator '+' cannot be applied to types 'String' and 'number'.
docs/scripts/prettify/prettify.ts(16,523): error TS7053: Element implicitly has an 'any' type because expression of type 'any' can't be used to index type 'Object'.
docs/scripts/prettify/prettify.ts(16,525): error TS2365: Operator '+' cannot be applied to types 'Object' and 'number'.
docs/scripts/prettify/prettify.ts(16,533): error TS2403: Subsequent variable declarations must have the same type.  Variable 'b' must be of type 'any', but here has type 'Number'.
docs/scripts/prettify/prettify.ts(16,552): error TS2345: Argument of type 'Number' is not assignable to parameter of type 'number'.
  'number' is a primitive, but 'Number' is a wrapper object. Prefer using 'number' when possible.
docs/scripts/prettify/prettify.ts(16,574): error TS2365: Operator '+' cannot be applied to types 'String' and 'number'.
docs/scripts/prettify/prettify.ts(16,582): error TS2314: Generic type 'Array<T>' requires 1 type argument(s).
docs/scripts/prettify/prettify.ts(16,622): error TS2345: Argument of type 'String' is not assignable to parameter of type 'number'.
docs/scripts/prettify/prettify.ts(17,7): error TS2322: Type 'Document' is not assignable to type 'HTMLElement'.
docs/scripts/prettify/prettify.ts(17,55): error TS2339: Property 'createElement' does not exist on type 'HTMLElement'.
docs/scripts/prettify/prettify.ts(17,89): error TS7053: Element implicitly has an 'any' type because expression of type 'any' can't be used to index type 'Object'.
docs/scripts/prettify/prettify.ts(17,91): error TS2365: Operator '+' cannot be applied to types 'Object' and 'number'.
docs/scripts/prettify/prettify.ts(17,100): error TS2322: Type 'ParentNode | null' is not assignable to type 'HTMLElement'.
  Type 'null' is not assignable to type 'HTMLElement'.
docs/scripts/prettify/prettify.ts(17,165): error TS2365: Operator '<' cannot be applied to types 'String' and 'Number'.
docs/scripts/prettify/prettify.ts(17,173): error TS2365: Operator '+' cannot be applied to types 'String' and 'number'.
docs/scripts/prettify/prettify.ts(17,182): error TS2339: Property 'createTextNode' does not exist on type 'HTMLElement'.
docs/scripts/prettify/prettify.ts(17,211): error TS2345: Argument of type 'Number' is not assignable to parameter of type 'number'.
  'number' is a primitive, but 'Number' is a wrapper object. Prefer using 'number' when possible.
docs/scripts/prettify/prettify.ts(17,252): error TS2365: Operator '>=' cannot be applied to types 'String' and 'Number'.
docs/scripts/prettify/prettify.ts(17,259): error TS2365: Operator '+=' cannot be applied to types 'String' and 'number'.
docs/scripts/prettify/prettify.ts(17,265): error TS2365: Operator '>=' cannot be applied to types 'String' and 'Number'.
docs/scripts/prettify/prettify.ts(17,272): error TS2365: Operator '+=' cannot be applied to types 'Object' and 'number'.
docs/scripts/prettify/prettify.ts(17,323): error TS2571: Object is of type 'unknown'.
docs/scripts/prettify/prettify.ts(17,331): error TS2571: Object is of type 'unknown'.
docs/scripts/prettify/prettify.ts(17,350): error TS2314: Generic type 'Array<T>' requires 1 type argument(s).
docs/scripts/prettify/prettify.ts(17,406): error TS2314: Generic type 'Array<T>' requires 1 type argument(s).
docs/scripts/prettify/prettify.ts(18,104): error TS2314: Generic type 'Array<T>' requires 1 type argument(s).
docs/scripts/prettify/prettify.ts(18,372): error TS2314: Generic type 'Array<T>' requires 1 type argument(s).
docs/scripts/prettify/prettify.ts(19,4): error TS2314: Generic type 'Array<T>' requires 1 type argument(s).
docs/scripts/prettify/prettify.ts(19,282): error TS2314: Generic type 'Array<T>' requires 1 type argument(s).
docs/scripts/prettify/prettify.ts(19,369): error TS2740: Type 'any[]' is missing the following properties from type 'String': charAt, charCodeAt, localeCompare, match, and 35 more.
docs/scripts/prettify/prettify.ts(20,4): error TS2314: Generic type 'Array<T>' requires 1 type argument(s).
docs/scripts/prettify/prettify.ts(20,186): error TS2314: Generic type 'Array<T>' requires 1 type argument(s).
docs/scripts/prettify/prettify.ts(20,410): error TS2345: Argument of type '{ keywords: any[]; hashComments: boolean; cStyleComments: boolean; multiLineStrings: boolean; regexLiterals: boolean; }' is not assignable to parameter of type 'String'.
  Object literal may only specify known properties, and 'keywords' does not exist in type 'String'.
docs/scripts/prettify/prettify.ts(21,96): error TS2345: Argument of type 'String' is not assignable to parameter of type 'Function'.
docs/scripts/prettify/prettify.ts(21,118): error TS2345: Argument of type 'String' is not assignable to parameter of type 'Function'.
docs/scripts/prettify/prettify.ts(22,63): error TS2345: Argument of type 'String' is not assignable to parameter of type 'Function'.
docs/scripts/prettify/prettify.ts(23,46): error TS2345: Argument of type 'String' is not assignable to parameter of type 'Function'.
docs/scripts/prettify/prettify.ts(23,87): error TS2345: Argument of type 'String' is not assignable to parameter of type 'Function'.
docs/scripts/prettify/prettify.ts(23,90): error TS2345: Argument of type '{ keywords: any; hashComments: boolean; cStyleComments: boolean; types: RegExp; }' is not assignable to parameter of type 'String'.
  Object literal may only specify known properties, and 'keywords' does not exist in type 'String'.
docs/scripts/prettify/prettify.ts(23,181): error TS2345: Argument of type 'String' is not assignable to parameter of type 'Function'.
docs/scripts/prettify/prettify.ts(23,184): error TS2345: Argument of type '{ keywords: string; }' is not assignable to parameter of type 'String'.
  Object literal may only specify known properties, and 'keywords' does not exist in type 'String'.
docs/scripts/prettify/prettify.ts(23,225): error TS2345: Argument of type 'String' is not assignable to parameter of type 'Function'.
docs/scripts/prettify/prettify.ts(23,228): error TS2345: Argument of type '{ keywords: any; hashComments: boolean; cStyleComments: boolean; verbatimStrings: boolean; types: RegExp; }' is not assignable to parameter of type 'String'.
  Object literal may only specify known properties, and 'keywords' does not exist in type 'String'.
docs/scripts/prettify/prettify.ts(23,312): error TS2345: Argument of type 'String' is not assignable to parameter of type 'Function'.
docs/scripts/prettify/prettify.ts(23,315): error TS2345: Argument of type '{ keywords: any; cStyleComments: boolean; }' is not assignable to parameter of type 'String'.
  Object literal may only specify known properties, and 'keywords' does not exist in type 'String'.
docs/scripts/prettify/prettify.ts(23,358): error TS2345: Argument of type 'String' is not assignable to parameter of type 'Function'.
docs/scripts/prettify/prettify.ts(23,361): error TS2345: Argument of type '{ keywords: any; hashComments: boolean; multiLineStrings: boolean; }' is not assignable to parameter of type 'String'.
  Object literal may only specify known properties, and 'keywords' does not exist in type 'String'.
docs/scripts/prettify/prettify.ts(23,432): error TS2345: Argument of type 'String' is not assignable to parameter of type 'Function'.
docs/scripts/prettify/prettify.ts(23,435): error TS2345: Argument of type '{ keywords: String; hashComments: boolean; multiLineStrings: boolean; tripleQuotedStrings: boolean; }' is not assignable to parameter of type 'String'.
  Object literal may only specify known properties, and 'keywords' does not exist in type 'String'.
docs/scripts/prettify/prettify.ts(24,16): error TS2345: Argument of type 'String' is not assignable to parameter of type 'Function'.
docs/scripts/prettify/prettify.ts(24,19): error TS2345: Argument of type '{ keywords: string; hashComments: boolean; multiLineStrings: boolean; regexLiterals: boolean; }' is not assignable to parameter of type 'String'.
  Object literal may only specify known properties, and 'keywords' does not exist in type 'String'.
docs/scripts/prettify/prettify.ts(24,282): error TS2345: Argument of type 'String' is not assignable to parameter of type 'Function'.
docs/scripts/prettify/prettify.ts(24,285): error TS2345: Argument of type '{ keywords: any; hashComments: boolean; multiLineStrings: boolean; regexLiterals: boolean; }' is not assignable to parameter of type 'String'.
  Object literal may only specify known properties, and 'keywords' does not exist in type 'String'.
docs/scripts/prettify/prettify.ts(24,361): error TS2345: Argument of type 'String' is not assignable to parameter of type 'Function'.
docs/scripts/prettify/prettify.ts(24,364): error TS2345: Argument of type '{ keywords: any; cStyleComments: boolean; regexLiterals: boolean; }' is not assignable to parameter of type 'String'.
  Object literal may only specify known properties, and 'keywords' does not exist in type 'String'.
docs/scripts/prettify/prettify.ts(24,422): error TS2345: Argument of type 'String' is not assignable to parameter of type 'Function'.
docs/scripts/prettify/prettify.ts(24,425): error TS2345: Argument of type '{ keywords: string; hashComments: number; cStyleComments: boolean; multilineStrings: boolean; tripleQuotedStrings: boolean; regexLiterals: boolean; }' is not assignable to parameter of type 'String'.
  Object literal may only specify known properties, and 'keywords' does not exist in type 'String'.
docs/scripts/prettify/prettify.ts(25,110): error TS2345: Argument of type 'String' is not assignable to parameter of type 'Function'.
docs/scripts/prettify/prettify.ts(25,155): error TS2339: Property 'prettyPrintOne' does not exist on type 'Window & typeof globalThis'.
docs/scripts/prettify/prettify.ts(25,259): error TS2322: Type 'Number' is not assignable to type 'string'.
docs/scripts/prettify/prettify.ts(25,280): error TS2345: Argument of type 'String' is not assignable to parameter of type 'Number'.
docs/scripts/prettify/prettify.ts(25,327): error TS2339: Property 'prettyPrint' does not exist on type 'Window & typeof globalThis'.
docs/scripts/prettify/prettify.ts(25,375): error TS2304: Cannot find name 'Void'.
docs/scripts/prettify/prettify.ts(25,397): error TS2339: Property 'PR_SHOULD_USE_CONTINUATION' does not exist on type 'Window & typeof globalThis'.
docs/scripts/prettify/prettify.ts(25,426): error TS2339: Property 'now' does not exist on type 'Boolean'.
docs/scripts/prettify/prettify.ts(25,459): error TS2339: Property 'now' does not exist on type 'Boolean'.
docs/scripts/prettify/prettify.ts(25,467): error TS2356: An arithmetic operand must be of type 'any', 'number', 'bigint' or an enum type.
docs/scripts/prettify/prettify.ts(25,479): error TS2314: Generic type 'Array<T>' requires 1 type argument(s).
docs/scripts/prettify/prettify.ts(25,485): error TS7005: Variable 'h' implicitly has an 'any[]' type.
docs/scripts/prettify/prettify.ts(25,487): error TS2538: Type 'Number' cannot be used as an index type.
docs/scripts/prettify/prettify.ts(25,551): error TS2314: Generic type 'Array<T>' requires 1 type argument(s).
docs/scripts/prettify/prettify.ts(25,581): error TS2314: Generic type 'Array<T>' requires 1 type argument(s).
docs/scripts/prettify/prettify.ts(26,86): error TS2403: Subsequent variable declarations must have the same type.  Variable 'o' must be of type 'undefined', but here has type 'Object'.
docs/scripts/prettify/prettify.ts(26,96): error TS2367: This condition will always return 'false' since the types 'Function' and 'number' have no overlap.
docs/scripts/prettify/prettify.ts(26,108): error TS2367: This condition will always return 'false' since the types 'Function' and 'number' have no overlap.
docs/scripts/prettify/prettify.ts(26,143): error TS2322: Type 'undefined' is not assignable to type 'Object'.
docs/scripts/prettify/prettify.ts(26,173): error TS2339: Property 'tagName' does not exist on type 'Object'.
docs/scripts/prettify/prettify.ts(26,187): error TS2454: Variable 'f' is used before being assigned.
docs/scripts/prettify/prettify.ts(26,189): error TS2339: Property 'className' does not exist on type 'Object'.
docs/scripts/prettify/prettify.ts(26,251): error TS2339: Property 'parentNode' does not exist on type 'never'.
docs/scripts/prettify/prettify.ts(26,268): error TS2339: Property 'tagName' does not exist on type 'never'.
docs/scripts/prettify/prettify.ts(26,287): error TS2339: Property 'tagName' does not exist on type 'never'.
docs/scripts/prettify/prettify.ts(26,307): error TS2339: Property 'tagName' does not exist on type 'never'.
docs/scripts/prettify/prettify.ts(26,327): error TS2339: Property 'className' does not exist on type 'never'.
docs/scripts/prettify/prettify.ts(26,340): error TS2339: Property 'className' does not exist on type 'never'.
docs/scripts/prettify/prettify.ts(27,137): error TS7034: Variable 'h' implicitly has type 'any[]' in some locations where its type cannot be determined.
docs/scripts/prettify/prettify.ts(27,215): error TS2322: Type 'String' is not assignable to type 'Function'.
docs/scripts/prettify/prettify.ts(27,215): error TS2403: Subsequent variable declarations must have the same type.  Variable 'e' must be of type 'HTMLCollectionOf<Element>[]', but here has type 'Function'.
docs/scripts/prettify/prettify.ts(27,229): error TS2322: Type 'DateConstructor' is not assignable to type 'Boolean'.
  The types returned by 'valueOf()' are incompatible between these types.
    Type 'Object' is not assignable to type 'boolean'.
docs/scripts/prettify/prettify.ts(27,247): error TS2339: Property 'now' does not exist on type 'Boolean'.
docs/scripts/prettify/prettify.ts(27,256): error TS2322: Type '{ now: () => number; }' is not assignable to type 'Boolean'.
  Object literal may only specify known properties, and 'now' does not exist in type 'Boolean'.
docs/scripts/prettify/prettify.ts(27,309): error TS2314: Generic type 'Array<T>' requires 1 type argument(s).
docs/scripts/prettify/prettify.ts(27,318): error TS2314: Generic type 'Array<T>' requires 1 type argument(s).
docs/scripts/prettify/prettify.ts(27,369): error TS2339: Property 'PR' does not exist on type 'Window & typeof globalThis'.
lib/tmp.ts(15,7): error TS2451: Cannot redeclare block-scoped variable 'crypto'.
lib/tmp.ts(16,29): error TS2339: Property 'constants' does not exist on type 'String'.
lib/tmp.ts(16,47): error TS2339: Property 'constants' does not exist on type 'String'.
lib/tmp.ts(17,15): error TS2314: Generic type 'Array<T>' requires 1 type argument(s).
lib/tmp.ts(30,30): error TS2339: Property 'O_CREAT' does not exist on type 'Object'.
lib/tmp.ts(30,44): error TS2339: Property 'fs' does not exist on type 'Object'.
lib/tmp.ts(30,62): error TS2339: Property 'O_EXCL' does not exist on type 'Object'.
lib/tmp.ts(30,75): error TS2339: Property 'fs' does not exist on type 'Object'.
lib/tmp.ts(30,92): error TS2339: Property 'O_RDWR' does not exist on type 'Object'.
lib/tmp.ts(30,105): error TS2339: Property 'fs' does not exist on type 'Object'.
lib/tmp.ts(33,26): error TS2339: Property 'platform' does not exist on type 'String'.
lib/tmp.ts(34,22): error TS2339: Property 'EBADF' does not exist on type 'Object'.
lib/tmp.ts(34,34): error TS2339: Property 'os' does not exist on type 'Object'.
lib/tmp.ts(35,23): error TS2339: Property 'ENOENT' does not exist on type 'Object'.
lib/tmp.ts(35,36): error TS2339: Property 'os' does not exist on type 'Object'.
lib/tmp.ts(43,19): error TS2314: Generic type 'Array<T>' requires 1 type argument(s).
lib/tmp.ts(46,18): error TS2314: Generic type 'Array<T>' requires 1 type argument(s).
lib/tmp.ts(46,29): error TS2339: Property 'rmdirSync' does not exist on type 'String'.
lib/tmp.ts(58,56): error TS2304: Cannot find name 'Void'.
lib/tmp.ts(61,25): error TS7053: Element implicitly has an 'any' type because expression of type '0' can't be used to index type 'Object'.
  Property '0' does not exist on type 'Object'.
lib/tmp.ts(62,20): error TS7053: Element implicitly has an 'any' type because expression of type '1' can't be used to index type 'Object'.
  Property '1' does not exist on type 'Object'.
lib/tmp.ts(70,28): error TS2339: Property 'tries' does not exist on type 'HTMLElement'.
lib/tmp.ts(71,31): error TS2304: Cannot find name 'Void'.
lib/tmp.ts(76,10): error TS2339: Property 'stat' does not exist on type 'String'.
lib/tmp.ts(80,15): error TS2356: An arithmetic operand must be of type 'any', 'number', 'bigint' or an enum type.
lib/tmp.ts(100,40): error TS2304: Cannot find name 'Void'.
lib/tmp.ts(102,20): error TS2554: Expected 2 arguments, but got 1.
lib/tmp.ts(103,25): error TS7053: Element implicitly has an 'any' type because expression of type '0' can't be used to index type 'Object'.
  Property '0' does not exist on type 'Object'.
lib/tmp.ts(107,28): error TS2339: Property 'tries' does not exist on type 'HTMLElement'.
lib/tmp.ts(111,10): error TS2339: Property 'statSync' does not exist on type 'String'.
lib/tmp.ts(115,12): error TS2356: An arithmetic operand must be of type 'any', 'number', 'bigint' or an enum type.
lib/tmp.ts(126,53): error TS2304: Cannot find name 'Void'.
lib/tmp.ts(129,20): error TS7053: Element implicitly has an 'any' type because expression of type '0' can't be used to index type 'Object'.
  Property '0' does not exist on type 'Object'.
lib/tmp.ts(130,20): error TS7053: Element implicitly has an 'any' type because expression of type '1' can't be used to index type 'Object'.
  Property '1' does not exist on type 'Object'.
lib/tmp.ts(133,72): error TS2314: Generic type 'Promise<T>' requires 1 type argument(s).
lib/tmp.ts(138,8): error TS2339: Property 'open' does not exist on type 'String'.
lib/tmp.ts(138,38): error TS2339: Property 'mode' does not exist on type 'Object'.
lib/tmp.ts(138,107): error TS2366: Function lacks ending return statement and return type does not include 'undefined'.
lib/tmp.ts(142,16): error TS2339: Property 'discardDescriptor' does not exist on type 'Object'.
lib/tmp.ts(143,19): error TS2339: Property 'close' does not exist on type 'String'.
lib/tmp.ts(143,68): error TS2314: Generic type 'Array<T>' requires 1 type argument(s).
lib/tmp.ts(143,76): error TS2304: Cannot find name 'Void'.
lib/tmp.ts(145,87): error TS2345: Argument of type 'number' is not assignable to parameter of type 'String'.
lib/tmp.ts(150,57): error TS2339: Property 'discardDescriptor' does not exist on type 'Object'.
lib/tmp.ts(150,83): error TS2339: Property 'detachDescriptor' does not exist on type 'Object'.
lib/tmp.ts(151,64): error TS2345: Argument of type 'Number | -1' is not assignable to parameter of type 'String'.
  Type 'Number' is not assignable to type 'String'.
lib/tmp.ts(166,20): error TS2554: Expected 2 arguments, but got 1.
lib/tmp.ts(167,20): error TS7053: Element implicitly has an 'any' type because expression of type '0' can't be used to index type 'Object'.
  Property '0' does not exist on type 'Object'.
lib/tmp.ts(169,51): error TS2339: Property 'discardDescriptor' does not exist on type 'Object'.
lib/tmp.ts(169,77): error TS2339: Property 'detachDescriptor' does not exist on type 'Object'.
lib/tmp.ts(171,23): error TS2339: Property 'openSync' does not exist on type 'String'.
lib/tmp.ts(171,57): error TS2339: Property 'mode' does not exist on type 'Object'.
lib/tmp.ts(173,12): error TS2339: Property 'discardDescriptor' does not exist on type 'Object'.
lib/tmp.ts(174,8): error TS2339: Property 'closeSync' does not exist on type 'String'.
lib/tmp.ts(175,5): error TS2322: Type 'undefined' is not assignable to type 'Number'.
lib/tmp.ts(181,57): error TS2345: Argument of type 'Number | -1' is not assignable to parameter of type 'String'.
  Type 'Number' is not assignable to type 'String'.
lib/tmp.ts(191,52): error TS2304: Cannot find name 'Void'.
lib/tmp.ts(194,11): error TS2314: Generic type 'Map<K, V>' requires 2 type argument(s).
lib/tmp.ts(194,17): error TS7053: Element implicitly has an 'any' type because expression of type '0' can't be used to index type 'Object'.
  Property '0' does not exist on type 'Object'.
lib/tmp.ts(195,20): error TS7053: Element implicitly has an 'any' type because expression of type '1' can't be used to index type 'Object'.
  Property '1' does not exist on type 'Object'.
lib/tmp.ts(198,72): error TS2314: Generic type 'Promise<T>' requires 1 type argument(s).
lib/tmp.ts(203,8): error TS2339: Property 'mkdir' does not exist on type 'String'.
lib/tmp.ts(203,80): error TS2304: Cannot find name 'Void'.
lib/tmp.ts(207,63): error TS2345: Argument of type 'boolean' is not assignable to parameter of type 'Number'.
lib/tmp.ts(221,20): error TS2554: Expected 2 arguments, but got 1.
lib/tmp.ts(222,11): error TS2314: Generic type 'Map<K, V>' requires 2 type argument(s).
lib/tmp.ts(222,17): error TS7053: Element implicitly has an 'any' type because expression of type '0' can't be used to index type 'Object'.
  Property '0' does not exist on type 'Object'.
lib/tmp.ts(225,6): error TS2339: Property 'mkdirSync' does not exist on type 'String'.
lib/tmp.ts(229,62): error TS2345: Argument of type 'boolean' is not assignable to parameter of type 'Number'.
lib/tmp.ts(240,60): error TS2304: Cannot find name 'Void'.
lib/tmp.ts(249,12): error TS7053: Element implicitly has an 'any' type because expression of type '0' can't be used to index type 'Object'.
  Property '0' does not exist on type 'Object'.
lib/tmp.ts(250,8): error TS2339: Property 'close' does not exist on type 'String'.
lib/tmp.ts(250,14): error TS7053: Element implicitly has an 'any' type because expression of type '0' can't be used to index type 'Object'.
  Property '0' does not exist on type 'Object'.
lib/tmp.ts(251,10): error TS2551: Property 'unlink' does not exist on type 'String'. Did you mean 'link'?
lib/tmp.ts(251,17): error TS7053: Element implicitly has an 'any' type because expression of type '1' can't be used to index type 'Object'.
  Property '1' does not exist on type 'Object'.
lib/tmp.ts(253,11): error TS2551: Property 'unlink' does not exist on type 'String'. Did you mean 'link'?
lib/tmp.ts(253,18): error TS7053: Element implicitly has an 'any' type because expression of type '1' can't be used to index type 'Object'.
  Property '1' does not exist on type 'Object'.
lib/tmp.ts(262,43): error TS2304: Cannot find name 'Void'.
lib/tmp.ts(263,26): error TS2314: Generic type 'Array<T>' requires 1 type argument(s).
lib/tmp.ts(265,14): error TS7053: Element implicitly has an 'any' type because expression of type '0' can't be used to index type 'Object'.
  Property '0' does not exist on type 'Object'.
lib/tmp.ts(265,28): error TS2339: Property 'closeSync' does not exist on type 'String'.
lib/tmp.ts(265,38): error TS7053: Element implicitly has an 'any' type because expression of type '0' can't be used to index type 'Object'.
  Property '0' does not exist on type 'Object'.
lib/tmp.ts(268,19): error TS2345: Argument of type 'unknown' is not assignable to parameter of type 'Object'.
lib/tmp.ts(268,36): error TS2345: Argument of type 'unknown' is not assignable to parameter of type 'Object'.
lib/tmp.ts(271,10): error TS2339: Property 'unlinkSync' does not exist on type 'String'.
lib/tmp.ts(271,21): error TS7053: Element implicitly has an 'any' type because expression of type '1' can't be used to index type 'Object'.
  Property '1' does not exist on type 'Object'.
lib/tmp.ts(275,22): error TS2345: Argument of type 'unknown' is not assignable to parameter of type 'Object'.
lib/tmp.ts(297,9): error TS2740: Type 'Function' is missing the following properties from type 'String': charAt, charCodeAt, concat, indexOf, and 42 more.
lib/tmp.ts(297,38): error TS2554: Expected 4 arguments, but got 3.
lib/tmp.ts(298,9): error TS2322: Type 'Function' is not assignable to type 'String'.
lib/tmp.ts(298,76): error TS2322: Type 'String' is not assignable to type 'string'.
  'string' is a primitive, but 'String' is a wrapper object. Prefer using 'string' when possible.
lib/tmp.ts(298,80): error TS2322: Type 'String' is not assignable to type 'string'.
  'string' is a primitive, but 'String' is a wrapper object. Prefer using 'string' when possible.
lib/tmp.ts(300,13): error TS2339: Property 'keep' does not exist on type 'Object'.
lib/tmp.ts(318,25): error TS2314: Generic type 'Array<T>' requires 1 type argument(s).
lib/tmp.ts(318,38): error TS2339: Property 'unsafeCleanup' does not exist on type 'HTMLElement'.
lib/tmp.ts(318,66): error TS2339: Property 'rmdir' does not exist on type 'String'.
lib/tmp.ts(319,29): error TS2314: Generic type 'Array<T>' requires 1 type argument(s).
lib/tmp.ts(319,42): error TS2339: Property 'unsafeCleanup' does not exist on type 'HTMLElement'.
lib/tmp.ts(320,9): error TS2322: Type 'Function' is not assignable to type 'String'.
lib/tmp.ts(320,38): error TS2554: Expected 4 arguments, but got 3.
lib/tmp.ts(321,9): error TS2322: Type 'Function' is not assignable to type 'String'.
lib/tmp.ts(321,85): error TS2345: Argument of type 'String' is not assignable to parameter of type 'Boolean'.
  The types returned by 'valueOf()' are incompatible between these types.
    Type 'string' is not assignable to type 'boolean'.
lib/tmp.ts(322,13): error TS2339: Property 'keep' does not exist on type 'HTMLElement'.
lib/tmp.ts(344,51): error TS2366: Function lacks ending return statement and return type does not include 'undefined'.
lib/tmp.ts(349,13): error TS2739: Type 'Boolean' is missing the following properties from type 'Number': toFixed, toExponential, toPrecision
lib/tmp.ts(355,55): error TS2367: This condition will always return 'false' since the types 'Function' and 'Number' have no overlap.
lib/tmp.ts(369,31): error TS2304: Cannot find name 'Void'.
lib/tmp.ts(394,12): error TS2314: Generic type 'Array<T>' requires 1 type argument(s).
lib/tmp.ts(395,5): error TS2322: Type 'null' is not assignable to type 'Object'.
lib/tmp.ts(399,18): error TS2339: Property 'randomBytes' does not exist on type 'Crypto'.
lib/tmp.ts(401,18): error TS2339: Property 'pseudoRandomBytes' does not exist on type 'Crypto'.
lib/tmp.ts(404,19): error TS2365: Operator '<' cannot be applied to types 'number' and 'String'.
lib/tmp.ts(405,29): error TS7053: Element implicitly has an 'any' type because expression of type 'number' can't be used to index type 'Object'.
  No index signature with a parameter of type 'number' was found on type 'Object'.
lib/tmp.ts(443,64): error TS2314: Generic type 'Array<T>' requires 1 type argument(s).
lib/tmp.ts(450,20): error TS2345: Argument of type 'Object' is not assignable to parameter of type 'String'.
  The 'Object' type is assignable to very few other types. Did you mean to use the 'any' type instead?
lib/tmp.ts(457,5): error TS7053: Element implicitly has an 'any' type because expression of type 'string' can't be used to index type 'Object'.
  No index signature with a parameter of type 'string' was found on type 'Object'.
lib/tmp.ts(457,26): error TS7053: Element implicitly has an 'any' type because expression of type 'string' can't be used to index type 'Object'.
  No index signature with a parameter of type 'string' was found on type 'Object'.
lib/tmp.ts(472,31): error TS2339: Property 'tmpdir' does not exist on type 'HTMLElement'.
lib/tmp.ts(475,26): error TS2339: Property 'name' does not exist on type 'HTMLElement'.
lib/tmp.ts(476,17): error TS2339: Property 'join' does not exist on type 'String'.
lib/tmp.ts(476,45): error TS2339: Property 'name' does not exist on type 'HTMLElement'.
lib/tmp.ts(479,26): error TS2339: Property 'template' does not exist on type 'HTMLElement'.
lib/tmp.ts(480,17): error TS2339: Property 'join' does not exist on type 'String'.
lib/tmp.ts(480,45): error TS2339: Property 'template' does not exist on type 'HTMLElement'.
lib/tmp.ts(480,94): error TS2345: Argument of type 'number' is not assignable to parameter of type 'String'.
lib/tmp.ts(488,18): error TS2345: Argument of type 'number' is not assignable to parameter of type 'String'.
lib/tmp.ts(489,10): error TS2339: Property 'postfix' does not exist on type 'HTMLElement'.
lib/tmp.ts(489,31): error TS2339: Property 'postfix' does not exist on type 'HTMLElement'.
lib/tmp.ts(492,15): error TS2339: Property 'join' does not exist on type 'String'.
lib/tmp.ts(502,59): error TS2304: Cannot find name 'Void'.
lib/tmp.ts(504,11): error TS2339: Property 'tmpdir' does not exist on type 'HTMLElement'.
lib/tmp.ts(506,34): error TS2339: Property 'tmpdir' does not exist on type 'HTMLElement'.
lib/tmp.ts(509,29): error TS2339: Property 'name' does not exist on type 'HTMLElement'.
lib/tmp.ts(510,31): error TS2339: Property 'name' does not exist on type 'HTMLElement'.
lib/tmp.ts(515,29): error TS2339: Property 'template' does not exist on type 'HTMLElement'.
lib/tmp.ts(516,31): error TS2339: Property 'template' does not exist on type 'HTMLElement'.
lib/tmp.ts(517,18): error TS2339: Property 'template' does not exist on type 'HTMLElement'.
lib/tmp.ts(518,59): error TS2339: Property 'template' does not exist on type 'HTMLElement'.
lib/tmp.ts(521,29): error TS2339: Property 'tries' does not exist on type 'HTMLElement'.
lib/tmp.ts(521,53): error TS2339: Property 'tries' does not exist on type 'HTMLElement'.
lib/tmp.ts(521,71): error TS2339: Property 'tries' does not exist on type 'HTMLElement'.
lib/tmp.ts(522,54): error TS2339: Property 'tries' does not exist on type 'HTMLElement'.
lib/tmp.ts(525,11): error TS2339: Property 'tries' does not exist on type 'HTMLElement'.
lib/tmp.ts(525,40): error TS2339: Property 'name' does not exist on type 'HTMLElement'.
lib/tmp.ts(525,56): error TS2339: Property 'tries' does not exist on type 'HTMLElement'.
lib/tmp.ts(526,11): error TS2339: Property 'keep' does not exist on type 'HTMLElement'.
lib/tmp.ts(526,28): error TS2339: Property 'keep' does not exist on type 'HTMLElement'.
lib/tmp.ts(527,11): error TS2339: Property 'detachDescriptor' does not exist on type 'HTMLElement'.
lib/tmp.ts(527,40): error TS2339: Property 'detachDescriptor' does not exist on type 'HTMLElement'.
lib/tmp.ts(528,11): error TS2339: Property 'discardDescriptor' does not exist on type 'HTMLElement'.
lib/tmp.ts(528,41): error TS2339: Property 'discardDescriptor' does not exist on type 'HTMLElement'.
lib/tmp.ts(529,11): error TS2339: Property 'unsafeCleanup' does not exist on type 'HTMLElement'.
lib/tmp.ts(529,37): error TS2339: Property 'unsafeCleanup' does not exist on type 'HTMLElement'.
lib/tmp.ts(532,55): error TS2339: Property 'relative' does not exist on type 'String'.
lib/tmp.ts(533,11): error TS2339: Property 'template' does not exist on type 'HTMLElement'.
lib/tmp.ts(533,43): error TS2339: Property 'template' does not exist on type 'HTMLElement'.
lib/tmp.ts(533,72): error TS2339: Property 'relative' does not exist on type 'String'.
lib/tmp.ts(533,110): error TS2339: Property 'template' does not exist on type 'HTMLElement'.
lib/tmp.ts(535,11): error TS2339: Property 'template' does not exist on type 'HTMLElement'.
lib/tmp.ts(535,39): error TS2339: Property 'template' does not exist on type 'HTMLElement'.
lib/tmp.ts(535,68): error TS2339: Property 'relative' does not exist on type 'String'.
lib/tmp.ts(535,98): error TS2339: Property 'template' does not exist on type 'HTMLElement'.
lib/tmp.ts(538,11): error TS2339: Property 'name' does not exist on type 'HTMLElement'.
lib/tmp.ts(538,39): error TS2339: Property 'name' does not exist on type 'HTMLElement'.
lib/tmp.ts(538,67): error TS2339: Property 'name' does not exist on type 'HTMLElement'.
lib/tmp.ts(539,11): error TS2540: Cannot assign to 'prefix' because it is a read-only property.
lib/tmp.ts(539,33): error TS2345: Argument of type 'string | null' is not assignable to parameter of type 'String'.
  Type 'null' is not assignable to type 'String'.
lib/tmp.ts(540,11): error TS2339: Property 'postfix' does not exist on type 'HTMLElement'.
lib/tmp.ts(540,42): error TS2339: Property 'postfix' does not exist on type 'HTMLElement'.
lib/tmp.ts(540,66): error TS2339: Property 'postfix' does not exist on type 'HTMLElement'.
lib/tmp.ts(555,23): error TS2345: Argument of type 'String' is not assignable to parameter of type 'string'.
  'string' is a primitive, but 'String' is a wrapper object. Prefer using 'string' when possible.
lib/tmp.ts(556,17): error TS2339: Property 'resolve' does not exist on type 'String'.
lib/tmp.ts(558,17): error TS2339: Property 'resolve' does not exist on type 'String'.
lib/tmp.ts(558,30): error TS2339: Property 'join' does not exist on type 'String'.
lib/tmp.ts(571,75): error TS2304: Cannot find name 'Void'.
lib/tmp.ts(574,14): error TS2339: Property 'isAbsolute' does not exist on type 'String'.
lib/tmp.ts(577,33): error TS2339: Property 'basename' does not exist on type 'String'.
lib/tmp.ts(578,9): error TS2367: This condition will always return 'false' since the types 'Number' and 'string' have no overlap.
lib/tmp.ts(578,30): error TS2367: This condition will always return 'false' since the types 'Number' and 'string' have no overlap.
lib/tmp.ts(578,50): error TS2367: This condition will always return 'true' since the types 'Number' and 'String' have no overlap.
lib/tmp.ts(583,14): error TS2339: Property 'isAbsolute' does not exist on type 'String'.
lib/tmp.ts(583,51): error TS2345: Argument of type 'String' is not assignable to parameter of type 'string'.
  'string' is a primitive, but 'String' is a wrapper object. Prefer using 'string' when possible.
lib/tmp.ts(587,34): error TS2345: Argument of type 'String' is not assignable to parameter of type 'string'.
  'string' is a primitive, but 'String' is a wrapper object. Prefer using 'string' when possible.
lib/tmp.ts(628,49): error TS2314: Generic type 'Array<T>' requires 1 type argument(s).
lib/tmp.ts(629,27): error TS2339: Property 'code' does not exist on type 'Object'.
lib/tmp.ts(629,49): error TS2339: Property 'code' does not exist on type 'Object'.
lib/tmp.ts(629,72): error TS2339: Property 'errno' does not exist on type 'Object'.
lib/tmp.ts(639,32): error TS2304: Cannot find name 'Void'.
lib/tmp.ts(651,15): error TS2339: Property 'resolve' does not exist on type 'String'.
lib/tmp.ts(651,42): error TS2339: Property 'tmpdir' does not exist on type 'Object'.
lib/tmp.ts(651,55): error TS2339: Property 'tmpdir' does not exist on type 'String'.
lib/tmp.ts(655,21): error TS2769: No overload matches this call.
  The last overload gave the following error.
    Argument of type 'String' is not assignable to parameter of type 'Signals'.
lib/tmp.ts(752,12): error TS2554: Expected 1 arguments, but got 0.
../../../../node_modules/@types/get-intrinsic/internal/intrinsics.d.ts(11,25): error TS2304: Cannot find name 'AggregateErrorConstructor'.
../../../../node_modules/@types/get-intrinsic/internal/intrinsics.d.ts(126,42): error TS2304: Cannot find name 'AggregateError'.
../../../../node_modules/@types/get-intrinsic/internal/intrinsics.d.ts(127,47): error TS2304: Cannot find name 'AggregateError'.
../../../../node_modules/@types/get-intrinsic/internal/intrinsics.d.ts(128,50): error TS2304: Cannot find name 'AggregateError'.
../../../../node_modules/@types/get-intrinsic/internal/intrinsics.d.ts(418,37): error TS2550: Property 'any' does not exist on type 'PromiseConstructor'. Do you need to change your target library? Try changing the 'lib' compiler option to 'es2021' or later.
../../../../node_modules/@types/get-intrinsic/internal/intrinsics.d.ts(514,62): error TS2550: Property 'replaceAll' does not exist on type 'String'. Do you need to change your target library? Try changing the 'lib' compiler option to 'es2021' or later.
../../../../../tools/node_modules/typescript/lib/lib.dom.d.ts(18084,13): error TS2451: Cannot redeclare block-scoped variable 'crypto'.

