lib/DirectoryWatcher.ts(7,7): error TS2451: Cannot redeclare block-scoped variable 'EventEmitter'.
lib/DirectoryWatcher.ts(8,7): error TS2451: Cannot redeclare block-scoped variable 'fs'.
lib/DirectoryWatcher.ts(9,7): error TS2451: Cannot redeclare block-scoped variable 'path'.
lib/DirectoryWatcher.ts(11,7): error TS2451: Cannot redeclare block-scoped variable 'watchEventSource'.
lib/DirectoryWatcher.ts(13,7): error TS2740: Type 'Readonly<{}>' is missing the following properties from type 'Function': apply, call, bind, prototype, and 6 more.
lib/DirectoryWatcher.ts(17,7): error TS2451: Cannot redeclare block-scoped variable 'IS_OSX'.
lib/DirectoryWatcher.ts(18,7): error TS2322: Type 'string' is not assignable to type 'Number'.
lib/DirectoryWatcher.ts(19,7): error TS2322: Type 'number | boolean' is not assignable to type 'String'.
  Type 'number' is not assignable to type 'String'.
lib/DirectoryWatcher.ts(20,2): error TS2367: This condition will always return 'false' since the types 'string' and 'Number' have no overlap.
lib/DirectoryWatcher.ts(22,28): error TS2367: This condition will always return 'true' since the types 'Number' and 'string' have no overlap.
lib/DirectoryWatcher.ts(30,9): error TS2356: An arithmetic operand must be of type 'any', 'number', 'bigint' or an enum type.
lib/DirectoryWatcher.ts(36,7): error TS2300: Duplicate identifier 'Watcher'.
lib/DirectoryWatcher.ts(36,23): error TS2507: Type 'String' is not a constructor function type.
lib/DirectoryWatcher.ts(39,8): error TS2339: Property 'directoryWatcher' does not exist on type 'Watcher'.
lib/DirectoryWatcher.ts(40,8): error TS2339: Property 'path' does not exist on type 'Watcher'.
lib/DirectoryWatcher.ts(41,8): error TS2339: Property 'startTime' does not exist on type 'Watcher'.
lib/DirectoryWatcher.ts(45,34): error TS2339: Property 'startTime' does not exist on type 'Watcher'.
lib/DirectoryWatcher.ts(51,8): error TS2339: Property 'emit' does not exist on type 'Watcher'.
lib/DirectoryWatcher.ts(55,7): error TS2451: Cannot redeclare block-scoped variable 'DirectoryWatcher'.
lib/DirectoryWatcher.ts(55,32): error TS2507: Type 'String' is not a constructor function type.
lib/DirectoryWatcher.ts(61,8): error TS2339: Property 'watcherManager' does not exist on type 'DirectoryWatcher'.
lib/DirectoryWatcher.ts(62,8): error TS2339: Property 'options' does not exist on type 'DirectoryWatcher'.
lib/DirectoryWatcher.ts(63,8): error TS2339: Property 'path' does not exist on type 'DirectoryWatcher'.
lib/DirectoryWatcher.ts(67,8): error TS2339: Property 'files' does not exist on type 'DirectoryWatcher'.
lib/DirectoryWatcher.ts(69,8): error TS2339: Property 'filesWithoutCase' does not exist on type 'DirectoryWatcher'.
lib/DirectoryWatcher.ts(70,8): error TS2339: Property 'directories' does not exist on type 'DirectoryWatcher'.
lib/DirectoryWatcher.ts(71,8): error TS2339: Property 'lastWatchEvent' does not exist on type 'DirectoryWatcher'.
lib/DirectoryWatcher.ts(72,8): error TS2339: Property 'initialScan' does not exist on type 'DirectoryWatcher'.
lib/DirectoryWatcher.ts(73,8): error TS2339: Property 'ignored' does not exist on type 'DirectoryWatcher'.
lib/DirectoryWatcher.ts(74,8): error TS2339: Property 'nestedWatching' does not exist on type 'DirectoryWatcher'.
lib/DirectoryWatcher.ts(75,8): error TS2339: Property 'polledWatching' does not exist on type 'DirectoryWatcher'.
lib/DirectoryWatcher.ts(81,8): error TS2339: Property 'timeout' does not exist on type 'DirectoryWatcher'.
lib/DirectoryWatcher.ts(82,8): error TS2339: Property 'initialScanRemoved' does not exist on type 'DirectoryWatcher'.
lib/DirectoryWatcher.ts(83,8): error TS2339: Property 'initialScanFinished' does not exist on type 'DirectoryWatcher'.
lib/DirectoryWatcher.ts(85,8): error TS2339: Property 'watchers' does not exist on type 'DirectoryWatcher'.
lib/DirectoryWatcher.ts(86,8): error TS2339: Property 'parentWatcher' does not exist on type 'DirectoryWatcher'.
lib/DirectoryWatcher.ts(87,8): error TS2339: Property 'refs' does not exist on type 'DirectoryWatcher'.
lib/DirectoryWatcher.ts(88,8): error TS2339: Property '_activeEvents' does not exist on type 'DirectoryWatcher'.
lib/DirectoryWatcher.ts(89,8): error TS2551: Property 'closed' does not exist on type 'DirectoryWatcher'. Did you mean 'close'?
lib/DirectoryWatcher.ts(90,8): error TS2339: Property 'scanning' does not exist on type 'DirectoryWatcher'.
lib/DirectoryWatcher.ts(91,8): error TS2339: Property 'scanAgain' does not exist on type 'DirectoryWatcher'.
lib/DirectoryWatcher.ts(92,8): error TS2339: Property 'scanAgainInitial' does not exist on type 'DirectoryWatcher'.
lib/DirectoryWatcher.ts(100,13): error TS2339: Property 'polledWatching' does not exist on type 'DirectoryWatcher'.
lib/DirectoryWatcher.ts(101,10): error TS2551: Property 'watcher' does not exist on type 'DirectoryWatcher'. Did you mean 'watch'?
lib/DirectoryWatcher.ts(103,16): error TS2339: Property 'timeout' does not exist on type 'DirectoryWatcher'.
lib/DirectoryWatcher.ts(104,26): error TS2339: Property 'timeout' does not exist on type 'DirectoryWatcher'.
lib/DirectoryWatcher.ts(105,13): error TS2339: Property 'timeout' does not exist on type 'DirectoryWatcher'.
lib/DirectoryWatcher.ts(113,10): error TS2551: Property 'watcher' does not exist on type 'DirectoryWatcher'. Did you mean 'watch'?
lib/DirectoryWatcher.ts(113,37): error TS2551: Property 'watch' does not exist on type 'String'. Did you mean 'match'?
lib/DirectoryWatcher.ts(113,48): error TS2339: Property 'path' does not exist on type 'DirectoryWatcher'.
lib/DirectoryWatcher.ts(114,10): error TS2551: Property 'watcher' does not exist on type 'DirectoryWatcher'. Did you mean 'watch'?
lib/DirectoryWatcher.ts(115,10): error TS2551: Property 'watcher' does not exist on type 'DirectoryWatcher'. Did you mean 'watch'?
lib/DirectoryWatcher.ts(123,19): error TS2314: Generic type 'Array<T>' requires 1 type argument(s).
lib/DirectoryWatcher.ts(123,32): error TS2339: Property 'watchers' does not exist on type 'DirectoryWatcher'.
lib/DirectoryWatcher.ts(132,12): error TS2339: Property 'initialScan' does not exist on type 'DirectoryWatcher'.
lib/DirectoryWatcher.ts(133,9): error TS2339: Property 'initialScanRemoved' does not exist on type 'DirectoryWatcher'.
lib/DirectoryWatcher.ts(136,38): error TS2339: Property 'directories' does not exist on type 'DirectoryWatcher'.
lib/DirectoryWatcher.ts(138,13): error TS2339: Property 'nestedWatching' does not exist on type 'DirectoryWatcher'.
lib/DirectoryWatcher.ts(139,9): error TS2339: Property 'directories' does not exist on type 'DirectoryWatcher'.
lib/DirectoryWatcher.ts(141,57): error TS2339: Property 'emit' does not exist on type 'LinkResolver'.
lib/DirectoryWatcher.ts(143,30): error TS2339: Property 'path' does not exist on type 'DirectoryWatcher'.
lib/DirectoryWatcher.ts(144,8): error TS2339: Property 'emit' does not exist on type 'LinkResolver'.
lib/DirectoryWatcher.ts(149,32): error TS2339: Property 'files' does not exist on type 'DirectoryWatcher'.
lib/DirectoryWatcher.ts(151,9): error TS2339: Property 'files' does not exist on type 'DirectoryWatcher'.
lib/DirectoryWatcher.ts(153,31): error TS2339: Property 'filesWithoutCase' does not exist on type 'DirectoryWatcher'.
lib/DirectoryWatcher.ts(155,10): error TS2339: Property 'filesWithoutCase' does not exist on type 'DirectoryWatcher'.
lib/DirectoryWatcher.ts(156,58): error TS2339: Property 'emit' does not exist on type 'LinkResolver'.
lib/DirectoryWatcher.ts(158,10): error TS2339: Property 'filesWithoutCase' does not exist on type 'DirectoryWatcher'.
lib/DirectoryWatcher.ts(162,30): error TS2339: Property 'path' does not exist on type 'DirectoryWatcher'.
lib/DirectoryWatcher.ts(163,8): error TS2339: Property 'emit' does not exist on type 'LinkResolver'.
lib/DirectoryWatcher.ts(172,12): error TS2339: Property 'ignored' does not exist on type 'DirectoryWatcher'.
lib/DirectoryWatcher.ts(174,28): error TS2339: Property 'files' does not exist on type 'DirectoryWatcher'.
lib/DirectoryWatcher.ts(178,15): error TS2365: Operator '+' cannot be applied to types 'number' and 'Number'.
lib/DirectoryWatcher.ts(178,24): error TS2345: Argument of type 'Number' is not assignable to parameter of type 'number'.
  'number' is a primitive, but 'Number' is a wrapper object. Prefer using 'number' when possible.
lib/DirectoryWatcher.ts(184,19): error TS2339: Property 'timestamp' does not exist on type 'Object'.
lib/DirectoryWatcher.ts(193,37): error TS2339: Property 'timestamp' does not exist on type 'Object'.
lib/DirectoryWatcher.ts(195,8): error TS2339: Property 'files' does not exist on type 'DirectoryWatcher'.
lib/DirectoryWatcher.ts(203,31): error TS2339: Property 'filesWithoutCase' does not exist on type 'DirectoryWatcher'.
lib/DirectoryWatcher.ts(204,9): error TS2339: Property 'filesWithoutCase' does not exist on type 'DirectoryWatcher'.
lib/DirectoryWatcher.ts(204,35): error TS2365: Operator '+' cannot be applied to types 'number | String' and 'number'.
lib/DirectoryWatcher.ts(216,8): error TS2339: Property 'emit' does not exist on type 'Watcher'.
lib/DirectoryWatcher.ts(220,57): error TS2339: Property 'emit' does not exist on type 'LinkResolver'.
lib/DirectoryWatcher.ts(222,28): error TS2339: Property 'path' does not exist on type 'DirectoryWatcher'.
lib/DirectoryWatcher.ts(224,7): error TS2339: Property 'emit' does not exist on type 'Watcher'.
lib/DirectoryWatcher.ts(230,12): error TS2339: Property 'ignored' does not exist on type 'DirectoryWatcher'.
lib/DirectoryWatcher.ts(231,30): error TS2339: Property 'path' does not exist on type 'DirectoryWatcher'.
lib/DirectoryWatcher.ts(233,30): error TS2339: Property 'path' does not exist on type 'DirectoryWatcher'.
lib/DirectoryWatcher.ts(234,8): error TS2339: Property 'emit' does not exist on type 'LinkResolver'.
lib/DirectoryWatcher.ts(238,39): error TS2339: Property 'directories' does not exist on type 'DirectoryWatcher'.
lib/DirectoryWatcher.ts(242,14): error TS2339: Property 'nestedWatching' does not exist on type 'DirectoryWatcher'.
lib/DirectoryWatcher.ts(245,11): error TS2339: Property 'directories' does not exist on type 'DirectoryWatcher'.
lib/DirectoryWatcher.ts(250,17): error TS2365: Operator '+' cannot be applied to types 'number' and 'Number'.
lib/DirectoryWatcher.ts(250,26): error TS2345: Argument of type 'Number' is not assignable to parameter of type 'number'.
  'number' is a primitive, but 'Number' is a wrapper object. Prefer using 'number' when possible.
lib/DirectoryWatcher.ts(257,9): error TS2339: Property 'emit' does not exist on type 'Watcher'.
lib/DirectoryWatcher.ts(260,30): error TS2339: Property 'path' does not exist on type 'DirectoryWatcher'.
lib/DirectoryWatcher.ts(262,9): error TS2339: Property 'emit' does not exist on type 'Watcher'.
lib/DirectoryWatcher.ts(270,33): error TS2339: Property 'watcherManager' does not exist on type 'DirectoryWatcher'.
lib/DirectoryWatcher.ts(271,11): error TS2339: Property 'on' does not exist on type 'Watcher'.
lib/DirectoryWatcher.ts(272,29): error TS2339: Property 'path' does not exist on type 'DirectoryWatcher'.
lib/DirectoryWatcher.ts(274,8): error TS2339: Property 'emit' does not exist on type 'Watcher'.
lib/DirectoryWatcher.ts(278,8): error TS2339: Property 'directories' does not exist on type 'DirectoryWatcher'.
lib/DirectoryWatcher.ts(282,12): error TS2339: Property 'nestedWatching' does not exist on type 'DirectoryWatcher'.
lib/DirectoryWatcher.ts(283,9): error TS2339: Property 'nestedWatching' does not exist on type 'DirectoryWatcher'.
lib/DirectoryWatcher.ts(284,13): error TS2339: Property 'nestedWatching' does not exist on type 'DirectoryWatcher'.
lib/DirectoryWatcher.ts(285,34): error TS2339: Property 'directories' does not exist on type 'DirectoryWatcher'.
lib/DirectoryWatcher.ts(289,45): error TS2339: Property 'directories' does not exist on type 'DirectoryWatcher'.
lib/DirectoryWatcher.ts(291,11): error TS2339: Property 'directories' does not exist on type 'DirectoryWatcher'.
lib/DirectoryWatcher.ts(299,17): error TS2314: Generic type 'Map<K, V>' requires 2 type argument(s).
lib/DirectoryWatcher.ts(299,28): error TS2339: Property 'watchers' does not exist on type 'DirectoryWatcher'.
lib/DirectoryWatcher.ts(302,9): error TS2339: Property 'watchers' does not exist on type 'DirectoryWatcher'.
lib/DirectoryWatcher.ts(304,8): error TS2339: Property 'refs' does not exist on type 'DirectoryWatcher'.
lib/DirectoryWatcher.ts(305,9): error TS2740: Type 'Watcher' is missing the following properties from type 'Watchpack': watch, pause, getTimes, getTimeInfoEntries, and 5 more.
lib/DirectoryWatcher.ts(306,11): error TS2339: Property 'on' does not exist on type 'Watchpack'.
lib/DirectoryWatcher.ts(307,15): error TS2339: Property 'refs' does not exist on type 'DirectoryWatcher'.
lib/DirectoryWatcher.ts(313,10): error TS2339: Property 'watchers' does not exist on type 'DirectoryWatcher'.
lib/DirectoryWatcher.ts(314,14): error TS2339: Property 'path' does not exist on type 'DirectoryWatcher'.
lib/DirectoryWatcher.ts(319,25): error TS2339: Property 'path' does not exist on type 'DirectoryWatcher'.
lib/DirectoryWatcher.ts(321,20): error TS2339: Property 'lastWatchEvent' does not exist on type 'DirectoryWatcher'.
lib/DirectoryWatcher.ts(322,29): error TS2339: Property 'files' does not exist on type 'DirectoryWatcher'.
lib/DirectoryWatcher.ts(324,25): error TS2345: Argument of type 'Number' is not assignable to parameter of type 'number'.
  'number' is a primitive, but 'Number' is a wrapper object. Prefer using 'number' when possible.
lib/DirectoryWatcher.ts(327,32): error TS2339: Property 'files' does not exist on type 'DirectoryWatcher'.
lib/DirectoryWatcher.ts(330,22): error TS2339: Property 'safeTime' does not exist on type 'Watcher'.
lib/DirectoryWatcher.ts(338,15): error TS2551: Property 'closed' does not exist on type 'DirectoryWatcher'. Did you mean 'close'?
lib/DirectoryWatcher.ts(339,28): error TS2339: Property 'path' does not exist on type 'DirectoryWatcher'.
lib/DirectoryWatcher.ts(340,15): error TS2339: Property 'emit' does not exist on type 'Watchpack'.
lib/DirectoryWatcher.ts(348,15): error TS2339: Property 'emit' does not exist on type 'Watchpack'.
lib/DirectoryWatcher.ts(357,19): error TS2339: Property 'initialScan' does not exist on type 'DirectoryWatcher'.
lib/DirectoryWatcher.ts(358,13): error TS2339: Property 'initialScanRemoved' does not exist on type 'DirectoryWatcher'.
lib/DirectoryWatcher.ts(360,15): error TS2551: Property 'closed' does not exist on type 'DirectoryWatcher'. Did you mean 'close'?
lib/DirectoryWatcher.ts(361,14): error TS2339: Property 'emit' does not exist on type 'Watchpack'.
lib/DirectoryWatcher.ts(365,10): error TS2339: Property 'directories' does not exist on type 'DirectoryWatcher'.
lib/DirectoryWatcher.ts(366,12): error TS2339: Property 'checkStartTime' does not exist on type 'Watchpack'.
lib/DirectoryWatcher.ts(366,32): error TS2339: Property 'initialScanFinished' does not exist on type 'DirectoryWatcher'.
lib/DirectoryWatcher.ts(369,14): error TS2551: Property 'closed' does not exist on type 'DirectoryWatcher'. Did you mean 'close'?
lib/DirectoryWatcher.ts(370,13): error TS2339: Property 'emit' does not exist on type 'Watchpack'.
lib/DirectoryWatcher.ts(377,12): error TS2551: Property 'closed' does not exist on type 'DirectoryWatcher'. Did you mean 'close'?
lib/DirectoryWatcher.ts(387,33): error TS2339: Property 'join' does not exist on type 'String'.
lib/DirectoryWatcher.ts(387,43): error TS2339: Property 'path' does not exist on type 'DirectoryWatcher'.
lib/DirectoryWatcher.ts(388,12): error TS2339: Property 'ignored' does not exist on type 'DirectoryWatcher'.
lib/DirectoryWatcher.ts(390,12): error TS2339: Property '_activeEvents' does not exist on type 'DirectoryWatcher'.
lib/DirectoryWatcher.ts(391,9): error TS2339: Property '_activeEvents' does not exist on type 'DirectoryWatcher'.
lib/DirectoryWatcher.ts(393,14): error TS2551: Property 'closed' does not exist on type 'DirectoryWatcher'. Did you mean 'close'?
lib/DirectoryWatcher.ts(394,10): error TS2339: Property '_activeEvents' does not exist on type 'DirectoryWatcher'.
lib/DirectoryWatcher.ts(395,8): error TS2339: Property 'lstat' does not exist on type 'String'.
lib/DirectoryWatcher.ts(395,50): error TS2314: Generic type 'Array<T>' requires 1 type argument(s).
lib/DirectoryWatcher.ts(396,15): error TS2551: Property 'closed' does not exist on type 'DirectoryWatcher'. Did you mean 'close'?
lib/DirectoryWatcher.ts(397,15): error TS2339: Property '_activeEvents' does not exist on type 'DirectoryWatcher'.
lib/DirectoryWatcher.ts(401,11): error TS2339: Property '_activeEvents' does not exist on type 'DirectoryWatcher'.
lib/DirectoryWatcher.ts(406,12): error TS2339: Property 'code' does not exist on type 'HTMLElement'.
lib/DirectoryWatcher.ts(407,12): error TS2339: Property 'code' does not exist on type 'HTMLElement'.
lib/DirectoryWatcher.ts(408,12): error TS2339: Property 'code' does not exist on type 'HTMLElement'.
lib/DirectoryWatcher.ts(412,30): error TS2339: Property 'basename' does not exist on type 'String'.
lib/DirectoryWatcher.ts(412,44): error TS2339: Property 'path' does not exist on type 'DirectoryWatcher'.
lib/DirectoryWatcher.ts(414,17): error TS2339: Property 'existsSync' does not exist on type 'String'.
lib/DirectoryWatcher.ts(414,33): error TS2339: Property 'path' does not exist on type 'DirectoryWatcher'.
lib/DirectoryWatcher.ts(420,11): error TS2339: Property 'lastWatchEvent' does not exist on type 'DirectoryWatcher'.
lib/DirectoryWatcher.ts(446,9): error TS2339: Property '_activeEvents' does not exist on type 'DirectoryWatcher'.
lib/DirectoryWatcher.ts(451,12): error TS2551: Property 'closed' does not exist on type 'DirectoryWatcher'. Did you mean 'close'?
lib/DirectoryWatcher.ts(474,12): error TS2339: Property 'polledWatching' does not exist on type 'DirectoryWatcher'.
lib/DirectoryWatcher.ts(475,9): error TS2339: Property 'timeout' does not exist on type 'DirectoryWatcher'.
lib/DirectoryWatcher.ts(476,14): error TS2551: Property 'closed' does not exist on type 'DirectoryWatcher'. Did you mean 'close'?
lib/DirectoryWatcher.ts(478,12): error TS2339: Property 'polledWatching' does not exist on type 'DirectoryWatcher'.
lib/DirectoryWatcher.ts(483,12): error TS2551: Property 'watcher' does not exist on type 'DirectoryWatcher'. Did you mean 'watch'?
lib/DirectoryWatcher.ts(484,9): error TS2551: Property 'watcher' does not exist on type 'DirectoryWatcher'. Did you mean 'watch'?
lib/DirectoryWatcher.ts(485,9): error TS2551: Property 'watcher' does not exist on type 'DirectoryWatcher'. Did you mean 'watch'?
lib/DirectoryWatcher.ts(489,32): error TS2339: Property 'directories' does not exist on type 'DirectoryWatcher'.
lib/DirectoryWatcher.ts(492,27): error TS2339: Property 'files' does not exist on type 'DirectoryWatcher'.
lib/DirectoryWatcher.ts(498,13): error TS2339: Property 'parentWatcher' does not exist on type 'DirectoryWatcher'.
lib/DirectoryWatcher.ts(499,35): error TS2339: Property 'dirname' does not exist on type 'String'.
lib/DirectoryWatcher.ts(499,48): error TS2339: Property 'path' does not exist on type 'DirectoryWatcher'.
lib/DirectoryWatcher.ts(502,13): error TS2339: Property 'dirname' does not exist on type 'String'.
lib/DirectoryWatcher.ts(504,9): error TS2339: Property 'parentWatcher' does not exist on type 'DirectoryWatcher'.
lib/DirectoryWatcher.ts(504,30): error TS2339: Property 'watcherManager' does not exist on type 'DirectoryWatcher'.
lib/DirectoryWatcher.ts(504,60): error TS2339: Property 'path' does not exist on type 'DirectoryWatcher'.
lib/DirectoryWatcher.ts(505,9): error TS2339: Property 'parentWatcher' does not exist on type 'DirectoryWatcher'.
lib/DirectoryWatcher.ts(506,14): error TS2551: Property 'closed' does not exist on type 'DirectoryWatcher'. Did you mean 'close'?
lib/DirectoryWatcher.ts(510,26): error TS2339: Property 'polledWatching' does not exist on type 'DirectoryWatcher'.
lib/DirectoryWatcher.ts(510,50): error TS2339: Property 'parentWatcher' does not exist on type 'DirectoryWatcher'.
lib/DirectoryWatcher.ts(511,11): error TS2339: Property 'parentWatcher' does not exist on type 'DirectoryWatcher'.
lib/DirectoryWatcher.ts(512,11): error TS2339: Property 'parentWatcher' does not exist on type 'DirectoryWatcher'.
lib/DirectoryWatcher.ts(515,15): error TS2551: Property 'watcher' does not exist on type 'DirectoryWatcher'. Did you mean 'watch'?
lib/DirectoryWatcher.ts(520,31): error TS2339: Property 'path' does not exist on type 'DirectoryWatcher'.
lib/DirectoryWatcher.ts(521,9): error TS2339: Property 'emit' does not exist on type 'LinkResolver'.
lib/DirectoryWatcher.ts(521,29): error TS2339: Property 'path' does not exist on type 'DirectoryWatcher'.
lib/DirectoryWatcher.ts(525,9): error TS2339: Property 'parentWatcher' does not exist on type 'DirectoryWatcher'.
lib/DirectoryWatcher.ts(532,12): error TS2339: Property 'scanning' does not exist on type 'DirectoryWatcher'.
lib/DirectoryWatcher.ts(533,13): error TS2339: Property 'scanAgain' does not exist on type 'DirectoryWatcher'.
lib/DirectoryWatcher.ts(534,24): error TS2339: Property 'scanAgainInitial' does not exist on type 'DirectoryWatcher'.
lib/DirectoryWatcher.ts(536,10): error TS2339: Property 'scanAgain' does not exist on type 'DirectoryWatcher'.
lib/DirectoryWatcher.ts(537,10): error TS2339: Property 'scanAgainInitial' does not exist on type 'DirectoryWatcher'.
lib/DirectoryWatcher.ts(541,8): error TS2339: Property 'scanning' does not exist on type 'DirectoryWatcher'.
lib/DirectoryWatcher.ts(542,12): error TS2339: Property 'timeout' does not exist on type 'DirectoryWatcher'.
lib/DirectoryWatcher.ts(543,22): error TS2339: Property 'timeout' does not exist on type 'DirectoryWatcher'.
lib/DirectoryWatcher.ts(544,9): error TS2339: Property 'timeout' does not exist on type 'DirectoryWatcher'.
lib/DirectoryWatcher.ts(547,13): error TS2551: Property 'closed' does not exist on type 'DirectoryWatcher'. Did you mean 'close'?
lib/DirectoryWatcher.ts(548,7): error TS2339: Property 'readdir' does not exist on type 'String'.
lib/DirectoryWatcher.ts(548,20): error TS2339: Property 'path' does not exist on type 'DirectoryWatcher'.
lib/DirectoryWatcher.ts(548,47): error TS2314: Generic type 'Array<T>' requires 1 type argument(s).
lib/DirectoryWatcher.ts(549,14): error TS2551: Property 'closed' does not exist on type 'DirectoryWatcher'. Did you mean 'close'?
lib/DirectoryWatcher.ts(551,14): error TS2339: Property 'code' does not exist on type 'Object'.
lib/DirectoryWatcher.ts(551,39): error TS2339: Property 'code' does not exist on type 'Object'.
lib/DirectoryWatcher.ts(556,11): error TS2339: Property 'initialScan' does not exist on type 'DirectoryWatcher'.
lib/DirectoryWatcher.ts(557,11): error TS2339: Property 'initialScanFinished' does not exist on type 'DirectoryWatcher'.
lib/DirectoryWatcher.ts(559,35): error TS2339: Property 'watchers' does not exist on type 'DirectoryWatcher'.
lib/DirectoryWatcher.ts(561,41): error TS2339: Property 'initialScanFinished' does not exist on type 'DirectoryWatcher'.
lib/DirectoryWatcher.ts(570,15): error TS2339: Property 'scanAgain' does not exist on type 'DirectoryWatcher'.
lib/DirectoryWatcher.ts(571,12): error TS2339: Property 'scanAgain' does not exist on type 'DirectoryWatcher'.
lib/DirectoryWatcher.ts(572,24): error TS2339: Property 'scanAgainInitial' does not exist on type 'DirectoryWatcher'.
lib/DirectoryWatcher.ts(574,12): error TS2339: Property 'scanning' does not exist on type 'DirectoryWatcher'.
lib/DirectoryWatcher.ts(578,22): error TS2314: Generic type 'Map<K, V>' requires 2 type argument(s).
lib/DirectoryWatcher.ts(579,39): error TS2339: Property 'join' does not exist on type 'String'.
lib/DirectoryWatcher.ts(579,49): error TS2339: Property 'path' does not exist on type 'DirectoryWatcher'.
lib/DirectoryWatcher.ts(581,29): error TS2339: Property 'files' does not exist on type 'DirectoryWatcher'.
lib/DirectoryWatcher.ts(586,34): error TS2339: Property 'directories' does not exist on type 'DirectoryWatcher'.
lib/DirectoryWatcher.ts(591,14): error TS2339: Property 'scanAgain' does not exist on type 'DirectoryWatcher'.
lib/DirectoryWatcher.ts(593,11): error TS2339: Property 'scanAgain' does not exist on type 'DirectoryWatcher'.
lib/DirectoryWatcher.ts(598,15): error TS2551: Property 'closed' does not exist on type 'DirectoryWatcher'. Did you mean 'close'?
lib/DirectoryWatcher.ts(599,11): error TS2339: Property 'initialScan' does not exist on type 'DirectoryWatcher'.
lib/DirectoryWatcher.ts(600,11): error TS2339: Property 'initialScanRemoved' does not exist on type 'DirectoryWatcher'.
lib/DirectoryWatcher.ts(601,11): error TS2339: Property 'initialScanFinished' does not exist on type 'DirectoryWatcher'.
lib/DirectoryWatcher.ts(603,30): error TS2314: Generic type 'Map<K, V>' requires 2 type argument(s).
lib/DirectoryWatcher.ts(603,49): error TS2339: Property 'watchers' does not exist on type 'DirectoryWatcher'.
lib/DirectoryWatcher.ts(604,47): error TS2339: Property 'path' does not exist on type 'DirectoryWatcher'.
lib/DirectoryWatcher.ts(610,41): error TS2339: Property 'initialScanFinished' does not exist on type 'DirectoryWatcher'.
lib/DirectoryWatcher.ts(619,15): error TS2339: Property 'scanAgain' does not exist on type 'DirectoryWatcher'.
lib/DirectoryWatcher.ts(620,12): error TS2339: Property 'scanAgain' does not exist on type 'DirectoryWatcher'.
lib/DirectoryWatcher.ts(621,24): error TS2339: Property 'scanAgainInitial' does not exist on type 'DirectoryWatcher'.
lib/DirectoryWatcher.ts(623,12): error TS2339: Property 'scanning' does not exist on type 'DirectoryWatcher'.
lib/DirectoryWatcher.ts(628,9): error TS2339: Property 'lstat' does not exist on type 'String'.
lib/DirectoryWatcher.ts(628,52): error TS2314: Generic type 'Array<T>' requires 1 type argument(s).
lib/DirectoryWatcher.ts(629,16): error TS2551: Property 'closed' does not exist on type 'DirectoryWatcher'. Did you mean 'close'?
lib/DirectoryWatcher.ts(632,14): error TS2339: Property 'code' does not exist on type 'HTMLElement'.
lib/DirectoryWatcher.ts(633,14): error TS2339: Property 'code' does not exist on type 'HTMLElement'.
lib/DirectoryWatcher.ts(634,14): error TS2339: Property 'code' does not exist on type 'HTMLElement'.
lib/DirectoryWatcher.ts(635,14): error TS2339: Property 'code' does not exist on type 'HTMLElement'.
lib/DirectoryWatcher.ts(637,60): error TS2339: Property 'code' does not exist on type 'HTMLElement'.
lib/DirectoryWatcher.ts(656,30): error TS2339: Property 'directories' does not exist on type 'DirectoryWatcher'.
lib/DirectoryWatcher.ts(674,31): error TS2339: Property 'lastWatchEvent' does not exist on type 'DirectoryWatcher'.
lib/DirectoryWatcher.ts(675,36): error TS2339: Property 'files' does not exist on type 'DirectoryWatcher'.
lib/DirectoryWatcher.ts(677,24): error TS2345: Argument of type 'Number' is not assignable to parameter of type 'number'.
  'number' is a primitive, but 'Number' is a wrapper object. Prefer using 'number' when possible.
lib/DirectoryWatcher.ts(680,12): error TS2339: Property 'nestedWatching' does not exist on type 'DirectoryWatcher'.
lib/DirectoryWatcher.ts(681,25): error TS2339: Property 'directories' does not exist on type 'DirectoryWatcher'.
lib/DirectoryWatcher.ts(685,26): error TS2345: Argument of type 'Number' is not assignable to parameter of type 'number'.
  'number' is a primitive, but 'Number' is a wrapper object. Prefer using 'number' when possible.
lib/DirectoryWatcher.ts(689,13): error TS2339: Property 'path' does not exist on type 'DirectoryWatcher'.
lib/DirectoryWatcher.ts(691,13): error TS2339: Property 'initialScan' does not exist on type 'DirectoryWatcher'.
lib/DirectoryWatcher.ts(692,32): error TS2339: Property 'watchers' does not exist on type 'DirectoryWatcher'.
lib/DirectoryWatcher.ts(696,11): error TS2538: Type 'String' cannot be used as an index type.
lib/DirectoryWatcher.ts(705,31): error TS2339: Property 'lastWatchEvent' does not exist on type 'DirectoryWatcher'.
lib/DirectoryWatcher.ts(706,36): error TS2339: Property 'files' does not exist on type 'DirectoryWatcher'.
lib/DirectoryWatcher.ts(708,24): error TS2345: Argument of type 'Number' is not assignable to parameter of type 'number'.
  'number' is a primitive, but 'Number' is a wrapper object. Prefer using 'number' when possible.
lib/DirectoryWatcher.ts(711,12): error TS2339: Property 'nestedWatching' does not exist on type 'DirectoryWatcher'.
lib/DirectoryWatcher.ts(712,25): error TS2339: Property 'directories' does not exist on type 'DirectoryWatcher'.
lib/DirectoryWatcher.ts(714,6): error TS2345: Argument of type 'Number' is not assignable to parameter of type 'number'.
  'number' is a primitive, but 'Number' is a wrapper object. Prefer using 'number' when possible.
lib/DirectoryWatcher.ts(721,28): error TS2339: Property 'path' does not exist on type 'DirectoryWatcher'.
lib/DirectoryWatcher.ts(722,33): error TS2339: Property 'path' does not exist on type 'DirectoryWatcher'.
lib/DirectoryWatcher.ts(726,27): error TS2339: Property 'directories' does not exist on type 'DirectoryWatcher'.
lib/DirectoryWatcher.ts(733,28): error TS2339: Property 'path' does not exist on type 'DirectoryWatcher'.
lib/DirectoryWatcher.ts(734,33): error TS2339: Property 'path' does not exist on type 'DirectoryWatcher'.
lib/DirectoryWatcher.ts(736,13): error TS2339: Property 'initialScan' does not exist on type 'DirectoryWatcher'.
lib/DirectoryWatcher.ts(737,32): error TS2339: Property 'watchers' does not exist on type 'DirectoryWatcher'.
lib/DirectoryWatcher.ts(750,8): error TS2551: Property 'closed' does not exist on type 'DirectoryWatcher'. Did you mean 'close'?
lib/DirectoryWatcher.ts(751,8): error TS2339: Property 'initialScan' does not exist on type 'DirectoryWatcher'.
lib/DirectoryWatcher.ts(752,12): error TS2551: Property 'watcher' does not exist on type 'DirectoryWatcher'. Did you mean 'watch'?
lib/DirectoryWatcher.ts(753,9): error TS2551: Property 'watcher' does not exist on type 'DirectoryWatcher'. Did you mean 'watch'?
lib/DirectoryWatcher.ts(754,9): error TS2551: Property 'watcher' does not exist on type 'DirectoryWatcher'. Did you mean 'watch'?
lib/DirectoryWatcher.ts(756,12): error TS2339: Property 'nestedWatching' does not exist on type 'DirectoryWatcher'.
lib/DirectoryWatcher.ts(757,25): error TS2339: Property 'directories' does not exist on type 'DirectoryWatcher'.
lib/DirectoryWatcher.ts(760,9): error TS2339: Property 'directories' does not exist on type 'DirectoryWatcher'.
lib/DirectoryWatcher.ts(762,12): error TS2339: Property 'parentWatcher' does not exist on type 'DirectoryWatcher'.
lib/DirectoryWatcher.ts(763,9): error TS2339: Property 'parentWatcher' does not exist on type 'DirectoryWatcher'.
lib/DirectoryWatcher.ts(764,9): error TS2339: Property 'parentWatcher' does not exist on type 'DirectoryWatcher'.
lib/DirectoryWatcher.ts(766,8): error TS2339: Property 'emit' does not exist on type 'DirectoryWatcher'.
lib/DirectoryWatcher.ts(773,45): error TS2304: Cannot find name 'Void'.
lib/DirectoryWatcher.ts(774,12): error TS2339: Property 'accuracy' does not exist on type 'Object'.
lib/DirectoryWatcher.ts(775,9): error TS2339: Property 'safeTime' does not exist on type 'Object'.
lib/DirectoryWatcher.ts(775,20): error TS2365: Operator '+' cannot be applied to types 'number' and 'Number'.
lib/DirectoryWatcher.ts(775,26): error TS2339: Property 'safeTime' does not exist on type 'Object'.
lib/DirectoryWatcher.ts(775,43): error TS2339: Property 'accuracy' does not exist on type 'Object'.
lib/DirectoryWatcher.ts(776,9): error TS2339: Property 'accuracy' does not exist on type 'Object'.
lib/DirectoryWatcher.ts(780,43): error TS2304: Cannot find name 'Void'.
lib/DirectoryWatcher.ts(782,25): error TS2362: The left-hand side of an arithmetic operation must be of type 'any', 'number', 'bigint' or an enum type.
lib/DirectoryWatcher.ts(783,31): error TS2362: The left-hand side of an arithmetic operation must be of type 'any', 'number', 'bigint' or an enum type.
lib/DirectoryWatcher.ts(784,32): error TS2362: The left-hand side of an arithmetic operation must be of type 'any', 'number', 'bigint' or an enum type.
lib/DirectoryWatcher.ts(785,33): error TS2362: The left-hand side of an arithmetic operation must be of type 'any', 'number', 'bigint' or an enum type.
lib/LinkResolver.ts(7,7): error TS2451: Cannot redeclare block-scoped variable 'fs'.
lib/LinkResolver.ts(8,7): error TS2451: Cannot redeclare block-scoped variable 'path'.
lib/LinkResolver.ts(11,7): error TS2739: Type 'Set<string>' is missing the following properties from type 'Error': name, message
lib/LinkResolver.ts(14,51): error TS2339: Property 'add' does not exist on type 'Error'.
lib/LinkResolver.ts(16,7): error TS2451: Cannot redeclare block-scoped variable 'LinkResolver'.
lib/LinkResolver.ts(18,8): error TS2339: Property 'cache' does not exist on type 'LinkResolver'.
lib/LinkResolver.ts(26,35): error TS2339: Property 'cache' does not exist on type 'LinkResolver'.
lib/LinkResolver.ts(30,31): error TS2339: Property 'dirname' does not exist on type 'String'.
lib/LinkResolver.ts(33,10): error TS2740: Type 'readonly any[]' is missing the following properties from type 'Function': apply, call, bind, prototype, and 5 more.
lib/LinkResolver.ts(34,9): error TS2339: Property 'cache' does not exist on type 'LinkResolver'.
lib/LinkResolver.ts(38,25): error TS2314: Generic type 'Array<T>' requires 1 type argument(s).
lib/LinkResolver.ts(44,34): error TS2339: Property 'basename' does not exist on type 'String'.
lib/LinkResolver.ts(45,20): error TS2339: Property 'resolve' does not exist on type 'String'.
lib/LinkResolver.ts(49,35): error TS2339: Property 'readlinkSync' does not exist on type 'String'.
lib/LinkResolver.ts(52,38): error TS2339: Property 'resolve' does not exist on type 'String'.
lib/LinkResolver.ts(55,24): error TS2314: Generic type 'Array<T>' requires 1 type argument(s).
lib/LinkResolver.ts(58,16): error TS2314: Generic type 'Array<T>' requires 1 type argument(s).
lib/LinkResolver.ts(61,11): error TS2739: Type 'Set<unknown>' is missing the following properties from type 'Error': name, message
lib/LinkResolver.ts(63,15): error TS2339: Property 'add' does not exist on type 'Error'.
lib/LinkResolver.ts(66,16): error TS2339: Property 'add' does not exist on type 'Error'.
lib/LinkResolver.ts(68,39): error TS2769: No overload matches this call.
  Overload 1 of 4, '(iterable: Iterable<unknown> | ArrayLike<unknown>): unknown[]', gave the following error.
    Argument of type 'Error' is not assignable to parameter of type 'Iterable<unknown> | ArrayLike<unknown>'.
  Overload 2 of 4, '(arrayLike: ArrayLike<unknown>): unknown[]', gave the following error.
    Argument of type 'Error' is not assignable to parameter of type 'ArrayLike<unknown>'.
      Property 'length' is missing in type 'Error' but required in type 'ArrayLike<unknown>'.
lib/LinkResolver.ts(92,9): error TS2339: Property 'cache' does not exist on type 'LinkResolver'.
lib/LinkResolver.ts(95,25): error TS2339: Property 'has' does not exist on type 'Error'.
lib/LinkResolver.ts(102,9): error TS2339: Property 'cache' does not exist on type 'LinkResolver'.
lib/getWatcherManager.ts(7,7): error TS2451: Cannot redeclare block-scoped variable 'path'.
lib/getWatcherManager.ts(8,7): error TS2451: Cannot redeclare block-scoped variable 'DirectoryWatcher'.
lib/getWatcherManager.ts(12,8): error TS2339: Property 'options' does not exist on type 'WatcherManager'.
lib/getWatcherManager.ts(13,8): error TS2551: Property 'directoryWatchers' does not exist on type 'WatcherManager'. Did you mean 'getDirectoryWatcher'?
lib/getWatcherManager.ts(17,33): error TS2551: Property 'directoryWatchers' does not exist on type 'WatcherManager'. Did you mean 'getDirectoryWatcher'?
lib/getWatcherManager.ts(19,10): error TS2741: Property 'checkStartTime' is missing in type 'DirectoryWatcher' but required in type 'Watcher'.
lib/getWatcherManager.ts(19,75): error TS2339: Property 'options' does not exist on type 'WatcherManager'.
lib/getWatcherManager.ts(20,9): error TS2551: Property 'directoryWatchers' does not exist on type 'WatcherManager'. Did you mean 'getDirectoryWatcher'?
lib/getWatcherManager.ts(21,15): error TS2339: Property 'on' does not exist on type 'Watcher'.
lib/getWatcherManager.ts(22,10): error TS2551: Property 'directoryWatchers' does not exist on type 'WatcherManager'. Did you mean 'getDirectoryWatcher'?
lib/getWatcherManager.ts(30,34): error TS2339: Property 'dirname' does not exist on type 'String'.
lib/getWatcherManager.ts(32,46): error TS2339: Property 'watch' does not exist on type 'Watcher'.
lib/getWatcherManager.ts(36,46): error TS2339: Property 'watch' does not exist on type 'Watcher'.
lib/getWatcherManager.ts(40,7): error TS2739: Type 'WeakMap<object, any>' is missing the following properties from type 'Error': name, message
lib/getWatcherManager.ts(46,57): error TS2339: Property 'get' does not exist on type 'Error'.
lib/getWatcherManager.ts(48,8): error TS2740: Type 'WatcherManager' is missing the following properties from type 'String': charAt, charCodeAt, concat, indexOf, and 44 more.
lib/getWatcherManager.ts(49,18): error TS2339: Property 'set' does not exist on type 'Error'.
lib/reducePlan.ts(7,7): error TS2451: Cannot redeclare block-scoped variable 'path'.
lib/reducePlan.ts(26,25): error TS2314: Generic type 'Array<T>' requires 1 type argument(s).
lib/reducePlan.ts(27,17): error TS2314: Generic type 'Map<K, V>' requires 2 type argument(s).
lib/reducePlan.ts(42,35): error TS2339: Property 'dirname' does not exist on type 'String'.
lib/reducePlan.ts(58,16): error TS2339: Property 'children' does not exist on type 'Object'.
lib/reducePlan.ts(59,13): error TS2339: Property 'children' does not exist on type 'Object'.
lib/reducePlan.ts(61,13): error TS2339: Property 'children' does not exist on type 'Object'.
lib/reducePlan.ts(64,13): error TS2339: Property 'entries' does not exist on type 'Object'.
lib/reducePlan.ts(65,22): error TS2339: Property 'parent' does not exist on type 'Object'.
lib/reducePlan.ts(73,29): error TS2362: The left-hand side of an arithmetic operation must be of type 'any', 'number', 'bigint' or an enum type.
lib/reducePlan.ts(73,44): error TS2363: The right-hand side of an arithmetic operation must be of type 'any', 'number', 'bigint' or an enum type.
lib/reducePlan.ts(85,27): error TS2363: The right-hand side of an arithmetic operation must be of type 'any', 'number', 'bigint' or an enum type.
lib/reducePlan.ts(86,8): error TS2362: The left-hand side of an arithmetic operation must be of type 'any', 'number', 'bigint' or an enum type.
lib/reducePlan.ts(86,39): error TS2362: The left-hand side of an arithmetic operation must be of type 'any', 'number', 'bigint' or an enum type.
lib/reducePlan.ts(94,38): error TS2339: Property 'entries' does not exist on type 'Object'.
lib/reducePlan.ts(95,12): error TS2339: Property 'active' does not exist on type 'Object'.
lib/reducePlan.ts(96,12): error TS2339: Property 'entries' does not exist on type 'Object'.
lib/reducePlan.ts(97,3): error TS2362: The left-hand side of an arithmetic operation must be of type 'any', 'number', 'bigint' or an enum type.
lib/reducePlan.ts(97,19): error TS2363: The right-hand side of an arithmetic operation must be of type 'any', 'number', 'bigint' or an enum type.
lib/reducePlan.ts(98,33): error TS2339: Property 'parent' does not exist on type 'Object'.
lib/reducePlan.ts(100,11): error TS2339: Property 'entries' does not exist on type 'Object'.
lib/reducePlan.ts(100,22): error TS2363: The right-hand side of an arithmetic operation must be of type 'any', 'number', 'bigint' or an enum type.
lib/reducePlan.ts(101,20): error TS2339: Property 'parent' does not exist on type 'Object'.
lib/reducePlan.ts(103,9): error TS2322: Type 'Set<unknown>' is not assignable to type 'Error'.
lib/reducePlan.ts(103,41): error TS2339: Property 'children' does not exist on type 'Object'.
lib/reducePlan.ts(104,22): error TS2488: Type 'Error' must have a '[Symbol.iterator]()' method that returns an iterator.
lib/reducePlan.ts(108,46): error TS2339: Property 'add' does not exist on type 'Error'.
lib/reducePlan.ts(113,17): error TS2314: Generic type 'Map<K, V>' requires 2 type argument(s).
lib/reducePlan.ts(116,14): error TS2314: Generic type 'Map<K, V>' requires 2 type argument(s).
lib/reducePlan.ts(117,9): error TS2739: Type 'Set<any>' is missing the following properties from type 'Error': name, message
lib/reducePlan.ts(118,22): error TS2488: Type 'Error' must have a '[Symbol.iterator]()' method that returns an iterator.
lib/reducePlan.ts(131,12): error TS2339: Property 'add' does not exist on type 'Error'.
lib/watchEventSource.ts(7,7): error TS2451: Cannot redeclare block-scoped variable 'fs'.
lib/watchEventSource.ts(8,7): error TS2451: Cannot redeclare block-scoped variable 'path'.
lib/watchEventSource.ts(9,9): error TS2451: Cannot redeclare block-scoped variable 'EventEmitter'.
lib/watchEventSource.ts(12,7): error TS2451: Cannot redeclare block-scoped variable 'IS_OSX'.
lib/watchEventSource.ts(14,7): error TS2739: Type 'Boolean' is missing the following properties from type 'Number': toFixed, toExponential, toPrecision
lib/watchEventSource.ts(19,7): error TS2322: Type 'boolean' is not assignable to type 'WatcherManager'.
lib/watchEventSource.ts(26,24): error TS2314: Generic type 'Map<K, V>' requires 2 type argument(s).
lib/watchEventSource.ts(29,26): error TS2314: Generic type 'Map<K, V>' requires 2 type argument(s).
lib/watchEventSource.ts(32,23): error TS2314: Generic type 'Map<K, V>' requires 2 type argument(s).
lib/watchEventSource.ts(35,26): error TS2314: Generic type 'Map<K, V>' requires 2 type argument(s).
lib/watchEventSource.ts(39,8): error TS2339: Property 'filePath' does not exist on type 'DirectWatcher'.
lib/watchEventSource.ts(40,8): error TS2339: Property 'watchers' does not exist on type 'DirectWatcher'.
lib/watchEventSource.ts(41,8): error TS2339: Property 'watcher' does not exist on type 'DirectWatcher'.
lib/watchEventSource.ts(43,32): error TS2551: Property 'watch' does not exist on type 'String'. Did you mean 'match'?
lib/watchEventSource.ts(44,9): error TS2339: Property 'watcher' does not exist on type 'DirectWatcher'.
lib/watchEventSource.ts(45,12): error TS2339: Property 'on' does not exist on type 'Watcher'.
lib/watchEventSource.ts(46,26): error TS2339: Property 'watchers' does not exist on type 'DirectWatcher'.
lib/watchEventSource.ts(50,12): error TS2339: Property 'on' does not exist on type 'Watcher'.
lib/watchEventSource.ts(51,26): error TS2339: Property 'watchers' does not exist on type 'DirectWatcher'.
lib/watchEventSource.ts(57,26): error TS2339: Property 'watchers' does not exist on type 'DirectWatcher'.
lib/watchEventSource.ts(62,3): error TS2356: An arithmetic operand must be of type 'any', 'number', 'bigint' or an enum type.
lib/watchEventSource.ts(67,8): error TS2339: Property 'watchers' does not exist on type 'DirectWatcher'.
lib/watchEventSource.ts(71,8): error TS2339: Property 'watchers' does not exist on type 'DirectWatcher'.
lib/watchEventSource.ts(72,12): error TS2339: Property 'watchers' does not exist on type 'DirectWatcher'.
lib/watchEventSource.ts(73,31): error TS2339: Property 'filePath' does not exist on type 'DirectWatcher'.
lib/watchEventSource.ts(74,4): error TS2356: An arithmetic operand must be of type 'any', 'number', 'bigint' or an enum type.
lib/watchEventSource.ts(75,13): error TS2339: Property 'watcher' does not exist on type 'DirectWatcher'.
lib/watchEventSource.ts(75,27): error TS2339: Property 'watcher' does not exist on type 'DirectWatcher'.
lib/watchEventSource.ts(80,15): error TS2339: Property 'watchers' does not exist on type 'DirectWatcher'.
lib/watchEventSource.ts(86,8): error TS2339: Property 'rootPath' does not exist on type 'RecursiveWatcher'.
lib/watchEventSource.ts(88,8): error TS2339: Property 'mapWatcherToPath' does not exist on type 'RecursiveWatcher'.
lib/watchEventSource.ts(90,8): error TS2339: Property 'mapPathToWatchers' does not exist on type 'RecursiveWatcher'.
lib/watchEventSource.ts(91,8): error TS2339: Property 'watcher' does not exist on type 'RecursiveWatcher'.
lib/watchEventSource.ts(93,32): error TS2551: Property 'watch' does not exist on type 'String'. Did you mean 'match'?
lib/watchEventSource.ts(96,9): error TS2339: Property 'watcher' does not exist on type 'RecursiveWatcher'.
lib/watchEventSource.ts(97,12): error TS2339: Property 'on' does not exist on type 'Watcher'.
lib/watchEventSource.ts(102,14): error TS2339: Property 'rootPath' does not exist on type 'RecursiveWatcher'.
lib/watchEventSource.ts(106,27): error TS2339: Property 'mapWatcherToPath' does not exist on type 'RecursiveWatcher'.
lib/watchEventSource.ts(110,31): error TS2339: Property 'dirname' does not exist on type 'String'.
lib/watchEventSource.ts(111,22): error TS2314: Generic type 'Array<T>' requires 1 type argument(s).
lib/watchEventSource.ts(111,35): error TS2339: Property 'mapPathToWatchers' does not exist on type 'RecursiveWatcher'.
lib/watchEventSource.ts(115,14): error TS2339: Property 'rootPath' does not exist on type 'RecursiveWatcher'.
lib/watchEventSource.ts(123,35): error TS2339: Property 'basename' does not exist on type 'String'.
lib/watchEventSource.ts(127,12): error TS2339: Property 'on' does not exist on type 'Watcher'.
lib/watchEventSource.ts(128,26): error TS2339: Property 'mapWatcherToPath' does not exist on type 'RecursiveWatcher'.
lib/watchEventSource.ts(134,26): error TS2339: Property 'mapWatcherToPath' does not exist on type 'RecursiveWatcher'.
lib/watchEventSource.ts(139,3): error TS2356: An arithmetic operand must be of type 'any', 'number', 'bigint' or an enum type.
lib/watchEventSource.ts(149,47): error TS2339: Property 'rootPath' does not exist on type 'RecursiveWatcher'.
lib/watchEventSource.ts(150,8): error TS2339: Property 'mapWatcherToPath' does not exist on type 'RecursiveWatcher'.
lib/watchEventSource.ts(151,38): error TS2339: Property 'mapPathToWatchers' does not exist on type 'RecursiveWatcher'.
lib/watchEventSource.ts(153,10): error TS2322: Type 'Set<unknown>' is not assignable to type 'Error'.
lib/watchEventSource.ts(154,11): error TS2339: Property 'add' does not exist on type 'Error'.
lib/watchEventSource.ts(155,9): error TS2339: Property 'mapPathToWatchers' does not exist on type 'RecursiveWatcher'.
lib/watchEventSource.ts(157,8): error TS2554: Expected 2 arguments, but got 1.
lib/watchEventSource.ts(162,42): error TS2339: Property 'mapWatcherToPath' does not exist on type 'RecursiveWatcher'.
lib/watchEventSource.ts(164,8): error TS2339: Property 'mapWatcherToPath' does not exist on type 'RecursiveWatcher'.
lib/watchEventSource.ts(165,14): error TS2314: Generic type 'Map<K, V>' requires 2 type argument(s).
lib/watchEventSource.ts(165,25): error TS2339: Property 'mapPathToWatchers' does not exist on type 'RecursiveWatcher'.
lib/watchEventSource.ts(168,9): error TS2339: Property 'mapPathToWatchers' does not exist on type 'RecursiveWatcher'.
lib/watchEventSource.ts(170,12): error TS2339: Property 'mapWatcherToPath' does not exist on type 'RecursiveWatcher'.
lib/watchEventSource.ts(171,34): error TS2339: Property 'rootPath' does not exist on type 'RecursiveWatcher'.
lib/watchEventSource.ts(172,4): error TS2356: An arithmetic operand must be of type 'any', 'number', 'bigint' or an enum type.
lib/watchEventSource.ts(173,13): error TS2339: Property 'watcher' does not exist on type 'RecursiveWatcher'.
lib/watchEventSource.ts(173,27): error TS2339: Property 'watcher' does not exist on type 'RecursiveWatcher'.
lib/watchEventSource.ts(176,54): error TS2339: Property 'rootPath' does not exist on type 'RecursiveWatcher'.
lib/watchEventSource.ts(183,15): error TS2339: Property 'mapWatcherToPath' does not exist on type 'RecursiveWatcher'.
lib/watchEventSource.ts(187,7): error TS2300: Duplicate identifier 'Watcher'.
lib/watchEventSource.ts(187,23): error TS2507: Type 'String' is not a constructor function type.
lib/watchEventSource.ts(202,8): error TS2740: Type 'DirectWatcher' is missing the following properties from type 'Watchpack': watch, close, pause, getTimes, and 6 more.
lib/watchEventSource.ts(210,8): error TS2740: Type 'RecursiveWatcher' is missing the following properties from type 'Watchpack': watch, close, pause, getTimes, and 6 more.
lib/watchEventSource.ts(217,13): error TS2314: Generic type 'Map<K, V>' requires 2 type argument(s).
lib/watchEventSource.ts(219,16): error TS2314: Generic type 'Array<T>' requires 1 type argument(s).
lib/watchEventSource.ts(234,38): error TS2362: The left-hand side of an arithmetic operation must be of type 'any', 'number', 'bigint' or an enum type.
lib/watchEventSource.ts(234,53): error TS2363: The right-hand side of an arithmetic operation must be of type 'any', 'number', 'bigint' or an enum type.
lib/watchEventSource.ts(239,33): error TS2554: Expected 2 arguments, but got 1.
lib/watchEventSource.ts(241,7): error TS2554: Expected 2 arguments, but got 1.
lib/watchEventSource.ts(250,23): error TS2339: Property 'join' does not exist on type 'String'.
lib/watchEventSource.ts(261,14): error TS2314: Generic type 'Array<T>' requires 1 type argument(s).
lib/watchEventSource.ts(261,38): error TS2362: The left-hand side of an arithmetic operation must be of type 'any', 'number', 'bigint' or an enum type.
lib/watchEventSource.ts(270,7): error TS2554: Expected 2 arguments, but got 1.
lib/watchEventSource.ts(274,10): error TS2322: Type 'Set<unknown>' is not assignable to type 'Error'.
lib/watchEventSource.ts(275,18): error TS2339: Property 'size' does not exist on type 'Error'.
lib/watchEventSource.ts(284,28): error TS2488: Type 'Error' must have a '[Symbol.iterator]()' method that returns an iterator.
lib/watchEventSource.ts(289,9): error TS2554: Expected 2 arguments, but got 1.
lib/watchEventSource.ts(299,8): error TS2322: Type 'Watcher' is not assignable to type 'Watchpack'.
lib/watchEventSource.ts(299,29): error TS2554: Expected 3 arguments, but got 0.
lib/watchEventSource.ts(303,17): error TS2554: Expected 2 arguments, but got 1.
lib/watchEventSource.ts(306,6): error TS2739: Type 'String' is missing the following properties from type 'Number': toFixed, toExponential, toPrecision
lib/watchEventSource.ts(313,31): error TS2339: Property 'dirname' does not exist on type 'String'.
lib/watchEventSource.ts(314,7): error TS2367: This condition will always return 'false' since the types 'String' and 'Number' have no overlap.
lib/watchEventSource.ts(315,3): error TS2322: Type 'String' is not assignable to type 'Number'.
lib/watchpack.ts(8,7): error TS2451: Cannot redeclare block-scoped variable 'LinkResolver'.
lib/watchpack.ts(8,21): error TS2314: Generic type 'Array<T>' requires 1 type argument(s).
lib/watchpack.ts(9,7): error TS2451: Cannot redeclare block-scoped variable 'EventEmitter'.
lib/watchpack.ts(11,7): error TS2451: Cannot redeclare block-scoped variable 'watchEventSource'.
lib/watchpack.ts(13,20): error TS2314: Generic type 'Array<T>' requires 1 type argument(s).
lib/watchpack.ts(14,7): error TS2740: Type '{}' is missing the following properties from type 'Function': apply, call, bind, prototype, and 6 more.
lib/watchpack.ts(16,37): error TS2314: Generic type 'Array<T>' requires 1 type argument(s).
lib/watchpack.ts(16,68): error TS2304: Cannot find name 'Void'.
lib/watchpack.ts(19,12): error TS2339: Property 'has' does not exist on type 'RecursiveWatcher'.
lib/watchpack.ts(19,18): error TS2339: Property 'directoryWatcher' does not exist on type 'HTMLElement'.
lib/watchpack.ts(20,8): error TS2554: Expected 2 arguments, but got 1.
lib/watchpack.ts(20,14): error TS2339: Property 'directoryWatcher' does not exist on type 'HTMLElement'.
lib/watchpack.ts(25,44): error TS2314: Generic type 'Array<T>' requires 1 type argument(s).
lib/watchpack.ts(26,16): error TS2314: Generic type 'Array<T>' requires 1 type argument(s).
lib/watchpack.ts(32,47): error TS2314: Generic type 'Array<T>' requires 1 type argument(s).
lib/watchpack.ts(34,9): error TS2740: Type 'RegExp' is missing the following properties from type 'HTMLElement': accessKey, accessKeyLabel, autocapitalize, dir, and 277 more.
lib/watchpack.ts(35,32): error TS2339: Property 'test' does not exist on type 'HTMLElement'.
lib/watchpack.ts(37,9): error TS2322: Type 'RegExp' is not assignable to type 'HTMLElement'.
lib/watchpack.ts(38,32): error TS2339: Property 'test' does not exist on type 'HTMLElement'.
lib/watchpack.ts(52,29): error TS2339: Property 'followSymlinks' does not exist on type 'Object'.
lib/watchpack.ts(53,38): error TS2339: Property 'ignored' does not exist on type 'Object'.
lib/watchpack.ts(54,17): error TS2339: Property 'poll' does not exist on type 'Object'.
lib/watchpack.ts(58,7): error TS2322: Type 'WeakMap<object, any>' is not assignable to type 'Error'.
lib/watchpack.ts(60,20): error TS2314: Generic type 'Array<T>' requires 1 type argument(s).
lib/watchpack.ts(60,43): error TS2339: Property 'get' does not exist on type 'Error'.
lib/watchpack.ts(62,20): error TS2314: Generic type 'Array<T>' requires 1 type argument(s).
lib/watchpack.ts(63,17): error TS2339: Property 'set' does not exist on type 'Error'.
lib/watchpack.ts(69,8): error TS2339: Property 'files' does not exist on type 'WatchpackFileWatcher'.
lib/watchpack.ts(70,8): error TS2339: Property 'watcher' does not exist on type 'WatchpackFileWatcher'.
lib/watchpack.ts(72,28): error TS2339: Property 'files' does not exist on type 'WatchpackFileWatcher'.
lib/watchpack.ts(78,28): error TS2339: Property 'files' does not exist on type 'WatchpackFileWatcher'.
lib/watchpack.ts(83,28): error TS2339: Property 'files' does not exist on type 'WatchpackFileWatcher'.
lib/watchpack.ts(91,13): error TS2339: Property 'files' does not exist on type 'WatchpackFileWatcher'.
lib/watchpack.ts(92,10): error TS2339: Property 'files' does not exist on type 'WatchpackFileWatcher'.
lib/watchpack.ts(93,20): error TS2339: Property 'files' does not exist on type 'WatchpackFileWatcher'.
lib/watchpack.ts(94,10): error TS2339: Property 'files' does not exist on type 'WatchpackFileWatcher'.
lib/watchpack.ts(97,9): error TS2339: Property 'files' does not exist on type 'WatchpackFileWatcher'.
lib/watchpack.ts(102,8): error TS2339: Property 'watcher' does not exist on type 'WatchpackFileWatcher'.
lib/watchpack.ts(108,8): error TS2339: Property 'directories' does not exist on type 'WatchpackDirectoryWatcher'.
lib/watchpack.ts(109,8): error TS2339: Property 'watcher' does not exist on type 'WatchpackDirectoryWatcher'.
lib/watchpack.ts(111,28): error TS2339: Property 'directories' does not exist on type 'WatchpackDirectoryWatcher'.
lib/watchpack.ts(115,46): error TS2314: Generic type 'Array<T>' requires 1 type argument(s).
lib/watchpack.ts(116,28): error TS2339: Property 'directories' does not exist on type 'WatchpackDirectoryWatcher'.
lib/watchpack.ts(121,28): error TS2339: Property 'directories' does not exist on type 'WatchpackDirectoryWatcher'.
lib/watchpack.ts(129,13): error TS2339: Property 'directories' does not exist on type 'WatchpackDirectoryWatcher'.
lib/watchpack.ts(130,10): error TS2339: Property 'directories' does not exist on type 'WatchpackDirectoryWatcher'.
lib/watchpack.ts(131,20): error TS2339: Property 'directories' does not exist on type 'WatchpackDirectoryWatcher'.
lib/watchpack.ts(132,10): error TS2339: Property 'directories' does not exist on type 'WatchpackDirectoryWatcher'.
lib/watchpack.ts(135,9): error TS2339: Property 'directories' does not exist on type 'WatchpackDirectoryWatcher'.
lib/watchpack.ts(140,8): error TS2339: Property 'watcher' does not exist on type 'WatchpackDirectoryWatcher'.
lib/watchpack.ts(144,7): error TS2300: Duplicate identifier 'Watchpack'.
lib/watchpack.ts(144,25): error TS2507: Type 'String' is not a constructor function type.
lib/watchpack.ts(148,8): error TS2339: Property 'options' does not exist on type 'Watchpack'.
lib/watchpack.ts(149,8): error TS2339: Property 'aggregateTimeout' does not exist on type 'Watchpack'.
lib/watchpack.ts(153,8): error TS2339: Property 'watcherOptions' does not exist on type 'Watchpack'.
lib/watchpack.ts(154,8): error TS2339: Property 'watcherManager' does not exist on type 'Watchpack'.
lib/watchpack.ts(154,48): error TS2339: Property 'watcherOptions' does not exist on type 'Watchpack'.
lib/watchpack.ts(155,8): error TS2339: Property 'fileWatchers' does not exist on type 'Watchpack'.
lib/watchpack.ts(156,8): error TS2339: Property 'directoryWatchers' does not exist on type 'Watchpack'.
lib/watchpack.ts(157,8): error TS2339: Property '_missing' does not exist on type 'Watchpack'.
lib/watchpack.ts(158,8): error TS2339: Property 'startTime' does not exist on type 'Watchpack'.
lib/watchpack.ts(159,8): error TS2551: Property 'paused' does not exist on type 'Watchpack'. Did you mean 'pause'?
lib/watchpack.ts(160,8): error TS2339: Property 'aggregatedChanges' does not exist on type 'Watchpack'.
lib/watchpack.ts(161,8): error TS2339: Property 'aggregatedRemovals' does not exist on type 'Watchpack'.
lib/watchpack.ts(162,8): error TS2339: Property 'aggregateTimer' does not exist on type 'Watchpack'.
lib/watchpack.ts(167,37): error TS2314: Generic type 'Array<T>' requires 1 type argument(s).
lib/watchpack.ts(167,53): error TS2314: Generic type 'Array<T>' requires 1 type argument(s).
lib/watchpack.ts(181,8): error TS2551: Property 'paused' does not exist on type 'Watchpack'. Did you mean 'pause'?
lib/watchpack.ts(182,23): error TS2314: Generic type 'Map<K, V>' requires 2 type argument(s).
lib/watchpack.ts(182,34): error TS2339: Property 'fileWatchers' does not exist on type 'Watchpack'.
lib/watchpack.ts(183,28): error TS2314: Generic type 'Map<K, V>' requires 2 type argument(s).
lib/watchpack.ts(183,39): error TS2339: Property 'directoryWatchers' does not exist on type 'Watchpack'.
lib/watchpack.ts(184,34): error TS2339: Property 'watcherOptions' does not exist on type 'Watchpack'.
lib/watchpack.ts(186,36): error TS2314: Generic type 'Map<K, V>' requires 2 type argument(s).
lib/watchpack.ts(187,16): error TS2314: Generic type 'Array<T>' requires 1 type argument(s).
lib/watchpack.ts(196,29): error TS2314: Generic type 'Map<K, V>' requires 2 type argument(s).
lib/watchpack.ts(197,34): error TS2314: Generic type 'Map<K, V>' requires 2 type argument(s).
lib/watchpack.ts(198,9): error TS2740: Type 'Set<unknown>' is missing the following properties from type 'HTMLElement': accessKey, accessKeyLabel, autocapitalize, dir, and 277 more.
lib/watchpack.ts(199,12): error TS2339: Property 'watcherOptions' does not exist on type 'Watchpack'.
lib/watchpack.ts(201,23): error TS2488: Type 'Function' must have a '[Symbol.iterator]()' method that returns an iterator.
lib/watchpack.ts(214,21): error TS2339: Property 'add' does not exist on type 'HTMLElement'.
lib/watchpack.ts(236,23): error TS2488: Type 'Function' must have a '[Symbol.iterator]()' method that returns an iterator.
lib/watchpack.ts(243,19): error TS2339: Property 'add' does not exist on type 'HTMLElement'.
lib/watchpack.ts(276,20): error TS2551: Property 'batch' does not exist on type 'String'. Did you mean 'match'?
lib/watchpack.ts(278,35): error TS2339: Property 'watcherManager' does not exist on type 'Watchpack'.
lib/watchpack.ts(284,35): error TS2339: Property 'watcherManager' does not exist on type 'Watchpack'.
lib/watchpack.ts(293,8): error TS2339: Property '_missing' does not exist on type 'Watchpack'.
lib/watchpack.ts(294,8): error TS2339: Property 'startTime' does not exist on type 'Watchpack'.
lib/watchpack.ts(298,8): error TS2551: Property 'paused' does not exist on type 'Watchpack'. Did you mean 'pause'?
lib/watchpack.ts(299,12): error TS2339: Property 'aggregateTimer' does not exist on type 'Watchpack'.
lib/watchpack.ts(299,46): error TS2339: Property 'aggregateTimer' does not exist on type 'Watchpack'.
lib/watchpack.ts(300,24): error TS2339: Property 'fileWatchers' does not exist on type 'Watchpack'.
lib/watchpack.ts(301,24): error TS2339: Property 'directoryWatchers' does not exist on type 'Watchpack'.
lib/watchpack.ts(302,8): error TS2339: Property 'fileWatchers' does not exist on type 'Watchpack'.
lib/watchpack.ts(303,8): error TS2339: Property 'directoryWatchers' does not exist on type 'Watchpack'.
lib/watchpack.ts(307,8): error TS2551: Property 'paused' does not exist on type 'Watchpack'. Did you mean 'pause'?
lib/watchpack.ts(308,12): error TS2339: Property 'aggregateTimer' does not exist on type 'Watchpack'.
lib/watchpack.ts(308,46): error TS2339: Property 'aggregateTimer' does not exist on type 'Watchpack'.
lib/watchpack.ts(312,9): error TS2322: Type 'Set<unknown>' is not assignable to type 'HTMLElement'.
lib/watchpack.ts(313,25): error TS2339: Property 'fileWatchers' does not exist on type 'Watchpack'.
lib/watchpack.ts(313,48): error TS2345: Argument of type 'HTMLElement' is not assignable to parameter of type 'RecursiveWatcher'.
  Type 'HTMLElement' is missing the following properties from type 'RecursiveWatcher': add, getWatchers
lib/watchpack.ts(314,25): error TS2339: Property 'directoryWatchers' does not exist on type 'Watchpack'.
lib/watchpack.ts(314,53): error TS2345: Argument of type 'HTMLElement' is not assignable to parameter of type 'RecursiveWatcher'.
lib/watchpack.ts(316,19): error TS2488: Type 'HTMLElement' must have a '[Symbol.iterator]()' method that returns an iterator.
lib/watchpack.ts(324,14): error TS2314: Generic type 'Map<K, V>' requires 2 type argument(s).
lib/watchpack.ts(330,9): error TS2322: Type 'Set<unknown>' is not assignable to type 'Error'.
lib/watchpack.ts(331,25): error TS2339: Property 'fileWatchers' does not exist on type 'Watchpack'.
lib/watchpack.ts(331,48): error TS2345: Argument of type 'Error' is not assignable to parameter of type 'RecursiveWatcher'.
  Type 'Error' is missing the following properties from type 'RecursiveWatcher': add, remove, getWatchers
lib/watchpack.ts(332,25): error TS2339: Property 'directoryWatchers' does not exist on type 'Watchpack'.
lib/watchpack.ts(332,53): error TS2345: Argument of type 'Error' is not assignable to parameter of type 'RecursiveWatcher'.
lib/watchpack.ts(334,19): error TS2488: Type 'Error' must have a '[Symbol.iterator]()' method that returns an iterator.
lib/watchpack.ts(340,12): error TS2339: Property 'aggregateTimer' does not exist on type 'Watchpack'.
lib/watchpack.ts(341,22): error TS2339: Property 'aggregateTimer' does not exist on type 'Watchpack'.
lib/watchpack.ts(342,9): error TS2339: Property 'aggregateTimer' does not exist on type 'Watchpack'.
lib/watchpack.ts(344,38): error TS2339: Property 'aggregatedChanges' does not exist on type 'Watchpack'.
lib/watchpack.ts(345,33): error TS2339: Property 'aggregatedRemovals' does not exist on type 'Watchpack'.
lib/watchpack.ts(346,8): error TS2339: Property 'aggregatedChanges' does not exist on type 'Watchpack'.
lib/watchpack.ts(347,8): error TS2339: Property 'aggregatedRemovals' does not exist on type 'Watchpack'.
lib/watchpack.ts(353,13): error TS2551: Property 'paused' does not exist on type 'Watchpack'. Did you mean 'pause'?
lib/watchpack.ts(354,9): error TS2339: Property 'emit' does not exist on type 'Watchpack'.
lib/watchpack.ts(355,13): error TS2339: Property 'aggregateTimer' does not exist on type 'Watchpack'.
lib/watchpack.ts(355,47): error TS2339: Property 'aggregateTimer' does not exist on type 'Watchpack'.
lib/watchpack.ts(356,9): error TS2339: Property 'aggregateTimer' does not exist on type 'Watchpack'.
lib/watchpack.ts(356,59): error TS2339: Property 'aggregateTimeout' does not exist on type 'Watchpack'.
lib/watchpack.ts(358,8): error TS2339: Property 'aggregatedRemovals' does not exist on type 'Watchpack'.
lib/watchpack.ts(359,8): error TS2339: Property 'aggregatedChanges' does not exist on type 'Watchpack'.
lib/watchpack.ts(364,13): error TS2551: Property 'paused' does not exist on type 'Watchpack'. Did you mean 'pause'?
lib/watchpack.ts(365,9): error TS2339: Property 'emit' does not exist on type 'Watchpack'.
lib/watchpack.ts(366,13): error TS2339: Property 'aggregateTimer' does not exist on type 'Watchpack'.
lib/watchpack.ts(366,47): error TS2339: Property 'aggregateTimer' does not exist on type 'Watchpack'.
lib/watchpack.ts(367,9): error TS2339: Property 'aggregateTimer' does not exist on type 'Watchpack'.
lib/watchpack.ts(367,59): error TS2339: Property 'aggregateTimeout' does not exist on type 'Watchpack'.
lib/watchpack.ts(369,8): error TS2339: Property 'aggregatedChanges' does not exist on type 'Watchpack'.
lib/watchpack.ts(370,8): error TS2339: Property 'aggregatedRemovals' does not exist on type 'Watchpack'.
lib/watchpack.ts(374,8): error TS2339: Property 'aggregateTimer' does not exist on type 'Watchpack'.
lib/watchpack.ts(375,34): error TS2339: Property 'aggregatedChanges' does not exist on type 'Watchpack'.
lib/watchpack.ts(376,35): error TS2339: Property 'aggregatedRemovals' does not exist on type 'Watchpack'.
lib/watchpack.ts(377,8): error TS2339: Property 'aggregatedChanges' does not exist on type 'Watchpack'.
lib/watchpack.ts(378,8): error TS2339: Property 'aggregatedRemovals' does not exist on type 'Watchpack'.
lib/watchpack.ts(379,8): error TS2339: Property 'emit' does not exist on type 'Watchpack'.
playground/watch-folder.ts(3,5): error TS2451: Cannot redeclare block-scoped variable 'path'.
playground/watch-folder.ts(4,5): error TS2300: Duplicate identifier 'Watchpack'.
playground/watch-folder.ts(4,16): error TS2314: Generic type 'Array<T>' requires 1 type argument(s).
playground/watch-folder.ts(6,27): error TS2339: Property 'join' does not exist on type 'String'.
playground/watch-folder.ts(8,70): error TS2304: Cannot find name 'Void'.
playground/watch-folder.ts(9,6): error TS2740: Type 'Watchpack' is missing the following properties from type 'DirectoryWatcher': createWatcher, forEachWatcher, setMissing, setFileTime, and 11 more.
playground/watch-folder.ts(13,4): error TS2339: Property 'on' does not exist on type 'DirectoryWatcher'.
playground/watch-folder.ts(14,36): error TS2339: Property 'relative' does not exist on type 'String'.
playground/watch-folder.ts(17,4): error TS2339: Property 'on' does not exist on type 'DirectoryWatcher'.
playground/watch-folder.ts(17,39): error TS2314: Generic type 'Array<T>' requires 1 type argument(s).
playground/watch-folder.ts(20,16): error TS2339: Property 'relative' does not exist on type 'String'.
playground/watch-folder.ts(22,13): error TS2339: Property 'relative' does not exist on type 'String'.
playground/watch-folder.ts(22,45): error TS2538: Type 'String' cannot be used as an index type.
playground/watch-folder.ts(29,26): error TS2554: Expected 2 arguments, but got 3.
playground/watch-folder.ts(32,24): error TS2345: Argument of type 'undefined[]' is not assignable to parameter of type 'String'.
  Type 'undefined[]' is missing the following properties from type 'String': charAt, charCodeAt, localeCompare, match, and 36 more.
playground/watch-folder.ts(33,27): error TS2345: Argument of type 'any[]' is not assignable to parameter of type 'String'.
  Type 'any[]' is missing the following properties from type 'String': charAt, charCodeAt, localeCompare, match, and 36 more.
playground/watch-folder.ts(34,7): error TS2339: Property 'join' does not exist on type 'String'.
playground/watch-folder.ts(35,7): error TS2339: Property 'join' does not exist on type 'String'.
playground/watch-folder.ts(36,7): error TS2339: Property 'join' does not exist on type 'String'.
playground/watch-folder.ts(37,7): error TS2339: Property 'join' does not exist on type 'String'.
playground/watch-folder.ts(39,7): error TS2339: Property 'join' does not exist on type 'String'.

