examples/bench.ts(7,29): error TS2355: A function whose declared type is neither 'void' nor 'any' must return a value.
examples/bench.ts(14,7): error TS2451: Cannot redeclare block-scoped variable 'read'.
examples/bench.ts(14,29): error TS2322: Type '(directory: string) => Promise<void>' is not assignable to type 'Promise<void>'.
examples/bench.ts(35,1): error TS2349: This expression is not callable.
  Type 'Promise<void>' has no call signatures.
examples/list.ts(7,7): error TS2451: Cannot redeclare block-scoped variable 'read'.
examples/list.ts(7,29): error TS2322: Type '(directory: string) => Promise<void>' is not assignable to type 'Promise<void>'.
examples/list.ts(25,1): error TS2349: This expression is not callable.
  Type 'Promise<void>' has no call signatures.
index.ts(24,7): error TS2322: Type 'string' is not assignable to type 'RegExp'.
index.ts(25,7): error TS2322: Type 'string' is not assignable to type 'RegExp'.
index.ts(26,7): error TS2322: Type 'string' is not assignable to type 'RegExp'.
index.ts(27,7): error TS2322: Type 'string' is not assignable to type 'RegExp'.
index.ts(72,30): error TS2339: Property 'highWaterMark' does not exist on type '{}'.
index.ts(116,19): error TS2322: Type 'void | "file" | "directory"' is not assignable to type 'boolean'.
  Type 'void' is not assignable to type 'boolean'.
index.ts(117,17): error TS2367: This condition will always return 'false' since the types 'boolean' and 'string' have no overlap.
index.ts(126,25): error TS2367: This condition will always return 'false' since the types 'boolean' and 'string' have no overlap.
index.ts(243,22): error TS2339: Property 'entryType' does not exist on type '{}'.
index.ts(243,43): error TS2339: Property 'type' does not exist on type '{}'.
index.ts(245,21): error TS2339: Property 'type' does not exist on type '{}'.
index.ts(254,11): error TS2339: Property 'root' does not exist on type '{}'.
index.ts(258,39): error TS2322: Type '(root: any, options?: {}) => Promise<unknown>' is not assignable to type 'Promise<any>'.
index.ts(259,22): error TS2345: Argument of type '(resolve: void, reject: void) => void' is not assignable to parameter of type '(resolve: (value: unknown) => void, reject: (reason?: any) => void) => void'.
  Types of parameters 'resolve' and 'resolve' are incompatible.
    Type '(value: unknown) => void' is not assignable to type 'void'.
index.ts(263,24): error TS2349: This expression is not callable.
  Type 'void' has no call signatures.
index.ts(264,36): error TS2349: This expression is not callable.
  Type 'void' has no call signatures.

