fixtures/ansi-codes.ts(2,25): error TS2314: Generic type 'Map<K, V>' requires 2 type argument(s).
fixtures/ansi-codes.ts(24,30): error TS2314: Generic type 'Map<K, V>' requires 2 type argument(s).
fixtures/ansi-codes.ts(83,14): error TS2740: Type 'Map<string, string[]>' is missing the following properties from type 'HTMLElement': accessKey, accessKeyLabel, autocapitalize, dir, and 277 more.
fixtures/ansi-codes.ts(188,25): error TS2314: Generic type 'Map<K, V>' requires 2 type argument(s).
fixtures/ansi-codes.ts(219,14): error TS2739: Type 'Map<string, string[]>' is missing the following properties from type 'Error': name, message
fixtures/view-codes.ts(1,8): error TS1192: Module '"fixtures/ansi-codes"' has no default export.
fixtures/view-codes.ts(5,18): error TS2314: Generic type 'Array<T>' requires 1 type argument(s).
fixtures/view-codes.ts(6,20): error TS2314: Generic type 'Array<T>' requires 1 type argument(s).
fixtures/view-codes.ts(8,32): error TS2314: Generic type 'Array<T>' requires 1 type argument(s).
fixtures/view-codes.ts(8,40): error TS2304: Cannot find name 'Void'.
fixtures/view-codes.ts(10,3): error TS7053: Element implicitly has an 'any' type because expression of type 'string' can't be used to index type 'Object'.
  No index signature with a parameter of type 'string' was found on type 'Object'.
fixtures/view-codes.ts(14,36): error TS2304: Cannot find name 'Void'.
fixtures/view-codes.ts(15,6): error TS2740: Type '{}' is missing the following properties from type 'Function': apply, call, bind, prototype, and 6 more.
fixtures/view-codes.ts(17,13): error TS2802: Type 'string' can only be iterated through when using the '--downlevelIteration' flag or with a '--target' of 'es2015' or higher.
fixtures/view-codes.ts(19,4): error TS2322: Type '{ code: any; matches: RegExpMatchArray | null; description: any; }' is not assignable to type 'Function'.
  Object literal may only specify known properties, and 'code' does not exist in type 'Function'.
fixtures/view-codes.ts(24,19): error TS2339: Property 'matches' does not exist on type 'Function'.
fixtures/view-codes.ts(24,51): error TS2339: Property 'matches' does not exist on type 'Function'.
fixtures/view-codes.ts(32,28): error TS2304: Cannot find name 'Void'.
index.ts(1,62): error TS2304: Cannot find name 'Void'.
../../../../node_modules/@types/get-intrinsic/internal/intrinsics.d.ts(11,25): error TS2304: Cannot find name 'AggregateErrorConstructor'.
../../../../node_modules/@types/get-intrinsic/internal/intrinsics.d.ts(126,42): error TS2304: Cannot find name 'AggregateError'.
../../../../node_modules/@types/get-intrinsic/internal/intrinsics.d.ts(127,47): error TS2304: Cannot find name 'AggregateError'.
../../../../node_modules/@types/get-intrinsic/internal/intrinsics.d.ts(128,50): error TS2304: Cannot find name 'AggregateError'.
../../../../node_modules/@types/get-intrinsic/internal/intrinsics.d.ts(418,37): error TS2550: Property 'any' does not exist on type 'PromiseConstructor'. Do you need to change your target library? Try changing the 'lib' compiler option to 'es2021' or later.
../../../../node_modules/@types/get-intrinsic/internal/intrinsics.d.ts(514,62): error TS2550: Property 'replaceAll' does not exist on type 'String'. Do you need to change your target library? Try changing the 'lib' compiler option to 'es2021' or later.

