clone.ts(5,41): error TS2359: The right-hand side of an 'instanceof' expression must be of type 'any' or of a type assignable to the 'Function' interface type.
clone.ts(8,16): error TS2314: Generic type 'Array<T>' requires 1 type argument(s).
clone.ts(19,3): error TS2739: Type 'SetConstructor' is missing the following properties from type 'Number': toFixed, toExponential, toPrecision
clone.ts(21,3): error TS2322: Type '() => void' is not assignable to type 'Number'.
clone.ts(24,20): error TS2314: Generic type 'Array<T>' requires 1 type argument(s).
clone.ts(54,22): error TS2339: Property 'depth' does not exist on type 'Boolean'.
clone.ts(55,26): error TS2339: Property 'prototype' does not exist on type 'Boolean'.
clone.ts(56,37): error TS2339: Property 'includeNonEnumerable' does not exist on type 'Boolean'.
clone.ts(57,25): error TS2339: Property 'circular' does not exist on type 'Boolean'.
clone.ts(61,19): error TS2314: Generic type 'Array<T>' requires 1 type argument(s).
clone.ts(62,20): error TS2314: Generic type 'Array<T>' requires 1 type argument(s).
clone.ts(73,27): error TS2314: Generic type 'Array<T>' requires 1 type argument(s).
clone.ts(73,50): error TS2314: Generic type 'Array<T>' requires 1 type argument(s).
clone.ts(89,36): error TS2345: Argument of type 'Number' is not assignable to parameter of type 'String'.
  Type 'Number' is missing the following properties from type 'String': charAt, charCodeAt, concat, indexOf, and 43 more.
clone.ts(90,19): error TS2351: This expression is not constructable.
  Type 'Number' has no construct signatures.
clone.ts(94,33): error TS2362: The left-hand side of an arithmetic operation must be of type 'any', 'number', 'bigint' or an enum type.
clone.ts(95,26): error TS2314: Generic type 'Array<T>' requires 1 type argument(s).
clone.ts(96,30): error TS2362: The left-hand side of an arithmetic operation must be of type 'any', 'number', 'bigint' or an enum type.
clone.ts(102,41): error TS2769: No overload matches this call.
  Overload 1 of 3, '(pattern: string | RegExp, flags?: string | undefined): RegExp', gave the following error.
    Argument of type 'String' is not assignable to parameter of type 'string'.
      'string' is a primitive, but 'String' is a wrapper object. Prefer using 'string' when possible.
  Overload 2 of 3, '(pattern: string, flags?: string | undefined): RegExp', gave the following error.
    Argument of type 'String' is not assignable to parameter of type 'string'.
      'string' is a primitive, but 'String' is a wrapper object. Prefer using 'string' when possible.
clone.ts(103,35): error TS2339: Property 'lastIndex' does not exist on type 'Object'.
clone.ts(113,21): error TS2345: Argument of type 'Object' is not assignable to parameter of type 'Uint8Array'.
  The 'Object' type is assignable to very few other types. Did you mean to use the 'any' type instead?
    Type 'Object' is missing the following properties from type 'Uint8Array': BYTES_PER_ELEMENT, buffer, byteLength, byteOffset, and 27 more.
clone.ts(116,36): error TS2345: Argument of type 'ErrorConstructor' is not assignable to parameter of type 'String'.
  Type 'ErrorConstructor' is missing the following properties from type 'String': charAt, charCodeAt, concat, indexOf, and 42 more.
clone.ts(141,44): error TS2362: The left-hand side of an arithmetic operation must be of type 'any', 'number', 'bigint' or an enum type.
clone.ts(142,48): error TS2362: The left-hand side of an arithmetic operation must be of type 'any', 'number', 'bigint' or an enum type.
clone.ts(143,15): error TS2339: Property 'set' does not exist on type 'Object'.
clone.ts(146,29): error TS2345: Argument of type 'Number' is not assignable to parameter of type 'String'.
clone.ts(148,48): error TS2362: The left-hand side of an arithmetic operation must be of type 'any', 'number', 'bigint' or an enum type.
clone.ts(149,15): error TS2339: Property 'add' does not exist on type 'Object'.
clone.ts(154,11): error TS2322: Type 'PropertyDescriptor | undefined' is not assignable to type 'String'.
  Type 'undefined' is not assignable to type 'String'.
clone.ts(156,9): error TS7053: Element implicitly has an 'any' type because expression of type 'string' can't be used to index type 'Object'.
  No index signature with a parameter of type 'string' was found on type 'Object'.
clone.ts(156,38): error TS2362: The left-hand side of an arithmetic operation must be of type 'any', 'number', 'bigint' or an enum type.
clone.ts(160,13): error TS2322: Type 'PropertyDescriptor | undefined' is not assignable to type 'Object'.
  Type 'undefined' is not assignable to type 'Object'.
clone.ts(161,25): error TS2339: Property 'set' does not exist on type 'Object'.
clone.ts(165,9): error TS7053: Element implicitly has an 'any' type because expression of type 'string' can't be used to index type 'Object'.
  No index signature with a parameter of type 'string' was found on type 'Object'.
clone.ts(165,38): error TS2362: The left-hand side of an arithmetic operation must be of type 'any', 'number', 'bigint' or an enum type.
clone.ts(180,20): error TS2314: Generic type 'Array<T>' requires 1 type argument(s).
clone.ts(181,16): error TS2403: Subsequent variable declarations must have the same type.  Variable 'i' must be of type 'string', but here has type 'number'.
clone.ts(181,43): error TS2356: An arithmetic operand must be of type 'any', 'number', 'bigint' or an enum type.
clone.ts(185,13): error TS2322: Type 'PropertyDescriptor | undefined' is not assignable to type 'Element'.
  Type 'undefined' is not assignable to type 'Element'.
clone.ts(185,75): error TS2345: Argument of type 'String' is not assignable to parameter of type 'PropertyKey'.
clone.ts(186,39): error TS2339: Property 'enumerable' does not exist on type 'Element'.
clone.ts(189,15): error TS2538: Type 'String' cannot be used as an index type.
clone.ts(189,48): error TS2362: The left-hand side of an arithmetic operation must be of type 'any', 'number', 'bigint' or an enum type.
clone.ts(190,38): error TS2345: Argument of type 'String' is not assignable to parameter of type 'PropertyKey'.
clone.ts(195,29): error TS2314: Generic type 'Array<T>' requires 1 type argument(s).
clone.ts(196,16): error TS2403: Subsequent variable declarations must have the same type.  Variable 'i' must be of type 'string', but here has type 'number'.
clone.ts(196,52): error TS2356: An arithmetic operand must be of type 'any', 'number', 'bigint' or an enum type.
clone.ts(198,13): error TS2322: Type 'PropertyDescriptor | undefined' is not assignable to type 'Element'.
  Type 'undefined' is not assignable to type 'Element'.
clone.ts(198,75): error TS2345: Argument of type 'String' is not assignable to parameter of type 'PropertyKey'.
clone.ts(199,38): error TS2339: Property 'enumerable' does not exist on type 'Element'.
clone.ts(202,15): error TS2538: Type 'String' cannot be used as an index type.
clone.ts(202,60): error TS2362: The left-hand side of an arithmetic operation must be of type 'any', 'number', 'bigint' or an enum type.
clone.ts(203,38): error TS2345: Argument of type 'String' is not assignable to parameter of type 'PropertyKey'.
clone.ts(220,65): error TS2314: Generic type 'Promise<T>' requires 1 type argument(s).
clone.ts(226,14): error TS2351: This expression is not constructable.
  Type 'Function' has no construct signatures.
clone.ts(232,3): error TS2322: Type 'string' is not assignable to type 'Boolean'.
clone.ts(237,35): error TS2367: This condition will always return 'false' since the types 'Boolean' and 'string' have no overlap.
clone.ts(242,35): error TS2367: This condition will always return 'false' since the types 'Boolean' and 'string' have no overlap.
clone.ts(247,35): error TS2367: This condition will always return 'false' since the types 'Boolean' and 'string' have no overlap.
clone.ts(253,10): error TS2339: Property 'global' does not exist on type 'HTMLElement'.
clone.ts(254,10): error TS2339: Property 'ignoreCase' does not exist on type 'HTMLElement'.
clone.ts(255,10): error TS2339: Property 'multiline' does not exist on type 'HTMLElement'.
clone.ts(264,3): error TS1258: A default export must be at the top level of a file or module declaration.
../../../../node_modules/@types/get-intrinsic/internal/intrinsics.d.ts(11,25): error TS2304: Cannot find name 'AggregateErrorConstructor'.
../../../../node_modules/@types/get-intrinsic/internal/intrinsics.d.ts(126,42): error TS2304: Cannot find name 'AggregateError'.
../../../../node_modules/@types/get-intrinsic/internal/intrinsics.d.ts(127,47): error TS2304: Cannot find name 'AggregateError'.
../../../../node_modules/@types/get-intrinsic/internal/intrinsics.d.ts(128,50): error TS2304: Cannot find name 'AggregateError'.
../../../../node_modules/@types/get-intrinsic/internal/intrinsics.d.ts(418,37): error TS2550: Property 'any' does not exist on type 'PromiseConstructor'. Do you need to change your target library? Try changing the 'lib' compiler option to 'es2021' or later.
../../../../node_modules/@types/get-intrinsic/internal/intrinsics.d.ts(514,62): error TS2550: Property 'replaceAll' does not exist on type 'String'. Do you need to change your target library? Try changing the 'lib' compiler option to 'es2021' or later.

