index.ts(29,29): error TS2314: Generic type 'Promise<T>' requires 1 type argument(s).
index.ts(43,27): error TS2314: Generic type 'Promise<T>' requires 1 type argument(s).
index.ts(44,12): error TS2314: Generic type 'Array<T>' requires 1 type argument(s).
index.ts(52,28): error TS2339: Property 'next' does not exist on type 'Object'.
index.ts(54,5): error TS2554: Expected 1 arguments, but got 0.
index.ts(65,19): error TS2339: Property 'next' does not exist on type 'Object'.
index.ts(79,30): error TS2314: Generic type 'Array<T>' requires 1 type argument(s).
index.ts(79,38): error TS2304: Cannot find name 'Void'.
index.ts(82,19): error TS2339: Property 'throw' does not exist on type 'Object'.
index.ts(98,33): error TS2314: Generic type 'Promise<T>' requires 1 type argument(s).
index.ts(99,15): error TS2339: Property 'done' does not exist on type 'Object'.
index.ts(99,40): error TS2339: Property 'value' does not exist on type 'Object'.
index.ts(100,18): error TS2314: Generic type 'Promise<T>' requires 1 type argument(s).
index.ts(100,52): error TS2339: Property 'value' does not exist on type 'Object'.
index.ts(103,65): error TS2339: Property 'value' does not exist on type 'Object'.
index.ts(134,40): error TS2314: Generic type 'Promise<T>' requires 1 type argument(s).
index.ts(135,12): error TS2314: Generic type 'Array<T>' requires 1 type argument(s).
index.ts(154,30): error TS2314: Generic type 'Array<T>' requires 1 type argument(s).
index.ts(154,38): error TS2314: Generic type 'Promise<T>' requires 1 type argument(s).
index.ts(167,40): error TS2314: Generic type 'Promise<T>' requires 1 type argument(s).
index.ts(168,29): error TS2351: This expression is not constructable.
  Type 'Function' has no construct signatures.
index.ts(169,13): error TS2314: Generic type 'Array<T>' requires 1 type argument(s).
index.ts(170,17): error TS2314: Generic type 'Array<T>' requires 1 type argument(s).
index.ts(173,18): error TS2314: Generic type 'Array<T>' requires 1 type argument(s).
index.ts(173,51): error TS2538: Type 'String' cannot be used as an index type.
index.ts(175,18): error TS2538: Type 'String' cannot be used as an index type.
index.ts(175,29): error TS2538: Type 'String' cannot be used as an index type.
index.ts(181,27): error TS2314: Generic type 'Promise<T>' requires 1 type argument(s).
index.ts(181,50): error TS2304: Cannot find name 'Void'.
index.ts(183,13): error TS2538: Type 'String' cannot be used as an index type.
index.ts(185,15): error TS2538: Type 'String' cannot be used as an index type.
index.ts(198,25): error TS2314: Generic type 'Promise<T>' requires 1 type argument(s).
index.ts(211,35): error TS2339: Property 'next' does not exist on type 'Object'.
index.ts(211,68): error TS2339: Property 'throw' does not exist on type 'Object'.
index.ts(225,43): error TS2339: Property 'name' does not exist on type 'Object'.
index.ts(225,87): error TS2339: Property 'displayName' does not exist on type 'Object'.
index.ts(226,34): error TS2339: Property 'prototype' does not exist on type 'Object'.

