lib/ast.ts(30,22): error TS2339: Property 'type' does not exist on type 'Object'.
lib/ast.ts(54,22): error TS2339: Property 'type' does not exist on type 'Object'.
lib/ast.ts(66,22): error TS2339: Property 'type' does not exist on type 'Object'.
lib/ast.ts(91,56): error TS2339: Property 'type' does not exist on type 'Object'.
lib/ast.ts(94,47): error TS2314: Generic type 'Array<T>' requires 1 type argument(s).
lib/ast.ts(95,22): error TS2339: Property 'type' does not exist on type 'Object'.
lib/ast.ts(97,22): error TS2339: Property 'alternate' does not exist on type 'Object'.
lib/ast.ts(98,29): error TS2339: Property 'alternate' does not exist on type 'Object'.
lib/ast.ts(100,25): error TS2339: Property 'consequent' does not exist on type 'Object'.
lib/ast.ts(107,25): error TS2339: Property 'body' does not exist on type 'Object'.
lib/ast.ts(115,18): error TS2339: Property 'type' does not exist on type 'Object'.
lib/ast.ts(118,18): error TS2339: Property 'alternate' does not exist on type 'Object'.
lib/ast.ts(121,24): error TS2339: Property 'consequent' does not exist on type 'Object'.
lib/ast.ts(123,25): error TS2339: Property 'type' does not exist on type 'Object'.
lib/ast.ts(124,29): error TS2339: Property 'alternate' does not exist on type 'Object'.
lib/ast.ts(134,5): error TS1258: A default export must be at the top level of a file or module declaration.
lib/code.ts(29,78): error TS2314: Generic type 'Array<T>' requires 1 type argument(s).
lib/code.ts(34,9): error TS2322: Type '{ NonAsciiIdentifierStart: RegExp; NonAsciiIdentifierPart: RegExp; }' is not assignable to type 'HTMLElement'.
  Object literal may only specify known properties, and 'NonAsciiIdentifierStart' does not exist in type 'HTMLElement'.
lib/code.ts(41,9): error TS2322: Type '{ NonAsciiIdentifierStart: RegExp; NonAsciiIdentifierPart: RegExp; }' is not assignable to type 'HTMLElement'.
  Object literal may only specify known properties, and 'NonAsciiIdentifierStart' does not exist in type 'HTMLElement'.
lib/code.ts(84,29): error TS2322: Type 'string' is not assignable to type 'Number'.
lib/code.ts(84,56): error TS2345: Argument of type 'Number' is not assignable to parameter of type 'number'.
  'number' is a primitive, but 'Number' is a wrapper object. Prefer using 'number' when possible.
lib/code.ts(85,59): error TS2362: The left-hand side of an arithmetic operation must be of type 'any', 'number', 'bigint' or an enum type.
lib/code.ts(86,49): error TS2362: The left-hand side of an arithmetic operation must be of type 'any', 'number', 'bigint' or an enum type.
lib/code.ts(87,16): error TS2365: Operator '+' cannot be applied to types 'String' and 'String'.
lib/code.ts(91,30): error TS2356: An arithmetic operand must be of type 'any', 'number', 'bigint' or an enum type.
lib/code.ts(92,26): error TS2538: Type 'Number' cannot be used as an index type.
lib/code.ts(99,30): error TS2356: An arithmetic operand must be of type 'any', 'number', 'bigint' or an enum type.
lib/code.ts(100,25): error TS2538: Type 'Number' cannot be used as an index type.
lib/code.ts(108,16): error TS2365: Operator '<' cannot be applied to types 'String' and 'number'.
lib/code.ts(108,45): error TS2538: Type 'String' cannot be used as an index type.
lib/code.ts(108,60): error TS2339: Property 'NonAsciiIdentifierStart' does not exist on type 'HTMLElement'.
lib/code.ts(108,103): error TS2345: Argument of type 'String' is not assignable to parameter of type 'Number'.
  Type 'String' is missing the following properties from type 'Number': toFixed, toExponential, toPrecision
lib/code.ts(112,16): error TS2365: Operator '<' cannot be applied to types 'String' and 'number'.
lib/code.ts(112,44): error TS2538: Type 'String' cannot be used as an index type.
lib/code.ts(112,59): error TS2339: Property 'NonAsciiIdentifierPart' does not exist on type 'HTMLElement'.
lib/code.ts(112,101): error TS2345: Argument of type 'String' is not assignable to parameter of type 'Number'.
lib/code.ts(116,16): error TS2365: Operator '<' cannot be applied to types 'String' and 'number'.
lib/code.ts(116,45): error TS2538: Type 'String' cannot be used as an index type.
lib/code.ts(116,60): error TS2339: Property 'NonAsciiIdentifierStart' does not exist on type 'HTMLElement'.
lib/code.ts(116,103): error TS2345: Argument of type 'String' is not assignable to parameter of type 'Number'.
lib/code.ts(120,16): error TS2365: Operator '<' cannot be applied to types 'String' and 'number'.
lib/code.ts(120,44): error TS2538: Type 'String' cannot be used as an index type.
lib/code.ts(120,59): error TS2339: Property 'NonAsciiIdentifierPart' does not exist on type 'HTMLElement'.
lib/code.ts(120,101): error TS2345: Argument of type 'String' is not assignable to parameter of type 'Number'.
lib/code.ts(123,5): error TS1258: A default export must be at the top level of a file or module declaration.
lib/keyword.ts(28,15): error TS2314: Generic type 'Array<T>' requires 1 type argument(s).
lib/keyword.ts(86,85): error TS2345: Argument of type 'String' is not assignable to parameter of type 'Boolean'.
  The types returned by 'valueOf()' are incompatible between these types.
    Type 'string' is not assignable to type 'boolean'.
lib/keyword.ts(90,85): error TS2345: Argument of type 'String' is not assignable to parameter of type 'Boolean'.
lib/keyword.ts(107,21): error TS2322: Type 'number' is not assignable to type 'Function'.
lib/keyword.ts(107,37): error TS2365: Operator '<' cannot be applied to types 'Number' and 'Function'.
lib/keyword.ts(107,47): error TS2356: An arithmetic operand must be of type 'any', 'number', 'bigint' or an enum type.
lib/keyword.ts(108,32): error TS2345: Argument of type 'Number' is not assignable to parameter of type 'number'.
  'number' is a primitive, but 'Number' is a wrapper object. Prefer using 'number' when possible.
lib/keyword.ts(117,9): error TS2322: Type 'number' is not assignable to type 'String'.
lib/keyword.ts(117,17): error TS2362: The left-hand side of an arithmetic operation must be of type 'any', 'number', 'bigint' or an enum type.
lib/keyword.ts(117,43): error TS2362: The left-hand side of an arithmetic operation must be of type 'any', 'number', 'bigint' or an enum type.
lib/keyword.ts(126,47): error TS2356: An arithmetic operand must be of type 'any', 'number', 'bigint' or an enum type.
lib/keyword.ts(127,32): error TS2345: Argument of type 'Number' is not assignable to parameter of type 'number'.
  'number' is a primitive, but 'Number' is a wrapper object. Prefer using 'number' when possible.
lib/keyword.ts(129,19): error TS2356: An arithmetic operand must be of type 'any', 'number', 'bigint' or an enum type.
lib/keyword.ts(131,39): error TS2345: Argument of type 'Number' is not assignable to parameter of type 'number'.
  'number' is a primitive, but 'Number' is a wrapper object. Prefer using 'number' when possible.
lib/keyword.ts(135,17): error TS2322: Type 'String' is not assignable to type 'Number'.
lib/keyword.ts(153,5): error TS1258: A default export must be at the top level of a file or module declaration.
lib/utils.ts(29,3): error TS1184: Modifiers cannot appear here.
lib/utils.ts(30,3): error TS1184: Modifiers cannot appear here.
lib/utils.ts(31,3): error TS1184: Modifiers cannot appear here.
tools/generate-identifier-regex.ts(26,7): error TS2740: Type '{ NonAsciiIdentifierStart: string; NonAsciiIdentifierPart: string; }' is missing the following properties from type 'HTMLElement': accessKey, accessKeyLabel, autocapitalize, dir, and 277 more.
tools/generate-identifier-regex.ts(28,11): error TS2740: Type 'regenerate' is missing the following properties from type 'String': charAt, charCodeAt, concat, indexOf, and 44 more.
tools/generate-identifier-regex.ts(29,14): error TS2345: Argument of type 'String' is not assignable to parameter of type 'RegenerateArgValueOrArray'.
  Type 'String' is missing the following properties from type 'readonly RegenerateArgValueOrArray[]': join, every, some, forEach, and 11 more.
tools/generate-identifier-regex.ts(32,63): error TS2339: Property 'toArray' does not exist on type 'String'.
tools/generate-identifier-regex.ts(33,11): error TS2322: Type 'regenerate' is not assignable to type 'String'.
tools/generate-identifier-regex.ts(33,47): error TS2345: Argument of type 'String' is not assignable to parameter of type 'RegenerateArgValueOrArray'.
tools/generate-identifier-regex.ts(34,34): error TS2345: Argument of type 'String' is not assignable to parameter of type 'RegenerateArgValueOrArray'.
tools/generate-identifier-regex.ts(48,7): error TS2740: Type '{ NonAsciiIdentifierStart: string; NonAsciiIdentifierPart: string; }' is missing the following properties from type 'HTMLElement': accessKey, accessKeyLabel, autocapitalize, dir, and 277 more.
tools/generate-identifier-regex.ts(52,11): error TS2322: Type 'regenerate' is not assignable to type 'String'.
tools/generate-identifier-regex.ts(52,48): error TS2345: Argument of type 'String' is not assignable to parameter of type 'RegenerateArgValueOrArray'.
tools/generate-identifier-regex.ts(55,11): error TS2322: Type 'regenerate' is not assignable to type 'String'.
tools/generate-identifier-regex.ts(55,47): error TS2345: Argument of type 'String' is not assignable to parameter of type 'RegenerateArgValueOrArray'.
tools/generate-identifier-regex.ts(57,14): error TS2345: Argument of type 'String' is not assignable to parameter of type 'RegenerateArgValueOrArray'.
tools/generate-identifier-regex.ts(70,16): error TS2339: Property 'NonAsciiIdentifierStart' does not exist on type 'HTMLElement'.
tools/generate-identifier-regex.ts(75,16): error TS2339: Property 'NonAsciiIdentifierPart' does not exist on type 'HTMLElement'.
tools/generate-identifier-regex.ts(81,16): error TS2339: Property 'NonAsciiIdentifierStart' does not exist on type 'HTMLElement'.
tools/generate-identifier-regex.ts(86,16): error TS2339: Property 'NonAsciiIdentifierPart' does not exist on type 'HTMLElement'.

