index.ts(32,16): error TS2454: Variable 'key' is used before being assigned.
index.ts(36,84): error TS2304: Cannot find name 'Void'.
index.ts(37,32): error TS2339: Property 'name' does not exist on type 'Object'.
index.ts(38,34): error TS2339: Property 'name' does not exist on type 'Object'.
index.ts(41,19): error TS2339: Property 'newValue' does not exist on type 'Object'.
index.ts(46,3): error TS7053: Element implicitly has an 'any' type because expression of type 'any' can't be used to index type 'Object'.
index.ts(46,18): error TS2339: Property 'name' does not exist on type 'Object'.
index.ts(46,34): error TS2339: Property 'newValue' does not exist on type 'Object'.
index.ts(51,78): error TS2314: Generic type 'Array<T>' requires 1 type argument(s).
index.ts(61,13): error TS2538: Type 'String' cannot be used as an index type.
index.ts(65,44): error TS2314: Generic type 'Array<T>' requires 1 type argument(s).
index.ts(65,57): error TS2314: Generic type 'Array<T>' requires 1 type argument(s).
index.ts(65,93): error TS2314: Generic type 'Array<T>' requires 1 type argument(s).
index.ts(79,3): error TS2322: Type '{}' is not assignable to type 'Boolean'.
  The types returned by 'valueOf()' are incompatible between these types.
    Type 'Object' is not assignable to type 'boolean'.
index.ts(82,23): error TS2356: An arithmetic operand must be of type 'any', 'number', 'bigint' or an enum type.
index.ts(83,23): error TS2538: Type 'Number' cannot be used as an index type.
index.ts(95,11): error TS2454: Variable 'copyIsArray' is used before being assigned.
index.ts(103,58): error TS2554: Expected 0 arguments, but got 3.
../../../../node_modules/@types/get-intrinsic/internal/intrinsics.d.ts(11,25): error TS2304: Cannot find name 'AggregateErrorConstructor'.
../../../../node_modules/@types/get-intrinsic/internal/intrinsics.d.ts(126,42): error TS2304: Cannot find name 'AggregateError'.
../../../../node_modules/@types/get-intrinsic/internal/intrinsics.d.ts(127,47): error TS2304: Cannot find name 'AggregateError'.
../../../../node_modules/@types/get-intrinsic/internal/intrinsics.d.ts(128,50): error TS2304: Cannot find name 'AggregateError'.
../../../../node_modules/@types/get-intrinsic/internal/intrinsics.d.ts(418,37): error TS2550: Property 'any' does not exist on type 'PromiseConstructor'. Do you need to change your target library? Try changing the 'lib' compiler option to 'es2021' or later.
../../../../node_modules/@types/get-intrinsic/internal/intrinsics.d.ts(514,62): error TS2550: Property 'replaceAll' does not exist on type 'String'. Do you need to change your target library? Try changing the 'lib' compiler option to 'es2021' or later.

