benchmark/index.ts(6,23): error TS2307: Cannot find module 'benchmark' or its corresponding type declarations.
benchmark/index.ts(8,24): error TS2307: Cannot find module 'beautify-benchmark' or its corresponding type declarations.
benchmark/index.ts(14,8): error TS7017: Element implicitly has an 'any' type because type 'typeof globalThis' has no index signature.
benchmark/index.ts(15,8): error TS7017: Element implicitly has an 'any' type because type 'typeof globalThis' has no index signature.
benchmark/index.ts(16,8): error TS7017: Element implicitly has an 'any' type because type 'typeof globalThis' has no index signature.
benchmark/index.ts(17,8): error TS7017: Element implicitly has an 'any' type because type 'typeof globalThis' has no index signature.
benchmark/index.ts(18,8): error TS7017: Element implicitly has an 'any' type because type 'typeof globalThis' has no index signature.
benchmark/index.ts(22,7): error TS2339: Property 'add' does not exist on type 'HTMLElement'.
benchmark/index.ts(28,7): error TS2339: Property 'add' does not exist on type 'HTMLElement'.
benchmark/index.ts(34,7): error TS2339: Property 'add' does not exist on type 'HTMLElement'.
benchmark/index.ts(40,7): error TS2339: Property 'add' does not exist on type 'HTMLElement'.
benchmark/index.ts(46,7): error TS2339: Property 'on' does not exist on type 'HTMLElement'.
benchmark/index.ts(46,53): error TS2304: Cannot find name 'Void'.
benchmark/index.ts(47,24): error TS2339: Property 'target' does not exist on type 'Object'.
benchmark/index.ts(50,7): error TS2339: Property 'on' does not exist on type 'HTMLElement'.
benchmark/index.ts(50,46): error TS2304: Cannot find name 'Void'.
benchmark/index.ts(54,7): error TS2339: Property 'run' does not exist on type 'HTMLElement'.
index.ts(24,35): error TS2314: Generic type 'Array<T>' requires 1 type argument(s).
index.ts(30,19): error TS2314: Generic type 'Array<T>' requires 1 type argument(s).
index.ts(30,37): error TS2339: Property 'headers' does not exist on type 'Object'.
index.ts(32,14): error TS2314: Generic type 'Array<T>' requires 1 type argument(s).
index.ts(47,14): error TS2339: Property 'socket' does not exist on type 'Object'.
index.ts(48,11): error TS2339: Property 'socket' does not exist on type 'Object'.
index.ts(49,11): error TS2339: Property 'connection' does not exist on type 'Object'.
index.ts(59,34): error TS2314: Generic type 'Array<T>' requires 1 type argument(s).
index.ts(61,13): error TS2314: Generic type 'Array<T>' requires 1 type argument(s).
index.ts(74,38): error TS2345: Argument of type 'Number' is not assignable to parameter of type 'number'.
  'number' is a primitive, but 'Number' is a wrapper object. Prefer using 'number' when possible.
index.ts(86,32): error TS2345: Argument of type 'Number' is not assignable to parameter of type 'number'.
  'number' is a primitive, but 'Number' is a wrapper object. Prefer using 'number' when possible.
scripts/version-history.ts(8,5): error TS2322: Type 'string | undefined' is not assignable to type 'String'.
  Type 'undefined' is not assignable to type 'String'.
scripts/version-history.ts(11,23): error TS2314: Generic type 'Array<T>' requires 1 type argument(s).
scripts/version-history.ts(11,47): error TS2769: No overload matches this call.
  Overload 1 of 3, '(path: PathOrFileDescriptor, options?: { encoding?: null | undefined; flag?: string | undefined; } | null | undefined): Buffer', gave the following error.
    Argument of type 'String' is not assignable to parameter of type 'PathOrFileDescriptor'.
      Type 'String' is missing the following properties from type 'Buffer': write, toJSON, equals, compare, and 90 more.
  Overload 2 of 3, '(path: PathOrFileDescriptor, options: { encoding: BufferEncoding; flag?: string | undefined; } | BufferEncoding): string', gave the following error.
    Argument of type 'String' is not assignable to parameter of type 'PathOrFileDescriptor'.
  Overload 3 of 3, '(path: PathOrFileDescriptor, options?: BufferEncoding | (ObjectEncodingOptions & { flag?: string | undefined; }) | null | undefined): string | Buffer', gave the following error.
    Argument of type 'String' is not assignable to parameter of type 'PathOrFileDescriptor'.
scripts/version-history.ts(24,7): error TS2740: Type 'RegExp' is missing the following properties from type 'HTMLElement': accessKey, accessKeyLabel, autocapitalize, dir, and 277 more.
scripts/version-history.ts(26,27): error TS2339: Property 'test' does not exist on type 'HTMLElement'.
scripts/version-history.ts(35,18): error TS2345: Argument of type 'String' is not assignable to parameter of type 'PathOrFileDescriptor'.
scripts/version-history.ts(38,7): error TS2740: Type 'Date' is missing the following properties from type 'HTMLInputElement': accept, align, alt, autocomplete, and 333 more.
scripts/version-history.ts(40,22): error TS2339: Property 'getFullYear' does not exist on type 'HTMLInputElement'.
scripts/version-history.ts(41,17): error TS2339: Property 'getMonth' does not exist on type 'HTMLInputElement'.
scripts/version-history.ts(42,17): error TS2339: Property 'getDate' does not exist on type 'HTMLInputElement'.
scripts/version-history.ts(48,19): error TS2365: Operator '<' cannot be applied to types 'number' and 'String'.
scripts/version-history.ts(49,5): error TS2365: Operator '+=' cannot be applied to types 'String' and 'String'.
../../../../node_modules/@types/get-intrinsic/internal/intrinsics.d.ts(11,25): error TS2304: Cannot find name 'AggregateErrorConstructor'.
../../../../node_modules/@types/get-intrinsic/internal/intrinsics.d.ts(126,42): error TS2304: Cannot find name 'AggregateError'.
../../../../node_modules/@types/get-intrinsic/internal/intrinsics.d.ts(127,47): error TS2304: Cannot find name 'AggregateError'.
../../../../node_modules/@types/get-intrinsic/internal/intrinsics.d.ts(128,50): error TS2304: Cannot find name 'AggregateError'.
../../../../node_modules/@types/get-intrinsic/internal/intrinsics.d.ts(418,37): error TS2550: Property 'any' does not exist on type 'PromiseConstructor'. Do you need to change your target library? Try changing the 'lib' compiler option to 'es2021' or later.
../../../../node_modules/@types/get-intrinsic/internal/intrinsics.d.ts(514,62): error TS2550: Property 'replaceAll' does not exist on type 'String'. Do you need to change your target library? Try changing the 'lib' compiler option to 'es2021' or later.

