.github/workflows/package-json-repo.ts(6,9): error TS2339: Property 'repository' does not exist on type 'any[]'.
.github/workflows/package-json-repo.ts(10,6): error TS2339: Property 'repository' does not exist on type 'any[]'.
.github/workflows/package-json-repo.ts(11,27): error TS2339: Property 'readFileSync' does not exist on type 'string'.
.github/workflows/package-json-repo.ts(15,6): error TS2339: Property 'writeFileSync' does not exist on type 'string'.
clone.ts(6,14): error TS2339: Property '__proto__' does not exist on type 'object'.
clone.ts(11,5): error TS2322: Type 'string' is not assignable to type 'object'.
clone.ts(13,7): error TS2358: The left-hand side of an 'instanceof' expression must be of type 'any', an object type or a type parameter.
graceful-fs.ts(13,3): error TS2322: Type 'symbol' is not assignable to type 'string'.
graceful-fs.ts(15,3): error TS2322: Type 'symbol' is not assignable to type 'string'.
graceful-fs.ts(45,16): error TS2345: Argument of type 'typeof import("fs")' is not assignable to parameter of type 'Function'.
  Type 'typeof import("fs")' is missing the following properties from type 'Function': apply, call, bind, prototype, and 6 more.
graceful-fs.ts(51,3): error TS2741: Property '__promisify__' is missing in type '(fd: string, cb: Function) => string' but required in type 'typeof close'.
graceful-fs.ts(70,3): error TS2322: Type '(fd: Function) => void' is not assignable to type '(fd: number) => void'.
  Types of parameters 'fd' and 'fd' are incompatible.
    Type 'number' is not assignable to type 'Function'.
graceful-fs.ts(92,16): error TS2345: Argument of type 'typeof globalThis' is not assignable to parameter of type 'Function'.
  Type 'typeof globalThis' is missing the following properties from type 'Function': apply, call, bind, prototype, and 5 more.
graceful-fs.ts(95,1): error TS2528: A module cannot have multiple default exports.
graceful-fs.ts(95,28): error TS2345: Argument of type 'typeof import("fs")' is not assignable to parameter of type 'string'.
graceful-fs.ts(96,54): error TS2339: Property '__patched' does not exist on type 'typeof import("fs")'.
graceful-fs.ts(97,3): error TS1258: A default export must be at the top level of a file or module declaration.
graceful-fs.ts(97,3): error TS2528: A module cannot have multiple default exports.
graceful-fs.ts(98,6): error TS2339: Property '__patched' does not exist on type 'typeof import("fs")'.
graceful-fs.ts(103,13): error TS2345: Argument of type 'object' is not assignable to parameter of type 'string'.
graceful-fs.ts(104,6): error TS2339: Property 'gracefulify' does not exist on type 'object'.
graceful-fs.ts(106,6): error TS2339: Property 'createReadStream' does not exist on type 'object'.
graceful-fs.ts(107,6): error TS2339: Property 'createWriteStream' does not exist on type 'object'.
graceful-fs.ts(108,34): error TS2339: Property 'readFile' does not exist on type 'object'.
graceful-fs.ts(109,6): error TS2339: Property 'readFile' does not exist on type 'object'.
graceful-fs.ts(112,7): error TS2322: Type 'Function' is not assignable to type 'string'.
graceful-fs.ts(114,5): error TS2322: Type 'boolean' is not assignable to type 'string'.
graceful-fs.ts(114,12): error TS2554: Expected 4 arguments, but got 3.
graceful-fs.ts(118,25): error TS2339: Property 'code' does not exist on type 'object'.
graceful-fs.ts(118,50): error TS2339: Property 'code' does not exist on type 'object'.
graceful-fs.ts(128,32): error TS2339: Property 'writeFile' does not exist on type 'object'.
graceful-fs.ts(129,6): error TS2339: Property 'writeFile' does not exist on type 'object'.
graceful-fs.ts(132,7): error TS2322: Type 'Function' is not assignable to type 'string'.
graceful-fs.ts(134,5): error TS2322: Type 'boolean' is not assignable to type 'string'.
graceful-fs.ts(134,12): error TS2554: Expected 5 arguments, but got 4.
graceful-fs.ts(137,14): error TS2349: This expression is not callable.
  Type 'any[]' has no call signatures.
graceful-fs.ts(138,25): error TS2339: Property 'code' does not exist on type 'object'.
graceful-fs.ts(138,50): error TS2339: Property 'code' does not exist on type 'object'.
graceful-fs.ts(148,33): error TS2339: Property 'appendFile' does not exist on type 'object'.
graceful-fs.ts(150,8): error TS2339: Property 'appendFile' does not exist on type 'object'.
graceful-fs.ts(153,7): error TS2322: Type 'Function' is not assignable to type 'string'.
graceful-fs.ts(155,5): error TS2322: Type 'boolean' is not assignable to type 'string'.
graceful-fs.ts(155,12): error TS2554: Expected 5 arguments, but got 4.
graceful-fs.ts(158,14): error TS2349: This expression is not callable.
  Type 'any[]' has no call signatures.
graceful-fs.ts(159,25): error TS2339: Property 'code' does not exist on type 'object'.
graceful-fs.ts(159,50): error TS2339: Property 'code' does not exist on type 'object'.
graceful-fs.ts(169,31): error TS2339: Property 'copyFile' does not exist on type 'object'.
graceful-fs.ts(171,8): error TS2339: Property 'copyFile' does not exist on type 'object'.
graceful-fs.ts(177,5): error TS2322: Type 'boolean' is not assignable to type 'string'.
graceful-fs.ts(177,12): error TS2554: Expected 5 arguments, but got 4.
graceful-fs.ts(180,14): error TS2349: This expression is not callable.
  Type 'any[]' has no call signatures.
graceful-fs.ts(181,25): error TS2339: Property 'code' does not exist on type 'object'.
graceful-fs.ts(181,50): error TS2339: Property 'code' does not exist on type 'object'.
graceful-fs.ts(191,33): error TS2339: Property 'readdir' does not exist on type 'object'.
graceful-fs.ts(192,6): error TS2339: Property 'readdir' does not exist on type 'object'.
graceful-fs.ts(201,17): error TS2345: Argument of type 'object' is not assignable to parameter of type 'Function'.
graceful-fs.ts(206,17): error TS2345: Argument of type 'object' is not assignable to parameter of type 'Function'.
graceful-fs.ts(214,25): error TS2339: Property 'code' does not exist on type 'object'.
graceful-fs.ts(214,50): error TS2339: Property 'code' does not exist on type 'object'.
graceful-fs.ts(234,37): error TS2345: Argument of type 'object' is not assignable to parameter of type 'Function'.
  Type '{}' is missing the following properties from type 'Function': apply, call, bind, prototype, and 6 more.
graceful-fs.ts(235,5): error TS2630: Cannot assign to 'ReadStream' because it is a function.
graceful-fs.ts(235,29): error TS2339: Property 'ReadStream' does not exist on type 'object'.
graceful-fs.ts(236,5): error TS2630: Cannot assign to 'WriteStream' because it is a function.
graceful-fs.ts(236,30): error TS2339: Property 'WriteStream' does not exist on type 'object'.
graceful-fs.ts(239,36): error TS2339: Property 'ReadStream' does not exist on type 'object'.
graceful-fs.ts(245,37): error TS2339: Property 'WriteStream' does not exist on type 'object'.
graceful-fs.ts(256,7): error TS2630: Cannot assign to 'ReadStream' because it is a function.
graceful-fs.ts(266,7): error TS2630: Cannot assign to 'WriteStream' because it is a function.
graceful-fs.ts(273,7): error TS2322: Type '{ (path: string, options: object): any; prototype: any; }' is not assignable to type 'string'.
graceful-fs.ts(284,7): error TS2322: Type '{ (path: string, options: object): any; prototype: any; }' is not assignable to type 'string'.
graceful-fs.ts(296,56): error TS2314: Generic type 'Promise<T>' requires 1 type argument(s).
graceful-fs.ts(305,15): error TS2339: Property 'path' does not exist on type 'HTMLElement'.
graceful-fs.ts(305,26): error TS2339: Property 'flags' does not exist on type 'HTMLElement'.
graceful-fs.ts(305,38): error TS2339: Property 'mode' does not exist on type 'HTMLElement'.
graceful-fs.ts(305,44): error TS2345: Argument of type '(err: Function, fd: any[]) => void' is not assignable to parameter of type 'string'.
graceful-fs.ts(307,18): error TS2339: Property 'autoClose' does not exist on type 'HTMLElement'.
graceful-fs.ts(308,16): error TS2339: Property 'destroy' does not exist on type 'HTMLElement'.
graceful-fs.ts(310,14): error TS2339: Property 'emit' does not exist on type 'HTMLElement'.
graceful-fs.ts(312,14): error TS2339: Property 'fd' does not exist on type 'HTMLElement'.
graceful-fs.ts(313,14): error TS2339: Property 'emit' does not exist on type 'HTMLElement'.
graceful-fs.ts(314,14): error TS2339: Property 'read' does not exist on type 'HTMLElement'.
graceful-fs.ts(319,57): error TS2314: Generic type 'Promise<T>' requires 1 type argument(s).
graceful-fs.ts(328,15): error TS2339: Property 'path' does not exist on type 'HTMLElement'.
graceful-fs.ts(328,26): error TS2339: Property 'flags' does not exist on type 'HTMLElement'.
graceful-fs.ts(328,38): error TS2339: Property 'mode' does not exist on type 'HTMLElement'.
graceful-fs.ts(328,44): error TS2345: Argument of type '(err: Function, fd: any[]) => void' is not assignable to parameter of type 'string'.
graceful-fs.ts(330,14): error TS2339: Property 'destroy' does not exist on type 'HTMLElement'.
graceful-fs.ts(331,14): error TS2339: Property 'emit' does not exist on type 'HTMLElement'.
graceful-fs.ts(333,14): error TS2339: Property 'fd' does not exist on type 'HTMLElement'.
graceful-fs.ts(334,14): error TS2339: Property 'emit' does not exist on type 'HTMLElement'.
graceful-fs.ts(340,19): error TS2339: Property 'ReadStream' does not exist on type 'object'.
graceful-fs.ts(344,19): error TS2339: Property 'WriteStream' does not exist on type 'object'.
graceful-fs.ts(347,30): error TS2339: Property 'open' does not exist on type 'object'.
graceful-fs.ts(348,6): error TS2339: Property 'open' does not exist on type 'object'.
graceful-fs.ts(353,5): error TS2322: Type 'boolean' is not assignable to type 'string'.
graceful-fs.ts(353,12): error TS2554: Expected 5 arguments, but got 4.
graceful-fs.ts(357,25): error TS2339: Property 'code' does not exist on type 'object'.
graceful-fs.ts(357,50): error TS2339: Property 'code' does not exist on type 'object'.
graceful-fs.ts(367,3): error TS2740: Type '{}' is missing the following properties from type 'any[]': length, pop, push, concat, and 29 more.
graceful-fs.ts(415,23): error TS2339: Property 'name' does not exist on type 'object'.
graceful-fs.ts(416,8): error TS2339: Property 'apply' does not exist on type 'object'.
graceful-fs.ts(419,25): error TS2339: Property 'name' does not exist on type 'object'.
graceful-fs.ts(434,25): error TS2339: Property 'name' does not exist on type 'object'.
graceful-fs.ts(435,10): error TS2339: Property 'apply' does not exist on type 'object'.
graceful-fs.ts(445,5): error TS2322: Type 'Timeout' is not assignable to type 'number'.
legacy-streams.ts(12,47): error TS2350: Only a void function can be called with the 'new' keyword.
legacy-streams.ts(14,5): error TS2684: The 'this' context of type 'typeof Stream' is not assignable to method's 'this' of type 'Function'.
  Types of property 'once' are incompatible.
    Type '{ (emitter: _NodeEventTarget, eventName: string | symbol, options?: StaticEventEmitterOptions): Promise<any[]>; (emitter: _DOMEventTarget, eventName: string, options?: StaticEventEmitterOptions): Promise<...>; }' is not assignable to type '() => Function & FnProps<any>'.
legacy-streams.ts(57,14): error TS2339: Property '_read' does not exist on type 'any[]'.
legacy-streams.ts(62,8): error TS2339: Property 'open' does not exist on type 'Function'.
legacy-streams.ts(64,14): error TS2339: Property 'emit' does not exist on type 'any[]'.
legacy-streams.ts(65,14): error TS2339: Property 'readable' does not exist on type 'any[]'.
legacy-streams.ts(69,12): error TS2339: Property 'fd' does not exist on type 'any[]'.
legacy-streams.ts(70,12): error TS2339: Property 'emit' does not exist on type 'any[]'.
legacy-streams.ts(71,12): error TS2339: Property '_read' does not exist on type 'any[]'.
legacy-streams.ts(76,48): error TS2350: Only a void function can be called with the 'new' keyword.
legacy-streams.ts(78,5): error TS2684: The 'this' context of type 'typeof Stream' is not assignable to method's 'this' of type 'Function'.
legacy-streams.ts(113,23): error TS2339: Property 'open' does not exist on type 'Function'.
polyfills.ts(6,5): error TS2322: Type 'string' is not assignable to type 'number'.
polyfills.ts(40,11): error TS2339: Property 'lutimes' does not exist on type 'string'.
polyfills.ts(49,6): error TS2339: Property 'chown' does not exist on type 'string'.
polyfills.ts(49,26): error TS2339: Property 'chown' does not exist on type 'string'.
polyfills.ts(50,6): error TS2339: Property 'fchown' does not exist on type 'string'.
polyfills.ts(50,27): error TS2339: Property 'fchown' does not exist on type 'string'.
polyfills.ts(51,6): error TS2339: Property 'lchown' does not exist on type 'string'.
polyfills.ts(51,27): error TS2339: Property 'lchown' does not exist on type 'string'.
polyfills.ts(53,6): error TS2339: Property 'chmod' does not exist on type 'string'.
polyfills.ts(53,26): error TS2339: Property 'chmod' does not exist on type 'string'.
polyfills.ts(54,6): error TS2339: Property 'fchmod' does not exist on type 'string'.
polyfills.ts(54,27): error TS2339: Property 'fchmod' does not exist on type 'string'.
polyfills.ts(55,6): error TS2339: Property 'lchmod' does not exist on type 'string'.
polyfills.ts(55,27): error TS2339: Property 'lchmod' does not exist on type 'string'.
polyfills.ts(57,6): error TS2339: Property 'chownSync' does not exist on type 'string'.
polyfills.ts(57,34): error TS2339: Property 'chownSync' does not exist on type 'string'.
polyfills.ts(58,6): error TS2339: Property 'fchownSync' does not exist on type 'string'.
polyfills.ts(58,35): error TS2339: Property 'fchownSync' does not exist on type 'string'.
polyfills.ts(59,6): error TS2339: Property 'lchownSync' does not exist on type 'string'.
polyfills.ts(59,35): error TS2339: Property 'lchownSync' does not exist on type 'string'.
polyfills.ts(61,6): error TS2339: Property 'chmodSync' does not exist on type 'string'.
polyfills.ts(61,34): error TS2339: Property 'chmodSync' does not exist on type 'string'.
polyfills.ts(62,6): error TS2339: Property 'fchmodSync' does not exist on type 'string'.
polyfills.ts(62,35): error TS2339: Property 'fchmodSync' does not exist on type 'string'.
polyfills.ts(63,6): error TS2339: Property 'lchmodSync' does not exist on type 'string'.
polyfills.ts(63,35): error TS2339: Property 'lchmodSync' does not exist on type 'string'.
polyfills.ts(65,6): error TS2339: Property 'stat' does not exist on type 'string'.
polyfills.ts(65,24): error TS2339: Property 'stat' does not exist on type 'string'.
polyfills.ts(66,6): error TS2339: Property 'fstat' does not exist on type 'string'.
polyfills.ts(66,25): error TS2339: Property 'fstat' does not exist on type 'string'.
polyfills.ts(67,6): error TS2339: Property 'lstat' does not exist on type 'string'.
polyfills.ts(67,25): error TS2339: Property 'lstat' does not exist on type 'string'.
polyfills.ts(69,6): error TS2339: Property 'statSync' does not exist on type 'string'.
polyfills.ts(69,32): error TS2339: Property 'statSync' does not exist on type 'string'.
polyfills.ts(70,6): error TS2339: Property 'fstatSync' does not exist on type 'string'.
polyfills.ts(70,33): error TS2339: Property 'fstatSync' does not exist on type 'string'.
polyfills.ts(71,6): error TS2339: Property 'lstatSync' does not exist on type 'string'.
polyfills.ts(71,33): error TS2339: Property 'lstatSync' does not exist on type 'string'.
polyfills.ts(74,10): error TS2339: Property 'chmod' does not exist on type 'string'.
polyfills.ts(74,23): error TS2339: Property 'lchmod' does not exist on type 'string'.
polyfills.ts(75,8): error TS2339: Property 'lchmod' does not exist on type 'string'.
polyfills.ts(76,32): error TS2345: Argument of type 'boolean' is not assignable to parameter of type 'Function'.
polyfills.ts(78,8): error TS2339: Property 'lchmodSync' does not exist on type 'string'.
polyfills.ts(80,10): error TS2339: Property 'chown' does not exist on type 'string'.
polyfills.ts(80,23): error TS2339: Property 'lchown' does not exist on type 'string'.
polyfills.ts(81,8): error TS2339: Property 'lchown' does not exist on type 'string'.
polyfills.ts(82,32): error TS2345: Argument of type 'boolean' is not assignable to parameter of type 'Function'.
polyfills.ts(84,8): error TS2339: Property 'lchownSync' does not exist on type 'string'.
polyfills.ts(96,7): error TS2367: This condition will always return 'false' since the types 'number' and 'string' have no overlap.
polyfills.ts(97,8): error TS2339: Property 'rename' does not exist on type 'string'.
polyfills.ts(97,27): error TS2339: Property 'rename' does not exist on type 'string'.
polyfills.ts(97,54): error TS2339: Property 'rename' does not exist on type 'string'.
polyfills.ts(104,22): error TS2339: Property 'code' does not exist on type 'object'.
polyfills.ts(104,46): error TS2339: Property 'code' does not exist on type 'object'.
polyfills.ts(107,18): error TS2339: Property 'stat' does not exist on type 'string'.
polyfills.ts(108,38): error TS2339: Property 'code' does not exist on type 'object'.
polyfills.ts(123,11): error TS2339: Property 'rename' does not exist on type 'string'.
polyfills.ts(127,6): error TS2339: Property 'read' does not exist on type 'string'.
polyfills.ts(127,23): error TS2339: Property 'read' does not exist on type 'string'.
polyfills.ts(127,48): error TS2339: Property 'read' does not exist on type 'string'.
polyfills.ts(134,24): error TS2339: Property 'code' does not exist on type 'object'.
polyfills.ts(147,9): error TS2339: Property 'read' does not exist on type 'string'.
polyfills.ts(149,6): error TS2339: Property 'readSync' does not exist on type 'string'.
polyfills.ts(149,27): error TS2339: Property 'readSync' does not exist on type 'string'.
polyfills.ts(149,56): error TS2339: Property 'readSync' does not exist on type 'string'.
polyfills.ts(163,10): error TS2339: Property 'readSync' does not exist on type 'string'.
polyfills.ts(166,8): error TS2339: Property 'lchmod' does not exist on type 'string'.
polyfills.ts(167,10): error TS2339: Property 'open' does not exist on type 'string'.
polyfills.ts(177,12): error TS2339: Property 'fchmod' does not exist on type 'string'.
polyfills.ts(178,14): error TS2339: Property 'close' does not exist on type 'string'.
polyfills.ts(185,8): error TS2339: Property 'lchmodSync' does not exist on type 'string'.
polyfills.ts(186,27): error TS2339: Property 'openSync' does not exist on type 'string'.
polyfills.ts(193,18): error TS2339: Property 'fchmodSync' does not exist on type 'string'.
polyfills.ts(198,16): error TS2339: Property 'closeSync' does not exist on type 'string'.
polyfills.ts(201,14): error TS2339: Property 'closeSync' does not exist on type 'string'.
polyfills.ts(209,53): error TS2339: Property 'futimes' does not exist on type 'string'.
polyfills.ts(210,10): error TS2339: Property 'lutimes' does not exist on type 'string'.
polyfills.ts(211,12): error TS2339: Property 'open' does not exist on type 'string'.
polyfills.ts(216,14): error TS2339: Property 'futimes' does not exist on type 'string'.
polyfills.ts(217,16): error TS2339: Property 'close' does not exist on type 'string'.
polyfills.ts(224,10): error TS2339: Property 'lutimesSync' does not exist on type 'string'.
polyfills.ts(225,29): error TS2339: Property 'openSync' does not exist on type 'string'.
polyfills.ts(229,20): error TS2339: Property 'futimesSync' does not exist on type 'string'.
polyfills.ts(234,18): error TS2339: Property 'closeSync' does not exist on type 'string'.
polyfills.ts(237,16): error TS2339: Property 'closeSync' does not exist on type 'string'.
polyfills.ts(243,19): error TS2339: Property 'futimes' does not exist on type 'string'.
polyfills.ts(244,10): error TS2339: Property 'lutimes' does not exist on type 'string'.
polyfills.ts(244,110): error TS2345: Argument of type 'boolean' is not assignable to parameter of type 'Function'.
polyfills.ts(245,10): error TS2339: Property 'lutimesSync' does not exist on type 'string'.
polyfills.ts(253,23): error TS2345: Argument of type 'string' is not assignable to parameter of type 'object'.
polyfills.ts(254,20): error TS2339: Property 'apply' does not exist on type 'any[]'.
polyfills.ts(275,23): error TS2345: Argument of type 'string' is not assignable to parameter of type 'object'.
polyfills.ts(276,20): error TS2339: Property 'apply' does not exist on type 'any[]'.
polyfills.ts(303,21): error TS2339: Property 'uid' does not exist on type 'any[]'.
polyfills.ts(303,36): error TS2339: Property 'uid' does not exist on type 'any[]'.
polyfills.ts(304,21): error TS2339: Property 'gid' does not exist on type 'any[]'.
polyfills.ts(304,36): error TS2339: Property 'gid' does not exist on type 'any[]'.
polyfills.ts(321,19): error TS2339: Property 'uid' does not exist on type 'any[]'.
polyfills.ts(321,34): error TS2339: Property 'uid' does not exist on type 'any[]'.
polyfills.ts(322,19): error TS2339: Property 'gid' does not exist on type 'any[]'.
polyfills.ts(322,34): error TS2339: Property 'gid' does not exist on type 'any[]'.
polyfills.ts(344,12): error TS2339: Property 'code' does not exist on type 'object'.
polyfills.ts(349,14): error TS2339: Property 'code' does not exist on type 'object'.
polyfills.ts(349,38): error TS2339: Property 'code' does not exist on type 'object'.

