src/createICSSRules.ts(1,68): error TS2322: Type 'string' is not assignable to type 'Number'.
src/createICSSRules.ts(3,37): error TS2538: Type 'String' cannot be used as an index type.
src/createICSSRules.ts(4,25): error TS2314: Generic type 'Array<T>' requires 1 type argument(s).
src/createICSSRules.ts(5,15): error TS2339: Property 'decl' does not exist on type 'Object'.
src/createICSSRules.ts(7,24): error TS2538: Type 'String' cannot be used as an index type.
src/createICSSRules.ts(14,17): error TS2314: Generic type 'Array<T>' requires 1 type argument(s).
src/createICSSRules.ts(15,7): error TS2367: This condition will always return 'false' since the types 'Number' and 'string' have no overlap.
src/createICSSRules.ts(16,19): error TS2339: Property 'rule' does not exist on type 'Object'.
src/createICSSRules.ts(20,19): error TS2339: Property 'atRule' does not exist on type 'Object'.
src/createICSSRules.ts(34,68): error TS2322: Type 'string' is not assignable to type 'Number'.
src/createICSSRules.ts(35,23): error TS2314: Generic type 'Array<T>' requires 1 type argument(s).
src/createICSSRules.ts(36,13): error TS2339: Property 'decl' does not exist on type 'Object'.
src/createICSSRules.ts(38,22): error TS2538: Type 'String' cannot be used as an index type.
src/createICSSRules.ts(46,15): error TS2314: Generic type 'Array<T>' requires 1 type argument(s).
src/createICSSRules.ts(47,5): error TS2367: This condition will always return 'false' since the types 'Number' and 'string' have no overlap.
src/createICSSRules.ts(48,17): error TS2339: Property 'rule' does not exist on type 'Object'.
src/createICSSRules.ts(52,17): error TS2339: Property 'atRule' does not exist on type 'Object'.
src/createICSSRules.ts(62,45): error TS2314: Generic type 'Array<T>' requires 1 type argument(s).
src/extractICSS.ts(7,8): error TS2339: Property 'walkDecls' does not exist on type 'Object'.
src/extractICSS.ts(8,33): error TS2339: Property 'raws' does not exist on type 'Object'.
src/extractICSS.ts(8,52): error TS2339: Property 'raws' does not exist on type 'Object'.
src/extractICSS.ts(10,26): error TS2339: Property 'prop' does not exist on type 'Object'.
src/extractICSS.ts(10,39): error TS2339: Property 'value' does not exist on type 'Object'.
src/extractICSS.ts(21,76): error TS2322: Type 'string' is not assignable to type 'Number'.
src/extractICSS.ts(23,9): error TS2740: Type '{}' is missing the following properties from type 'String': charAt, charCodeAt, concat, indexOf, and 44 more.
src/extractICSS.ts(25,52): error TS2304: Cannot find name 'Void'.
src/extractICSS.ts(27,17): error TS2538: Type 'String' cannot be used as an index type.
src/extractICSS.ts(28,19): error TS2538: Type 'String' cannot be used as an index type.
src/extractICSS.ts(33,12): error TS2339: Property 'remove' does not exist on type 'Object'.
src/extractICSS.ts(37,29): error TS2314: Generic type 'Map<K, V>' requires 2 type argument(s).
src/extractICSS.ts(37,35): error TS2304: Cannot find name 'Void'.
src/extractICSS.ts(44,7): error TS2339: Property 'each' does not exist on type 'Function'.
src/extractICSS.ts(45,14): error TS2339: Property 'type' does not exist on type 'Object'.
src/extractICSS.ts(45,33): error TS2367: This condition will always return 'true' since the types 'Number' and 'string' have no overlap.
src/extractICSS.ts(46,16): error TS2339: Property 'selector' does not exist on type 'Object'.
src/extractICSS.ts(47,24): error TS2314: Generic type 'Promise<T>' requires 1 type argument(s).
src/extractICSS.ts(47,58): error TS2339: Property 'selector' does not exist on type 'Object'.
src/extractICSS.ts(54,16): error TS2339: Property 'selector' does not exist on type 'Object'.
src/extractICSS.ts(59,14): error TS2339: Property 'type' does not exist on type 'Object'.
src/extractICSS.ts(59,35): error TS2367: This condition will always return 'true' since the types 'Number' and 'string' have no overlap.
src/extractICSS.ts(60,16): error TS2339: Property 'name' does not exist on type 'Object'.
src/extractICSS.ts(61,24): error TS2314: Generic type 'Promise<T>' requires 1 type argument(s).
src/extractICSS.ts(61,59): error TS2339: Property 'params' does not exist on type 'Object'.
src/extractICSS.ts(67,16): error TS2339: Property 'name' does not exist on type 'Object'.
src/replaceSymbols.ts(4,7): error TS2339: Property 'walk' does not exist on type 'Function'.
src/replaceSymbols.ts(5,14): error TS2339: Property 'type' does not exist on type 'Object'.
src/replaceSymbols.ts(5,38): error TS2339: Property 'value' does not exist on type 'Object'.
src/replaceSymbols.ts(6,12): error TS2339: Property 'value' does not exist on type 'Object'.
src/replaceSymbols.ts(6,45): error TS2339: Property 'value' does not exist on type 'Object'.
src/replaceSymbols.ts(7,21): error TS2339: Property 'type' does not exist on type 'Object'.
src/replaceSymbols.ts(7,45): error TS2339: Property 'selector' does not exist on type 'Object'.
src/replaceSymbols.ts(8,12): error TS2339: Property 'selector' does not exist on type 'Object'.
src/replaceSymbols.ts(9,14): error TS2339: Property 'selector' does not exist on type 'Object'.
src/replaceSymbols.ts(12,21): error TS2339: Property 'type' does not exist on type 'Object'.
src/replaceSymbols.ts(12,47): error TS2339: Property 'params' does not exist on type 'Object'.
src/replaceSymbols.ts(13,12): error TS2339: Property 'params' does not exist on type 'Object'.
src/replaceSymbols.ts(13,46): error TS2339: Property 'params' does not exist on type 'Object'.
src/replaceValueSymbols.ts(6,41): error TS2345: Argument of type 'String' is not assignable to parameter of type 'string'.
  'string' is a primitive, but 'String' is a wrapper object. Prefer using 'string' when possible.
src/replaceValueSymbols.ts(11,32): error TS2339: Property 'index' does not exist on type 'Object'.

