example.ts(4,28): error TS2351: This expression is not constructable.
  Type '{}' has no construct signatures.
example.ts(5,17): error TS2339: Property 'bitLength' does not exist on type 'HTMLElement'.
index.ts(13,7): error TS2322: Type 'boolean' is not assignable to type 'number'.
index.ts(25,12): error TS2554: Expected 3 arguments, but got 1.
index.ts(42,5): error TS2322: Type 'number' is not assignable to type 'string'.
index.ts(58,5): error TS2322: Type 'number' is not assignable to type 'string'.
index.ts(73,5): error TS2322: Type 'number' is not assignable to type 'string'.
index.ts(112,29): error TS2339: Property 'charCodeAt' does not exist on type 'Function'.
index.ts(119,7): error TS2339: Property 't' does not exist on type 'object'.
index.ts(120,7): error TS2339: Property 's' does not exist on type 'object'.
index.ts(135,7): error TS2339: Property 'fromInt' does not exist on type 'object'.
index.ts(136,5): error TS2322: Type 'object' is not assignable to type 'string'.
index.ts(160,15): error TS2339: Property 'substr' does not exist on type 'any[]'.
index.ts(182,52): error TS2345: Argument of type 'any[]' is not assignable to parameter of type 'Function'.
  Type 'any[]' is missing the following properties from type 'Function': apply, call, bind, prototype, and 5 more.
index.ts(184,15): error TS2339: Property 'charAt' does not exist on type 'any[]'.
index.ts(201,29): error TS2339: Property 'subTo' does not exist on type 'string'.
index.ts(214,9): error TS2367: This condition will always return 'false' since the types 'string' and 'number' have no overlap.
index.ts(215,14): error TS2367: This condition will always return 'false' since the types 'string' and 'number' have no overlap.
index.ts(216,14): error TS2367: This condition will always return 'false' since the types 'string' and 'number' have no overlap.
index.ts(217,14): error TS2367: This condition will always return 'false' since the types 'string' and 'number' have no overlap.
index.ts(218,14): error TS2367: This condition will always return 'false' since the types 'string' and 'number' have no overlap.
index.ts(251,9): error TS2322: Type 'any[]' is not assignable to type 'string'.
index.ts(252,21): error TS2339: Property 'subTo' does not exist on type 'string'.
index.ts(263,32): error TS2339: Property 's' does not exist on type 'object'.
index.ts(266,15): error TS2339: Property 't' does not exist on type 'object'.
index.ts(312,7): error TS2339: Property 't' does not exist on type 'object'.
index.ts(313,7): error TS2339: Property 's' does not exist on type 'object'.
index.ts(319,7): error TS2339: Property 't' does not exist on type 'object'.
index.ts(320,7): error TS2339: Property 's' does not exist on type 'object'.
index.ts(337,7): error TS2339: Property 't' does not exist on type 'object'.
index.ts(338,7): error TS2339: Property 's' does not exist on type 'object'.
index.ts(339,7): error TS2339: Property 'clamp' does not exist on type 'object'.
index.ts(344,7): error TS2339: Property 's' does not exist on type 'object'.
index.ts(347,9): error TS2339: Property 't' does not exist on type 'object'.
index.ts(359,7): error TS2339: Property 't' does not exist on type 'object'.
index.ts(360,7): error TS2339: Property 'clamp' does not exist on type 'object'.
index.ts(367,30): error TS2339: Property 't' does not exist on type 'object'.
index.ts(373,11): error TS2339: Property 't' does not exist on type 'object'.
index.ts(374,14): error TS2339: Property 's' does not exist on type 'object'.
index.ts(383,20): error TS2339: Property 't' does not exist on type 'object'.
index.ts(388,14): error TS2339: Property 's' does not exist on type 'object'.
index.ts(390,7): error TS2339: Property 's' does not exist on type 'object'.
index.ts(393,7): error TS2339: Property 't' does not exist on type 'object'.
index.ts(394,7): error TS2339: Property 'clamp' does not exist on type 'object'.
index.ts(401,21): error TS2339: Property 'abs' does not exist on type 'HTMLElement'.
index.ts(402,23): error TS2339: Property 't' does not exist on type 'HTMLElement'.
index.ts(403,7): error TS2339: Property 't' does not exist on type 'object'.
index.ts(403,17): error TS2339: Property 't' does not exist on type 'object'.
index.ts(405,23): error TS2339: Property 't' does not exist on type 'object'.
index.ts(405,39): error TS2339: Property 't' does not exist on type 'HTMLElement'.
index.ts(405,46): error TS2339: Property 'am' does not exist on type 'HTMLElement'.
index.ts(405,69): error TS2339: Property 't' does not exist on type 'HTMLElement'.
index.ts(406,7): error TS2339: Property 's' does not exist on type 'object'.
index.ts(407,7): error TS2339: Property 'clamp' does not exist on type 'object'.
index.ts(408,21): error TS2339: Property 's' does not exist on type 'HTMLElement'.
index.ts(408,40): error TS2339: Property 'subTo' does not exist on type 'string'.
index.ts(414,24): error TS2339: Property 't' does not exist on type 'object'.
index.ts(414,34): error TS2339: Property 't' does not exist on type 'object'.
index.ts(416,23): error TS2339: Property 't' does not exist on type 'object'.
index.ts(417,25): error TS2339: Property 'am' does not exist on type 'object'.
index.ts(419,18): error TS2339: Property 't' does not exist on type 'object'.
index.ts(419,26): error TS2339: Property 'am' does not exist on type 'object'.
index.ts(419,65): error TS2339: Property 't' does not exist on type 'object'.
index.ts(420,11): error TS2339: Property 'DV' does not exist on type 'object'.
index.ts(422,17): error TS2339: Property 't' does not exist on type 'object'.
index.ts(422,25): error TS2339: Property 'DV' does not exist on type 'object'.
index.ts(423,17): error TS2339: Property 't' does not exist on type 'object'.
index.ts(426,11): error TS2339: Property 't' does not exist on type 'object'.
index.ts(426,22): error TS2339: Property 't' does not exist on type 'object'.
index.ts(426,34): error TS2339: Property 'am' does not exist on type 'object'.
index.ts(427,7): error TS2339: Property 's' does not exist on type 'object'.
index.ts(428,7): error TS2339: Property 'clamp' does not exist on type 'object'.
index.ts(434,24): error TS2339: Property 'abs' does not exist on type 'HTMLElement'.
index.ts(435,12): error TS2339: Property 't' does not exist on type 'object'.
index.ts(437,12): error TS2339: Property 't' does not exist on type 'HTMLElement'.
index.ts(437,19): error TS2339: Property 't' does not exist on type 'object'.
index.ts(438,24): error TS2339: Property 'fromInt' does not exist on type 'string'.
index.ts(442,20): error TS2322: Type 'any[]' is not assignable to type 'Function'.
index.ts(445,21): error TS2339: Property 's' does not exist on type 'HTMLElement'.
index.ts(446,45): error TS2339: Property 't' does not exist on type 'object'.
index.ts(448,10): error TS2339: Property 'lShiftTo' does not exist on type 'object'.
index.ts(449,10): error TS2339: Property 'lShiftTo' does not exist on type 'HTMLElement'.
index.ts(451,10): error TS2339: Property 'copyTo' does not exist on type 'object'.
index.ts(452,10): error TS2339: Property 'copyTo' does not exist on type 'HTMLElement'.
index.ts(454,24): error TS2339: Property 't' does not exist on type 'object'.
index.ts(461,23): error TS2339: Property 't' does not exist on type 'Function'.
index.ts(463,7): error TS2322: Type 'string | any[]' is not assignable to type 'string'.
  Type 'any[]' is not assignable to type 'string'.
index.ts(464,7): error TS2339: Property 'dlShiftTo' does not exist on type 'object'.
index.ts(465,11): error TS2339: Property 'compareTo' does not exist on type 'Function'.
index.ts(466,11): error TS2339: Property 't' does not exist on type 'Function'.
index.ts(467,9): error TS2339: Property 'subTo' does not exist on type 'Function'.
index.ts(469,20): error TS2339: Property 'dlShiftTo' does not exist on type 'string'.
index.ts(470,7): error TS2339: Property 'subTo' does not exist on type 'string'.
index.ts(471,14): error TS2339: Property 't' does not exist on type 'object'.
index.ts(471,26): error TS2339: Property 't' does not exist on type 'object'.
index.ts(476,22): error TS2339: Property 'am' does not exist on type 'object'.
index.ts(478,11): error TS2339: Property 'dlShiftTo' does not exist on type 'object'.
index.ts(479,11): error TS2339: Property 'subTo' does not exist on type 'Function'.
index.ts(480,31): error TS2339: Property 'subTo' does not exist on type 'Function'.
index.ts(484,9): error TS2339: Property 'drShiftTo' does not exist on type 'Function'.
index.ts(485,11): error TS2367: This condition will always return 'true' since the types 'Function' and 'any[]' have no overlap.
index.ts(485,37): error TS2339: Property 'subTo' does not exist on type 'string'.
index.ts(487,7): error TS2339: Property 't' does not exist on type 'Function'.
index.ts(488,7): error TS2339: Property 'clamp' does not exist on type 'Function'.
index.ts(489,20): error TS2339: Property 'rShiftTo' does not exist on type 'Function'.
index.ts(490,9): error TS2365: Operator '<' cannot be applied to types 'Function' and 'number'.
index.ts(490,33): error TS2339: Property 'subTo' does not exist on type 'string'.
index.ts(497,25): error TS2339: Property 'compareTo' does not exist on type 'object'.
index.ts(497,59): error TS2339: Property 'subTo' does not exist on type 'any[]'.
index.ts(498,5): error TS2322: Type 'object' is not assignable to type 'string'.
index.ts(502,32): error TS2355: A function whose declared type is neither 'void' nor 'any' must return a value.
index.ts(506,11): error TS2339: Property 's' does not exist on type 'string'.
index.ts(506,22): error TS2339: Property 'compareTo' does not exist on type 'string'.
index.ts(506,55): error TS2339: Property 'mod' does not exist on type 'string'.
index.ts(507,10): error TS2322: Type 'string' is not assignable to type 'object'.
index.ts(513,7): error TS2339: Property 'divRemTo' does not exist on type 'string'.
index.ts(516,7): error TS2339: Property 'multiplyTo' does not exist on type 'string'.
index.ts(520,7): error TS2339: Property 'squareTo' does not exist on type 'string'.
index.ts(558,17): error TS2339: Property 'invDigit' does not exist on type 'object'.
index.ts(561,24): error TS2339: Property 'DB' does not exist on type 'object'.
index.ts(562,22): error TS2339: Property 't' does not exist on type 'object'.
index.ts(568,7): error TS2339: Property 'abs' does not exist on type 'Function'.
index.ts(569,7): error TS2339: Property 'divRemTo' does not exist on type 'object'.
index.ts(570,11): error TS2339: Property 's' does not exist on type 'Function'.
index.ts(570,22): error TS2339: Property 'compareTo' does not exist on type 'object'.
index.ts(571,5): error TS2322: Type 'object' is not assignable to type 'string'.
index.ts(576,9): error TS2322: Type 'any[]' is not assignable to type 'string'.
index.ts(577,7): error TS2339: Property 'copyTo' does not exist on type 'string'.
index.ts(585,9): error TS2339: Property 't' does not exist on type 'object'.
index.ts(587,11): error TS2339: Property 't' does not exist on type 'object'.
index.ts(594,11): error TS2339: Property 'DM' does not exist on type 'object'.
index.ts(599,24): error TS2339: Property 'DV' does not exist on type 'object'.
index.ts(600,19): error TS2339: Property 'DV' does not exist on type 'object'.
index.ts(604,7): error TS2339: Property 'clamp' does not exist on type 'object'.
index.ts(605,7): error TS2339: Property 'drShiftTo' does not exist on type 'object'.
index.ts(606,11): error TS2339: Property 'compareTo' does not exist on type 'object'.
index.ts(606,37): error TS2339: Property 'subTo' does not exist on type 'object'.
index.ts(611,7): error TS2339: Property 'squareTo' does not exist on type 'string'.
index.ts(617,7): error TS2339: Property 'multiplyTo' does not exist on type 'string'.
index.ts(634,34): error TS2322: Type 'string' is not assignable to type 'any[]'.
index.ts(635,9): error TS2322: Type 'any[]' is not assignable to type 'string'.
index.ts(636,7): error TS2322: Type 'any[]' is not assignable to type 'string'.
index.ts(637,20): error TS2339: Property 'convert' does not exist on type 'HTMLElement'.
index.ts(639,7): error TS2339: Property 'copyTo' does not exist on type 'any[]'.
index.ts(641,9): error TS2339: Property 'sqrTo' does not exist on type 'HTMLElement'.
index.ts(642,33): error TS2339: Property 'mulTo' does not exist on type 'HTMLElement'.
index.ts(649,14): error TS2339: Property 'revert' does not exist on type 'HTMLElement'.
index.ts(653,47): error TS2314: Generic type 'Promise<T>' requires 1 type argument(s).
index.ts(655,9): error TS2365: Operator '<' cannot be applied to types 'string' and 'number'.
index.ts(655,22): error TS2339: Property 'isEven' does not exist on type 'string'.
index.ts(655,36): error TS2350: Only a void function can be called with the 'new' keyword.
index.ts(655,48): error TS2345: Argument of type 'string' is not assignable to parameter of type 'object'.
index.ts(656,29): error TS2345: Argument of type 'string' is not assignable to parameter of type 'object'.
index.ts(687,25): error TS2345: Argument of type 'number' is not assignable to parameter of type 'string'.
index.ts(688,24): error TS2345: Argument of type 'number' is not assignable to parameter of type 'string'.
index.ts(701,9): error TS2322: Type 'any[]' is not assignable to type 'string'.
index.ts(745,25): error TS2345: Argument of type 'number' is not assignable to parameter of type 'string'.
index.ts(746,7): error TS2322: Type 'any[]' is not assignable to type 'Function'.
index.ts(750,14): error TS2339: Property 'signum' does not exist on type 'Function'.
index.ts(751,18): error TS2339: Property 'intValue' does not exist on type 'object'.
index.ts(752,9): error TS2339: Property 'divRemTo' does not exist on type 'Function'.
index.ts(754,14): error TS2339: Property 'intValue' does not exist on type 'object'.
index.ts(767,11): error TS2322: Type 'number' is not assignable to type 'string'.
index.ts(767,29): error TS2345: Argument of type 'string' is not assignable to parameter of type 'Function'.
index.ts(768,11): error TS2365: Operator '<' cannot be applied to types 'string' and 'number'.
index.ts(772,7): error TS2322: Type 'string' is not assignable to type 'number'.
index.ts(784,29): error TS2339: Property 'subTo' does not exist on type 'string'.
index.ts(796,41): error TS2339: Property 'shiftLeft' does not exist on type 'string'.
index.ts(801,39): error TS2339: Property 'shiftLeft' does not exist on type 'string'.
index.ts(809,9): error TS2339: Property 'nextBytes' does not exist on type 'any[]'.
index.ts(860,30): error TS2339: Property 't' does not exist on type 'object'.
index.ts(862,11): error TS2339: Property 't' does not exist on type 'object'.
index.ts(863,13): error TS2339: Property 's' does not exist on type 'object'.
index.ts(865,9): error TS2339: Property 't' does not exist on type 'object'.
index.ts(868,25): error TS2339: Property 't' does not exist on type 'object'.
index.ts(869,9): error TS2339: Property 't' does not exist on type 'object'.
index.ts(869,15): error TS2339: Property 't' does not exist on type 'object'.
index.ts(871,7): error TS2339: Property 's' does not exist on type 'object'.
index.ts(871,24): error TS2339: Property 's' does not exist on type 'object'.
index.ts(872,7): error TS2339: Property 'clamp' does not exist on type 'object'.
index.ts(880,9): error TS2322: Type 'any[]' is not assignable to type 'string'.
index.ts(890,9): error TS2322: Type 'any[]' is not assignable to type 'string'.
index.ts(897,12): error TS2362: The left-hand side of an arithmetic operation must be of type 'any', 'number', 'bigint' or an enum type.
index.ts(897,16): error TS2363: The right-hand side of an arithmetic operation must be of type 'any', 'number', 'bigint' or an enum type.
index.ts(900,9): error TS2322: Type 'any[]' is not assignable to type 'string'.
index.ts(910,9): error TS2322: Type 'any[]' is not assignable to type 'string'.
index.ts(919,7): error TS2339: Property 't' does not exist on type 'object'.
index.ts(920,7): error TS2339: Property 's' does not exist on type 'object'.
index.ts(926,9): error TS2322: Type 'any[]' is not assignable to type 'string'.
index.ts(934,9): error TS2322: Type 'any[]' is not assignable to type 'string'.
index.ts(999,36): error TS2339: Property 'shiftLeft' does not exist on type 'string'.
index.ts(1001,5): error TS2322: Type 'string' is not assignable to type 'any[]'.
index.ts(1010,35): error TS2314: Generic type 'Promise<T>' requires 1 type argument(s).
index.ts(1015,34): error TS2314: Generic type 'Promise<T>' requires 1 type argument(s).
index.ts(1023,30): error TS2339: Property 't' does not exist on type 'object'.
index.ts(1029,11): error TS2339: Property 't' does not exist on type 'object'.
index.ts(1030,14): error TS2339: Property 's' does not exist on type 'object'.
index.ts(1039,20): error TS2339: Property 't' does not exist on type 'object'.
index.ts(1044,14): error TS2339: Property 's' does not exist on type 'object'.
index.ts(1046,7): error TS2339: Property 's' does not exist on type 'object'.
index.ts(1049,7): error TS2339: Property 't' does not exist on type 'object'.
index.ts(1050,7): error TS2339: Property 'clamp' does not exist on type 'object'.
index.ts(1055,9): error TS2322: Type 'any[]' is not assignable to type 'string'.
index.ts(1057,5): error TS2322: Type 'string' is not assignable to type 'object'.
index.ts(1062,9): error TS2322: Type 'any[]' is not assignable to type 'string'.
index.ts(1069,9): error TS2322: Type 'any[]' is not assignable to type 'string'.
index.ts(1076,9): error TS2322: Type 'any[]' is not assignable to type 'string'.
index.ts(1083,9): error TS2322: Type 'any[]' is not assignable to type 'string'.
index.ts(1090,9): error TS2322: Type 'any[]' is not assignable to type 'string'.
index.ts(1097,9): error TS2322: Type 'any[]' is not assignable to type 'string'.
index.ts(1098,7): error TS2322: Type 'any[]' is not assignable to type 'string'.
index.ts(1128,7): error TS2339: Property 'multiplyTo' does not exist on type 'string'.
index.ts(1131,7): error TS2339: Property 'squareTo' does not exist on type 'string'.
index.ts(1147,41): error TS2339: Property 't' does not exist on type 'object'.
index.ts(1148,7): error TS2339: Property 's' does not exist on type 'object'.
index.ts(1149,7): error TS2339: Property 't' does not exist on type 'object'.
index.ts(1152,10): error TS2322: Type 'number' is not assignable to type 'string'.
index.ts(1152,16): error TS2339: Property 't' does not exist on type 'object'.
index.ts(1152,28): error TS2365: Operator '<' cannot be applied to types 'number' and 'string'.
index.ts(1154,10): error TS2322: Type 'number' is not assignable to type 'string'.
index.ts(1154,25): error TS2339: Property 't' does not exist on type 'object'.
index.ts(1154,32): error TS2365: Operator '<' cannot be applied to types 'number' and 'string'.
index.ts(1155,7): error TS2339: Property 'clamp' does not exist on type 'object'.
index.ts(1162,24): error TS2339: Property 't' does not exist on type 'object'.
index.ts(1162,39): error TS2339: Property 't' does not exist on type 'object'.
index.ts(1163,7): error TS2339: Property 's' does not exist on type 'object'.
index.ts(1165,45): error TS2339: Property 't' does not exist on type 'object'.
index.ts(1167,7): error TS2339: Property 'clamp' does not exist on type 'object'.
index.ts(1168,7): error TS2339: Property 'drShiftTo' does not exist on type 'object'.
index.ts(1176,20): error TS2339: Property 'dlShiftTo' does not exist on type 'string'.
index.ts(1176,36): error TS2339: Property 't' does not exist on type 'object'.
index.ts(1182,11): error TS2339: Property 's' does not exist on type 'string'.
index.ts(1182,22): error TS2339: Property 't' does not exist on type 'string'.
index.ts(1182,49): error TS2339: Property 'mod' does not exist on type 'string'.
index.ts(1183,16): error TS2339: Property 'compareTo' does not exist on type 'string'.
index.ts(1183,39): error TS2322: Type 'string' is not assignable to type 'object'.
index.ts(1185,11): error TS2322: Type 'any[]' is not assignable to type 'string'.
index.ts(1186,9): error TS2339: Property 'copyTo' does not exist on type 'string'.
index.ts(1188,7): error TS2322: Type 'string' is not assignable to type 'object'.
index.ts(1198,7): error TS2339: Property 'drShiftTo' does not exist on type 'HTMLElement'.
index.ts(1199,11): error TS2339: Property 't' does not exist on type 'HTMLElement'.
index.ts(1200,9): error TS2339: Property 't' does not exist on type 'HTMLElement'.
index.ts(1201,9): error TS2339: Property 'clamp' does not exist on type 'HTMLElement'.
index.ts(1205,14): error TS2339: Property 'compareTo' does not exist on type 'HTMLElement'.
index.ts(1205,40): error TS2339: Property 'dAddOffset' does not exist on type 'HTMLElement'.
index.ts(1206,7): error TS2339: Property 'subTo' does not exist on type 'HTMLElement'.
index.ts(1207,14): error TS2339: Property 'compareTo' does not exist on type 'HTMLElement'.
index.ts(1207,40): error TS2339: Property 'subTo' does not exist on type 'HTMLElement'.
index.ts(1212,7): error TS2339: Property 'squareTo' does not exist on type 'string'.
index.ts(1218,7): error TS2339: Property 'multiplyTo' does not exist on type 'string'.
index.ts(1230,23): error TS2339: Property 'bitLength' does not exist on type 'any[]'.
index.ts(1232,23): error TS2345: Argument of type 'number' is not assignable to parameter of type 'string'.
index.ts(1234,17): error TS2322: Type 'string' is not assignable to type 'object'.
index.ts(1240,20): error TS2350: Only a void function can be called with the 'new' keyword.
index.ts(1241,16): error TS2339: Property 'isEven' does not exist on type 'Function'.
index.ts(1249,14): error TS2339: Property 'convert' does not exist on type 'HTMLElement'.
index.ts(1251,11): error TS2322: Type 'any[]' is not assignable to type 'string'.
index.ts(1252,9): error TS2339: Property 'sqrTo' does not exist on type 'HTMLElement'.
index.ts(1255,11): error TS2339: Property 'mulTo' does not exist on type 'HTMLElement'.
index.ts(1260,23): error TS2339: Property 't' does not exist on type 'any[]'.
index.ts(1263,7): error TS2322: Type 'any[]' is not assignable to type 'string'.
index.ts(1288,13): error TS2339: Property 'sqrTo' does not exist on type 'HTMLElement'.
index.ts(1289,13): error TS2339: Property 'sqrTo' does not exist on type 'HTMLElement'.
index.ts(1292,22): error TS2339: Property 'sqrTo' does not exist on type 'HTMLElement'.
index.ts(1294,11): error TS2322: Type 'string' is not assignable to type 'Function'.
index.ts(1296,11): error TS2322: Type 'Function' is not assignable to type 'string'.
index.ts(1298,11): error TS2339: Property 'mulTo' does not exist on type 'HTMLElement'.
index.ts(1302,11): error TS2339: Property 'sqrTo' does not exist on type 'HTMLElement'.
index.ts(1303,9): error TS2322: Type 'string' is not assignable to type 'Function'.
index.ts(1305,9): error TS2322: Type 'Function' is not assignable to type 'string'.
index.ts(1312,14): error TS2339: Property 'revert' does not exist on type 'HTMLElement'.
index.ts(1318,23): error TS2339: Property 's' does not exist on type 'HTMLElement'.
index.ts(1318,33): error TS2339: Property 'negate' does not exist on type 'HTMLElement'.
index.ts(1318,46): error TS2339: Property 'clone' does not exist on type 'HTMLElement'.
index.ts(1319,11): error TS2339: Property 'compareTo' does not exist on type 'string'.
index.ts(1324,23): error TS2339: Property 'getLowestSetBit' does not exist on type 'string'.
index.ts(1325,21): error TS2339: Property 'getLowestSetBit' does not exist on type 'string'.
index.ts(1329,9): error TS2339: Property 'rShiftTo' does not exist on type 'string'.
index.ts(1330,9): error TS2339: Property 'rShiftTo' does not exist on type 'string'.
index.ts(1332,14): error TS2339: Property 'signum' does not exist on type 'string'.
index.ts(1333,18): error TS2339: Property 'getLowestSetBit' does not exist on type 'string'.
index.ts(1333,44): error TS2339: Property 'rShiftTo' does not exist on type 'string'.
index.ts(1334,18): error TS2339: Property 'getLowestSetBit' does not exist on type 'string'.
index.ts(1334,44): error TS2339: Property 'rShiftTo' does not exist on type 'string'.
index.ts(1335,13): error TS2339: Property 'compareTo' does not exist on type 'string'.
index.ts(1336,11): error TS2339: Property 'subTo' does not exist on type 'string'.
index.ts(1337,11): error TS2339: Property 'rShiftTo' does not exist on type 'string'.
index.ts(1339,11): error TS2339: Property 'subTo' does not exist on type 'string'.
index.ts(1340,11): error TS2339: Property 'rShiftTo' does not exist on type 'string'.
index.ts(1343,18): error TS2339: Property 'lShiftTo' does not exist on type 'string'.
index.ts(1360,25): error TS2339: Property 'isEven' does not exist on type 'object'.
index.ts(1361,36): error TS2339: Property 'signum' does not exist on type 'object'.
index.ts(1361,51): error TS2322: Type 'string' is not assignable to type 'object'.
index.ts(1362,28): error TS2339: Property 'clone' does not exist on type 'object'.
index.ts(1364,9): error TS2322: Type 'string' is not assignable to type 'object'.
index.ts(1364,25): error TS2345: Argument of type 'number' is not assignable to parameter of type 'string'.
index.ts(1365,7): error TS2322: Type 'string' is not assignable to type 'object'.
index.ts(1365,23): error TS2345: Argument of type 'number' is not assignable to parameter of type 'string'.
index.ts(1366,7): error TS2322: Type 'string' is not assignable to type 'object'.
index.ts(1366,23): error TS2345: Argument of type 'number' is not assignable to parameter of type 'string'.
index.ts(1367,7): error TS2322: Type 'string' is not assignable to type 'HTMLElement'.
index.ts(1367,28): error TS2345: Argument of type 'number' is not assignable to parameter of type 'string'.
index.ts(1368,14): error TS2339: Property 'signum' does not exist on type 'HTMLElement'.
index.ts(1369,16): error TS2339: Property 'isEven' does not exist on type 'HTMLElement'.
index.ts(1370,11): error TS2339: Property 'rShiftTo' does not exist on type 'HTMLElement'.
index.ts(1372,18): error TS2339: Property 'isEven' does not exist on type 'object'.
index.ts(1372,33): error TS2339: Property 'isEven' does not exist on type 'object'.
index.ts(1373,15): error TS2339: Property 'addTo' does not exist on type 'object'.
index.ts(1374,15): error TS2339: Property 'subTo' does not exist on type 'object'.
index.ts(1376,13): error TS2339: Property 'rShiftTo' does not exist on type 'object'.
index.ts(1377,23): error TS2339: Property 'isEven' does not exist on type 'object'.
index.ts(1377,35): error TS2339: Property 'subTo' does not exist on type 'object'.
index.ts(1378,11): error TS2339: Property 'rShiftTo' does not exist on type 'object'.
index.ts(1380,16): error TS2339: Property 'isEven' does not exist on type 'HTMLElement'.
index.ts(1381,11): error TS2339: Property 'rShiftTo' does not exist on type 'HTMLElement'.
index.ts(1383,18): error TS2339: Property 'isEven' does not exist on type 'object'.
index.ts(1383,33): error TS2339: Property 'isEven' does not exist on type 'HTMLElement'.
index.ts(1384,15): error TS2339: Property 'addTo' does not exist on type 'object'.
index.ts(1385,15): error TS2339: Property 'subTo' does not exist on type 'HTMLElement'.
index.ts(1387,13): error TS2339: Property 'rShiftTo' does not exist on type 'object'.
index.ts(1388,23): error TS2339: Property 'isEven' does not exist on type 'HTMLElement'.
index.ts(1388,35): error TS2339: Property 'subTo' does not exist on type 'HTMLElement'.
index.ts(1389,11): error TS2339: Property 'rShiftTo' does not exist on type 'HTMLElement'.
index.ts(1391,13): error TS2339: Property 'compareTo' does not exist on type 'HTMLElement'.
index.ts(1392,11): error TS2339: Property 'subTo' does not exist on type 'HTMLElement'.
index.ts(1393,19): error TS2339: Property 'subTo' does not exist on type 'object'.
index.ts(1394,11): error TS2339: Property 'subTo' does not exist on type 'object'.
index.ts(1396,11): error TS2339: Property 'subTo' does not exist on type 'HTMLElement'.
index.ts(1397,19): error TS2339: Property 'subTo' does not exist on type 'object'.
index.ts(1398,11): error TS2339: Property 'subTo' does not exist on type 'HTMLElement'.
index.ts(1401,11): error TS2339: Property 'compareTo' does not exist on type 'HTMLElement'.
index.ts(1401,43): error TS2322: Type 'string' is not assignable to type 'object'.
index.ts(1402,11): error TS2339: Property 'compareTo' does not exist on type 'HTMLElement'.
index.ts(1402,39): error TS2339: Property 'subtract' does not exist on type 'HTMLElement'.
index.ts(1403,11): error TS2339: Property 'signum' does not exist on type 'HTMLElement'.
index.ts(1403,27): error TS2339: Property 'addTo' does not exist on type 'HTMLElement'.
index.ts(1405,11): error TS2339: Property 'signum' does not exist on type 'HTMLElement'.
index.ts(1405,34): error TS2339: Property 'add' does not exist on type 'HTMLElement'.
index.ts(1585,11): error TS2339: Property 't' does not exist on type 'Function'.
index.ts(1590,11): error TS2339: Property 'isEven' does not exist on type 'Function'.
index.ts(1595,38): error TS2365: Operator '<' cannot be applied to types 'string' and 'number'.
index.ts(1595,49): error TS2362: The left-hand side of an arithmetic operation must be of type 'any', 'number', 'bigint' or an enum type.
index.ts(1596,13): error TS2339: Property 'modInt' does not exist on type 'Function'.
index.ts(1597,25): error TS2362: The left-hand side of an arithmetic operation must be of type 'any', 'number', 'bigint' or an enum type.
index.ts(1599,14): error TS2339: Property 'millerRabin' does not exist on type 'Function'.
index.ts(1605,24): error TS2339: Property 'getLowestSetBit' does not exist on type 'HTMLElement'.
index.ts(1607,24): error TS2339: Property 'shiftRight' does not exist on type 'HTMLElement'.
index.ts(1610,9): error TS2740: Type 'any[]' is missing the following properties from type 'HTMLElement': accessKey, accessKeyLabel, autocapitalize, dir, and 277 more.
index.ts(1613,9): error TS2339: Property 'fromInt' does not exist on type 'HTMLElement'.
index.ts(1614,30): error TS2339: Property 'modPow' does not exist on type 'HTMLElement'.
index.ts(1615,13): error TS2339: Property 'compareTo' does not exist on type 'HTMLElement'.
index.ts(1615,49): error TS2339: Property 'compareTo' does not exist on type 'HTMLElement'.
index.ts(1617,29): error TS2339: Property 'compareTo' does not exist on type 'HTMLElement'.
index.ts(1618,17): error TS2339: Property 'modPowInt' does not exist on type 'HTMLElement'.
index.ts(1619,17): error TS2339: Property 'compareTo' does not exist on type 'HTMLElement'.
index.ts(1621,15): error TS2339: Property 'compareTo' does not exist on type 'HTMLElement'.
index.ts(1725,39): error TS2345: Argument of type 'object' is not assignable to parameter of type 'ArrayBufferView'.
  Type '{}' is missing the following properties from type 'ArrayBufferView': buffer, byteLength, byteOffset
index.ts(1732,39): error TS2339: Property 'random' does not exist on type 'Crypto'.
index.ts(1749,28): error TS2314: Generic type 'Promise<T>' requires 1 type argument(s).
index.ts(1752,7): error TS2322: Type 'string' is not assignable to type 'object'.
index.ts(1753,17): error TS2339: Property 'init' does not exist on type 'object'.
index.ts(1754,46): error TS2339: Property 'length' does not exist on type 'object'.
index.ts(1760,22): error TS2339: Property 'next' does not exist on type 'object'.
index.ts(1786,11): error TS2362: The left-hand side of an arithmetic operation must be of type 'any', 'number', 'bigint' or an enum type.
index.ts(1802,19): error TS2362: The left-hand side of an arithmetic operation must be of type 'any', 'number', 'bigint' or an enum type.
index.ts(1818,5): error TS1258: A default export must be at the top level of a file or module declaration.

