bench/fixtures/default.ts(3,8): error TS2339: Property 'value' does not exist on type 'Test'.
bench/fixtures/default.ts(4,8): error TS2339: Property 'items' does not exist on type 'Test'.
bench/fixtures/default.ts(7,15): error TS2339: Property 'value' does not exist on type 'Test'.
bench/fixtures/full.ts(1,7): error TS2322: Type 'typeof symbol1' is not assignable to type 'String'.
bench/fixtures/full.ts(2,7): error TS2322: Type 'typeof symbol2' is not assignable to type 'String'.
bench/fixtures/full.ts(23,2): error TS2464: A computed property name must be of type 'string', 'number', 'symbol', or 'any'.
bench/fixtures/full.ts(24,2): error TS2464: A computed property name must be of type 'string', 'number', 'symbol', or 'any'.
bench/index.ts(2,23): error TS2307: Cannot find module 'benchmark' or its corresponding type declarations.
bench/index.ts(7,20): error TS2307: Cannot find module 'lodash/clonedeep' or its corresponding type declarations.
bench/index.ts(11,18): error TS2307: Cannot find module 'rfdc' or its corresponding type declarations.
bench/index.ts(19,23): error TS2307: Cannot find module 'clone-deep' or its corresponding type declarations.
bench/index.ts(23,22): error TS2307: Cannot find module 'deep-copy' or its corresponding type declarations.
bench/index.ts(27,18): error TS2307: Cannot find module 'klona/full' or its corresponding type declarations.
bench/index.ts(31,19): error TS2307: Cannot find module 'klona' or its corresponding type declarations.
bench/index.ts(35,18): error TS2307: Cannot find module 'klona/lite' or its corresponding type declarations.
bench/index.ts(39,18): error TS2307: Cannot find module 'klona/json' or its corresponding type declarations.
bench/index.ts(45,52): error TS2304: Cannot find name 'Void'.
bench/index.ts(51,37): error TS2345: Argument of type 'String' is not assignable to parameter of type 'string'.
  'string' is a primitive, but 'String' is a wrapper object. Prefer using 'string' when possible.
bench/index.ts(52,33): error TS2345: Argument of type 'String' is not assignable to parameter of type 'string'.
  'string' is a primitive, but 'String' is a wrapper object. Prefer using 'string' when possible.
bench/index.ts(55,30): error TS2538: Type 'String' cannot be used as an index type.
bench/index.ts(58,43): error TS2571: Object is of type 'unknown'.
bench/index.ts(60,25): error TS2538: Type 'String' cannot be used as an index type.
bench/index.ts(64,32): error TS2345: Argument of type 'String' is not assignable to parameter of type 'string'.
  'string' is a primitive, but 'String' is a wrapper object. Prefer using 'string' when possible.
bench/index.ts(66,15): error TS2314: Generic type 'Array<T>' requires 1 type argument(s).
bench/index.ts(67,24): error TS2339: Property 'target' does not exist on type 'HTMLElement'.
bench/index.ts(71,67): error TS2538: Type 'String' cannot be used as an index type.
bench/validate/default.ts(7,7): error TS2339: Property 'regexp' does not exist on type 'HTMLElement'.
bench/validate/default.ts(8,24): error TS2339: Property 'regexp' does not exist on type 'HTMLElement'.
bench/validate/default.ts(11,8): error TS2339: Property 'array' does not exist on type 'HTMLElement'.
bench/validate/default.ts(12,23): error TS2339: Property 'array' does not exist on type 'HTMLElement'.
bench/validate/default.ts(14,7): error TS2339: Property 'array' does not exist on type 'HTMLElement'.
bench/validate/default.ts(14,32): error TS2339: Property 'array' does not exist on type 'HTMLElement'.
bench/validate/default.ts(15,24): error TS2339: Property 'array' does not exist on type 'HTMLElement'.
bench/validate/default.ts(18,8): error TS2339: Property 'set' does not exist on type 'HTMLElement'.
bench/validate/default.ts(19,20): error TS2339: Property 'set' does not exist on type 'HTMLElement'.
bench/validate/default.ts(21,11): error TS2339: Property 'set' does not exist on type 'HTMLElement'.
bench/validate/default.ts(22,29): error TS2339: Property 'set' does not exist on type 'HTMLElement'.
bench/validate/default.ts(23,28): error TS2339: Property 'set' does not exist on type 'HTMLElement'.
bench/validate/default.ts(26,8): error TS2339: Property 'map' does not exist on type 'HTMLElement'.
bench/validate/default.ts(27,20): error TS2339: Property 'map' does not exist on type 'HTMLElement'.
bench/validate/default.ts(29,11): error TS2339: Property 'map' does not exist on type 'HTMLElement'.
bench/validate/default.ts(30,29): error TS2339: Property 'map' does not exist on type 'HTMLElement'.
bench/validate/default.ts(31,28): error TS2339: Property 'map' does not exist on type 'HTMLElement'.
bench/validate/default.ts(34,8): error TS2339: Property 'custom' does not exist on type 'HTMLElement'.
bench/validate/default.ts(35,20): error TS2339: Property 'custom' does not exist on type 'HTMLElement'.
bench/validate/default.ts(37,8): error TS2339: Property 'custom' does not exist on type 'HTMLElement'.
bench/validate/default.ts(38,24): error TS2339: Property 'custom' does not exist on type 'HTMLElement'.
bench/validate/default.ts(40,7): error TS2339: Property 'custom' does not exist on type 'HTMLElement'.
bench/validate/default.ts(41,21): error TS2339: Property 'custom' does not exist on type 'HTMLElement'.
bench/validate/default.ts(44,7): error TS2339: Property 'int8arr' does not exist on type 'HTMLElement'.
bench/validate/default.ts(45,21): error TS2339: Property 'int8arr' does not exist on type 'HTMLElement'.
bench/validate/default.ts(47,8): error TS2339: Property 'int8arr' does not exist on type 'HTMLElement'.
bench/validate/default.ts(48,20): error TS2339: Property 'int8arr' does not exist on type 'HTMLElement'.
bench/validate/default.ts(51,7): error TS2339: Property 'buffer' does not exist on type 'HTMLElement'.
bench/validate/default.ts(52,21): error TS2339: Property 'buffer' does not exist on type 'HTMLElement'.
bench/validate/default.ts(54,7): error TS2339: Property 'buffer' does not exist on type 'HTMLElement'.
bench/validate/default.ts(55,24): error TS2339: Property 'buffer' does not exist on type 'HTMLElement'.
bench/validate/default.ts(55,40): error TS2339: Property 'buffer' does not exist on type 'HTMLElement'.
bench/validate/default.ts(57,31): error TS2339: Property 'buffer' does not exist on type 'HTMLElement'.
bench/validate/default.ts(58,8): error TS2339: Property 'buffer' does not exist on type 'HTMLElement'.
bench/validate/default.ts(59,20): error TS2339: Property 'buffer' does not exist on type 'HTMLElement'.
bench/validate/default.ts(62,8): error TS2339: Property 'dataview' does not exist on type 'HTMLElement'.
bench/validate/default.ts(63,21): error TS2339: Property 'dataview' does not exist on type 'HTMLElement'.
bench/validate/default.ts(64,20): error TS2339: Property 'dataview' does not exist on type 'HTMLElement'.
bench/validate/default.ts(66,7): error TS2339: Property 'dataview' does not exist on type 'HTMLElement'.
bench/validate/default.ts(67,21): error TS2339: Property 'dataview' does not exist on type 'HTMLElement'.
bench/validate/default.ts(68,20): error TS2339: Property 'dataview' does not exist on type 'HTMLElement'.
bench/validate/full.ts(7,7): error TS2339: Property 'regexp' does not exist on type 'Object'.
bench/validate/full.ts(8,24): error TS2339: Property 'regexp' does not exist on type 'Object'.
bench/validate/full.ts(11,8): error TS2339: Property 'array' does not exist on type 'Object'.
bench/validate/full.ts(12,23): error TS2339: Property 'array' does not exist on type 'Object'.
bench/validate/full.ts(14,7): error TS2339: Property 'array' does not exist on type 'Object'.
bench/validate/full.ts(14,32): error TS2339: Property 'array' does not exist on type 'Object'.
bench/validate/full.ts(15,24): error TS2339: Property 'array' does not exist on type 'Object'.
bench/validate/full.ts(18,8): error TS2339: Property 'set' does not exist on type 'Object'.
bench/validate/full.ts(19,20): error TS2339: Property 'set' does not exist on type 'Object'.
bench/validate/full.ts(21,11): error TS2339: Property 'set' does not exist on type 'Object'.
bench/validate/full.ts(22,29): error TS2339: Property 'set' does not exist on type 'Object'.
bench/validate/full.ts(23,28): error TS2339: Property 'set' does not exist on type 'Object'.
bench/validate/full.ts(26,8): error TS2339: Property 'map' does not exist on type 'Object'.
bench/validate/full.ts(27,20): error TS2339: Property 'map' does not exist on type 'Object'.
bench/validate/full.ts(29,11): error TS2339: Property 'map' does not exist on type 'Object'.
bench/validate/full.ts(30,29): error TS2339: Property 'map' does not exist on type 'Object'.
bench/validate/full.ts(31,28): error TS2339: Property 'map' does not exist on type 'Object'.
bench/validate/full.ts(34,7): error TS2339: Property 'int8arr' does not exist on type 'Object'.
bench/validate/full.ts(35,21): error TS2339: Property 'int8arr' does not exist on type 'Object'.
bench/validate/full.ts(37,8): error TS2339: Property 'int8arr' does not exist on type 'Object'.
bench/validate/full.ts(38,20): error TS2339: Property 'int8arr' does not exist on type 'Object'.
bench/validate/full.ts(41,7): error TS2339: Property 'buffer' does not exist on type 'Object'.
bench/validate/full.ts(42,21): error TS2339: Property 'buffer' does not exist on type 'Object'.
bench/validate/full.ts(44,7): error TS2339: Property 'buffer' does not exist on type 'Object'.
bench/validate/full.ts(45,24): error TS2339: Property 'buffer' does not exist on type 'Object'.
bench/validate/full.ts(45,40): error TS2339: Property 'buffer' does not exist on type 'Object'.
bench/validate/full.ts(47,31): error TS2339: Property 'buffer' does not exist on type 'Object'.
bench/validate/full.ts(48,8): error TS2339: Property 'buffer' does not exist on type 'Object'.
bench/validate/full.ts(49,20): error TS2339: Property 'buffer' does not exist on type 'Object'.
bench/validate/full.ts(52,21): error TS2339: Property 'symbol1' does not exist on type 'Object'.
bench/validate/full.ts(52,35): error TS2339: Property 'symbol1' does not exist on type 'Object'.
bench/validate/full.ts(53,21): error TS2339: Property 'symbol2' does not exist on type 'Object'.
bench/validate/full.ts(53,35): error TS2339: Property 'symbol2' does not exist on type 'Object'.
bench/validate/full.ts(56,15): error TS7053: Element implicitly has an 'any' type because expression of type 'any' can't be used to index type 'Object'.
bench/validate/full.ts(56,27): error TS2339: Property 'symbol1' does not exist on type 'Object'.
bench/validate/full.ts(57,15): error TS7053: Element implicitly has an 'any' type because expression of type 'any' can't be used to index type 'Object'.
bench/validate/full.ts(57,25): error TS2339: Property 'symbol1' does not exist on type 'Object'.
bench/validate/full.ts(59,2): error TS7053: Element implicitly has an 'any' type because expression of type 'any' can't be used to index type 'Object'.
bench/validate/full.ts(59,14): error TS2339: Property 'symbol2' does not exist on type 'Object'.
bench/validate/full.ts(60,15): error TS7053: Element implicitly has an 'any' type because expression of type 'any' can't be used to index type 'Object'.
bench/validate/full.ts(60,27): error TS2339: Property 'symbol2' does not exist on type 'Object'.
bench/validate/full.ts(61,15): error TS7053: Element implicitly has an 'any' type because expression of type 'any' can't be used to index type 'Object'.
bench/validate/full.ts(61,25): error TS2339: Property 'symbol2' does not exist on type 'Object'.
bench/validate/full.ts(63,2): error TS7053: Element implicitly has an 'any' type because expression of type 'any' can't be used to index type 'Object'.
bench/validate/full.ts(63,12): error TS2339: Property 'symbol2' does not exist on type 'Object'.
bench/validate/full.ts(64,15): error TS7053: Element implicitly has an 'any' type because expression of type 'any' can't be used to index type 'Object'.
bench/validate/full.ts(64,27): error TS2339: Property 'symbol2' does not exist on type 'Object'.
bench/validate/full.ts(65,15): error TS7053: Element implicitly has an 'any' type because expression of type 'any' can't be used to index type 'Object'.
bench/validate/full.ts(65,25): error TS2339: Property 'symbol2' does not exist on type 'Object'.
bench/validate/full.ts(80,21): error TS2339: Property 'secret' does not exist on type 'Object'.
bench/validate/full.ts(80,34): error TS2339: Property 'secret' does not exist on type 'Object'.
bench/validate/full.ts(82,7): error TS2339: Property 'hidden2' does not exist on type 'Object'.
bench/validate/full.ts(83,21): error TS2339: Property 'hidden2' does not exist on type 'Object'.
bench/validate/json.ts(1,20): error TS2307: Cannot find module 'uvu/assert' or its corresponding type declarations.
bench/validate/json.ts(6,2): error TS7053: Element implicitly has an 'any' type because expression of type '0' can't be used to index type 'Object'.
  Property '0' does not exist on type 'Object'.
bench/validate/json.ts(7,16): error TS7053: Element implicitly has an 'any' type because expression of type '0' can't be used to index type 'Object'.
  Property '0' does not exist on type 'Object'.
bench/validate/json.ts(9,2): error TS7053: Element implicitly has an 'any' type because expression of type '1' can't be used to index type 'Object'.
  Property '1' does not exist on type 'Object'.
bench/validate/json.ts(10,16): error TS7053: Element implicitly has an 'any' type because expression of type '1' can't be used to index type 'Object'.
  Property '1' does not exist on type 'Object'.
bench/validate/json.ts(12,2): error TS7053: Element implicitly has an 'any' type because expression of type '0' can't be used to index type 'Object'.
  Property '0' does not exist on type 'Object'.
bench/validate/json.ts(13,12): error TS7053: Element implicitly has an 'any' type because expression of type '0' can't be used to index type 'Object'.
  Property '0' does not exist on type 'Object'.
bench/validate/lite.ts(1,20): error TS2307: Cannot find module 'uvu/assert' or its corresponding type declarations.
bench/validate/lite.ts(6,2): error TS7053: Element implicitly has an 'any' type because expression of type '0' can't be used to index type 'Object'.
  Property '0' does not exist on type 'Object'.
bench/validate/lite.ts(7,16): error TS7053: Element implicitly has an 'any' type because expression of type '0' can't be used to index type 'Object'.
  Property '0' does not exist on type 'Object'.
bench/validate/lite.ts(9,2): error TS7053: Element implicitly has an 'any' type because expression of type '1' can't be used to index type 'Object'.
  Property '1' does not exist on type 'Object'.
bench/validate/lite.ts(10,16): error TS7053: Element implicitly has an 'any' type because expression of type '1' can't be used to index type 'Object'.
  Property '1' does not exist on type 'Object'.
bench/validate/lite.ts(12,2): error TS7053: Element implicitly has an 'any' type because expression of type '0' can't be used to index type 'Object'.
  Property '0' does not exist on type 'Object'.
bench/validate/lite.ts(13,12): error TS7053: Element implicitly has an 'any' type because expression of type '0' can't be used to index type 'Object'.
  Property '0' does not exist on type 'Object'.
bench/validate/lite.ts(15,2): error TS7053: Element implicitly has an 'any' type because expression of type '0' can't be used to index type 'Object'.
  Property '0' does not exist on type 'Object'.
bench/validate/lite.ts(16,19): error TS7053: Element implicitly has an 'any' type because expression of type '0' can't be used to index type 'Object'.
  Property '0' does not exist on type 'Object'.
bench/validate/lite.ts(16,36): error TS7053: Element implicitly has an 'any' type because expression of type '0' can't be used to index type 'Object'.
  Property '0' does not exist on type 'Object'.
bench/validate/lite.ts(18,2): error TS7053: Element implicitly has an 'any' type because expression of type '0' can't be used to index type 'Object'.
  Property '0' does not exist on type 'Object'.
bench/validate/lite.ts(19,19): error TS7053: Element implicitly has an 'any' type because expression of type '0' can't be used to index type 'Object'.
  Property '0' does not exist on type 'Object'.
bench/validate/lite.ts(19,36): error TS7053: Element implicitly has an 'any' type because expression of type '0' can't be used to index type 'Object'.
  Property '0' does not exist on type 'Object'.
bench/validate/lite.ts(21,2): error TS7053: Element implicitly has an 'any' type because expression of type '1' can't be used to index type 'Object'.
  Property '1' does not exist on type 'Object'.
bench/validate/lite.ts(22,16): error TS7053: Element implicitly has an 'any' type because expression of type '1' can't be used to index type 'Object'.
  Property '1' does not exist on type 'Object'.
bench/validate/lite.ts(22,44): error TS7053: Element implicitly has an 'any' type because expression of type '1' can't be used to index type 'Object'.
  Property '1' does not exist on type 'Object'.
src/full.ts(1,54): error TS2304: Cannot find name 'Void'.
src/full.ts(2,17): error TS2339: Property 'value' does not exist on type 'Object'.
src/full.ts(2,41): error TS2339: Property 'value' does not exist on type 'Object'.
src/full.ts(2,59): error TS2339: Property 'value' does not exist on type 'Object'.
src/full.ts(3,11): error TS2339: Property 'enumerable' does not exist on type 'Object'.
src/full.ts(3,29): error TS2339: Property 'get' does not exist on type 'Object'.
src/full.ts(3,40): error TS2339: Property 'set' does not exist on type 'Object'.
src/full.ts(3,52): error TS2339: Property 'configurable' does not exist on type 'Object'.
src/full.ts(3,73): error TS2339: Property 'writable' does not exist on type 'Object'.
src/full.ts(4,30): error TS2345: Argument of type 'String' is not assignable to parameter of type 'PropertyKey'.
src/full.ts(5,13): error TS2538: Type 'String' cannot be used as an index type.
src/full.ts(5,24): error TS2339: Property 'value' does not exist on type 'Object'.
src/full.ts(8,26): error TS2314: Generic type 'Array<T>' requires 1 type argument(s).
src/full.ts(8,34): error TS2314: Generic type 'Array<T>' requires 1 type argument(s).
src/full.ts(11,38): error TS2314: Generic type 'Array<T>' requires 1 type argument(s).
src/full.ts(16,3): error TS2740: Type 'any[]' is missing the following properties from type 'HTMLDivElement': align, addEventListener, removeEventListener, accessKey, and 278 more.
src/full.ts(18,3): error TS2740: Type 'Set<unknown>' is missing the following properties from type 'HTMLDivElement': align, addEventListener, removeEventListener, accessKey, and 278 more.
src/full.ts(20,8): error TS2339: Property 'add' does not exist on type 'HTMLDivElement'.
src/full.ts(23,3): error TS2740: Type 'Map<any, any>' is missing the following properties from type 'HTMLDivElement': align, addEventListener, removeEventListener, accessKey, and 278 more.
src/full.ts(25,8): error TS2339: Property 'set' does not exist on type 'HTMLDivElement'.
src/full.ts(28,3): error TS2740: Type 'Date' is missing the following properties from type 'HTMLDivElement': align, addEventListener, removeEventListener, accessKey, and 278 more.
src/full.ts(30,3): error TS2740: Type 'RegExp' is missing the following properties from type 'HTMLDivElement': align, addEventListener, removeEventListener, accessKey, and 278 more.
src/full.ts(41,6): error TS2454: Variable 'tmp' is used before being assigned.
src/full.ts(42,63): error TS2356: An arithmetic operand must be of type 'any', 'number', 'bigint' or an enum type.
src/full.ts(43,22): error TS2345: Argument of type 'PropertyDescriptor | undefined' is not assignable to parameter of type 'Object'.
  Type 'undefined' is not assignable to type 'Object'.
src/full.ts(46,66): error TS2356: An arithmetic operand must be of type 'any', 'number', 'bigint' or an enum type.
src/full.ts(47,58): error TS2538: Type 'Function' cannot be used as an index type.
src/full.ts(48,13): error TS2345: Argument of type 'Function' is not assignable to parameter of type 'String'.
  Type 'Function' is missing the following properties from type 'String': charAt, charCodeAt, concat, indexOf, and 43 more.
src/full.ts(48,51): error TS2345: Argument of type 'Function' is not assignable to parameter of type 'PropertyKey'.
src/full.ts(52,9): error TS2454: Variable 'tmp' is used before being assigned.
src/index.ts(1,26): error TS2314: Generic type 'Array<T>' requires 1 type argument(s).
src/index.ts(1,34): error TS2314: Generic type 'Map<K, V>' requires 2 type argument(s).
src/index.ts(9,9): error TS2405: The left-hand side of a 'for...in' statement must be of type 'string' or 'any'.
src/index.ts(10,36): error TS2538: Type 'Number' cannot be used as an index type.
src/index.ts(11,10): error TS2538: Type 'Number' cannot be used as an index type.
src/index.ts(16,9): error TS2405: The left-hand side of a 'for...in' statement must be of type 'string' or 'any'.
src/index.ts(17,9): error TS2367: This condition will always return 'false' since the types 'Number' and 'string' have no overlap.
src/index.ts(25,10): error TS2538: Type 'Number' cannot be used as an index type.
src/index.ts(34,22): error TS2356: An arithmetic operand must be of type 'any', 'number', 'bigint' or an enum type.
src/index.ts(35,8): error TS2538: Type 'Number' cannot be used as an index type.
src/index.ts(43,8): error TS2339: Property 'add' does not exist on type 'Object'.
src/index.ts(51,8): error TS2339: Property 'set' does not exist on type 'Object'.
src/index.ts(62,7): error TS2339: Property 'lastIndex' does not exist on type 'Object'.
src/json.ts(1,28): error TS2314: Generic type 'Array<T>' requires 1 type argument(s).
src/json.ts(6,10): error TS2356: An arithmetic operand must be of type 'any', 'number', 'bigint' or an enum type.
src/json.ts(6,19): error TS2538: Type 'Number' cannot be used as an index type.
src/json.ts(6,33): error TS2538: Type 'Number' cannot be used as an index type.
src/json.ts(12,8): error TS2405: The left-hand side of a 'for...in' statement must be of type 'string' or 'any'.
src/json.ts(13,8): error TS2367: This condition will always return 'false' since the types 'Number' and 'string' have no overlap.
src/json.ts(21,9): error TS2538: Type 'Number' cannot be used as an index type.
src/lite.ts(2,29): error TS2740: Type 'Function' is missing the following properties from type 'HTMLDivElement': align, addEventListener, removeEventListener, accessKey, and 278 more.
src/lite.ts(4,30): error TS2322: Type 'string' is not assignable to type 'Number'.
src/lite.ts(6,6): error TS2367: This condition will always return 'false' since the types 'Number' and 'string' have no overlap.
src/lite.ts(7,9): error TS2339: Property 'constructor' does not exist on type 'never'.
src/lite.ts(7,44): error TS2339: Property 'constructor' does not exist on type 'never'.
src/lite.ts(8,16): error TS2339: Property 'constructor' does not exist on type 'never'.
src/lite.ts(9,9): error TS2405: The left-hand side of a 'for...in' statement must be of type 'string' or 'any'.
src/lite.ts(9,14): error TS2407: The right-hand side of a 'for...in' statement must be of type 'any', an object type or a type parameter, but here has type 'never'.
src/lite.ts(10,11): error TS2339: Property 'hasOwnProperty' does not exist on type 'never'.
src/lite.ts(10,36): error TS2538: Type 'Number' cannot be used as an index type.
src/lite.ts(10,45): error TS2538: Type 'Number' cannot be used as an index type.
src/lite.ts(11,10): error TS2538: Type 'Number' cannot be used as an index type.
src/lite.ts(11,23): error TS2538: Type 'Number' cannot be used as an index type.
src/lite.ts(16,9): error TS2405: The left-hand side of a 'for...in' statement must be of type 'string' or 'any'.
src/lite.ts(16,14): error TS2407: The right-hand side of a 'for...in' statement must be of type 'any', an object type or a type parameter, but here has type 'never'.
src/lite.ts(17,9): error TS2367: This condition will always return 'false' since the types 'Number' and 'string' have no overlap.
src/lite.ts(25,10): error TS2538: Type 'Number' cannot be used as an index type.
src/lite.ts(25,23): error TS2538: Type 'Number' cannot be used as an index type.
src/lite.ts(29,3): error TS2696: The 'Object' type is assignable to very few other types. Did you mean to use the 'any' type instead?
  Type 'Object' is missing the following properties from type 'HTMLDivElement': align, addEventListener, removeEventListener, accessKey, and 278 more.
src/lite.ts(32,6): error TS2367: This condition will always return 'false' since the types 'Number' and 'string' have no overlap.
src/lite.ts(33,9): error TS2339: Property 'length' does not exist on type 'never'.
src/lite.ts(34,22): error TS2356: An arithmetic operand must be of type 'any', 'number', 'bigint' or an enum type.
src/lite.ts(35,8): error TS2538: Type 'Number' cannot be used as an index type.
src/lite.ts(35,21): error TS2538: Type 'Number' cannot be used as an index type.
src/lite.ts(37,3): error TS2322: Type 'Object' is not assignable to type 'HTMLDivElement'.
  The 'Object' type is assignable to very few other types. Did you mean to use the 'any' type instead?
src/lite.ts(40,6): error TS2367: This condition will always return 'false' since the types 'Number' and 'string' have no overlap.
src/lite.ts(41,3): error TS2322: Type 'Date' is not assignable to type 'HTMLDivElement'.
src/lite.ts(44,6): error TS2367: This condition will always return 'false' since the types 'Number' and 'string' have no overlap.
src/lite.ts(45,22): error TS2339: Property 'source' does not exist on type 'never'.
src/lite.ts(45,32): error TS2339: Property 'flags' does not exist on type 'never'.
src/lite.ts(46,7): error TS2339: Property 'lastIndex' does not exist on type 'Object'.
src/lite.ts(46,21): error TS2339: Property 'lastIndex' does not exist on type 'never'.
src/lite.ts(47,3): error TS2322: Type 'Object' is not assignable to type 'HTMLDivElement'.
  The 'Object' type is assignable to very few other types. Did you mean to use the 'any' type instead?

