Gruntfile.ts(6,11): error TS2339: Property 'initConfig' does not exist on type 'HTMLElement'.
Gruntfile.ts(8,20): error TS2339: Property 'file' does not exist on type 'HTMLElement'.
Gruntfile.ts(199,11): error TS2339: Property 'loadNpmTasks' does not exist on type 'HTMLElement'.
Gruntfile.ts(200,11): error TS2339: Property 'loadNpmTasks' does not exist on type 'HTMLElement'.
Gruntfile.ts(201,11): error TS2339: Property 'loadNpmTasks' does not exist on type 'HTMLElement'.
Gruntfile.ts(202,11): error TS2339: Property 'loadNpmTasks' does not exist on type 'HTMLElement'.
Gruntfile.ts(203,11): error TS2339: Property 'loadNpmTasks' does not exist on type 'HTMLElement'.
Gruntfile.ts(204,11): error TS2339: Property 'loadNpmTasks' does not exist on type 'HTMLElement'.
Gruntfile.ts(205,11): error TS2339: Property 'loadNpmTasks' does not exist on type 'HTMLElement'.
Gruntfile.ts(206,11): error TS2339: Property 'loadNpmTasks' does not exist on type 'HTMLElement'.
Gruntfile.ts(208,11): error TS2339: Property 'loadNpmTasks' does not exist on type 'HTMLElement'.
Gruntfile.ts(209,11): error TS2339: Property 'loadNpmTasks' does not exist on type 'HTMLElement'.
Gruntfile.ts(210,11): error TS2339: Property 'loadNpmTasks' does not exist on type 'HTMLElement'.
Gruntfile.ts(211,11): error TS2339: Property 'loadNpmTasks' does not exist on type 'HTMLElement'.
Gruntfile.ts(212,11): error TS2339: Property 'loadNpmTasks' does not exist on type 'HTMLElement'.
Gruntfile.ts(215,11): error TS2339: Property 'registerTask' does not exist on type 'HTMLElement'.
Gruntfile.ts(218,11): error TS2339: Property 'registerTask' does not exist on type 'HTMLElement'.
Gruntfile.ts(221,11): error TS2339: Property 'registerTask' does not exist on type 'HTMLElement'.
Gruntfile.ts(224,11): error TS2339: Property 'registerTask' does not exist on type 'HTMLElement'.
Gruntfile.ts(227,11): error TS2339: Property 'registerTask' does not exist on type 'HTMLElement'.
Gruntfile.ts(228,11): error TS2339: Property 'registerTask' does not exist on type 'HTMLElement'.
dist/loglevel.min.ts(2,2): error TS1345: An expression of type 'void' cannot be tested for truthiness.
dist/loglevel.min.ts(2,66): error TS2304: Cannot find name 'define'.
dist/loglevel.min.ts(2,74): error TS2304: Cannot find name 'define'.
dist/loglevel.min.ts(2,85): error TS2304: Cannot find name 'define'.
dist/loglevel.min.ts(2,156): error TS2339: Property 'log' does not exist on type 'object'.
dist/loglevel.min.ts(2,354): error TS2322: Type '() => any' is not assignable to type 'any[]'.
dist/loglevel.min.ts(2,443): error TS2304: Cannot find name 'Void'.
dist/loglevel.min.ts(2,644): error TS2322: Type 'Function | any[]' is not assignable to type 'boolean'.
  Type 'Function' is not assignable to type 'boolean'.
dist/loglevel.min.ts(2,820): error TS2304: Cannot find name 'Void'.
dist/loglevel.min.ts(2,880): error TS2365: Operator '<' cannot be applied to types 'number' and 'Function'.
dist/loglevel.min.ts(2,1207): error TS2304: Cannot find name 'Void'.
dist/loglevel.min.ts(2,1262): error TS2538: Type 'Function' cannot be used as an index type.
dist/loglevel.min.ts(2,1562): error TS2322: Type 'string' is not assignable to type 'any[]'.
dist/loglevel.min.ts(2,1668): error TS2345: Argument of type 'any[]' is not assignable to parameter of type 'string'.
dist/loglevel.min.ts(2,1694): error TS2322: Type 'string' is not assignable to type 'boolean'.
dist/loglevel.min.ts(2,1712): error TS2339: Property 'levels' does not exist on type 'HTMLElement'.
dist/loglevel.min.ts(2,2087): error TS2339: Property 'name' does not exist on type 'HTMLElement'.
dist/loglevel.min.ts(2,2096): error TS2339: Property 'levels' does not exist on type 'HTMLElement'.
dist/loglevel.min.ts(2,2154): error TS2339: Property 'methodFactory' does not exist on type 'HTMLElement'.
dist/loglevel.min.ts(2,2175): error TS2339: Property 'getLevel' does not exist on type 'HTMLElement'.
dist/loglevel.min.ts(2,2207): error TS2339: Property 'setLevel' does not exist on type 'HTMLElement'.
dist/loglevel.min.ts(2,2280): error TS2339: Property 'levels' does not exist on type 'HTMLElement'.
dist/loglevel.min.ts(2,2289): error TS2339: Property 'toUpperCase' does not exist on type 'never'.
dist/loglevel.min.ts(2,2310): error TS2339: Property 'levels' does not exist on type 'HTMLElement'.
dist/loglevel.min.ts(2,2319): error TS2339: Property 'toUpperCase' does not exist on type 'never'.
dist/loglevel.min.ts(2,2368): error TS2339: Property 'levels' does not exist on type 'HTMLElement'.
dist/loglevel.min.ts(2,2442): error TS2367: This condition will always return 'true' since the types 'boolean' and 'number' have no overlap.
dist/loglevel.min.ts(2,2452): error TS2345: Argument of type 'number' is not assignable to parameter of type 'Function'.
dist/loglevel.min.ts(2,2493): error TS2339: Property 'levels' does not exist on type 'HTMLElement'.
dist/loglevel.min.ts(2,2551): error TS2339: Property 'setDefaultLevel' does not exist on type 'HTMLElement'.
dist/loglevel.min.ts(2,2598): error TS2339: Property 'setLevel' does not exist on type 'HTMLElement'.
dist/loglevel.min.ts(2,2616): error TS2339: Property 'resetLevel' does not exist on type 'HTMLElement'.
dist/loglevel.min.ts(2,2640): error TS2339: Property 'setLevel' does not exist on type 'HTMLElement'.
dist/loglevel.min.ts(2,2662): error TS2339: Property 'enableAll' does not exist on type 'HTMLElement'.
dist/loglevel.min.ts(2,2696): error TS2339: Property 'setLevel' does not exist on type 'HTMLElement'.
dist/loglevel.min.ts(2,2707): error TS2339: Property 'levels' does not exist on type 'HTMLElement'.
dist/loglevel.min.ts(2,2726): error TS2339: Property 'disableAll' does not exist on type 'HTMLElement'.
dist/loglevel.min.ts(2,2761): error TS2339: Property 'setLevel' does not exist on type 'HTMLElement'.
dist/loglevel.min.ts(2,2772): error TS2339: Property 'levels' does not exist on type 'HTMLElement'.
dist/loglevel.min.ts(2,2794): error TS2322: Type 'boolean' is not assignable to type 'string'.
dist/loglevel.min.ts(2,2825): error TS2339: Property 'setLevel' does not exist on type 'HTMLElement'.
dist/loglevel.min.ts(2,2891): error TS2322: Type 'boolean' is not assignable to type 'number'.
dist/loglevel.min.ts(2,3064): error TS2350: Only a void function can be called with the 'new' keyword.
dist/loglevel.min.ts(2,3064): error TS2554: Expected 3 arguments, but got 0.
dist/loglevel.min.ts(2,3085): error TS2339: Property 'getLogger' does not exist on type 'HTMLElement'.
dist/loglevel.min.ts(2,3272): error TS2350: Only a void function can be called with the 'new' keyword.
dist/loglevel.min.ts(2,3282): error TS2339: Property 'getLevel' does not exist on type 'HTMLElement'.
dist/loglevel.min.ts(2,3295): error TS2339: Property 'methodFactory' does not exist on type 'HTMLElement'.
dist/loglevel.min.ts(2,3353): error TS2339: Property 'log' does not exist on type 'Window & typeof globalThis'.
dist/loglevel.min.ts(2,3373): error TS2339: Property 'noConflict' does not exist on type 'HTMLElement'.
dist/loglevel.min.ts(2,3428): error TS2339: Property 'log' does not exist on type 'Window & typeof globalThis'.
dist/loglevel.min.ts(2,3445): error TS2339: Property 'log' does not exist on type 'Window & typeof globalThis'.
dist/loglevel.min.ts(2,3457): error TS2339: Property 'getLoggers' does not exist on type 'HTMLElement'.
dist/loglevel.min.ts(2,3491): error TS2339: Property 'default' does not exist on type 'HTMLElement'.
dist/loglevel.ts(4,16): error TS2304: Cannot find name 'define'.
dist/loglevel.ts(4,41): error TS2304: Cannot find name 'define'.
dist/loglevel.ts(5,9): error TS2304: Cannot find name 'define'.
dist/loglevel.ts(7,9): error TS1258: A default export must be at the top level of a file or module declaration.
dist/loglevel.ts(9,14): error TS2339: Property 'log' does not exist on type 'object'.
dist/loglevel.ts(39,17): error TS2322: Type '() => any' is not assignable to type 'any[]'.
dist/loglevel.ts(47,28): error TS2304: Cannot find name 'Void'.
dist/loglevel.ts(69,13): error TS2322: Type '() => Void' is not assignable to type 'boolean'.
dist/loglevel.ts(71,13): error TS2322: Type 'any[]' is not assignable to type 'boolean'.
dist/loglevel.ts(73,13): error TS2322: Type 'any[]' is not assignable to type 'boolean'.
dist/loglevel.ts(75,13): error TS2322: Type 'Function' is not assignable to type 'boolean'.
dist/loglevel.ts(81,72): error TS2304: Cannot find name 'Void'.
dist/loglevel.ts(85,33): error TS2365: Operator '<' cannot be applied to types 'number' and 'string'.
dist/loglevel.ts(113,75): error TS2304: Cannot find name 'Void'.
dist/loglevel.ts(125,58): error TS2304: Cannot find name 'Void'.
dist/loglevel.ts(155,23): error TS2322: Type 'string' is not assignable to type 'any[]'.
dist/loglevel.ts(159,53): error TS2345: Argument of type 'any[]' is not assignable to parameter of type 'string'.
dist/loglevel.ts(165,20): error TS2339: Property 'levels' does not exist on type 'HTMLElement'.
dist/loglevel.ts(169,11): error TS2322: Type 'string' is not assignable to type 'any[]'.
dist/loglevel.ts(172,39): error TS2304: Cannot find name 'Void'.
dist/loglevel.ts(194,12): error TS2339: Property 'name' does not exist on type 'HTMLElement'.
dist/loglevel.ts(196,12): error TS2339: Property 'levels' does not exist on type 'HTMLElement'.
dist/loglevel.ts(199,12): error TS2339: Property 'methodFactory' does not exist on type 'HTMLElement'.
dist/loglevel.ts(201,12): error TS2339: Property 'getLevel' does not exist on type 'HTMLElement'.
dist/loglevel.ts(205,12): error TS2339: Property 'setLevel' does not exist on type 'HTMLElement'.
dist/loglevel.ts(206,49): error TS2339: Property 'levels' does not exist on type 'HTMLElement'.
dist/loglevel.ts(206,62): error TS2339: Property 'toUpperCase' does not exist on type 'never'.
dist/loglevel.ts(207,28): error TS2339: Property 'levels' does not exist on type 'HTMLElement'.
dist/loglevel.ts(207,41): error TS2339: Property 'toUpperCase' does not exist on type 'never'.
dist/loglevel.ts(209,72): error TS2339: Property 'levels' does not exist on type 'HTMLElement'.
dist/loglevel.ts(211,19): error TS2367: This condition will always return 'true' since the types 'number' and 'boolean' have no overlap.
dist/loglevel.ts(215,68): error TS2339: Property 'levels' does not exist on type 'HTMLElement'.
dist/loglevel.ts(223,12): error TS2339: Property 'setDefaultLevel' does not exist on type 'HTMLElement'.
dist/loglevel.ts(224,11): error TS2322: Type 'number' is not assignable to type 'string'.
dist/loglevel.ts(226,20): error TS2339: Property 'setLevel' does not exist on type 'HTMLElement'.
dist/loglevel.ts(230,12): error TS2339: Property 'resetLevel' does not exist on type 'HTMLElement'.
dist/loglevel.ts(231,16): error TS2339: Property 'setLevel' does not exist on type 'HTMLElement'.
dist/loglevel.ts(235,12): error TS2339: Property 'enableAll' does not exist on type 'HTMLElement'.
dist/loglevel.ts(236,16): error TS2339: Property 'setLevel' does not exist on type 'HTMLElement'.
dist/loglevel.ts(236,30): error TS2339: Property 'levels' does not exist on type 'HTMLElement'.
dist/loglevel.ts(239,12): error TS2339: Property 'disableAll' does not exist on type 'HTMLElement'.
dist/loglevel.ts(240,16): error TS2339: Property 'setLevel' does not exist on type 'HTMLElement'.
dist/loglevel.ts(240,30): error TS2339: Property 'levels' does not exist on type 'HTMLElement'.
dist/loglevel.ts(244,11): error TS2322: Type 'any[]' is not assignable to type 'number'.
dist/loglevel.ts(246,11): error TS2322: Type 'string' is not assignable to type 'number'.
dist/loglevel.ts(248,12): error TS2339: Property 'setLevel' does not exist on type 'HTMLElement'.
dist/loglevel.ts(257,33): error TS2350: Only a void function can be called with the 'new' keyword.
dist/loglevel.ts(257,33): error TS2554: Expected 3 arguments, but got 0.
dist/loglevel.ts(260,19): error TS2339: Property 'getLogger' does not exist on type 'object'.
dist/loglevel.ts(267,43): error TS2350: Only a void function can be called with the 'new' keyword.
dist/loglevel.ts(268,33): error TS2339: Property 'getLevel' does not exist on type 'object'.
dist/loglevel.ts(268,59): error TS2339: Property 'methodFactory' does not exist on type 'object'.
dist/loglevel.ts(270,9): error TS2322: Type 'string' is not assignable to type 'object'.
dist/loglevel.ts(274,67): error TS2339: Property 'log' does not exist on type 'Window & typeof globalThis'.
dist/loglevel.ts(275,19): error TS2339: Property 'noConflict' does not exist on type 'object'.
dist/loglevel.ts(277,23): error TS2339: Property 'log' does not exist on type 'Window & typeof globalThis'.
dist/loglevel.ts(278,20): error TS2339: Property 'log' does not exist on type 'Window & typeof globalThis'.
dist/loglevel.ts(284,19): error TS2339: Property 'getLoggers' does not exist on type 'object'.
lib/loglevel.ts(9,16): error TS2304: Cannot find name 'define'.
lib/loglevel.ts(9,41): error TS2304: Cannot find name 'define'.
lib/loglevel.ts(10,9): error TS2304: Cannot find name 'define'.
lib/loglevel.ts(12,9): error TS1258: A default export must be at the top level of a file or module declaration.
lib/loglevel.ts(14,14): error TS2339: Property 'log' does not exist on type 'object'.
lib/loglevel.ts(44,17): error TS2322: Type '() => any' is not assignable to type 'any[]'.
lib/loglevel.ts(52,28): error TS2304: Cannot find name 'Void'.
lib/loglevel.ts(74,13): error TS2322: Type '() => Void' is not assignable to type 'boolean'.
lib/loglevel.ts(76,13): error TS2322: Type 'any[]' is not assignable to type 'boolean'.
lib/loglevel.ts(78,13): error TS2322: Type 'any[]' is not assignable to type 'boolean'.
lib/loglevel.ts(80,13): error TS2322: Type 'Function' is not assignable to type 'boolean'.
lib/loglevel.ts(86,72): error TS2304: Cannot find name 'Void'.
lib/loglevel.ts(90,33): error TS2365: Operator '<' cannot be applied to types 'number' and 'string'.
lib/loglevel.ts(118,75): error TS2304: Cannot find name 'Void'.
lib/loglevel.ts(130,58): error TS2304: Cannot find name 'Void'.
lib/loglevel.ts(160,23): error TS2322: Type 'string' is not assignable to type 'any[]'.
lib/loglevel.ts(164,53): error TS2345: Argument of type 'any[]' is not assignable to parameter of type 'string'.
lib/loglevel.ts(170,20): error TS2339: Property 'levels' does not exist on type 'HTMLElement'.
lib/loglevel.ts(174,11): error TS2322: Type 'string' is not assignable to type 'any[]'.
lib/loglevel.ts(177,39): error TS2304: Cannot find name 'Void'.
lib/loglevel.ts(199,12): error TS2339: Property 'name' does not exist on type 'HTMLElement'.
lib/loglevel.ts(201,12): error TS2339: Property 'levels' does not exist on type 'HTMLElement'.
lib/loglevel.ts(204,12): error TS2339: Property 'methodFactory' does not exist on type 'HTMLElement'.
lib/loglevel.ts(206,12): error TS2339: Property 'getLevel' does not exist on type 'HTMLElement'.
lib/loglevel.ts(210,12): error TS2339: Property 'setLevel' does not exist on type 'HTMLElement'.
lib/loglevel.ts(211,49): error TS2339: Property 'levels' does not exist on type 'HTMLElement'.
lib/loglevel.ts(211,62): error TS2339: Property 'toUpperCase' does not exist on type 'never'.
lib/loglevel.ts(212,28): error TS2339: Property 'levels' does not exist on type 'HTMLElement'.
lib/loglevel.ts(212,41): error TS2339: Property 'toUpperCase' does not exist on type 'never'.
lib/loglevel.ts(214,72): error TS2339: Property 'levels' does not exist on type 'HTMLElement'.
lib/loglevel.ts(216,19): error TS2367: This condition will always return 'true' since the types 'number' and 'boolean' have no overlap.
lib/loglevel.ts(220,68): error TS2339: Property 'levels' does not exist on type 'HTMLElement'.
lib/loglevel.ts(228,12): error TS2339: Property 'setDefaultLevel' does not exist on type 'HTMLElement'.
lib/loglevel.ts(229,11): error TS2322: Type 'number' is not assignable to type 'string'.
lib/loglevel.ts(231,20): error TS2339: Property 'setLevel' does not exist on type 'HTMLElement'.
lib/loglevel.ts(235,12): error TS2339: Property 'resetLevel' does not exist on type 'HTMLElement'.
lib/loglevel.ts(236,16): error TS2339: Property 'setLevel' does not exist on type 'HTMLElement'.
lib/loglevel.ts(240,12): error TS2339: Property 'enableAll' does not exist on type 'HTMLElement'.
lib/loglevel.ts(241,16): error TS2339: Property 'setLevel' does not exist on type 'HTMLElement'.
lib/loglevel.ts(241,30): error TS2339: Property 'levels' does not exist on type 'HTMLElement'.
lib/loglevel.ts(244,12): error TS2339: Property 'disableAll' does not exist on type 'HTMLElement'.
lib/loglevel.ts(245,16): error TS2339: Property 'setLevel' does not exist on type 'HTMLElement'.
lib/loglevel.ts(245,30): error TS2339: Property 'levels' does not exist on type 'HTMLElement'.
lib/loglevel.ts(249,11): error TS2322: Type 'any[]' is not assignable to type 'number'.
lib/loglevel.ts(251,11): error TS2322: Type 'string' is not assignable to type 'number'.
lib/loglevel.ts(253,12): error TS2339: Property 'setLevel' does not exist on type 'HTMLElement'.
lib/loglevel.ts(262,33): error TS2350: Only a void function can be called with the 'new' keyword.
lib/loglevel.ts(262,33): error TS2554: Expected 3 arguments, but got 0.
lib/loglevel.ts(265,19): error TS2339: Property 'getLogger' does not exist on type 'object'.
lib/loglevel.ts(272,43): error TS2350: Only a void function can be called with the 'new' keyword.
lib/loglevel.ts(273,33): error TS2339: Property 'getLevel' does not exist on type 'object'.
lib/loglevel.ts(273,59): error TS2339: Property 'methodFactory' does not exist on type 'object'.
lib/loglevel.ts(275,9): error TS2322: Type 'string' is not assignable to type 'object'.
lib/loglevel.ts(279,67): error TS2339: Property 'log' does not exist on type 'Window & typeof globalThis'.
lib/loglevel.ts(280,19): error TS2339: Property 'noConflict' does not exist on type 'object'.
lib/loglevel.ts(282,23): error TS2339: Property 'log' does not exist on type 'Window & typeof globalThis'.
lib/loglevel.ts(283,20): error TS2339: Property 'log' does not exist on type 'Window & typeof globalThis'.
lib/loglevel.ts(289,19): error TS2339: Property 'getLoggers' does not exist on type 'object'.

