scripts/build.ts(20,1): error TS2554: Expected 3 arguments, but got 2.
scripts/build.ts(23,18): error TS2732: Cannot find module '../src/custom-suffix.json'. Consider using '--resolveJsonModule' to import module with '.json' extension.
scripts/build.ts(25,27): error TS2345: Argument of type '(suffix: any[]) => void' is not assignable to parameter of type '(value: string, index: number, array: string[]) => void'.
  Types of parameters 'suffix' and 'value' are incompatible.
    Type 'string' is not assignable to type 'any[]'.
scripts/build.ts(28,27): error TS2345: Argument of type '(type: any[]) => void' is not assignable to parameter of type '(value: string, index: number, array: string[]) => void'.
  Types of parameters 'type' and 'value' are incompatible.
    Type 'string' is not assignable to type 'any[]'.
scripts/build.ts(33,29): error TS2538: Type 'any[]' cannot be used as an index type.
scripts/build.ts(34,11): error TS2339: Property 'compressible' does not exist on type 'HTMLElement'.
scripts/build.ts(34,41): error TS2339: Property 'compressible' does not exist on type 'HTMLElement'.
scripts/build.ts(34,58): error TS2339: Property 'compressible' does not exist on type 'HTMLElement'.
scripts/build.ts(48,62): error TS2345: Argument of type 'string' is not assignable to parameter of type 'number'.
scripts/build.ts(51,14): error TS2345: Argument of type 'string' is not assignable to parameter of type 'object'.
scripts/build.ts(51,35): error TS2339: Property 'charset' does not exist on type 'object'.
scripts/build.ts(52,14): error TS2345: Argument of type 'string' is not assignable to parameter of type 'object'.
scripts/build.ts(52,40): error TS2339: Property 'compressible' does not exist on type 'object'.
scripts/build.ts(55,32): error TS2339: Property 'extensions' does not exist on type 'object'.
scripts/build.ts(63,12): error TS2339: Property 'extensions' does not exist on type 'object'.
scripts/build.ts(64,9): error TS2339: Property 'extensions' does not exist on type 'object'.
scripts/build.ts(67,11): error TS2339: Property 'extensions' does not exist on type 'object'.
scripts/build.ts(68,9): error TS2339: Property 'extensions' does not exist on type 'object'.
scripts/build.ts(84,21): error TS2345: Argument of type 'string' is not assignable to parameter of type 'object'.
scripts/build.ts(95,9): error TS2339: Property 'source' does not exist on type 'object'.
scripts/fetch-apache.ts(14,21): error TS2307: Cannot find module 'raw-body' or its corresponding type declarations.
scripts/fetch-apache.ts(42,20): error TS2339: Property 'index' does not exist on type 'RegExp'.
scripts/fetch-apache.ts(47,9): error TS2367: This condition will always return 'false' since the types 'any[]' and 'string' have no overlap.
scripts/fetch-apache.ts(55,28): error TS2538: Type 'any[]' cannot be used as an index type.
scripts/fetch-apache.ts(55,43): error TS2538: Type 'any[]' cannot be used as an index type.
scripts/fetch-apache.ts(58,22): error TS2345: Argument of type 'any[]' is not assignable to parameter of type 'string'.
scripts/fetch-apache.ts(68,12): error TS2339: Property 'extensions' does not exist on type 'object'.
scripts/fetch-apache.ts(69,9): error TS2339: Property 'extensions' does not exist on type 'object'.
scripts/fetch-apache.ts(72,11): error TS2339: Property 'extensions' does not exist on type 'object'.
scripts/fetch-apache.ts(73,9): error TS2339: Property 'extensions' does not exist on type 'object'.
scripts/fetch-apache.ts(89,21): error TS2345: Argument of type 'string' is not assignable to parameter of type 'object'.
scripts/fetch-apache.ts(98,13): error TS2339: Property 'statusCode' does not exist on type 'object'.
scripts/fetch-apache.ts(99,51): error TS2339: Property 'statusCode' does not exist on type 'object'.
scripts/fetch-iana.ts(12,1): error TS2322: Type 'any[] | PromiseConstructor' is not assignable to type 'PromiseConstructor'.
  Type 'any[]' is missing the following properties from type 'PromiseConstructor': all, race, prototype, reject, and 4 more.
scripts/fetch-iana.ts(14,16): error TS2307: Cannot find module 'co' or its corresponding type declarations.
scripts/fetch-iana.ts(15,24): error TS2307: Cannot find module 'raw-body' or its corresponding type declarations.
scripts/fetch-iana.ts(16,20): error TS2307: Cannot find module 'cogent' or its corresponding type declarations.
scripts/fetch-iana.ts(17,20): error TS2307: Cannot find module 'csv-parse' or its corresponding type declarations.
scripts/fetch-iana.ts(18,21): error TS2307: Cannot find module 'stream-to-array' or its corresponding type declarations.
scripts/fetch-iana.ts(48,5): error TS2554: Expected 2 arguments, but got 1.
scripts/fetch-iana.ts(68,13): error TS2339: Property 'extensions' does not exist on type 'object'.
scripts/fetch-iana.ts(76,31): error TS2339: Property 'mime' does not exist on type 'object'.
scripts/fetch-iana.ts(83,16): error TS2339: Property 'usage' does not exist on type 'object'.
scripts/fetch-iana.ts(88,23): error TS2339: Property 'charset' does not exist on type 'object'.
scripts/fetch-iana.ts(89,21): error TS2339: Property 'notes' does not exist on type 'object'.
scripts/fetch-iana.ts(90,23): error TS2339: Property 'sources' does not exist on type 'object'.
scripts/fetch-iana.ts(94,37): error TS2339: Property 'extensions' does not exist on type 'object'.
scripts/fetch-iana.ts(109,13): error TS2339: Property 'template' does not exist on type 'HTMLElement'.
scripts/fetch-iana.ts(110,5): error TS2740: Type 'HTMLElement' is missing the following properties from type 'Function': apply, call, bind, prototype, and 6 more.
scripts/fetch-iana.ts(113,29): error TS2322: Type 'Generator<string, any, undefined>' is not assignable to type 'string'.
scripts/fetch-iana.ts(114,98): error TS2339: Property 'template' does not exist on type 'HTMLElement'.
scripts/fetch-iana.ts(115,9): error TS2322: Type 'string' is not assignable to type 'number'.
scripts/fetch-iana.ts(115,28): error TS2339: Property 'type' does not exist on type 'HTMLElement'.
scripts/fetch-iana.ts(115,46): error TS2339: Property 'name' does not exist on type 'HTMLElement'.
scripts/fetch-iana.ts(116,45): error TS2339: Property 'reference' does not exist on type 'HTMLElement'.
scripts/fetch-iana.ts(118,13): error TS2339: Property 'statusCode' does not exist on type 'HTMLElement'.
scripts/fetch-iana.ts(118,40): error TS2339: Property 'template' does not exist on type 'HTMLElement'.
scripts/fetch-iana.ts(119,38): error TS2339: Property 'template' does not exist on type 'HTMLElement'.
scripts/fetch-iana.ts(120,12): error TS2339: Property 'template' does not exist on type 'HTMLElement'.
scripts/fetch-iana.ts(124,15): error TS2339: Property 'statusCode' does not exist on type 'HTMLElement'.
scripts/fetch-iana.ts(125,14): error TS2339: Property 'mime' does not exist on type 'HTMLElement'.
scripts/fetch-iana.ts(125,26): error TS2339: Property 'template' does not exist on type 'HTMLElement'.
scripts/fetch-iana.ts(129,13): error TS2339: Property 'statusCode' does not exist on type 'HTMLElement'.
scripts/fetch-iana.ts(130,38): error TS2339: Property 'template' does not exist on type 'HTMLElement'.
scripts/fetch-iana.ts(134,13): error TS2339: Property 'statusCode' does not exist on type 'HTMLElement'.
scripts/fetch-iana.ts(135,38): error TS2339: Property 'template' does not exist on type 'HTMLElement'.
scripts/fetch-iana.ts(139,13): error TS2339: Property 'statusCode' does not exist on type 'HTMLElement'.
scripts/fetch-iana.ts(140,48): error TS2339: Property 'statusCode' does not exist on type 'HTMLElement'.
scripts/fetch-iana.ts(140,86): error TS2339: Property 'template' does not exist on type 'HTMLElement'.
scripts/fetch-iana.ts(143,46): error TS2345: Argument of type 'HTMLElement' is not assignable to parameter of type 'Function'.
scripts/fetch-iana.ts(144,28): error TS2339: Property 'urls' does not exist on type 'HTMLElement'.
scripts/fetch-iana.ts(145,9): error TS2322: Type 'number' is not assignable to type 'string'.
scripts/fetch-iana.ts(150,28): error TS2339: Property 'mime' does not exist on type 'HTMLElement'.
scripts/fetch-iana.ts(152,12): error TS2339: Property 'mime' does not exist on type 'HTMLElement'.
scripts/fetch-iana.ts(155,12): error TS2339: Property 'charset' does not exist on type 'HTMLElement'.
scripts/fetch-iana.ts(158,12): error TS2339: Property 'usage' does not exist on type 'HTMLElement'.
scripts/fetch-iana.ts(161,16): error TS2339: Property 'usage' does not exist on type 'HTMLElement'.
scripts/fetch-iana.ts(161,43): error TS2339: Property 'extensions' does not exist on type 'object'.
scripts/fetch-iana.ts(162,15): error TS2339: Property 'extensions' does not exist on type 'object'.
scripts/fetch-iana.ts(162,43): error TS2339: Property 'extensions' does not exist on type 'object'.
scripts/fetch-iana.ts(162,64): error TS2339: Property 'mime' does not exist on type 'HTMLElement'.
scripts/fetch-iana.ts(163,14): error TS2339: Property 'extensions' does not exist on type 'HTMLElement'.
scripts/fetch-iana.ts(180,7): error TS2322: Type 'RegExpExecArray' is not assignable to type 'string'.
scripts/fetch-iana.ts(198,7): error TS2367: This condition will always return 'false' since the types 'any[]' and 'string' have no overlap.
scripts/fetch-iana.ts(203,3): error TS2322: Type 'string' is not assignable to type 'number'.
scripts/fetch-iana.ts(231,3): error TS2322: Type 'any[]' is not assignable to type 'string'.
scripts/fetch-iana.ts(236,49): error TS2740: Type 'Generator<any, any, undefined>' is missing the following properties from type 'any[]': length, pop, push, concat, and 28 more.
scripts/fetch-iana.ts(239,11): error TS2339: Property 'statusCode' does not exist on type 'HTMLElement'.
scripts/fetch-iana.ts(240,46): error TS2339: Property 'statusCode' does not exist on type 'HTMLElement'.
scripts/fetch-iana.ts(243,40): error TS2339: Property 'pipe' does not exist on type 'HTMLElement'.
scripts/fetch-iana.ts(245,7): error TS2740: Type 'Function' is missing the following properties from type 'any[]': pop, push, concat, join, and 28 more.
scripts/fetch-iana.ts(249,40): error TS2769: No overload matches this call.
  Overload 1 of 3, '(callbackfn: (previousValue: any, currentValue: any, currentIndex: number, array: any[]) => any, initialValue: any): any', gave the following error.
    Argument of type 'any[]' is not assignable to parameter of type '(previousValue: any, currentValue: any, currentIndex: number, array: any[]) => any'.
      Type 'any[]' provides no match for the signature '(previousValue: any, currentValue: any, currentIndex: number, array: any[]): any'.
  Overload 2 of 3, '(callbackfn: (previousValue: { type: string; }, currentValue: any, currentIndex: number, array: any[]) => { type: string; }, initialValue: { type: string; }): { type: string; }', gave the following error.
    Argument of type 'any[]' is not assignable to parameter of type '(previousValue: { type: string; }, currentValue: any, currentIndex: number, array: any[]) => { type: string; }'.
      Type 'any[]' provides no match for the signature '(previousValue: { type: string; }, currentValue: any, currentIndex: number, array: any[]): { type: string; }'.
scripts/fetch-iana.ts(251,14): error TS2339: Property 'template' does not exist on type 'HTMLElement'.
scripts/fetch-iana.ts(252,16): error TS2339: Property 'template' does not exist on type 'HTMLElement'.
scripts/fetch-iana.ts(256,26): error TS2339: Property 'template' does not exist on type 'HTMLElement'.
scripts/fetch-iana.ts(261,22): error TS2339: Property 'template' does not exist on type 'HTMLElement'.
scripts/fetch-iana.ts(265,10): error TS2339: Property 'mime' does not exist on type 'HTMLElement'.
scripts/fetch-iana.ts(265,23): error TS2339: Property 'template' does not exist on type 'HTMLElement'.
scripts/fetch-iana.ts(265,54): error TS2339: Property 'name' does not exist on type 'HTMLElement'.
scripts/fetch-iana.ts(268,59): error TS2339: Property 'name' does not exist on type 'HTMLElement'.
scripts/fetch-iana.ts(269,10): error TS2339: Property 'name' does not exist on type 'HTMLElement'.
scripts/fetch-iana.ts(270,10): error TS2339: Property 'notes' does not exist on type 'HTMLElement'.
scripts/fetch-iana.ts(273,26): error TS2339: Property 'reference' does not exist on type 'HTMLElement'.
scripts/fetch-iana.ts(281,45): error TS2322: Type 'Generator<string, any, undefined>' is not assignable to type 'string'.
scripts/fetch-iana.ts(301,46): error TS2345: Argument of type 'string' is not assignable to parameter of type 'object'.
scripts/fetch-iana.ts(303,46): error TS2345: Argument of type 'string' is not assignable to parameter of type 'object'.
scripts/fetch-iana.ts(316,29): error TS2339: Property 'sources' does not exist on type 'object'.
scripts/fetch-iana.ts(316,46): error TS2339: Property 'sources' does not exist on type 'object'.
scripts/fetch-iana.ts(324,30): error TS2339: Property 'trimRight' does not exist on type 'object'.
scripts/fetch-iana.ts(326,11): error TS2339: Property 'trimLeft' does not exist on type 'Function'.
scripts/fetch-iana.ts(327,17): error TS2339: Property 'trimLeft' does not exist on type 'Function'.
scripts/fetch-iana.ts(349,22): error TS2339: Property 'index' does not exist on type 'RegExp'.
scripts/fetch-iana.ts(362,22): error TS2339: Property 'index' does not exist on type 'RegExp'.
scripts/fetch-iana.ts(375,11): error TS2339: Property 'config' does not exist on type 'string'.
scripts/fetch-iana.ts(379,3): error TS2322: Type 'string' is not assignable to type 'any[]'.
scripts/fetch-iana.ts(388,26): error TS2339: Property 'toLowerCase' does not exist on type 'any[]'.
scripts/fetch-iana.ts(388,55): error TS2339: Property 'replace' does not exist on type 'any[]'.
scripts/fetch-nginx.ts(14,21): error TS2307: Cannot find module 'raw-body' or its corresponding type declarations.
scripts/fetch-nginx.ts(40,20): error TS2339: Property 'index' does not exist on type 'RegExp'.
scripts/fetch-nginx.ts(52,22): error TS2345: Argument of type 'any[]' is not assignable to parameter of type 'string'.
scripts/fetch-nginx.ts(62,12): error TS2339: Property 'extensions' does not exist on type 'object'.
scripts/fetch-nginx.ts(63,9): error TS2339: Property 'extensions' does not exist on type 'object'.
scripts/fetch-nginx.ts(66,11): error TS2339: Property 'extensions' does not exist on type 'object'.
scripts/fetch-nginx.ts(67,9): error TS2339: Property 'extensions' does not exist on type 'object'.
scripts/fetch-nginx.ts(83,21): error TS2345: Argument of type 'string' is not assignable to parameter of type 'object'.
scripts/fetch-nginx.ts(92,13): error TS2339: Property 'statusCode' does not exist on type 'object'.
scripts/fetch-nginx.ts(93,51): error TS2339: Property 'statusCode' does not exist on type 'object'.
scripts/lib/write-db.ts(10,76): error TS2314: Generic type 'Promise<T>' requires 1 type argument(s).
scripts/lib/write-db.ts(16,16): error TS2345: Argument of type '(key: string, i: string, arr: Function) => void' is not assignable to parameter of type '(value: any, index: number, array: any[]) => void'.
  Types of parameters 'i' and 'index' are incompatible.
    Type 'number' is not assignable to type 'string'.
scripts/lib/write-db.ts(21,46): error TS2345: Argument of type '(a: any[], b: number) => boolean' is not assignable to parameter of type '(a: string, b: string) => number'.
  Types of parameters 'a' and 'a' are incompatible.
    Type 'string' is not assignable to type 'any[]'.
scripts/lib/write-db.ts(29,18): error TS2345: Argument of type '(key: string, i: string, arr: Function) => void' is not assignable to parameter of type '(value: any, index: number, array: any[]) => void'.
  Types of parameters 'i' and 'index' are incompatible.
    Type 'number' is not assignable to type 'string'.
scripts/lib/write-db.ts(58,23): error TS2339: Property 'localeCompare' does not exist on type 'any[]'.
scripts/lib/write-db.ts(60,3): error TS2322: Type 'number' is not assignable to type 'boolean'.
scripts/lib/write-db.ts(60,18): error TS2367: This condition will always return 'false' since the types 'any[]' and 'string' have no overlap.
scripts/lib/write-db.ts(60,36): error TS2367: This condition will always return 'false' since the types 'number' and 'string' have no overlap.
scripts/lib/write-db.ts(61,8): error TS2367: This condition will always return 'false' since the types 'any[]' and 'string' have no overlap.
scripts/version-history.ts(24,7): error TS2740: Type 'RegExp' is missing the following properties from type 'HTMLElement': accessKey, accessKeyLabel, autocapitalize, dir, and 277 more.
scripts/version-history.ts(26,27): error TS2339: Property 'test' does not exist on type 'HTMLElement'.
scripts/version-history.ts(38,7): error TS2740: Type 'Date' is missing the following properties from type 'HTMLInputElement': accept, align, alt, autocomplete, and 333 more.
scripts/version-history.ts(40,22): error TS2339: Property 'getFullYear' does not exist on type 'HTMLInputElement'.
scripts/version-history.ts(41,17): error TS2339: Property 'getMonth' does not exist on type 'HTMLInputElement'.
scripts/version-history.ts(42,17): error TS2339: Property 'getDate' does not exist on type 'HTMLInputElement'.
scripts/version-history.ts(48,19): error TS2365: Operator '<' cannot be applied to types 'number' and 'string'.

