async/index.browser.ts(1,99): error TS2769: No overload matches this call.
  The last overload gave the following error.
    Argument of type 'HTMLElement' is not assignable to parameter of type 'ArrayBufferLike'.
async/index.browser.ts(27,17): error TS2322: Type 'number' is not assignable to type 'any[]'.
async/index.browser.ts(36,13): error TS2367: This condition will always return 'false' since the types 'number' and 'any[]' have no overlap.
async/index.browser.ts(42,38): error TS2322: Type 'number' is not assignable to type 'string'.
async/index.browser.ts(44,61): error TS2769: No overload matches this call.
  The last overload gave the following error.
    Argument of type 'string' is not assignable to parameter of type 'ArrayBufferLike'.
async/index.browser.ts(47,10): error TS2356: An arithmetic operand must be of type 'any', 'number', 'bigint' or an enum type.
async/index.native.ts(1,37): error TS2307: Cannot find module 'expo-random' or its corresponding type declarations.
async/index.native.ts(28,31): error TS2314: Generic type 'Promise<T>' requires 1 type argument(s).
async/index.native.ts(43,29): error TS2314: Generic type 'Promise<T>' requires 1 type argument(s).
async/index.ts(12,35): error TS2345: Argument of type 'any[]' is not assignable to parameter of type 'number'.
async/index.ts(12,43): error TS2345: Argument of type '(err: string, buf: number) => void' is not assignable to parameter of type '(err: Error, buf: Buffer) => void'.
  Types of parameters 'err' and 'err' are incompatible.
    Type 'Error' is not assignable to type 'string'.
async/index.ts(43,31): error TS2314: Generic type 'Promise<T>' requires 1 type argument(s).
async/index.ts(59,29): error TS2314: Generic type 'Promise<T>' requires 1 type argument(s).
bin/nanoid.ts(5,30): error TS2304: Cannot find name 'Void'.
bin/nanoid.ts(9,30): error TS2304: Cannot find name 'Void'.
bin/nanoid.ts(43,5): error TS2322: Type 'string' is not assignable to type 'Function'.
index.browser.ts(35,18): error TS2314: Generic type 'Promise<T>' requires 1 type argument(s).
index.browser.ts(47,57): error TS2322: Type 'number' is not assignable to type 'string'.
index.browser.ts(50,32): error TS2322: Type 'number' is not assignable to type 'any[]'.
index.browser.ts(60,7): error TS2322: Type 'string' is not assignable to type 'number'.
index.browser.ts(63,7): error TS2322: Type 'string' is not assignable to type 'number'.
index.browser.ts(65,7): error TS2322: Type 'string' is not assignable to type 'number'.
index.browser.ts(67,7): error TS2322: Type 'string' is not assignable to type 'number'.
index.browser.ts(70,6): error TS2769: No overload matches this call.
  Overload 1 of 3, '(callbackfn: (previousValue: number, currentValue: number, currentIndex: number, array: Uint8Array) => number, initialValue: number): number', gave the following error.
    Argument of type 'string' is not assignable to parameter of type 'number'.
  Overload 2 of 3, '(callbackfn: (previousValue: number, currentValue: number, currentIndex: number, array: Uint8Array) => number, initialValue: number): number', gave the following error.
    Argument of type 'string' is not assignable to parameter of type 'number'.
index.ts(17,5): error TS2740: Type 'Buffer' is missing the following properties from type 'any[]': pop, push, concat, shift, and 5 more.
index.ts(18,20): error TS2345: Argument of type 'any[]' is not assignable to parameter of type 'ArrayBufferView'.
  Type 'any[]' is missing the following properties from type 'BigUint64Array': BYTES_PER_ELEMENT, buffer, byteLength, byteOffset, and 3 more.
index.ts(21,20): error TS2345: Argument of type 'any[]' is not assignable to parameter of type 'ArrayBufferView'.
index.ts(30,15): error TS2339: Property 'subarray' does not exist on type 'any[]'.
index.ts(56,18): error TS2314: Generic type 'Promise<T>' requires 1 type argument(s).
index.ts(68,57): error TS2322: Type 'number' is not assignable to type 'string'.
nanoid.ts(1,30): error TS2322: Type 'number' is not assignable to type 'any[]'.
nanoid.ts(1,93): error TS2769: No overload matches this call.
  Overload 1 of 3, '(callbackfn: (previousValue: number, currentValue: number, currentIndex: number, array: Uint8Array) => number, initialValue: number): number', gave the following error.
    Argument of type '(t: number, e: number) => string' is not assignable to parameter of type '(previousValue: number, currentValue: number, currentIndex: number, array: Uint8Array) => number'.
      Type 'string' is not assignable to type 'number'.
  Overload 2 of 3, '(callbackfn: (previousValue: number, currentValue: number, currentIndex: number, array: Uint8Array) => number, initialValue: number): number', gave the following error.
    Argument of type '(t: number, e: number) => string' is not assignable to parameter of type '(previousValue: number, currentValue: number, currentIndex: number, array: Uint8Array) => number'.
      Type 'string' is not assignable to type 'number'.
nanoid.ts(1,117): error TS2322: Type 'string' is not assignable to type 'number'.
non-secure/index.ts(10,57): error TS2322: Type 'number' is not assignable to type 'any[]'.
non-secure/index.ts(11,11): error TS2322: Type 'any[]' is not assignable to type 'number'.

