examples/accept.ts(16,3): error TS2740: Type 'any[]' is missing the following properties from type 'Function': apply, call, bind, prototype, and 5 more.
examples/accept.ts(26,17): error TS2339: Property 'createServer' does not exist on type 'number'.
examples/accept.ts(28,22): error TS2351: This expression is not constructable.
  Type '{}' has no construct signatures.
examples/accept.ts(29,34): error TS2339: Property 'headers' does not exist on type 'object'.
examples/accept.ts(30,45): error TS2339: Property 'mediaTypes' does not exist on type 'HTMLElement'.
examples/accept.ts(31,44): error TS2339: Property 'mediaTypes' does not exist on type 'HTMLElement'.
examples/accept.ts(32,28): error TS2339: Property 'mediaType' does not exist on type 'HTMLElement'.
examples/accept.ts(35,11): error TS2339: Property 'writeHead' does not exist on type 'any[]'.
examples/accept.ts(38,18): error TS2339: Property 'end' does not exist on type 'any[]'.
examples/accept.ts(40,11): error TS2339: Property 'writeHead' does not exist on type 'any[]'.
examples/accept.ts(41,18): error TS2339: Property 'end' does not exist on type 'any[]'.
examples/accept.ts(45,10): error TS2339: Property 'listen' does not exist on type 'object'.
examples/charset.ts(12,15): error TS2351: This expression is not constructable.
  Type '{}' has no construct signatures.
examples/charset.ts(18,25): error TS2339: Property 'convert' does not exist on type 'HTMLElement'.
examples/charset.ts(18,37): error TS2351: This expression is not constructable.
  Type '{}' has no construct signatures.
examples/charset.ts(21,3): error TS2322: Type 'any[]' is not assignable to type 'Function'.
examples/charset.ts(31,17): error TS2339: Property 'createServer' does not exist on type 'number'.
examples/charset.ts(33,22): error TS2351: This expression is not constructable.
  Type '{}' has no construct signatures.
examples/charset.ts(34,42): error TS2339: Property 'headers' does not exist on type 'object'.
examples/charset.ts(35,45): error TS2339: Property 'charsets' does not exist on type 'object'.
examples/charset.ts(36,44): error TS2339: Property 'charsets' does not exist on type 'object'.
examples/charset.ts(37,26): error TS2339: Property 'charset' does not exist on type 'object'.
examples/charset.ts(40,11): error TS2339: Property 'writeHead' does not exist on type 'any[]'.
examples/charset.ts(43,18): error TS2339: Property 'end' does not exist on type 'any[]'.
examples/charset.ts(45,11): error TS2339: Property 'writeHead' does not exist on type 'any[]'.
examples/charset.ts(46,18): error TS2339: Property 'end' does not exist on type 'any[]'.
examples/charset.ts(50,10): error TS2339: Property 'listen' does not exist on type 'object'.
examples/encoding.ts(14,8): error TS2339: Property 'gzip' does not exist on type 'string'.
examples/encoding.ts(14,22): error TS2339: Property 'identity' does not exist on type 'object'.
examples/encoding.ts(16,14): error TS2339: Property 'gzip' does not exist on type 'object'.
examples/encoding.ts(17,5): error TS2322: Type 'any[]' is not assignable to type 'Function'.
examples/encoding.ts(27,19): error TS2339: Property 'createServer' does not exist on type 'number'.
examples/encoding.ts(29,24): error TS2351: This expression is not constructable.
  Type '{}' has no construct signatures.
examples/encoding.ts(30,45): error TS2339: Property 'headers' does not exist on type 'object'.
examples/encoding.ts(31,47): error TS2339: Property 'encodings' does not exist on type 'object'.
examples/encoding.ts(32,46): error TS2339: Property 'encodings' does not exist on type 'object'.
examples/encoding.ts(33,29): error TS2339: Property 'encoding' does not exist on type 'object'.
examples/encoding.ts(36,13): error TS2339: Property 'writeHead' does not exist on type 'any[]'.
examples/encoding.ts(39,20): error TS2339: Property 'end' does not exist on type 'any[]'.
examples/encoding.ts(41,13): error TS2339: Property 'writeHead' does not exist on type 'any[]'.
examples/encoding.ts(42,20): error TS2339: Property 'end' does not exist on type 'any[]'.
examples/encoding.ts(45,19): error TS2339: Property 'listen' does not exist on type 'object'.
examples/language.ts(13,3): error TS2322: Type 'any[]' is not assignable to type 'Function'.
examples/language.ts(23,17): error TS2339: Property 'createServer' does not exist on type 'number'.
examples/language.ts(25,22): error TS2351: This expression is not constructable.
  Type '{}' has no construct signatures.
examples/language.ts(26,43): error TS2339: Property 'headers' does not exist on type 'object'.
examples/language.ts(27,45): error TS2339: Property 'languages' does not exist on type 'HTMLElement'.
examples/language.ts(28,44): error TS2339: Property 'languages' does not exist on type 'HTMLElement'.
examples/language.ts(29,27): error TS2339: Property 'language' does not exist on type 'HTMLElement'.
examples/language.ts(32,11): error TS2339: Property 'writeHead' does not exist on type 'any[]'.
examples/language.ts(35,18): error TS2339: Property 'end' does not exist on type 'any[]'.
examples/language.ts(37,11): error TS2339: Property 'writeHead' does not exist on type 'any[]'.
examples/language.ts(38,18): error TS2339: Property 'end' does not exist on type 'any[]'.
examples/language.ts(42,10): error TS2339: Property 'listen' does not exist on type 'object'.
index.ts(11,31): error TS2306: File '/work/arjunguha-research-group/mhyee/not-type-inference/data/LambdaNet-out/top1k-typed-nodeps-es6/baseline/negotiator/lib/charset.ts' is not a module.
index.ts(12,32): error TS2306: File '/work/arjunguha-research-group/mhyee/not-type-inference/data/LambdaNet-out/top1k-typed-nodeps-es6/baseline/negotiator/lib/encoding.ts' is not a module.
index.ts(13,32): error TS2306: File '/work/arjunguha-research-group/mhyee/not-type-inference/data/LambdaNet-out/top1k-typed-nodeps-es6/baseline/negotiator/lib/language.ts' is not a module.
index.ts(14,33): error TS2306: File '/work/arjunguha-research-group/mhyee/not-type-inference/data/LambdaNet-out/top1k-typed-nodeps-es6/baseline/negotiator/lib/mediaType.ts' is not a module.
index.ts(32,12): error TS2350: Only a void function can be called with the 'new' keyword.
lib/charset.ts(35,9): error TS2322: Type 'object' is not assignable to type 'string'.
lib/charset.ts(88,27): error TS2339: Property 's' does not exist on type 'object'.
lib/charset.ts(88,36): error TS2339: Property 's' does not exist on type 'object'.
lib/charset.ts(88,50): error TS2339: Property 'q' does not exist on type 'object'.
lib/charset.ts(88,59): error TS2339: Property 'q' does not exist on type 'object'.
lib/charset.ts(88,73): error TS2339: Property 'o' does not exist on type 'object'.
lib/charset.ts(88,82): error TS2339: Property 'o' does not exist on type 'object'.
lib/charset.ts(101,10): error TS2393: Duplicate function implementation.
lib/charset.ts(103,11): error TS2339: Property 'charset' does not exist on type 'object'.
lib/charset.ts(105,19): error TS2339: Property 'charset' does not exist on type 'object'.
lib/charset.ts(111,13): error TS2339: Property 'i' does not exist on type 'object'.
lib/charset.ts(112,13): error TS2339: Property 'q' does not exist on type 'object'.
lib/charset.ts(124,43): error TS2345: Argument of type 'number | "" | "*"' is not assignable to parameter of type 'string'.
  Type 'number' is not assignable to type 'string'.
lib/charset.ts(130,13): error TS2345: Argument of type '{ (a: object, b: object): boolean; (a: object, b: object): boolean; (a: object, b: object): boolean; (a: object, b: object): boolean; }' is not assignable to parameter of type '(a: any, b: any) => number'.
  Type 'boolean' is not assignable to type 'number'.
lib/charset.ts(134,91): error TS2314: Generic type 'Promise<T>' requires 1 type argument(s).
lib/charset.ts(139,44): error TS2345: Argument of type '{ (a: object, b: object): boolean; (a: object, b: object): boolean; (a: object, b: object): boolean; (a: object, b: object): boolean; }' is not assignable to parameter of type '(a: any, b: any) => number'.
lib/charset.ts(149,10): error TS2393: Duplicate function implementation.
lib/charset.ts(150,3): error TS2322: Type 'number' is not assignable to type 'boolean'.
lib/charset.ts(150,13): error TS2339: Property 'q' does not exist on type 'object'.
lib/charset.ts(150,19): error TS2339: Property 'q' does not exist on type 'object'.
lib/charset.ts(150,28): error TS2339: Property 's' does not exist on type 'object'.
lib/charset.ts(150,34): error TS2339: Property 's' does not exist on type 'object'.
lib/charset.ts(150,43): error TS2339: Property 'o' does not exist on type 'object'.
lib/charset.ts(150,49): error TS2339: Property 'o' does not exist on type 'object'.
lib/charset.ts(150,58): error TS2339: Property 'i' does not exist on type 'object'.
lib/charset.ts(150,64): error TS2339: Property 'i' does not exist on type 'object'.
lib/charset.ts(159,15): error TS2339: Property 'charset' does not exist on type 'object'.
lib/charset.ts(167,10): error TS2393: Duplicate function implementation.
lib/charset.ts(168,15): error TS2339: Property 'q' does not exist on type 'object'.
lib/encoding.ts(41,7): error TS2322: Type 'true | object' is not assignable to type 'boolean'.
  Type 'object' is not assignable to type 'boolean'.
lib/encoding.ts(41,36): error TS2554: Expected 3 arguments, but got 2.
lib/encoding.ts(42,50): error TS2339: Property 'q' does not exist on type 'object'.
lib/encoding.ts(104,27): error TS2339: Property 's' does not exist on type 'object'.
lib/encoding.ts(104,36): error TS2339: Property 's' does not exist on type 'object'.
lib/encoding.ts(104,50): error TS2339: Property 'q' does not exist on type 'object'.
lib/encoding.ts(104,59): error TS2339: Property 'q' does not exist on type 'object'.
lib/encoding.ts(104,73): error TS2339: Property 'o' does not exist on type 'object'.
lib/encoding.ts(104,82): error TS2339: Property 'o' does not exist on type 'object'.
lib/encoding.ts(117,10): error TS2393: Duplicate function implementation.
lib/encoding.ts(119,11): error TS2339: Property 'encoding' does not exist on type 'object'.
lib/encoding.ts(121,19): error TS2339: Property 'encoding' does not exist on type 'object'.
lib/encoding.ts(127,13): error TS2339: Property 'i' does not exist on type 'object'.
lib/encoding.ts(128,13): error TS2339: Property 'q' does not exist on type 'object'.
lib/encoding.ts(139,44): error TS2345: Argument of type 'number | ""' is not assignable to parameter of type 'string'.
  Type 'number' is not assignable to type 'string'.
lib/encoding.ts(145,13): error TS2345: Argument of type '{ (a: object, b: object): boolean; (a: object, b: object): boolean; (a: object, b: object): boolean; (a: object, b: object): boolean; }' is not assignable to parameter of type '(a: any, b: any) => number'.
lib/encoding.ts(150,5): error TS2322: Type 'object' is not assignable to type 'string'.
lib/encoding.ts(154,44): error TS2345: Argument of type '{ (a: object, b: object): boolean; (a: object, b: object): boolean; (a: object, b: object): boolean; (a: object, b: object): boolean; }' is not assignable to parameter of type '(a: any, b: any) => number'.
lib/encoding.ts(164,10): error TS2393: Duplicate function implementation.
lib/encoding.ts(165,3): error TS2322: Type 'number' is not assignable to type 'boolean'.
lib/encoding.ts(165,13): error TS2339: Property 'q' does not exist on type 'object'.
lib/encoding.ts(165,19): error TS2339: Property 'q' does not exist on type 'object'.
lib/encoding.ts(165,28): error TS2339: Property 's' does not exist on type 'object'.
lib/encoding.ts(165,34): error TS2339: Property 's' does not exist on type 'object'.
lib/encoding.ts(165,43): error TS2339: Property 'o' does not exist on type 'object'.
lib/encoding.ts(165,49): error TS2339: Property 'o' does not exist on type 'object'.
lib/encoding.ts(165,58): error TS2339: Property 'i' does not exist on type 'object'.
lib/encoding.ts(165,64): error TS2339: Property 'i' does not exist on type 'object'.
lib/encoding.ts(174,15): error TS2339: Property 'encoding' does not exist on type 'object'.
lib/encoding.ts(182,10): error TS2393: Duplicate function implementation.
lib/encoding.ts(183,15): error TS2339: Property 'q' does not exist on type 'object'.
lib/language.ts(35,9): error TS2322: Type 'object' is not assignable to type 'string'.
lib/language.ts(92,27): error TS2339: Property 's' does not exist on type 'object'.
lib/language.ts(92,36): error TS2339: Property 's' does not exist on type 'object'.
lib/language.ts(92,50): error TS2339: Property 'q' does not exist on type 'object'.
lib/language.ts(92,59): error TS2339: Property 'q' does not exist on type 'object'.
lib/language.ts(92,73): error TS2339: Property 'o' does not exist on type 'object'.
lib/language.ts(92,82): error TS2339: Property 'o' does not exist on type 'object'.
lib/language.ts(105,10): error TS2393: Duplicate function implementation.
lib/language.ts(106,19): error TS2554: Expected 2 arguments, but got 1.
lib/language.ts(109,11): error TS2339: Property 'full' does not exist on type 'object'.
lib/language.ts(109,36): error TS2339: Property 'full' does not exist on type 'object'.
lib/language.ts(111,19): error TS2339: Property 'prefix' does not exist on type 'object'.
lib/language.ts(111,46): error TS2339: Property 'full' does not exist on type 'object'.
lib/language.ts(113,19): error TS2339: Property 'full' does not exist on type 'object'.
lib/language.ts(113,44): error TS2339: Property 'prefix' does not exist on type 'object'.
lib/language.ts(115,19): error TS2339: Property 'full' does not exist on type 'object'.
lib/language.ts(121,13): error TS2339: Property 'i' does not exist on type 'object'.
lib/language.ts(122,13): error TS2339: Property 'q' does not exist on type 'object'.
lib/language.ts(134,44): error TS2345: Argument of type 'number | "" | "*"' is not assignable to parameter of type 'string'.
  Type 'number' is not assignable to type 'string'.
lib/language.ts(140,13): error TS2345: Argument of type '{ (a: object, b: object): boolean; (a: object, b: object): boolean; (a: object, b: object): boolean; (a: object, b: object): boolean; }' is not assignable to parameter of type '(a: any, b: any) => number'.
lib/language.ts(145,5): error TS2322: Type 'object' is not assignable to type 'string'.
lib/language.ts(149,44): error TS2345: Argument of type '{ (a: object, b: object): boolean; (a: object, b: object): boolean; (a: object, b: object): boolean; (a: object, b: object): boolean; }' is not assignable to parameter of type '(a: any, b: any) => number'.
lib/language.ts(159,10): error TS2393: Duplicate function implementation.
lib/language.ts(160,3): error TS2322: Type 'number' is not assignable to type 'boolean'.
lib/language.ts(160,13): error TS2339: Property 'q' does not exist on type 'object'.
lib/language.ts(160,19): error TS2339: Property 'q' does not exist on type 'object'.
lib/language.ts(160,28): error TS2339: Property 's' does not exist on type 'object'.
lib/language.ts(160,34): error TS2339: Property 's' does not exist on type 'object'.
lib/language.ts(160,43): error TS2339: Property 'o' does not exist on type 'object'.
lib/language.ts(160,49): error TS2339: Property 'o' does not exist on type 'object'.
lib/language.ts(160,58): error TS2339: Property 'i' does not exist on type 'object'.
lib/language.ts(160,64): error TS2339: Property 'i' does not exist on type 'object'.
lib/language.ts(169,15): error TS2339: Property 'full' does not exist on type 'object'.
lib/language.ts(177,10): error TS2393: Duplicate function implementation.
lib/language.ts(178,15): error TS2339: Property 'q' does not exist on type 'object'.
lib/mediaType.ts(32,7): error TS2740: Type '{}' is missing the following properties from type 'any[]': length, pop, push, concat, and 29 more.
lib/mediaType.ts(35,9): error TS2322: Type 'object' is not assignable to type 'string'.
lib/mediaType.ts(63,49): error TS2339: Property 'map' does not exist on type 'object'.
lib/mediaType.ts(105,27): error TS2339: Property 's' does not exist on type 'object'.
lib/mediaType.ts(105,36): error TS2339: Property 's' does not exist on type 'object'.
lib/mediaType.ts(105,50): error TS2339: Property 'q' does not exist on type 'object'.
lib/mediaType.ts(105,59): error TS2339: Property 'q' does not exist on type 'object'.
lib/mediaType.ts(105,73): error TS2339: Property 'o' does not exist on type 'object'.
lib/mediaType.ts(105,82): error TS2339: Property 'o' does not exist on type 'object'.
lib/mediaType.ts(118,10): error TS2393: Duplicate function implementation.
lib/mediaType.ts(119,19): error TS2554: Expected 2 arguments, but got 1.
lib/mediaType.ts(126,11): error TS2339: Property 'type' does not exist on type 'object'.
lib/mediaType.ts(126,35): error TS2339: Property 'type' does not exist on type 'object'.
lib/mediaType.ts(128,18): error TS2339: Property 'type' does not exist on type 'object'.
lib/mediaType.ts(132,11): error TS2339: Property 'subtype' does not exist on type 'object'.
lib/mediaType.ts(132,38): error TS2339: Property 'subtype' does not exist on type 'object'.
lib/mediaType.ts(134,18): error TS2339: Property 'subtype' does not exist on type 'object'.
lib/mediaType.ts(138,38): error TS2339: Property 'params' does not exist on type 'object'.
lib/mediaType.ts(141,19): error TS2339: Property 'params' does not exist on type 'object'.
lib/mediaType.ts(141,45): error TS2339: Property 'params' does not exist on type 'object'.
lib/mediaType.ts(141,82): error TS2339: Property 'params' does not exist on type 'object'.
lib/mediaType.ts(151,13): error TS2339: Property 'i' does not exist on type 'object'.
lib/mediaType.ts(152,13): error TS2339: Property 'q' does not exist on type 'object'.
lib/mediaType.ts(164,36): error TS2345: Argument of type 'number | "" | "*/*"' is not assignable to parameter of type 'string'.
  Type 'number' is not assignable to type 'string'.
lib/mediaType.ts(170,13): error TS2345: Argument of type '{ (a: object, b: object): boolean; (a: object, b: object): boolean; (a: object, b: object): boolean; (a: object, b: object): boolean; }' is not assignable to parameter of type '(a: any, b: any) => number'.
lib/mediaType.ts(175,5): error TS2322: Type 'object' is not assignable to type 'string'.
lib/mediaType.ts(179,44): error TS2345: Argument of type '{ (a: object, b: object): boolean; (a: object, b: object): boolean; (a: object, b: object): boolean; (a: object, b: object): boolean; }' is not assignable to parameter of type '(a: any, b: any) => number'.
lib/mediaType.ts(189,10): error TS2393: Duplicate function implementation.
lib/mediaType.ts(190,3): error TS2322: Type 'number' is not assignable to type 'boolean'.
lib/mediaType.ts(190,13): error TS2339: Property 'q' does not exist on type 'object'.
lib/mediaType.ts(190,19): error TS2339: Property 'q' does not exist on type 'object'.
lib/mediaType.ts(190,28): error TS2339: Property 's' does not exist on type 'object'.
lib/mediaType.ts(190,34): error TS2339: Property 's' does not exist on type 'object'.
lib/mediaType.ts(190,43): error TS2339: Property 'o' does not exist on type 'object'.
lib/mediaType.ts(190,49): error TS2339: Property 'o' does not exist on type 'object'.
lib/mediaType.ts(190,58): error TS2339: Property 'i' does not exist on type 'object'.
lib/mediaType.ts(190,64): error TS2339: Property 'i' does not exist on type 'object'.
lib/mediaType.ts(199,15): error TS2339: Property 'type' does not exist on type 'object'.
lib/mediaType.ts(199,33): error TS2339: Property 'subtype' does not exist on type 'object'.
lib/mediaType.ts(207,10): error TS2393: Duplicate function implementation.
lib/mediaType.ts(208,15): error TS2339: Property 'q' does not exist on type 'object'.
lib/mediaType.ts(233,42): error TS2314: Generic type 'Promise<T>' requires 1 type argument(s).

