index.ts(5,57): error TS2314: Generic type 'Array<T>' requires 1 type argument(s).
index.ts(5,139): error TS2345: Argument of type 'String' is not assignable to parameter of type 'string'.
  'string' is a primitive, but 'String' is a wrapper object. Prefer using 'string' when possible.
index.ts(7,57): error TS7031: Binding element 'stripHash' implicitly has an 'any' type.
index.ts(8,79): error TS2345: Argument of type 'String' is not assignable to parameter of type 'string'.
  'string' is a primitive, but 'String' is a wrapper object. Prefer using 'string' when possible.
index.ts(14,7): error TS2339: Property 'type' does not exist on type '{ [key: string]: string; } | undefined'.
index.ts(14,13): error TS2339: Property 'data' does not exist on type '{ [key: string]: string; } | undefined'.
index.ts(14,19): error TS2339: Property 'hash' does not exist on type '{ [key: string]: string; } | undefined'.
index.ts(27,8): error TS7006: Parameter 'attribute' implicitly has an 'any' type.
index.ts(28,53): error TS7006: Parameter 'string' implicitly has an 'any' type.
index.ts(79,21): error TS2345: Argument of type 'String' is not assignable to parameter of type 'string'.
  'string' is a primitive, but 'String' is a wrapper object. Prefer using 'string' when possible.
index.ts(83,28): error TS2345: Argument of type 'String' is not assignable to parameter of type 'string'.
  'string' is a primitive, but 'String' is a wrapper object. Prefer using 'string' when possible.
index.ts(87,8): error TS2322: Type 'boolean' is not assignable to type 'Number'.
index.ts(88,8): error TS2322: Type 'boolean' is not assignable to type 'Number'.
index.ts(88,70): error TS2345: Argument of type 'String' is not assignable to parameter of type 'string'.
  'string' is a primitive, but 'String' is a wrapper object. Prefer using 'string' when possible.
index.ts(92,69): error TS2339: Property 'defaultProtocol' does not exist on type 'Object'.
index.ts(95,8): error TS2740: Type 'URL' is missing the following properties from type 'String': charAt, charCodeAt, concat, indexOf, and 42 more.
index.ts(95,36): error TS2345: Argument of type 'String' is not assignable to parameter of type 'string | URL'.
  Type 'String' is missing the following properties from type 'URL': hash, host, hostname, href, and 8 more.
index.ts(97,14): error TS2339: Property 'forceHttp' does not exist on type 'Object'.
index.ts(97,35): error TS2339: Property 'forceHttps' does not exist on type 'Object'.
index.ts(101,14): error TS2339: Property 'forceHttp' does not exist on type 'Object'.
index.ts(101,37): error TS2339: Property 'protocol' does not exist on type 'String'.
index.ts(102,13): error TS2339: Property 'protocol' does not exist on type 'String'.
index.ts(105,14): error TS2339: Property 'forceHttps' does not exist on type 'Object'.
index.ts(105,38): error TS2339: Property 'protocol' does not exist on type 'String'.
index.ts(106,13): error TS2339: Property 'protocol' does not exist on type 'String'.
index.ts(110,14): error TS2339: Property 'stripAuthentication' does not exist on type 'Object'.
index.ts(111,13): error TS2339: Property 'username' does not exist on type 'String'.
index.ts(112,13): error TS2339: Property 'password' does not exist on type 'String'.
index.ts(116,14): error TS2339: Property 'stripHash' does not exist on type 'Object'.
index.ts(117,13): error TS2339: Property 'hash' does not exist on type 'String'.
index.ts(118,21): error TS2339: Property 'stripTextFragment' does not exist on type 'Object'.
index.ts(119,13): error TS2339: Property 'hash' does not exist on type 'String'.
index.ts(119,30): error TS2339: Property 'hash' does not exist on type 'String'.
index.ts(126,16): error TS2339: Property 'pathname' does not exist on type 'String'.
index.ts(137,10): error TS2322: Type 'RegExpExecArray | null' is not assignable to type 'Object'.
  Type 'null' is not assignable to type 'Object'.
index.ts(137,55): error TS2339: Property 'pathname' does not exist on type 'String'.
index.ts(142,29): error TS7053: Element implicitly has an 'any' type because expression of type '0' can't be used to index type 'Object'.
  Property '0' does not exist on type 'Object'.
index.ts(143,42): error TS2339: Property 'index' does not exist on type 'Object'.
index.ts(144,43): error TS2339: Property 'pathname' does not exist on type 'String'.
index.ts(147,4): error TS2365: Operator '+=' cannot be applied to types 'String' and 'String'.
index.ts(148,16): error TS2365: Operator '+' cannot be applied to types 'Number' and 'number'.
index.ts(151,37): error TS2339: Property 'pathname' does not exist on type 'String'.
index.ts(151,73): error TS2339: Property 'pathname' does not exist on type 'String'.
index.ts(154,13): error TS2339: Property 'pathname' does not exist on type 'String'.
index.ts(158,16): error TS2339: Property 'pathname' does not exist on type 'String'.
index.ts(160,14): error TS2339: Property 'pathname' does not exist on type 'String'.
index.ts(160,45): error TS2339: Property 'pathname' does not exist on type 'String'.
index.ts(165,14): error TS2339: Property 'removeDirectoryIndex' does not exist on type 'Object'.
index.ts(166,11): error TS2339: Property 'removeDirectoryIndex' does not exist on type 'Object'.
index.ts(169,28): error TS2339: Property 'removeDirectoryIndex' does not exist on type 'Object'.
index.ts(169,61): error TS2339: Property 'removeDirectoryIndex' does not exist on type 'Object'.
index.ts(170,23): error TS2314: Generic type 'Array<T>' requires 1 type argument(s).
index.ts(170,41): error TS2339: Property 'pathname' does not exist on type 'String'.
index.ts(171,24): error TS2314: Generic type 'Array<T>' requires 1 type argument(s).
index.ts(173,44): error TS2339: Property 'removeDirectoryIndex' does not exist on type 'Object'.
index.ts(175,14): error TS2339: Property 'pathname' does not exist on type 'String'.
index.ts(179,16): error TS2339: Property 'hostname' does not exist on type 'String'.
index.ts(181,13): error TS2339: Property 'hostname' does not exist on type 'String'.
index.ts(181,34): error TS2339: Property 'hostname' does not exist on type 'String'.
index.ts(184,15): error TS2339: Property 'stripWWW' does not exist on type 'Object'.
index.ts(184,94): error TS2339: Property 'hostname' does not exist on type 'String'.
index.ts(189,14): error TS2339: Property 'hostname' does not exist on type 'String'.
index.ts(189,35): error TS2339: Property 'hostname' does not exist on type 'String'.
index.ts(194,28): error TS2339: Property 'removeQueryParameters' does not exist on type 'Object'.
index.ts(196,35): error TS2339: Property 'searchParams' does not exist on type 'String'.
index.ts(197,35): error TS2339: Property 'removeQueryParameters' does not exist on type 'Object'.
index.ts(198,15): error TS2339: Property 'searchParams' does not exist on type 'String'.
index.ts(203,29): error TS2339: Property 'keepQueryParameters' does not exist on type 'Object'.
index.ts(203,61): error TS2339: Property 'removeQueryParameters' does not exist on type 'Object'.
index.ts(204,3): error TS2322: Type 'string' is not assignable to type '{ (regexp: string | RegExp): number; (searcher: { [Symbol.search](string: string): number; }): number; }'.
index.ts(208,28): error TS2339: Property 'keepQueryParameters' does not exist on type 'Object'.
index.ts(208,60): error TS2339: Property 'keepQueryParameters' does not exist on type 'Object'.
index.ts(210,35): error TS2339: Property 'searchParams' does not exist on type 'String'.
index.ts(211,36): error TS2339: Property 'keepQueryParameters' does not exist on type 'Object'.
index.ts(212,15): error TS2339: Property 'searchParams' does not exist on type 'String'.
index.ts(218,14): error TS2339: Property 'sortQueryParameters' does not exist on type 'Object'.
index.ts(219,13): error TS2339: Property 'searchParams' does not exist on type 'String'.
index.ts(223,4): error TS2322: Type 'string' is not assignable to type '{ (regexp: string | RegExp): number; (searcher: { [Symbol.search](string: string): number; }): number; }'.
index.ts(223,42): error TS2345: Argument of type '{ (regexp: string | RegExp): number; (searcher: { [Symbol.search](string: string): number; }): number; }' is not assignable to parameter of type 'string'.
index.ts(227,14): error TS2339: Property 'removeTrailingSlash' does not exist on type 'Object'.
index.ts(228,13): error TS2339: Property 'pathname' does not exist on type 'String'.
index.ts(228,34): error TS2339: Property 'pathname' does not exist on type 'String'.
index.ts(236,15): error TS2339: Property 'removeSingleSlash' does not exist on type 'Object'.
index.ts(236,46): error TS2339: Property 'pathname' does not exist on type 'String'.
index.ts(236,107): error TS2339: Property 'hash' does not exist on type 'String'.
index.ts(241,15): error TS2339: Property 'removeTrailingSlash' does not exist on type 'Object'.
index.ts(241,48): error TS2339: Property 'pathname' does not exist on type 'String'.
index.ts(241,79): error TS2339: Property 'hash' does not exist on type 'String'.
index.ts(241,102): error TS2339: Property 'removeSingleSlash' does not exist on type 'Object'.
index.ts(246,38): error TS2339: Property 'normalizeProtocol' does not exist on type 'Object'.
index.ts(251,14): error TS2339: Property 'stripProtocol' does not exist on type 'Object'.
../../../../node_modules/@types/get-intrinsic/internal/intrinsics.d.ts(11,25): error TS2304: Cannot find name 'AggregateErrorConstructor'.
../../../../node_modules/@types/get-intrinsic/internal/intrinsics.d.ts(126,42): error TS2304: Cannot find name 'AggregateError'.
../../../../node_modules/@types/get-intrinsic/internal/intrinsics.d.ts(127,47): error TS2304: Cannot find name 'AggregateError'.
../../../../node_modules/@types/get-intrinsic/internal/intrinsics.d.ts(128,50): error TS2304: Cannot find name 'AggregateError'.
../../../../node_modules/@types/get-intrinsic/internal/intrinsics.d.ts(418,37): error TS2550: Property 'any' does not exist on type 'PromiseConstructor'. Do you need to change your target library? Try changing the 'lib' compiler option to 'es2021' or later.
../../../../node_modules/@types/get-intrinsic/internal/intrinsics.d.ts(514,62): error TS2550: Property 'replaceAll' does not exist on type 'String'. Do you need to change your target library? Try changing the 'lib' compiler option to 'es2021' or later.

