example/all.ts(6,12): error TS2314: Generic type 'Array<T>' requires 1 type argument(s).
example/all.ts(22,5): error TS2339: Property 'self' does not exist on type 'Object'.
example/all.ts(23,13): error TS2554: Expected 4 arguments, but got 1.
example/circular.ts(5,5): error TS2339: Property 'c' does not exist on type 'Object'.
example/circular.ts(6,13): error TS2554: Expected 4 arguments, but got 1.
example/fn.ts(4,10): error TS2314: Generic type 'Array<T>' requires 1 type argument(s).
example/fn.ts(4,64): error TS2365: Operator '+' cannot be applied to types 'Number' and 'number'.
example/fn.ts(5,13): error TS2554: Expected 4 arguments, but got 1.
example/inspect.ts(6,5): error TS2740: Type 'HTMLDivElement' is missing the following properties from type 'HTMLInputElement': accept, alt, autocomplete, capture, and 51 more.
example/inspect.ts(10,13): error TS2554: Expected 4 arguments, but got 1.
index.ts(1,5): error TS2739: Type 'Map<any, any>' is missing the following properties from type 'Number': toFixed, toExponential, toPrecision
index.ts(3,81): error TS2339: Property 'get' does not exist on type 'Object'.
index.ts(3,120): error TS2339: Property 'get' does not exist on type 'Object'.
index.ts(5,5): error TS2739: Type 'Set<any>' is missing the following properties from type 'Number': toFixed, toExponential, toPrecision
index.ts(7,81): error TS2339: Property 'get' does not exist on type 'Object'.
index.ts(7,120): error TS2339: Property 'get' does not exist on type 'Object'.
index.ts(9,5): error TS2739: Type 'WeakMap<object, any>' is missing the following properties from type 'Number': toFixed, toExponential, toPrecision
index.ts(11,5): error TS2739: Type 'WeakSet<object>' is missing the following properties from type 'Number': toFixed, toExponential, toPrecision
index.ts(13,5): error TS2322: Type 'WeakRef<any>' is not assignable to type 'Boolean'.
  The types returned by 'valueOf()' are incompatible between these types.
    Type 'Object' is not assignable to type 'boolean'.
index.ts(15,5): error TS2322: Type '() => boolean' is not assignable to type 'Number'.
index.ts(22,19): error TS2314: Generic type 'Array<T>' requires 1 type argument(s).
index.ts(23,5): error TS2322: Type '(string: string) => boolean' is not assignable to type 'String'.
index.ts(24,5): error TS2322: Type '{ (...items: ConcatArray<any>[]): any[]; (...items: any[]): any[]; }' is not assignable to type 'EventTarget'.
index.ts(30,27): error TS2322: Type '() => string' is not assignable to type 'String'.
index.ts(33,5): error TS2322: Type 'typeof Symbol.toStringTag' is not assignable to type 'String'.
index.ts(33,82): error TS2367: This condition will always return 'false' since the types 'string' and 'Boolean' have no overlap.
index.ts(39,8): error TS2339: Property '__proto__' does not exist on type 'undefined[]'.
index.ts(41,22): error TS2339: Property '__proto__' does not exist on type 'Function'.
index.ts(46,48): error TS2314: Generic type 'Array<T>' requires 1 type argument(s).
index.ts(46,56): error TS2314: Generic type 'Array<T>' requires 1 type argument(s).
index.ts(52,18): error TS2339: Property 'call' does not exist on type 'String'.
index.ts(60,25): error TS2314: Generic type 'Array<T>' requires 1 type argument(s).
index.ts(70,40): error TS2345: Argument of type 'Function' is not assignable to parameter of type 'String'.
  Type 'Function' is missing the following properties from type 'String': charAt, charCodeAt, concat, indexOf, and 43 more.
index.ts(72,85): error TS2314: Generic type 'Array<T>' requires 1 type argument(s).
index.ts(73,9): error TS2696: The 'Object' type is assignable to very few other types. Did you mean to use the 'any' type instead?
  Type 'Object' is missing the following properties from type 'HTMLElement': accessKey, accessKeyLabel, autocapitalize, dir, and 277 more.
index.ts(75,13): error TS2345: Argument of type 'HTMLElement' is not assignable to parameter of type 'String'.
  Type 'HTMLElement' is missing the following properties from type 'String': charAt, charCodeAt, concat, indexOf, and 43 more.
index.ts(75,42): error TS2339: Property 'quoteStyle' does not exist on type 'HTMLElement'.
index.ts(75,74): error TS2339: Property 'quoteStyle' does not exist on type 'HTMLElement'.
index.ts(79,13): error TS2345: Argument of type 'HTMLElement' is not assignable to parameter of type 'String'.
index.ts(79,54): error TS2339: Property 'maxStringLength' does not exist on type 'HTMLElement'.
index.ts(80,20): error TS2339: Property 'maxStringLength' does not exist on type 'HTMLElement'.
index.ts(80,48): error TS2339: Property 'maxStringLength' does not exist on type 'HTMLElement'.
index.ts(81,20): error TS2339: Property 'maxStringLength' does not exist on type 'HTMLElement'.
index.ts(86,38): error TS2345: Argument of type 'HTMLElement' is not assignable to parameter of type 'String'.
index.ts(86,68): error TS2339: Property 'customInspect' does not exist on type 'HTMLElement'.
index.ts(87,47): error TS2367: This condition will always return 'true' since the types 'Boolean' and 'string' have no overlap.
index.ts(92,13): error TS2345: Argument of type 'HTMLElement' is not assignable to parameter of type 'String'.
index.ts(93,17): error TS2339: Property 'indent' does not exist on type 'HTMLElement'.
index.ts(94,17): error TS2339: Property 'indent' does not exist on type 'HTMLElement'.
index.ts(95,28): error TS2339: Property 'indent' does not exist on type 'HTMLElement'.
index.ts(95,49): error TS2339: Property 'indent' does not exist on type 'HTMLElement'.
index.ts(95,64): error TS2339: Property 'indent' does not exist on type 'HTMLElement'.
index.ts(99,13): error TS2345: Argument of type 'HTMLElement' is not assignable to parameter of type 'String'.
index.ts(99,54): error TS2339: Property 'numericSeparator' does not exist on type 'HTMLElement'.
index.ts(102,41): error TS2339: Property 'numericSeparator' does not exist on type 'HTMLElement'.
index.ts(126,55): error TS2345: Argument of type 'bigint' is not assignable to parameter of type 'Number'.
index.ts(129,40): error TS2339: Property 'depth' does not exist on type 'HTMLElement'.
index.ts(129,73): error TS2339: Property 'depth' does not exist on type 'HTMLElement'.
index.ts(132,24): error TS2345: Argument of type 'Object' is not assignable to parameter of type 'String'.
  The 'Object' type is assignable to very few other types. Did you mean to use the 'any' type instead?
    Type 'Object' is missing the following properties from type 'String': charAt, charCodeAt, concat, indexOf, and 44 more.
index.ts(135,9): error TS2322: Type 'Object' is not assignable to type 'String'.
  The 'Object' type is assignable to very few other types. Did you mean to use the 'any' type instead?
index.ts(139,30): error TS2345: Argument of type 'Object' is not assignable to parameter of type 'String'.
  The 'Object' type is assignable to very few other types. Did you mean to use the 'any' type instead?
index.ts(150,29): error TS2339: Property 'depth' does not exist on type 'HTMLElement'.
index.ts(152,21): error TS2345: Argument of type 'HTMLElement' is not assignable to parameter of type 'String'.
index.ts(153,25): error TS2339: Property 'quoteStyle' does not exist on type 'Object'.
index.ts(153,43): error TS2339: Property 'quoteStyle' does not exist on type 'HTMLElement'.
index.ts(155,45): error TS2365: Operator '+' cannot be applied to types 'Number' and 'number'.
index.ts(157,38): error TS2365: Operator '+' cannot be applied to types 'Number' and 'number'.
index.ts(160,48): error TS2345: Argument of type 'Function' is not assignable to parameter of type 'String'.
index.ts(161,35): error TS2345: Argument of type 'Function' is not assignable to parameter of type 'HTMLElement'.
  Type 'Function' is missing the following properties from type 'HTMLElement': accessKey, accessKeyLabel, autocapitalize, dir, and 277 more.
index.ts(162,19): error TS2314: Generic type 'Array<T>' requires 1 type argument(s).
index.ts(165,18): error TS2345: Argument of type 'Object' is not assignable to parameter of type 'String'.
  The 'Object' type is assignable to very few other types. Did you mean to use the 'any' type instead?
index.ts(166,126): error TS2339: Property 'call' does not exist on type 'String'.
index.ts(170,60): error TS2339: Property 'nodeName' does not exist on type 'Object'.
index.ts(171,20): error TS2314: Generic type 'Array<T>' requires 1 type argument(s).
index.ts(171,32): error TS2339: Property 'attributes' does not exist on type 'Object'.
index.ts(173,80): error TS2345: Argument of type 'string' is not assignable to parameter of type 'Number'.
index.ts(176,17): error TS2339: Property 'childNodes' does not exist on type 'Object'.
index.ts(176,35): error TS2339: Property 'childNodes' does not exist on type 'Object'.
index.ts(177,50): error TS2339: Property 'nodeName' does not exist on type 'Object'.
index.ts(180,17): error TS2345: Argument of type 'Object' is not assignable to parameter of type 'String'.
  The 'Object' type is assignable to very few other types. Did you mean to use the 'any' type instead?
index.ts(181,17): error TS2339: Property 'length' does not exist on type 'Object'.
index.ts(188,17): error TS2345: Argument of type 'Object' is not assignable to parameter of type 'String'.
  The 'Object' type is assignable to very few other types. Did you mean to use the 'any' type instead?
index.ts(189,20): error TS2314: Generic type 'Array<T>' requires 1 type argument(s).
index.ts(191,68): error TS2339: Property 'call' does not exist on type 'EventTarget'.
index.ts(191,87): error TS2554: Expected 3 arguments, but got 1.
index.ts(191,99): error TS2339: Property 'cause' does not exist on type 'Object'.
index.ts(197,41): error TS2538: Type 'Function' cannot be used as an index type.
index.ts(198,46): error TS2362: The left-hand side of an arithmetic operation must be of type 'any', 'number', 'bigint' or an enum type.
index.ts(198,57): error TS2363: The right-hand side of an arithmetic operation must be of type 'any', 'number', 'bigint' or an enum type.
index.ts(199,20): error TS2367: This condition will always return 'true' since the types 'boolean' and 'string' have no overlap.
index.ts(199,61): error TS2339: Property 'inspect' does not exist on type 'Object'.
index.ts(200,24): error TS2339: Property 'inspect' does not exist on type 'Object'.
index.ts(203,15): error TS2345: Argument of type 'Object' is not assignable to parameter of type 'String'.
  The 'Object' type is assignable to very few other types. Did you mean to use the 'any' type instead?
index.ts(204,23): error TS2314: Generic type 'Array<T>' requires 1 type argument(s).
index.ts(206,40): error TS2345: Argument of type 'Object' is not assignable to parameter of type 'String'.
  The 'Object' type is assignable to very few other types. Did you mean to use the 'any' type instead?
index.ts(206,62): error TS2554: Expected 3 arguments, but got 2.
index.ts(208,65): error TS2345: Argument of type 'String' is not assignable to parameter of type 'Number'.
  Type 'String' is missing the following properties from type 'Number': toFixed, toExponential, toPrecision
index.ts(210,15): error TS2345: Argument of type 'Object' is not assignable to parameter of type 'String'.
  The 'Object' type is assignable to very few other types. Did you mean to use the 'any' type instead?
index.ts(211,23): error TS2314: Generic type 'Array<T>' requires 1 type argument(s).
index.ts(213,27): error TS2554: Expected 3 arguments, but got 2.
index.ts(215,65): error TS2345: Argument of type 'String' is not assignable to parameter of type 'Number'.
index.ts(217,19): error TS2345: Argument of type 'Object' is not assignable to parameter of type 'String'.
  The 'Object' type is assignable to very few other types. Did you mean to use the 'any' type instead?
index.ts(220,19): error TS2345: Argument of type 'Object' is not assignable to parameter of type 'String'.
  The 'Object' type is assignable to very few other types. Did you mean to use the 'any' type instead?
index.ts(223,19): error TS2345: Argument of type 'Object' is not assignable to parameter of type 'String'.
  The 'Object' type is assignable to very few other types. Did you mean to use the 'any' type instead?
index.ts(226,18): error TS2345: Argument of type 'Object' is not assignable to parameter of type 'String'.
  The 'Object' type is assignable to very few other types. Did you mean to use the 'any' type instead?
index.ts(227,26): error TS2554: Expected 3 arguments, but got 1.
index.ts(229,18): error TS2345: Argument of type 'Object' is not assignable to parameter of type 'String'.
  The 'Object' type is assignable to very few other types. Did you mean to use the 'any' type instead?
index.ts(230,26): error TS2554: Expected 3 arguments, but got 1.
index.ts(232,19): error TS2345: Argument of type 'Object' is not assignable to parameter of type 'String'.
  The 'Object' type is assignable to very few other types. Did you mean to use the 'any' type instead?
index.ts(233,41): error TS2339: Property 'call' does not exist on type 'Number'.
index.ts(235,18): error TS2345: Argument of type 'Object' is not assignable to parameter of type 'String'.
  The 'Object' type is assignable to very few other types. Did you mean to use the 'any' type instead?
index.ts(236,26): error TS2554: Expected 3 arguments, but got 1.
index.ts(238,17): error TS2345: Argument of type 'Object' is not assignable to parameter of type 'String'.
  The 'Object' type is assignable to very few other types. Did you mean to use the 'any' type instead?
index.ts(238,35): error TS2345: Argument of type 'Object' is not assignable to parameter of type 'String'.
  The 'Object' type is assignable to very few other types. Did you mean to use the 'any' type instead?
index.ts(239,17): error TS2314: Generic type 'Array<T>' requires 1 type argument(s).
index.ts(240,105): error TS2339: Property 'constructor' does not exist on type 'never'.
index.ts(242,89): error TS2360: The left-hand side of an 'in' expression must be a private identifier or of type 'any', 'string', 'number', or 'symbol'.
index.ts(242,128): error TS2345: Argument of type 'Object' is not assignable to parameter of type 'String'.
  The 'Object' type is assignable to very few other types. Did you mean to use the 'any' type instead?
index.ts(244,94): error TS2339: Property 'call' does not exist on type 'EventTarget'.
index.ts(255,35): error TS2339: Property 'quoteStyle' does not exist on type 'Object'.
index.ts(256,12): error TS2365: Operator '+' cannot be applied to types 'String' and 'String'.
index.ts(263,130): error TS2360: The left-hand side of an 'in' expression must be a private identifier or of type 'any', 'string', 'number', or 'symbol'.
index.ts(264,128): error TS2360: The left-hand side of an 'in' expression must be a private identifier or of type 'any', 'string', 'number', or 'symbol'.
index.ts(265,132): error TS2360: The left-hand side of an 'in' expression must be a private identifier or of type 'any', 'string', 'number', or 'symbol'.
index.ts(266,130): error TS2360: The left-hand side of an 'in' expression must be a private identifier or of type 'any', 'string', 'number', or 'symbol'.
index.ts(267,132): error TS2360: The left-hand side of an 'in' expression must be a private identifier or of type 'any', 'string', 'number', or 'symbol'.
index.ts(268,132): error TS2360: The left-hand side of an 'in' expression must be a private identifier or of type 'any', 'string', 'number', or 'symbol'.
index.ts(269,134): error TS2360: The left-hand side of an 'in' expression must be a private identifier or of type 'any', 'string', 'number', or 'symbol'.
index.ts(283,21): error TS2339: Property 'call' does not exist on type 'String'.
index.ts(300,91): error TS2360: The left-hand side of an 'in' expression must be a private identifier or of type 'any', 'string', 'number', or 'symbol'.
index.ts(310,11): error TS2339: Property 'name' does not exist on type 'HTMLElement'.
index.ts(310,28): error TS2339: Property 'name' does not exist on type 'HTMLElement'.
index.ts(317,41): error TS2345: Argument of type 'String' is not assignable to parameter of type 'string'.
  'string' is a primitive, but 'String' is a wrapper object. Prefer using 'string' when possible.
index.ts(404,21): error TS2339: Property 'nodeName' does not exist on type 'Object'.
index.ts(404,55): error TS2339: Property 'getAttribute' does not exist on type 'Object'.
index.ts(408,27): error TS2339: Property 'maxStringLength' does not exist on type 'Object'.
index.ts(409,51): error TS2339: Property 'maxStringLength' does not exist on type 'Object'.
index.ts(411,16): error TS2365: Operator '+' cannot be applied to types 'String' and 'String'.
index.ts(411,55): error TS2339: Property 'maxStringLength' does not exist on type 'Object'.
index.ts(415,26): error TS2345: Argument of type 'string' is not assignable to parameter of type 'Number'.
index.ts(426,7): error TS2538: Type 'Number' cannot be used as an index type.
index.ts(444,31): error TS2314: Generic type 'Array<T>' requires 1 type argument(s).
index.ts(455,14): error TS2339: Property 'indent' does not exist on type 'HTMLElement'.
index.ts(457,28): error TS2339: Property 'indent' does not exist on type 'HTMLElement'.
index.ts(457,56): error TS2339: Property 'indent' does not exist on type 'HTMLElement'.
index.ts(458,44): error TS2339: Property 'indent' does not exist on type 'HTMLElement'.
index.ts(464,32): error TS2365: Operator '+' cannot be applied to types 'Number' and 'number'.
index.ts(468,27): error TS2314: Generic type 'Array<T>' requires 1 type argument(s).
index.ts(470,44): error TS2339: Property 'prev' does not exist on type 'Object'.
index.ts(470,58): error TS2339: Property 'base' does not exist on type 'Object'.
index.ts(471,74): error TS2339: Property 'prev' does not exist on type 'Object'.
index.ts(474,26): error TS2314: Generic type 'Array<T>' requires 1 type argument(s).
index.ts(474,53): error TS2314: Generic type 'Array<T>' requires 1 type argument(s).
index.ts(476,13): error TS2314: Generic type 'Array<T>' requires 1 type argument(s).
index.ts(480,30): error TS2345: Argument of type 'number' is not assignable to parameter of type 'String'.
index.ts(483,15): error TS2314: Generic type 'Array<T>' requires 1 type argument(s).
index.ts(498,26): error TS2339: Property 'call' does not exist on type 'String'.

