index.ts(27,36): error TS2304: Cannot find name 'Void'.
index.ts(43,14): error TS2454: Variable 'code' is used before being assigned.
index.ts(59,36): error TS2345: Argument of type 'Number' is not assignable to parameter of type 'number'.
  'number' is a primitive, but 'Number' is a wrapper object. Prefer using 'number' when possible.
index.ts(83,35): error TS2365: Operator '+' cannot be applied to types 'Number' and 'number'.
index.ts(85,28): error TS2365: Operator '+' cannot be applied to types 'Number' and 'number'.
index.ts(86,33): error TS2363: The right-hand side of an arithmetic operation must be of type 'any', 'number', 'bigint' or an enum type.
index.ts(91,9): error TS2356: An arithmetic operand must be of type 'any', 'number', 'bigint' or an enum type.
index.ts(100,32): error TS2339: Property 'dir' does not exist on type 'Function'.
index.ts(100,50): error TS2339: Property 'root' does not exist on type 'Function'.
index.ts(101,33): error TS2339: Property 'base' does not exist on type 'Function'.
index.ts(101,79): error TS2339: Property 'ext' does not exist on type 'Function'.
index.ts(105,26): error TS2339: Property 'root' does not exist on type 'Function'.
index.ts(106,12): error TS2365: Operator '+' cannot be applied to types 'Number' and 'String'.
index.ts(108,10): error TS2365: Operator '+' cannot be applied to types 'Number' and 'String'.
index.ts(123,13): error TS2454: Variable 'cwd' is used before being assigned.
index.ts(188,13): error TS2454: Variable 'joined' is used before being assigned.
index.ts(194,9): error TS2454: Variable 'joined' is used before being assigned.
index.ts(196,18): error TS2339: Property 'normalize' does not exist on type 'Object'.
index.ts(205,18): error TS2339: Property 'resolve' does not exist on type 'Object'.
index.ts(206,16): error TS2339: Property 'resolve' does not exist on type 'Object'.
index.ts(212,39): error TS2356: An arithmetic operand must be of type 'any', 'number', 'bigint' or an enum type.
index.ts(213,27): error TS2345: Argument of type 'Number' is not assignable to parameter of type 'number'.
  'number' is a primitive, but 'Number' is a wrapper object. Prefer using 'number' when possible.
index.ts(217,27): error TS2362: The left-hand side of an arithmetic operation must be of type 'any', 'number', 'bigint' or an enum type.
index.ts(217,37): error TS2363: The right-hand side of an arithmetic operation must be of type 'any', 'number', 'bigint' or an enum type.
index.ts(221,35): error TS2356: An arithmetic operand must be of type 'any', 'number', 'bigint' or an enum type.
index.ts(222,25): error TS2345: Argument of type 'Number' is not assignable to parameter of type 'number'.
  'number' is a primitive, but 'Number' is a wrapper object. Prefer using 'number' when possible.
index.ts(226,25): error TS2362: The left-hand side of an arithmetic operation must be of type 'any', 'number', 'bigint' or an enum type.
index.ts(226,33): error TS2363: The right-hand side of an arithmetic operation must be of type 'any', 'number', 'bigint' or an enum type.
index.ts(232,27): error TS2356: An arithmetic operand must be of type 'any', 'number', 'bigint' or an enum type.
index.ts(235,29): error TS2365: Operator '+' cannot be applied to types 'Number' and 'Number'.
index.ts(238,29): error TS2365: Operator '+' cannot be applied to types 'Number' and 'Number'.
index.ts(242,29): error TS2365: Operator '+' cannot be applied to types 'Number' and 'Number'.
index.ts(245,31): error TS2365: Operator '+' cannot be applied to types 'Number' and 'Number'.
index.ts(257,46): error TS2365: Operator '+' cannot be applied to types 'Number' and 'Number'.
index.ts(258,42): error TS2365: Operator '+' cannot be applied to types 'Number' and 'Number'.
index.ts(268,14): error TS2365: Operator '+' cannot be applied to types 'Number' and 'Number'.
index.ts(268,61): error TS2356: An arithmetic operand must be of type 'any', 'number', 'bigint' or an enum type.
index.ts(269,44): error TS2345: Argument of type 'Number' is not assignable to parameter of type 'number'.
  'number' is a primitive, but 'Number' is a wrapper object. Prefer using 'number' when possible.
index.ts(280,29): error TS2365: Operator '+' cannot be applied to types 'Number' and 'Number'.
index.ts(282,7): error TS2365: Operator '+=' cannot be applied to types 'Number' and 'Number'.
index.ts(283,25): error TS2345: Argument of type 'Number' is not assignable to parameter of type 'number'.
  'number' is a primitive, but 'Number' is a wrapper object. Prefer using 'number' when possible.
index.ts(284,11): error TS2356: An arithmetic operand must be of type 'any', 'number', 'bigint' or an enum type.
index.ts(285,23): error TS2345: Argument of type 'Number' is not assignable to parameter of type 'number'.
  'number' is a primitive, but 'Number' is a wrapper object. Prefer using 'number' when possible.
index.ts(297,9): error TS2322: Type 'boolean' is not assignable to type 'Number'.
index.ts(315,26): error TS2345: Argument of type 'Number' is not assignable to parameter of type 'number'.
  'number' is a primitive, but 'Number' is a wrapper object. Prefer using 'number' when possible.
index.ts(331,43): error TS2356: An arithmetic operand must be of type 'any', 'number', 'bigint' or an enum type.
index.ts(332,44): error TS2345: Argument of type 'Number' is not assignable to parameter of type 'number'.
  'number' is a primitive, but 'Number' is a wrapper object. Prefer using 'number' when possible.
index.ts(337,23): error TS2365: Operator '+' cannot be applied to types 'Number' and 'number'.
index.ts(345,32): error TS2365: Operator '+' cannot be applied to types 'Number' and 'number'.
index.ts(349,41): error TS2345: Argument of type 'Number' is not assignable to parameter of type 'number'.
  'number' is a primitive, but 'Number' is a wrapper object. Prefer using 'number' when possible.
index.ts(350,21): error TS2356: An arithmetic operand must be of type 'any', 'number', 'bigint' or an enum type.
index.ts(366,25): error TS2345: Argument of type 'Number' is not assignable to parameter of type 'number'.
  'number' is a primitive, but 'Number' is a wrapper object. Prefer using 'number' when possible.
index.ts(368,43): error TS2356: An arithmetic operand must be of type 'any', 'number', 'bigint' or an enum type.
index.ts(369,29): error TS2345: Argument of type 'Number' is not assignable to parameter of type 'number'.
  'number' is a primitive, but 'Number' is a wrapper object. Prefer using 'number' when possible.
index.ts(373,23): error TS2365: Operator '+' cannot be applied to types 'Number' and 'number'.
index.ts(380,17): error TS2365: Operator '+' cannot be applied to types 'Number' and 'number'.
index.ts(385,25): error TS2345: Argument of type 'Number' is not assignable to parameter of type 'number'.
  'number' is a primitive, but 'Number' is a wrapper object. Prefer using 'number' when possible.
index.ts(432,43): error TS2362: The left-hand side of an arithmetic operation must be of type 'any', 'number', 'bigint' or an enum type.
index.ts(432,67): error TS2365: Operator '+' cannot be applied to types 'Number' and 'number'.
index.ts(435,23): error TS2345: Argument of type 'Number' is not assignable to parameter of type 'number'.
  'number' is a primitive, but 'Number' is a wrapper object. Prefer using 'number' when possible.
index.ts(442,25): error TS2345: Argument of type 'String' is not assignable to parameter of type 'Function'.
  Type 'String' is missing the following properties from type 'Function': apply, call, bind, prototype, and 5 more.
index.ts(454,11): error TS2339: Property 'root' does not exist on type 'Object'.
index.ts(470,26): error TS2356: An arithmetic operand must be of type 'any', 'number', 'bigint' or an enum type.
index.ts(471,30): error TS2345: Argument of type 'Number' is not assignable to parameter of type 'number'.
  'number' is a primitive, but 'Number' is a wrapper object. Prefer using 'number' when possible.
index.ts(476,25): error TS2365: Operator '+' cannot be applied to types 'Number' and 'number'.
index.ts(485,15): error TS2365: Operator '+' cannot be applied to types 'Number' and 'number'.
index.ts(501,39): error TS2362: The left-hand side of an arithmetic operation must be of type 'any', 'number', 'bigint' or an enum type.
index.ts(501,63): error TS2365: Operator '+' cannot be applied to types 'Number' and 'number'.
index.ts(503,48): error TS2339: Property 'base' does not exist on type 'Object'.
index.ts(503,59): error TS2339: Property 'name' does not exist on type 'Object'.
index.ts(503,80): error TS2345: Argument of type 'Number' is not assignable to parameter of type 'number'.
  'number' is a primitive, but 'Number' is a wrapper object. Prefer using 'number' when possible.
index.ts(503,94): error TS2339: Property 'base' does not exist on type 'Object'.
index.ts(503,105): error TS2339: Property 'name' does not exist on type 'Object'.
index.ts(503,123): error TS2345: Argument of type 'Number' is not assignable to parameter of type 'number'.
  'number' is a primitive, but 'Number' is a wrapper object. Prefer using 'number' when possible.
index.ts(507,13): error TS2339: Property 'name' does not exist on type 'Object'.
index.ts(507,34): error TS2345: Argument of type 'Number' is not assignable to parameter of type 'number'.
  'number' is a primitive, but 'Number' is a wrapper object. Prefer using 'number' when possible.
index.ts(508,13): error TS2339: Property 'base' does not exist on type 'Object'.
index.ts(508,34): error TS2345: Argument of type 'Number' is not assignable to parameter of type 'number'.
  'number' is a primitive, but 'Number' is a wrapper object. Prefer using 'number' when possible.
index.ts(510,13): error TS2339: Property 'name' does not exist on type 'Object'.
index.ts(510,31): error TS2345: Argument of type 'Number' is not assignable to parameter of type 'number'.
  'number' is a primitive, but 'Number' is a wrapper object. Prefer using 'number' when possible.
index.ts(511,13): error TS2339: Property 'base' does not exist on type 'Object'.
index.ts(511,31): error TS2345: Argument of type 'Number' is not assignable to parameter of type 'number'.
  'number' is a primitive, but 'Number' is a wrapper object. Prefer using 'number' when possible.
index.ts(513,11): error TS2339: Property 'ext' does not exist on type 'Object'.
index.ts(513,28): error TS2345: Argument of type 'Number' is not assignable to parameter of type 'number'.
  'number' is a primitive, but 'Number' is a wrapper object. Prefer using 'number' when possible.
index.ts(516,28): error TS2339: Property 'dir' does not exist on type 'Object'.
index.ts(516,48): error TS2362: The left-hand side of an arithmetic operation must be of type 'any', 'number', 'bigint' or an enum type.
index.ts(516,88): error TS2339: Property 'dir' does not exist on type 'Object'.
index.ts(527,7): error TS2339: Property 'posix' does not exist on type 'Object'.
../../../../node_modules/@types/get-intrinsic/internal/intrinsics.d.ts(11,25): error TS2304: Cannot find name 'AggregateErrorConstructor'.
../../../../node_modules/@types/get-intrinsic/internal/intrinsics.d.ts(126,42): error TS2304: Cannot find name 'AggregateError'.
../../../../node_modules/@types/get-intrinsic/internal/intrinsics.d.ts(127,47): error TS2304: Cannot find name 'AggregateError'.
../../../../node_modules/@types/get-intrinsic/internal/intrinsics.d.ts(128,50): error TS2304: Cannot find name 'AggregateError'.
../../../../node_modules/@types/get-intrinsic/internal/intrinsics.d.ts(418,37): error TS2550: Property 'any' does not exist on type 'PromiseConstructor'. Do you need to change your target library? Try changing the 'lib' compiler option to 'es2021' or later.
../../../../node_modules/@types/get-intrinsic/internal/intrinsics.d.ts(514,62): error TS2550: Property 'replaceAll' does not exist on type 'String'. Do you need to change your target library? Try changing the 'lib' compiler option to 'es2021' or later.

