lib/CodeNode.ts(12,8): error TS2339: Property 'generatedCode' does not exist on type 'CodeNode'.
lib/CodeNode.ts(16,28): error TS2339: Property 'generatedCode' does not exist on type 'CodeNode'.
lib/CodeNode.ts(20,15): error TS2339: Property 'generatedCode' does not exist on type 'CodeNode'.
lib/CodeNode.ts(24,25): error TS2349: This expression is not callable.
  Type 'String' has no call signatures.
lib/CodeNode.ts(24,47): error TS2339: Property 'generatedCode' does not exist on type 'CodeNode'.
lib/CodeNode.ts(27,46): error TS2349: This expression is not callable.
  Type 'String' has no call signatures.
lib/CodeNode.ts(27,69): error TS2339: Property 'generatedCode' does not exist on type 'CodeNode'.
lib/CodeNode.ts(35,47): error TS2349: This expression is not callable.
  Type 'String' has no call signatures.
lib/CodeNode.ts(35,70): error TS2339: Property 'generatedCode' does not exist on type 'CodeNode'.
lib/CodeNode.ts(45,8): error TS2339: Property 'generatedCode' does not exist on type 'CodeNode'.
lib/CodeNode.ts(49,41): error TS2339: Property 'generatedCode' does not exist on type 'CodeNode'.
lib/CodeNode.ts(59,9): error TS2339: Property 'generatedCode' does not exist on type 'CodeNode'.
lib/CodeNode.ts(59,36): error TS2339: Property 'generatedCode' does not exist on type 'CodeNode'.
lib/MappingsContext.ts(9,8): error TS2339: Property 'sourcesIndices' does not exist on type 'MappingsContext'.
lib/MappingsContext.ts(10,8): error TS2339: Property 'sourcesContent' does not exist on type 'MappingsContext'.
lib/MappingsContext.ts(11,8): error TS2339: Property 'hasSourceContent' does not exist on type 'MappingsContext'.
lib/MappingsContext.ts(12,8): error TS2339: Property 'currentOriginalLine' does not exist on type 'MappingsContext'.
lib/MappingsContext.ts(13,8): error TS2339: Property 'currentSource' does not exist on type 'MappingsContext'.
lib/MappingsContext.ts(14,8): error TS2339: Property 'unfinishedGeneratedLine' does not exist on type 'MappingsContext'.
lib/MappingsContext.ts(18,26): error TS2339: Property 'sourcesIndices' does not exist on type 'MappingsContext'.
lib/MappingsContext.ts(22,14): error TS2339: Property 'sourcesIndices' does not exist on type 'MappingsContext'.
lib/MappingsContext.ts(23,8): error TS2339: Property 'sourcesIndices' does not exist on type 'MappingsContext'.
lib/MappingsContext.ts(24,8): error TS2339: Property 'sourcesContent' does not exist on type 'MappingsContext'.
lib/MappingsContext.ts(26,9): error TS2339: Property 'hasSourceContent' does not exist on type 'MappingsContext'.
lib/MappingsContext.ts(34,26): error TS2339: Property 'sourcesContent' does not exist on type 'MappingsContext'.
lib/SingleLineNode.ts(7,8): error TS1192: Module '"/work/arjunguha-research-group/mhyee/not-type-inference/data/LambdaNet-out/top1k-typed-nodeps-es6/baseline/source-list-map/lib/base64-vlq"' has no default export.
lib/SingleLineNode.ts(16,8): error TS2339: Property 'generatedCode' does not exist on type 'SingleLineNode'.
lib/SingleLineNode.ts(17,8): error TS2339: Property 'originalSource' does not exist on type 'SingleLineNode'.
lib/SingleLineNode.ts(18,8): error TS2339: Property 'source' does not exist on type 'SingleLineNode'.
lib/SingleLineNode.ts(19,8): error TS2339: Property 'line' does not exist on type 'SingleLineNode'.
lib/SingleLineNode.ts(20,8): error TS2339: Property '_numberOfLines' does not exist on type 'SingleLineNode'.
lib/SingleLineNode.ts(20,25): error TS2349: This expression is not callable.
  Type 'String' has no call signatures.
lib/SingleLineNode.ts(20,47): error TS2339: Property 'generatedCode' does not exist on type 'SingleLineNode'.
lib/SingleLineNode.ts(21,8): error TS2339: Property '_endsWithNewLine' does not exist on type 'SingleLineNode'.
lib/SingleLineNode.ts(25,34): error TS2339: Property 'generatedCode' does not exist on type 'SingleLineNode'.
lib/SingleLineNode.ts(25,54): error TS2339: Property 'source' does not exist on type 'SingleLineNode'.
lib/SingleLineNode.ts(25,67): error TS2339: Property 'originalSource' does not exist on type 'SingleLineNode'.
lib/SingleLineNode.ts(25,88): error TS2339: Property 'line' does not exist on type 'SingleLineNode'.
lib/SingleLineNode.ts(29,15): error TS2339: Property 'generatedCode' does not exist on type 'SingleLineNode'.
lib/SingleLineNode.ts(33,12): error TS2339: Property 'generatedCode' does not exist on type 'SingleLineNode'.
lib/SingleLineNode.ts(35,30): error TS2339: Property '_numberOfLines' does not exist on type 'SingleLineNode'.
lib/SingleLineNode.ts(36,63): error TS2339: Property 'source' does not exist on type 'SingleLineNode'.
lib/SingleLineNode.ts(36,76): error TS2339: Property 'originalSource' does not exist on type 'SingleLineNode'.
lib/SingleLineNode.ts(41,37): error TS2339: Property 'line' does not exist on type 'SingleLineNode'.
lib/SingleLineNode.ts(44,46): error TS2339: Property 'line' does not exist on type 'SingleLineNode'.
lib/SingleLineNode.ts(45,85): error TS2349: This expression is not callable.
  Type 'String' has no call signatures.
lib/SingleLineNode.ts(45,108): error TS2339: Property 'generatedCode' does not exist on type 'SingleLineNode'.
lib/SingleLineNode.ts(50,7): error TS2367: This condition will always return 'true' since the types 'string' and 'number' have no overlap.
lib/SingleLineNode.ts(61,41): error TS2339: Property 'generatedCode' does not exist on type 'SingleLineNode'.
lib/SingleLineNode.ts(62,49): error TS2339: Property 'source' does not exist on type 'SingleLineNode'.
lib/SingleLineNode.ts(62,62): error TS2339: Property 'originalSource' does not exist on type 'SingleLineNode'.
lib/SingleLineNode.ts(62,83): error TS2339: Property 'line' does not exist on type 'SingleLineNode'.
lib/SingleLineNode.ts(73,11): error TS2339: Property 'source' does not exist on type 'SingleLineNode'.
lib/SingleLineNode.ts(74,9): error TS2339: Property 'originalSource' does not exist on type 'SingleLineNode'.
lib/SingleLineNode.ts(75,12): error TS2339: Property 'line' does not exist on type 'SingleLineNode'.
lib/SingleLineNode.ts(76,10): error TS2339: Property 'generatedCode' does not exist on type 'SingleLineNode'.
lib/SingleLineNode.ts(77,10): error TS2339: Property '_numberOfLines' does not exist on type 'SingleLineNode'.
lib/SingleLineNode.ts(78,10): error TS2339: Property '_endsWithNewLine' does not exist on type 'SingleLineNode'.
lib/SingleLineNode.ts(80,19): error TS2339: Property 'line' does not exist on type 'SingleLineNode'.
lib/SingleLineNode.ts(81,10): error TS2339: Property '_endsWithNewLine' does not exist on type 'SingleLineNode'.
lib/SingleLineNode.ts(82,10): error TS2339: Property '_numberOfLines' does not exist on type 'SingleLineNode'.
lib/SingleLineNode.ts(84,32): error TS2339: Property 'generatedCode' does not exist on type 'SingleLineNode'.
lib/SingleLineNode.ts(84,78): error TS2339: Property 'source' does not exist on type 'SingleLineNode'.
lib/SingleLineNode.ts(84,91): error TS2339: Property 'originalSource' does not exist on type 'SingleLineNode'.
lib/SingleLineNode.ts(84,112): error TS2339: Property 'line' does not exist on type 'SingleLineNode'.
lib/SourceListMap.ts(16,9): error TS2339: Property 'children' does not exist on type 'SourceListMap'.
lib/SourceListMap.ts(18,9): error TS2339: Property 'children' does not exist on type 'SourceListMap'.
lib/SourceListMap.ts(27,10): error TS2339: Property 'children' does not exist on type 'SourceListMap'.
lib/SourceListMap.ts(27,24): error TS2554: Expected 4 arguments, but got 3.
lib/SourceListMap.ts(28,19): error TS2339: Property 'children' does not exist on type 'SourceListMap'.
lib/SourceListMap.ts(28,47): error TS2339: Property 'children' does not exist on type 'SourceListMap'.
lib/SourceListMap.ts(28,61): error TS2339: Property 'children' does not exist on type 'SourceListMap'.
lib/SourceListMap.ts(29,10): error TS2339: Property 'children' does not exist on type 'SourceListMap'.
lib/SourceListMap.ts(29,24): error TS2339: Property 'children' does not exist on type 'SourceListMap'.
lib/SourceListMap.ts(31,10): error TS2339: Property 'children' does not exist on type 'SourceListMap'.
lib/SourceListMap.ts(34,9): error TS2339: Property 'children' does not exist on type 'SourceListMap'.
lib/SourceListMap.ts(47,10): error TS2339: Property 'children' does not exist on type 'SourceListMap'.
lib/SourceListMap.ts(47,27): error TS2554: Expected 4 arguments, but got 3.
lib/SourceListMap.ts(48,19): error TS2339: Property 'children' does not exist on type 'SourceListMap'.
lib/SourceListMap.ts(48,47): error TS2339: Property 'children' does not exist on type 'SourceListMap'.
lib/SourceListMap.ts(48,61): error TS2339: Property 'children' does not exist on type 'SourceListMap'.
lib/SourceListMap.ts(49,10): error TS2339: Property 'children' does not exist on type 'SourceListMap'.
lib/SourceListMap.ts(49,24): error TS2339: Property 'children' does not exist on type 'SourceListMap'.
lib/SourceListMap.ts(51,10): error TS2339: Property 'children' does not exist on type 'SourceListMap'.
lib/SourceListMap.ts(54,9): error TS2339: Property 'children' does not exist on type 'SourceListMap'.
lib/SourceListMap.ts(66,8): error TS2339: Property 'children' does not exist on type 'SourceListMap'.
lib/SourceListMap.ts(73,4): error TS2322: Type 'void' is not assignable to type 'SourceNode'.
lib/SourceListMap.ts(78,11): error TS2322: Type 'false | SourceNode' is not assignable to type 'string'.
  Type 'boolean' is not assignable to type 'string'.
lib/SourceListMap.ts(86,10): error TS2554: Expected 3 arguments, but got 1.
lib/SourceListMap.ts(90,15): error TS2339: Property 'children' does not exist on type 'SourceListMap'.
lib/SourceListMap.ts(96,26): error TS2304: Cannot find name 'SingleLineNode'.
lib/SourceListMap.ts(97,31): error TS2339: Property 'children' does not exist on type 'SourceListMap'.
lib/SourceListMap.ts(100,33): error TS2339: Property 'children' does not exist on type 'SourceListMap'.
lib/SourceListMap.ts(109,21): error TS2339: Property 'sources' does not exist on type 'object'.
lib/SourceListMap.ts(110,63): error TS2339: Property 'sourcesContent' does not exist on type 'object'.
lib/SourceNode.ts(7,8): error TS1192: Module '"/work/arjunguha-research-group/mhyee/not-type-inference/data/LambdaNet-out/top1k-typed-nodeps-es6/baseline/source-list-map/lib/base64-vlq"' has no default export.
lib/SourceNode.ts(16,8): error TS2339: Property 'generatedCode' does not exist on type 'SourceNode'.
lib/SourceNode.ts(17,8): error TS2339: Property 'originalSource' does not exist on type 'SourceNode'.
lib/SourceNode.ts(18,8): error TS2339: Property 'source' does not exist on type 'SourceNode'.
lib/SourceNode.ts(19,8): error TS2339: Property 'startingLine' does not exist on type 'SourceNode'.
lib/SourceNode.ts(20,8): error TS2339: Property '_numberOfLines' does not exist on type 'SourceNode'.
lib/SourceNode.ts(20,25): error TS2349: This expression is not callable.
  Type 'String' has no call signatures.
lib/SourceNode.ts(20,47): error TS2339: Property 'generatedCode' does not exist on type 'SourceNode'.
lib/SourceNode.ts(21,8): error TS2339: Property '_endsWithNewLine' does not exist on type 'SourceNode'.
lib/SourceNode.ts(25,30): error TS2339: Property 'generatedCode' does not exist on type 'SourceNode'.
lib/SourceNode.ts(25,50): error TS2339: Property 'source' does not exist on type 'SourceNode'.
lib/SourceNode.ts(25,63): error TS2339: Property 'originalSource' does not exist on type 'SourceNode'.
lib/SourceNode.ts(25,84): error TS2339: Property 'startingLine' does not exist on type 'SourceNode'.
lib/SourceNode.ts(29,15): error TS2339: Property 'generatedCode' does not exist on type 'SourceNode'.
lib/SourceNode.ts(33,8): error TS2339: Property 'generatedCode' does not exist on type 'SourceNode'.
lib/SourceNode.ts(34,8): error TS2339: Property '_numberOfLines' does not exist on type 'SourceNode'.
lib/SourceNode.ts(34,26): error TS2349: This expression is not callable.
  Type 'String' has no call signatures.
lib/SourceNode.ts(35,8): error TS2339: Property '_endsWithNewLine' does not exist on type 'SourceNode'.
lib/SourceNode.ts(39,12): error TS2339: Property 'generatedCode' does not exist on type 'SourceNode'.
lib/SourceNode.ts(41,30): error TS2339: Property '_numberOfLines' does not exist on type 'SourceNode'.
lib/SourceNode.ts(42,63): error TS2339: Property 'source' does not exist on type 'SourceNode'.
lib/SourceNode.ts(42,76): error TS2339: Property 'originalSource' does not exist on type 'SourceNode'.
lib/SourceNode.ts(47,37): error TS2339: Property 'startingLine' does not exist on type 'SourceNode'.
lib/SourceNode.ts(50,46): error TS2339: Property 'startingLine' does not exist on type 'SourceNode'.
lib/SourceNode.ts(51,85): error TS2349: This expression is not callable.
  Type 'String' has no call signatures.
lib/SourceNode.ts(51,108): error TS2339: Property 'generatedCode' does not exist on type 'SourceNode'.
lib/SourceNode.ts(70,34): error TS2339: Property 'startingLine' does not exist on type 'SourceNode'.
lib/SourceNode.ts(71,36): error TS2339: Property 'generatedCode' does not exist on type 'SourceNode'.
lib/SourceNode.ts(80,56): error TS2339: Property 'source' does not exist on type 'SourceNode'.
lib/SourceNode.ts(80,69): error TS2339: Property 'originalSource' does not exist on type 'SourceNode'.
lib/SourceNode.ts(99,11): error TS2339: Property 'source' does not exist on type 'SourceNode'.
lib/SourceNode.ts(100,9): error TS2339: Property '_endsWithNewLine' does not exist on type 'SourceNode'.
lib/SourceNode.ts(101,9): error TS2339: Property 'startingLine' does not exist on type 'SourceNode'.
lib/SourceNode.ts(101,29): error TS2339: Property '_numberOfLines' does not exist on type 'SourceNode'.
lib/SourceNode.ts(102,9): error TS2339: Property 'generatedCode' does not exist on type 'SourceNode'.
lib/SourceNode.ts(103,9): error TS2339: Property '_numberOfLines' does not exist on type 'SourceNode'.
lib/SourceNode.ts(104,9): error TS2339: Property '_endsWithNewLine' does not exist on type 'SourceNode'.
lib/SourceNode.ts(111,11): error TS2339: Property 'source' does not exist on type 'SourceNode'.
lib/SourceNode.ts(112,9): error TS2339: Property '_endsWithNewLine' does not exist on type 'SourceNode'.
lib/SourceNode.ts(113,9): error TS2339: Property 'startingLine' does not exist on type 'SourceNode'.
lib/SourceNode.ts(113,29): error TS2339: Property '_numberOfLines' does not exist on type 'SourceNode'.
lib/SourceNode.ts(122,8): error TS2339: Property 'generatedCode' does not exist on type 'SourceNode'.
lib/SourceNode.ts(123,8): error TS2339: Property '_numberOfLines' does not exist on type 'SourceNode'.
lib/SourceNode.ts(124,8): error TS2339: Property '_endsWithNewLine' does not exist on type 'SourceNode'.
lib/base64-vlq.ts(45,12): error TS2345: Argument of type '(ch: any[], index: string) => void' is not assignable to parameter of type '(value: string, index: number, array: string[]) => void'.
  Types of parameters 'ch' and 'value' are incompatible.
    Type 'string' is not assignable to type 'any[]'.
lib/base64-vlq.ts(46,18): error TS2538: Type 'any[]' cannot be used as an index type.
lib/base64-vlq.ts(54,8): error TS2339: Property 'encode' does not exist on type 'object'.
lib/base64-vlq.ts(64,8): error TS2339: Property 'decode' does not exist on type 'object'.
lib/base64-vlq.ts(129,33): error TS2345: Argument of type 'string' is not assignable to parameter of type 'number'.
lib/base64-vlq.ts(139,23): error TS2339: Property 'encode' does not exist on type 'object'.
lib/base64-vlq.ts(149,93): error TS2304: Cannot find name 'Void'.
lib/base64-vlq.ts(160,20): error TS2339: Property 'decode' does not exist on type 'object'.
lib/base64-vlq.ts(167,13): error TS2339: Property 'value' does not exist on type 'object'.
lib/base64-vlq.ts(168,13): error TS2339: Property 'rest' does not exist on type 'object'.
lib/fromStringWithSourceMap.ts(7,8): error TS1192: Module '"/work/arjunguha-research-group/mhyee/not-type-inference/data/LambdaNet-out/top1k-typed-nodeps-es6/baseline/source-list-map/lib/base64-vlq"' has no default export.
lib/fromStringWithSourceMap.ts(12,77): error TS2314: Generic type 'Promise<T>' requires 1 type argument(s).
lib/fromStringWithSourceMap.ts(13,30): error TS2339: Property 'sources' does not exist on type 'object'.
lib/fromStringWithSourceMap.ts(14,37): error TS2339: Property 'sourcesContent' does not exist on type 'object'.
lib/fromStringWithSourceMap.ts(15,30): error TS2339: Property 'mappings' does not exist on type 'object'.
lib/fromStringWithSourceMap.ts(22,43): error TS2304: Cannot find name 'Void'.
lib/fromStringWithSourceMap.ts(29,4): error TS2739: Type 'CodeNode' is missing the following properties from type 'SourceNode': mergeSourceNode, mergeSingleLineNode, addSingleLineNode
lib/fromStringWithSourceMap.ts(33,115): error TS2304: Cannot find name 'Void'.
lib/fromStringWithSourceMap.ts(35,16): error TS2339: Property 'source' does not exist on type 'SourceNode'.
lib/fromStringWithSourceMap.ts(54,17): error TS2339: Property 'rest' does not exist on type 'object'.
lib/fromStringWithSourceMap.ts(67,9): error TS2554: Expected 3 arguments, but got 1.
lib/fromStringWithSourceMap.ts(68,49): error TS2304: Cannot find name 'SingleLineNode'.
lib/fromStringWithSourceMap.ts(69,14): error TS2339: Property 'rest' does not exist on type 'object'.
lib/fromStringWithSourceMap.ts(69,30): error TS2339: Property 'rest' does not exist on type 'object'.
lib/fromStringWithSourceMap.ts(70,29): error TS2339: Property 'rest' does not exist on type 'object'.
lib/fromStringWithSourceMap.ts(72,15): error TS2339: Property 'rest' does not exist on type 'object'.
lib/fromStringWithSourceMap.ts(74,14): error TS2339: Property 'rest' does not exist on type 'object'.
lib/fromStringWithSourceMap.ts(75,12): error TS2339: Property 'rest' does not exist on type 'object'.
lib/fromStringWithSourceMap.ts(75,27): error TS2339: Property 'rest' does not exist on type 'object'.
lib/fromStringWithSourceMap.ts(79,28): error TS2339: Property 'rest' does not exist on type 'object'.
lib/fromStringWithSourceMap.ts(80,37): error TS2339: Property 'value' does not exist on type 'object'.
lib/fromStringWithSourceMap.ts(84,14): error TS2339: Property 'rest' does not exist on type 'object'.
lib/fromStringWithSourceMap.ts(84,30): error TS2339: Property 'rest' does not exist on type 'object'.
lib/fromStringWithSourceMap.ts(85,29): error TS2339: Property 'rest' does not exist on type 'object'.
lib/fromStringWithSourceMap.ts(86,27): error TS2339: Property 'value' does not exist on type 'object'.
lib/fromStringWithSourceMap.ts(92,14): error TS2339: Property 'rest' does not exist on type 'object'.
lib/fromStringWithSourceMap.ts(93,33): error TS2339: Property 'rest' does not exist on type 'object'.
lib/fromStringWithSourceMap.ts(94,12): error TS2339: Property 'rest' does not exist on type 'object'.
lib/fromStringWithSourceMap.ts(94,46): error TS2339: Property 'rest' does not exist on type 'object'.
lib/helpers.ts(7,14): error TS2322: Type '(str: string) => number' is not assignable to type 'string'.
lib/helpers.ts(17,14): error TS2322: Type '(str: string) => number' is not assignable to type 'string'.
lib/index.ts(1,29): error TS2749: 'SourceListMap' refers to a value, but is being used as a type here. Did you mean 'typeof SourceListMap'?
lib/index.ts(3,30): error TS2749: 'SingleLineNode' refers to a value, but is being used as a type here. Did you mean 'typeof SingleLineNode'?

