lib/SymbolTree.ts(17,35): error TS2314: Generic type 'Array<T>' requires 1 type argument(s).
lib/SymbolTree.ts(18,41): error TS2363: The right-hand side of an arithmetic operation must be of type 'any', 'number', 'bigint' or an enum type.
lib/SymbolTree.ts(29,22): error TS2339: Property 'symbol' does not exist on type 'SymbolTree'.
lib/SymbolTree.ts(55,58): error TS2339: Property 'symbol' does not exist on type 'SymbolTree'.
lib/SymbolTree.ts(61,37): error TS2339: Property 'symbol' does not exist on type 'SymbolTree'.
lib/SymbolTree.ts(89,43): error TS2339: Property 'firstChild' does not exist on type 'SymbolTreeNode'.
lib/SymbolTree.ts(103,43): error TS2339: Property 'lastChild' does not exist on type 'SymbolTreeNode'.
lib/SymbolTree.ts(117,43): error TS2339: Property 'previousSibling' does not exist on type 'SymbolTreeNode'.
lib/SymbolTree.ts(131,43): error TS2339: Property 'nextSibling' does not exist on type 'SymbolTreeNode'.
lib/SymbolTree.ts(145,43): error TS2339: Property 'parent' does not exist on type 'SymbolTreeNode'.
lib/SymbolTree.ts(162,57): error TS2339: Property 'lastChild' does not exist on type 'SymbolTreeNode'.
lib/SymbolTree.ts(163,25): error TS2740: Type 'SymbolTree' is missing the following properties from type 'Function': apply, call, bind, prototype, and 6 more.
lib/SymbolTree.ts(193,70): error TS2339: Property 'previousSibling' does not exist on type 'SymbolTreeNode'.
lib/SymbolTree.ts(200,43): error TS2339: Property 'parent' does not exist on type 'SymbolTreeNode'.
lib/SymbolTree.ts(225,81): error TS2339: Property 'firstChild' does not exist on type 'SymbolTreeNode'.
lib/SymbolTree.ts(234,29): error TS2367: This condition will always return 'false' since the types 'String' and 'Number' have no overlap.
lib/SymbolTree.ts(238,75): error TS2339: Property 'nextSibling' does not exist on type 'SymbolTreeNode'.
lib/SymbolTree.ts(244,55): error TS2339: Property 'parent' does not exist on type 'SymbolTreeNode'.
lib/SymbolTree.ts(267,30): error TS2314: Generic type 'Array<T>' requires 1 type argument(s).
lib/SymbolTree.ts(272,51): error TS2339: Property 'firstChild' does not exist on type 'SymbolTreeNode'.
lib/SymbolTree.ts(283,39): error TS2339: Property 'nextSibling' does not exist on type 'SymbolTreeNode'.
lib/SymbolTree.ts(284,27): error TS2356: An arithmetic operand must be of type 'any', 'number', 'bigint' or an enum type.
lib/SymbolTree.ts(307,30): error TS2314: Generic type 'Array<T>' requires 1 type argument(s).
lib/SymbolTree.ts(317,57): error TS2339: Property 'parent' does not exist on type 'SymbolTreeNode'.
lib/SymbolTree.ts(340,30): error TS2314: Generic type 'Array<T>' requires 1 type argument(s).
lib/SymbolTree.ts(350,25): error TS2322: Type 'Function | Boolean' is not assignable to type 'String'.
  Type 'Function' is missing the following properties from type 'String': charAt, charCodeAt, concat, indexOf, and 43 more.
lib/SymbolTree.ts(375,46): error TS2339: Property 'lastChild' does not exist on type 'SymbolTreeNode'.
lib/SymbolTree.ts(375,69): error TS2339: Property 'firstChild' does not exist on type 'SymbolTreeNode'.
lib/SymbolTree.ts(376,48): error TS2339: Property 'PREV' does not exist on type 'typeof TreeIterator'.
lib/SymbolTree.ts(376,68): error TS2339: Property 'NEXT' does not exist on type 'typeof TreeIterator'.
lib/SymbolTree.ts(394,44): error TS2339: Property 'previousSibling' does not exist on type 'SymbolTreeNode'.
lib/SymbolTree.ts(395,38): error TS2339: Property 'PREV' does not exist on type 'typeof TreeIterator'.
lib/SymbolTree.ts(413,44): error TS2339: Property 'nextSibling' does not exist on type 'SymbolTreeNode'.
lib/SymbolTree.ts(414,38): error TS2339: Property 'NEXT' does not exist on type 'typeof TreeIterator'.
lib/SymbolTree.ts(433,38): error TS2339: Property 'PARENT' does not exist on type 'typeof TreeIterator'.
lib/SymbolTree.ts(459,48): error TS2339: Property 'PRECEDING' does not exist on type 'typeof TreeIterator'.
lib/SymbolTree.ts(459,73): error TS2339: Property 'FOLLOWING' does not exist on type 'typeof TreeIterator'.
lib/SymbolTree.ts(476,73): error TS2339: Property 'parent' does not exist on type 'SymbolTreeNode'.
lib/SymbolTree.ts(492,51): error TS2339: Property 'firstChild' does not exist on type 'SymbolTreeNode'.
lib/SymbolTree.ts(494,32): error TS2339: Property 'childIndexCachedUpTo' does not exist on type 'SymbolTreeNode'.
lib/SymbolTree.ts(495,86): error TS2339: Property 'childIndexCachedUpTo' does not exist on type 'SymbolTreeNode'.
lib/SymbolTree.ts(496,49): error TS2339: Property 'nextSibling' does not exist on type 'SymbolTreeNode'.
lib/SymbolTree.ts(508,27): error TS2356: An arithmetic operand must be of type 'any', 'number', 'bigint' or an enum type.
lib/SymbolTree.ts(509,39): error TS2339: Property 'nextSibling' does not exist on type 'SymbolTreeNode'.
lib/SymbolTree.ts(512,28): error TS2339: Property 'childIndexCachedUpTo' does not exist on type 'SymbolTreeNode'.
lib/SymbolTree.ts(531,33): error TS2339: Property 'lastChild' does not exist on type 'SymbolTreeNode'.
lib/SymbolTree.ts(535,24): error TS2365: Operator '+' cannot be applied to types 'number | Number' and 'number'.
lib/SymbolTree.ts(535,46): error TS2339: Property 'lastChild' does not exist on type 'SymbolTreeNode'.
lib/SymbolTree.ts(575,38): error TS2314: Generic type 'Array<T>' requires 1 type argument(s).
lib/SymbolTree.ts(590,39): error TS2314: Generic type 'Array<T>' requires 1 type argument(s).
lib/SymbolTree.ts(604,23): error TS2739: Type 'String' is missing the following properties from type 'Number': toFixed, toExponential, toPrecision
lib/SymbolTree.ts(606,30): error TS2367: This condition will always return 'true' since the types 'Number' and 'String' have no overlap.
lib/SymbolTree.ts(616,31): error TS2322: Type 'String' is not assignable to type 'Number'.
lib/SymbolTree.ts(617,31): error TS2322: Type 'String' is not assignable to type 'Number'.
lib/SymbolTree.ts(627,23): error TS2322: Type 'Number | -1' is not assignable to type 'String'.
  Type 'Number' is missing the following properties from type 'String': charAt, charCodeAt, concat, indexOf, and 44 more.
lib/SymbolTree.ts(627,88): error TS2365: Operator '+' cannot be applied to types 'Number' and 'number'.
lib/SymbolTree.ts(628,89): error TS2365: Operator '+' cannot be applied to types 'Number' and 'number'.
lib/SymbolTree.ts(630,24): error TS2365: Operator '<' cannot be applied to types 'Number' and 'String'.
lib/SymbolTree.ts(647,23): error TS2740: Type 'SymbolTreeNode' is missing the following properties from type 'SymbolTree': initialize, _node, firstChild, lastChild, and 22 more.
lib/SymbolTree.ts(653,40): error TS2339: Property 'firstChild' does not exist on type 'SymbolTreeNode'.
lib/SymbolTree.ts(654,44): error TS2339: Property 'firstChild' does not exist on type 'SymbolTreeNode'.
lib/SymbolTree.ts(657,40): error TS2339: Property 'lastChild' does not exist on type 'SymbolTreeNode'.
lib/SymbolTree.ts(658,44): error TS2339: Property 'lastChild' does not exist on type 'SymbolTreeNode'.
lib/SymbolTree.ts(663,34): error TS2339: Property 'nextSibling' does not exist on type 'SymbolTreeNode'.
lib/SymbolTree.ts(667,34): error TS2339: Property 'previousSibling' does not exist on type 'SymbolTreeNode'.
lib/SymbolTree.ts(673,28): error TS2339: Property 'cachedIndex' does not exist on type 'SymbolTree'.
lib/SymbolTree.ts(674,28): error TS2339: Property 'cachedIndexVersion' does not exist on type 'SymbolTree'.
lib/SymbolTree.ts(697,23): error TS2322: Type 'SymbolTreeNode' is not assignable to type 'SymbolTree'.
lib/SymbolTree.ts(706,25): error TS2339: Property 'parent' does not exist on type 'SymbolTreeNode'.
lib/SymbolTree.ts(707,25): error TS2339: Property 'previousSibling' does not exist on type 'SymbolTreeNode'.
lib/SymbolTree.ts(708,25): error TS2339: Property 'nextSibling' does not exist on type 'SymbolTreeNode'.
lib/SymbolTree.ts(712,34): error TS2339: Property 'nextSibling' does not exist on type 'SymbolTreeNode'.
lib/SymbolTree.ts(715,46): error TS2339: Property 'firstChild' does not exist on type 'SymbolTreeNode'.
lib/SymbolTree.ts(716,36): error TS2339: Property 'firstChild' does not exist on type 'SymbolTreeNode'.
lib/SymbolTree.ts(740,23): error TS2322: Type 'SymbolTreeNode' is not assignable to type 'SymbolTree'.
lib/SymbolTree.ts(749,25): error TS2339: Property 'parent' does not exist on type 'SymbolTreeNode'.
lib/SymbolTree.ts(750,25): error TS2339: Property 'previousSibling' does not exist on type 'SymbolTreeNode'.
lib/SymbolTree.ts(751,25): error TS2339: Property 'nextSibling' does not exist on type 'SymbolTreeNode'.
lib/SymbolTree.ts(755,34): error TS2339: Property 'previousSibling' does not exist on type 'SymbolTreeNode'.
lib/SymbolTree.ts(758,46): error TS2339: Property 'lastChild' does not exist on type 'SymbolTreeNode'.
lib/SymbolTree.ts(759,36): error TS2339: Property 'lastChild' does not exist on type 'SymbolTreeNode'.
lib/SymbolTree.ts(791,57): error TS2339: Property 'firstChild' does not exist on type 'SymbolTreeNode'.
lib/SymbolTree.ts(794,33): error TS2339: Property 'parent' does not exist on type 'SymbolTreeNode'.
lib/SymbolTree.ts(795,39): error TS2339: Property 'firstChild' does not exist on type 'SymbolTreeNode'.
lib/SymbolTree.ts(796,39): error TS2339: Property 'lastChild' does not exist on type 'SymbolTreeNode'.
lib/SymbolTree.ts(825,56): error TS2339: Property 'lastChild' does not exist on type 'SymbolTreeNode'.
lib/SymbolTree.ts(828,33): error TS2339: Property 'parent' does not exist on type 'SymbolTreeNode'.
lib/SymbolTree.ts(829,39): error TS2339: Property 'firstChild' does not exist on type 'SymbolTreeNode'.
lib/SymbolTree.ts(830,39): error TS2339: Property 'lastChild' does not exist on type 'SymbolTreeNode'.
lib/SymbolTree.ts(839,12): error TS2339: Property 'TreePosition' does not exist on type 'typeof SymbolTree'.
lib/SymbolTreeNode.ts(5,22): error TS2339: Property 'parent' does not exist on type 'SymbolTreeNode'.
lib/SymbolTreeNode.ts(6,22): error TS2339: Property 'previousSibling' does not exist on type 'SymbolTreeNode'.
lib/SymbolTreeNode.ts(7,22): error TS2339: Property 'nextSibling' does not exist on type 'SymbolTreeNode'.
lib/SymbolTreeNode.ts(9,22): error TS2339: Property 'firstChild' does not exist on type 'SymbolTreeNode'.
lib/SymbolTreeNode.ts(10,22): error TS2339: Property 'lastChild' does not exist on type 'SymbolTreeNode'.
lib/SymbolTreeNode.ts(13,22): error TS2339: Property 'childrenVersion' does not exist on type 'SymbolTreeNode'.
lib/SymbolTreeNode.ts(15,22): error TS2339: Property 'childIndexCachedUpTo' does not exist on type 'SymbolTreeNode'.
lib/SymbolTreeNode.ts(19,22): error TS2339: Property 'cachedIndex' does not exist on type 'SymbolTreeNode'.
lib/SymbolTreeNode.ts(20,22): error TS2339: Property 'cachedIndexVersion' does not exist on type 'SymbolTreeNode'.
lib/SymbolTreeNode.ts(24,37): error TS2339: Property 'parent' does not exist on type 'SymbolTreeNode'.
lib/SymbolTreeNode.ts(24,52): error TS2339: Property 'previousSibling' does not exist on type 'SymbolTreeNode'.
lib/SymbolTreeNode.ts(24,76): error TS2339: Property 'nextSibling' does not exist on type 'SymbolTreeNode'.
lib/SymbolTreeNode.ts(28,37): error TS2339: Property 'firstChild' does not exist on type 'SymbolTreeNode'.
lib/SymbolTreeNode.ts(34,22): error TS2339: Property 'childrenVersion' does not exist on type 'SymbolTreeNode'.
lib/SymbolTreeNode.ts(34,46): error TS2339: Property 'childrenVersion' does not exist on type 'SymbolTreeNode'.
lib/SymbolTreeNode.ts(35,22): error TS2339: Property 'childIndexCachedUpTo' does not exist on type 'SymbolTreeNode'.
lib/SymbolTreeNode.ts(40,26): error TS2339: Property 'cachedIndexVersion' does not exist on type 'SymbolTreeNode'.
lib/SymbolTreeNode.ts(41,30): error TS2339: Property 'cachedIndexVersion' does not exist on type 'SymbolTreeNode'.
lib/SymbolTreeNode.ts(46,29): error TS2339: Property 'cachedIndex' does not exist on type 'SymbolTreeNode'.
lib/SymbolTreeNode.ts(51,22): error TS2339: Property 'cachedIndexVersion' does not exist on type 'SymbolTreeNode'.
lib/SymbolTreeNode.ts(52,22): error TS2339: Property 'cachedIndex' does not exist on type 'SymbolTreeNode'.
lib/TreeIterator.ts(3,13): error TS2314: Generic type 'Array<T>' requires 1 type argument(s).
lib/TreeIterator.ts(4,7): error TS2322: Type 'typeof ROOT' is not assignable to type 'String'.
lib/TreeIterator.ts(5,7): error TS2322: Type 'typeof NEXT' is not assignable to type 'String'.
lib/TreeIterator.ts(6,7): error TS2322: Type 'typeof ITERATE_FUNC' is not assignable to type 'Number'.
lib/TreeIterator.ts(11,22): error TS2538: Type 'String' cannot be used as an index type.
lib/TreeIterator.ts(12,22): error TS2538: Type 'String' cannot be used as an index type.
lib/TreeIterator.ts(13,22): error TS2538: Type 'Number' cannot be used as an index type.
lib/TreeIterator.ts(17,29): error TS2304: Cannot find name 'SymbolTree'.
lib/TreeIterator.ts(18,50): error TS2538: Type 'Number' cannot be used as an index type.
lib/TreeIterator.ts(19,43): error TS2538: Type 'String' cannot be used as an index type.
lib/TreeIterator.ts(21,27): error TS2538: Type 'String' cannot be used as an index type.
lib/TreeIterator.ts(28,44): error TS2538: Type 'String' cannot be used as an index type.
lib/TreeIterator.ts(30,21): error TS2367: This condition will always return 'false' since the types 'String' and 'number' have no overlap.
lib/TreeIterator.ts(31,30): error TS2538: Type 'String' cannot be used as an index type.
lib/TreeIterator.ts(33,26): error TS2367: This condition will always return 'false' since the types 'String' and 'number' have no overlap.
lib/TreeIterator.ts(34,30): error TS2538: Type 'String' cannot be used as an index type.
lib/TreeIterator.ts(36,26): error TS2367: This condition will always return 'false' since the types 'String' and 'number' have no overlap.
lib/TreeIterator.ts(37,30): error TS2538: Type 'String' cannot be used as an index type.
lib/TreeIterator.ts(39,26): error TS2367: This condition will always return 'false' since the types 'String' and 'number' have no overlap.
lib/TreeIterator.ts(40,30): error TS2538: Type 'String' cannot be used as an index type.
lib/TreeIterator.ts(43,30): error TS2538: Type 'String' cannot be used as an index type.
lib/TreeIterator.ts(60,14): error TS2339: Property 'PREV' does not exist on type 'typeof TreeIterator'.
lib/TreeIterator.ts(61,14): error TS2339: Property 'NEXT' does not exist on type 'typeof TreeIterator'.
lib/TreeIterator.ts(62,14): error TS2339: Property 'PARENT' does not exist on type 'typeof TreeIterator'.
lib/TreeIterator.ts(63,14): error TS2339: Property 'PRECEDING' does not exist on type 'typeof TreeIterator'.
lib/TreeIterator.ts(64,14): error TS2339: Property 'FOLLOWING' does not exist on type 'typeof TreeIterator'.

