modules/index.ts(1,19): error TS2306: File 'tslib.ts' is not a module.
tslib.es6.ts(19,83): error TS2339: Property '__proto__' does not exist on type 'object'.
tslib.es6.ts(24,50): error TS2304: Cannot find name 'Void'.
tslib.es6.ts(28,20): error TS2304: Cannot find name 'Void'.
tslib.es6.ts(29,7): error TS2339: Property 'prototype' does not exist on type 'object'.
tslib.es6.ts(29,69): error TS2339: Property 'prototype' does not exist on type 'object'.
tslib.es6.ts(29,80): error TS2350: Only a void function can be called with the 'new' keyword.
tslib.es6.ts(48,25): error TS2403: Subsequent variable declarations must have the same type.  Variable 'p' must be of type 'string', but here has type 'symbol[]'.
tslib.es6.ts(56,39): error TS2322: Type 'string | object' is not assignable to type 'string'.
  Type 'object' is not assignable to type 'string'.
tslib.es6.ts(56,84): error TS2322: Type 'PropertyDescriptor' is not assignable to type 'string'.
tslib.es6.ts(57,55): error TS2339: Property 'decorate' does not exist on type 'typeof Reflect'.
tslib.es6.ts(57,92): error TS2339: Property 'decorate' does not exist on type 'typeof Reflect'.
tslib.es6.ts(59,5): error TS2322: Type 'string' is not assignable to type 'boolean'.
tslib.es6.ts(67,55): error TS2339: Property 'metadata' does not exist on type 'typeof Reflect'.
tslib.es6.ts(67,95): error TS2339: Property 'metadata' does not exist on type 'typeof Reflect'.
tslib.es6.ts(71,52): error TS2358: The left-hand side of an 'instanceof' expression must be of type 'any', an object type or a type parameter.
tslib.es6.ts(71,69): error TS2359: The right-hand side of an 'instanceof' expression must be of type 'any' or of a type assignable to the 'Function' interface type.
tslib.es6.ts(71,85): error TS2351: This expression is not constructable.
  Type '{}' has no construct signatures.
tslib.es6.ts(72,16): error TS2351: This expression is not constructable.
  Type '{}' has no construct signatures.
tslib.es6.ts(73,44): error TS2304: Cannot find name 'Void'.
tslib.es6.ts(73,72): error TS2339: Property 'next' does not exist on type 'object'.
tslib.es6.ts(74,43): error TS2304: Cannot find name 'Void'.
tslib.es6.ts(75,40): error TS2304: Cannot find name 'Void'.
tslib.es6.ts(75,54): error TS2339: Property 'done' does not exist on type 'object'.
tslib.es6.ts(75,76): error TS2339: Property 'value' does not exist on type 'object'.
tslib.es6.ts(75,98): error TS2339: Property 'value' does not exist on type 'object'.
tslib.es6.ts(75,105): error TS2339: Property 'then' does not exist on type 'string'.
tslib.es6.ts(76,37): error TS2339: Property 'apply' does not exist on type 'object'.
tslib.es6.ts(82,5): error TS2322: Type 'object' is not assignable to type 'boolean'.
tslib.es6.ts(82,29): error TS2345: Argument of type 'number' is not assignable to parameter of type 'string'.
tslib.es6.ts(82,47): error TS2345: Argument of type 'number' is not assignable to parameter of type 'string'.
tslib.es6.ts(82,66): error TS2345: Argument of type 'number' is not assignable to parameter of type 'string'.
tslib.es6.ts(87,17): error TS2322: Type 'number' is not assignable to type 'boolean'.
tslib.es6.ts(87,106): error TS2339: Property 'call' does not exist on type 'object'.
tslib.es6.ts(87,122): error TS2339: Property 'next' does not exist on type 'object'.
tslib.es6.ts(87,139): error TS2339: Property 'call' does not exist on type 'object'.
tslib.es6.ts(88,17): error TS2322: Type 'number' is not assignable to type 'object'.
tslib.es6.ts(88,46): error TS2339: Property 'value' does not exist on type 'object'.
tslib.es6.ts(91,27): error TS2339: Property 'label' does not exist on type 'object'.
tslib.es6.ts(92,27): error TS2339: Property 'label' does not exist on type 'object'.
tslib.es6.ts(93,32): error TS2339: Property 'ops' does not exist on type 'object'.
tslib.es6.ts(93,45): error TS2339: Property 'trys' does not exist on type 'object'.
tslib.es6.ts(95,33): error TS2339: Property 'trys' does not exist on type 'object'.
tslib.es6.ts(95,45): error TS2339: Property 'length' does not exist on type 'object'.
tslib.es6.ts(95,63): error TS2339: Property 'length' does not exist on type 'object'.
tslib.es6.ts(95,111): error TS2322: Type 'number' is not assignable to type 'object'.
tslib.es6.ts(96,84): error TS2339: Property 'label' does not exist on type 'object'.
tslib.es6.ts(97,42): error TS2339: Property 'label' does not exist on type 'object'.
tslib.es6.ts(97,60): error TS2339: Property 'label' does not exist on type 'object'.
tslib.es6.ts(98,32): error TS2339: Property 'label' does not exist on type 'object'.
tslib.es6.ts(98,50): error TS2339: Property 'label' does not exist on type 'object'.
tslib.es6.ts(98,66): error TS2339: Property 'ops' does not exist on type 'object'.
tslib.es6.ts(99,33): error TS2339: Property 'ops' does not exist on type 'object'.
tslib.es6.ts(100,23): error TS2339: Property 'trys' does not exist on type 'object'.
tslib.es6.ts(103,36): error TS2322: Type 'number' is not assignable to type 'object'.
tslib.es6.ts(103,55): error TS2322: Type 'number' is not assignable to type 'boolean'.
tslib.es6.ts(103,59): error TS2322: Type 'number' is not assignable to type 'object'.
tslib.es6.ts(109,27): error TS2322: Type 'number' is not assignable to type 'string'.
tslib.es6.ts(111,38): error TS2339: Property '__esModule' does not exist on type 'object'.
tslib.es6.ts(111,56): error TS2339: Property 'writable' does not exist on type 'object'.
tslib.es6.ts(111,73): error TS2339: Property 'configurable' does not exist on type 'object'.
tslib.es6.ts(116,27): error TS2322: Type 'number' is not assignable to type 'string'.
tslib.es6.ts(120,52): error TS2304: Cannot find name 'Void'.
tslib.es6.ts(125,9): error TS2322: Type 'typeof Symbol.iterator' is not assignable to type 'boolean'.
tslib.es6.ts(125,92): error TS2538: Type 'true' cannot be used as an index type.
tslib.es6.ts(138,13): error TS2740: Type '{}' is missing the following properties from type 'any[]': length, pop, push, concat, and 29 more.
tslib.es6.ts(139,62): error TS2314: Generic type 'Map<K, V>' requires 2 type argument(s).
tslib.es6.ts(141,53): error TS2339: Property 'next' does not exist on type 'object'.
tslib.es6.ts(141,77): error TS2339: Property 'value' does not exist on type 'object'.
tslib.es6.ts(146,25): error TS2339: Property 'done' does not exist on type 'object'.
tslib.es6.ts(156,24): error TS2554: Expected 2 arguments, but got 1.
tslib.es6.ts(180,59): error TS2350: Only a void function can be called with the 'new' keyword.
tslib.es6.ts(186,5): error TS2322: Type 'object' is not assignable to type 'boolean'.
tslib.es6.ts(187,31): error TS2304: Cannot find name 'Void'.
tslib.es6.ts(187,97): error TS2345: Argument of type '(a: Function, b: any[]) => void' is not assignable to parameter of type '(resolve: (value: unknown) => void, reject: (reason?: any) => void) => void'.
  Types of parameters 'b' and 'reject' are incompatible.
    Type '(reason?: any) => void' is not assignable to type 'any[]'.
tslib.es6.ts(188,44): error TS2304: Cannot find name 'Void'.
tslib.es6.ts(189,31): error TS2304: Cannot find name 'Void'.
tslib.es6.ts(189,40): error TS2339: Property 'value' does not exist on type 'object'.
tslib.es6.ts(189,85): error TS2339: Property 'value' does not exist on type 'object'.
tslib.es6.ts(189,134): error TS2345: Argument of type 'object' is not assignable to parameter of type 'string'.
tslib.es6.ts(190,38): error TS2304: Cannot find name 'Void'.
tslib.es6.ts(191,37): error TS2304: Cannot find name 'Void'.
tslib.es6.ts(192,46): error TS2304: Cannot find name 'Void'.
tslib.es6.ts(197,5): error TS2322: Type 'object' is not assignable to type 'boolean'.
tslib.es6.ts(197,20): error TS2554: Expected 2 arguments, but got 1.
tslib.es6.ts(197,86): error TS2554: Expected 2 arguments, but got 1.
tslib.es6.ts(198,44): error TS2304: Cannot find name 'Void'.
tslib.es6.ts(201,43): error TS2314: Generic type 'Promise<T>' requires 1 type argument(s).
tslib.es6.ts(204,75): error TS2345: Argument of type 'object' is not assignable to parameter of type 'any[]'.
tslib.es6.ts(205,31): error TS2304: Cannot find name 'Void'.
tslib.es6.ts(205,95): error TS2345: Argument of type '(resolve: any[], reject: string) => void' is not assignable to parameter of type '(resolve: (value: unknown) => void, reject: (reason?: any) => void) => void'.
  Types of parameters 'resolve' and 'resolve' are incompatible.
    Type '(value: unknown) => void' is not assignable to type 'any[]'.
tslib.es6.ts(205,159): error TS2345: Argument of type 'any[]' is not assignable to parameter of type 'Function'.
  Type 'any[]' is missing the following properties from type 'Function': apply, call, bind, prototype, and 5 more.
tslib.es6.ts(205,178): error TS2339: Property 'done' does not exist on type 'object'.
tslib.es6.ts(205,186): error TS2339: Property 'value' does not exist on type 'object'.
tslib.es6.ts(206,82): error TS2304: Cannot find name 'Void'.
tslib.es6.ts(206,113): error TS2345: Argument of type '(v: string) => void' is not assignable to parameter of type '(value: Function) => Function | PromiseLike<Function>'.
  Types of parameters 'v' and 'value' are incompatible.
    Type 'Function' is not assignable to type 'string'.
tslib.es6.ts(210,104): error TS2339: Property 'raw' does not exist on type 'object'.
tslib.es6.ts(221,20): error TS2339: Property '__esModule' does not exist on type 'object'.
tslib.es6.ts(229,24): error TS2339: Property '__esModule' does not exist on type 'object'.
tslib.es6.ts(232,65): error TS2314: Generic type 'Map<K, V>' requires 2 type argument(s).
tslib.es6.ts(232,96): error TS2314: Generic type 'Promise<T>' requires 1 type argument(s).
tslib.es6.ts(233,9): error TS2367: This condition will always return 'false' since the types 'number' and 'string' have no overlap.
tslib.es6.ts(235,12): error TS2367: This condition will always return 'false' since the types 'number' and 'string' have no overlap.
tslib.es6.ts(235,31): error TS2367: This condition will always return 'false' since the types 'number' and 'string' have no overlap.
tslib.es6.ts(235,48): error TS2339: Property 'call' does not exist on type 'object'.
tslib.es6.ts(235,71): error TS2339: Property 'value' does not exist on type 'object'.
tslib.es6.ts(238,65): error TS2314: Generic type 'Map<K, V>' requires 2 type argument(s).
tslib.es6.ts(239,9): error TS2367: This condition will always return 'false' since the types 'number' and 'string' have no overlap.
tslib.es6.ts(240,9): error TS2367: This condition will always return 'false' since the types 'number' and 'string' have no overlap.
tslib.es6.ts(242,5): error TS2322: Type 'string' is not assignable to type 'boolean'.
tslib.es6.ts(242,13): error TS2367: This condition will always return 'false' since the types 'number' and 'string' have no overlap.
tslib.es6.ts(242,30): error TS2339: Property 'call' does not exist on type 'object'.
tslib.es6.ts(242,60): error TS2339: Property 'value' does not exist on type 'object'.
tslib.es6.ts(245,46): error TS2314: Generic type 'Map<K, V>' requires 2 type argument(s).
tslib.ts(43,16): error TS2304: Cannot find name 'define'.
tslib.ts(43,41): error TS2304: Cannot find name 'define'.
tslib.ts(44,9): error TS2304: Cannot find name 'define'.
tslib.ts(44,90): error TS2345: Argument of type 'string' is not assignable to parameter of type 'number'.
tslib.ts(44,96): error TS2554: Expected 2 arguments, but got 1.
tslib.ts(47,32): error TS2345: Argument of type 'string' is not assignable to parameter of type 'number'.
tslib.ts(47,38): error TS2554: Expected 2 arguments, but got 1.
tslib.ts(50,17): error TS2554: Expected 2 arguments, but got 1.
tslib.ts(53,13): error TS2367: This condition will always return 'true' since the types 'number' and 'string' have no overlap.
tslib.ts(58,17): error TS1184: Modifiers cannot appear here.
tslib.ts(61,26): error TS2300: Duplicate identifier 'id'.
tslib.ts(62,13): error TS1184: Modifiers cannot appear here.
tslib.ts(62,26): error TS2300: Duplicate identifier 'id'.
tslib.ts(68,83): error TS2339: Property '__proto__' does not exist on type 'object'.
tslib.ts(75,24): error TS2304: Cannot find name 'Void'.
tslib.ts(76,11): error TS2339: Property 'prototype' does not exist on type 'object'.
tslib.ts(76,73): error TS2339: Property 'prototype' does not exist on type 'object'.
tslib.ts(76,84): error TS2350: Only a void function can be called with the 'new' keyword.
tslib.ts(79,5): error TS2322: Type '{ <T extends {}, U>(target: T, source: U): T & U; <T extends {}, U, V>(target: T, source1: U, source2: V): T & U & V; <T extends {}, U, V, W>(target: T, source1: U, source2: V, source3: W): T & ... 2 more ... & W; (target: object, ...sources: any[]): any; }' is not assignable to type 'string'.
tslib.ts(92,29): error TS2403: Subsequent variable declarations must have the same type.  Variable 'p' must be of type 'string', but here has type 'symbol[]'.
tslib.ts(100,43): error TS2322: Type 'number | any[] | PropertyDescriptor' is not assignable to type 'string'.
  Type 'number' is not assignable to type 'string'.
tslib.ts(100,88): error TS2322: Type 'PropertyDescriptor' is not assignable to type 'number'.
tslib.ts(101,59): error TS2339: Property 'decorate' does not exist on type 'typeof Reflect'.
tslib.ts(101,96): error TS2339: Property 'decorate' does not exist on type 'typeof Reflect'.
tslib.ts(111,59): error TS2339: Property 'metadata' does not exist on type 'typeof Reflect'.
tslib.ts(111,99): error TS2339: Property 'metadata' does not exist on type 'typeof Reflect'.
tslib.ts(115,56): error TS2358: The left-hand side of an 'instanceof' expression must be of type 'any', an object type or a type parameter.
tslib.ts(115,73): error TS2359: The right-hand side of an 'instanceof' expression must be of type 'any' or of a type assignable to the 'Function' interface type.
tslib.ts(115,89): error TS2351: This expression is not constructable.
  Type '{}' has no construct signatures.
tslib.ts(116,20): error TS2351: This expression is not constructable.
  Type '{}' has no construct signatures.
tslib.ts(117,48): error TS2304: Cannot find name 'Void'.
tslib.ts(117,76): error TS2339: Property 'next' does not exist on type 'object'.
tslib.ts(118,47): error TS2304: Cannot find name 'Void'.
tslib.ts(119,44): error TS2304: Cannot find name 'Void'.
tslib.ts(119,58): error TS2339: Property 'done' does not exist on type 'object'.
tslib.ts(119,80): error TS2339: Property 'value' does not exist on type 'object'.
tslib.ts(119,102): error TS2339: Property 'value' does not exist on type 'object'.
tslib.ts(119,109): error TS2339: Property 'then' does not exist on type 'string'.
tslib.ts(120,41): error TS2339: Property 'apply' does not exist on type 'object'.
tslib.ts(126,33): error TS2345: Argument of type 'number' is not assignable to parameter of type 'string'.
tslib.ts(126,51): error TS2345: Argument of type 'number' is not assignable to parameter of type 'string'.
tslib.ts(126,70): error TS2345: Argument of type 'number' is not assignable to parameter of type 'string'.
tslib.ts(131,21): error TS2322: Type 'number' is not assignable to type 'boolean'.
tslib.ts(131,110): error TS2339: Property 'call' does not exist on type 'object'.
tslib.ts(131,126): error TS2339: Property 'next' does not exist on type 'object'.
tslib.ts(131,143): error TS2339: Property 'call' does not exist on type 'object'.
tslib.ts(132,21): error TS2322: Type 'number' is not assignable to type 'object'.
tslib.ts(132,50): error TS2339: Property 'value' does not exist on type 'object'.
tslib.ts(135,31): error TS2339: Property 'label' does not exist on type 'object'.
tslib.ts(136,31): error TS2339: Property 'label' does not exist on type 'object'.
tslib.ts(137,36): error TS2339: Property 'ops' does not exist on type 'object'.
tslib.ts(137,49): error TS2339: Property 'trys' does not exist on type 'object'.
tslib.ts(139,37): error TS2339: Property 'trys' does not exist on type 'object'.
tslib.ts(139,49): error TS2339: Property 'length' does not exist on type 'object'.
tslib.ts(139,67): error TS2339: Property 'length' does not exist on type 'object'.
tslib.ts(139,115): error TS2322: Type 'number' is not assignable to type 'object'.
tslib.ts(140,88): error TS2339: Property 'label' does not exist on type 'object'.
tslib.ts(141,46): error TS2339: Property 'label' does not exist on type 'object'.
tslib.ts(141,64): error TS2339: Property 'label' does not exist on type 'object'.
tslib.ts(142,36): error TS2339: Property 'label' does not exist on type 'object'.
tslib.ts(142,54): error TS2339: Property 'label' does not exist on type 'object'.
tslib.ts(142,70): error TS2339: Property 'ops' does not exist on type 'object'.
tslib.ts(143,37): error TS2339: Property 'ops' does not exist on type 'object'.
tslib.ts(144,27): error TS2339: Property 'trys' does not exist on type 'object'.
tslib.ts(147,40): error TS2322: Type 'number' is not assignable to type 'object'.
tslib.ts(147,59): error TS2322: Type 'number' is not assignable to type 'boolean'.
tslib.ts(147,63): error TS2322: Type 'number' is not assignable to type 'object'.
tslib.ts(157,31): error TS2322: Type 'number' is not assignable to type 'string'.
tslib.ts(159,42): error TS2339: Property '__esModule' does not exist on type 'object'.
tslib.ts(159,60): error TS2339: Property 'writable' does not exist on type 'object'.
tslib.ts(159,77): error TS2339: Property 'configurable' does not exist on type 'object'.
tslib.ts(164,31): error TS2322: Type 'number' is not assignable to type 'string'.
tslib.ts(169,13): error TS2322: Type 'typeof Symbol.iterator' is not assignable to type 'boolean'.
tslib.ts(169,96): error TS2538: Type 'true' cannot be used as an index type.
tslib.ts(183,66): error TS2314: Generic type 'Map<K, V>' requires 2 type argument(s).
tslib.ts(185,57): error TS2339: Property 'next' does not exist on type 'object'.
tslib.ts(185,81): error TS2339: Property 'value' does not exist on type 'object'.
tslib.ts(190,29): error TS2339: Property 'done' does not exist on type 'object'.
tslib.ts(224,67): error TS2351: This expression is not constructable.
  Type 'Function' has no construct signatures.
tslib.ts(231,35): error TS2304: Cannot find name 'Void'.
tslib.ts(231,101): error TS2345: Argument of type '(a: Function, b: any[]) => void' is not assignable to parameter of type '(resolve: (value: unknown) => void, reject: (reason?: any) => void) => void'.
  Types of parameters 'b' and 'reject' are incompatible.
    Type '(reason?: any) => void' is not assignable to type 'any[]'.
tslib.ts(232,48): error TS2304: Cannot find name 'Void'.
tslib.ts(233,35): error TS2304: Cannot find name 'Void'.
tslib.ts(233,44): error TS2339: Property 'value' does not exist on type 'object'.
tslib.ts(233,89): error TS2339: Property 'value' does not exist on type 'object'.
tslib.ts(233,138): error TS2345: Argument of type 'object' is not assignable to parameter of type 'string'.
tslib.ts(234,42): error TS2304: Cannot find name 'Void'.
tslib.ts(235,41): error TS2304: Cannot find name 'Void'.
tslib.ts(236,50): error TS2304: Cannot find name 'Void'.
tslib.ts(241,24): error TS2554: Expected 2 arguments, but got 1.
tslib.ts(241,90): error TS2554: Expected 2 arguments, but got 1.
tslib.ts(242,48): error TS2304: Cannot find name 'Void'.
tslib.ts(249,35): error TS2304: Cannot find name 'Void'.
tslib.ts(249,99): error TS2345: Argument of type '(resolve: any[], reject: string) => void' is not assignable to parameter of type '(resolve: (value: unknown) => void, reject: (reason?: any) => void) => void'.
  Types of parameters 'resolve' and 'resolve' are incompatible.
    Type '(value: unknown) => void' is not assignable to type 'any[]'.
tslib.ts(249,163): error TS2345: Argument of type 'any[]' is not assignable to parameter of type 'Function'.
tslib.ts(249,182): error TS2339: Property 'done' does not exist on type 'object'.
tslib.ts(249,190): error TS2339: Property 'value' does not exist on type 'object'.
tslib.ts(250,86): error TS2304: Cannot find name 'Void'.
tslib.ts(250,117): error TS2345: Argument of type '(v: string) => void' is not assignable to parameter of type '(value: Function) => Function | PromiseLike<Function>'.
  Types of parameters 'v' and 'value' are incompatible.
    Type 'Function' is not assignable to type 'string'.
tslib.ts(254,108): error TS2339: Property 'raw' does not exist on type 'object'.
tslib.ts(265,24): error TS2339: Property '__esModule' does not exist on type 'object'.
tslib.ts(273,28): error TS2339: Property '__esModule' does not exist on type 'object'.
tslib.ts(276,65): error TS2314: Generic type 'Map<K, V>' requires 2 type argument(s).
tslib.ts(277,13): error TS2367: This condition will always return 'false' since the types 'number' and 'string' have no overlap.
tslib.ts(279,16): error TS2367: This condition will always return 'false' since the types 'number' and 'string' have no overlap.
tslib.ts(279,35): error TS2367: This condition will always return 'false' since the types 'number' and 'string' have no overlap.
tslib.ts(279,52): error TS2339: Property 'call' does not exist on type 'object'.
tslib.ts(279,75): error TS2339: Property 'value' does not exist on type 'object'.
tslib.ts(282,65): error TS2314: Generic type 'Map<K, V>' requires 2 type argument(s).
tslib.ts(283,13): error TS2367: This condition will always return 'false' since the types 'number' and 'string' have no overlap.
tslib.ts(284,13): error TS2367: This condition will always return 'false' since the types 'number' and 'string' have no overlap.
tslib.ts(286,17): error TS2367: This condition will always return 'false' since the types 'number' and 'string' have no overlap.
tslib.ts(286,34): error TS2339: Property 'call' does not exist on type 'object'.
tslib.ts(286,64): error TS2339: Property 'value' does not exist on type 'object'.
tslib.ts(289,46): error TS2314: Generic type 'Map<K, V>' requires 2 type argument(s).
tslib.ts(294,5): error TS2349: This expression is not callable.
  Type '{}' has no call signatures.
tslib.ts(295,5): error TS2349: This expression is not callable.
  Type '{}' has no call signatures.
tslib.ts(296,5): error TS2349: This expression is not callable.
  Type '{}' has no call signatures.
tslib.ts(297,5): error TS2349: This expression is not callable.
  Type '{}' has no call signatures.
tslib.ts(298,5): error TS2349: This expression is not callable.
  Type '{}' has no call signatures.
tslib.ts(299,5): error TS2349: This expression is not callable.
  Type '{}' has no call signatures.
tslib.ts(300,5): error TS2349: This expression is not callable.
  Type '{}' has no call signatures.
tslib.ts(301,5): error TS2349: This expression is not callable.
  Type '{}' has no call signatures.
tslib.ts(302,5): error TS2349: This expression is not callable.
  Type '{}' has no call signatures.
tslib.ts(303,5): error TS2349: This expression is not callable.
  Type '{}' has no call signatures.
tslib.ts(304,5): error TS2349: This expression is not callable.
  Type '{}' has no call signatures.
tslib.ts(305,5): error TS2349: This expression is not callable.
  Type '{}' has no call signatures.
tslib.ts(306,5): error TS2349: This expression is not callable.
  Type '{}' has no call signatures.
tslib.ts(307,5): error TS2349: This expression is not callable.
  Type '{}' has no call signatures.
tslib.ts(308,5): error TS2349: This expression is not callable.
  Type '{}' has no call signatures.
tslib.ts(309,5): error TS2349: This expression is not callable.
  Type '{}' has no call signatures.
tslib.ts(310,5): error TS2349: This expression is not callable.
  Type '{}' has no call signatures.
tslib.ts(311,5): error TS2349: This expression is not callable.
  Type '{}' has no call signatures.
tslib.ts(312,5): error TS2349: This expression is not callable.
  Type '{}' has no call signatures.
tslib.ts(313,5): error TS2349: This expression is not callable.
  Type '{}' has no call signatures.
tslib.ts(314,5): error TS2349: This expression is not callable.
  Type '{}' has no call signatures.
tslib.ts(315,5): error TS2349: This expression is not callable.
  Type '{}' has no call signatures.
tslib.ts(316,5): error TS2349: This expression is not callable.
  Type '{}' has no call signatures.
tslib.ts(317,5): error TS2349: This expression is not callable.
  Type '{}' has no call signatures.
tslib.ts(318,5): error TS2349: This expression is not callable.
  Type '{}' has no call signatures.

