array-length/coerce.ts(6,2): error TS2322: Type 'Number | null' is not assignable to type 'String'.
  Type 'null' is not assignable to type 'String'.
array-length/coerce.ts(6,30): error TS2345: Argument of type 'String' is not assignable to parameter of type 'Number'.
array-length/coerce.ts(8,6): error TS2365: Operator '<' cannot be applied to types 'String' and 'number'.
array-length/ensure.ts(7,6): error TS2322: Type 'String | null' is not assignable to type 'Number'.
  Type 'null' is not assignable to type 'Number'.
array-length/ensure.ts(11,22): error TS2339: Property 'name' does not exist on type 'Object'.
array-like/ensure.ts(7,16): error TS2554: Expected 1 arguments, but got 2.
array-like/ensure.ts(10,22): error TS2339: Property 'name' does not exist on type 'Object'.
array-like/is.ts(9,16): error TS2345: Argument of type 'Object' is not assignable to parameter of type 'String'.
  The 'Object' type is assignable to very few other types. Did you mean to use the 'any' type instead?
array-like/is.ts(9,36): error TS2339: Property 'allowString' does not exist on type 'Object'.
array-like/is.ts(19,26): error TS2345: Argument of type 'Number' is not assignable to parameter of type 'String'.
array/ensure.ts(11,33): error TS2314: Generic type 'Array<T>' requires 1 type argument(s).
array/ensure.ts(14,22): error TS2339: Property 'name' does not exist on type 'Object'.
array/ensure.ts(18,57): error TS2339: Property 'ensureItem' does not exist on type 'Object'.
array/ensure.ts(18,69): error TS2554: Expected 1 arguments, but got 2.
array/ensure.ts(20,48): error TS2314: Generic type 'Array<T>' requires 1 type argument(s).
array/ensure.ts(31,4): error TS7053: Element implicitly has an 'any' type because expression of type 'number' can't be used to index type 'Object'.
  No index signature with a parameter of type 'number' was found on type 'Object'.
array/ensure.ts(31,26): error TS2454: Variable 'coercedItem' is used before being assigned.
array/ensure.ts(35,50): error TS2345: Argument of type 'Object' is not assignable to parameter of type 'Element'.
  The 'Object' type is assignable to very few other types. Did you mean to use the 'any' type instead?
array/is.ts(13,33): error TS2314: Generic type 'Array<T>' requires 1 type argument(s).
array/is.ts(17,7): error TS2304: Cannot find name 'hasOwnProperty'.
big-int/coerce.ts(9,15): error TS2345: Argument of type 'String' is not assignable to parameter of type 'Number'.
big-int/coerce.ts(11,22): error TS2345: Argument of type 'String' is not assignable to parameter of type 'string | number | bigint | boolean'.
big-int/ensure.ts(7,6): error TS2322: Type 'bigint | null' is not assignable to type 'Number'.
  Type 'null' is not assignable to type 'Number'.
big-int/ensure.ts(11,22): error TS2339: Property 'name' does not exist on type 'Object'.
constructor/ensure.ts(10,22): error TS2339: Property 'name' does not exist on type 'Object'.
constructor/is.ts(9,18): error TS2345: Argument of type 'String' is not assignable to parameter of type 'Function'.
date/ensure.ts(10,22): error TS2339: Property 'name' does not exist on type 'Object'.
date/is.ts(12,20): error TS2339: Property 'getFullYear' does not exist on type 'Object'.
date/is.ts(13,20): error TS2339: Property 'getTimezoneOffset' does not exist on type 'Object'.
date/is.ts(14,20): error TS2339: Property 'setFullYear' does not exist on type 'Object'.
date/is.ts(23,12): error TS2345: Argument of type 'Object' is not assignable to parameter of type 'number'.
ensure.ts(6,5): error TS2322: Type '(v: PropertyKey) => boolean' is not assignable to type 'Number'.
ensure.ts(10,31): error TS2339: Property 'call' does not exist on type 'Number'.
ensure.ts(10,50): error TS7053: Element implicitly has an 'any' type because expression of type 'string' can't be used to index type 'Object'.
  No index signature with a parameter of type 'string' was found on type 'Object'.
ensure.ts(10,64): error TS7053: Element implicitly has an 'any' type because expression of type 'string' can't be used to index type 'Object'.
  No index signature with a parameter of type 'string' was found on type 'Object'.
ensure.ts(15,22): error TS2314: Generic type 'Array<T>' requires 1 type argument(s).
ensure.ts(23,14): error TS2314: Generic type 'Array<T>' requires 1 type argument(s).
ensure.ts(23,34): error TS2314: Generic type 'Array<T>' requires 1 type argument(s).
ensure.ts(26,33): error TS7053: Element implicitly has an 'any' type because expression of type '0' can't be used to index type 'Object'.
  Property '0' does not exist on type 'Object'.
ensure.ts(27,7): error TS2454: Variable 'globalOptions' is used before being assigned.
ensure.ts(28,7): error TS7053: Element implicitly has an 'any' type because expression of type '3' can't be used to index type 'Object'.
  Property '3' does not exist on type 'Object'.
ensure.ts(28,43): error TS7053: Element implicitly has an 'any' type because expression of type '3' can't be used to index type 'Object'.
  Property '3' does not exist on type 'Object'.
ensure.ts(30,14): error TS7053: Element implicitly has an 'any' type because expression of type '2' can't be used to index type 'Object'.
  Property '2' does not exist on type 'Object'.
ensure.ts(31,38): error TS7053: Element implicitly has an 'any' type because expression of type '2' can't be used to index type 'Object'.
  Property '2' does not exist on type 'Object'.
ensure.ts(34,17): error TS7053: Element implicitly has an 'any' type because expression of type '2' can't be used to index type 'Object'.
  Property '2' does not exist on type 'Object'.
ensure.ts(34,36): error TS7053: Element implicitly has an 'any' type because expression of type '1' can't be used to index type 'Object'.
  Property '1' does not exist on type 'Object'.
ensure.ts(40,15): error TS2454: Variable 'resultItem' is used before being assigned.
ensure.ts(45,34): error TS2454: Variable 'globalOptions' is used before being assigned.
ensure.ts(45,65): error TS2339: Property 'Error' does not exist on type 'Object'.
ensure.ts(50,12): error TS2351: This expression is not constructable.
  Type 'Object' has no construct signatures.
error/ensure.ts(10,22): error TS2339: Property 'name' does not exist on type 'Object'.
error/is.ts(18,16): error TS2339: Property 'name' does not exist on type 'Object'.
error/is.ts(20,20): error TS2339: Property 'message' does not exist on type 'Object'.
error/is.ts(41,21): error TS2345: Argument of type 'Object' is not assignable to parameter of type 'Function'.
  The 'Object' type is assignable to very few other types. Did you mean to use the 'any' type instead?
    Type 'Object' is missing the following properties from type 'Function': apply, call, bind, prototype, and 6 more.
finite/coerce.ts(6,2): error TS2322: Type 'Number | null' is not assignable to type 'Number'.
  Type 'null' is not assignable to type 'Number'.
finite/coerce.ts(7,18): error TS2345: Argument of type 'Number' is not assignable to parameter of type 'number'.
  'number' is a primitive, but 'Number' is a wrapper object. Prefer using 'number' when possible.
finite/ensure.ts(7,6): error TS2322: Type 'Number | null' is not assignable to type 'Number'.
  Type 'null' is not assignable to type 'Number'.
finite/ensure.ts(7,31): error TS2345: Argument of type 'String' is not assignable to parameter of type 'Number'.
finite/ensure.ts(11,22): error TS2339: Property 'name' does not exist on type 'Object'.
function/ensure.ts(7,9): error TS2345: Argument of type 'String' is not assignable to parameter of type 'Function'.
function/ensure.ts(10,22): error TS2339: Property 'name' does not exist on type 'Object'.
function/is.ts(8,7): error TS2304: Cannot find name 'hasOwnProperty'.
integer/coerce.ts(8,2): error TS2322: Type 'Number | null' is not assignable to type 'Number'.
  Type 'null' is not assignable to type 'Number'.
integer/ensure.ts(7,31): error TS2345: Argument of type 'String' is not assignable to parameter of type 'Number'.
integer/ensure.ts(11,22): error TS2339: Property 'name' does not exist on type 'Object'.
iterable/ensure.ts(14,22): error TS2339: Property 'name' does not exist on type 'Object'.
iterable/ensure.ts(17,17): error TS2554: Expected 1 arguments, but got 2.
iterable/ensure.ts(17,51): error TS2345: Argument of type 'Object' is not assignable to parameter of type 'String'.
  The 'Object' type is assignable to very few other types. Did you mean to use the 'any' type instead?
iterable/ensure.ts(20,57): error TS2339: Property 'ensureItem' does not exist on type 'Object'.
iterable/ensure.ts(20,69): error TS2554: Expected 1 arguments, but got 2.
iterable/ensure.ts(22,21): error TS2314: Generic type 'Array<T>' requires 1 type argument(s).
iterable/ensure.ts(23,26): error TS7053: Element implicitly has an 'any' type because expression of type 'unique symbol' can't be used to index type 'Object'.
  Property '[SymbolConstructor.iterator]' does not exist on type 'Object'.
iterable/ensure.ts(24,40): error TS2314: Generic type 'Array<T>' requires 1 type argument(s).
iterable/ensure.ts(25,28): error TS2339: Property 'next' does not exist on type 'Object'.
iterable/ensure.ts(28,36): error TS2339: Property 'value' does not exist on type 'HTMLElement'.
iterable/ensure.ts(31,32): error TS2339: Property 'value' does not exist on type 'HTMLElement'.
iterable/ensure.ts(34,22): error TS2454: Variable 'newItemValue' is used before being assigned.
iterable/ensure.ts(38,43): error TS2345: Argument of type 'Object' is not assignable to parameter of type 'String'.
  The 'Object' type is assignable to very few other types. Did you mean to use the 'any' type instead?
iterable/ensure.ts(43,24): error TS2769: No overload matches this call.
  Overload 1 of 2, '(message?: string | undefined): TypeError', gave the following error.
    Argument of type 'String' is not assignable to parameter of type 'string'.
      'string' is a primitive, but 'String' is a wrapper object. Prefer using 'string' when possible.
  Overload 2 of 2, '(message?: string | undefined): Error', gave the following error.
    Argument of type 'String' is not assignable to parameter of type 'string'.
      'string' is a primitive, but 'String' is a wrapper object. Prefer using 'string' when possible.
iterable/is.ts(7,5): error TS2322: Type 'typeof Symbol.iterator' is not assignable to type 'String'.
iterable/is.ts(15,16): error TS2345: Argument of type 'Object' is not assignable to parameter of type 'String'.
  The 'Object' type is assignable to very few other types. Did you mean to use the 'any' type instead?
iterable/is.ts(16,17): error TS2345: Argument of type 'Object' is not assignable to parameter of type 'String'.
  The 'Object' type is assignable to very few other types. Did you mean to use the 'any' type instead?
iterable/is.ts(16,38): error TS2339: Property 'allowString' does not exist on type 'Object'.
iterable/is.ts(19,20): error TS2538: Type 'String' cannot be used as an index type.
iterable/is.ts(24,14): error TS2339: Property 'denyEmpty' does not exist on type 'Object'.
iterable/is.ts(26,14): error TS2538: Type 'String' cannot be used as an index type.
lib/ensure/min.ts(6,25): error TS2339: Property 'min' does not exist on type 'Object'.
lib/ensure/min.ts(8,22): error TS2339: Property 'name' does not exist on type 'Object'.
lib/ensure/min.ts(9,54): error TS2339: Property 'min' does not exist on type 'Object'.
lib/ensure/min.ts(10,46): error TS2339: Property 'min' does not exist on type 'Object'.
lib/resolve-error-message.ts(7,35): error TS2339: Property 'errorMessage' does not exist on type 'Element'.
lib/resolve-error-message.ts(8,3): error TS2322: Type 'string | null' is not assignable to type 'String'.
  Type 'null' is not assignable to type 'String'.
lib/resolve-error-message.ts(8,44): error TS2339: Property 'errorMessage' does not exist on type 'Element'.
lib/resolve-error-message.ts(12,6): error TS2322: Type 'String | "<Non-coercible to string value>" | null' is not assignable to type 'Number'.
  Type 'null' is not assignable to type 'Number'.
lib/resolve-error-message.ts(13,35): error TS2339: Property 'name' does not exist on type 'Element'.
lib/resolve-error-message.ts(14,7): error TS2322: Type 'number' is not assignable to type 'String'.
lib/resolve-error-message.ts(15,7): error TS2365: Operator '>' cannot be applied to types 'String' and 'number'.
lib/resolve-error-message.ts(18,9): error TS2365: Operator '>' cannot be applied to types 'String' and 'Number'.
lib/resolve-error-message.ts(19,6): error TS2740: Type 'Number' is missing the following properties from type 'String': charAt, charCodeAt, concat, indexOf, and 43 more.
lib/resolve-error-message.ts(21,33): error TS2339: Property 'name' does not exist on type 'Element'.
lib/resolve-error-message.ts(22,6): error TS2322: Type 'String' is not assignable to type 'Number'.
lib/resolve-error-message.ts(24,32): error TS2339: Property 'name' does not exist on type 'Element'.
lib/resolve-error-message.ts(25,6): error TS2322: Type 'String' is not assignable to type 'Number'.
lib/resolve-error-message.ts(26,6): error TS2322: Type 'Number' is not assignable to type 'String'.
lib/resolve-error-message.ts(30,28): error TS2345: Argument of type 'Number' is not assignable to parameter of type 'number'.
  'number' is a primitive, but 'Number' is a wrapper object. Prefer using 'number' when possible.
lib/resolve-error-message.ts(32,25): error TS2365: Operator '+' cannot be applied to types 'Number' and 'number'.
lib/resolve-error-message.ts(32,47): error TS2345: Argument of type 'Number' is not assignable to parameter of type 'number'.
  'number' is a primitive, but 'Number' is a wrapper object. Prefer using 'number' when possible.
lib/resolve-error-message.ts(34,25): error TS2365: Operator '+' cannot be applied to types 'Number' and 'number'.
lib/resolve-error-message.ts(38,27): error TS2345: Argument of type 'String' is not assignable to parameter of type 'number'.
lib/resolve-error-message.ts(39,18): error TS2339: Property 'name' does not exist on type 'Element'.
lib/resolve-error-message.ts(40,24): error TS2365: Operator '+' cannot be applied to types 'String' and 'number'.
lib/resolve-error-message.ts(46,26): error TS2345: Argument of type 'Number' is not assignable to parameter of type 'number'.
  'number' is a primitive, but 'Number' is a wrapper object. Prefer using 'number' when possible.
lib/resolve-error-message.ts(48,23): error TS2365: Operator '+' cannot be applied to types 'Number' and 'number'.
lib/resolve-exception.ts(7,31): error TS2345: Argument of type 'String' is not assignable to parameter of type 'Number'.
lib/resolve-exception.ts(8,41): error TS7053: Element implicitly has an 'any' type because expression of type '"default"' can't be used to index type 'Object'.
  Property 'default' does not exist on type 'Object'.
lib/resolve-exception.ts(9,20): error TS2339: Property 'isOptional' does not exist on type 'Object'.
lib/resolve-exception.ts(11,63): error TS2339: Property 'Error' does not exist on type 'Object'.
lib/resolve-exception.ts(12,31): error TS2351: This expression is not constructable.
  Type 'Object' has no construct signatures.
lib/resolve-exception.ts(12,91): error TS2345: Argument of type 'Object' is not assignable to parameter of type 'Element'.
  The 'Object' type is assignable to very few other types. Did you mean to use the 'any' type instead?
    Type 'Object' is missing the following properties from type 'Element': attributes, classList, className, clientHeight, and 160 more.
lib/resolve-exception.ts(13,35): error TS2339: Property 'errorCode' does not exist on type 'Object'.
lib/resolve-exception.ts(13,52): error TS2339: Property 'code' does not exist on type 'HTMLElement'.
lib/resolve-exception.ts(13,72): error TS2339: Property 'errorCode' does not exist on type 'Object'.
lib/to-short-string.ts(8,6): error TS2322: Type 'string | null' is not assignable to type 'String'.
  Type 'null' is not assignable to type 'String'.
map/ensure.ts(10,22): error TS2339: Property 'name' does not exist on type 'Object'.
map/is.ts(14,20): error TS2339: Property 'set' does not exist on type 'Object'.
map/is.ts(15,20): error TS2339: Property 'get' does not exist on type 'Object'.
map/is.ts(16,20): error TS2339: Property 'has' does not exist on type 'Object'.
map/is.ts(17,20): error TS2339: Property 'clear' does not exist on type 'Object'.
natural-number/ensure.ts(8,6): error TS2322: Type 'Number | null' is not assignable to type 'String'.
  Type 'null' is not assignable to type 'String'.
natural-number/ensure.ts(8,31): error TS2345: Argument of type 'String' is not assignable to parameter of type 'Number'.
natural-number/ensure.ts(11,16): error TS2339: Property 'min' does not exist on type 'Object'.
natural-number/ensure.ts(11,38): error TS2345: Argument of type 'String' is not assignable to parameter of type 'Number'.
natural-number/ensure.ts(17,22): error TS2339: Property 'name' does not exist on type 'Object'.
number/coerce.ts(12,12): error TS2345: Argument of type 'Number' is not assignable to parameter of type 'number'.
  'number' is a primitive, but 'Number' is a wrapper object. Prefer using 'number' when possible.
number/ensure.ts(7,6): error TS2322: Type 'Number | null' is not assignable to type 'Number'.
  Type 'null' is not assignable to type 'Number'.
number/ensure.ts(7,31): error TS2345: Argument of type 'String' is not assignable to parameter of type 'Number'.
number/ensure.ts(11,22): error TS2339: Property 'name' does not exist on type 'Object'.
object/ensure.ts(10,22): error TS2339: Property 'name' does not exist on type 'Object'.
object/is.ts(9,15): error TS2345: Argument of type 'String' is not assignable to parameter of type 'Number'.
  Type 'String' is missing the following properties from type 'Number': toFixed, toExponential, toPrecision
object/is.ts(10,9): error TS2304: Cannot find name 'hasOwnProperty'.
plain-function/ensure.ts(10,22): error TS2339: Property 'name' does not exist on type 'Object'.
plain-function/is.ts(8,18): error TS2345: Argument of type 'String' is not assignable to parameter of type 'Function'.
  Type 'String' is missing the following properties from type 'Function': apply, call, bind, prototype, and 5 more.
plain-object/ensure.ts(14,22): error TS2339: Property 'name' does not exist on type 'Object'.
plain-object/ensure.ts(17,10): error TS2345: Argument of type 'Object' is not assignable to parameter of type 'Function'.
  The 'Object' type is assignable to very few other types. Did you mean to use the 'any' type instead?
plain-object/ensure.ts(17,42): error TS2345: Argument of type 'Object' is not assignable to parameter of type 'String'.
  The 'Object' type is assignable to very few other types. Did you mean to use the 'any' type instead?
plain-object/ensure.ts(20,19): error TS2314: Generic type 'Array<T>' requires 1 type argument(s).
plain-object/ensure.ts(21,48): error TS2339: Property 'allowedKeys' does not exist on type 'Object'.
plain-object/ensure.ts(21,61): error TS2554: Expected 1 arguments, but got 2.
plain-object/ensure.ts(25,28): error TS2345: Argument of type 'String' is not assignable to parameter of type 'string'.
  'string' is a primitive, but 'String' is a wrapper object. Prefer using 'string' when possible.
plain-object/ensure.ts(31,43): error TS2345: Argument of type 'Object' is not assignable to parameter of type 'String'.
  The 'Object' type is assignable to very few other types. Did you mean to use the 'any' type instead?
plain-object/ensure.ts(34,24): error TS2769: No overload matches this call.
  Overload 1 of 2, '(message?: string | undefined): TypeError', gave the following error.
    Argument of type 'String' is not assignable to parameter of type 'string'.
      'string' is a primitive, but 'String' is a wrapper object. Prefer using 'string' when possible.
  Overload 2 of 2, '(message?: string | undefined): Error', gave the following error.
    Argument of type 'String' is not assignable to parameter of type 'string'.
      'string' is a primitive, but 'String' is a wrapper object. Prefer using 'string' when possible.
plain-object/ensure.ts(38,66): error TS2339: Property 'ensurePropertyValue' does not exist on type 'Object'.
plain-object/ensure.ts(38,87): error TS2554: Expected 1 arguments, but got 2.
plain-object/ensure.ts(47,54): error TS2538: Type 'String' cannot be used as an index type.
plain-object/ensure.ts(53,17): error TS2538: Type 'String' cannot be used as an index type.
plain-object/ensure.ts(53,24): error TS2454: Variable 'coercedPropertyValue' is used before being assigned.
plain-object/ensure.ts(57,43): error TS2345: Argument of type 'Object' is not assignable to parameter of type 'String'.
  The 'Object' type is assignable to very few other types. Did you mean to use the 'any' type instead?
plain-object/ensure.ts(60,24): error TS2769: No overload matches this call.
  Overload 1 of 2, '(message?: string | undefined): TypeError', gave the following error.
    Argument of type 'String' is not assignable to parameter of type 'string'.
      'string' is a primitive, but 'String' is a wrapper object. Prefer using 'string' when possible.
  Overload 2 of 2, '(message?: string | undefined): Error', gave the following error.
    Argument of type 'String' is not assignable to parameter of type 'string'.
      'string' is a primitive, but 'String' is a wrapper object. Prefer using 'string' when possible.
plain-object/is.ts(9,15): error TS2339: Property '__proto__' does not exist on type '{}'.
plain-object/is.ts(10,61): error TS2339: Property '__proto__' does not exist on type 'Object'.
plain-object/is.ts(14,16): error TS2345: Argument of type 'Function' is not assignable to parameter of type 'String'.
  Type 'Function' is missing the following properties from type 'String': charAt, charCodeAt, concat, indexOf, and 42 more.
plain-object/is.ts(26,6): error TS2454: Variable 'prototype' is used before being assigned.
plain-object/is.ts(26,20): error TS2304: Cannot find name 'hasOwnProperty'.
promise/ensure.ts(10,22): error TS2339: Property 'name' does not exist on type 'Object'.
promise/is.ts(10,33): error TS2314: Generic type 'Promise<T>' requires 1 type argument(s).
prototype/is.ts(6,16): error TS2345: Argument of type 'Object' is not assignable to parameter of type 'String'.
  The 'Object' type is assignable to very few other types. Did you mean to use the 'any' type instead?
    Type 'Object' is missing the following properties from type 'String': charAt, charCodeAt, concat, indexOf, and 43 more.
reg-exp/ensure.ts(10,22): error TS2339: Property 'name' does not exist on type 'Object'.
reg-exp/is.ts(6,5): error TS2322: Type '(string: string) => boolean' is not assignable to type 'String'.
reg-exp/is.ts(14,7): error TS2304: Cannot find name 'hasOwnProperty'.
reg-exp/is.ts(16,20): error TS2339: Property 'lastIndex' does not exist on type 'Object'.
reg-exp/is.ts(17,20): error TS2339: Property 'test' does not exist on type 'Object'.
reg-exp/is.ts(18,20): error TS2339: Property 'exec' does not exist on type 'Object'.
reg-exp/is.ts(24,39): error TS7053: Element implicitly has an 'any' type because expression of type 'unique symbol' can't be used to index type 'Object'.
  Property '[SymbolConstructor.toStringTag]' does not exist on type 'Object'.
reg-exp/is.ts(27,35): error TS2339: Property 'lastIndex' does not exist on type 'Object'.
reg-exp/is.ts(28,15): error TS2339: Property 'call' does not exist on type 'String'.
reg-exp/is.ts(29,14): error TS2339: Property 'lastIndex' does not exist on type 'Object'.
reg-exp/is.ts(29,45): error TS2339: Property 'lastIndex' does not exist on type 'Object'.
safe-integer/ensure.ts(7,6): error TS2322: Type 'Number | null' is not assignable to type 'Number'.
  Type 'null' is not assignable to type 'Number'.
safe-integer/ensure.ts(7,31): error TS2345: Argument of type 'String' is not assignable to parameter of type 'Number'.
safe-integer/ensure.ts(11,22): error TS2339: Property 'name' does not exist on type 'Object'.
set/ensure.ts(10,22): error TS2339: Property 'name' does not exist on type 'Object'.
set/is.ts(14,20): error TS2339: Property 'add' does not exist on type 'Object'.
set/is.ts(15,20): error TS2339: Property 'has' does not exist on type 'Object'.
set/is.ts(16,20): error TS2339: Property 'clear' does not exist on type 'Object'.
string/coerce.ts(6,30): error TS2322: Type '() => string' is not assignable to type 'String'.
string/coerce.ts(9,15): error TS2345: Argument of type 'String' is not assignable to parameter of type 'Number'.
string/coerce.ts(12,31): error TS2322: Type '() => string' is not assignable to type 'String'.
string/ensure.ts(7,6): error TS2322: Type 'string | null' is not assignable to type 'Number'.
  Type 'null' is not assignable to type 'Number'.
string/ensure.ts(11,22): error TS2339: Property 'name' does not exist on type 'Object'.
thenable/ensure.ts(10,22): error TS2339: Property 'name' does not exist on type 'Object'.
thenable/is.ts(5,33): error TS2314: Generic type 'Promise<T>' requires 1 type argument(s).
time-value/ensure.ts(7,6): error TS2322: Type 'Number | null' is not assignable to type 'Number'.
  Type 'null' is not assignable to type 'Number'.
time-value/ensure.ts(7,31): error TS2345: Argument of type 'String' is not assignable to parameter of type 'Number'.
time-value/ensure.ts(11,22): error TS2339: Property 'name' does not exist on type 'Object'.
value/ensure.ts(7,9): error TS2345: Argument of type 'String' is not assignable to parameter of type 'Number'.
value/ensure.ts(10,22): error TS2339: Property 'name' does not exist on type 'Object'.
value/is.ts(4,5): error TS2322: Type 'undefined' is not assignable to type 'RegExp'.
value/is.ts(6,50): error TS2367: This condition will always return 'true' since the types 'Number' and 'RegExp' have no overlap.
../../../../node_modules/@types/get-intrinsic/internal/intrinsics.d.ts(11,25): error TS2304: Cannot find name 'AggregateErrorConstructor'.
../../../../node_modules/@types/get-intrinsic/internal/intrinsics.d.ts(126,42): error TS2304: Cannot find name 'AggregateError'.
../../../../node_modules/@types/get-intrinsic/internal/intrinsics.d.ts(127,47): error TS2304: Cannot find name 'AggregateError'.
../../../../node_modules/@types/get-intrinsic/internal/intrinsics.d.ts(128,50): error TS2304: Cannot find name 'AggregateError'.
../../../../node_modules/@types/get-intrinsic/internal/intrinsics.d.ts(418,37): error TS2550: Property 'any' does not exist on type 'PromiseConstructor'. Do you need to change your target library? Try changing the 'lib' compiler option to 'es2021' or later.
../../../../node_modules/@types/get-intrinsic/internal/intrinsics.d.ts(514,62): error TS2550: Property 'replaceAll' does not exist on type 'String'. Do you need to change your target library? Try changing the 'lib' compiler option to 'es2021' or later.

