examples/benchmark/browser.ts(1,23): error TS2307: Cannot find module './node_modules/uuid/dist/esm-browser/index.js' or its corresponding type declarations.
examples/benchmark/browser.ts(7,24): error TS2339: Property 'Benchmark' does not exist on type 'Window & typeof globalThis'.
examples/benchmark/node.ts(1,23): error TS2307: Cannot find module 'uuid' or its corresponding type declarations.
examples/benchmark/node.ts(2,23): error TS2307: Cannot find module 'benchmark' or its corresponding type declarations.
examples/browser-esmodules/example.ts(11,8): error TS2307: Cannot find module './node_modules/uuid/dist/esm-browser/index.js' or its corresponding type declarations.
examples/browser-esmodules/example.ts(12,23): error TS2307: Cannot find module './node_modules/uuid/dist/esm-browser/index.js' or its corresponding type declarations.
examples/browser-rollup/example-all.ts(11,8): error TS2307: Cannot find module 'uuid' or its corresponding type declarations.
examples/browser-rollup/example-all.ts(12,23): error TS2307: Cannot find module 'uuid' or its corresponding type declarations.
examples/browser-rollup/example-v1.ts(1,30): error TS2307: Cannot find module 'uuid' or its corresponding type declarations.
examples/browser-rollup/example-v4.ts(1,30): error TS2307: Cannot find module 'uuid' or its corresponding type declarations.
examples/browser-rollup/rollup.config.ts(1,29): error TS2307: Cannot find module '@rollup/plugin-node-resolve' or its corresponding type declarations.
examples/browser-rollup/rollup.config.ts(2,24): error TS2307: Cannot find module 'rollup-plugin-terser' or its corresponding type declarations.
examples/browser-rollup/size-v1.ts(1,30): error TS2307: Cannot find module 'uuid' or its corresponding type declarations.
examples/browser-rollup/size-v3.ts(1,30): error TS2307: Cannot find module 'uuid' or its corresponding type declarations.
examples/browser-rollup/size-v4.ts(1,30): error TS2307: Cannot find module 'uuid' or its corresponding type declarations.
examples/browser-rollup/size-v5.ts(1,30): error TS2307: Cannot find module 'uuid' or its corresponding type declarations.
examples/browser-webpack/example-all-require.ts(1,18): error TS2307: Cannot find module 'uuid' or its corresponding type declarations.
examples/browser-webpack/example-all-require.ts(17,3): error TS2349: This expression is not callable.
  Type '{}' has no call signatures.
examples/browser-webpack/example-all-require.ts(19,3): error TS2349: This expression is not callable.
  Type '{}' has no call signatures.
examples/browser-webpack/example-all-require.ts(21,3): error TS2349: This expression is not callable.
  Type '{}' has no call signatures.
examples/browser-webpack/example-all-require.ts(24,3): error TS2349: This expression is not callable.
  Type '{}' has no call signatures.
examples/browser-webpack/example-all-require.ts(27,3): error TS2349: This expression is not callable.
  Type '{}' has no call signatures.
examples/browser-webpack/example-all-require.ts(34,3): error TS2349: This expression is not callable.
  Type '{}' has no call signatures.
examples/browser-webpack/example-all-require.ts(37,3): error TS2349: This expression is not callable.
  Type '{}' has no call signatures.
examples/browser-webpack/example-all-require.ts(40,3): error TS2349: This expression is not callable.
  Type '{}' has no call signatures.
examples/browser-webpack/example-all-require.ts(47,3): error TS2349: This expression is not callable.
  Type '{}' has no call signatures.
examples/browser-webpack/example-all-require.ts(50,3): error TS2349: This expression is not callable.
  Type '{}' has no call signatures.
examples/browser-webpack/example-all-require.ts(51,3): error TS2349: This expression is not callable.
  Type '{}' has no call signatures.
examples/browser-webpack/example-all-require.ts(52,3): error TS2349: This expression is not callable.
  Type '{}' has no call signatures.
examples/browser-webpack/example-all-require.ts(53,3): error TS2349: This expression is not callable.
  Type '{}' has no call signatures.
examples/browser-webpack/example-all-require.ts(54,3): error TS2349: This expression is not callable.
  Type '{}' has no call signatures.
examples/browser-webpack/example-all-require.ts(56,3): error TS2349: This expression is not callable.
  Type '{}' has no call signatures.
examples/browser-webpack/example-all-require.ts(58,3): error TS2349: This expression is not callable.
  Type '{}' has no call signatures.
examples/browser-webpack/example-all-require.ts(59,3): error TS2349: This expression is not callable.
  Type '{}' has no call signatures.
examples/browser-webpack/example-all-require.ts(60,3): error TS2349: This expression is not callable.
  Type '{}' has no call signatures.
examples/browser-webpack/example-all-require.ts(61,3): error TS2349: This expression is not callable.
  Type '{}' has no call signatures.
examples/browser-webpack/example-all-require.ts(62,3): error TS2349: This expression is not callable.
  Type '{}' has no call signatures.
examples/browser-webpack/example-all-require.ts(63,3): error TS2349: This expression is not callable.
  Type '{}' has no call signatures.
examples/browser-webpack/example-all-require.ts(64,3): error TS2349: This expression is not callable.
  Type '{}' has no call signatures.
examples/browser-webpack/example-all-require.ts(65,3): error TS2349: This expression is not callable.
  Type '{}' has no call signatures.
examples/browser-webpack/example-all-require.ts(67,3): error TS2349: This expression is not callable.
  Type '{}' has no call signatures.
examples/browser-webpack/example-all-require.ts(68,3): error TS2349: This expression is not callable.
  Type '{}' has no call signatures.
examples/browser-webpack/example-all-require.ts(69,3): error TS2349: This expression is not callable.
  Type '{}' has no call signatures.
examples/browser-webpack/example-all-require.ts(70,3): error TS2349: This expression is not callable.
  Type '{}' has no call signatures.
examples/browser-webpack/example-all-require.ts(71,3): error TS2349: This expression is not callable.
  Type '{}' has no call signatures.
examples/browser-webpack/example-all.ts(11,8): error TS2307: Cannot find module 'uuid' or its corresponding type declarations.
examples/browser-webpack/example-all.ts(12,23): error TS2307: Cannot find module 'uuid' or its corresponding type declarations.
examples/browser-webpack/example-v1.ts(1,30): error TS2307: Cannot find module 'uuid' or its corresponding type declarations.
examples/browser-webpack/example-v4.ts(1,30): error TS2307: Cannot find module 'uuid' or its corresponding type declarations.
examples/browser-webpack/size-v1.ts(1,30): error TS2307: Cannot find module 'uuid' or its corresponding type declarations.
examples/browser-webpack/size-v3.ts(1,30): error TS2307: Cannot find module 'uuid' or its corresponding type declarations.
examples/browser-webpack/size-v4.ts(1,30): error TS2307: Cannot find module 'uuid' or its corresponding type declarations.
examples/browser-webpack/size-v5.ts(1,30): error TS2307: Cannot find module 'uuid' or its corresponding type declarations.
examples/node-commonjs/example.ts(11,8): error TS2307: Cannot find module 'uuid' or its corresponding type declarations.
examples/node-commonjs/example.ts(13,18): error TS2307: Cannot find module 'uuid' or its corresponding type declarations.
examples/node-commonjs/example.ts(14,17): error TS2732: Cannot find module 'uuid/package.json'. Consider using '--resolveJsonModule' to import module with '.json' extension.
examples/node-webpack/example-all.ts(1,72): error TS2307: Cannot find module 'uuid' or its corresponding type declarations.
examples/node-webpack/example-all.ts(2,23): error TS2307: Cannot find module 'uuid' or its corresponding type declarations.
examples/node-webpack/example-v1.ts(1,30): error TS2307: Cannot find module 'uuid' or its corresponding type declarations.
examples/node-webpack/example-v4.ts(1,30): error TS2307: Cannot find module 'uuid' or its corresponding type declarations.
src/md5-browser.ts(25,5): error TS2322: Type 'Uint8Array' is not assignable to type 'any[]'.
src/md5-browser.ts(32,3): error TS2322: Type 'any[]' is not assignable to type 'string'.
src/md5-browser.ts(58,12): error TS2362: The left-hand side of an arithmetic operation must be of type 'any', 'number', 'bigint' or an enum type.
src/md5-browser.ts(67,21): error TS2345: Argument of type 'number' is not assignable to parameter of type 'string'.
src/md5-browser.ts(74,25): error TS2339: Property 'length' does not exist on type 'object'.
src/md5-browser.ts(80,5): error TS2322: Type 'string' is not assignable to type 'number'.
src/md5-browser.ts(80,15): error TS2345: Argument of type 'number' is not assignable to parameter of type 'string'.
src/md5-browser.ts(81,5): error TS2322: Type 'string' is not assignable to type 'number'.
src/md5-browser.ts(81,15): error TS2345: Argument of type 'number' is not assignable to parameter of type 'string'.
src/md5-browser.ts(82,5): error TS2322: Type 'string' is not assignable to type 'number'.
src/md5-browser.ts(82,15): error TS2345: Argument of type 'number' is not assignable to parameter of type 'string'.
src/md5-browser.ts(83,5): error TS2322: Type 'string' is not assignable to type 'number'.
src/md5-browser.ts(83,15): error TS2345: Argument of type 'number' is not assignable to parameter of type 'string'.
src/md5-browser.ts(84,5): error TS2322: Type 'string' is not assignable to type 'number'.
src/md5-browser.ts(84,15): error TS2345: Argument of type 'number' is not assignable to parameter of type 'string'.
src/md5-browser.ts(85,5): error TS2322: Type 'string' is not assignable to type 'number'.
src/md5-browser.ts(85,15): error TS2345: Argument of type 'number' is not assignable to parameter of type 'string'.
src/md5-browser.ts(86,5): error TS2322: Type 'string' is not assignable to type 'number'.
src/md5-browser.ts(86,15): error TS2345: Argument of type 'number' is not assignable to parameter of type 'string'.
src/md5-browser.ts(87,5): error TS2322: Type 'string' is not assignable to type 'number'.
src/md5-browser.ts(87,15): error TS2345: Argument of type 'number' is not assignable to parameter of type 'string'.
src/md5-browser.ts(88,5): error TS2322: Type 'string' is not assignable to type 'number'.
src/md5-browser.ts(88,15): error TS2345: Argument of type 'number' is not assignable to parameter of type 'string'.
src/md5-browser.ts(89,5): error TS2322: Type 'string' is not assignable to type 'number'.
src/md5-browser.ts(89,15): error TS2345: Argument of type 'number' is not assignable to parameter of type 'string'.
src/md5-browser.ts(90,5): error TS2322: Type 'string' is not assignable to type 'number'.
src/md5-browser.ts(90,15): error TS2345: Argument of type 'number' is not assignable to parameter of type 'string'.
src/md5-browser.ts(91,5): error TS2322: Type 'string' is not assignable to type 'number'.
src/md5-browser.ts(91,15): error TS2345: Argument of type 'number' is not assignable to parameter of type 'string'.
src/md5-browser.ts(92,5): error TS2322: Type 'string' is not assignable to type 'number'.
src/md5-browser.ts(92,15): error TS2345: Argument of type 'number' is not assignable to parameter of type 'string'.
src/md5-browser.ts(93,5): error TS2322: Type 'string' is not assignable to type 'number'.
src/md5-browser.ts(93,15): error TS2345: Argument of type 'number' is not assignable to parameter of type 'string'.
src/md5-browser.ts(94,5): error TS2322: Type 'string' is not assignable to type 'number'.
src/md5-browser.ts(94,15): error TS2345: Argument of type 'number' is not assignable to parameter of type 'string'.
src/md5-browser.ts(95,5): error TS2322: Type 'string' is not assignable to type 'number'.
src/md5-browser.ts(95,15): error TS2345: Argument of type 'number' is not assignable to parameter of type 'string'.
src/md5-browser.ts(97,5): error TS2322: Type 'string' is not assignable to type 'number'.
src/md5-browser.ts(97,15): error TS2345: Argument of type 'number' is not assignable to parameter of type 'string'.
src/md5-browser.ts(98,5): error TS2322: Type 'string' is not assignable to type 'number'.
src/md5-browser.ts(98,15): error TS2345: Argument of type 'number' is not assignable to parameter of type 'string'.
src/md5-browser.ts(99,5): error TS2322: Type 'string' is not assignable to type 'number'.
src/md5-browser.ts(99,15): error TS2345: Argument of type 'number' is not assignable to parameter of type 'string'.
src/md5-browser.ts(100,5): error TS2322: Type 'string' is not assignable to type 'number'.
src/md5-browser.ts(100,15): error TS2345: Argument of type 'number' is not assignable to parameter of type 'string'.
src/md5-browser.ts(101,5): error TS2322: Type 'string' is not assignable to type 'number'.
src/md5-browser.ts(101,15): error TS2345: Argument of type 'number' is not assignable to parameter of type 'string'.
src/md5-browser.ts(102,5): error TS2322: Type 'string' is not assignable to type 'number'.
src/md5-browser.ts(102,15): error TS2345: Argument of type 'number' is not assignable to parameter of type 'string'.
src/md5-browser.ts(103,5): error TS2322: Type 'string' is not assignable to type 'number'.
src/md5-browser.ts(103,15): error TS2345: Argument of type 'number' is not assignable to parameter of type 'string'.
src/md5-browser.ts(104,5): error TS2322: Type 'string' is not assignable to type 'number'.
src/md5-browser.ts(104,15): error TS2345: Argument of type 'number' is not assignable to parameter of type 'string'.
src/md5-browser.ts(105,5): error TS2322: Type 'string' is not assignable to type 'number'.
src/md5-browser.ts(105,15): error TS2345: Argument of type 'number' is not assignable to parameter of type 'string'.
src/md5-browser.ts(106,5): error TS2322: Type 'string' is not assignable to type 'number'.
src/md5-browser.ts(106,15): error TS2345: Argument of type 'number' is not assignable to parameter of type 'string'.
src/md5-browser.ts(107,5): error TS2322: Type 'string' is not assignable to type 'number'.
src/md5-browser.ts(107,15): error TS2345: Argument of type 'number' is not assignable to parameter of type 'string'.
src/md5-browser.ts(108,5): error TS2322: Type 'string' is not assignable to type 'number'.
src/md5-browser.ts(108,15): error TS2345: Argument of type 'number' is not assignable to parameter of type 'string'.
src/md5-browser.ts(109,5): error TS2322: Type 'string' is not assignable to type 'number'.
src/md5-browser.ts(109,15): error TS2345: Argument of type 'number' is not assignable to parameter of type 'string'.
src/md5-browser.ts(110,5): error TS2322: Type 'string' is not assignable to type 'number'.
src/md5-browser.ts(110,15): error TS2345: Argument of type 'number' is not assignable to parameter of type 'string'.
src/md5-browser.ts(111,5): error TS2322: Type 'string' is not assignable to type 'number'.
src/md5-browser.ts(111,15): error TS2345: Argument of type 'number' is not assignable to parameter of type 'string'.
src/md5-browser.ts(112,5): error TS2322: Type 'string' is not assignable to type 'number'.
src/md5-browser.ts(112,15): error TS2345: Argument of type 'number' is not assignable to parameter of type 'string'.
src/md5-browser.ts(114,5): error TS2322: Type 'string' is not assignable to type 'number'.
src/md5-browser.ts(114,15): error TS2345: Argument of type 'number' is not assignable to parameter of type 'string'.
src/md5-browser.ts(115,5): error TS2322: Type 'string' is not assignable to type 'number'.
src/md5-browser.ts(115,15): error TS2345: Argument of type 'number' is not assignable to parameter of type 'string'.
src/md5-browser.ts(116,5): error TS2322: Type 'string' is not assignable to type 'number'.
src/md5-browser.ts(116,15): error TS2345: Argument of type 'number' is not assignable to parameter of type 'string'.
src/md5-browser.ts(117,5): error TS2322: Type 'string' is not assignable to type 'number'.
src/md5-browser.ts(117,15): error TS2345: Argument of type 'number' is not assignable to parameter of type 'string'.
src/md5-browser.ts(118,5): error TS2322: Type 'string' is not assignable to type 'number'.
src/md5-browser.ts(118,15): error TS2345: Argument of type 'number' is not assignable to parameter of type 'string'.
src/md5-browser.ts(119,5): error TS2322: Type 'string' is not assignable to type 'number'.
src/md5-browser.ts(119,15): error TS2345: Argument of type 'number' is not assignable to parameter of type 'string'.
src/md5-browser.ts(120,5): error TS2322: Type 'string' is not assignable to type 'number'.
src/md5-browser.ts(120,15): error TS2345: Argument of type 'number' is not assignable to parameter of type 'string'.
src/md5-browser.ts(121,5): error TS2322: Type 'string' is not assignable to type 'number'.
src/md5-browser.ts(121,15): error TS2345: Argument of type 'number' is not assignable to parameter of type 'string'.
src/md5-browser.ts(122,5): error TS2322: Type 'string' is not assignable to type 'number'.
src/md5-browser.ts(122,15): error TS2345: Argument of type 'number' is not assignable to parameter of type 'string'.
src/md5-browser.ts(123,5): error TS2322: Type 'string' is not assignable to type 'number'.
src/md5-browser.ts(123,15): error TS2345: Argument of type 'number' is not assignable to parameter of type 'string'.
src/md5-browser.ts(124,5): error TS2322: Type 'string' is not assignable to type 'number'.
src/md5-browser.ts(124,15): error TS2345: Argument of type 'number' is not assignable to parameter of type 'string'.
src/md5-browser.ts(125,5): error TS2322: Type 'string' is not assignable to type 'number'.
src/md5-browser.ts(125,15): error TS2345: Argument of type 'number' is not assignable to parameter of type 'string'.
src/md5-browser.ts(126,5): error TS2322: Type 'string' is not assignable to type 'number'.
src/md5-browser.ts(126,15): error TS2345: Argument of type 'number' is not assignable to parameter of type 'string'.
src/md5-browser.ts(127,5): error TS2322: Type 'string' is not assignable to type 'number'.
src/md5-browser.ts(127,15): error TS2345: Argument of type 'number' is not assignable to parameter of type 'string'.
src/md5-browser.ts(128,5): error TS2322: Type 'string' is not assignable to type 'number'.
src/md5-browser.ts(128,15): error TS2345: Argument of type 'number' is not assignable to parameter of type 'string'.
src/md5-browser.ts(129,5): error TS2322: Type 'string' is not assignable to type 'number'.
src/md5-browser.ts(129,15): error TS2345: Argument of type 'number' is not assignable to parameter of type 'string'.
src/md5-browser.ts(131,5): error TS2322: Type 'string' is not assignable to type 'number'.
src/md5-browser.ts(131,15): error TS2345: Argument of type 'number' is not assignable to parameter of type 'string'.
src/md5-browser.ts(132,5): error TS2322: Type 'string' is not assignable to type 'number'.
src/md5-browser.ts(132,15): error TS2345: Argument of type 'number' is not assignable to parameter of type 'string'.
src/md5-browser.ts(133,5): error TS2322: Type 'string' is not assignable to type 'number'.
src/md5-browser.ts(133,15): error TS2345: Argument of type 'number' is not assignable to parameter of type 'string'.
src/md5-browser.ts(134,5): error TS2322: Type 'string' is not assignable to type 'number'.
src/md5-browser.ts(134,15): error TS2345: Argument of type 'number' is not assignable to parameter of type 'string'.
src/md5-browser.ts(135,5): error TS2322: Type 'string' is not assignable to type 'number'.
src/md5-browser.ts(135,15): error TS2345: Argument of type 'number' is not assignable to parameter of type 'string'.
src/md5-browser.ts(136,5): error TS2322: Type 'string' is not assignable to type 'number'.
src/md5-browser.ts(136,15): error TS2345: Argument of type 'number' is not assignable to parameter of type 'string'.
src/md5-browser.ts(137,5): error TS2322: Type 'string' is not assignable to type 'number'.
src/md5-browser.ts(137,15): error TS2345: Argument of type 'number' is not assignable to parameter of type 'string'.
src/md5-browser.ts(138,5): error TS2322: Type 'string' is not assignable to type 'number'.
src/md5-browser.ts(138,15): error TS2345: Argument of type 'number' is not assignable to parameter of type 'string'.
src/md5-browser.ts(139,5): error TS2322: Type 'string' is not assignable to type 'number'.
src/md5-browser.ts(139,15): error TS2345: Argument of type 'number' is not assignable to parameter of type 'string'.
src/md5-browser.ts(140,5): error TS2322: Type 'string' is not assignable to type 'number'.
src/md5-browser.ts(140,15): error TS2345: Argument of type 'number' is not assignable to parameter of type 'string'.
src/md5-browser.ts(141,5): error TS2322: Type 'string' is not assignable to type 'number'.
src/md5-browser.ts(141,15): error TS2345: Argument of type 'number' is not assignable to parameter of type 'string'.
src/md5-browser.ts(142,5): error TS2322: Type 'string' is not assignable to type 'number'.
src/md5-browser.ts(142,15): error TS2345: Argument of type 'number' is not assignable to parameter of type 'string'.
src/md5-browser.ts(143,5): error TS2322: Type 'string' is not assignable to type 'number'.
src/md5-browser.ts(143,15): error TS2345: Argument of type 'number' is not assignable to parameter of type 'string'.
src/md5-browser.ts(144,5): error TS2322: Type 'string' is not assignable to type 'number'.
src/md5-browser.ts(144,15): error TS2345: Argument of type 'number' is not assignable to parameter of type 'string'.
src/md5-browser.ts(145,5): error TS2322: Type 'string' is not assignable to type 'number'.
src/md5-browser.ts(145,15): error TS2345: Argument of type 'number' is not assignable to parameter of type 'string'.
src/md5-browser.ts(146,5): error TS2322: Type 'string' is not assignable to type 'number'.
src/md5-browser.ts(146,15): error TS2345: Argument of type 'number' is not assignable to parameter of type 'string'.
src/md5-browser.ts(168,58): error TS2345: Argument of type 'number' is not assignable to parameter of type 'string'.
src/md5-browser.ts(174,3): error TS2740: Type '{}' is missing the following properties from type 'any[]': length, pop, push, concat, and 29 more.
src/md5-browser.ts(198,3): error TS2322: Type 'number' is not assignable to type 'string'.
src/md5-browser.ts(198,48): error TS2345: Argument of type 'Function' is not assignable to parameter of type 'number'.
src/md5-browser.ts(198,63): error TS2345: Argument of type 'string' is not assignable to parameter of type 'number'.
src/md5-browser.ts(198,71): error TS2345: Argument of type 'string' is not assignable to parameter of type 'number'.
src/md5-browser.ts(198,75): error TS2345: Argument of type 'string' is not assignable to parameter of type 'number'.
src/md5-browser.ts(202,17): error TS2345: Argument of type 'number' is not assignable to parameter of type 'string'.
src/md5-browser.ts(206,17): error TS2345: Argument of type 'number' is not assignable to parameter of type 'string'.
src/md5-browser.ts(210,17): error TS2345: Argument of type 'number' is not assignable to parameter of type 'string'.
src/md5-browser.ts(214,17): error TS2345: Argument of type 'number' is not assignable to parameter of type 'string'.
src/md5.ts(5,5): error TS2322: Type 'Buffer' is not assignable to type 'string'.
src/md5.ts(7,5): error TS2322: Type 'Buffer' is not assignable to type 'string'.
src/md5.ts(10,3): error TS2322: Type 'Buffer' is not assignable to type 'string'.
src/parse.ts(12,26): error TS2345: Argument of type 'any[]' is not assignable to parameter of type 'string'.
src/parse.ts(18,26): error TS2345: Argument of type 'any[]' is not assignable to parameter of type 'string'.
src/parse.ts(22,26): error TS2345: Argument of type 'any[]' is not assignable to parameter of type 'string'.
src/parse.ts(26,26): error TS2345: Argument of type 'any[]' is not assignable to parameter of type 'string'.
src/parse.ts(31,28): error TS2345: Argument of type 'any[]' is not assignable to parameter of type 'string'.
src/rng-browser.ts(7,7): error TS2322: Type 'Uint8Array' is not assignable to type 'string'.
src/rng.ts(3,7): error TS2740: Type 'Uint8Array' is missing the following properties from type 'any[]': pop, push, concat, shift, and 5 more.
src/rng.ts(8,27): error TS2345: Argument of type 'any[]' is not assignable to parameter of type 'ArrayBufferView'.
  Type 'any[]' is missing the following properties from type 'BigUint64Array': BYTES_PER_ELEMENT, buffer, byteLength, byteOffset, and 3 more.
src/rng.ts(11,3): error TS2322: Type 'any[]' is not assignable to type 'string'.
src/sha1-browser.ts(5,10): error TS2678: Type 'number' is not comparable to type 'string'.
src/sha1-browser.ts(7,10): error TS2678: Type 'number' is not comparable to type 'string'.
src/sha1-browser.ts(9,10): error TS2678: Type 'number' is not comparable to type 'string'.
src/sha1-browser.ts(11,10): error TS2678: Type 'number' is not comparable to type 'string'.
src/sha1-browser.ts(80,25): error TS2362: The left-hand side of an arithmetic operation must be of type 'any', 'number', 'bigint' or an enum type.
src/sha1-browser.ts(80,31): error TS2345: Argument of type 'string' is not assignable to parameter of type 'number'.
src/sha1-browser.ts(80,41): error TS2345: Argument of type 'number' is not assignable to parameter of type 'string'.
src/sha1-browser.ts(82,7): error TS2322: Type 'number' is not assignable to type 'string'.
src/sha1-browser.ts(83,16): error TS2345: Argument of type 'string' is not assignable to parameter of type 'number'.
src/sha1-browser.ts(85,7): error TS2322: Type 'number' is not assignable to type 'string'.
src/sha1-browser.ts(88,12): error TS2362: The left-hand side of an arithmetic operation must be of type 'any', 'number', 'bigint' or an enum type.
src/sha1-browser.ts(89,12): error TS2362: The left-hand side of an arithmetic operation must be of type 'any', 'number', 'bigint' or an enum type.
src/sha1-browser.ts(91,12): error TS2362: The left-hand side of an arithmetic operation must be of type 'any', 'number', 'bigint' or an enum type.
src/sha1-browser.ts(92,12): error TS2362: The left-hand side of an arithmetic operation must be of type 'any', 'number', 'bigint' or an enum type.
src/sha1.ts(5,5): error TS2322: Type 'Buffer' is not assignable to type 'string'.
src/sha1.ts(7,5): error TS2322: Type 'Buffer' is not assignable to type 'string'.
src/sha1.ts(10,3): error TS2322: Type 'Buffer' is not assignable to type 'string'.
src/stringify.ts(13,46): error TS2322: Type 'number' is not assignable to type 'string'.
src/stringify.ts(40,33): error TS2322: Type 'number' is not assignable to type 'string'.
src/stringify.ts(41,40): error TS2345: Argument of type 'string' is not assignable to parameter of type 'object'.
src/uuid-bin.ts(8,19): error TS2304: Cannot find name 'Void'.
src/uuid-bin.ts(21,7): error TS2322: Type 'string[]' is not assignable to type 'string'.
src/uuid-bin.ts(28,30): error TS2339: Property 'shift' does not exist on type 'string'.
src/uuid-bin.ts(31,8): error TS2678: Type 'string' is not comparable to type 'number'.
src/uuid-bin.ts(32,17): error TS2554: Expected 3 arguments, but got 0.
src/uuid-bin.ts(35,8): error TS2678: Type 'string' is not comparable to type 'number'.
src/uuid-bin.ts(36,31): error TS2339: Property 'shift' does not exist on type 'string'.
src/uuid-bin.ts(37,34): error TS2339: Property 'shift' does not exist on type 'string'.
src/uuid-bin.ts(43,22): error TS2339: Property 'URL' does not exist on type 'object'.
src/uuid-bin.ts(47,22): error TS2339: Property 'DNS' does not exist on type 'object'.
src/uuid-bin.ts(50,17): error TS2349: This expression is not callable.
  Type '{}' has no call signatures.
src/uuid-bin.ts(54,8): error TS2678: Type 'string' is not comparable to type 'number'.
src/uuid-bin.ts(55,17): error TS2554: Expected 3 arguments, but got 0.
src/uuid-bin.ts(58,8): error TS2678: Type 'string' is not comparable to type 'number'.
src/uuid-bin.ts(59,31): error TS2339: Property 'shift' does not exist on type 'string'.
src/uuid-bin.ts(60,34): error TS2339: Property 'shift' does not exist on type 'string'.
src/uuid-bin.ts(65,9): error TS2367: This condition will always return 'false' since the types 'number' and 'string' have no overlap.
src/uuid-bin.ts(66,7): error TS2322: Type 'string' is not assignable to type 'number'.
src/uuid-bin.ts(69,9): error TS2367: This condition will always return 'false' since the types 'number' and 'string' have no overlap.
src/uuid-bin.ts(70,7): error TS2322: Type 'string' is not assignable to type 'number'.
src/uuid-bin.ts(73,17): error TS2554: Expected 4 arguments, but got 2.
src/v1.ts(19,9): error TS2322: Type 'number | any[]' is not assignable to type 'object'.
  Type 'number' is not assignable to type 'object'.
src/v1.ts(21,3): error TS2322: Type 'HTMLElement | {}' is not assignable to type 'HTMLElement'.
  Type '{}' is missing the following properties from type 'HTMLElement': accessKey, accessKeyLabel, autocapitalize, dir, and 277 more.
src/v1.ts(22,30): error TS2339: Property 'node' does not exist on type 'HTMLElement'.
src/v1.ts(23,34): error TS2339: Property 'clockseq' does not exist on type 'HTMLElement'.
src/v1.ts(23,67): error TS2339: Property 'clockseq' does not exist on type 'HTMLElement'.
src/v1.ts(29,39): error TS2339: Property 'random' does not exist on type 'HTMLElement'.
src/v1.ts(29,58): error TS2339: Property 'rng' does not exist on type 'HTMLElement'.
src/v1.ts(33,14): error TS2322: Type 'any[]' is not assignable to type 'string'.
src/v1.ts(53,31): error TS2339: Property 'msecs' does not exist on type 'HTMLElement'.
src/v1.ts(53,61): error TS2339: Property 'msecs' does not exist on type 'HTMLElement'.
src/v1.ts(57,31): error TS2339: Property 'nsecs' does not exist on type 'HTMLElement'.
src/v1.ts(57,61): error TS2339: Property 'nsecs' does not exist on type 'HTMLElement'.
src/v1.ts(60,9): error TS2322: Type 'number' is not assignable to type 'string'.
src/v1.ts(63,7): error TS2365: Operator '<' cannot be applied to types 'string' and 'number'.
src/v1.ts(63,25): error TS2339: Property 'clockseq' does not exist on type 'HTMLElement'.
src/v1.ts(69,8): error TS2365: Operator '<' cannot be applied to types 'string' and 'number'.
src/v1.ts(69,49): error TS2339: Property 'nsecs' does not exist on type 'HTMLElement'.
src/v1.ts(112,3): error TS2322: Type 'string | number' is not assignable to type 'boolean'.
  Type 'string' is not assignable to type 'boolean'.
src/v35.ts(26,25): error TS2345: Argument of type 'string' is not assignable to parameter of type 'any[]'.
src/validate.ts(4,3): error TS2322: Type 'boolean' is not assignable to type 'number'.

