index.ts(12,30): error TS2304: Cannot find name 'Acorn'.
index.ts(73,36): error TS2304: Cannot find name 'IOptions'.
index.ts(75,27): error TS2304: Cannot find name 'ParserClass'.
index.ts(75,39): error TS2304: Cannot find name 'T'.
index.ts(93,26): error TS2552: Cannot find name 'PluginOptions'. Did you mean 'GainOptions'?
index.ts(93,49): error TS2304: Cannot find name 'ParserClass'.
index.ts(114,39): error TS2339: Property 'pos' does not exist on type '(Anonymous class)'.
index.ts(116,18): error TS2339: Property 'pos' does not exist on type '(Anonymous class)'.
index.ts(116,30): error TS2339: Property 'input' does not exist on type '(Anonymous class)'.
index.ts(117,16): error TS2339: Property 'raise' does not exist on type '(Anonymous class)'.
index.ts(117,27): error TS2339: Property 'start' does not exist on type '(Anonymous class)'.
index.ts(118,23): error TS2339: Property 'input' does not exist on type '(Anonymous class)'.
index.ts(118,45): error TS2339: Property 'pos' does not exist on type '(Anonymous class)'.
index.ts(123,20): error TS2339: Property 'pos' does not exist on type '(Anonymous class)'.
index.ts(123,33): error TS2339: Property 'start' does not exist on type '(Anonymous class)'.
index.ts(124,35): error TS2339: Property 'exprAllowed' does not exist on type '(Anonymous class)'.
index.ts(125,22): error TS2339: Property 'pos' does not exist on type '(Anonymous class)'.
index.ts(126,27): error TS2339: Property 'finishToken' does not exist on type '(Anonymous class)'.
index.ts(128,25): error TS2339: Property 'getTokenFromCode' does not exist on type '(Anonymous class)'.
index.ts(130,23): error TS2339: Property 'input' does not exist on type '(Anonymous class)'.
index.ts(130,52): error TS2339: Property 'pos' does not exist on type '(Anonymous class)'.
index.ts(131,23): error TS2339: Property 'finishToken' does not exist on type '(Anonymous class)'.
index.ts(134,23): error TS2339: Property 'input' does not exist on type '(Anonymous class)'.
index.ts(134,52): error TS2339: Property 'pos' does not exist on type '(Anonymous class)'.
index.ts(136,29): error TS2339: Property 'pos' does not exist on type '(Anonymous class)'.
index.ts(141,16): error TS2339: Property 'raise' does not exist on type '(Anonymous class)'.
index.ts(142,18): error TS2339: Property 'pos' does not exist on type '(Anonymous class)'.
index.ts(143,41): error TS2339: Property 'input' does not exist on type '(Anonymous class)'.
index.ts(143,52): error TS2339: Property 'pos' does not exist on type '(Anonymous class)'.
index.ts(144,75): error TS2339: Property 'input' does not exist on type '(Anonymous class)'.
index.ts(144,86): error TS2339: Property 'pos' does not exist on type '(Anonymous class)'.
index.ts(149,25): error TS2339: Property 'input' does not exist on type '(Anonymous class)'.
index.ts(149,54): error TS2339: Property 'pos' does not exist on type '(Anonymous class)'.
index.ts(151,31): error TS2339: Property 'pos' does not exist on type '(Anonymous class)'.
index.ts(153,20): error TS2339: Property 'pos' does not exist on type '(Anonymous class)'.
index.ts(160,21): error TS2339: Property 'input' does not exist on type '(Anonymous class)'.
index.ts(160,43): error TS2339: Property 'pos' does not exist on type '(Anonymous class)'.
index.ts(162,14): error TS2339: Property 'pos' does not exist on type '(Anonymous class)'.
index.ts(163,29): error TS2339: Property 'input' does not exist on type '(Anonymous class)'.
index.ts(163,51): error TS2339: Property 'pos' does not exist on type '(Anonymous class)'.
index.ts(164,16): error TS2339: Property 'pos' does not exist on type '(Anonymous class)'.
index.ts(169,16): error TS2339: Property 'options' does not exist on type '(Anonymous class)'.
index.ts(170,16): error TS2339: Property 'curLine' does not exist on type '(Anonymous class)'.
index.ts(171,14): error TS2339: Property 'lineStart' does not exist on type '(Anonymous class)'.
index.ts(171,31): error TS2339: Property 'pos' does not exist on type '(Anonymous class)'.
index.ts(178,41): error TS2339: Property 'pos' does not exist on type '(Anonymous class)'.
index.ts(180,18): error TS2339: Property 'pos' does not exist on type '(Anonymous class)'.
index.ts(180,30): error TS2339: Property 'input' does not exist on type '(Anonymous class)'.
index.ts(181,16): error TS2339: Property 'raise' does not exist on type '(Anonymous class)'.
index.ts(181,27): error TS2339: Property 'start' does not exist on type '(Anonymous class)'.
index.ts(182,23): error TS2339: Property 'input' does not exist on type '(Anonymous class)'.
index.ts(182,45): error TS2339: Property 'pos' does not exist on type '(Anonymous class)'.
index.ts(185,23): error TS2339: Property 'input' does not exist on type '(Anonymous class)'.
index.ts(185,52): error TS2339: Property 'pos' does not exist on type '(Anonymous class)'.
index.ts(187,29): error TS2339: Property 'pos' does not exist on type '(Anonymous class)'.
index.ts(189,23): error TS2339: Property 'input' does not exist on type '(Anonymous class)'.
index.ts(189,52): error TS2339: Property 'pos' does not exist on type '(Anonymous class)'.
index.ts(191,29): error TS2339: Property 'pos' does not exist on type '(Anonymous class)'.
index.ts(193,18): error TS2339: Property 'pos' does not exist on type '(Anonymous class)'.
index.ts(196,19): error TS2339: Property 'input' does not exist on type '(Anonymous class)'.
index.ts(196,48): error TS2339: Property 'pos' does not exist on type '(Anonymous class)'.
index.ts(197,19): error TS2339: Property 'finishToken' does not exist on type '(Anonymous class)'.
index.ts(202,21): error TS2339: Property 'input' does not exist on type '(Anonymous class)'.
index.ts(202,32): error TS2339: Property 'pos' does not exist on type '(Anonymous class)'.
index.ts(204,14): error TS2339: Property 'raise' does not exist on type '(Anonymous class)'.
index.ts(204,25): error TS2339: Property 'pos' does not exist on type '(Anonymous class)'.
index.ts(205,29): error TS2339: Property 'pos' does not exist on type '(Anonymous class)'.
index.ts(206,19): error TS2339: Property 'pos' does not exist on type '(Anonymous class)'.
index.ts(206,30): error TS2339: Property 'input' does not exist on type '(Anonymous class)'.
index.ts(207,19): error TS2339: Property 'input' does not exist on type '(Anonymous class)'.
index.ts(207,30): error TS2339: Property 'pos' does not exist on type '(Anonymous class)'.
index.ts(227,14): error TS2339: Property 'pos' does not exist on type '(Anonymous class)'.
index.ts(241,28): error TS2339: Property 'pos' does not exist on type '(Anonymous class)'.
index.ts(243,19): error TS2339: Property 'input' does not exist on type '(Anonymous class)'.
index.ts(243,43): error TS2339: Property 'pos' does not exist on type '(Anonymous class)'.
index.ts(245,19): error TS2339: Property 'finishToken' does not exist on type '(Anonymous class)'.
index.ts(245,49): error TS2339: Property 'input' does not exist on type '(Anonymous class)'.
index.ts(245,73): error TS2339: Property 'pos' does not exist on type '(Anonymous class)'.
index.ts(251,23): error TS2339: Property 'startNode' does not exist on type '(Anonymous class)'.
index.ts(252,16): error TS2339: Property 'type' does not exist on type '(Anonymous class)'.
index.ts(253,26): error TS2339: Property 'value' does not exist on type '(Anonymous class)'.
index.ts(254,21): error TS2339: Property 'type' does not exist on type '(Anonymous class)'.
index.ts(255,26): error TS2339: Property 'type' does not exist on type '(Anonymous class)'.
index.ts(257,14): error TS2339: Property 'unexpected' does not exist on type '(Anonymous class)'.
index.ts(258,12): error TS2339: Property 'next' does not exist on type '(Anonymous class)'.
index.ts(259,19): error TS2339: Property 'finishNode' does not exist on type '(Anonymous class)'.
index.ts(265,27): error TS2339: Property 'start' does not exist on type '(Anonymous class)'.
index.ts(265,50): error TS2339: Property 'startLoc' does not exist on type '(Anonymous class)'.
index.ts(267,45): error TS2339: Property 'eat' does not exist on type '(Anonymous class)'.
index.ts(268,23): error TS2339: Property 'startNodeAt' does not exist on type '(Anonymous class)'.
index.ts(271,19): error TS2339: Property 'finishNode' does not exist on type '(Anonymous class)'.
index.ts(278,16): error TS2339: Property 'type' does not exist on type '(Anonymous class)'.
index.ts(279,27): error TS2339: Property 'start' does not exist on type '(Anonymous class)'.
index.ts(279,50): error TS2339: Property 'startLoc' does not exist on type '(Anonymous class)'.
index.ts(281,16): error TS2339: Property 'type' does not exist on type '(Anonymous class)'.
index.ts(282,14): error TS2339: Property 'unexpected' does not exist on type '(Anonymous class)'.
index.ts(284,19): error TS2339: Property 'eat' does not exist on type '(Anonymous class)'.
index.ts(285,28): error TS2339: Property 'startNodeAt' does not exist on type '(Anonymous class)'.
index.ts(288,21): error TS2339: Property 'finishNode' does not exist on type '(Anonymous class)'.
index.ts(296,20): error TS2339: Property 'type' does not exist on type '(Anonymous class)'.
index.ts(300,16): error TS2339: Property 'raise' does not exist on type '(Anonymous class)'.
index.ts(305,21): error TS2554: Expected 1 arguments, but got 0.
index.ts(308,14): error TS2339: Property 'raise' does not exist on type '(Anonymous class)'.
index.ts(308,25): error TS2339: Property 'start' does not exist on type '(Anonymous class)'.
index.ts(317,23): error TS2339: Property 'startNodeAt' does not exist on type '(Anonymous class)'.
index.ts(317,40): error TS2339: Property 'lastTokEnd' does not exist on type '(Anonymous class)'.
index.ts(317,57): error TS2339: Property 'lastTokEndLoc' does not exist on type '(Anonymous class)'.
index.ts(318,19): error TS2339: Property 'finishNodeAt' does not exist on type '(Anonymous class)'.
index.ts(318,65): error TS2339: Property 'start' does not exist on type '(Anonymous class)'.
index.ts(318,77): error TS2339: Property 'startLoc' does not exist on type '(Anonymous class)'.
index.ts(324,23): error TS2339: Property 'startNode' does not exist on type '(Anonymous class)'.
index.ts(325,12): error TS2339: Property 'next' does not exist on type '(Anonymous class)'.
index.ts(326,30): error TS2339: Property 'type' does not exist on type '(Anonymous class)'.
index.ts(328,16): error TS2339: Property 'parseExpression' does not exist on type '(Anonymous class)'.
index.ts(329,12): error TS2339: Property 'expect' does not exist on type '(Anonymous class)'.
index.ts(330,19): error TS2339: Property 'finishNode' does not exist on type '(Anonymous class)'.
index.ts(336,23): error TS2339: Property 'startNode' does not exist on type '(Anonymous class)'.
index.ts(337,16): error TS2339: Property 'eat' does not exist on type '(Anonymous class)'.
index.ts(338,14): error TS2339: Property 'expect' does not exist on type '(Anonymous class)'.
index.ts(339,30): error TS2339: Property 'parseMaybeAssign' does not exist on type '(Anonymous class)'.
index.ts(340,14): error TS2339: Property 'expect' does not exist on type '(Anonymous class)'.
index.ts(341,21): error TS2339: Property 'finishNode' does not exist on type '(Anonymous class)'.
index.ts(344,25): error TS2339: Property 'eat' does not exist on type '(Anonymous class)'.
index.ts(345,19): error TS2339: Property 'finishNode' does not exist on type '(Anonymous class)'.
index.ts(351,23): error TS2339: Property 'startNodeAt' does not exist on type '(Anonymous class)'.
index.ts(355,19): error TS2339: Property 'type' does not exist on type '(Anonymous class)'.
index.ts(355,45): error TS2339: Property 'type' does not exist on type '(Anonymous class)'.
index.ts(357,31): error TS2339: Property 'eat' does not exist on type '(Anonymous class)'.
index.ts(358,12): error TS2339: Property 'expect' does not exist on type '(Anonymous class)'.
index.ts(359,19): error TS2339: Property 'finishNode' does not exist on type '(Anonymous class)'.
index.ts(365,23): error TS2339: Property 'startNodeAt' does not exist on type '(Anonymous class)'.
index.ts(368,12): error TS2339: Property 'expect' does not exist on type '(Anonymous class)'.
index.ts(369,19): error TS2339: Property 'finishNode' does not exist on type '(Anonymous class)'.
index.ts(376,23): error TS2339: Property 'startNodeAt' does not exist on type '(Anonymous class)'.
index.ts(383,24): error TS2339: Property 'type' does not exist on type '(Anonymous class)'.
index.ts(385,29): error TS2339: Property 'start' does not exist on type '(Anonymous class)'.
index.ts(385,52): error TS2339: Property 'startLoc' does not exist on type '(Anonymous class)'.
index.ts(386,18): error TS2339: Property 'next' does not exist on type '(Anonymous class)'.
index.ts(387,22): error TS2339: Property 'eat' does not exist on type '(Anonymous class)'.
index.ts(395,32): error TS2554: Expected 1 arguments, but got 0.
index.ts(403,18): error TS2339: Property 'unexpected' does not exist on type '(Anonymous class)'.
index.ts(407,16): error TS2339: Property 'raise' does not exist on type '(Anonymous class)'.
index.ts(417,16): error TS2339: Property 'type' does not exist on type '(Anonymous class)'.
index.ts(417,47): error TS2339: Property 'value' does not exist on type '(Anonymous class)'.
index.ts(418,14): error TS2339: Property 'raise' does not exist on type '(Anonymous class)'.
index.ts(418,25): error TS2339: Property 'start' does not exist on type '(Anonymous class)'.
index.ts(420,19): error TS2339: Property 'finishNode' does not exist on type '(Anonymous class)'.
index.ts(426,23): error TS2339: Property 'parseLiteral' does not exist on type '(Anonymous class)'.
index.ts(426,41): error TS2339: Property 'value' does not exist on type '(Anonymous class)'.
index.ts(434,27): error TS2339: Property 'start' does not exist on type '(Anonymous class)'.
index.ts(434,50): error TS2339: Property 'startLoc' does not exist on type '(Anonymous class)'.
index.ts(435,12): error TS2339: Property 'next' does not exist on type '(Anonymous class)'.
index.ts(440,16): error TS2339: Property 'type' does not exist on type '(Anonymous class)'.
index.ts(442,21): error TS2339: Property 'type' does not exist on type '(Anonymous class)'.
index.ts(449,26): error TS2339: Property 'curContext' does not exist on type '(Anonymous class)'.
index.ts(457,18): error TS2339: Property 'pos' does not exist on type '(Anonymous class)'.
index.ts(458,23): error TS2339: Property 'finishToken' does not exist on type '(Anonymous class)'.
index.ts(465,31): error TS2339: Property 'exprAllowed' does not exist on type '(Anonymous class)'.
index.ts(465,51): error TS2339: Property 'input' does not exist on type '(Anonymous class)'.
index.ts(465,73): error TS2339: Property 'pos' does not exist on type '(Anonymous class)'.
index.ts(466,16): error TS2339: Property 'pos' does not exist on type '(Anonymous class)'.
index.ts(467,21): error TS2339: Property 'finishToken' does not exist on type '(Anonymous class)'.
index.ts(473,16): error TS2339: Property 'type' does not exist on type '(Anonymous class)'.
index.ts(474,31): error TS2339: Property 'curContext' does not exist on type '(Anonymous class)'.
index.ts(475,41): error TS2339: Property 'context' does not exist on type '(Anonymous class)'.
index.ts(476,46): error TS2339: Property 'context' does not exist on type '(Anonymous class)'.
index.ts(478,14): error TS2339: Property 'exprAllowed' does not exist on type '(Anonymous class)'.
index.ts(479,23): error TS2339: Property 'type' does not exist on type '(Anonymous class)'.
index.ts(480,14): error TS2339: Property 'context' does not exist on type '(Anonymous class)'.
index.ts(481,14): error TS2339: Property 'context' does not exist on type '(Anonymous class)'.
index.ts(482,14): error TS2339: Property 'exprAllowed' does not exist on type '(Anonymous class)'.

