aws4.ts(4,5): error TS2403: Subsequent variable declarations must have the same type.  Variable 'crypto' must be of type 'Crypto', but here has type 'any'.
aws4.ts(11,17): error TS2339: Property 'createHmac' does not exist on type 'Crypto'.
aws4.ts(15,17): error TS2339: Property 'createHash' does not exist on type 'Crypto'.
aws4.ts(20,47): error TS2769: No overload matches this call.
  The last overload gave the following error.
    Argument of type '(c: number) => string' is not assignable to parameter of type '(substring: string, ...args: any[]) => string'.
      Types of parameters 'c' and 'substring' are incompatible.
        Type 'string' is not assignable to type 'number'.
aws4.ts(21,20): error TS2339: Property 'charCodeAt' does not exist on type 'number'.
aws4.ts(45,55): error TS2552: Cannot find name 'Credentials'. Did you mean 'Credential'?
aws4.ts(45,55): error TS4078: Parameter 'credentials' of exported function has or is using private name 'Credentials'.
aws4.ts(49,25): error TS2540: Cannot assign to 'headers' because it is a read-only property.
aws4.ts(50,77): error TS2339: Property 'hostname' does not exist on type 'Request'.
aws4.ts(50,97): error TS2339: Property 'host' does not exist on type 'Request'.
aws4.ts(50,113): error TS2339: Property 'Host' does not exist on type '{}'.
aws4.ts(50,129): error TS2339: Property 'host' does not exist on type '{}'.
aws4.ts(55,26): error TS2339: Property 'service' does not exist on type 'Request'.
aws4.ts(56,25): error TS2339: Property 'region' does not exist on type 'Request'.
aws4.ts(62,13): error TS2540: Cannot assign to 'method' because it is a read-only property.
aws4.ts(64,16): error TS2339: Property 'Host' does not exist on type '{}'.
aws4.ts(64,33): error TS2339: Property 'host' does not exist on type '{}'.
aws4.ts(65,13): error TS2339: Property 'Host' does not exist on type '{}'.
aws4.ts(65,28): error TS2339: Property 'hostname' does not exist on type 'Request'.
aws4.ts(65,48): error TS2339: Property 'host' does not exist on type 'Request'.
aws4.ts(68,17): error TS2339: Property 'port' does not exist on type 'Request'.
aws4.ts(69,15): error TS2339: Property 'Host' does not exist on type '{}'.
aws4.ts(69,37): error TS2339: Property 'port' does not exist on type 'Request'.
aws4.ts(71,16): error TS2339: Property 'hostname' does not exist on type 'Request'.
aws4.ts(71,37): error TS2339: Property 'host' does not exist on type 'Request'.
aws4.ts(72,13): error TS2339: Property 'hostname' does not exist on type 'Request'.
aws4.ts(72,32): error TS2339: Property 'Host' does not exist on type '{}'.
aws4.ts(72,48): error TS2339: Property 'host' does not exist on type '{}'.
aws4.ts(212,13): error TS2554: Expected 3 arguments, but got 2.
aws4.ts(213,15): error TS2554: Expected 3 arguments, but got 2.
aws4.ts(214,16): error TS2554: Expected 3 arguments, but got 2.
aws4.ts(215,20): error TS2554: Expected 3 arguments, but got 2.
aws4.ts(274,14): error TS2339: Property 'pop' does not exist on type 'string'.
aws4.ts(277,14): error TS2339: Property 'push' does not exist on type 'string'.
aws4.ts(371,53): error TS2552: Cannot find name 'Credentials'. Did you mean 'Credential'?
example.ts(5,59): error TS2552: Cannot find name 'Readable'. Did you mean '_Readable'?
example.ts(17,1): error TS2739: Type '{ host: string; path: string; }' is missing the following properties from type '{ host: string; path: string; service: string; region: string; }': service, region
example.ts(20,77): error TS2322: Type '{ host: string; path: string; signQuery: boolean; }' is not assignable to type '{ host: string; path: string; service: string; region: string; }'.
  Object literal may only specify known properties, and 'signQuery' does not exist in type '{ host: string; path: string; service: string; region: string; }'.
example.ts(23,1): error TS2741: Property 'host' is missing in type '{ service: string; region: string; path: string; }' but required in type '{ host: string; path: string; service: string; region: string; }'.
example.ts(26,1): error TS2739: Type '{ service: string; path: string; }' is missing the following properties from type '{ host: string; path: string; service: string; region: string; }': host, region
lru.ts(59,10): error TS2339: Property 'prev' does not exist on type 'Node'.
lru.ts(60,10): error TS2339: Property 'next' does not exist on type 'Node'.
lru.ts(62,10): error TS2339: Property 'prev' does not exist on type 'Node'.
lru.ts(63,10): error TS2339: Property 'next' does not exist on type 'Node'.
lru.ts(64,10): error TS2339: Property 'next' does not exist on type 'Node'.
lru.ts(79,27): error TS2339: Property 'next' does not exist on type 'Node'.
lru.ts(80,19): error TS2339: Property 'prev' does not exist on type 'Node'.
lru.ts(81,10): error TS2339: Property 'prev' does not exist on type 'Node'.
lru.ts(81,27): error TS2339: Property 'next' does not exist on type 'Node'.
lru.ts(84,26): error TS2339: Property 'prev' does not exist on type 'Node'.
lru.ts(85,19): error TS2339: Property 'next' does not exist on type 'Node'.
lru.ts(86,10): error TS2339: Property 'next' does not exist on type 'Node'.
lru.ts(86,27): error TS2339: Property 'prev' does not exist on type 'Node'.

