examples/normal-usage.ts(3,38): error TS2339: Property 'yellow' does not exist on type '"First some yellow text"'.
examples/normal-usage.ts(5,35): error TS2339: Property 'yellow' does not exist on type '"Underline that text"'.
examples/normal-usage.ts(7,36): error TS2339: Property 'red' does not exist on type '"Make it bold and red"'.
examples/normal-usage.ts(9,46): error TS2339: Property 'rainbow' does not exist on type '"Double Raindows All Day Long"'.
examples/normal-usage.ts(11,29): error TS2339: Property 'trap' does not exist on type '"Drop the bass"'.
examples/normal-usage.ts(13,37): error TS2339: Property 'trap' does not exist on type '"DROP THE RAINBOW BASS"'.
examples/normal-usage.ts(16,42): error TS2339: Property 'italic' does not exist on type '() => string'.
examples/normal-usage.ts(19,19): error TS2339: Property 'green' does not exist on type '"So "'.
examples/normal-usage.ts(19,33): error TS2339: Property 'underline' does not exist on type '"are"'.
examples/normal-usage.ts(19,61): error TS2339: Property 'inverse' does not exist on type '"inverse"'.
examples/normal-usage.ts(20,17): error TS2339: Property 'yellow' does not exist on type '" styles! "'.
examples/normal-usage.ts(21,34): error TS2339: Property 'zebra' does not exist on type '"Zebras are so fun!"'.
examples/normal-usage.ts(26,32): error TS2339: Property 'strikethrough' does not exist on type '"not"'.
examples/normal-usage.ts(28,40): error TS2339: Property 'black' does not exist on type '"Background color attack!"'.
examples/normal-usage.ts(29,48): error TS2339: Property 'random' does not exist on type '"Use random styles on everything!"'.
examples/normal-usage.ts(30,35): error TS2339: Property 'america' does not exist on type '"America, Heck Yeah!"'.
examples/normal-usage.ts(32,27): error TS2339: Property 'brightCyan' does not exist on type '"Blindingly "'.
examples/normal-usage.ts(32,51): error TS2339: Property 'brightRed' does not exist on type '"bright? "'.
examples/normal-usage.ts(32,70): error TS2339: Property 'brightYellow' does not exist on type '"Why "'.
examples/normal-usage.ts(32,93): error TS2339: Property 'brightGreen' does not exist on type '"not?!"'.
examples/normal-usage.ts(39,45): error TS2339: Property 'green' does not exist on type '"Generic logging theme as JSON"'.
examples/normal-usage.ts(55,32): error TS2339: Property 'error' does not exist on type '"this is an error"'.
examples/normal-usage.ts(58,33): error TS2339: Property 'warn' does not exist on type '"this is a warning"'.
examples/normal-usage.ts(61,32): error TS2339: Property 'input' does not exist on type '"this is an input"'.
examples/normal-usage.ts(63,45): error TS2339: Property 'green' does not exist on type '"Generic logging theme as file"'.
examples/normal-usage.ts(73,32): error TS2339: Property 'error' does not exist on type '"this is an error"'.
examples/normal-usage.ts(76,33): error TS2339: Property 'warn' does not exist on type '"this is a warning"'.
examples/normal-usage.ts(79,32): error TS2339: Property 'input' does not exist on type '"this is an input"'.
lib/colors.ts(31,5): error TS2403: Subsequent variable declarations must have the same type.  Variable 'colors' must be of type 'any', but here has type '{}'.
lib/colors.ts(60,69): error TS2304: Cannot find name 'Style'.
lib/colors.ts(89,11): error TS2339: Property '_styles' does not exist on type '() => any'.
lib/colors.ts(92,11): error TS2339: Property '__proto__' does not exist on type '() => any'.
lib/colors.ts(158,21): error TS2407: The right-hand side of a 'for...in' statement must be of type 'any', an object type or a type parameter, but here has type 'never'.
lib/colors.ts(163,25): error TS2407: The right-hand side of a 'for...in' statement must be of type 'any', an object type or a type parameter, but here has type 'never'.
lib/colors.ts(188,27): error TS2345: Argument of type 'Function' is not assignable to parameter of type '(value: string, index: number, array: string[]) => string'.
  Type 'Function' provides no match for the signature '(value: string, index: number, array: string[]): string'.
lib/custom/american.ts(2,41): error TS2339: Property 'yellow' does not exist on type '"LIBERTY LIBERTY LIBERTY"'.
lib/custom/american.ts(3,41): error TS2339: Property 'america' does not exist on type '"LIBERTY LIBERTY LIBERTY"'.
lib/custom/american.ts(4,41): error TS2339: Property 'yellow' does not exist on type '"LIBERTY LIBERTY LIBERTY"'.
lib/custom/trap.ts(1,64): error TS2304: Cannot find name 'Options'.
lib/custom/trap.ts(4,3): error TS2322: Type 'string[]' is not assignable to type 'string'.
lib/custom/trap.ts(35,8): error TS2339: Property 'forEach' does not exist on type 'string'.
lib/custom/zalgo.ts(2,59): error TS2304: Cannot find name 'Options'.
lib/custom/zalgo.ts(70,5): error TS2322: Type 'string[]' is not assignable to type 'string'.
lib/custom/zalgo.ts(71,15): error TS2407: The right-hand side of a 'for...in' statement must be of type 'any', an object type or a type parameter, but here has type 'string'.
lib/extendStringPrototype.ts(8,22): error TS2339: Property '__defineGetter__' does not exist on type 'String'.
lib/extendStringPrototype.ts(70,30): error TS2339: Property 'red' does not exist on type '"warn: "'.
lib/extendStringPrototype.ts(70,64): error TS2339: Property 'magenta' does not exist on type 'string'.
lib/index.ts(22,73): error TS2339: Property 'zalgo' does not exist on type '"testing testing testing testing testing testing testing"'.
lib/maps/america.ts(5,29): error TS2339: Property 'red' does not exist on type 'string[]'.
lib/maps/america.ts(6,29): error TS2339: Property 'white' does not exist on type 'string[]'.
lib/maps/america.ts(7,29): error TS2339: Property 'blue' does not exist on type 'string[]'.
lib/maps/zebra.ts(3,42): error TS2339: Property 'inverse' does not exist on type 'string[]'.
lib/styles.ts(93,9): error TS2339: Property 'open' does not exist on type 'any[]'.
lib/styles.ts(94,9): error TS2339: Property 'close' does not exist on type 'any[]'.
lib/system/has-flag.ts(31,31): error TS2345: Argument of type 'boolean' is not assignable to parameter of type 'string'.
lib/system/supports-colors.ts(143,29): error TS2345: Argument of type 'ReadableStream<any>' is not assignable to parameter of type 'WriteStream'.
  Type 'ReadableStream<any>' is missing the following properties from type 'WriteStream': addListener, emit, on, once, and 76 more.
lib/system/supports-colors.ts(149,27): error TS2345: Argument of type 'WriteStream & { fd: 1; }' is not assignable to parameter of type 'ReadableStream<any>'.
  Type 'WriteStream & { fd: 1; }' is missing the following properties from type 'ReadableStream<any>': locked, cancel, getReader, pipeThrough, and 2 more.
lib/system/supports-colors.ts(150,27): error TS2345: Argument of type 'WriteStream & { fd: 2; }' is not assignable to parameter of type 'ReadableStream<any>'.
  Type 'WriteStream & { fd: 2; }' is missing the following properties from type 'ReadableStream<any>': locked, cancel, getReader, pipeThrough, and 2 more.

