decimal.ts(200,5): error TS2339: Property 'absoluteValue' does not exist on type '{ toStringTag: string; }'.
decimal.ts(200,23): error TS2339: Property 'abs' does not exist on type '{ toStringTag: string; }'.
decimal.ts(203,12): error TS2554: Expected 4 arguments, but got 1.
decimal.ts(212,5): error TS2339: Property 'ceil' does not exist on type '{ toStringTag: string; }'.
decimal.ts(213,12): error TS2554: Expected 4 arguments, but got 3.
decimal.ts(225,5): error TS2339: Property 'clampedTo' does not exist on type '{ toStringTag: string; }'.
decimal.ts(225,19): error TS2339: Property 'clamp' does not exist on type '{ toStringTag: string; }'.
decimal.ts(225,42): error TS2552: Cannot find name 'BigNumber'. Did you mean 'Number'?
decimal.ts(225,58): error TS2552: Cannot find name 'BigNumber'. Did you mean 'Number'?
decimal.ts(246,5): error TS2339: Property 'comparedTo' does not exist on type '{ toStringTag: string; }'.
decimal.ts(246,20): error TS2339: Property 'cmp' does not exist on type '{ toStringTag: string; }'.
decimal.ts(246,39): error TS2552: Cannot find name 'BigNumber'. Did you mean 'Number'?
decimal.ts(256,66): error TS2447: The '^' operator is not allowed for boolean types. Consider using '!==' instead.
decimal.ts(266,29): error TS2447: The '^' operator is not allowed for boolean types. Consider using '!==' instead.
decimal.ts(273,35): error TS2447: The '^' operator is not allowed for boolean types. Consider using '!==' instead.
decimal.ts(277,30): error TS2447: The '^' operator is not allowed for boolean types. Consider using '!==' instead.
decimal.ts(294,5): error TS2339: Property 'cosine' does not exist on type '{ toStringTag: string; }'.
decimal.ts(294,16): error TS2339: Property 'cos' does not exist on type '{ toStringTag: string; }'.
decimal.ts(334,5): error TS2339: Property 'cubeRoot' does not exist on type '{ toStringTag: string; }'.
decimal.ts(334,18): error TS2339: Property 'cbrt' does not exist on type '{ toStringTag: string; }'.
decimal.ts(356,36): error TS2363: The right-hand side of an arithmetic operation must be of type 'any', 'number', 'bigint' or an enum type.
decimal.ts(379,11): error TS2554: Expected 6 arguments, but got 4.
decimal.ts(392,13): error TS2554: Expected 4 arguments, but got 3.
decimal.ts(409,13): error TS2554: Expected 4 arguments, but got 3.
decimal.ts(428,5): error TS2339: Property 'decimalPlaces' does not exist on type '{ toStringTag: string; }'.
decimal.ts(428,23): error TS2339: Property 'dp' does not exist on type '{ toStringTag: string; }'.
decimal.ts(468,5): error TS2339: Property 'dividedBy' does not exist on type '{ toStringTag: string; }'.
decimal.ts(468,19): error TS2339: Property 'div' does not exist on type '{ toStringTag: string; }'.
decimal.ts(468,38): error TS2749: 'Decimal' refers to a value, but is being used as a type here. Did you mean 'typeof Decimal'?
decimal.ts(469,12): error TS2554: Expected 6 arguments, but got 2.
decimal.ts(478,5): error TS2339: Property 'dividedToIntegerBy' does not exist on type '{ toStringTag: string; }'.
decimal.ts(478,28): error TS2339: Property 'divToInt' does not exist on type '{ toStringTag: string; }'.
decimal.ts(478,52): error TS2749: 'Decimal' refers to a value, but is being used as a type here. Did you mean 'typeof Decimal'?
decimal.ts(481,12): error TS2554: Expected 4 arguments, but got 3.
decimal.ts(481,21): error TS2554: Expected 6 arguments, but got 5.
decimal.ts(489,5): error TS2339: Property 'equals' does not exist on type '{ toStringTag: string; }'.
decimal.ts(489,16): error TS2339: Property 'eq' does not exist on type '{ toStringTag: string; }'.
decimal.ts(489,34): error TS2749: 'Decimal' refers to a value, but is being used as a type here. Did you mean 'typeof Decimal'?
decimal.ts(499,5): error TS2339: Property 'floor' does not exist on type '{ toStringTag: string; }'.
decimal.ts(500,12): error TS2554: Expected 4 arguments, but got 3.
decimal.ts(509,5): error TS2339: Property 'greaterThan' does not exist on type '{ toStringTag: string; }'.
decimal.ts(509,21): error TS2339: Property 'gt' does not exist on type '{ toStringTag: string; }'.
decimal.ts(509,39): error TS2749: 'Decimal' refers to a value, but is being used as a type here. Did you mean 'typeof Decimal'?
decimal.ts(519,5): error TS2339: Property 'greaterThanOrEqualTo' does not exist on type '{ toStringTag: string; }'.
decimal.ts(519,30): error TS2339: Property 'gte' does not exist on type '{ toStringTag: string; }'.
decimal.ts(519,49): error TS2749: 'Decimal' refers to a value, but is being used as a type here. Did you mean 'typeof Decimal'?
decimal.ts(550,5): error TS2339: Property 'hyperbolicCosine' does not exist on type '{ toStringTag: string; }'.
decimal.ts(550,26): error TS2339: Property 'cosh' does not exist on type '{ toStringTag: string; }'.
decimal.ts(623,5): error TS2339: Property 'hyperbolicSine' does not exist on type '{ toStringTag: string; }'.
decimal.ts(623,24): error TS2339: Property 'sinh' does not exist on type '{ toStringTag: string; }'.
decimal.ts(689,5): error TS2339: Property 'hyperbolicTangent' does not exist on type '{ toStringTag: string; }'.
decimal.ts(689,27): error TS2339: Property 'tanh' does not exist on type '{ toStringTag: string; }'.
decimal.ts(702,12): error TS2554: Expected 6 arguments, but got 4.
decimal.ts(725,5): error TS2339: Property 'inverseCosine' does not exist on type '{ toStringTag: string; }'.
decimal.ts(725,23): error TS2339: Property 'acos' does not exist on type '{ toStringTag: string; }'.
decimal.ts(777,5): error TS2339: Property 'inverseHyperbolicCosine' does not exist on type '{ toStringTag: string; }'.
decimal.ts(777,33): error TS2339: Property 'acosh' does not exist on type '{ toStringTag: string; }'.
decimal.ts(817,5): error TS2339: Property 'inverseHyperbolicSine' does not exist on type '{ toStringTag: string; }'.
decimal.ts(817,31): error TS2339: Property 'asinh' does not exist on type '{ toStringTag: string; }'.
decimal.ts(859,5): error TS2339: Property 'inverseHyperbolicTangent' does not exist on type '{ toStringTag: string; }'.
decimal.ts(859,34): error TS2339: Property 'atanh' does not exist on type '{ toStringTag: string; }'.
decimal.ts(875,9): error TS2554: Expected 6 arguments, but got 4.
decimal.ts(910,5): error TS2339: Property 'inverseSine' does not exist on type '{ toStringTag: string; }'.
decimal.ts(910,21): error TS2339: Property 'asin' does not exist on type '{ toStringTag: string; }'.
decimal.ts(967,5): error TS2339: Property 'inverseTangent' does not exist on type '{ toStringTag: string; }'.
decimal.ts(967,24): error TS2339: Property 'atan' does not exist on type '{ toStringTag: string; }'.
decimal.ts(1033,5): error TS2339: Property 'isFinite' does not exist on type '{ toStringTag: string; }'.
decimal.ts(1042,5): error TS2339: Property 'isInteger' does not exist on type '{ toStringTag: string; }'.
decimal.ts(1042,19): error TS2339: Property 'isInt' does not exist on type '{ toStringTag: string; }'.
decimal.ts(1051,5): error TS2339: Property 'isNaN' does not exist on type '{ toStringTag: string; }'.
decimal.ts(1060,5): error TS2339: Property 'isNegative' does not exist on type '{ toStringTag: string; }'.
decimal.ts(1060,20): error TS2339: Property 'isNeg' does not exist on type '{ toStringTag: string; }'.
decimal.ts(1069,5): error TS2339: Property 'isPositive' does not exist on type '{ toStringTag: string; }'.
decimal.ts(1069,20): error TS2339: Property 'isPos' does not exist on type '{ toStringTag: string; }'.
decimal.ts(1078,5): error TS2339: Property 'isZero' does not exist on type '{ toStringTag: string; }'.
decimal.ts(1087,5): error TS2339: Property 'lessThan' does not exist on type '{ toStringTag: string; }'.
decimal.ts(1087,18): error TS2339: Property 'lt' does not exist on type '{ toStringTag: string; }'.
decimal.ts(1087,36): error TS2749: 'Decimal' refers to a value, but is being used as a type here. Did you mean 'typeof Decimal'?
decimal.ts(1096,5): error TS2339: Property 'lessThanOrEqualTo' does not exist on type '{ toStringTag: string; }'.
decimal.ts(1096,27): error TS2339: Property 'lte' does not exist on type '{ toStringTag: string; }'.
decimal.ts(1096,46): error TS2749: 'Decimal' refers to a value, but is being used as a type here. Did you mean 'typeof Decimal'?
decimal.ts(1131,5): error TS2339: Property 'logarithm' does not exist on type '{ toStringTag: string; }'.
decimal.ts(1131,19): error TS2339: Property 'log' does not exist on type '{ toStringTag: string; }'.
decimal.ts(1131,41): error TS2552: Cannot find name 'BigNumber'. Did you mean 'Number'?
decimal.ts(1174,30): error TS2554: Expected 3 arguments, but got 2.
decimal.ts(1177,9): error TS2554: Expected 6 arguments, but got 4.
decimal.ts(1193,9): error TS2554: Expected 4 arguments, but got 3.
decimal.ts(1198,34): error TS2554: Expected 3 arguments, but got 2.
decimal.ts(1199,13): error TS2554: Expected 6 arguments, but got 4.
decimal.ts(1205,17): error TS2554: Expected 4 arguments, but got 3.
decimal.ts(1210,16): error TS2554: Expected 4 arguments, but got 3.
decimal.ts(1215,12): error TS2554: Expected 4 arguments, but got 3.
decimal.ts(1264,5): error TS2339: Property 'minus' does not exist on type '{ toStringTag: string; }'.
decimal.ts(1264,15): error TS2339: Property 'sub' does not exist on type '{ toStringTag: string; }'.
decimal.ts(1264,34): error TS2552: Cannot find name 'BigNumber'. Did you mean 'Number'?
decimal.ts(1312,25): error TS2554: Expected 4 arguments, but got 3.
decimal.ts(1410,23): error TS2554: Expected 4 arguments, but got 3.
decimal.ts(1438,5): error TS2339: Property 'modulo' does not exist on type '{ toStringTag: string; }'.
decimal.ts(1438,16): error TS2339: Property 'mod' does not exist on type '{ toStringTag: string; }'.
decimal.ts(1438,35): error TS2552: Cannot find name 'BigNumber'. Did you mean 'Number'?
decimal.ts(1450,14): error TS2554: Expected 4 arguments, but got 3.
decimal.ts(1460,11): error TS2554: Expected 6 arguments, but got 5.
decimal.ts(1463,11): error TS2554: Expected 6 arguments, but got 5.
decimal.ts(1480,5): error TS2339: Property 'naturalExponential' does not exist on type '{ toStringTag: string; }'.
decimal.ts(1480,28): error TS2339: Property 'exp' does not exist on type '{ toStringTag: string; }'.
decimal.ts(1481,12): error TS2554: Expected 2 arguments, but got 1.
decimal.ts(1490,5): error TS2339: Property 'naturalLogarithm' does not exist on type '{ toStringTag: string; }'.
decimal.ts(1490,26): error TS2339: Property 'ln' does not exist on type '{ toStringTag: string; }'.
decimal.ts(1491,12): error TS2554: Expected 2 arguments, but got 1.
decimal.ts(1500,5): error TS2339: Property 'negated' does not exist on type '{ toStringTag: string; }'.
decimal.ts(1500,17): error TS2339: Property 'neg' does not exist on type '{ toStringTag: string; }'.
decimal.ts(1503,12): error TS2554: Expected 4 arguments, but got 1.
decimal.ts(1528,5): error TS2339: Property 'plus' does not exist on type '{ toStringTag: string; }'.
decimal.ts(1528,14): error TS2339: Property 'add' does not exist on type '{ toStringTag: string; }'.
decimal.ts(1528,33): error TS2552: Cannot find name 'BigNumber'. Did you mean 'Number'?
decimal.ts(1568,25): error TS2554: Expected 4 arguments, but got 3.
decimal.ts(1637,23): error TS2554: Expected 4 arguments, but got 3.
decimal.ts(1647,5): error TS2339: Property 'precision' does not exist on type '{ toStringTag: string; }'.
decimal.ts(1647,19): error TS2339: Property 'sd' does not exist on type '{ toStringTag: string; }'.
decimal.ts(1651,25): error TS2367: This comparison appears to be unintentional because the types 'number' and 'boolean' have no overlap.
decimal.ts(1669,5): error TS2339: Property 'round' does not exist on type '{ toStringTag: string; }'.
decimal.ts(1673,12): error TS2554: Expected 4 arguments, but got 3.
decimal.ts(1692,5): error TS2339: Property 'sine' does not exist on type '{ toStringTag: string; }'.
decimal.ts(1692,14): error TS2339: Property 'sin' does not exist on type '{ toStringTag: string; }'.
decimal.ts(1726,5): error TS2339: Property 'squareRoot' does not exist on type '{ toStringTag: string; }'.
decimal.ts(1726,20): error TS2339: Property 'sqrt' does not exist on type '{ toStringTag: string; }'.
decimal.ts(1751,36): error TS2363: The right-hand side of an arithmetic operation must be of type 'any', 'number', 'bigint' or an enum type.
decimal.ts(1770,18): error TS2554: Expected 6 arguments, but got 4.
decimal.ts(1783,13): error TS2554: Expected 4 arguments, but got 3.
decimal.ts(1800,13): error TS2554: Expected 4 arguments, but got 3.
decimal.ts(1828,5): error TS2339: Property 'tangent' does not exist on type '{ toStringTag: string; }'.
decimal.ts(1828,17): error TS2339: Property 'tan' does not exist on type '{ toStringTag: string; }'.
decimal.ts(1843,9): error TS2554: Expected 6 arguments, but got 4.
decimal.ts(1873,5): error TS2339: Property 'times' does not exist on type '{ toStringTag: string; }'.
decimal.ts(1873,15): error TS2339: Property 'mul' does not exist on type '{ toStringTag: string; }'.
decimal.ts(1936,23): error TS2554: Expected 4 arguments, but got 3.
decimal.ts(1950,5): error TS2339: Property 'toBinary' does not exist on type '{ toStringTag: string; }'.
decimal.ts(1950,42): error TS2304: Cannot find name 'RoundingMode'.
decimal.ts(1965,5): error TS2339: Property 'toDecimalPlaces' does not exist on type '{ toStringTag: string; }'.
decimal.ts(1965,25): error TS2339: Property 'toDP' does not exist on type '{ toStringTag: string; }'.
decimal.ts(1977,12): error TS2554: Expected 4 arguments, but got 3.
decimal.ts(1989,5): error TS2339: Property 'toExponential' does not exist on type '{ toStringTag: string; }'.
decimal.ts(1995,13): error TS2554: Expected 3 arguments, but got 2.
decimal.ts(2002,11): error TS2554: Expected 4 arguments, but got 3.
decimal.ts(2026,5): error TS2339: Property 'toFixed' does not exist on type '{ toStringTag: string; }'.
decimal.ts(2032,13): error TS2554: Expected 3 arguments, but got 1.
decimal.ts(2039,11): error TS2554: Expected 4 arguments, but got 3.
decimal.ts(2060,5): error TS2339: Property 'toFraction' does not exist on type '{ toStringTag: string; }'.
decimal.ts(2092,11): error TS2554: Expected 6 arguments, but got 5.
decimal.ts(2105,10): error TS2554: Expected 6 arguments, but got 5.
decimal.ts(2105,22): error TS2339: Property 'minus' does not exist on type 'number'.
decimal.ts(2111,9): error TS2554: Expected 6 arguments, but got 4.
decimal.ts(2111,49): error TS2554: Expected 6 arguments, but got 4.
decimal.ts(2131,5): error TS2339: Property 'toHexadecimal' does not exist on type '{ toStringTag: string; }'.
decimal.ts(2131,23): error TS2339: Property 'toHex' does not exist on type '{ toStringTag: string; }'.
decimal.ts(2152,5): error TS2339: Property 'toNearest' does not exist on type '{ toStringTag: string; }'.
decimal.ts(2152,30): error TS2552: Cannot find name 'BigNumber'. Did you mean 'Number'?
decimal.ts(2152,45): error TS2304: Cannot find name 'RoundingMode'.
decimal.ts(2186,11): error TS2554: Expected 6 arguments, but got 5.
decimal.ts(2188,7): error TS2554: Expected 4 arguments, but got 1.
decimal.ts(2205,5): error TS2339: Property 'toNumber' does not exist on type '{ toStringTag: string; }'.
decimal.ts(2220,5): error TS2339: Property 'toOctal' does not exist on type '{ toStringTag: string; }'.
decimal.ts(2220,41): error TS2304: Cannot find name 'RoundingMode'.
decimal.ts(2268,5): error TS2339: Property 'toPower' does not exist on type '{ toStringTag: string; }'.
decimal.ts(2268,17): error TS2339: Property 'pow' does not exist on type '{ toStringTag: string; }'.
decimal.ts(2268,36): error TS2304: Cannot find name 'BigNumber'.
decimal.ts(2284,25): error TS2554: Expected 4 arguments, but got 3.
decimal.ts(2292,45): error TS2554: Expected 4 arguments, but got 3.
decimal.ts(2319,34): error TS2345: Argument of type 'string' is not assignable to parameter of type 'number'.
decimal.ts(2343,11): error TS2554: Expected 4 arguments, but got 3.
decimal.ts(2347,11): error TS2554: Expected 4 arguments, but got 3.
decimal.ts(2351,13): error TS2554: Expected 4 arguments, but got 3.
decimal.ts(2355,15): error TS2554: Expected 4 arguments, but got 3.
decimal.ts(2364,12): error TS2554: Expected 4 arguments, but got 3.
decimal.ts(2379,5): error TS2339: Property 'toPrecision' does not exist on type '{ toStringTag: string; }'.
decimal.ts(2385,13): error TS2554: Expected 3 arguments, but got 2.
decimal.ts(2392,11): error TS2554: Expected 4 arguments, but got 3.
decimal.ts(2414,5): error TS2339: Property 'toSignificantDigits' does not exist on type '{ toStringTag: string; }'.
decimal.ts(2414,29): error TS2339: Property 'toSD' does not exist on type '{ toStringTag: string; }'.
decimal.ts(2428,12): error TS2554: Expected 4 arguments, but got 3.
decimal.ts(2442,13): error TS2554: Expected 3 arguments, but got 2.
decimal.ts(2452,5): error TS2339: Property 'truncated' does not exist on type '{ toStringTag: string; }'.
decimal.ts(2452,19): error TS2339: Property 'trunc' does not exist on type '{ toStringTag: string; }'.
decimal.ts(2453,12): error TS2554: Expected 4 arguments, but got 3.
decimal.ts(2462,17): error TS2339: Property 'toJSON' does not exist on type '{ toStringTag: string; }'.
decimal.ts(2465,13): error TS2554: Expected 3 arguments, but got 2.
decimal.ts(2562,60): error TS2304: Cannot find name 'RoundingMode'.
decimal.ts(2641,38): error TS2304: Cannot find name 'BigNumber'.
decimal.ts(2659,10): error TS2339: Property 'precision' does not exist on type 'Function'.
decimal.ts(2661,9): error TS2554: Expected 5 arguments, but got 4.
decimal.ts(2661,47): error TS2351: This expression is not constructable.
  Type 'Function' has no construct signatures.
decimal.ts(2669,10): error TS2339: Property 'precision' does not exist on type 'Function'.
decimal.ts(2684,15): error TS2339: Property 'length' does not exist on type 'number'.
decimal.ts(2686,18): error TS2339: Property 'slice' does not exist on type 'number'.
decimal.ts(2692,20): error TS2339: Property 'unshift' does not exist on type 'number'.
decimal.ts(2728,25): error TS2304: Cannot find name 'BigJS'.
decimal.ts(2728,35): error TS2304: Cannot find name 'BigJS'.
decimal.ts(2946,25): error TS2304: Cannot find name 'BigNumber'.
decimal.ts(2946,52): error TS2304: Cannot find name 'RoundingMode'.
decimal.ts(3113,30): error TS2304: Cannot find name 'BigNumber'.
decimal.ts(3243,21): error TS2749: 'Decimal' refers to a value, but is being used as a type here. Did you mean 'typeof Decimal'?
decimal.ts(3301,34): error TS2304: Cannot find name 'BigJS'.
decimal.ts(3343,13): error TS2554: Expected 4 arguments, but got 3.
decimal.ts(3345,20): error TS2554: Expected 6 arguments, but got 4.
decimal.ts(3349,27): error TS2554: Expected 4 arguments, but got 3.
decimal.ts(3358,70): error TS2345: Argument of type 'number' is not assignable to parameter of type 'boolean'.
decimal.ts(3392,32): error TS2304: Cannot find name 'BigNumber'.
decimal.ts(3464,27): error TS2554: Expected 6 arguments, but got 4.
decimal.ts(3465,10): error TS2554: Expected 4 arguments, but got 3.
decimal.ts(3469,19): error TS2554: Expected 4 arguments, but got 3.
decimal.ts(3470,20): error TS2554: Expected 6 arguments, but got 4.
decimal.ts(3478,15): error TS2554: Expected 6 arguments, but got 4.
decimal.ts(3489,33): error TS2554: Expected 6 arguments, but got 4.
decimal.ts(3490,18): error TS2554: Expected 4 arguments, but got 3.
decimal.ts(3508,33): error TS2749: 'Decimal' refers to a value, but is being used as a type here. Did you mean 'typeof Decimal'?
decimal.ts(3545,9): error TS2339: Property 'e' does not exist on type 'string'.
decimal.ts(3546,9): error TS2339: Property 'd' does not exist on type 'string'.
decimal.ts(3556,18): error TS2339: Property 'd' does not exist on type 'string'.
decimal.ts(3557,43): error TS2339: Property 'd' does not exist on type 'string'.
decimal.ts(3565,9): error TS2339: Property 'd' does not exist on type 'string'.
decimal.ts(3570,15): error TS2339: Property 'e' does not exist on type 'string'.
decimal.ts(3570,33): error TS2339: Property 'maxE' does not exist on type 'Function'.
decimal.ts(3573,13): error TS2339: Property 'd' does not exist on type 'string'.
decimal.ts(3574,13): error TS2339: Property 'e' does not exist on type 'string'.
decimal.ts(3577,22): error TS2339: Property 'e' does not exist on type 'string'.
decimal.ts(3577,40): error TS2339: Property 'minE' does not exist on type 'Function'.
decimal.ts(3580,13): error TS2339: Property 'e' does not exist on type 'string'.
decimal.ts(3581,13): error TS2339: Property 'd' does not exist on type 'string'.
decimal.ts(3588,9): error TS2339: Property 'e' does not exist on type 'string'.
decimal.ts(3589,9): error TS2339: Property 'd' does not exist on type 'string'.
decimal.ts(3599,26): error TS2304: Cannot find name 'BigJS'.
decimal.ts(3664,22): error TS2554: Expected 6 arguments, but got 3.
decimal.ts(3684,31): error TS2554: Expected 5 arguments, but got 4.
decimal.ts(3696,9): error TS2554: Expected 5 arguments, but got 4.
decimal.ts(3724,11): error TS2554: Expected 6 arguments, but got 4.
decimal.ts(3726,11): error TS2554: Expected 6 arguments, but got 4.
decimal.ts(3795,30): error TS2304: Cannot find name 'Big'.
decimal.ts(3812,13): error TS2554: Expected 3 arguments, but got 1.
decimal.ts(3839,27): error TS2554: Expected 3 arguments, but got 1.
decimal.ts(3990,19): error TS2749: 'Decimal' refers to a value, but is being used as a type here. Did you mean 'typeof Decimal'?
decimal.ts(4013,21): error TS2749: 'Decimal' refers to a value, but is being used as a type here. Did you mean 'typeof Decimal'?
decimal.ts(4026,33): error TS2749: 'Decimal' refers to a value, but is being used as a type here. Did you mean 'typeof Decimal'?
decimal.ts(4026,59): error TS2749: 'Decimal' refers to a value, but is being used as a type here. Did you mean 'typeof Decimal'?
decimal.ts(4062,34): error TS2749: 'Decimal' refers to a value, but is being used as a type here. Did you mean 'typeof Decimal'?
decimal.ts(4074,21): error TS2304: Cannot find name 'DecimalSource'.
decimal.ts(4113,12): error TS2339: Property 's' does not exist on type 'number'.
decimal.ts(4113,20): error TS2339: Property 's' does not exist on type 'number'.
decimal.ts(4117,19): error TS2339: Property 'd' does not exist on type 'number'.
decimal.ts(4117,27): error TS2339: Property 'd' does not exist on type 'number'.
decimal.ts(4118,39): error TS2339: Property 's' does not exist on type 'number'.
decimal.ts(4119,15): error TS2339: Property 's' does not exist on type 'number'.
decimal.ts(4122,19): error TS2339: Property 'd' does not exist on type 'number'.
decimal.ts(4122,26): error TS2339: Property 'isZero' does not exist on type 'number'.
decimal.ts(4123,13): error TS2339: Property 's' does not exist on type 'number'.
decimal.ts(4124,15): error TS2339: Property 's' does not exist on type 'number'.
decimal.ts(4127,19): error TS2339: Property 'd' does not exist on type 'number'.
decimal.ts(4127,26): error TS2339: Property 'isZero' does not exist on type 'number'.
decimal.ts(4129,15): error TS2339: Property 's' does not exist on type 'number'.
decimal.ts(4132,18): error TS2339: Property 's' does not exist on type 'number'.
decimal.ts(4135,21): error TS2554: Expected 6 arguments, but got 4.
decimal.ts(4139,13): error TS2339: Property 's' does not exist on type 'number'.
decimal.ts(4141,21): error TS2554: Expected 6 arguments, but got 4.
decimal.ts(4155,20): error TS2749: 'Decimal' refers to a value, but is being used as a type here. Did you mean 'typeof Decimal'?
decimal.ts(4166,20): error TS2749: 'Decimal' refers to a value, but is being used as a type here. Did you mean 'typeof Decimal'?
decimal.ts(4167,12): error TS2554: Expected 4 arguments, but got 3.
decimal.ts(4179,21): error TS2749: 'Decimal' refers to a value, but is being used as a type here. Did you mean 'typeof Decimal'?
decimal.ts(4179,35): error TS2749: 'Decimal' refers to a value, but is being used as a type here. Did you mean 'typeof Decimal'?
decimal.ts(4179,49): error TS2749: 'Decimal' refers to a value, but is being used as a type here. Did you mean 'typeof Decimal'?
decimal.ts(4229,47): error TS2339: Property 'randomBytes' does not exist on type 'Crypto'.
decimal.ts(4265,20): error TS2749: 'Decimal' refers to a value, but is being used as a type here. Did you mean 'typeof Decimal'?
decimal.ts(4290,43): error TS2350: Only a void function can be called with the 'new' keyword.
decimal.ts(4298,11): error TS2339: Property 's' does not exist on type '{ toStringTag: string; }'.
decimal.ts(4301,37): error TS2551: Property 'maxE' does not exist on type '{ (v: any): any; prototype: { toStringTag: string; }; ROUND_UP: number; ROUND_DOWN: number; ROUND_CEIL: number; ROUND_FLOOR: number; ROUND_HALF_UP: number; ROUND_HALF_DOWN: number; ROUND_HALF_EVEN: number; ... 44 more ...; trunc: (x: Decimal) => BigNumber; }'. Did you mean 'max'?
decimal.ts(4304,15): error TS2339: Property 'e' does not exist on type '{ toStringTag: string; }'.
decimal.ts(4305,15): error TS2339: Property 'd' does not exist on type '{ toStringTag: string; }'.
decimal.ts(4306,36): error TS2551: Property 'minE' does not exist on type '{ (v: any): any; prototype: { toStringTag: string; }; ROUND_UP: number; ROUND_DOWN: number; ROUND_CEIL: number; ROUND_FLOOR: number; ROUND_HALF_UP: number; ROUND_HALF_DOWN: number; ROUND_HALF_EVEN: number; ... 44 more ...; trunc: (x: Decimal) => BigNumber; }'. Did you mean 'min'?
decimal.ts(4309,15): error TS2339: Property 'e' does not exist on type '{ toStringTag: string; }'.
decimal.ts(4310,15): error TS2339: Property 'd' does not exist on type '{ toStringTag: string; }'.
decimal.ts(4312,15): error TS2339: Property 'e' does not exist on type '{ toStringTag: string; }'.
decimal.ts(4313,15): error TS2339: Property 'd' does not exist on type '{ toStringTag: string; }'.
decimal.ts(4316,13): error TS2339: Property 'e' does not exist on type '{ toStringTag: string; }'.
decimal.ts(4317,13): error TS2339: Property 'd' does not exist on type '{ toStringTag: string; }'.
decimal.ts(4327,13): error TS2339: Property 's' does not exist on type '{ toStringTag: string; }'.
decimal.ts(4328,13): error TS2339: Property 'e' does not exist on type '{ toStringTag: string; }'.
decimal.ts(4329,13): error TS2339: Property 'd' does not exist on type '{ toStringTag: string; }'.
decimal.ts(4335,13): error TS2339: Property 's' does not exist on type '{ toStringTag: string; }'.
decimal.ts(4337,13): error TS2339: Property 's' does not exist on type '{ toStringTag: string; }'.
decimal.ts(4345,29): error TS2551: Property 'maxE' does not exist on type '{ (v: any): any; prototype: { toStringTag: string; }; ROUND_UP: number; ROUND_DOWN: number; ROUND_CEIL: number; ROUND_FLOOR: number; ROUND_HALF_UP: number; ROUND_HALF_DOWN: number; ROUND_HALF_EVEN: number; ... 44 more ...; trunc: (x: Decimal) => BigNumber; }'. Did you mean 'max'?
decimal.ts(4346,17): error TS2339: Property 'e' does not exist on type '{ toStringTag: string; }'.
decimal.ts(4347,17): error TS2339: Property 'd' does not exist on type '{ toStringTag: string; }'.
decimal.ts(4348,36): error TS2551: Property 'minE' does not exist on type '{ (v: any): any; prototype: { toStringTag: string; }; ROUND_UP: number; ROUND_DOWN: number; ROUND_CEIL: number; ROUND_FLOOR: number; ROUND_HALF_UP: number; ROUND_HALF_DOWN: number; ROUND_HALF_EVEN: number; ... 44 more ...; trunc: (x: Decimal) => BigNumber; }'. Did you mean 'min'?
decimal.ts(4349,17): error TS2339: Property 'e' does not exist on type '{ toStringTag: string; }'.
decimal.ts(4350,17): error TS2339: Property 'd' does not exist on type '{ toStringTag: string; }'.
decimal.ts(4352,17): error TS2339: Property 'e' does not exist on type '{ toStringTag: string; }'.
decimal.ts(4353,17): error TS2339: Property 'd' does not exist on type '{ toStringTag: string; }'.
decimal.ts(4356,15): error TS2339: Property 'e' does not exist on type '{ toStringTag: string; }'.
decimal.ts(4357,15): error TS2339: Property 'd' does not exist on type '{ toStringTag: string; }'.
decimal.ts(4364,21): error TS2339: Property 's' does not exist on type '{ toStringTag: string; }'.
decimal.ts(4365,13): error TS2339: Property 'e' does not exist on type '{ toStringTag: string; }'.
decimal.ts(4366,13): error TS2339: Property 'd' does not exist on type '{ toStringTag: string; }'.
decimal.ts(4370,29): error TS2345: Argument of type '{ toStringTag: string; }' is not assignable to parameter of type 'string'.
decimal.ts(4379,11): error TS2339: Property 's' does not exist on type '{ toStringTag: string; }'.
decimal.ts(4383,11): error TS2339: Property 's' does not exist on type '{ toStringTag: string; }'.
decimal.ts(4386,47): error TS2345: Argument of type '{ toStringTag: string; }' is not assignable to parameter of type 'string'.
decimal.ts(4467,33): error TS2749: 'Decimal' refers to a value, but is being used as a type here. Did you mean 'typeof Decimal'?
decimal.ts(4467,59): error TS2749: 'Decimal' refers to a value, but is being used as a type here. Did you mean 'typeof Decimal'?
decimal.ts(4479,19): error TS2749: 'Decimal' refers to a value, but is being used as a type here. Did you mean 'typeof Decimal'?
decimal.ts(4490,21): error TS2749: 'Decimal' refers to a value, but is being used as a type here. Did you mean 'typeof Decimal'?
decimal.ts(4491,12): error TS2554: Expected 4 arguments, but got 3.
decimal.ts(4546,18): error TS2749: 'Decimal' refers to a value, but is being used as a type here. Did you mean 'typeof Decimal'?
decimal.ts(4585,21): error TS2749: 'Decimal' refers to a value, but is being used as a type here. Did you mean 'typeof Decimal'?
decimal.ts(4597,27): error TS2345: Argument of type 'IArguments' is not assignable to parameter of type 'any[]'.
  Type 'IArguments' is missing the following properties from type 'any[]': pop, push, concat, join, and 27 more.
decimal.ts(4608,27): error TS2345: Argument of type 'IArguments' is not assignable to parameter of type 'any[]'.
decimal.ts(4633,19): error TS2749: 'Decimal' refers to a value, but is being used as a type here. Did you mean 'typeof Decimal'?
decimal.ts(4633,31): error TS2749: 'Decimal' refers to a value, but is being used as a type here. Did you mean 'typeof Decimal'?
decimal.ts(4646,19): error TS2749: 'Decimal' refers to a value, but is being used as a type here. Did you mean 'typeof Decimal'?
decimal.ts(4646,31): error TS2749: 'Decimal' refers to a value, but is being used as a type here. Did you mean 'typeof Decimal'?
decimal.ts(4693,23): error TS2339: Property 'randomBytes' does not exist on type 'Crypto'.
decimal.ts(4696,18): error TS2339: Property 'randomBytes' does not exist on type 'Crypto'.
decimal.ts(4705,18): error TS2339: Property 'randomBytes' does not exist on type 'Crypto'.
decimal.ts(4764,21): error TS2749: 'Decimal' refers to a value, but is being used as a type here. Did you mean 'typeof Decimal'?
decimal.ts(4765,12): error TS2554: Expected 4 arguments, but got 3.
decimal.ts(4780,20): error TS2749: 'Decimal' refers to a value, but is being used as a type here. Did you mean 'typeof Decimal'?
decimal.ts(4817,34): error TS2749: 'Decimal' refers to a value, but is being used as a type here. Did you mean 'typeof Decimal'?
decimal.ts(4830,19): error TS2749: 'Decimal' refers to a value, but is being used as a type here. Did you mean 'typeof Decimal'?
decimal.ts(4830,31): error TS2749: 'Decimal' refers to a value, but is being used as a type here. Did you mean 'typeof Decimal'?
decimal.ts(4853,12): error TS2554: Expected 4 arguments, but got 3.
decimal.ts(4887,21): error TS2749: 'Decimal' refers to a value, but is being used as a type here. Did you mean 'typeof Decimal'?
decimal.ts(4888,12): error TS2554: Expected 4 arguments, but got 3.
decimal.ts(4906,14): error TS2304: Cannot find name 'define'.
decimal.ts(4906,38): error TS2304: Cannot find name 'define'.
decimal.ts(4907,5): error TS2304: Cannot find name 'define'.

