index.ts(2,5): error TS2403: Subsequent variable declarations must have the same type.  Variable 'URL' must be of type '{ new (url: string | URL, base?: string | URL): URL; prototype: URL; createObjectURL(obj: Blob | MediaSource): string; revokeObjectURL(url: string): void; }', but here has type 'any'.
index.ts(24,24): error TS2554: Expected 3 arguments, but got 2.
index.ts(28,29): error TS2554: Expected 3 arguments, but got 2.
index.ts(32,34): error TS2554: Expected 3 arguments, but got 2.
index.ts(36,26): error TS2554: Expected 3 arguments, but got 2.
index.ts(42,39): error TS2304: Cannot find name 'Options'.
index.ts(42,39): error TS4078: Parameter 'options' of exported function has or is using private name 'Options'.
index.ts(61,48): error TS2304: Cannot find name 'IncomingMessage'.
index.ts(79,11): error TS2554: Expected 1 arguments, but got 0.
index.ts(107,24): error TS2554: Expected 1 arguments, but got 0.
index.ts(120,5): error TS2322: Type 'string' is not assignable to type 'Function'.
index.ts(157,37): error TS2304: Cannot find name 'Socket'.
index.ts(164,31): error TS2304: Cannot find name 'Socket'.
index.ts(234,69): error TS2552: Cannot find name 'RequestOptions'. Did you mean 'IdleRequestOptions'?
index.ts(305,15): error TS2554: Expected 1 arguments, but got 0.
index.ts(332,70): error TS2304: Cannot find name 'IncomingMessage'.
index.ts(371,24): error TS2554: Expected 1 arguments, but got 0.
index.ts(467,26): error TS2304: Cannot find name 'ProtocolMap'.
index.ts(467,26): error TS4078: Parameter 'protocols' of exported function has or is using private name 'ProtocolMap'.
index.ts(482,46): error TS2304: Cannot find name 'Options'.
index.ts(482,65): error TS2304: Cannot find name 'Callback'.
index.ts(498,24): error TS2358: The left-hand side of an 'instanceof' expression must be of type 'any', an object type or a type parameter.
index.ts(499,9): error TS2322: Type '{ protocol: string; hostname: string; hash: string; search: string; pathname: string; path: string; href: string; }' is not assignable to type 'string'.
index.ts(504,9): error TS2322: Type '{ protocol: string; }' is not assignable to type 'string'.
index.ts(560,13): error TS2339: Property 'port' does not exist on type '{ protocol: string; hostname: string; hash: string; search: string; pathname: string; path: string; href: string; }'.
index.ts(593,32): error TS2552: Cannot find name 'ClientRequest'. Did you mean 'ClientRect'?
index.ts(593,32): error TS4078: Parameter 'request' of exported function has or is using private name 'ClientRequest'.

