index.ts(73,31): error TS2304: Cannot find name 'Hook'.
index.ts(84,31): error TS2304: Cannot find name 'Hook'.
index.ts(101,33): error TS2304: Cannot find name 'Hook'.
index.ts(118,31): error TS2304: Cannot find name 'Hook'.
index.ts(180,30): error TS2304: Cannot find name 'Module'.
index.ts(180,54): error TS2552: Cannot find name 'RegisterOptions'. Did you mean 'RegistrationOptions'?
index.ts(228,31): error TS2304: Cannot find name 'Hook'.
index.ts(228,45): error TS2304: Cannot find name 'SucraseConfig'.
index.ts(238,31): error TS2304: Cannot find name 'Hook'.
index.ts(238,45): error TS2304: Cannot find name 'SucraseConfig'.
index.ts(248,31): error TS2304: Cannot find name 'Hook'.
index.ts(248,45): error TS2304: Cannot find name 'SucraseConfig'.
index.ts(258,31): error TS2304: Cannot find name 'Hook'.
index.ts(258,45): error TS2304: Cannot find name 'RegisterOptions'.
index.ts(268,31): error TS2304: Cannot find name 'Hook'.
index.ts(291,31): error TS2304: Cannot find name 'Hook'.
index.ts(291,45): error TS2304: Cannot find name 'Config'.
index.ts(315,31): error TS2304: Cannot find name 'Hook'.
index.ts(315,45): error TS2304: Cannot find name 'Config'.
index.ts(338,31): error TS2304: Cannot find name 'Hook'.
index.ts(338,45): error TS2304: Cannot find name 'Config'.
index.ts(362,31): error TS2304: Cannot find name 'Hook'.
index.ts(406,33): error TS2304: Cannot find name 'Hook'.
index.ts(406,47): error TS2304: Cannot find name 'Configuration'.
index.ts(434,33): error TS2304: Cannot find name 'Hook'.
index.ts(434,47): error TS2304: Cannot find name 'Config'.
index.ts(479,33): error TS2304: Cannot find name 'Hook'.
index.ts(479,47): error TS2304: Cannot find name 'Config'.

