index.ts(18,22): error TS2339: Property 'alphabet' does not exist on type 'StringConstructor'.
index.ts(22,18): error TS2322: Type 'string | number' is not assignable to type 'string'.
  Type 'number' is not assignable to type 'string'.
index.ts(22,25): error TS2554: Expected 3 arguments, but got 2.
index.ts(22,42): error TS2365: Operator '<' cannot be applied to types 'string' and 'number'.
index.ts(22,55): error TS2365: Operator '>' cannot be applied to types 'string' and 'number'.
index.ts(26,10): error TS2365: Operator '>' cannot be applied to types 'string' and 'number'.
index.ts(26,36): error TS2322: Type 'number' is not assignable to type 'string'.
index.ts(26,70): error TS2365: Operator '<' cannot be applied to types 'string' and 'number'.
index.ts(26,83): error TS2365: Operator '>' cannot be applied to types 'string' and 'number'.
index.ts(27,6): error TS2365: Operator '<' cannot be applied to types 'string' and 'number'.
index.ts(28,6): error TS2365: Operator '<' cannot be applied to types 'string' and 'number'.
index.ts(28,18): error TS2362: The left-hand side of an arithmetic operation must be of type 'any', 'number', 'bigint' or an enum type.
index.ts(29,6): error TS2365: Operator '<' cannot be applied to types 'string' and 'number'.
index.ts(30,6): error TS2365: Operator '<' cannot be applied to types 'string' and 'number'.
index.ts(30,18): error TS2362: The left-hand side of an arithmetic operation must be of type 'any', 'number', 'bigint' or an enum type.
index.ts(31,6): error TS2365: Operator '<' cannot be applied to types 'string' and 'number'.
index.ts(32,6): error TS2365: Operator '<' cannot be applied to types 'string' and 'number'.
index.ts(32,18): error TS2362: The left-hand side of an arithmetic operation must be of type 'any', 'number', 'bigint' or an enum type.
index.ts(33,6): error TS2365: Operator '<' cannot be applied to types 'string' and 'number'.
index.ts(34,6): error TS2362: The left-hand side of an arithmetic operation must be of type 'any', 'number', 'bigint' or an enum type.
index.ts(38,7): error TS2322: Type 'string' is not assignable to type 'number'.
index.ts(38,18): error TS2322: Type 'string' is not assignable to type 'number'.
index.ts(39,11): error TS2554: Expected 3 arguments, but got 2.
index.ts(40,3): error TS2322: Type 'string | number' is not assignable to type 'number'.
  Type 'string' is not assignable to type 'number'.
index.ts(40,11): error TS2554: Expected 3 arguments, but got 2.
index.ts(43,20): error TS2345: Argument of type 'number' is not assignable to parameter of type 'string'.
index.ts(44,4): error TS2322: Type 'string | number' is not assignable to type 'number'.
  Type 'string' is not assignable to type 'number'.
index.ts(44,20): error TS2345: Argument of type 'number' is not assignable to parameter of type 'string'.
index.ts(56,9): error TS2339: Property 'naturalCompare' does not exist on type 'StringConstructor'.

