examples/clock.ts(8,8): error TS2339: Property 'startedAt' does not exist on type 'Clock'.
examples/clock.ts(9,8): error TS2339: Property 'timer' does not exist on type 'Clock'.
examples/clock.ts(13,13): error TS2339: Property 'timer' does not exist on type 'Clock'.
examples/clock.ts(19,39): error TS2339: Property 'startedAt' does not exist on type 'Clock'.
examples/clock.ts(25,12): error TS2339: Property 'timer' does not exist on type 'Clock'.
examples/clock.ts(29,8): error TS2339: Property 'startedAt' does not exist on type 'Clock'.
examples/clock.ts(30,8): error TS2339: Property 'timer' does not exist on type 'Clock'.
examples/clock.ts(32,8): error TS2554: Expected 2 arguments, but got 1.
examples/clock.ts(36,12): error TS2339: Property 'timer' does not exist on type 'Clock'.
examples/clock.ts(37,23): error TS2339: Property 'timer' does not exist on type 'Clock'.
examples/clock.ts(40,8): error TS2339: Property 'startedAt' does not exist on type 'Clock'.
examples/clock.ts(41,8): error TS2339: Property 'timer' does not exist on type 'Clock'.
examples/clock.ts(43,8): error TS2554: Expected 2 arguments, but got 1.
index.ts(64,20): error TS2322: Type '() => void' is not assignable to type 'void'.
index.ts(70,4): error TS2349: This expression is not callable.
  Type 'void' has no call signatures.
index.ts(74,4): error TS2349: This expression is not callable.
  Type 'void' has no call signatures.
index.ts(81,4): error TS2322: Type 'Set<unknown>' is not assignable to type 'boolean'.
index.ts(86,7): error TS2339: Property 'add' does not exist on type 'boolean'.
index.ts(101,23): error TS2345: Argument of type '(resolve: void) => void' is not assignable to parameter of type '(resolve: (value: unknown) => void, reject: (reason?: any) => void) => void'.
  Types of parameters 'resolve' and 'resolve' are incompatible.
    Type '(value: unknown) => void' is not assignable to type 'void'.
index.ts(120,10): error TS2339: Property 'delete' does not exist on type 'true'.
index.ts(121,14): error TS2339: Property 'size' does not exist on type 'true'.
index.ts(128,4): error TS2349: This expression is not callable.
  Type 'void' has no call signatures.
index.ts(163,30): error TS2322: Type '(eventName: string) => boolean' is not assignable to type 'boolean'.
index.ts(163,53): error TS2367: This condition will always return 'false' since the types 'string' and 'symbol' have no overlap.
index.ts(163,84): error TS2367: This condition will always return 'false' since the types 'string' and 'symbol' have no overlap.
index.ts(166,6): error TS2349: This expression is not callable.
  Type 'Boolean' has no call signatures.
index.ts(226,14): error TS2339: Property 'DEBUG' does not exist on type '{}'.
index.ts(226,42): error TS2339: Property 'DEBUG' does not exist on type '{}'.
index.ts(240,8): error TS2339: Property 'debug' does not exist on type 'Emittery'.
index.ts(240,24): error TS2339: Property 'debug' does not exist on type '{}'.
index.ts(242,12): error TS2339: Property 'debug' does not exist on type 'Emittery'.
index.ts(243,9): error TS2339: Property 'debug' does not exist on type 'Emittery'.
index.ts(246,13): error TS2339: Property 'debug' does not exist on type 'Emittery'.
index.ts(247,9): error TS2339: Property 'debug' does not exist on type 'Emittery'.
index.ts(256,28): error TS2339: Property 'toString' does not exist on type 'never'.
index.ts(267,39): error TS2339: Property 'debug' does not exist on type 'Emittery'.
index.ts(268,9): error TS2339: Property 'debug' does not exist on type 'Emittery'.
index.ts(268,33): error TS2339: Property 'debug' does not exist on type 'Emittery'.
index.ts(279,9): error TS1345: An expression of type 'void' cannot be tested for truthiness.
index.ts(280,5): error TS2322: Type 'Set<unknown>' is not assignable to type 'void'.
index.ts(285,8): error TS2339: Property 'add' does not exist on type 'void'.
index.ts(289,9): error TS2349: This expression is not callable.
  Type 'Boolean' has no call signatures.
index.ts(290,25): error TS2345: Argument of type 'symbol' is not assignable to parameter of type 'string'.
index.ts(304,8): error TS1345: An expression of type 'void' cannot be tested for truthiness.
index.ts(305,9): error TS2339: Property 'delete' does not exist on type 'never'.
index.ts(306,13): error TS2339: Property 'size' does not exist on type 'never'.
index.ts(314,9): error TS2349: This expression is not callable.
  Type 'Boolean' has no call signatures.
index.ts(315,25): error TS2345: Argument of type 'symbol' is not assignable to parameter of type 'string'.
index.ts(323,44): error TS2345: Argument of type '(resolve: void) => void' is not assignable to parameter of type '(resolve: (value: {} | PromiseLike<{}>) => void, reject: (reason?: any) => void) => void'.
  Types of parameters 'resolve' and 'resolve' are incompatible.
    Type '(value: {} | PromiseLike<{}>) => void' is not assignable to type 'void'.
index.ts(326,5): error TS2349: This expression is not callable.
  Type 'void' has no call signatures.
index.ts(330,11): error TS2339: Property 'off' does not exist on type 'Promise<{}>'.
index.ts(346,7): error TS2349: This expression is not callable.
  Type 'Boolean' has no call signatures.
index.ts(354,26): error TS1345: An expression of type 'void' cannot be tested for truthiness.
index.ts(357,37): error TS2349: This expression is not callable.
  Type 'Boolean' has no call signatures.
index.ts(377,7): error TS2349: This expression is not callable.
  Type 'Boolean' has no call signatures.
index.ts(383,26): error TS1345: An expression of type 'void' cannot be tested for truthiness.
index.ts(410,23): error TS2345: Argument of type 'symbol' is not assignable to parameter of type 'string'.
index.ts(415,10): error TS2554: Expected 2 arguments, but got 1.
index.ts(423,23): error TS2345: Argument of type 'symbol' is not assignable to parameter of type 'string'.
index.ts(434,36): error TS2345: Argument of type 'string | number | symbol' is not assignable to parameter of type 'string'.
  Type 'number' is not assignable to type 'string'.
index.ts(435,9): error TS1345: An expression of type 'void' cannot be tested for truthiness.
index.ts(436,10): error TS2339: Property 'clear' does not exist on type 'never'.
index.ts(439,11): error TS2322: Type 'boolean' is not assignable to type 'void'.
index.ts(439,53): error TS2345: Argument of type 'string | number | symbol' is not assignable to parameter of type 'string'.
  Type 'number' is not assignable to type 'string'.
index.ts(440,9): error TS1345: An expression of type 'void' cannot be tested for truthiness.
index.ts(441,29): error TS2488: Type 'never' must have a '[Symbol.iterator]()' method that returns an iterator.
index.ts(445,16): error TS2339: Property 'clear' does not exist on type 'never'.
index.ts(474,40): error TS2339: Property 'size' does not exist on type 'void'.
index.ts(475,45): error TS2339: Property 'size' does not exist on type 'boolean'.
index.ts(476,9): error TS2554: Expected 2 arguments, but got 1.
index.ts(476,34): error TS2339: Property 'size' does not exist on type 'boolean'.

