scripts/build.ts(20,1): error TS2554: Expected 3 arguments, but got 2.
scripts/build.ts(23,18): error TS2732: Cannot find module '../src/custom-suffix.json'. Consider using '--resolveJsonModule' to import module with '.json' extension.
scripts/build.ts(95,9): error TS2339: Property 'source' does not exist on type '{}'.
scripts/fetch-apache.ts(14,21): error TS2307: Cannot find module 'raw-body' or its corresponding type declarations.
scripts/fetch-apache.ts(42,20): error TS2339: Property 'index' does not exist on type 'RegExp'.
scripts/fetch-iana.ts(14,16): error TS2307: Cannot find module 'co' or its corresponding type declarations.
scripts/fetch-iana.ts(15,24): error TS2307: Cannot find module 'raw-body' or its corresponding type declarations.
scripts/fetch-iana.ts(16,20): error TS2307: Cannot find module 'cogent' or its corresponding type declarations.
scripts/fetch-iana.ts(17,20): error TS2307: Cannot find module 'csv-parse' or its corresponding type declarations.
scripts/fetch-iana.ts(18,21): error TS2307: Cannot find module 'stream-to-array' or its corresponding type declarations.
scripts/fetch-iana.ts(22,5): error TS2322: Type 'RegExp' is not assignable to type 'string'.
scripts/fetch-iana.ts(23,5): error TS2322: Type 'RegExp' is not assignable to type 'string'.
scripts/fetch-iana.ts(24,5): error TS2322: Type 'RegExp' is not assignable to type 'string'.
scripts/fetch-iana.ts(25,5): error TS2322: Type 'RegExp' is not assignable to type 'string'.
scripts/fetch-iana.ts(26,5): error TS2322: Type 'RegExp' is not assignable to type 'string'.
scripts/fetch-iana.ts(27,5): error TS2322: Type 'RegExp' is not assignable to type 'string'.
scripts/fetch-iana.ts(28,5): error TS2322: Type 'RegExp' is not assignable to type 'string'.
scripts/fetch-iana.ts(29,5): error TS2322: Type 'RegExp' is not assignable to type 'string'.
scripts/fetch-iana.ts(30,5): error TS2322: Type 'RegExp' is not assignable to type 'string'.
scripts/fetch-iana.ts(31,5): error TS2322: Type 'RegExp' is not assignable to type 'string'.
scripts/fetch-iana.ts(32,5): error TS2322: Type 'RegExp' is not assignable to type 'string'.
scripts/fetch-iana.ts(34,5): error TS2322: Type 'RegExp' is not assignable to type 'string'.
scripts/fetch-iana.ts(35,5): error TS2322: Type 'RegExp' is not assignable to type 'string'.
scripts/fetch-iana.ts(36,5): error TS2322: Type 'RegExp' is not assignable to type 'string'.
scripts/fetch-iana.ts(37,5): error TS2322: Type 'RegExp' is not assignable to type 'string'.
scripts/fetch-iana.ts(38,5): error TS2322: Type 'RegExp' is not assignable to type 'string'.
scripts/fetch-iana.ts(48,5): error TS2554: Expected 2 arguments, but got 1.
scripts/fetch-iana.ts(172,42): error TS2339: Property 'exec' does not exist on type 'string'.
scripts/fetch-iana.ts(180,33): error TS2339: Property 'exec' does not exist on type 'string'.
scripts/fetch-iana.ts(181,47): error TS2339: Property 'exec' does not exist on type 'string'.
scripts/fetch-iana.ts(183,53): error TS2339: Property 'exec' does not exist on type 'string'.
scripts/fetch-iana.ts(207,47): error TS2339: Property 'test' does not exist on type 'string'.
scripts/fetch-iana.ts(211,55): error TS2339: Property 'exec' does not exist on type 'string'.
scripts/fetch-iana.ts(219,50): error TS2339: Property 'exec' does not exist on type 'string'.
scripts/fetch-iana.ts(219,87): error TS2339: Property 'exec' does not exist on type 'string'.
scripts/fetch-iana.ts(268,46): error TS2339: Property 'exec' does not exist on type 'string'.
scripts/fetch-iana.ts(273,37): error TS2339: Property 'forEach' does not exist on type 'string'.
scripts/fetch-iana.ts(290,42): error TS2339: Property 'exec' does not exist on type 'string'.
scripts/fetch-iana.ts(297,25): error TS2339: Property 'test' does not exist on type 'string'.
scripts/fetch-iana.ts(302,119): error TS2339: Property 'test' does not exist on type 'string'.
scripts/fetch-iana.ts(309,38): error TS2339: Property 'test' does not exist on type 'string'.
scripts/fetch-iana.ts(349,22): error TS2339: Property 'index' does not exist on type 'string'.
scripts/fetch-iana.ts(351,38): error TS2339: Property 'exec' does not exist on type 'string'.
scripts/fetch-iana.ts(362,22): error TS2339: Property 'index' does not exist on type 'string'.
scripts/fetch-iana.ts(364,38): error TS2339: Property 'exec' does not exist on type 'string'.
scripts/fetch-iana.ts(375,11): error TS2339: Property 'config' does not exist on type 'PromiseConstructor'.
scripts/fetch-iana.ts(383,3): error TS2322: Type 'boolean' is not assignable to type 'string'.
scripts/fetch-nginx.ts(14,21): error TS2307: Cannot find module 'raw-body' or its corresponding type declarations.
scripts/fetch-nginx.ts(40,20): error TS2339: Property 'index' does not exist on type 'RegExp'.
scripts/lib/write-db.ts(10,73): error TS2355: A function whose declared type is neither 'void' nor 'any' must return a value.
scripts/lib/write-db.ts(21,49): error TS2345: Argument of type '(a: string, b: string) => string' is not assignable to parameter of type '(a: string, b: string) => number'.
  Type 'string' is not assignable to type 'number'.
scripts/lib/write-db.ts(51,7): error TS2322: Type 'string' is not assignable to type 'number'.
  Type 'string' is not assignable to type 'number'.
scripts/lib/write-db.ts(54,3): error TS2322: Type 'string' is not assignable to type 'void'.
scripts/lib/write-db.ts(58,7): error TS2322: Type 'number' is not assignable to type 'boolean'.
scripts/lib/write-db.ts(60,3): error TS2322: Type 'number | boolean' is not assignable to type 'string'.
  Type 'boolean' is not assignable to type 'string'.
scripts/version-history.ts(7,5): error TS2322: Type 'RegExp' is not assignable to type 'string'.
scripts/version-history.ts(13,23): error TS2339: Property 'test' does not exist on type 'string'.
scripts/version-history.ts(58,14): error TS2339: Property 'length' does not exist on type 'number'.
scripts/version-history.ts(59,5): error TS2322: Type 'string' is not assignable to type 'number'.

