java.util.concurrent.ExecutionException: Boxed Error
	at scala.concurrent.impl.Promise$.resolver(Promise.scala:87)
	at scala.concurrent.impl.Promise$.scala$concurrent$impl$Promise$$resolveTry(Promise.scala:79)
	at scala.concurrent.impl.Promise$DefaultPromise.tryComplete(Promise.scala:284)
	at scala.concurrent.Promise.complete(Promise.scala:53)
	at scala.concurrent.Promise.complete$(Promise.scala:52)
	at scala.concurrent.impl.Promise$DefaultPromise.complete(Promise.scala:187)
	at scala.concurrent.impl.Promise.$anonfun$transform$1(Promise.scala:33)
	at scala.concurrent.impl.CallbackRunnable.run(Promise.scala:64)
	at java.base/java.util.concurrent.ForkJoinTask$RunnableExecuteAction.exec(ForkJoinTask.java:1426)
	at java.base/java.util.concurrent.ForkJoinTask.doExec(ForkJoinTask.java:290)
	at java.base/java.util.concurrent.ForkJoinPool$WorkQueue.topLevelExec(ForkJoinPool.java:1020)
	at java.base/java.util.concurrent.ForkJoinPool.scan(ForkJoinPool.java:1656)
	at java.base/java.util.concurrent.ForkJoinPool.runWorker(ForkJoinPool.java:1594)
	at java.base/java.util.concurrent.ForkJoinWorkerThread.run(ForkJoinWorkerThread.java:177)
Caused by: java.lang.Error: Parsing error: Expected ":":53:6, found "version\": "
	at lambdanet.utils.ProgramParsing$.$anonfun$parseJsonFromFile$2(ProgramParsing.scala:190)
	at funcdiff.SimpleMath$.withErrorMessage(SimpleMath.scala:483)
	at lambdanet.utils.ProgramParsing$.parseJsonFromFile(ProgramParsing.scala:182)
	at lambdanet.utils.ProgramParsing$.parsePackageFile(ProgramParsing.scala:33)
	at lambdanet.utils.ProgramParsing$.$anonfun$parseGProjectFromRoot$2(ProgramParsing.scala:97)
	at scala.collection.TraversableLike.$anonfun$map$1(TraversableLike.scala:238)
	at scala.collection.immutable.List.foreach(List.scala:392)
	at scala.collection.TraversableLike.map(TraversableLike.scala:238)
	at scala.collection.TraversableLike.map$(TraversableLike.scala:231)
	at scala.collection.immutable.List.map(List.scala:298)
	at lambdanet.utils.ProgramParsing$.parseGProjectFromRoot(ProgramParsing.scala:97)
	at lambdanet.PrepareRepos$.$anonfun$parseProject$2(PrepareRepos.scala:607)
	at funcdiff.SimpleMath$.withErrorMessage(SimpleMath.scala:483)
	at lambdanet.PrepareRepos$.parseProject(PrepareRepos.scala:602)
	at lambdanet.Model$PredictionService.predictOnProject(Model.scala:247)
	at lambdanet.TypeInferenceService$.$anonfun$main$1(TypeInferenceService.scala:119)
	at scala.concurrent.Future$.$anonfun$apply$1(Future.scala:659)
	at scala.util.Success.$anonfun$map$1(Try.scala:255)
	at scala.util.Success.map(Try.scala:213)
	at scala.concurrent.Future.$anonfun$map$1(Future.scala:292)
	at scala.concurrent.impl.Promise.liftedTree1$1(Promise.scala:33)
	... 8 more
