java.lang.IllegalArgumentException: requirement failed
	at scala.Predef$.require(Predef.scala:268)
	at botkop.numsca.package$.concat(package.scala:191)
	at funcdiff.DiffFunc$ConcatN.<init>(DiffFunc.scala:389)
	at funcdiff.APITrait.$anonfun$concatN$1(API.scala:81)
	at funcdiff.APITrait.funcNode(API.scala:27)
	at funcdiff.APITrait.funcNode$(API.scala:25)
	at funcdiff.package$.funcNode(package.scala:3)
	at funcdiff.APITrait.concatN(API.scala:81)
	at funcdiff.APITrait.concatN$(API.scala:77)
	at funcdiff.package$.concatN(package.scala:3)
	at lambdanet.architecture.NNArchitecture.similarity(NNArchitecture.scala:326)
	at lambdanet.NeuralInference$Predictor$run.decode(NeuralInference.scala:184)
	at lambdanet.NeuralInference$Predictor$run.$anonfun$result$5(NeuralInference.scala:81)
	at funcdiff.SimpleMath$.measureTime(SimpleMath.scala:431)
	at funcdiff.SimpleMath$TimeLogger.logTime(SimpleMath.scala:458)
	at lambdanet.NeuralInference$Predictor$run.$anonfun$result$4(NeuralInference.scala:81)
	at scala.collection.TraversableLike.$anonfun$map$1(TraversableLike.scala:238)
	at scala.collection.Iterator.foreach(Iterator.scala:941)
	at scala.collection.Iterator.foreach$(Iterator.scala:941)
	at scala.collection.AbstractIterator.foreach(Iterator.scala:1429)
	at scala.collection.IterableLike.foreach(IterableLike.scala:74)
	at scala.collection.IterableLike.foreach$(IterableLike.scala:73)
	at scala.collection.AbstractIterable.foreach(Iterable.scala:56)
	at scala.collection.TraversableLike.map(TraversableLike.scala:238)
	at scala.collection.TraversableLike.map$(TraversableLike.scala:231)
	at scala.collection.AbstractTraversable.map(Traversable.scala:108)
	at lambdanet.NeuralInference$Predictor$run.result(NeuralInference.scala:79)
	at lambdanet.Model.$anonfun$predictOnParsed$1(Model.scala:124)
	at lambdanet.package$.liftedTree1$1(package.scala:177)
	at lambdanet.package$.announced(package.scala:176)
	at lambdanet.Model.predictOnParsed(Model.scala:126)
	at lambdanet.Model$PredictionService.predictOnProject(Model.scala:259)
	at lambdanet.TypeInferenceService$.$anonfun$main$1(TypeInferenceService.scala:119)
	at scala.concurrent.Future$.$anonfun$apply$1(Future.scala:659)
	at scala.util.Success.$anonfun$map$1(Try.scala:255)
	at scala.util.Success.map(Try.scala:213)
	at scala.concurrent.Future.$anonfun$map$1(Future.scala:292)
	at scala.concurrent.impl.Promise.liftedTree1$1(Promise.scala:33)
	at scala.concurrent.impl.Promise.$anonfun$transform$1(Promise.scala:33)
	at scala.concurrent.impl.CallbackRunnable.run(Promise.scala:64)
	at java.base/java.util.concurrent.ForkJoinTask$RunnableExecuteAction.exec(ForkJoinTask.java:1426)
	at java.base/java.util.concurrent.ForkJoinTask.doExec(ForkJoinTask.java:290)
	at java.base/java.util.concurrent.ForkJoinPool$WorkQueue.topLevelExec(ForkJoinPool.java:1020)
	at java.base/java.util.concurrent.ForkJoinPool.scan(ForkJoinPool.java:1656)
	at java.base/java.util.concurrent.ForkJoinPool.runWorker(ForkJoinPool.java:1594)
	at java.base/java.util.concurrent.ForkJoinWorkerThread.run(ForkJoinWorkerThread.java:177)
