bench/index.ts(14,39): error TS2339: Property 'target' does not exist on type 'HTMLElement'.
bench/index.ts(20,31): error TS2339: Property 'add' does not exist on type 'object'.
bench/index.ts(21,9): error TS2339: Property 'on' does not exist on type 'object'.
bench/index.ts(23,12): error TS2339: Property 'run' does not exist on type 'object'.
bench/index.ts(23,36): error TS2339: Property 'run' does not exist on type 'object'.
bench/index.ts(24,11): error TS2339: Property 'add' does not exist on type 'object'.
bench/index.ts(28,22): error TS2339: Property 'green' does not exist on type 'any[]'.
bench/index.ts(28,40): error TS2339: Property 'name' does not exist on type 'object'.
bench/index.ts(30,9): error TS2339: Property 'add' does not exist on type 'object'.
bench/index.ts(31,35): error TS2322: Type 'string' is not assignable to type 'Function'.
bench/index.ts(46,6): error TS2339: Property 'add' does not exist on type 'Function'.
bench/index.ts(47,6): error TS2339: Property 'run' does not exist on type 'Function'.
bench/index.ts(48,7): error TS2339: Property 'skip' does not exist on type 'Function'.
bench/index.ts(49,22): error TS2339: Property 'cyan' does not exist on type 'any[]'.
bench/index.ts(49,41): error TS2339: Property 'unstyle' does not exist on type 'any[]'.
bench/index.ts(54,26): error TS2349: This expression is not callable.
  Type '{}' has no call signatures.
bench/index.ts(55,26): error TS2349: This expression is not callable.
  Type '{}' has no call signatures.
bench/index.ts(59,26): error TS2349: This expression is not callable.
  Type '{}' has no call signatures.
bench/index.ts(60,26): error TS2349: This expression is not callable.
  Type '{}' has no call signatures.
bench/index.ts(64,26): error TS2349: This expression is not callable.
  Type '{}' has no call signatures.
bench/index.ts(65,26): error TS2349: This expression is not callable.
  Type '{}' has no call signatures.
bench/index.ts(69,26): error TS2349: This expression is not callable.
  Type '{}' has no call signatures.
bench/index.ts(70,26): error TS2349: This expression is not callable.
  Type '{}' has no call signatures.
bench/index.ts(74,26): error TS2349: This expression is not callable.
  Type '{}' has no call signatures.
bench/index.ts(75,26): error TS2349: This expression is not callable.
  Type '{}' has no call signatures.
bench/index.ts(79,26): error TS2349: This expression is not callable.
  Type '{}' has no call signatures.
bench/index.ts(80,26): error TS2349: This expression is not callable.
  Type '{}' has no call signatures.
bench/index.ts(84,26): error TS2349: This expression is not callable.
  Type '{}' has no call signatures.
bench/index.ts(85,26): error TS2349: This expression is not callable.
  Type '{}' has no call signatures.
index.ts(16,29): error TS2367: This condition will always return 'false' since the types 'number' and 'boolean' have no overlap.
index.ts(26,7): error TS2322: Type 'string' is not assignable to type 'any[]'.
index.ts(29,7): error TS2367: This condition will always return 'false' since the types 'any[]' and 'string' have no overlap.
index.ts(38,18): error TS2339: Property 'stringify' does not exist on type 'any[]'.
index.ts(45,5): error TS2322: Type 'string' is not assignable to type 'any[]'.
index.ts(45,27): error TS2339: Property 'padStart' does not exist on type 'any[]'.
index.ts(47,7): error TS2367: This condition will always return 'false' since the types 'number' and 'boolean' have no overlap.
index.ts(63,55): error TS2314: Generic type 'Map<K, V>' requires 2 type argument(s).
index.ts(64,9): error TS2339: Property 'negatives' does not exist on type 'object'.
index.ts(65,9): error TS2339: Property 'positives' does not exist on type 'object'.
index.ts(72,13): error TS2339: Property 'positives' does not exist on type 'object'.
index.ts(73,23): error TS2339: Property 'positives' does not exist on type 'object'.
index.ts(76,13): error TS2339: Property 'negatives' does not exist on type 'object'.
index.ts(77,37): error TS2339: Property 'negatives' does not exist on type 'object'.
index.ts(98,43): error TS2345: Argument of type 'string' is not assignable to parameter of type 'number'.
index.ts(101,42): error TS2345: Argument of type 'string' is not assignable to parameter of type 'number'.
index.ts(105,64): error TS2314: Generic type 'Map<K, V>' requires 2 type argument(s).
index.ts(115,60): error TS2339: Property 'inspect' does not exist on type 'string'.
index.ts(119,15): error TS2339: Property 'strictRanges' does not exist on type 'object'.
index.ts(124,15): error TS2339: Property 'strictRanges' does not exist on type 'object'.
index.ts(135,17): error TS2339: Property 'strictRanges' does not exist on type 'object'.
index.ts(151,7): error TS2322: Type 'boolean' is not assignable to type 'number'.
index.ts(152,34): error TS2339: Property 'transform' does not exist on type 'object'.
index.ts(154,15): error TS2339: Property 'toRegex' does not exist on type 'object'.
index.ts(164,17): error TS2339: Property 'toRegex' does not exist on type 'object'.
index.ts(173,15): error TS2339: Property 'toRegex' does not exist on type 'object'.
index.ts(188,34): error TS2339: Property 'transform' does not exist on type 'object'.
index.ts(188,85): error TS2345: Argument of type 'string' is not assignable to parameter of type 'number'.
index.ts(196,15): error TS2339: Property 'toRegex' does not exist on type 'object'.
index.ts(209,15): error TS2339: Property 'toRegex' does not exist on type 'object'.
index.ts(234,12): error TS2339: Property 'capture' does not exist on type 'object'.
index.ts(234,35): error TS2339: Property 'wrap' does not exist on type 'object'.
index.ts(235,23): error TS2339: Property 'step' does not exist on type 'object'.

