index.ts(29,28): error TS2339: Property 'mime' does not exist on type 'Function'.
index.ts(51,35): error TS2339: Property 'fallthrough' does not exist on type 'HTMLElement'.
index.ts(54,32): error TS2339: Property 'redirect' does not exist on type 'HTMLElement'.
index.ts(57,33): error TS2339: Property 'setHeaders' does not exist on type 'HTMLElement'.
index.ts(64,8): error TS2339: Property 'maxage' does not exist on type 'HTMLElement'.
index.ts(64,22): error TS2339: Property 'maxage' does not exist on type 'HTMLElement'.
index.ts(64,37): error TS2339: Property 'maxAge' does not exist on type 'HTMLElement'.
index.ts(65,8): error TS2339: Property 'root' does not exist on type 'HTMLElement'.
index.ts(68,7): error TS2740: Type 'Function' is missing the following properties from type 'any[]': pop, push, concat, join, and 28 more.
index.ts(73,13): error TS2339: Property 'method' does not exist on type 'HTMLElement'.
index.ts(73,37): error TS2339: Property 'method' does not exist on type 'HTMLElement'.
index.ts(79,11): error TS2339: Property 'statusCode' does not exist on type 'object'.
index.ts(80,11): error TS2339: Property 'setHeader' does not exist on type 'object'.
index.ts(81,11): error TS2339: Property 'setHeader' does not exist on type 'object'.
index.ts(82,11): error TS2339: Property 'end' does not exist on type 'object'.
index.ts(87,40): error TS2339: Property 'original' does not exist on type 'string'.
index.ts(88,24): error TS2349: This expression is not callable.
  Type 'String' has no call signatures.
index.ts(91,37): error TS2339: Property 'pathname' does not exist on type 'string'.
index.ts(99,12): error TS2339: Property 'on' does not exist on type 'any[]'.
index.ts(103,14): error TS2339: Property 'on' does not exist on type 'any[]'.
index.ts(108,14): error TS2339: Property 'on' does not exist on type 'any[]'.
index.ts(115,12): error TS2339: Property 'on' does not exist on type 'any[]'.
index.ts(116,33): error TS2339: Property 'statusCode' does not exist on type 'any[]'.
index.ts(125,12): error TS2339: Property 'pipe' does not exist on type 'any[]'.
index.ts(190,42): error TS2339: Property 'original' does not exist on type 'string'.
index.ts(193,17): error TS2339: Property 'path' does not exist on type 'Function'.
index.ts(194,17): error TS2339: Property 'pathname' does not exist on type 'Function'.
index.ts(194,63): error TS2339: Property 'pathname' does not exist on type 'Function'.
index.ts(197,37): error TS2339: Property 'format' does not exist on type 'string'.
index.ts(198,57): error TS2345: Argument of type 'string' is not assignable to parameter of type 'number'.
index.ts(202,9): error TS2339: Property 'statusCode' does not exist on type 'HTMLElement'.
index.ts(203,9): error TS2339: Property 'setHeader' does not exist on type 'HTMLElement'.
index.ts(204,9): error TS2339: Property 'setHeader' does not exist on type 'HTMLElement'.
index.ts(205,9): error TS2339: Property 'setHeader' does not exist on type 'HTMLElement'.
index.ts(206,9): error TS2339: Property 'setHeader' does not exist on type 'HTMLElement'.
index.ts(207,9): error TS2339: Property 'setHeader' does not exist on type 'HTMLElement'.
index.ts(208,9): error TS2339: Property 'end' does not exist on type 'HTMLElement'.
scripts/version-history.ts(6,38): error TS2339: Property 'join' does not exist on type 'string'.
scripts/version-history.ts(11,34): error TS2339: Property 'readFileSync' does not exist on type 'string'.
scripts/version-history.ts(24,7): error TS2740: Type 'RegExp' is missing the following properties from type 'HTMLElement': accessKey, accessKeyLabel, autocapitalize, dir, and 277 more.
scripts/version-history.ts(26,27): error TS2339: Property 'test' does not exist on type 'HTMLElement'.
scripts/version-history.ts(35,4): error TS2339: Property 'writeFileSync' does not exist on type 'string'.
scripts/version-history.ts(38,7): error TS2740: Type 'Date' is missing the following properties from type 'HTMLInputElement': accept, align, alt, autocomplete, and 333 more.
scripts/version-history.ts(40,22): error TS2339: Property 'getFullYear' does not exist on type 'HTMLInputElement'.
scripts/version-history.ts(41,17): error TS2339: Property 'getMonth' does not exist on type 'HTMLInputElement'.
scripts/version-history.ts(42,17): error TS2339: Property 'getDate' does not exist on type 'HTMLInputElement'.
scripts/version-history.ts(48,19): error TS2365: Operator '<' cannot be applied to types 'number' and 'string'.

