lib/attributes.ts(3,7): error TS2451: Cannot redeclare block-scoped variable 'xnv'.
lib/attributes.ts(5,9): error TS2451: Cannot redeclare block-scoped variable 'NAMESPACES'.
lib/attributes.ts(19,5): error TS2322: Type 'string' is not assignable to type 'any[]'.
lib/attributes.ts(49,22): error TS2488: Type 'NamedNodeMap' must have a '[Symbol.iterator]()' method that returns an iterator.
lib/attributes.ts(64,7): error TS2322: Type 'any[]' is not assignable to type 'string'.
lib/attributes.ts(95,11): error TS2345: Argument of type 'string' is not assignable to parameter of type 'number'.
lib/attributes.ts(96,16): error TS2339: Property 'prefixIndex' does not exist on type 'Element'.
lib/attributes.ts(100,11): error TS2554: Expected 1 arguments, but got 2.
lib/attributes.ts(112,14): error TS2339: Property 'name' does not exist on type 'any[]'.
lib/attributes.ts(117,73): error TS2554: Expected 1 arguments, but got 2.
lib/serialize.ts(3,7): error TS2451: Cannot redeclare block-scoped variable 'xnv'.
lib/serialize.ts(6,9): error TS2451: Cannot redeclare block-scoped variable 'NAMESPACES'.
lib/serialize.ts(28,11): error TS2740: Type 'Attr' is missing the following properties from type 'HTMLElement': accessKey, accessKeyLabel, autocapitalize, dir, and 224 more.
lib/serialize.ts(31,42): error TS2339: Property 'value' does not exist on type 'HTMLElement'.
lib/serialize.ts(34,46): error TS2339: Property 'value' does not exist on type 'HTMLElement'.
lib/serialize.ts(58,3): error TS2322: Type 'any[]' is not assignable to type 'string'.
lib/serialize.ts(62,50): error TS2339: Property 'publicId' does not exist on type 'object'.
lib/serialize.ts(68,26): error TS2339: Property 'systemId' does not exist on type 'object'.
lib/serialize.ts(69,13): error TS2339: Property 'systemId' does not exist on type 'object'.
lib/serialize.ts(69,44): error TS2339: Property 'systemId' does not exist on type 'object'.
lib/serialize.ts(74,42): error TS2339: Property 'name' does not exist on type 'object'.
lib/serialize.ts(75,12): error TS2339: Property 'publicId' does not exist on type 'object'.
lib/serialize.ts(76,32): error TS2339: Property 'publicId' does not exist on type 'object'.
lib/serialize.ts(77,19): error TS2339: Property 'systemId' does not exist on type 'object'.
lib/serialize.ts(80,12): error TS2339: Property 'systemId' does not exist on type 'object'.
lib/serialize.ts(81,25): error TS2339: Property 'systemId' does not exist on type 'object'.
lib/serialize.ts(94,11): error TS2339: Property 'target' does not exist on type 'HTMLElement'.
lib/serialize.ts(94,66): error TS2339: Property 'target' does not exist on type 'HTMLElement'.
lib/serialize.ts(100,26): error TS2339: Property 'data' does not exist on type 'HTMLElement'.
lib/serialize.ts(100,40): error TS2339: Property 'data' does not exist on type 'HTMLElement'.
lib/serialize.ts(104,20): error TS2339: Property 'target' does not exist on type 'HTMLElement'.
lib/serialize.ts(104,35): error TS2339: Property 'data' does not exist on type 'HTMLElement'.
lib/serialize.ts(114,33): error TS2339: Property 'documentElement' does not exist on type 'object'.
lib/serialize.ts(118,28): error TS2339: Property 'childNodes' does not exist on type 'object'.
lib/serialize.ts(123,7): error TS2345: Argument of type 'boolean' is not assignable to parameter of type 'Function'.
lib/serialize.ts(138,28): error TS2339: Property 'childNodes' does not exist on type 'object'.
lib/serialize.ts(143,7): error TS2345: Argument of type 'boolean' is not assignable to parameter of type 'Function'.
lib/serialize.ts(151,48): error TS2339: Property 'data' does not exist on type 'object'.
lib/serialize.ts(155,15): error TS2339: Property 'data' does not exist on type 'object'.
lib/serialize.ts(162,48): error TS2339: Property 'data' does not exist on type 'object'.
lib/serialize.ts(168,11): error TS2339: Property 'data' does not exist on type 'object'.
lib/serialize.ts(168,39): error TS2339: Property 'data' does not exist on type 'object'.
lib/serialize.ts(172,22): error TS2339: Property 'data' does not exist on type 'object'.
lib/serialize.ts(178,43): error TS2339: Property 'name' does not exist on type 'any[]'.
lib/serialize.ts(186,25): error TS2698: Spread types may only be created from object types.
lib/serialize.ts(188,9): error TS2322: Type 'string' is not assignable to type 'number'.
lib/serialize.ts(194,9): error TS2322: Type 'string' is not assignable to type 'number'.
lib/serialize.ts(195,7): error TS2367: This condition will always return 'false' since the types 'string' and 'number' have no overlap.
lib/serialize.ts(207,50): error TS2339: Property 'preferredPrefixString' does not exist on type 'any[]'.
lib/serialize.ts(220,9): error TS2322: Type 'number' is not assignable to type 'string'.
lib/serialize.ts(221,11): error TS2367: This condition will always return 'false' since the types 'number' and 'string' have no overlap.
lib/serialize.ts(226,33): error TS2339: Property 'generatePrefix' does not exist on type 'any[]'.
lib/serialize.ts(226,62): error TS2339: Property 'prefixIndex' does not exist on type 'HTMLElement'.
lib/serialize.ts(234,69): error TS2339: Property 'serializeAttributeValue' does not exist on type 'any[]'.
lib/serialize.ts(236,9): error TS2322: Type 'number' is not assignable to type 'string'.
lib/serialize.ts(237,11): error TS2367: This condition will always return 'false' since the types 'number' and 'string' have no overlap.
lib/serialize.ts(242,7): error TS2322: Type 'number' is not assignable to type 'string'.
lib/serialize.ts(243,59): error TS2339: Property 'serializeAttributeValue' does not exist on type 'any[]'.
lib/serialize.ts(246,7): error TS2322: Type 'number' is not assignable to type 'string'.
lib/serialize.ts(251,28): error TS2339: Property 'serializeAttributes' does not exist on type 'any[]'.
lib/serialize.ts(278,12): error TS2339: Property 'content' does not exist on type 'HTMLElement'.
lib/serialize.ts(280,7): error TS2345: Argument of type 'object' is not assignable to parameter of type 'string'.
lib/serialize.ts(285,25): error TS2488: Type 'NodeListOf<ChildNode>' must have a '[Symbol.iterator]()' method that returns an iterator.
lib/serialize.ts(289,9): error TS2345: Argument of type 'object' is not assignable to parameter of type 'string'.
lib/serialize.ts(300,27): error TS2339: Property 'data' does not exist on type 'object'.
lib/serialize.ts(307,16): error TS2339: Property 'nodeType' does not exist on type 'object'.
lib/serialize.ts(310,9): error TS2345: Argument of type 'object' is not assignable to parameter of type 'HTMLElement'.
  Type '{}' is missing the following properties from type 'HTMLElement': accessKey, accessKeyLabel, autocapitalize, dir, and 277 more.
lib/serialize.ts(321,9): error TS2345: Argument of type 'Function' is not assignable to parameter of type 'boolean'.
lib/serialize.ts(325,59): error TS2345: Argument of type 'Function' is not assignable to parameter of type 'boolean'.
lib/serialize.ts(327,56): error TS2345: Argument of type 'Function' is not assignable to parameter of type 'boolean'.
lib/serialize.ts(333,9): error TS2345: Argument of type 'Function' is not assignable to parameter of type 'boolean'.
lib/serialize.ts(341,9): error TS2345: Argument of type 'Function' is not assignable to parameter of type 'boolean'.
lib/serialize.ts(345,9): error TS2345: Argument of type 'object' is not assignable to parameter of type 'HTMLElement'.
lib/serialize.ts(362,59): error TS2345: Argument of type 'boolean' is not assignable to parameter of type 'Function'.

