clone.ts(9,10): error TS2300: Duplicate identifier 'clone'.
graceful-fs.ts(3,5): error TS2300: Duplicate identifier 'legacy'.
graceful-fs.ts(4,5): error TS2300: Duplicate identifier 'clone'.
graceful-fs.ts(72,35): error TS2355: A function whose declared type is neither 'void' nor 'any' must return a value.
graceful-fs.ts(102,10): error TS2393: Duplicate function implementation.
graceful-fs.ts(115,12): error TS2554: Expected 4 arguments, but got 3.
graceful-fs.ts(135,12): error TS2554: Expected 5 arguments, but got 4.
graceful-fs.ts(156,12): error TS2554: Expected 5 arguments, but got 4.
graceful-fs.ts(178,12): error TS2554: Expected 5 arguments, but got 4.
graceful-fs.ts(194,7): error TS2322: Type 'RegExp' is not assignable to type 'string'.
graceful-fs.ts(199,46): error TS2339: Property 'test' does not exist on type 'string'.
graceful-fs.ts(211,12): error TS2554: Expected 4 arguments, but got 3.
graceful-fs.ts(236,5): error TS2630: Cannot assign to 'ReadStream' because it is a function.
graceful-fs.ts(237,5): error TS2630: Cannot assign to 'WriteStream' because it is a function.
graceful-fs.ts(257,7): error TS2630: Cannot assign to 'ReadStream' because it is a function.
graceful-fs.ts(267,7): error TS2630: Cannot assign to 'WriteStream' because it is a function.
graceful-fs.ts(305,15): error TS2526: A 'this' type is available only in a non-static member of a class or interface.
graceful-fs.ts(328,15): error TS2526: A 'this' type is available only in a non-static member of a class or interface.
graceful-fs.ts(354,12): error TS2554: Expected 5 arguments, but got 4.
graceful-fs.ts(399,16): error TS2769: No overload matches this call.
  Overload 1 of 2, '(timeoutId: string | number | Timeout): void', gave the following error.
    Argument of type 'void' is not assignable to parameter of type 'string | number | Timeout'.
  Overload 2 of 2, '(id?: number): void', gave the following error.
    Argument of type 'void' is not assignable to parameter of type 'number'.
graceful-fs.ts(446,5): error TS2322: Type 'Timeout' is not assignable to type 'void'.
legacy-streams.ts(5,10): error TS2300: Duplicate identifier 'legacy'.
legacy-streams.ts(12,47): error TS2350: Only a void function can be called with the 'new' keyword.
legacy-streams.ts(16,15): error TS2526: A 'this' type is available only in a non-static member of a class or interface.
legacy-streams.ts(76,48): error TS2350: Only a void function can be called with the 'new' keyword.
polyfills.ts(29,10): error TS2393: Duplicate function implementation.
polyfills.ts(138,21): error TS2339: Property 'apply' does not exist on type 'never'.
polyfills.ts(283,5): error TS2322: Type '(target: any, uid: any, gid: number) => any' is not assignable to type 'string'.

