dist/angular-sprintf.min.ts(2,2): error TS1345: An expression of type 'void' cannot be tested for truthiness.
dist/angular-sprintf.min.ts(2,26): error TS2304: Cannot find name 'angular'.
dist/angular-sprintf.min.ts(2,272): error TS2552: Cannot find name 'vsprintf'. Did you mean 'sprintf'?
dist/sprintf.min.ts(2,2): error TS1345: An expression of type 'void' cannot be tested for truthiness.
dist/sprintf.min.ts(2,747): error TS2554: Expected 1 arguments, but got 3.
dist/sprintf.min.ts(2,1035): error TS2554: Expected 1 arguments, but got 2.
dist/sprintf.min.ts(2,3487): error TS2551: Property 'vsprintf' does not exist on type 'Window & typeof globalThis'. Did you mean 'sprintf'?
dist/sprintf.min.ts(2,3517): error TS2304: Cannot find name 'define'.
dist/sprintf.min.ts(2,3525): error TS2304: Cannot find name 'define'.
dist/sprintf.min.ts(2,3537): error TS2304: Cannot find name 'define'.
src/angular-sprintf.ts(3,2): error TS1345: An expression of type 'void' cannot be tested for truthiness.
src/angular-sprintf.ts(6,5): error TS2304: Cannot find name 'angular'.
src/angular-sprintf.ts(18,24): error TS2552: Cannot find name 'vsprintf'. Did you mean 'sprintf'?
src/sprintf.ts(3,2): error TS1345: An expression of type 'void' cannot be tested for truthiness.
src/sprintf.ts(45,118): error TS2554: Expected 1 arguments, but got 3.
src/sprintf.ts(62,92): error TS2554: Expected 1 arguments, but got 2.
src/sprintf.ts(206,9): error TS2322: Type 'any[]' is not assignable to type 'string'.
src/sprintf.ts(221,20): error TS2304: Cannot find name 'define'.
src/sprintf.ts(221,45): error TS2304: Cannot find name 'define'.
src/sprintf.ts(222,13): error TS2304: Cannot find name 'define'.

