dist/object-assign-auto.min.ts(1,144): error TS2554: Expected 1 arguments, but got 2.
dist/object-assign-auto.min.ts(1,164): error TS2554: Expected 1 arguments, but got 2.
dist/object-assign-auto.min.ts(1,223): error TS2339: Property 'code' does not exist on type 'Error'.
dist/object-assign-auto.min.ts(1,334): error TS2554: Expected 2 arguments, but got 1.
dist/object-assign-auto.min.ts(1,439): error TS2339: Property 'length' does not exist on type 'Object'.
dist/object-assign-auto.min.ts(1,450): error TS2554: Expected 2 arguments, but got 1.
dist/object-assign-auto.ts(1,135): error TS2554: Expected 1 arguments, but got 2.
dist/object-assign-auto.ts(1,155): error TS2554: Expected 1 arguments, but got 2.
dist/object-assign-auto.ts(1,214): error TS2339: Property 'code' does not exist on type 'Error'.
dist/object-assign-auto.ts(1,325): error TS2554: Expected 2 arguments, but got 1.
dist/object-assign-auto.ts(1,445): error TS2554: Expected 2 arguments, but got 1.
dist/object-assign-auto.ts(6,39): error TS2749: 'require' refers to a value, but is being used as a type here. Did you mean 'typeof require'?
dist/object-assign-auto.ts(6,56): error TS2749: 'module' refers to a value, but is being used as a type here. Did you mean 'typeof module'?
dist/object-assign-auto.ts(6,73): error TS2749: 'exports' refers to a value, but is being used as a type here. Did you mean 'typeof exports'?
dist/object-assign-auto.ts(49,3): error TS1258: A default export must be at the top level of a file or module declaration.
dist/object-assign.min.ts(1,2): error TS1345: An expression of type 'void' cannot be tested for truthiness.
dist/object-assign.min.ts(1,121): error TS2304: Cannot find name 'define'.
dist/object-assign.min.ts(1,129): error TS2304: Cannot find name 'define'.
dist/object-assign.min.ts(1,140): error TS2304: Cannot find name 'define'.
dist/object-assign.min.ts(1,308): error TS2554: Expected 2 arguments, but got 1.
dist/object-assign.min.ts(1,424): error TS2554: Expected 1 arguments, but got 2.
dist/object-assign.min.ts(1,444): error TS2554: Expected 1 arguments, but got 2.
dist/object-assign.min.ts(1,503): error TS2339: Property 'code' does not exist on type 'Error'.
dist/object-assign.min.ts(1,614): error TS2554: Expected 2 arguments, but got 1.
dist/object-assign.min.ts(1,730): error TS2554: Expected 2 arguments, but got 1.
dist/object-assign.ts(2,3): error TS1258: A default export must be at the top level of a file or module declaration.
dist/object-assign.ts(3,17): error TS2304: Cannot find name 'define'.
dist/object-assign.ts(3,38): error TS2304: Cannot find name 'define'.
dist/object-assign.ts(3,50): error TS2304: Cannot find name 'define'.
dist/object-assign.ts(3,283): error TS2554: Expected 2 arguments, but got 1.
dist/object-assign.ts(3,400): error TS2554: Expected 1 arguments, but got 2.
dist/object-assign.ts(3,420): error TS2554: Expected 1 arguments, but got 2.
dist/object-assign.ts(3,479): error TS2339: Property 'code' does not exist on type 'Error'.
dist/object-assign.ts(3,590): error TS2554: Expected 2 arguments, but got 1.
dist/object-assign.ts(3,710): error TS2554: Expected 2 arguments, but got 1.
dist/object-assign.ts(46,3): error TS1258: A default export must be at the top level of a file or module declaration.

