src/index.js(8,15): error TS2339: Property '__esModule' does not exist on type '(processor: any) => Processor'.
src/parser.js(446,36): error TS2339: Property 'after' does not exist on type '{}'.
src/parser.js(567,29): error TS2339: Property 'before' does not exist on type '{}'.
src/parser.js(597,25): error TS2339: Property 'after' does not exist on type '{}'.
src/parser.js(606,23): error TS2339: Property 'trailingComma' does not exist on type 'Root'.
src/processor.d.ts(25,15): error TS2503: Cannot find namespace 'postcss'.
src/processor.d.ts(25,61): error TS2503: Cannot find namespace 'parser'.
src/processor.d.ts(33,19): error TS2503: Cannot find namespace 'postcss'.
src/processor.d.ts(33,57): error TS2503: Cannot find namespace 'parser'.
src/processor.d.ts(41,21): error TS2503: Cannot find namespace 'postcss'.
src/processor.d.ts(49,25): error TS2503: Cannot find namespace 'postcss'.
src/processor.d.ts(57,19): error TS2503: Cannot find namespace 'postcss'.
src/processor.d.ts(65,23): error TS2503: Cannot find namespace 'postcss'.
src/processor.js(75,21): error TS2503: Cannot find namespace 'postcss'.
src/processor.js(77,26): error TS2552: Cannot find name 'parser'. Did you mean 'Parser'?
src/processor.js(86,21): error TS2503: Cannot find namespace 'postcss'.
src/processor.js(88,18): error TS2503: Cannot find namespace 'parser'.
src/processor.js(97,21): error TS2503: Cannot find namespace 'postcss'.
src/processor.js(108,21): error TS2503: Cannot find namespace 'postcss'.
src/processor.js(119,21): error TS2503: Cannot find namespace 'postcss'.
src/processor.js(124,9): error TS2322: Type 'Promise<any>' is not assignable to type 'string'.
src/processor.js(131,21): error TS2503: Cannot find namespace 'postcss'.
src/selectors/attribute.js(222,34): error TS2339: Property 'value' does not exist on type '{}'.
src/selectors/attribute.js(225,23): error TS2339: Property 'value' does not exist on type '{}'.
src/selectors/attribute.js(230,45): error TS2339: Property 'attribute' does not exist on type '{}'.
src/selectors/attribute.js(234,21): error TS2339: Property 'insensitive' does not exist on type 'Attribute'.
src/selectors/attribute.js(297,36): error TS2339: Property 'spaces' does not exist on type '{}'.
src/selectors/attribute.js(297,56): error TS2339: Property 'spaces' does not exist on type '{}'.
src/selectors/attribute.js(362,26): error TS2339: Property 'insensitive' does not exist on type 'Attribute'.
src/selectors/attribute.js(375,18): error TS2339: Property 'operator' does not exist on type 'Attribute'.
src/selectors/attribute.js(382,38): error TS2339: Property 'value' does not exist on type '{}'.
src/selectors/attribute.js(382,59): error TS2339: Property 'value' does not exist on type '{}'.
src/selectors/attribute.js(399,5): error TS2464: A computed property name must be of type 'string', 'number', 'symbol', or 'any'.
src/selectors/className.js(18,27): error TS2339: Property 'value' does not exist on type '{}'.
src/selectors/className.js(20,34): error TS2339: Property 'value' does not exist on type '{}'.
src/selectors/namespace.js(13,34): error TS2339: Property 'namespace' does not exist on type '{}'.
src/selectors/namespace.js(22,23): error TS2339: Property 'namespace' does not exist on type '{}'.
src/selectors/namespace.js(24,30): error TS2339: Property 'namespace' does not exist on type '{}'.
src/selectors/node.js(35,21): error TS2339: Property 'before' does not exist on type '{}'.
src/selectors/node.js(35,42): error TS2339: Property 'before' does not exist on type '{}'.
src/selectors/node.js(36,21): error TS2339: Property 'after' does not exist on type '{}'.
src/selectors/node.js(36,41): error TS2339: Property 'after' does not exist on type '{}'.
src/selectors/node.js(132,18): error TS2339: Property 'source' does not exist on type 'Node'.
src/selectors/node.js(132,33): error TS2339: Property 'source' does not exist on type 'Node'.
src/selectors/node.js(132,54): error TS2339: Property 'source' does not exist on type 'Node'.
src/selectors/node.js(133,22): error TS2339: Property 'source' does not exist on type 'Node'.
src/selectors/node.js(136,22): error TS2339: Property 'source' does not exist on type 'Node'.
src/selectors/node.js(139,22): error TS2339: Property 'source' does not exist on type 'Node'.
src/selectors/node.js(139,57): error TS2339: Property 'source' does not exist on type 'Node'.
src/selectors/node.js(142,22): error TS2339: Property 'source' does not exist on type 'Node'.
src/selectors/node.js(142,55): error TS2339: Property 'source' does not exist on type 'Node'.
src/selectors/node.js(157,51): error TS2339: Property 'before' does not exist on type '{}'.
src/selectors/node.js(170,36): error TS2339: Property 'after' does not exist on type '{}'.
src/selectors/root.js(15,21): error TS2339: Property 'trailingComma' does not exist on type 'Root'.

