lib/cookie.js(473,5): error TS2339: Property 'key' does not exist on type 'Cookie'.
lib/cookie.js(474,5): error TS2339: Property 'value' does not exist on type 'Cookie'.
lib/cookie.js(581,15): error TS2551: Property 'domain' does not exist on type 'Cookie'. Did you mean 'cdomain'?
lib/cookie.js(597,11): error TS2339: Property 'path' does not exist on type 'Cookie'.
lib/cookie.js(606,11): error TS2339: Property 'secure' does not exist on type 'Cookie'.
lib/cookie.js(610,11): error TS2339: Property 'httpOnly' does not exist on type 'Cookie'.
lib/cookie.js(617,15): error TS2339: Property 'sameSite' does not exist on type 'Cookie'.
lib/cookie.js(620,15): error TS2339: Property 'sameSite' does not exist on type 'Cookie'.
lib/cookie.js(623,15): error TS2339: Property 'sameSite' does not exist on type 'Cookie'.
lib/cookie.js(626,15): error TS2339: Property 'sameSite' does not exist on type 'Cookie'.
lib/cookie.js(632,11): error TS2339: Property 'extensions' does not exist on type 'Cookie'.
lib/cookie.js(632,26): error TS2339: Property 'extensions' does not exist on type 'Cookie'.
lib/cookie.js(633,11): error TS2339: Property 'extensions' does not exist on type 'Cookie'.
lib/cookie.js(834,27): error TS2339: Property 'hostOnly' does not exist on type 'Cookie'.
lib/cookie.js(834,51): error TS2339: Property 'hostOnly' does not exist on type 'Cookie'.
lib/cookie.js(838,28): error TS2339: Property 'lastAccessed' does not exist on type 'Cookie'.
lib/cookie.js(839,23): error TS2339: Property 'lastAccessed' does not exist on type 'Cookie'.
lib/cookie.js(888,34): error TS2339: Property 'value' does not exist on type 'Cookie'.
lib/cookie.js(892,7): error TS2367: This comparison appears to be unintentional because the types 'string | Date' and 'number' have no overlap.
lib/cookie.js(901,14): error TS2339: Property 'path' does not exist on type 'Cookie'.
lib/cookie.js(901,52): error TS2339: Property 'path' does not exist on type 'Cookie'.
lib/cookie.js(936,20): error TS2339: Property 'value' does not exist on type 'Cookie'.
lib/cookie.js(940,14): error TS2339: Property 'key' does not exist on type 'Cookie'.
lib/cookie.js(943,20): error TS2339: Property 'key' does not exist on type 'Cookie'.
lib/cookie.js(950,9): error TS2367: This comparison appears to be unintentional because the types 'string | Date' and 'number' have no overlap.
lib/cookie.js(962,14): error TS2551: Property 'domain' does not exist on type 'Cookie'. Did you mean 'cdomain'?
lib/cookie.js(962,30): error TS2339: Property 'hostOnly' does not exist on type 'Cookie'.
lib/cookie.js(963,31): error TS2551: Property 'domain' does not exist on type 'Cookie'. Did you mean 'cdomain'?
lib/cookie.js(965,14): error TS2339: Property 'path' does not exist on type 'Cookie'.
lib/cookie.js(966,29): error TS2339: Property 'path' does not exist on type 'Cookie'.
lib/cookie.js(969,14): error TS2339: Property 'secure' does not exist on type 'Cookie'.
lib/cookie.js(972,14): error TS2339: Property 'httpOnly' does not exist on type 'Cookie'.
lib/cookie.js(975,14): error TS2339: Property 'sameSite' does not exist on type 'Cookie'.
lib/cookie.js(975,31): error TS2339: Property 'sameSite' does not exist on type 'Cookie'.
lib/cookie.js(976,53): error TS2339: Property 'sameSite' does not exist on type 'Cookie'.
lib/cookie.js(977,53): error TS2339: Property 'sameSite' does not exist on type 'Cookie'.
lib/cookie.js(979,14): error TS2339: Property 'extensions' does not exist on type 'Cookie'.
lib/cookie.js(980,12): error TS2339: Property 'extensions' does not exist on type 'Cookie'.
lib/cookie.js(1003,9): error TS2367: This comparison appears to be unintentional because the types 'string | Date' and 'number' have no overlap.
lib/cookie.js(1005,9): error TS2322: Type 'number | Date' is not assignable to type 'string | Date'.
  Type 'number' is not assignable to type 'string | Date'.
lib/cookie.js(1008,11): error TS2367: This comparison appears to be unintentional because the types 'string | Date' and 'number' have no overlap.
lib/cookie.js(1012,22): error TS2339: Property 'getTime' does not exist on type 'string | Date'.
  Property 'getTime' does not exist on type 'string'.
lib/cookie.js(1027,9): error TS2367: This comparison appears to be unintentional because the types 'string | Date' and 'number' have no overlap.
lib/cookie.js(1030,25): error TS2339: Property 'getTime' does not exist on type 'string | Date'.
  Property 'getTime' does not exist on type 'string'.
lib/cookie.js(1048,35): error TS2367: This comparison appears to be unintentional because the types 'string | Date' and 'number' have no overlap.
lib/cookie.js(1053,14): error TS2551: Property 'domain' does not exist on type 'Cookie'. Did you mean 'cdomain'?
lib/cookie.js(1056,33): error TS2551: Property 'domain' does not exist on type 'Cookie'. Did you mean 'cdomain'?

