examples/custom-option-duration.ts(38,18): error TS2362: The left-hand side of an arithmetic operation must be of type 'any', 'number', 'bigint' or an enum type.
examples/custom-option-duration.ts(41,18): error TS2362: The left-hand side of an arithmetic operation must be of type 'any', 'number', 'bigint' or an enum type.
examples/custom-option-duration.ts(44,18): error TS2362: The left-hand side of an arithmetic operation must be of type 'any', 'number', 'bigint' or an enum type.
examples/custom-option-duration.ts(47,18): error TS2362: The left-hand side of an arithmetic operation must be of type 'any', 'number', 'bigint' or an enum type.
examples/custom-option-time-ago.ts(30,26): error TS2362: The left-hand side of an arithmetic operation must be of type 'any', 'number', 'bigint' or an enum type.
examples/custom-option-time-ago.ts(33,26): error TS2362: The left-hand side of an arithmetic operation must be of type 'any', 'number', 'bigint' or an enum type.
examples/custom-option-time-ago.ts(36,26): error TS2362: The left-hand side of an arithmetic operation must be of type 'any', 'number', 'bigint' or an enum type.
examples/custom-option-time-ago.ts(39,26): error TS2362: The left-hand side of an arithmetic operation must be of type 'any', 'number', 'bigint' or an enum type.
examples/custom-option-time-ago.ts(45,26): error TS2554: Expected 3 arguments, but got 1.
lib/dashdash.ts(52,16): error TS2554: Expected 4 arguments, but got 1.
lib/dashdash.ts(98,28): error TS2749: 'Option' refers to a value, but is being used as a type here. Did you mean 'typeof Option'?
lib/dashdash.ts(98,28): error TS4078: Parameter 'option' of exported function has or is using private name 'Option'.
lib/dashdash.ts(102,30): error TS2749: 'Option' refers to a value, but is being used as a type here. Did you mean 'typeof Option'?
lib/dashdash.ts(102,30): error TS4078: Parameter 'option' of exported function has or is using private name 'Option'.
lib/dashdash.ts(259,25): error TS2304: Cannot find name 'ParserConfig'.
lib/dashdash.ts(259,25): error TS4078: Parameter 'config' of exported function has or is using private name 'ParserConfig'.
lib/dashdash.ts(273,57): error TS2304: Cannot find name 'ConfigOption'.
lib/dashdash.ts(354,67): error TS2749: 'Option' refers to a value, but is being used as a type here. Did you mean 'typeof Option'?
lib/dashdash.ts(372,49): error TS2304: Cannot find name 'ParseInputs'.
lib/dashdash.ts(393,29): error TS2749: 'Option' refers to a value, but is being used as a type here. Did you mean 'typeof Option'?
lib/dashdash.ts(462,61): error TS2345: Argument of type 'boolean' is not assignable to parameter of type 'string'.
lib/dashdash.ts(524,60): error TS2345: Argument of type 'boolean' is not assignable to parameter of type 'string'.
lib/dashdash.ts(574,49): error TS2345: Argument of type 'boolean' is not assignable to parameter of type 'string'.
lib/dashdash.ts(579,44): error TS2749: 'Option' refers to a value, but is being used as a type here. Did you mean 'typeof Option'?
lib/dashdash.ts(589,10): error TS2339: Property '_order' does not exist on type '{}'.
lib/dashdash.ts(590,10): error TS2339: Property '_args' does not exist on type '{}'.
lib/dashdash.ts(625,47): error TS2304: Cannot find name 'HelpConfig'.
lib/dashdash.ts(655,44): error TS2749: 'Option' refers to a value, but is being used as a type here. Did you mean 'typeof Option'?
lib/dashdash.ts(706,44): error TS2749: 'Option' refers to a value, but is being used as a type here. Did you mean 'typeof Option'?
lib/dashdash.ts(824,65): error TS2304: Cannot find name 'BashCompletionArgs'.
lib/dashdash.ts(891,52): error TS2749: 'Option' refers to a value, but is being used as a type here. Did you mean 'typeof Option'?
lib/dashdash.ts(973,42): error TS2304: Cannot find name 'BashCompletionFromOptionsArgs'.
lib/dashdash.ts(973,42): error TS4078: Parameter 'args' of exported function has or is using private name 'BashCompletionFromOptionsArgs'.
lib/dashdash.ts(1000,31): error TS2304: Cannot find name 'ParserConfig'.
lib/dashdash.ts(1000,31): error TS4078: Parameter 'config' of exported function has or is using private name 'ParserConfig'.
lib/dashdash.ts(1011,25): error TS2304: Cannot find name 'Config'.
lib/dashdash.ts(1011,25): error TS4078: Parameter 'config_' of exported function has or is using private name 'Config'.
lib/dashdash.ts(1046,36): error TS2304: Cannot find name 'OptionType'.
lib/dashdash.ts(1046,36): error TS4078: Parameter 'optionType' of exported function has or is using private name 'OptionType'.
lib/dashdash.ts(1081,29): error TS2304: Cannot find name 'OptionSpec'.
lib/dashdash.ts(1081,29): error TS4078: Parameter 'o' of exported function has or is using private name 'OptionSpec'.

