example.ts(4,30): error TS2304: Cannot find name 'AxiosRequestConfig'.
example.ts(8,36): error TS2552: Cannot find name 'Readable'. Did you mean '_Readable'?
index.ts(10,31): error TS2304: Cannot find name 'EventEmitter'.
index.ts(15,35): error TS2304: Cannot find name 'IAutoDestroyable'.
index.ts(19,32): error TS2304: Cannot find name 'IEventEmitter'.
index.ts(28,10): error TS2339: Property '_writableState' does not exist on type 'WebSocket'.
index.ts(28,31): error TS2339: Property '_writableState' does not exist on type 'WebSocket'.
index.ts(29,10): error TS2339: Property '_writableState' does not exist on type 'WebSocket'.
index.ts(29,36): error TS2551: Property 'end' does not exist on type 'WebSocket'. Did you mean 'send'?
index.ts(30,6): error TS2551: Property 'end' does not exist on type 'WebSocket'. Did you mean 'send'?
index.ts(36,31): error TS2304: Cannot find name 'Result'.
index.ts(40,36): error TS2304: Cannot find name 'Writable'.
index.ts(40,56): error TS2552: Cannot find name 'Readable'. Did you mean '_Readable'?
index.ts(40,72): error TS2552: Cannot find name 'IStreamOptions'. Did you mean 'StreamPipeOptions'?
index.ts(41,44): error TS2350: Only a void function can be called with the 'new' keyword.
index.ts(67,11): error TS2339: Property 'obj' does not exist on type '(writable: Writable, readable: Readable, opts: IStreamOptions) => any'.
index.ts(67,36): error TS2304: Cannot find name 'Writable'.
index.ts(67,56): error TS2304: Cannot find name 'Readable'.
index.ts(67,72): error TS2304: Cannot find name 'ReadableOptions'.
index.ts(71,10): error TS2350: Only a void function can be called with the 'new' keyword.
index.ts(82,54): error TS2304: Cannot find name 'Writable'.
index.ts(118,54): error TS2304: Cannot find name 'Readable'.
index.ts(133,62): error TS2554: Expected 2 arguments, but got 1.

