dist/js-yaml.min.ts(2,13387): error TS1002: Unterminated string literal.
dist/js-yaml.min.ts(3,1): error TS1005: ':' expected.
dist/js-yaml.min.ts(3,12): error TS1005: ';' expected.
dist/js-yaml.min.ts(3,22): error TS1127: Invalid character.
dist/js-yaml.min.ts(3,23): error TS1434: Unexpected keyword or identifier.
dist/js-yaml.min.ts(3,38): error TS1127: Invalid character.
dist/js-yaml.min.ts(3,39): error TS1434: Unexpected keyword or identifier.
dist/js-yaml.min.ts(3,47): error TS1005: ';' expected.
dist/js-yaml.min.ts(3,985): error TS1005: ';' expected.
dist/js-yaml.min.ts(3,1006): error TS1005: ';' expected.
dist/js-yaml.min.ts(3,1038): error TS1005: ';' expected.
dist/js-yaml.min.ts(3,1043): error TS1434: Unexpected keyword or identifier.
dist/js-yaml.min.ts(3,1053): error TS1434: Unexpected keyword or identifier.
dist/js-yaml.min.ts(3,1061): error TS1434: Unexpected keyword or identifier.
dist/js-yaml.min.ts(3,1069): error TS1434: Unexpected keyword or identifier.
dist/js-yaml.min.ts(3,1073): error TS1434: Unexpected keyword or identifier.
dist/js-yaml.min.ts(3,1136): error TS1005: ';' expected.
dist/js-yaml.min.ts(3,1147): error TS1005: ';' expected.
dist/js-yaml.min.ts(3,1156): error TS1434: Unexpected keyword or identifier.
dist/js-yaml.min.ts(3,1159): error TS1434: Unexpected keyword or identifier.
dist/js-yaml.min.ts(3,1163): error TS1434: Unexpected keyword or identifier.
dist/js-yaml.min.ts(3,1168): error TS1434: Unexpected keyword or identifier.
dist/js-yaml.min.ts(3,1233): error TS1005: ';' expected.
dist/js-yaml.min.ts(3,1246): error TS1434: Unexpected keyword or identifier.
dist/js-yaml.min.ts(3,1251): error TS1434: Unexpected keyword or identifier.
dist/js-yaml.min.ts(3,1259): error TS1434: Unexpected keyword or identifier.
dist/js-yaml.min.ts(3,1262): error TS1434: Unexpected keyword or identifier.
dist/js-yaml.min.ts(3,1266): error TS1434: Unexpected keyword or identifier.
dist/js-yaml.min.ts(3,1334): error TS1005: ';' expected.
dist/js-yaml.min.ts(3,1346): error TS1434: Unexpected keyword or identifier.
dist/js-yaml.min.ts(3,1351): error TS1434: Unexpected keyword or identifier.
dist/js-yaml.min.ts(3,1359): error TS1434: Unexpected keyword or identifier.
dist/js-yaml.min.ts(3,1362): error TS1434: Unexpected keyword or identifier.
dist/js-yaml.min.ts(3,1366): error TS1434: Unexpected keyword or identifier.
dist/js-yaml.min.ts(3,1426): error TS1005: ';' expected.
dist/js-yaml.min.ts(3,1430): error TS1434: Unexpected keyword or identifier.
dist/js-yaml.min.ts(3,1440): error TS1434: Unexpected keyword or identifier.
dist/js-yaml.min.ts(3,1448): error TS1434: Unexpected keyword or identifier.
dist/js-yaml.min.ts(3,1456): error TS1434: Unexpected keyword or identifier.
dist/js-yaml.min.ts(3,1460): error TS1434: Unexpected keyword or identifier.
dist/js-yaml.min.ts(3,1503): error TS1005: ';' expected.
dist/js-yaml.min.ts(3,1514): error TS1005: ';' expected.
dist/js-yaml.min.ts(3,1532): error TS1005: ',' expected.
dist/js-yaml.min.ts(3,1542): error TS1005: ';' expected.
dist/js-yaml.min.ts(3,1545): error TS1434: Unexpected keyword or identifier.
dist/js-yaml.min.ts(3,1549): error TS1434: Unexpected keyword or identifier.
dist/js-yaml.min.ts(3,1553): error TS1434: Unexpected keyword or identifier.
dist/js-yaml.min.ts(3,1634): error TS1005: ';' expected.
dist/js-yaml.min.ts(3,1639): error TS1005: ';' expected.
dist/js-yaml.min.ts(3,1671): error TS1005: ';' expected.
dist/js-yaml.min.ts(3,1682): error TS1005: ';' expected.
dist/js-yaml.min.ts(3,1701): error TS1005: ',' expected.
dist/js-yaml.min.ts(3,1711): error TS1005: ';' expected.
dist/js-yaml.min.ts(3,1714): error TS1434: Unexpected keyword or identifier.
dist/js-yaml.min.ts(3,1718): error TS1434: Unexpected keyword or identifier.
dist/js-yaml.min.ts(3,1722): error TS1434: Unexpected keyword or identifier.
dist/js-yaml.min.ts(3,1777): error TS1005: ';' expected.
dist/js-yaml.min.ts(3,1781): error TS1434: Unexpected keyword or identifier.
dist/js-yaml.min.ts(3,1788): error TS1228: A type predicate is only allowed in return type position for functions and methods.
dist/js-yaml.min.ts(3,1968): error TS1005: ';' expected.
dist/js-yaml.min.ts(3,1977): error TS1434: Unexpected keyword or identifier.
dist/js-yaml.min.ts(3,1983): error TS1434: Unexpected keyword or identifier.
dist/js-yaml.min.ts(3,1988): error TS1434: Unexpected keyword or identifier.
dist/js-yaml.min.ts(3,2022): error TS1005: ';' expected.
dist/js-yaml.min.ts(3,2026): error TS1434: Unexpected keyword or identifier.
dist/js-yaml.min.ts(3,2033): error TS1434: Unexpected keyword or identifier.
dist/js-yaml.min.ts(3,2056): error TS1005: ';' expected.
dist/js-yaml.min.ts(3,2140): error TS1005: ';' expected.
dist/js-yaml.min.ts(3,2147): error TS1434: Unexpected keyword or identifier.
dist/js-yaml.min.ts(3,2163): error TS1434: Unexpected keyword or identifier.
dist/js-yaml.min.ts(3,2167): error TS1434: Unexpected keyword or identifier.
dist/js-yaml.min.ts(3,2176): error TS1434: Unexpected keyword or identifier.
dist/js-yaml.min.ts(3,2183): error TS1434: Unexpected keyword or identifier.
dist/js-yaml.min.ts(3,2190): error TS1228: A type predicate is only allowed in return type position for functions and methods.
dist/js-yaml.min.ts(3,2193): error TS1434: Unexpected keyword or identifier.
dist/js-yaml.min.ts(3,2435): error TS1005: ';' expected.
dist/js-yaml.min.ts(3,2442): error TS1434: Unexpected keyword or identifier.
dist/js-yaml.min.ts(3,2449): error TS1434: Unexpected keyword or identifier.
dist/js-yaml.min.ts(3,2453): error TS1434: Unexpected keyword or identifier.
dist/js-yaml.min.ts(3,2457): error TS1434: Unexpected keyword or identifier.
dist/js-yaml.min.ts(3,2467): error TS1434: Unexpected keyword or identifier.
dist/js-yaml.min.ts(3,2474): error TS1434: Unexpected keyword or identifier.
dist/js-yaml.min.ts(3,2482): error TS1005: ';' expected.
dist/js-yaml.min.ts(3,2510): error TS1005: ']' expected.
dist/js-yaml.min.ts(3,2516): error TS1128: Declaration or statement expected.
dist/js-yaml.min.ts(3,2545): error TS1005: ']' expected.
dist/js-yaml.min.ts(3,2551): error TS1128: Declaration or statement expected.
dist/js-yaml.min.ts(3,2559): error TS1005: ';' expected.
dist/js-yaml.min.ts(3,2587): error TS1005: ']' expected.
dist/js-yaml.min.ts(3,2593): error TS1128: Declaration or statement expected.
dist/js-yaml.min.ts(3,2616): error TS1005: ']' expected.
dist/js-yaml.min.ts(3,2622): error TS1128: Declaration or statement expected.
dist/js-yaml.min.ts(3,2656): error TS1005: ';' expected.
dist/js-yaml.min.ts(3,2673): error TS1005: ';' expected.
dist/js-yaml.min.ts(3,2674): error TS1434: Unexpected keyword or identifier.
dist/js-yaml.min.ts(3,2881): error TS1005: ';' expected.
dist/js-yaml.min.ts(3,2892): error TS1434: Unexpected keyword or identifier.
dist/js-yaml.min.ts(3,2900): error TS1434: Unexpected keyword or identifier.
dist/js-yaml.min.ts(3,2908): error TS1005: ';' expected.
dist/js-yaml.min.ts(3,3182): error TS1005: ';' expected.
dist/js-yaml.min.ts(3,3184): error TS1434: Unexpected keyword or identifier.
dist/js-yaml.min.ts(3,3198): error TS1005: ';' expected.
dist/js-yaml.min.ts(3,3698): error TS1005: ';' expected.
dist/js-yaml.min.ts(3,3708): error TS1434: Unexpected keyword or identifier.
dist/js-yaml.min.ts(3,3944): error TS1005: ';' expected.
dist/js-yaml.min.ts(3,3972): error TS1127: Invalid character.
dist/js-yaml.min.ts(3,3973): error TS1434: Unexpected keyword or identifier.
dist/js-yaml.min.ts(3,4216): error TS1005: ';' expected.
dist/js-yaml.min.ts(3,4220): error TS1434: Unexpected keyword or identifier.
dist/js-yaml.min.ts(3,4231): error TS1434: Unexpected keyword or identifier.
dist/js-yaml.min.ts(3,4236): error TS1434: Unexpected keyword or identifier.
dist/js-yaml.min.ts(3,4240): error TS1434: Unexpected keyword or identifier.
dist/js-yaml.min.ts(3,4262): error TS1005: ';' expected.
dist/js-yaml.min.ts(3,4545): error TS1005: ';' expected.
dist/js-yaml.min.ts(3,4549): error TS1434: Unexpected keyword or identifier.
dist/js-yaml.min.ts(3,4561): error TS1434: Unexpected keyword or identifier.
dist/js-yaml.min.ts(3,4564): error TS1434: Unexpected keyword or identifier.
dist/js-yaml.min.ts(3,4566): error TS1434: Unexpected keyword or identifier.
dist/js-yaml.min.ts(3,4575): error TS1435: Unknown keyword or identifier. Did you mean 'try'?
dist/js-yaml.min.ts(3,4651): error TS1005: ';' expected.
dist/js-yaml.min.ts(3,4788): error TS1005: ';' expected.
dist/js-yaml.min.ts(3,4800): error TS1434: Unexpected keyword or identifier.
dist/js-yaml.min.ts(3,4803): error TS1434: Unexpected keyword or identifier.
dist/js-yaml.min.ts(3,4805): error TS1434: Unexpected keyword or identifier.
dist/js-yaml.min.ts(3,4809): error TS1434: Unexpected keyword or identifier.
dist/js-yaml.min.ts(3,4922): error TS1005: ';' expected.
dist/js-yaml.min.ts(3,4964): error TS1005: ';' expected.
dist/js-yaml.min.ts(3,5134): error TS1005: ';' expected.
dist/js-yaml.min.ts(3,5145): error TS1434: Unexpected keyword or identifier.
dist/js-yaml.min.ts(3,5149): error TS1434: Unexpected keyword or identifier.
dist/js-yaml.min.ts(3,5152): error TS1434: Unexpected keyword or identifier.
dist/js-yaml.min.ts(3,5156): error TS1434: Unexpected keyword or identifier.
dist/js-yaml.min.ts(3,5163): error TS1435: Unknown keyword or identifier. Did you mean 'with'?
dist/js-yaml.min.ts(3,5170): error TS1434: Unexpected keyword or identifier.
dist/js-yaml.min.ts(3,5172): error TS1434: Unexpected keyword or identifier.
dist/js-yaml.min.ts(3,5181): error TS1434: Unexpected keyword or identifier.
dist/js-yaml.min.ts(3,5228): error TS1005: ';' expected.
dist/js-yaml.min.ts(3,5232): error TS1434: Unexpected keyword or identifier.
dist/js-yaml.min.ts(3,5239): error TS1434: Unexpected keyword or identifier.
dist/js-yaml.min.ts(3,5246): error TS1434: Unexpected keyword or identifier.
dist/js-yaml.min.ts(3,5254): error TS1434: Unexpected keyword or identifier.
dist/js-yaml.min.ts(3,5266): error TS1434: Unexpected keyword or identifier.
dist/js-yaml.min.ts(3,5326): error TS1005: ';' expected.
dist/js-yaml.min.ts(3,5332): error TS1434: Unexpected keyword or identifier.
dist/js-yaml.min.ts(3,5336): error TS1434: Unexpected keyword or identifier.
dist/js-yaml.min.ts(3,5343): error TS1434: Unexpected keyword or identifier.
dist/js-yaml.min.ts(3,5350): error TS1434: Unexpected keyword or identifier.
dist/js-yaml.min.ts(3,5358): error TS1434: Unexpected keyword or identifier.
dist/js-yaml.min.ts(3,5363): error TS1434: Unexpected keyword or identifier.
dist/js-yaml.min.ts(3,5480): error TS1005: ';' expected.
dist/js-yaml.min.ts(3,5484): error TS1434: Unexpected keyword or identifier.
dist/js-yaml.min.ts(3,5491): error TS1434: Unexpected keyword or identifier.
dist/js-yaml.min.ts(3,5498): error TS1434: Unexpected keyword or identifier.
dist/js-yaml.min.ts(3,5506): error TS1434: Unexpected keyword or identifier.
dist/js-yaml.min.ts(3,5511): error TS1434: Unexpected keyword or identifier.
dist/js-yaml.min.ts(3,5521): error TS1434: Unexpected keyword or identifier.
dist/js-yaml.min.ts(3,5555): error TS1005: ';' expected.
dist/js-yaml.min.ts(3,5559): error TS1434: Unexpected keyword or identifier.
dist/js-yaml.min.ts(3,5564): error TS1434: Unexpected keyword or identifier.
dist/js-yaml.min.ts(3,5571): error TS1434: Unexpected keyword or identifier.
dist/js-yaml.min.ts(3,5579): error TS1434: Unexpected keyword or identifier.
dist/js-yaml.min.ts(3,5644): error TS1005: ';' expected.
dist/js-yaml.min.ts(3,5648): error TS1434: Unexpected keyword or identifier.
dist/js-yaml.min.ts(3,5653): error TS1228: A type predicate is only allowed in return type position for functions and methods.
dist/js-yaml.min.ts(3,5730): error TS1005: ';' expected.
dist/js-yaml.min.ts(3,5744): error TS1005: ';' expected.
dist/js-yaml.min.ts(3,5751): error TS1005: ';' expected.
dist/js-yaml.min.ts(3,5764): error TS1005: ';' expected.
dist/js-yaml.min.ts(3,5781): error TS1005: ';' expected.
dist/js-yaml.min.ts(3,5815): error TS1005: ';' expected.
dist/js-yaml.min.ts(3,5820): error TS1005: ';' expected.
dist/js-yaml.min.ts(3,5929): error TS1005: ';' expected.
dist/js-yaml.min.ts(3,5941): error TS1434: Unexpected keyword or identifier.
dist/js-yaml.min.ts(3,5944): error TS1434: Unexpected keyword or identifier.
dist/js-yaml.min.ts(3,5947): error TS1434: Unexpected keyword or identifier.
dist/js-yaml.min.ts(3,5954): error TS1434: Unexpected keyword or identifier.
dist/js-yaml.min.ts(3,6098): error TS1005: ';' expected.
dist/js-yaml.min.ts(3,6103): error TS1434: Unexpected keyword or identifier.
dist/js-yaml.min.ts(3,6106): error TS1434: Unexpected keyword or identifier.
dist/js-yaml.min.ts(3,6109): error TS1434: Unexpected keyword or identifier.
dist/js-yaml.min.ts(3,6116): error TS1434: Unexpected keyword or identifier.
dist/js-yaml.min.ts(3,6121): error TS1434: Unexpected keyword or identifier.
dist/js-yaml.min.ts(3,6126): error TS1434: Unexpected keyword or identifier.
dist/js-yaml.min.ts(3,6134): error TS1434: Unexpected keyword or identifier.
dist/js-yaml.min.ts(3,6137): error TS1435: Unknown keyword or identifier. Did you mean 'let'?
dist/js-yaml.min.ts(3,6143): error TS1434: Unexpected keyword or identifier.
dist/js-yaml.min.ts(3,6147): error TS1434: Unexpected keyword or identifier.
dist/js-yaml.min.ts(3,6292): error TS1005: ';' expected.
dist/js-yaml.min.ts(3,6965): error TS1005: ';' expected.
dist/js-yaml.min.ts(3,6969): error TS1434: Unexpected keyword or identifier.
dist/js-yaml.min.ts(3,6980): error TS1434: Unexpected keyword or identifier.
dist/js-yaml.min.ts(3,6985): error TS1434: Unexpected keyword or identifier.
dist/js-yaml.min.ts(3,6989): error TS1434: Unexpected keyword or identifier.
dist/js-yaml.min.ts(3,7011): error TS1005: ';' expected.
dist/js-yaml.min.ts(3,7292): error TS1005: ';' expected.
dist/js-yaml.min.ts(3,7294): error TS1434: Unexpected keyword or identifier.
dist/js-yaml.min.ts(3,7305): error TS1434: Unexpected keyword or identifier.
dist/js-yaml.min.ts(3,7315): error TS1228: A type predicate is only allowed in return type position for functions and methods.
dist/js-yaml.min.ts(3,7318): error TS1434: Unexpected keyword or identifier.
dist/js-yaml.min.ts(3,7327): error TS1434: Unexpected keyword or identifier.
dist/js-yaml.min.ts(3,7333): error TS1434: Unexpected keyword or identifier.
dist/js-yaml.min.ts(3,7347): error TS1005: ';' expected.
dist/js-yaml.min.ts(3,7357): error TS1435: Unknown keyword or identifier. Did you mean 'with'?
dist/js-yaml.min.ts(3,7364): error TS1434: Unexpected keyword or identifier.
dist/js-yaml.min.ts(3,7366): error TS1434: Unexpected keyword or identifier.
dist/js-yaml.min.ts(3,7372): error TS1434: Unexpected keyword or identifier.
dist/js-yaml.min.ts(3,7503): error TS1005: ';' expected.
dist/js-yaml.min.ts(3,7507): error TS1434: Unexpected keyword or identifier.
dist/js-yaml.min.ts(3,7511): error TS1434: Unexpected keyword or identifier.
dist/js-yaml.min.ts(3,7516): error TS1434: Unexpected keyword or identifier.
dist/js-yaml.min.ts(3,7519): error TS1434: Unexpected keyword or identifier.
dist/js-yaml.min.ts(3,7528): error TS1434: Unexpected keyword or identifier.
dist/js-yaml.min.ts(3,7542): error TS1434: Unexpected keyword or identifier.
dist/js-yaml.min.ts(3,7544): error TS1434: Unexpected keyword or identifier.
dist/js-yaml.min.ts(3,7550): error TS1228: A type predicate is only allowed in return type position for functions and methods.
dist/js-yaml.min.ts(3,7553): error TS1434: Unexpected keyword or identifier.
dist/js-yaml.min.ts(3,7609): error TS1005: ';' expected.
dist/js-yaml.min.ts(3,7613): error TS1434: Unexpected keyword or identifier.
dist/js-yaml.min.ts(3,7617): error TS1434: Unexpected keyword or identifier.
dist/js-yaml.min.ts(3,7622): error TS1434: Unexpected keyword or identifier.
dist/js-yaml.min.ts(3,7624): error TS1434: Unexpected keyword or identifier.
dist/js-yaml.min.ts(3,7630): error TS1434: Unexpected keyword or identifier.
dist/js-yaml.min.ts(3,7645): error TS1434: Unexpected keyword or identifier.
dist/js-yaml.min.ts(3,7647): error TS1434: Unexpected keyword or identifier.
dist/js-yaml.min.ts(3,7657): error TS1434: Unexpected keyword or identifier.
dist/js-yaml.min.ts(3,7661): error TS1434: Unexpected keyword or identifier.
dist/js-yaml.min.ts(3,7665): error TS1434: Unexpected keyword or identifier.
dist/js-yaml.min.ts(3,7669): error TS1434: Unexpected keyword or identifier.
dist/js-yaml.min.ts(3,7672): error TS1434: Unexpected keyword or identifier.
dist/js-yaml.min.ts(3,7675): error TS1434: Unexpected keyword or identifier.
dist/js-yaml.min.ts(3,7684): error TS1434: Unexpected keyword or identifier.
dist/js-yaml.min.ts(3,7781): error TS1005: ';' expected.
dist/js-yaml.min.ts(3,7792): error TS1434: Unexpected keyword or identifier.
dist/js-yaml.min.ts(3,7801): error TS1434: Unexpected keyword or identifier.
dist/js-yaml.min.ts(3,7815): error TS1434: Unexpected keyword or identifier.
dist/js-yaml.min.ts(3,7817): error TS1434: Unexpected keyword or identifier.
dist/js-yaml.min.ts(3,7821): error TS1434: Unexpected keyword or identifier.
dist/js-yaml.min.ts(3,7826): error TS1228: A type predicate is only allowed in return type position for functions and methods.
dist/js-yaml.min.ts(3,7837): error TS1434: Unexpected keyword or identifier.
dist/js-yaml.min.ts(3,7840): error TS1434: Unexpected keyword or identifier.
dist/js-yaml.min.ts(3,7849): error TS1434: Unexpected keyword or identifier.
dist/js-yaml.min.ts(3,7852): error TS1434: Unexpected keyword or identifier.
dist/js-yaml.min.ts(3,7868): error TS1005: ';' expected.
dist/js-yaml.min.ts(3,7874): error TS1434: Unexpected keyword or identifier.
dist/js-yaml.min.ts(3,8142): error TS1005: ';' expected.
dist/js-yaml.min.ts(3,8146): error TS1434: Unexpected keyword or identifier.
dist/js-yaml.min.ts(3,8158): error TS1434: Unexpected keyword or identifier.
dist/js-yaml.min.ts(3,8161): error TS1434: Unexpected keyword or identifier.
dist/js-yaml.min.ts(3,8163): error TS1434: Unexpected keyword or identifier.
dist/js-yaml.min.ts(3,8171): error TS1435: Unknown keyword or identifier. Did you mean 'try'?
dist/js-yaml.min.ts(3,8274): error TS1005: ';' expected.
dist/js-yaml.min.ts(3,8686): error TS1005: ';' expected.
dist/js-yaml.min.ts(3,8696): error TS1005: ';' expected.
dist/js-yaml.min.ts(3,8736): error TS1005: ';' expected.
dist/js-yaml.min.ts(3,8745): error TS1434: Unexpected keyword or identifier.
dist/js-yaml.min.ts(3,8749): error TS1434: Unexpected keyword or identifier.
dist/js-yaml.min.ts(3,8767): error TS1005: ';' expected.
dist/js-yaml.min.ts(3,8776): error TS1005: ';' expected.
dist/js-yaml.min.ts(3,8785): error TS1005: ';' expected.
dist/js-yaml.min.ts(3,8792): error TS1434: Unexpected keyword or identifier.
dist/js-yaml.min.ts(3,8798): error TS1434: Unexpected keyword or identifier.
dist/js-yaml.min.ts(3,8806): error TS1434: Unexpected keyword or identifier.
dist/js-yaml.min.ts(3,8811): error TS1434: Unexpected keyword or identifier.
dist/js-yaml.min.ts(3,8822): error TS1434: Unexpected keyword or identifier.
dist/js-yaml.min.ts(3,9316): error TS1005: ';' expected.
dist/js-yaml.min.ts(3,9327): error TS1434: Unexpected keyword or identifier.
dist/js-yaml.min.ts(3,9331): error TS1434: Unexpected keyword or identifier.
dist/js-yaml.min.ts(3,9334): error TS1434: Unexpected keyword or identifier.
dist/js-yaml.min.ts(3,9338): error TS1434: Unexpected keyword or identifier.
dist/js-yaml.min.ts(3,9345): error TS1435: Unknown keyword or identifier. Did you mean 'with'?
dist/js-yaml.min.ts(3,9352): error TS1434: Unexpected keyword or identifier.
dist/js-yaml.min.ts(3,9354): error TS1434: Unexpected keyword or identifier.
dist/js-yaml.min.ts(3,9359): error TS1434: Unexpected keyword or identifier.
dist/js-yaml.min.ts(3,9532): error TS1005: ';' expected.
dist/js-yaml.min.ts(3,9550): error TS1005: ';' expected.
dist/js-yaml.min.ts(3,9637): error TS1005: ';' expected.
dist/js-yaml.min.ts(3,9644): error TS1434: Unexpected keyword or identifier.
dist/js-yaml.min.ts(3,9647): error TS1434: Unexpected keyword or identifier.
dist/js-yaml.min.ts(3,9649): error TS1434: Unexpected keyword or identifier.
dist/js-yaml.min.ts(3,9658): error TS1434: Unexpected keyword or identifier.
dist/js-yaml.min.ts(3,9663): error TS1434: Unexpected keyword or identifier.
dist/js-yaml.min.ts(3,9737): error TS1005: ';' expected.
dist/js-yaml.min.ts(3,9741): error TS1434: Unexpected keyword or identifier.
dist/js-yaml.min.ts(3,9750): error TS1434: Unexpected keyword or identifier.
dist/js-yaml.min.ts(3,9762): error TS1435: Unknown keyword or identifier. Did you mean 'with'?
dist/js-yaml.min.ts(3,9768): error TS1434: Unexpected keyword or identifier.
dist/js-yaml.min.ts(3,9771): error TS1434: Unexpected keyword or identifier.
dist/js-yaml.min.ts(3,9773): error TS1434: Unexpected keyword or identifier.
dist/js-yaml.min.ts(3,9787): error TS1434: Unexpected keyword or identifier.
dist/js-yaml.min.ts(3,9790): error TS1434: Unexpected keyword or identifier.
dist/js-yaml.min.ts(3,9797): error TS1434: Unexpected keyword or identifier.
dist/js-yaml.min.ts(3,9800): error TS1434: Unexpected keyword or identifier.
dist/js-yaml.min.ts(3,9805): error TS1434: Unexpected keyword or identifier.
dist/js-yaml.min.ts(3,9810): error TS1434: Unexpected keyword or identifier.
dist/js-yaml.min.ts(3,9824): error TS1005: ';' expected.
dist/js-yaml.min.ts(3,9831): error TS1434: Unexpected keyword or identifier.
dist/js-yaml.min.ts(3,9834): error TS1434: Unexpected keyword or identifier.
dist/js-yaml.min.ts(3,9837): error TS1434: Unexpected keyword or identifier.
dist/js-yaml.min.ts(3,9849): error TS1435: Unknown keyword or identifier. Did you mean 'with'?
dist/js-yaml.min.ts(3,9855): error TS1434: Unexpected keyword or identifier.
dist/js-yaml.min.ts(3,10260): error TS1127: Invalid character.
dist/js-yaml.min.ts(3,10261): error TS1434: Unexpected keyword or identifier.
dist/js-yaml.min.ts(3,10295): error TS1127: Invalid character.
dist/js-yaml.min.ts(3,10296): error TS1434: Unexpected keyword or identifier.
dist/js-yaml.min.ts(3,10343): error TS1127: Invalid character.
dist/js-yaml.min.ts(3,10344): error TS1434: Unexpected keyword or identifier.
dist/js-yaml.min.ts(3,10385): error TS1127: Invalid character.
dist/js-yaml.min.ts(3,10386): error TS1434: Unexpected keyword or identifier.
dist/js-yaml.min.ts(3,10417): error TS1005: ';' expected.
dist/js-yaml.min.ts(3,10440): error TS1127: Invalid character.
dist/js-yaml.min.ts(3,10441): error TS1434: Unexpected keyword or identifier.
dist/js-yaml.min.ts(3,10467): error TS1127: Invalid character.
dist/js-yaml.min.ts(3,10468): error TS1434: Unexpected keyword or identifier.
dist/js-yaml.min.ts(3,10683): error TS1005: ';' expected.
dist/js-yaml.min.ts(3,10701): error TS1005: ';' expected.
dist/js-yaml.min.ts(3,10992): error TS1005: ';' expected.
dist/js-yaml.min.ts(3,11003): error TS1434: Unexpected keyword or identifier.
dist/js-yaml.min.ts(3,11007): error TS1434: Unexpected keyword or identifier.
dist/js-yaml.min.ts(3,11010): error TS1434: Unexpected keyword or identifier.
dist/js-yaml.min.ts(3,11014): error TS1434: Unexpected keyword or identifier.
dist/js-yaml.min.ts(3,11023): error TS1435: Unknown keyword or identifier. Did you mean 'with'?
dist/js-yaml.min.ts(3,11030): error TS1434: Unexpected keyword or identifier.
dist/js-yaml.min.ts(3,11032): error TS1434: Unexpected keyword or identifier.
dist/js-yaml.min.ts(3,11039): error TS1434: Unexpected keyword or identifier.
dist/js-yaml.min.ts(3,11046): error TS1434: Unexpected keyword or identifier.
dist/js-yaml.min.ts(3,11089): error TS1005: ';' expected.
dist/js-yaml.min.ts(3,11100): error TS1434: Unexpected keyword or identifier.
dist/js-yaml.min.ts(3,11104): error TS1434: Unexpected keyword or identifier.
dist/js-yaml.min.ts(3,11107): error TS1434: Unexpected keyword or identifier.
dist/js-yaml.min.ts(3,11111): error TS1434: Unexpected keyword or identifier.
dist/js-yaml.min.ts(3,11118): error TS1435: Unknown keyword or identifier. Did you mean 'with'?
dist/js-yaml.min.ts(3,11125): error TS1434: Unexpected keyword or identifier.
dist/js-yaml.min.ts(3,11127): error TS1434: Unexpected keyword or identifier.
dist/js-yaml.min.ts(3,11134): error TS1434: Unexpected keyword or identifier.
dist/js-yaml.min.ts(3,11141): error TS1434: Unexpected keyword or identifier.
dist/js-yaml.min.ts(3,11253): error TS1005: ';' expected.
dist/js-yaml.min.ts(3,11271): error TS1005: ';' expected.
dist/js-yaml.min.ts(3,11665): error TS1005: ';' expected.
dist/js-yaml.min.ts(3,11674): error TS1434: Unexpected keyword or identifier.
dist/js-yaml.min.ts(3,11686): error TS1434: Unexpected keyword or identifier.
dist/js-yaml.min.ts(3,11738): error TS1005: ';' expected.
dist/js-yaml.min.ts(3,11746): error TS1434: Unexpected keyword or identifier.
dist/js-yaml.min.ts(3,11753): error TS1434: Unexpected keyword or identifier.
dist/js-yaml.min.ts(3,11874): error TS1005: ';' expected.
dist/js-yaml.min.ts(3,11885): error TS1434: Unexpected keyword or identifier.
dist/js-yaml.min.ts(3,11889): error TS1434: Unexpected keyword or identifier.
dist/js-yaml.min.ts(3,11892): error TS1434: Unexpected keyword or identifier.
dist/js-yaml.min.ts(3,11896): error TS1434: Unexpected keyword or identifier.
dist/js-yaml.min.ts(3,11905): error TS1435: Unknown keyword or identifier. Did you mean 'with'?
dist/js-yaml.min.ts(3,11912): error TS1434: Unexpected keyword or identifier.
dist/js-yaml.min.ts(3,11914): error TS1434: Unexpected keyword or identifier.
dist/js-yaml.min.ts(3,11921): error TS1434: Unexpected keyword or identifier.
dist/js-yaml.min.ts(3,11928): error TS1434: Unexpected keyword or identifier.
dist/js-yaml.min.ts(3,11971): error TS1005: ';' expected.
dist/js-yaml.min.ts(3,11982): error TS1434: Unexpected keyword or identifier.
dist/js-yaml.min.ts(3,11986): error TS1434: Unexpected keyword or identifier.
dist/js-yaml.min.ts(3,11989): error TS1434: Unexpected keyword or identifier.
dist/js-yaml.min.ts(3,11993): error TS1434: Unexpected keyword or identifier.
dist/js-yaml.min.ts(3,12000): error TS1435: Unknown keyword or identifier. Did you mean 'with'?
dist/js-yaml.min.ts(3,12007): error TS1434: Unexpected keyword or identifier.
dist/js-yaml.min.ts(3,12009): error TS1434: Unexpected keyword or identifier.
dist/js-yaml.min.ts(3,12016): error TS1434: Unexpected keyword or identifier.
dist/js-yaml.min.ts(3,12023): error TS1434: Unexpected keyword or identifier.
dist/js-yaml.min.ts(3,12255): error TS1005: ';' expected.
dist/js-yaml.min.ts(3,12260): error TS1434: Unexpected keyword or identifier.
dist/js-yaml.min.ts(3,12263): error TS1434: Unexpected keyword or identifier.
dist/js-yaml.min.ts(3,12266): error TS1434: Unexpected keyword or identifier.
dist/js-yaml.min.ts(3,12272): error TS1434: Unexpected keyword or identifier.
dist/js-yaml.min.ts(3,12277): error TS1434: Unexpected keyword or identifier.
dist/js-yaml.min.ts(3,12282): error TS1434: Unexpected keyword or identifier.
dist/js-yaml.min.ts(3,12290): error TS1434: Unexpected keyword or identifier.
dist/js-yaml.min.ts(3,12293): error TS1435: Unknown keyword or identifier. Did you mean 'let'?
dist/js-yaml.min.ts(3,12299): error TS1434: Unexpected keyword or identifier.
dist/js-yaml.min.ts(3,12303): error TS1434: Unexpected keyword or identifier.
dist/js-yaml.min.ts(3,12394): error TS1005: ';' expected.
dist/js-yaml.min.ts(3,12399): error TS1005: ';' expected.
dist/js-yaml.min.ts(3,12736): error TS1005: ';' expected.
dist/js-yaml.min.ts(3,12754): error TS1005: ';' expected.
dist/js-yaml.min.ts(3,13408): error TS1005: ':' expected.
dist/js-yaml.min.ts(3,13414): error TS1434: Unexpected keyword or identifier.
dist/js-yaml.min.ts(3,13419): error TS1434: Unexpected keyword or identifier.
dist/js-yaml.min.ts(3,13426): error TS1434: Unexpected keyword or identifier.
dist/js-yaml.min.ts(3,13430): error TS1434: Unexpected keyword or identifier.
dist/js-yaml.min.ts(3,13435): error TS1434: Unexpected keyword or identifier.
dist/js-yaml.min.ts(3,13439): error TS1434: Unexpected keyword or identifier.
dist/js-yaml.min.ts(3,13633): error TS1005: ':' expected.
dist/js-yaml.min.ts(3,13708): error TS1005: ';' expected.
dist/js-yaml.min.ts(3,13722): error TS1005: ';' expected.
dist/js-yaml.min.ts(3,13732): error TS1005: ';' expected.
dist/js-yaml.min.ts(3,13929): error TS1005: ';' expected.
dist/js-yaml.min.ts(3,13969): error TS1005: ';' expected.
dist/js-yaml.min.ts(3,14008): error TS1005: ';' expected.
dist/js-yaml.min.ts(3,14076): error TS1005: ';' expected.
dist/js-yaml.min.ts(3,14172): error TS1005: ';' expected.
dist/js-yaml.min.ts(3,14239): error TS1005: ';' expected.
dist/js-yaml.min.ts(3,14252): error TS1434: Unexpected keyword or identifier.
dist/js-yaml.min.ts(3,14257): error TS1434: Unexpected keyword or identifier.
dist/js-yaml.min.ts(3,14266): error TS1005: '(' expected.
dist/js-yaml.min.ts(3,14298): error TS1005: '>' expected.
dist/js-yaml.min.ts(3,14308): error TS1005: ';' expected.
dist/js-yaml.min.ts(3,14316): error TS1005: ';' expected.
dist/js-yaml.min.ts(3,14326): error TS1005: ')' expected.
dist/js-yaml.min.ts(3,14451): error TS1005: ';' expected.
dist/js-yaml.min.ts(3,14458): error TS1434: Unexpected keyword or identifier.
dist/js-yaml.min.ts(3,14466): error TS1434: Unexpected keyword or identifier.
dist/js-yaml.min.ts(3,14468): error TS1434: Unexpected keyword or identifier.
dist/js-yaml.min.ts(3,14478): error TS1005: '(' expected.
dist/js-yaml.min.ts(3,14500): error TS1005: ')' expected.
dist/js-yaml.min.ts(3,14544): error TS1005: ';' expected.
dist/js-yaml.min.ts(3,15017): error TS1005: ';' expected.
dist/js-yaml.min.ts(3,15027): error TS1434: Unexpected keyword or identifier.
dist/js-yaml.min.ts(3,15032): error TS1434: Unexpected keyword or identifier.
dist/js-yaml.min.ts(3,15037): error TS1434: Unexpected keyword or identifier.
dist/js-yaml.min.ts(3,15041): error TS1434: Unexpected keyword or identifier.
dist/js-yaml.min.ts(3,15044): error TS1434: Unexpected keyword or identifier.
dist/js-yaml.min.ts(3,15049): error TS1434: Unexpected keyword or identifier.
dist/js-yaml.min.ts(3,15054): error TS1434: Unexpected keyword or identifier.
dist/js-yaml.min.ts(3,15077): error TS1005: ';' expected.
dist/js-yaml.min.ts(3,15398): error TS1005: ';' expected.
dist/js-yaml.min.ts(3,15403): error TS1005: ';' expected.
dist/js-yaml.min.ts(3,15588): error TS1005: ';' expected.
dist/js-yaml.min.ts(3,15599): error TS1434: Unexpected keyword or identifier.
dist/js-yaml.min.ts(3,15603): error TS1434: Unexpected keyword or identifier.
dist/js-yaml.min.ts(3,15608): error TS1228: A type predicate is only allowed in return type position for functions and methods.
dist/js-yaml.min.ts(3,15611): error TS1434: Unexpected keyword or identifier.
dist/js-yaml.min.ts(3,15725): error TS1005: ';' expected.
dist/js-yaml.min.ts(3,15735): error TS1005: ';' expected.
dist/js-yaml.min.ts(3,15740): error TS1435: Unknown keyword or identifier. Did you mean 'break'?
dist/js-yaml.min.ts(3,15747): error TS1434: Unexpected keyword or identifier.
dist/js-yaml.min.ts(3,15773): error TS1005: ';' expected.
dist/js-yaml.min.ts(3,15929): error TS1005: ';' expected.
dist/js-yaml.min.ts(3,15933): error TS1434: Unexpected keyword or identifier.
dist/js-yaml.min.ts(3,15936): error TS1434: Unexpected keyword or identifier.
dist/js-yaml.min.ts(3,15940): error TS1434: Unexpected keyword or identifier.
dist/js-yaml.min.ts(3,15947): error TS1434: Unexpected keyword or identifier.
dist/js-yaml.min.ts(3,15950): error TS1434: Unexpected keyword or identifier.
dist/js-yaml.min.ts(3,15952): error TS1434: Unexpected keyword or identifier.
dist/js-yaml.min.ts(3,15961): error TS1434: Unexpected keyword or identifier.
dist/js-yaml.min.ts(3,15971): error TS1228: A type predicate is only allowed in return type position for functions and methods.
dist/js-yaml.min.ts(3,15974): error TS1434: Unexpected keyword or identifier.
dist/js-yaml.min.ts(3,16104): error TS1127: Invalid character.
dist/js-yaml.min.ts(3,16105): error TS1434: Unexpected keyword or identifier.
dist/js-yaml.min.ts(3,16181): error TS1127: Invalid character.
dist/js-yaml.min.ts(3,16183): error TS1005: ';' expected.
dist/js-yaml.min.ts(3,16218): error TS1005: ';' expected.
dist/js-yaml.min.ts(3,16223): error TS1005: ';' expected.
dist/js-yaml.min.ts(3,16228): error TS1228: A type predicate is only allowed in return type position for functions and methods.
dist/js-yaml.min.ts(3,16231): error TS1434: Unexpected keyword or identifier.
dist/js-yaml.min.ts(3,16251): error TS1005: ';' expected.
dist/js-yaml.min.ts(3,16265): error TS1127: Invalid character.
dist/js-yaml.min.ts(3,16267): error TS1005: ';' expected.
dist/js-yaml.min.ts(3,16432): error TS1005: ';' expected.
dist/js-yaml.min.ts(3,16494): error TS1005: ';' expected.
dist/js-yaml.min.ts(3,16502): error TS1003: Identifier expected.
dist/js-yaml.min.ts(3,16655): error TS1005: ';' expected.
dist/js-yaml.min.ts(3,16664): error TS1434: Unexpected keyword or identifier.
dist/js-yaml.min.ts(3,16666): error TS1434: Unexpected keyword or identifier.
dist/js-yaml.min.ts(3,16689): error TS1005: ';' expected.
dist/js-yaml.min.ts(3,16701): error TS1005: ';' expected.
dist/js-yaml.min.ts(3,16707): error TS1434: Unexpected keyword or identifier.
dist/js-yaml.min.ts(3,16797): error TS1127: Invalid character.
dist/js-yaml.min.ts(3,16798): error TS1127: Invalid character.
dist/js-yaml.min.ts(3,16800): error TS1005: ';' expected.
dist/js-yaml.min.ts(3,16805): error TS1127: Invalid character.
dist/js-yaml.min.ts(3,16806): error TS1127: Invalid character.
dist/js-yaml.min.ts(3,16807): error TS1434: Unexpected keyword or identifier.
dist/js-yaml.min.ts(3,16813): error TS1127: Invalid character.
dist/js-yaml.min.ts(3,16814): error TS1127: Invalid character.
dist/js-yaml.min.ts(3,16815): error TS1434: Unexpected keyword or identifier.
dist/js-yaml.min.ts(3,16821): error TS1127: Invalid character.
dist/js-yaml.min.ts(3,16822): error TS1127: Invalid character.
dist/js-yaml.min.ts(3,16823): error TS1434: Unexpected keyword or identifier.
dist/js-yaml.min.ts(3,16830): error TS1127: Invalid character.
dist/js-yaml.min.ts(3,16831): error TS1127: Invalid character.
dist/js-yaml.min.ts(3,16832): error TS1434: Unexpected keyword or identifier.
dist/js-yaml.min.ts(3,16839): error TS1127: Invalid character.
dist/js-yaml.min.ts(3,16840): error TS1127: Invalid character.
dist/js-yaml.min.ts(3,16841): error TS1434: Unexpected keyword or identifier.
dist/js-yaml.min.ts(3,16848): error TS1127: Invalid character.
dist/js-yaml.min.ts(3,16849): error TS1127: Invalid character.
dist/js-yaml.min.ts(3,16850): error TS1434: Unexpected keyword or identifier.
dist/js-yaml.min.ts(3,16857): error TS1127: Invalid character.
dist/js-yaml.min.ts(3,16858): error TS1127: Invalid character.
dist/js-yaml.min.ts(3,16859): error TS1434: Unexpected keyword or identifier.
dist/js-yaml.min.ts(3,16866): error TS1127: Invalid character.
dist/js-yaml.min.ts(3,16867): error TS1127: Invalid character.
dist/js-yaml.min.ts(3,16868): error TS1434: Unexpected keyword or identifier.
dist/js-yaml.min.ts(3,16878): error TS1005: ';' expected.
dist/js-yaml.min.ts(3,18028): error TS1005: ';' expected.
dist/js-yaml.min.ts(3,18101): error TS1005: ';' expected.
dist/js-yaml.min.ts(3,18109): error TS1003: Identifier expected.
dist/js-yaml.min.ts(3,18269): error TS1005: ';' expected.
dist/js-yaml.min.ts(3,18355): error TS1005: ';' expected.
dist/js-yaml.min.ts(3,18372): error TS1005: ';' expected.
dist/js-yaml.min.ts(3,18409): error TS1127: Invalid character.
dist/js-yaml.min.ts(3,18410): error TS1434: Unexpected keyword or identifier.
dist/js-yaml.min.ts(3,18472): error TS1127: Invalid character.
dist/js-yaml.min.ts(3,18473): error TS1434: Unexpected keyword or identifier.
dist/js-yaml.min.ts(3,18526): error TS1127: Invalid character.
dist/js-yaml.min.ts(3,18527): error TS1434: Unexpected keyword or identifier.
dist/js-yaml.min.ts(3,18541): error TS1005: ';' expected.
dist/js-yaml.min.ts(3,19612): error TS1005: ';' expected.
dist/js-yaml.min.ts(3,19690): error TS1005: ';' expected.
dist/js-yaml.min.ts(3,19852): error TS1005: ';' expected.
dist/js-yaml.min.ts(3,19856): error TS1005: ';' expected.
dist/js-yaml.min.ts(3,19858): error TS1005: ';' expected.
dist/js-yaml.min.ts(3,19940): error TS1005: ';' expected.
dist/js-yaml.min.ts(3,19945): error TS1005: ';' expected.
dist/js-yaml.min.ts(3,19949): error TS1005: ';' expected.
dist/js-yaml.min.ts(3,19956): error TS1005: ';' expected.
dist/js-yaml.min.ts(3,20328): error TS1005: ';' expected.
dist/js-yaml.min.ts(3,20350): error TS1005: ';' expected.
dist/js-yaml.min.ts(3,20355): error TS1005: ')' expected.
dist/js-yaml.min.ts(3,20356): error TS1128: Declaration or statement expected.
dist/js-yaml.min.ts(3,20362): error TS1005: ';' expected.
dist/js-yaml.min.ts(3,20400): error TS1128: Declaration or statement expected.
dist/js-yaml.min.ts(3,20406): error TS1005: ';' expected.
dist/js-yaml.min.ts(3,20695): error TS1128: Declaration or statement expected.
dist/js-yaml.min.ts(3,20701): error TS1005: ';' expected.
dist/js-yaml.min.ts(3,20865): error TS1005: 'export' expected.
dist/js-yaml.min.ts(3,20872): error TS1128: Declaration or statement expected.
dist/js-yaml.min.ts(3,20926): error TS1128: Declaration or statement expected.
dist/js-yaml.min.ts(3,20927): error TS1128: Declaration or statement expected.
dist/js-yaml.min.ts(3,20929): error TS1109: Expression expected.
dist/js-yaml.min.ts(3,20930): error TS1128: Declaration or statement expected.
dist/js-yaml.min.ts(3,25985): error TS1128: Declaration or statement expected.
dist/js-yaml.min.ts(3,25986): error TS1128: Declaration or statement expected.
dist/js-yaml.min.ts(3,25987): error TS1128: Declaration or statement expected.
dist/js-yaml.ts(316,37): error TS1138: Parameter declaration expected.
dist/js-yaml.ts(316,42): error TS1005: ',' expected.
lib/schema.ts(32,35): error TS1138: Parameter declaration expected.
lib/schema.ts(32,40): error TS1005: ',' expected.

