bench/impls/baseline.ts(4,10): error TS2339: Property 'pipeDests' does not exist on type 'BaselineNoOpStream'.
bench/impls/baseline.ts(8,10): error TS2339: Property 'pipeDests' does not exist on type 'BaselineNoOpStream'.
bench/impls/baseline.ts(12,10): error TS2339: Property 'pipeDests' does not exist on type 'BaselineNoOpStream'.
bench/impls/extend-minipass-current.ts(8,18): error TS2554: Expected 3 arguments, but got 2.
bench/impls/extend-minipass.ts(1,22): error TS2307: Cannot find module 'minipass' or its corresponding type declarations.
bench/impls/extend-through2.ts(6,3): error TS2304: Cannot find name 's'.
bench/impls/extend-through2.ts(8,5): error TS2304: Cannot find name 's'.
bench/impls/extend-through2.ts(10,10): error TS2304: Cannot find name 's'.
bench/impls/minipass-current-async.ts(5,13): error TS2339: Property 'async' does not exist on type '{}'.
bench/impls/push-through.ts(5,10): error TS2339: Property 'dests' does not exist on type 'PushThrough'.
bench/impls/push-through.ts(6,10): error TS2551: Property 'paused' does not exist on type 'PushThrough'. Did you mean 'pause'?
bench/impls/push-through.ts(7,10): error TS2339: Property 'buffer' does not exist on type 'PushThrough'.
bench/impls/push-through.ts(8,10): error TS2551: Property 'ended' does not exist on type 'PushThrough'. Did you mean 'end'?
bench/impls/push-through.ts(9,10): error TS2339: Property 'ondrain' does not exist on type 'PushThrough'.
bench/impls/push-through.ts(10,10): error TS2339: Property 'onfinish' does not exist on type 'PushThrough'.
bench/impls/push-through.ts(17,14): error TS2339: Property 'onfinish' does not exist on type 'PushThrough'.
bench/impls/push-through.ts(20,14): error TS2339: Property 'ondrain' does not exist on type 'PushThrough'.
bench/impls/push-through.ts(38,14): error TS2339: Property 'onfinish' does not exist on type 'PushThrough'.
bench/impls/push-through.ts(41,14): error TS2339: Property 'ondrain' does not exist on type 'PushThrough'.
bench/impls/push-through.ts(49,10): error TS2339: Property 'dests' does not exist on type 'PushThrough'.
bench/impls/push-through.ts(55,10): error TS2551: Property 'paused' does not exist on type 'PushThrough'. Did you mean 'pause'?
bench/impls/push-through.ts(56,14): error TS2339: Property 'buffer' does not exist on type 'PushThrough'.
bench/impls/push-through.ts(57,22): error TS2339: Property 'buffer' does not exist on type 'PushThrough'.
bench/impls/push-through.ts(58,12): error TS2339: Property 'buffer' does not exist on type 'PushThrough'.
bench/impls/push-through.ts(60,33): error TS2339: Property 'dests' does not exist on type 'PushThrough'.
bench/impls/push-through.ts(62,16): error TS2551: Property 'paused' does not exist on type 'PushThrough'. Did you mean 'pause'?
bench/impls/push-through.ts(62,30): error TS2551: Property 'paused' does not exist on type 'PushThrough'. Did you mean 'pause'?
bench/impls/push-through.ts(66,14): error TS2339: Property 'buffer' does not exist on type 'PushThrough'.
bench/impls/push-through.ts(67,14): error TS2551: Property 'ended' does not exist on type 'PushThrough'. Did you mean 'end'?
bench/impls/push-through.ts(67,28): error TS2339: Property 'buffer' does not exist on type 'PushThrough'.
bench/impls/push-through.ts(68,28): error TS2339: Property 'dests' does not exist on type 'PushThrough'.
bench/impls/push-through.ts(76,10): error TS2551: Property 'paused' does not exist on type 'PushThrough'. Did you mean 'pause'?
bench/impls/push-through.ts(80,14): error TS2551: Property 'ended' does not exist on type 'PushThrough'. Did you mean 'end'?
bench/impls/push-through.ts(83,15): error TS2339: Property 'dests' does not exist on type 'PushThrough'.
bench/impls/push-through.ts(83,36): error TS2551: Property 'paused' does not exist on type 'PushThrough'. Did you mean 'pause'?
bench/impls/push-through.ts(84,12): error TS2339: Property 'buffer' does not exist on type 'PushThrough'.
bench/impls/push-through.ts(87,29): error TS2339: Property 'dests' does not exist on type 'PushThrough'.
bench/impls/push-through.ts(89,12): error TS2551: Property 'paused' does not exist on type 'PushThrough'. Did you mean 'pause'?
bench/impls/push-through.ts(89,26): error TS2551: Property 'paused' does not exist on type 'PushThrough'. Did you mean 'pause'?
bench/impls/push-through.ts(91,18): error TS2551: Property 'paused' does not exist on type 'PushThrough'. Did you mean 'pause'?
bench/impls/push-through.ts(95,10): error TS2551: Property 'ended' does not exist on type 'PushThrough'. Did you mean 'end'?
bench/impls/through2.ts(6,3): error TS2304: Cannot find name 's'.
bench/impls/through2.ts(8,5): error TS2304: Cannot find name 's'.
bench/impls/through2.ts(10,10): error TS2304: Cannot find name 's'.
bench/index.ts(17,26): error TS2307: Cannot find module '@npmcli/promise-spawn' or its corresponding type declarations.
bench/index.ts(77,11): error TS2794: Expected 1 arguments, but got 0. Did you forget to include 'void' in your type argument to 'Promise'?
bench/index.ts(103,31): error TS2769: No overload matches this call.
  Overload 1 of 2, '(value: any, replacer?: (this: any, key: string, value: any) => any, space?: string | number): string', gave the following error.
    Argument of type 'number' is not assignable to parameter of type '(this: any, key: string, value: any) => any'.
  Overload 2 of 2, '(value: any, replacer?: (string | number)[], space?: string | number): string', gave the following error.
    Argument of type 'number' is not assignable to parameter of type '(string | number)[]'.
bench/index.ts(106,39): error TS2769: No overload matches this call.
  Overload 1 of 2, '(value: any, replacer?: (this: any, key: string, value: any) => any, space?: string | number): string', gave the following error.
    Argument of type 'number' is not assignable to parameter of type '(this: any, key: string, value: any) => any'.
  Overload 2 of 2, '(value: any, replacer?: (string | number)[], space?: string | number): string', gave the following error.
    Argument of type 'number' is not assignable to parameter of type '(string | number)[]'.
bench/index.ts(107,60): error TS2769: No overload matches this call.
  Overload 1 of 2, '(value: any, replacer?: (this: any, key: string, value: any) => any, space?: string | number): string', gave the following error.
    Argument of type 'number' is not assignable to parameter of type '(this: any, key: string, value: any) => any'.
  Overload 2 of 2, '(value: any, replacer?: (string | number)[], space?: string | number): string', gave the following error.
    Argument of type 'number' is not assignable to parameter of type '(string | number)[]'.
bench/index.ts(163,27): error TS2554: Expected 0 arguments, but got 1.
bench/index.ts(167,27): error TS2554: Expected 0 arguments, but got 1.
bench/index.ts(171,27): error TS2554: Expected 0 arguments, but got 1.
bench/index.ts(175,27): error TS2554: Expected 0 arguments, but got 1.
bench/index.ts(179,27): error TS2554: Expected 0 arguments, but got 1.
bench/index.ts(180,28): error TS2554: Expected 0 arguments, but got 1.
bench/index.ts(195,10): error TS2339: Property 'chunk' does not exist on type 'Src'.
bench/index.ts(198,10): error TS2339: Property 'n' does not exist on type 'Src'.
bench/index.ts(199,10): error TS2339: Property 'flowing' does not exist on type 'Src'.
bench/index.ts(200,10): error TS2339: Property 'readable' does not exist on type 'Src'.
bench/index.ts(201,10): error TS2339: Property 'writable' does not exist on type 'Src'.
bench/index.ts(204,33): error TS2339: Property 'resume' does not exist on type 'Src'.
bench/index.ts(207,10): error TS2339: Property 'resume' does not exist on type 'Src'.
bench/index.ts(211,10): error TS2339: Property 'flowing' does not exist on type 'Src'.
bench/index.ts(216,14): error TS2339: Property 'flowing' does not exist on type 'FastSrc'.
bench/index.ts(219,10): error TS2339: Property 'flowing' does not exist on type 'FastSrc'.
bench/index.ts(220,17): error TS2339: Property 'n' does not exist on type 'FastSrc'.
bench/index.ts(220,31): error TS2339: Property 'flowing' does not exist on type 'FastSrc'.
bench/index.ts(221,30): error TS2339: Property 'chunk' does not exist on type 'FastSrc'.
bench/index.ts(222,12): error TS2339: Property 'n' does not exist on type 'FastSrc'.
bench/index.ts(224,14): error TS2339: Property 'flowing' does not exist on type 'FastSrc'.
bench/index.ts(224,30): error TS2339: Property 'n' does not exist on type 'FastSrc'.
bench/index.ts(231,14): error TS2339: Property 'flowing' does not exist on type 'SlowSrc'.
bench/index.ts(234,10): error TS2339: Property 'flowing' does not exist on type 'SlowSrc'.
bench/index.ts(236,17): error TS2339: Property 'flowing' does not exist on type 'SlowSrc'.
bench/index.ts(239,16): error TS2339: Property 'flowing' does not exist on type 'SlowSrc'.
bench/index.ts(239,32): error TS2339: Property 'n' does not exist on type 'SlowSrc'.
bench/index.ts(240,32): error TS2339: Property 'chunk' does not exist on type 'SlowSrc'.
bench/index.ts(241,14): error TS2339: Property 'n' does not exist on type 'SlowSrc'.
bench/index.ts(244,16): error TS2339: Property 'flowing' does not exist on type 'SlowSrc'.
bench/index.ts(244,32): error TS2339: Property 'n' does not exist on type 'SlowSrc'.
bench/index.ts(256,10): error TS2339: Property 'writable' does not exist on type 'Dest'.
bench/index.ts(257,10): error TS2339: Property 'readable' does not exist on type 'Dest'.
bench/index.ts(258,10): error TS2339: Property 'ended' does not exist on type 'Dest'.
bench/index.ts(259,10): error TS2339: Property 'buffering' does not exist on type 'Dest'.
bench/index.ts(264,14): error TS2551: Property 'ended' does not exist on type 'FastDest'. Did you mean 'end'?
bench/index.ts(270,10): error TS2551: Property 'ended' does not exist on type 'FastDest'. Did you mean 'end'?
bench/index.ts(276,14): error TS2551: Property 'ended' does not exist on type 'SlowDest'. Did you mean 'end'?
bench/index.ts(279,10): error TS2339: Property 'buffering' does not exist on type 'SlowDest'.
bench/index.ts(281,12): error TS2339: Property 'buffering' does not exist on type 'SlowDest'.
bench/index.ts(287,10): error TS2551: Property 'ended' does not exist on type 'SlowDest'. Did you mean 'end'?
bench/index.ts(288,14): error TS2339: Property 'buffering' does not exist on type 'SlowDest'.
index.ts(61,10): error TS2339: Property 'src' does not exist on type 'Pipe'.
index.ts(62,10): error TS2339: Property 'dest' does not exist on type 'Pipe'.
index.ts(63,10): error TS2339: Property 'opts' does not exist on type 'Pipe'.
index.ts(64,10): error TS2339: Property 'ondrain' does not exist on type 'Pipe'.
index.ts(65,27): error TS2339: Property 'ondrain' does not exist on type 'Pipe'.
index.ts(68,10): error TS2339: Property 'dest' does not exist on type 'Pipe'.
index.ts(68,44): error TS2339: Property 'ondrain' does not exist on type 'Pipe'.
index.ts(74,14): error TS2339: Property 'opts' does not exist on type 'Pipe'.
index.ts(75,12): error TS2339: Property 'dest' does not exist on type 'Pipe'.
index.ts(81,10): error TS2339: Property 'src' does not exist on type 'PipeProxyErrors'.
index.ts(86,5): error TS2322: Type '(er: any) => any' is not assignable to type '() => void'.
index.ts(97,10): error TS2551: Property 'pipes' does not exist on type 'Minipass'. Did you mean 'pipe'?
index.ts(98,10): error TS2339: Property 'buffer' does not exist on type 'Minipass'.
index.ts(113,10): error TS2339: Property 'writable' does not exist on type 'Minipass'.
index.ts(114,10): error TS2339: Property 'readable' does not exist on type 'Minipass'.
index.ts(132,16): error TS2339: Property 'buffer' does not exist on type 'Minipass'.
index.ts(133,14): error TS2339: Property 'buffer' does not exist on type 'Minipass'.
index.ts(133,28): error TS2339: Property 'buffer' does not exist on type 'Minipass'.
index.ts(196,14): error TS2555: Expected at least 2 arguments, but got 1.
index.ts(208,14): error TS2555: Expected at least 2 arguments, but got 1.
index.ts(235,12): error TS2555: Expected at least 2 arguments, but got 1.
index.ts(255,14): error TS2339: Property 'buffer' does not exist on type 'Minipass'.
index.ts(257,14): error TS2339: Property 'buffer' does not exist on type 'Minipass'.
index.ts(257,29): error TS2339: Property 'buffer' does not exist on type 'Minipass'.
index.ts(259,14): error TS2339: Property 'buffer' does not exist on type 'Minipass'.
index.ts(259,43): error TS2339: Property 'buffer' does not exist on type 'Minipass'.
index.ts(262,44): error TS2339: Property 'buffer' does not exist on type 'Minipass'.
index.ts(271,12): error TS2339: Property 'buffer' does not exist on type 'Minipass'.
index.ts(278,15): error TS2339: Property 'buffer' does not exist on type 'Minipass'.
index.ts(279,12): error TS2555: Expected at least 2 arguments, but got 1.
index.ts(290,12): error TS2554: Expected 3 arguments, but got 2.
index.ts(294,10): error TS2339: Property 'writable' does not exist on type 'Minipass'.
index.ts(312,10): error TS2555: Expected at least 2 arguments, but got 1.
index.ts(313,14): error TS2339: Property 'buffer' does not exist on type 'Minipass'.
index.ts(314,7): error TS2554: Expected 1 arguments, but got 0.
index.ts(318,12): error TS2555: Expected at least 2 arguments, but got 1.
index.ts(347,10): error TS2339: Property 'buffer' does not exist on type 'Minipass'.
index.ts(351,14): error TS2339: Property 'buffer' does not exist on type 'Minipass'.
index.ts(355,36): error TS2339: Property 'buffer' does not exist on type 'Minipass'.
index.ts(357,17): error TS2339: Property 'buffer' does not exist on type 'Minipass'.
index.ts(363,27): error TS2339: Property 'buffer' does not exist on type 'Minipass'.
index.ts(364,12): error TS2555: Expected at least 2 arguments, but got 1.
index.ts(388,12): error TS2551: Property 'pipes' does not exist on type 'Minipass'. Did you mean 'pipe'?
index.ts(400,20): error TS2551: Property 'pipes' does not exist on type 'Minipass'. Did you mean 'pipe'?
index.ts(402,12): error TS2551: Property 'pipes' does not exist on type 'Minipass'. Did you mean 'pipe'?
index.ts(402,30): error TS2551: Property 'pipes' does not exist on type 'Minipass'. Did you mean 'pipe'?
index.ts(413,32): error TS2551: Property 'pipes' does not exist on type 'Minipass'. Did you mean 'pipe'?
index.ts(437,14): error TS2339: Property 'buffer' does not exist on type 'Minipass'.
index.ts(440,12): error TS2555: Expected at least 2 arguments, but got 1.
index.ts(441,12): error TS2555: Expected at least 2 arguments, but got 1.
index.ts(442,12): error TS2555: Expected at least 2 arguments, but got 1.
index.ts(444,14): error TS2555: Expected at least 2 arguments, but got 1.
index.ts(449,3): error TS2416: Property 'emit' in type 'Minipass' is not assignable to the same property in base type 'internal'.
  Type '(ev: any, data: any, ...extra: any[]) => boolean | void | Promise<void>' is not assignable to type '(eventName: string | symbol, ...args: any[]) => boolean'.
    Type 'boolean | void | Promise<void>' is not assignable to type 'boolean'.
      Type 'void' is not assignable to type 'boolean'.
index.ts(489,26): error TS2551: Property 'pipes' does not exist on type 'Minipass'. Did you mean 'pipe'?
index.ts(503,10): error TS2339: Property 'readable' does not exist on type 'Minipass'.
index.ts(514,30): error TS2551: Property 'pipes' does not exist on type 'Minipass'. Did you mean 'pipe'?
index.ts(521,26): error TS2551: Property 'pipes' does not exist on type 'Minipass'. Did you mean 'pipe'?
index.ts(533,11): error TS2339: Property 'dataLength' does not exist on type 'any[]'.
index.ts(540,13): error TS2339: Property 'dataLength' does not exist on type 'any[]'.
index.ts(552,70): error TS2339: Property 'dataLength' does not exist on type 'any[]'.
index.ts(560,28): error TS2794: Expected 1 arguments, but got 0. Did you forget to include 'void' in your type argument to 'Promise'?
index.ts(567,24): error TS2554: Expected 1 arguments, but got 0.
index.ts(609,26): error TS2554: Expected 1 arguments, but got 0.
index.ts(621,14): error TS2555: Expected at least 2 arguments, but got 1.
index.ts(628,10): error TS2339: Property 'buffer' does not exist on type 'Minipass'.
index.ts(631,21): error TS2339: Property 'close' does not exist on type 'Minipass'.
index.ts(632,12): error TS2339: Property 'close' does not exist on type 'Minipass'.
index.ts(637,12): error TS2555: Expected at least 2 arguments, but got 1.
index.ts(645,18): error TS2339: Property 'pipe' does not exist on type 'EventEmitter'.
index.ts(646,19): error TS2339: Property 'write' does not exist on type 'EventEmitter'.
index.ts(646,52): error TS2339: Property 'end' does not exist on type 'EventEmitter'.

