lib/attributes.ts(29,6): error TS2339: Property 'replace' does not exist on type 'boolean'.
lib/attributes.ts(99,11): error TS2554: Expected 1 arguments, but got 2.
lib/attributes.ts(116,73): error TS2554: Expected 1 arguments, but got 2.
lib/serialize.ts(4,8): error TS1192: Module '"lib/attributes"' has no default export.
lib/serialize.ts(26,31): error TS2339: Property 'attributes' does not exist on type 'string'.
lib/serialize.ts(27,26): error TS2339: Property 'attributes' does not exist on type 'string'.
lib/serialize.ts(150,48): error TS2339: Property 'data' does not exist on type 'Node'.
lib/serialize.ts(154,15): error TS2339: Property 'data' does not exist on type 'Node'.
lib/serialize.ts(174,111): error TS2304: Cannot find name 'Reference'.
lib/serialize.ts(188,5): error TS2345: Argument of type 'Element' is not assignable to parameter of type 'string'.
lib/serialize.ts(225,62): error TS2339: Property 'prefixIndex' does not exist on type 'Reference[]'.
lib/serialize.ts(277,12): error TS2339: Property 'content' does not exist on type 'Element'.
lib/serialize.ts(284,25): error TS2488: Type 'NodeListOf<ChildNode>' must have a '[Symbol.iterator]()' method that returns an iterator.
lib/serialize.ts(305,108): error TS2304: Cannot find name 'ReferenceTracker'.
lib/serialize.ts(309,9): error TS2345: Argument of type 'Node' is not assignable to parameter of type 'Element'.
  Type 'Node' is missing the following properties from type 'Element': attributes, classList, className, clientHeight, and 114 more.
lib/serialize.ts(324,31): error TS2345: Argument of type 'Node' is not assignable to parameter of type 'Comment'.
  Type 'Node' is missing the following properties from type 'CharacterData': data, length, appendData, deleteData, and 9 more.
lib/serialize.ts(337,9): error TS2345: Argument of type 'Node' is not assignable to parameter of type 'DocumentType'.
  Type 'Node' is missing the following properties from type 'DocumentType': name, publicId, systemId, after, and 3 more.
lib/serialize.ts(352,36): error TS2345: Argument of type 'Node' is not assignable to parameter of type 'CDATASection'.
  Type 'Node' is missing the following properties from type 'Text': wholeText, splitText, data, length, and 12 more.

