argparse.ts(89,13): error TS2314: Generic type 'Array<T>' requires 1 type argument(s).
argparse.ts(89,26): error TS2339: Property 'inspect' does not exist on type 'String'.
argparse.ts(91,22): error TS2314: Generic type 'Array<T>' requires 1 type argument(s).
argparse.ts(98,19): error TS2532: Object is possibly 'undefined'.
argparse.ts(103,5): error TS2322: Type 'boolean' is not assignable to type 'String'.
argparse.ts(103,57): error TS2345: Argument of type 'String' is not assignable to parameter of type 'PropertyKey'.
argparse.ts(107,43): error TS2538: Type 'String' cannot be used as an index type.
argparse.ts(110,64): error TS2304: Cannot find name 'Void'.
argparse.ts(111,12): error TS2538: Type 'String' cannot be used as an index type.
argparse.ts(115,40): error TS2538: Type 'String' cannot be used as an index type.
argparse.ts(116,19): error TS2538: Type 'String' cannot be used as an index type.
argparse.ts(119,49): error TS2304: Cannot find name 'Void'.
argparse.ts(120,19): error TS2538: Type 'String' cannot be used as an index type.
argparse.ts(123,59): error TS2314: Generic type 'Array<T>' requires 1 type argument(s).
argparse.ts(125,35): error TS2739: Type 'String' is missing the following properties from type 'Number': toFixed, toExponential, toPrecision
argparse.ts(125,39): error TS2322: Type 'number' is not assignable to type 'String'.
argparse.ts(131,17): error TS2314: Generic type 'Array<T>' requires 1 type argument(s).
argparse.ts(133,36): error TS2322: Type 'number' is not assignable to type 'never'.
argparse.ts(135,36): error TS2322: Type 'number' is not assignable to type 'never'.
argparse.ts(140,62): error TS2314: Generic type 'Array<T>' requires 1 type argument(s).
argparse.ts(141,17): error TS2314: Generic type 'Array<T>' requires 1 type argument(s).
argparse.ts(146,20): error TS2314: Generic type 'Array<T>' requires 1 type argument(s).
argparse.ts(155,33): error TS2314: Generic type 'Array<T>' requires 1 type argument(s).
argparse.ts(157,71): error TS2356: An arithmetic operand must be of type 'any', 'number', 'bigint' or an enum type.
argparse.ts(161,72): error TS2314: Generic type 'Array<T>' requires 1 type argument(s).
argparse.ts(162,17): error TS2314: Generic type 'Array<T>' requires 1 type argument(s).
argparse.ts(162,38): error TS2769: No overload matches this call.
  Overload 1 of 2, '(splitter: { [Symbol.split](string: string, limit?: number | undefined): string[]; }, limit?: number | undefined): string[]', gave the following error.
    Argument of type 'String' is not assignable to parameter of type '{ [Symbol.split](string: string, limit?: number | undefined): string[]; }'.
      Property '[Symbol.split]' is missing in type 'String' but required in type '{ [Symbol.split](string: string, limit?: number | undefined): string[]; }'.
  Overload 2 of 2, '(separator: string | RegExp, limit?: number | undefined): string[]', gave the following error.
    Argument of type 'String' is not assignable to parameter of type 'string | RegExp'.
argparse.ts(169,31): error TS2314: Generic type 'Array<T>' requires 1 type argument(s).
argparse.ts(169,46): error TS2314: Generic type 'Array<T>' requires 1 type argument(s).
argparse.ts(177,31): error TS2314: Generic type 'Array<T>' requires 1 type argument(s).
argparse.ts(177,53): error TS2304: Cannot find name 'Void'.
argparse.ts(179,41): error TS2349: This expression is not callable.
  Type 'Object' has no call signatures.
argparse.ts(186,46): error TS2314: Generic type 'Array<T>' requires 1 type argument(s).
argparse.ts(191,43): error TS7053: Element implicitly has an 'any' type because expression of type 'unique symbol' can't be used to index type 'Object'.
  Property '[SymbolConstructor.iterator]' does not exist on type 'Object'.
argparse.ts(192,27): error TS2769: No overload matches this call.
  Overload 1 of 4, '(iterable: Iterable<unknown> | ArrayLike<unknown>): unknown[]', gave the following error.
    Argument of type 'Object' is not assignable to parameter of type 'Iterable<unknown> | ArrayLike<unknown>'.
      The 'Object' type is assignable to very few other types. Did you mean to use the 'any' type instead?
  Overload 2 of 4, '(arrayLike: ArrayLike<unknown>): unknown[]', gave the following error.
    Argument of type 'Object' is not assignable to parameter of type 'ArrayLike<unknown>'.
      The 'Object' type is assignable to very few other types. Did you mean to use the 'any' type instead?
        Property 'length' is missing in type 'Object' but required in type 'ArrayLike<unknown>'.
argparse.ts(196,25): error TS2349: This expression is not callable.
  Type 'Object' has no call signatures.
argparse.ts(203,14): error TS2339: Property 'name' does not exist on type 'Object'.
argparse.ts(203,31): error TS7019: Rest parameter 'args' implicitly has an 'any[]' type.
argparse.ts(205,38): error TS2345: Argument of type 'Object' is not assignable to parameter of type 'Function'.
  The 'Object' type is assignable to very few other types. Did you mean to use the 'any' type instead?
    Type 'Object' is missing the following properties from type 'Function': apply, call, bind, prototype, and 6 more.
argparse.ts(208,5): error TS7053: Element implicitly has an 'any' type because expression of type 'any' can't be used to index type 'Object'.
argparse.ts(208,16): error TS2339: Property 'name' does not exist on type 'Object'.
argparse.ts(208,38): error TS2339: Property 'prototype' does not exist on type 'Object'.
argparse.ts(210,9): error TS2339: Property 'prototype' does not exist on type 'Object'.
argparse.ts(210,45): error TS2339: Property 'name' does not exist on type 'Object'.
argparse.ts(211,12): error TS7053: Element implicitly has an 'any' type because expression of type 'any' can't be used to index type 'Object'.
argparse.ts(211,23): error TS2339: Property 'name' does not exist on type 'Object'.
argparse.ts(214,60): error TS2304: Cannot find name 'Void'.
argparse.ts(217,39): error TS2345: Argument of type 'String' is not assignable to parameter of type 'PropertyKey'.
argparse.ts(218,25): error TS2339: Property 'deprecate' does not exist on type 'String'.
argparse.ts(218,42): error TS2538: Type 'String' cannot be used as an index type.
argparse.ts(218,47): error TS2349: This expression is not callable.
  Type 'Object' has no call signatures.
argparse.ts(227,56): error TS2339: Property 'prototype' does not exist on type 'Object'.
argparse.ts(228,63): error TS2314: Generic type 'Promise<T>' requires 1 type argument(s).
argparse.ts(229,47): error TS2339: Property 'prototype' does not exist on type 'Object'.
argparse.ts(231,5): error TS2696: The 'Object' type is assignable to very few other types. Did you mean to use the 'any' type instead?
  Type 'Object' is missing the following properties from type 'String': charAt, charCodeAt, concat, indexOf, and 44 more.
argparse.ts(235,40): error TS2314: Generic type 'Promise<T>' requires 1 type argument(s).
argparse.ts(249,5): error TS2322: Type 'symbol' is not assignable to type 'Number'.
argparse.ts(250,28): error TS2314: Generic type 'Array<T>' requires 1 type argument(s).
argparse.ts(250,56): error TS2314: Generic type 'Array<T>' requires 1 type argument(s).
argparse.ts(252,20): error TS2314: Generic type 'Array<T>' requires 1 type argument(s).
argparse.ts(252,28): error TS2532: Object is possibly 'undefined'.
argparse.ts(255,22): error TS2314: Generic type 'Promise<T>' requires 1 type argument(s).
argparse.ts(256,34): error TS2531: Object is possibly 'null'.
argparse.ts(265,17): error TS2314: Generic type 'Array<T>' requires 1 type argument(s).
argparse.ts(274,18): error TS2314: Generic type 'Array<T>' requires 1 type argument(s).
argparse.ts(277,34): error TS2360: The left-hand side of an 'in' expression must be a private identifier or of type 'any', 'string', 'number', or 'symbol'.
argparse.ts(282,17): error TS7053: Element implicitly has an 'any' type because expression of type 'string' can't be used to index type 'Object'.
  No index signature with a parameter of type 'string' was found on type 'Object'.
argparse.ts(282,38): error TS2538: Type 'String' cannot be used as an index type.
argparse.ts(285,27): error TS2538: Type 'String' cannot be used as an index type.
argparse.ts(290,40): error TS2349: This expression is not callable.
  Type 'Object' has no call signatures.
argparse.ts(291,34): error TS7031: Binding element 'a' implicitly has an 'any' type.
argparse.ts(291,37): error TS7031: Binding element 'b' implicitly has an 'any' type.
argparse.ts(291,45): error TS2349: This expression is not callable.
  Type 'Object' has no call signatures.
argparse.ts(295,30): error TS2314: Generic type 'Array<T>' requires 1 type argument(s).
argparse.ts(302,30): error TS2314: Generic type 'Array<T>' requires 1 type argument(s).
argparse.ts(306,29): error TS2360: The left-hand side of an 'in' expression must be a private identifier or of type 'any', 'string', 'number', or 'symbol'.
argparse.ts(310,36): error TS2538: Type 'String' cannot be used as an index type.
argparse.ts(310,48): error TS7053: Element implicitly has an 'any' type because expression of type 'string' can't be used to index type 'Object'.
  No index signature with a parameter of type 'string' was found on type 'Object'.
argparse.ts(313,32): error TS7053: Element implicitly has an 'any' type because expression of type 'string' can't be used to index type 'Object'.
  No index signature with a parameter of type 'string' was found on type 'Object'.
argparse.ts(318,52): error TS2349: This expression is not callable.
  Type 'Object' has no call signatures.
argparse.ts(319,46): error TS7031: Binding element 'a' implicitly has an 'any' type.
argparse.ts(319,49): error TS7031: Binding element 'b' implicitly has an 'any' type.
argparse.ts(319,57): error TS2349: This expression is not callable.
  Type 'Object' has no call signatures.
argparse.ts(329,33): error TS2349: This expression is not callable.
  Type 'Object' has no call signatures.
argparse.ts(331,25): error TS7053: Element implicitly has an 'any' type because expression of type 'string' can't be used to index type 'Object'.
  No index signature with a parameter of type 'string' was found on type 'Object'.
argparse.ts(332,20): error TS7053: Element implicitly has an 'any' type because expression of type 'string' can't be used to index type 'Object'.
  No index signature with a parameter of type 'string' was found on type 'Object'.
argparse.ts(343,29): error TS2349: This expression is not callable.
  Type 'Object' has no call signatures.
argparse.ts(350,29): error TS2349: This expression is not callable.
  Type 'Object' has no call signatures.
argparse.ts(352,27): error TS2349: This expression is not callable.
  Type 'Object' has no call signatures.
argparse.ts(359,19): error TS2314: Generic type 'Array<T>' requires 1 type argument(s).
argparse.ts(362,29): error TS2349: This expression is not callable.
  Type 'Object' has no call signatures.
argparse.ts(370,49): error TS2304: Cannot find name 'Void'.
argparse.ts(371,19): error TS2538: Type 'String' cannot be used as an index type.
argparse.ts(371,39): error TS2538: Type 'String' cannot be used as an index type.
argparse.ts(371,51): error TS2339: Property 'deprecate' does not exist on type 'String'.
argparse.ts(372,19): error TS2538: Type 'String' cannot be used as an index type.
argparse.ts(379,27): error TS2740: Type 'ObjectConstructor' is missing the following properties from type 'String': charAt, charCodeAt, concat, indexOf, and 43 more.
argparse.ts(389,43): error TS2507: Type 'String' is not a constructor function type.
argparse.ts(390,15): error TS2339: Property 'inspect' does not exist on type 'String'.
argparse.ts(399,38): error TS2349: This expression is not callable.
  Type 'Object' has no call signatures.
argparse.ts(401,21): error TS7053: Element implicitly has an 'any' type because expression of type 'string' can't be used to index type '{}'.
  No index signature with a parameter of type 'string' was found on type '{}'.
argparse.ts(405,34): error TS2349: This expression is not callable.
  Type 'Object' has no call signatures.
argparse.ts(407,20): error TS2349: This expression is not callable.
  Type 'Object' has no call signatures.
argparse.ts(411,20): error TS7053: Element implicitly has an 'any' type because expression of type 'any' can't be used to index type '_AttributeHolder'.
argparse.ts(411,30): error TS2339: Property 'inspect' does not exist on type 'String'.
argparse.ts(425,38): error TS2314: Generic type 'Array<T>' requires 1 type argument(s).
argparse.ts(459,41): error TS2339: Property 'columns' does not exist on type 'Object'.
argparse.ts(463,14): error TS2339: Property '_prog' does not exist on type 'HelpFormatter'.
argparse.ts(464,14): error TS2339: Property '_indent_increment' does not exist on type 'HelpFormatter'.
argparse.ts(465,14): error TS2339: Property '_max_help_position' does not exist on type 'HelpFormatter'.
argparse.ts(467,14): error TS2339: Property '_width' does not exist on type 'HelpFormatter'.
argparse.ts(469,14): error TS2339: Property '_current_indent' does not exist on type 'HelpFormatter'.
argparse.ts(470,14): error TS2339: Property '_level' does not exist on type 'HelpFormatter'.
argparse.ts(471,14): error TS2339: Property '_action_max_length' does not exist on type 'HelpFormatter'.
argparse.ts(473,14): error TS2339: Property '_root_section' does not exist on type 'HelpFormatter'.
argparse.ts(473,35): error TS2339: Property '_Section' does not exist on type 'HelpFormatter'.
argparse.ts(474,14): error TS2339: Property '_current_section' does not exist on type 'HelpFormatter'.
argparse.ts(474,38): error TS2339: Property '_root_section' does not exist on type 'HelpFormatter'.
argparse.ts(476,14): error TS2339: Property '_whitespace_matcher' does not exist on type 'HelpFormatter'.
argparse.ts(477,14): error TS2339: Property '_long_break_matcher' does not exist on type 'HelpFormatter'.
argparse.ts(484,14): error TS2339: Property '_current_indent' does not exist on type 'HelpFormatter'.
argparse.ts(484,38): error TS2339: Property '_indent_increment' does not exist on type 'HelpFormatter'.
argparse.ts(485,14): error TS2339: Property '_level' does not exist on type 'HelpFormatter'.
argparse.ts(489,14): error TS2339: Property '_current_indent' does not exist on type 'HelpFormatter'.
argparse.ts(489,38): error TS2339: Property '_indent_increment' does not exist on type 'HelpFormatter'.
argparse.ts(490,9): error TS2349: This expression is not callable.
  Type 'String' has no call signatures.
argparse.ts(490,21): error TS2339: Property '_current_indent' does not exist on type 'HelpFormatter'.
argparse.ts(491,14): error TS2339: Property '_level' does not exist on type 'HelpFormatter'.
argparse.ts(494,15): error TS7006: Parameter 'func' implicitly has an 'any' type.
argparse.ts(494,21): error TS7006: Parameter 'args' implicitly has an 'any' type.
argparse.ts(495,14): error TS2339: Property '_current_section' does not exist on type 'HelpFormatter'.
argparse.ts(501,19): error TS7006: Parameter 'heading' implicitly has an 'any' type.
argparse.ts(503,28): error TS2339: Property '_Section' does not exist on type 'HelpFormatter'.
argparse.ts(503,48): error TS2339: Property '_current_section' does not exist on type 'HelpFormatter'.
argparse.ts(505,14): error TS2339: Property '_current_section' does not exist on type 'HelpFormatter'.
argparse.ts(509,14): error TS2339: Property '_current_section' does not exist on type 'HelpFormatter'.
argparse.ts(509,38): error TS2339: Property '_current_section' does not exist on type 'HelpFormatter'.
argparse.ts(513,14): error TS7006: Parameter 'text' implicitly has an 'any' type.
argparse.ts(519,15): error TS7006: Parameter 'usage' implicitly has an 'any' type.
argparse.ts(519,22): error TS7006: Parameter 'actions' implicitly has an 'any' type.
argparse.ts(519,31): error TS7006: Parameter 'groups' implicitly has an 'any' type.
argparse.ts(526,18): error TS7006: Parameter 'action' implicitly has an 'any' type.
argparse.ts(537,58): error TS2339: Property '_current_indent' does not exist on type 'HelpFormatter'.
argparse.ts(538,18): error TS2339: Property '_action_max_length' does not exist on type 'HelpFormatter'.
argparse.ts(538,53): error TS2339: Property '_action_max_length' does not exist on type 'HelpFormatter'.
argparse.ts(546,19): error TS7006: Parameter 'actions' implicitly has an 'any' type.
argparse.ts(556,25): error TS2339: Property '_root_section' does not exist on type 'HelpFormatter'.
argparse.ts(558,38): error TS2339: Property '_long_break_matcher' does not exist on type 'HelpFormatter'.
argparse.ts(564,17): error TS7006: Parameter 'part_strings' implicitly has an 'any' type.
argparse.ts(565,36): error TS7006: Parameter 'part' implicitly has an 'any' type.
argparse.ts(568,19): error TS7006: Parameter 'usage' implicitly has an 'any' type.
argparse.ts(568,26): error TS7006: Parameter 'actions' implicitly has an 'any' type.
argparse.ts(568,35): error TS7006: Parameter 'groups' implicitly has an 'any' type.
argparse.ts(568,43): error TS7006: Parameter 'prefix' implicitly has an 'any' type.
argparse.ts(575,21): error TS2349: This expression is not callable.
  Type 'Object' has no call signatures.
argparse.ts(575,45): error TS2339: Property '_prog' does not exist on type 'HelpFormatter'.
argparse.ts(579,21): error TS2349: This expression is not callable.
  Type 'Object' has no call signatures.
argparse.ts(579,50): error TS2339: Property '_prog' does not exist on type 'HelpFormatter'.
argparse.ts(583,24): error TS2349: This expression is not callable.
  Type 'Object' has no call signatures.
argparse.ts(583,53): error TS2339: Property '_prog' does not exist on type 'HelpFormatter'.
argparse.ts(597,69): error TS2769: No overload matches this call.
  Overload 1 of 2, '(...items: ConcatArray<never>[]): never[]', gave the following error.
    Argument of type 'any[]' is not assignable to parameter of type 'ConcatArray<never>'.
      The types returned by 'slice(...)' are incompatible between these types.
        Type 'any[]' is not assignable to type 'never[]'.
          Type 'any' is not assignable to type 'never'.
  Overload 2 of 2, '(...items: ConcatArray<never>[]): never[]', gave the following error.
    Argument of type 'any[]' is not assignable to parameter of type 'ConcatArray<never>'.
argparse.ts(597,87): error TS2769: No overload matches this call.
  Overload 1 of 2, '(...items: ConcatArray<never>[]): never[]', gave the following error.
    Argument of type 'any[]' is not assignable to parameter of type 'ConcatArray<never>'.
  Overload 2 of 2, '(...items: ConcatArray<never>[]): never[]', gave the following error.
    Argument of type 'any[]' is not assignable to parameter of type 'ConcatArray<never>'.
argparse.ts(601,35): error TS2339: Property '_width' does not exist on type 'HelpFormatter'.
argparse.ts(601,49): error TS2339: Property '_current_indent' does not exist on type 'HelpFormatter'.
argparse.ts(610,17): error TS2349: This expression is not callable.
  Type 'String' has no call signatures.
argparse.ts(611,17): error TS2349: This expression is not callable.
  Type 'String' has no call signatures.
argparse.ts(614,34): error TS7006: Parameter 'parts' implicitly has an 'any' type.
argparse.ts(614,41): error TS7006: Parameter 'indent' implicitly has an 'any' type.
argparse.ts(619,43): error TS2339: Property 'length' does not exist on type 'never'.
argparse.ts(641,21): error TS7034: Variable 'lines' implicitly has type 'any[]' in some locations where its type cannot be determined.
argparse.ts(658,43): error TS2769: No overload matches this call.
  Overload 1 of 2, '(...items: ConcatArray<never>[]): never[]', gave the following error.
    Argument of type 'RegExpMatchArray' is not assignable to parameter of type 'ConcatArray<never>'.
      The types returned by 'slice(...)' are incompatible between these types.
        Type 'string[]' is not assignable to type 'never[]'.
          Type 'string' is not assignable to type 'never'.
  Overload 2 of 2, '(...items: ConcatArray<never>[]): never[]', gave the following error.
    Argument of type 'RegExpMatchArray' is not assignable to parameter of type 'ConcatArray<never>'.
argparse.ts(658,61): error TS2769: No overload matches this call.
  Overload 1 of 2, '(...items: ConcatArray<never>[]): never[]', gave the following error.
    Argument of type 'RegExpMatchArray' is not assignable to parameter of type 'ConcatArray<never>'.
  Overload 2 of 2, '(...items: ConcatArray<never>[]): never[]', gave the following error.
    Argument of type 'RegExpMatchArray' is not assignable to parameter of type 'ConcatArray<never>'.
argparse.ts(662,33): error TS7005: Variable 'lines' implicitly has an 'any[]' type.
argparse.ts(674,16): error TS2349: This expression is not callable.
  Type 'Object' has no call signatures.
argparse.ts(677,27): error TS7006: Parameter 'actions' implicitly has an 'any' type.
argparse.ts(677,36): error TS7006: Parameter 'groups' implicitly has an 'any' type.
argparse.ts(693,29): error TS7053: Element implicitly has an 'any' type because expression of type 'any' can't be used to index type '{}'.
argparse.ts(695,29): error TS7053: Element implicitly has an 'any' type because expression of type 'any' can't be used to index type '{}'.
argparse.ts(698,29): error TS7053: Element implicitly has an 'any' type because expression of type 'any' can't be used to index type '{}'.
argparse.ts(700,29): error TS7053: Element implicitly has an 'any' type because expression of type 'any' can't be used to index type '{}'.
argparse.ts(704,29): error TS7053: Element implicitly has an 'any' type because expression of type 'any' can't be used to index type '{}'.
argparse.ts(706,29): error TS7053: Element implicitly has an 'any' type because expression of type 'any' can't be used to index type '{}'.
argparse.ts(709,29): error TS7053: Element implicitly has an 'any' type because expression of type 'any' can't be used to index type '{}'.
argparse.ts(711,29): error TS7053: Element implicitly has an 'any' type because expression of type 'any' can't be used to index type '{}'.
argparse.ts(715,25): error TS7053: Element implicitly has an 'any' type because expression of type 'any' can't be used to index type '{}'.
argparse.ts(727,17): error TS2571: Object is of type 'unknown'.
argparse.ts(729,21): error TS7053: Element implicitly has an 'any' type because expression of type 'number' can't be used to index type '{}'.
  No index signature with a parameter of type 'number' was found on type '{}'.
argparse.ts(730,28): error TS7053: Element implicitly has an 'any' type because expression of type 'number' can't be used to index type '{}'.
  No index signature with a parameter of type 'number' was found on type '{}'.
argparse.ts(731,28): error TS7053: Element implicitly has an 'any' type because expression of type 'number' can't be used to index type '{}'.
  No index signature with a parameter of type 'number' was found on type '{}'.
argparse.ts(732,28): error TS7053: Element implicitly has an 'any' type because expression of type 'number' can't be used to index type '{}'.
  No index signature with a parameter of type 'number' was found on type '{}'.
argparse.ts(736,25): error TS2571: Object is of type 'unknown'.
argparse.ts(752,37): error TS2571: Object is of type 'unknown'.
argparse.ts(757,21): error TS2571: Object is of type 'unknown'.
argparse.ts(758,28): error TS2571: Object is of type 'unknown'.
argparse.ts(765,28): error TS2349: This expression is not callable.
  Type 'Object' has no call signatures.
argparse.ts(769,22): error TS2571: Object is of type 'unknown'.
argparse.ts(770,28): error TS2349: This expression is not callable.
  Type 'Object' has no call signatures.
argparse.ts(780,33): error TS7053: Element implicitly has an 'any' type because expression of type 'number' can't be used to index type '{}'.
  No index signature with a parameter of type 'number' was found on type '{}'.
argparse.ts(790,51): error TS2554: Expected 2 arguments, but got 3.
argparse.ts(797,18): error TS7006: Parameter 'text' implicitly has an 'any' type.
argparse.ts(799,20): error TS2349: This expression is not callable.
  Type 'Object' has no call signatures.
argparse.ts(799,43): error TS2339: Property '_prog' does not exist on type 'HelpFormatter'.
argparse.ts(801,40): error TS2339: Property '_width' does not exist on type 'HelpFormatter'.
argparse.ts(801,54): error TS2339: Property '_current_indent' does not exist on type 'HelpFormatter'.
argparse.ts(802,38): error TS2339: Property '_current_indent' does not exist on type 'HelpFormatter'.
argparse.ts(806,20): error TS7006: Parameter 'action' implicitly has an 'any' type.
argparse.ts(808,43): error TS2339: Property '_action_max_length' does not exist on type 'HelpFormatter'.
argparse.ts(809,43): error TS2339: Property '_max_help_position' does not exist on type 'HelpFormatter'.
argparse.ts(810,40): error TS2339: Property '_width' does not exist on type 'HelpFormatter'.
argparse.ts(811,49): error TS2339: Property '_current_indent' does not exist on type 'HelpFormatter'.
argparse.ts(817,30): error TS2339: Property '_current_indent' does not exist on type 'HelpFormatter'.
argparse.ts(818,29): error TS2349: This expression is not callable.
  Type 'Object' has no call signatures.
argparse.ts(822,30): error TS2339: Property '_current_indent' does not exist on type 'HelpFormatter'.
argparse.ts(823,29): error TS2349: This expression is not callable.
  Type 'Object' has no call signatures.
argparse.ts(828,30): error TS2339: Property '_current_indent' does not exist on type 'HelpFormatter'.
argparse.ts(829,29): error TS2349: This expression is not callable.
  Type 'Object' has no call signatures.
argparse.ts(840,24): error TS2349: This expression is not callable.
  Type 'Object' has no call signatures.
argparse.ts(842,28): error TS2349: This expression is not callable.
  Type 'Object' has no call signatures.
argparse.ts(859,31): error TS7006: Parameter 'action' implicitly has an 'any' type.
argparse.ts(866,17): error TS7034: Variable 'parts' implicitly has type 'any[]' in some locations where its type cannot be determined.
argparse.ts(871,25): error TS7005: Variable 'parts' implicitly has an 'any[]' type.
argparse.ts(879,32): error TS2349: This expression is not callable.
  Type 'Object' has no call signatures.
argparse.ts(887,24): error TS7006: Parameter 'action' implicitly has an 'any' type.
argparse.ts(887,32): error TS7006: Parameter 'default_metavar' implicitly has an 'any' type.
argparse.ts(888,13): error TS7034: Variable 'result' implicitly has type 'any' in some locations where its type cannot be determined.
argparse.ts(893,22): error TS2349: This expression is not callable.
  Type 'Object' has no call signatures.
argparse.ts(898,25): error TS7006: Parameter 'tuple_size' implicitly has an 'any' type.
argparse.ts(899,31): error TS7005: Variable 'result' implicitly has an 'any' type.
argparse.ts(902,47): error TS7005: Variable 'result' implicitly has an 'any' type.
argparse.ts(908,18): error TS7006: Parameter 'action' implicitly has an 'any' type.
argparse.ts(908,26): error TS7006: Parameter 'default_metavar' implicitly has an 'any' type.
argparse.ts(912,22): error TS2349: This expression is not callable.
  Type 'Object' has no call signatures.
argparse.ts(914,22): error TS2349: This expression is not callable.
  Type 'Object' has no call signatures.
argparse.ts(918,26): error TS2349: This expression is not callable.
  Type 'Object' has no call signatures.
argparse.ts(920,26): error TS2349: This expression is not callable.
  Type 'Object' has no call signatures.
argparse.ts(923,22): error TS2349: This expression is not callable.
  Type 'Object' has no call signatures.
argparse.ts(927,22): error TS2349: This expression is not callable.
  Type 'Object' has no call signatures.
argparse.ts(933,27): error TS2554: Expected 2-3 arguments, but got 1.
argparse.ts(937,22): error TS2349: This expression is not callable.
  Type 'Object' has no call signatures.
argparse.ts(942,18): error TS7006: Parameter 'action' implicitly has an 'any' type.
argparse.ts(943,49): error TS2339: Property '_prog' does not exist on type 'HelpFormatter'.
argparse.ts(962,24): error TS2538: Type 'String' cannot be used as an index type.
argparse.ts(966,16): error TS2349: This expression is not callable.
  Type 'Object' has no call signatures.
argparse.ts(969,33): error TS7006: Parameter 'action' implicitly has an 'any' type.
argparse.ts(977,18): error TS7006: Parameter 'text' implicitly has an 'any' type.
argparse.ts(977,24): error TS7006: Parameter 'width' implicitly has an 'any' type.
argparse.ts(978,34): error TS2339: Property '_whitespace_matcher' does not exist on type 'HelpFormatter'.
argparse.ts(985,16): error TS7006: Parameter 'text' implicitly has an 'any' type.
argparse.ts(985,22): error TS7006: Parameter 'width' implicitly has an 'any' type.
argparse.ts(985,29): error TS7006: Parameter 'indent' implicitly has an 'any' type.
argparse.ts(986,34): error TS2339: Property '_whitespace_matcher' does not exist on type 'HelpFormatter'.
argparse.ts(993,22): error TS7006: Parameter 'action' implicitly has an 'any' type.
argparse.ts(997,39): error TS7006: Parameter 'action' implicitly has an 'any' type.
argparse.ts(1001,41): error TS7006: Parameter 'action' implicitly has an 'any' type.
argparse.ts(1006,15): error TS2339: Property 'prototype' does not exist on type 'Object'.
argparse.ts(1008,17): error TS7006: Parameter 'formatter' implicitly has an 'any' type.
argparse.ts(1008,28): error TS7006: Parameter 'parent' implicitly has an 'any' type.
argparse.ts(1009,14): error TS2339: Property 'formatter' does not exist on type '_Section'.
argparse.ts(1010,14): error TS2339: Property 'parent' does not exist on type '_Section'.
argparse.ts(1011,14): error TS2339: Property 'heading' does not exist on type '_Section'.
argparse.ts(1012,14): error TS2339: Property 'items' does not exist on type '_Section'.
argparse.ts(1017,18): error TS2339: Property 'parent' does not exist on type '_Section'.
argparse.ts(1018,18): error TS2339: Property 'formatter' does not exist on type '_Section'.
argparse.ts(1020,30): error TS2339: Property 'formatter' does not exist on type '_Section'.
argparse.ts(1020,57): error TS2339: Property 'items' does not exist on type '_Section'.
argparse.ts(1020,70): error TS7031: Binding element 'func' implicitly has an 'any' type.
argparse.ts(1020,76): error TS7031: Binding element 'args' implicitly has an 'any' type.
argparse.ts(1021,18): error TS2339: Property 'parent' does not exist on type '_Section'.
argparse.ts(1022,18): error TS2339: Property 'formatter' does not exist on type '_Section'.
argparse.ts(1032,18): error TS2339: Property 'heading' does not exist on type '_Section'.
argparse.ts(1032,47): error TS2339: Property 'heading' does not exist on type '_Section'.
argparse.ts(1033,39): error TS2339: Property 'formatter' does not exist on type '_Section'.
argparse.ts(1034,23): error TS2349: This expression is not callable.
  Type 'Object' has no call signatures.
argparse.ts(1034,64): error TS2339: Property 'heading' does not exist on type '_Section'.
argparse.ts(1040,21): error TS2339: Property 'formatter' does not exist on type '_Section'.
argparse.ts(1045,7): error TS2322: Type 'String' is not assignable to type 'Boolean'.
  The types returned by 'valueOf()' are incompatible between these types.
    Type 'string' is not assignable to type 'boolean'.
argparse.ts(1045,115): error TS2507: Type 'Object' is not a constructor function type.
argparse.ts(1053,16): error TS7006: Parameter 'text' implicitly has an 'any' type.
argparse.ts(1053,22): error TS7006: Parameter 'width' implicitly has an 'any' type.
argparse.ts(1053,29): error TS7006: Parameter 'indent' implicitly has an 'any' type.
argparse.ts(1054,43): error TS7006: Parameter 'line' implicitly has an 'any' type.
argparse.ts(1059,100): error TS2507: Type 'Boolean' is not a constructor function type.
argparse.ts(1067,18): error TS7006: Parameter 'text' implicitly has an 'any' type.
argparse.ts(1073,7): error TS2322: Type 'String' is not assignable to type 'Number'.
argparse.ts(1073,118): error TS2507: Type 'Object' is not a constructor function type.
argparse.ts(1081,22): error TS7006: Parameter 'action' implicitly has an 'any' type.
argparse.ts(1097,7): error TS2322: Type 'String' is not assignable to type 'Boolean'.
argparse.ts(1097,109): error TS2507: Type 'Object' is not a constructor function type.
argparse.ts(1106,39): error TS7006: Parameter 'action' implicitly has an 'any' type.
argparse.ts(1110,41): error TS7006: Parameter 'action' implicitly has an 'any' type.
argparse.ts(1119,51): error TS2314: Generic type 'Promise<T>' requires 1 type argument(s).
argparse.ts(1122,25): error TS2339: Property 'option_strings' does not exist on type 'HTMLElement'.
argparse.ts(1123,25): error TS2339: Property 'option_strings' does not exist on type 'HTMLElement'.
argparse.ts(1124,59): error TS2339: Property 'metavar' does not exist on type 'HTMLElement'.
argparse.ts(1125,25): error TS2339: Property 'metavar' does not exist on type 'HTMLElement'.
argparse.ts(1126,59): error TS2339: Property 'dest' does not exist on type 'HTMLElement'.
argparse.ts(1127,25): error TS2339: Property 'dest' does not exist on type 'HTMLElement'.
argparse.ts(1134,7): error TS2322: Type 'String' is not assignable to type 'Number'.
argparse.ts(1142,17): error TS7006: Parameter 'argument' implicitly has an 'any' type.
argparse.ts(1142,27): error TS7006: Parameter 'message' implicitly has an 'any' type.
argparse.ts(1145,14): error TS2339: Property '_argument_name' does not exist on type 'ArgumentError'.
argparse.ts(1146,14): error TS2551: Property '_message' does not exist on type 'ArgumentError'. Did you mean 'message'?
argparse.ts(1152,18): error TS2339: Property '_argument_name' does not exist on type 'ArgumentError'.
argparse.ts(1157,16): error TS2349: This expression is not callable.
  Type 'Object' has no call signatures.
argparse.ts(1157,44): error TS2551: Property '_message' does not exist on type 'ArgumentError'. Did you mean 'message'?
argparse.ts(1158,50): error TS2339: Property '_argument_name' does not exist on type 'ArgumentError'.
argparse.ts(1168,17): error TS7006: Parameter 'message' implicitly has an 'any' type.
argparse.ts(1178,72): error TS2507: Type 'Object' is not a constructor function type.
argparse.ts(1178,89): error TS2345: Argument of type 'FunctionConstructor' is not assignable to parameter of type 'String'.
  Type 'FunctionConstructor' is missing the following properties from type 'String': charAt, charCodeAt, concat, indexOf, and 43 more.
argparse.ts(1258,14): error TS2339: Property 'option_strings' does not exist on type 'Action'.
argparse.ts(1259,14): error TS2339: Property 'dest' does not exist on type 'Action'.
argparse.ts(1260,14): error TS2339: Property 'nargs' does not exist on type 'Action'.
argparse.ts(1261,14): error TS2339: Property 'const' does not exist on type 'Action'.
argparse.ts(1262,14): error TS2339: Property 'default' does not exist on type 'Action'.
argparse.ts(1263,14): error TS2339: Property 'type' does not exist on type 'Action'.
argparse.ts(1264,14): error TS2339: Property 'choices' does not exist on type 'Action'.
argparse.ts(1265,14): error TS2339: Property 'required' does not exist on type 'Action'.
argparse.ts(1266,14): error TS2339: Property 'help' does not exist on type 'Action'.
argparse.ts(1267,14): error TS2339: Property 'metavar' does not exist on type 'Action'.
argparse.ts(1282,42): error TS2554: Expected 3 arguments, but got 2.
argparse.ts(1286,21): error TS2339: Property 'option_strings' does not exist on type 'Action'.
argparse.ts(1295,7): error TS2322: Type 'String' is not assignable to type 'Number'.
argparse.ts(1295,102): error TS2507: Type 'String' is not a constructor function type.
argparse.ts(1345,10): error TS7006: Parameter 'parser' implicitly has an 'any' type.
argparse.ts(1345,18): error TS7006: Parameter 'namespace' implicitly has an 'any' type.
argparse.ts(1345,29): error TS7006: Parameter 'values' implicitly has an 'any' type.
argparse.ts(1346,18): error TS2339: Property 'option_strings' does not exist on type 'BooleanOptionalAction'.
argparse.ts(1347,37): error TS2339: Property 'dest' does not exist on type 'BooleanOptionalAction'.
argparse.ts(1347,43): error TS2345: Argument of type 'boolean' is not assignable to parameter of type 'String'.
argparse.ts(1347,44): error TS2532: Object is possibly 'undefined'.
argparse.ts(1352,21): error TS2339: Property 'option_strings' does not exist on type 'BooleanOptionalAction'.
argparse.ts(1357,7): error TS2740: Type 'String' is missing the following properties from type 'Function': apply, call, bind, prototype, and 5 more.
argparse.ts(1357,69): error TS2507: Type 'String' is not a constructor function type.
argparse.ts(1390,33): error TS2349: This expression is not callable.
  Type 'Object' has no call signatures.
argparse.ts(1406,10): error TS7006: Parameter 'parser' implicitly has an 'any' type.
argparse.ts(1406,18): error TS7006: Parameter 'namespace' implicitly has an 'any' type.
argparse.ts(1406,29): error TS7006: Parameter 'values' implicitly has an 'any' type.
argparse.ts(1407,33): error TS2339: Property 'dest' does not exist on type '_StoreAction'.
argparse.ts(1412,7): error TS2322: Type 'String' is not assignable to type 'Function'.
argparse.ts(1412,79): error TS2507: Type 'String' is not a constructor function type.
argparse.ts(1444,10): error TS7006: Parameter 'parser' implicitly has an 'any' type.
argparse.ts(1444,18): error TS7006: Parameter 'namespace' implicitly has an 'any' type.
argparse.ts(1445,33): error TS2339: Property 'dest' does not exist on type '_StoreConstAction'.
argparse.ts(1445,44): error TS2339: Property 'const' does not exist on type '_StoreConstAction'.
argparse.ts(1450,7): error TS2322: Type 'String' is not assignable to type 'Function'.
argparse.ts(1450,77): error TS2507: Type 'Function' is not a constructor function type.
argparse.ts(1479,7): error TS2322: Type 'String' is not assignable to type 'Function'.
argparse.ts(1479,79): error TS2507: Type 'Function' is not a constructor function type.
argparse.ts(1508,7): error TS2322: Type 'String' is not assignable to type 'Function'.
argparse.ts(1508,71): error TS2507: Type 'String' is not a constructor function type.
argparse.ts(1541,33): error TS2349: This expression is not callable.
  Type 'Object' has no call signatures.
argparse.ts(1557,10): error TS7006: Parameter 'parser' implicitly has an 'any' type.
argparse.ts(1557,18): error TS7006: Parameter 'namespace' implicitly has an 'any' type.
argparse.ts(1557,29): error TS7006: Parameter 'values' implicitly has an 'any' type.
argparse.ts(1558,45): error TS2339: Property 'dest' does not exist on type '_AppendAction'.
argparse.ts(1558,51): error TS2345: Argument of type 'undefined' is not assignable to parameter of type 'String'.
argparse.ts(1560,15): error TS2339: Property 'push' does not exist on type 'String'.
argparse.ts(1561,33): error TS2339: Property 'dest' does not exist on type '_AppendAction'.
argparse.ts(1566,7): error TS2322: Type 'String' is not assignable to type 'Function'.
argparse.ts(1566,81): error TS2507: Type 'String' is not a constructor function type.
argparse.ts(1599,10): error TS7006: Parameter 'parser' implicitly has an 'any' type.
argparse.ts(1599,18): error TS7006: Parameter 'namespace' implicitly has an 'any' type.
argparse.ts(1600,45): error TS2339: Property 'dest' does not exist on type '_AppendConstAction'.
argparse.ts(1600,51): error TS2345: Argument of type 'undefined' is not assignable to parameter of type 'String'.
argparse.ts(1602,15): error TS2339: Property 'push' does not exist on type 'String'.
argparse.ts(1602,25): error TS2339: Property 'const' does not exist on type '_AppendConstAction'.
argparse.ts(1603,33): error TS2339: Property 'dest' does not exist on type '_AppendConstAction'.
argparse.ts(1608,7): error TS2322: Type 'String' is not assignable to type 'Function'.
argparse.ts(1608,69): error TS2507: Type 'String' is not a constructor function type.
argparse.ts(1635,10): error TS7006: Parameter 'parser' implicitly has an 'any' type.
argparse.ts(1635,18): error TS7006: Parameter 'namespace' implicitly has an 'any' type.
argparse.ts(1636,45): error TS2339: Property 'dest' does not exist on type '_CountAction'.
argparse.ts(1636,51): error TS2345: Argument of type 'undefined' is not assignable to parameter of type 'String'.
argparse.ts(1638,13): error TS2322: Type 'number' is not assignable to type 'String'.
argparse.ts(1640,33): error TS2339: Property 'dest' does not exist on type '_CountAction'.
argparse.ts(1640,39): error TS2365: Operator '+' cannot be applied to types 'String' and 'number'.
argparse.ts(1645,7): error TS2322: Type 'String' is not assignable to type 'Function'.
argparse.ts(1645,67): error TS2507: Type 'String' is not a constructor function type.
argparse.ts(1669,10): error TS7006: Parameter 'parser' implicitly has an 'any' type.
argparse.ts(1676,7): error TS2322: Type 'String' is not assignable to type 'Function'.
argparse.ts(1676,73): error TS2507: Type 'String' is not a constructor function type.
argparse.ts(1700,14): error TS2339: Property 'version' does not exist on type '_VersionAction'.
argparse.ts(1703,10): error TS7006: Parameter 'parser' implicitly has an 'any' type.
argparse.ts(1704,28): error TS2339: Property 'version' does not exist on type '_VersionAction'.
argparse.ts(1716,94): error TS2507: Type 'String' is not a constructor function type.
argparse.ts(1749,14): error TS2339: Property '_prog_prefix' does not exist on type '_SubParsersAction'.
argparse.ts(1750,14): error TS2339: Property '_parser_class' does not exist on type '_SubParsersAction'.
argparse.ts(1751,14): error TS2339: Property '_name_parser_map' does not exist on type '_SubParsersAction'.
argparse.ts(1752,14): error TS2339: Property '_choices_actions' does not exist on type '_SubParsersAction'.
argparse.ts(1766,27): error TS2349: This expression is not callable.
  Type 'Object' has no call signatures.
argparse.ts(1766,45): error TS2339: Property '_prog_prefix' does not exist on type '_SubParsersAction'.
argparse.ts(1769,50): error TS2345: Argument of type 'never[]' is not assignable to parameter of type 'String'.
  Type 'never[]' is missing the following properties from type 'String': charAt, charCodeAt, localeCompare, match, and 36 more.
argparse.ts(1776,38): error TS2339: Property '_ChoicesPseudoAction' does not exist on type '_SubParsersAction'.
argparse.ts(1777,18): error TS2339: Property '_choices_actions' does not exist on type '_SubParsersAction'.
argparse.ts(1781,31): error TS2339: Property '_parser_class' does not exist on type '_SubParsersAction'.
argparse.ts(1782,14): error TS2339: Property '_name_parser_map' does not exist on type '_SubParsersAction'.
argparse.ts(1786,18): error TS2339: Property '_name_parser_map' does not exist on type '_SubParsersAction'.
argparse.ts(1793,21): error TS2339: Property '_choices_actions' does not exist on type '_SubParsersAction'.
argparse.ts(1796,10): error TS7006: Parameter 'parser' implicitly has an 'any' type.
argparse.ts(1796,18): error TS7006: Parameter 'namespace' implicitly has an 'any' type.
argparse.ts(1796,29): error TS7006: Parameter 'values' implicitly has an 'any' type.
argparse.ts(1801,18): error TS2339: Property 'dest' does not exist on type '_SubParsersAction'.
argparse.ts(1802,37): error TS2339: Property 'dest' does not exist on type '_SubParsersAction'.
argparse.ts(1806,26): error TS2339: Property '_name_parser_map' does not exist on type '_SubParsersAction'.
argparse.ts(1807,27): error TS2339: Property '_name_parser_map' does not exist on type '_SubParsersAction'.
argparse.ts(1810,39): error TS2339: Property '_name_parser_map' does not exist on type '_SubParsersAction'.
argparse.ts(1811,23): error TS2349: This expression is not callable.
  Type 'Object' has no call signatures.
argparse.ts(1812,23): error TS2351: This expression is not constructable.
  Type 'Number' has no construct signatures.
argparse.ts(1825,37): error TS2345: Argument of type 'unknown' is not assignable to parameter of type 'String'.
argparse.ts(1829,60): error TS2345: Argument of type 'never[]' is not assignable to parameter of type 'String'.
argparse.ts(1830,13): error TS2554: Expected 3 arguments, but got 2.
argparse.ts(1830,57): error TS2339: Property 'push' does not exist on type 'String'.
argparse.ts(1836,19): error TS2339: Property 'prototype' does not exist on type 'Object'.
argparse.ts(1836,97): error TS2507: Type 'String' is not a constructor function type.
argparse.ts(1837,17): error TS7006: Parameter 'name' implicitly has an 'any' type.
argparse.ts(1837,23): error TS7006: Parameter 'aliases' implicitly has an 'any' type.
argparse.ts(1837,32): error TS7006: Parameter 'help' implicitly has an 'any' type.
argparse.ts(1840,24): error TS2349: This expression is not callable.
  Type 'Object' has no call signatures.
argparse.ts(1847,7): error TS2322: Type 'String' is not assignable to type 'Function'.
argparse.ts(1847,71): error TS2507: Type 'Function' is not a constructor function type.
argparse.ts(1848,10): error TS7006: Parameter 'parser' implicitly has an 'any' type.
argparse.ts(1848,18): error TS7006: Parameter 'namespace' implicitly has an 'any' type.
argparse.ts(1848,29): error TS7006: Parameter 'values' implicitly has an 'any' type.
argparse.ts(1849,45): error TS2339: Property 'dest' does not exist on type '_ExtendAction'.
argparse.ts(1849,51): error TS2345: Argument of type 'undefined' is not assignable to parameter of type 'String'.
argparse.ts(1852,33): error TS2339: Property 'dest' does not exist on type '_ExtendAction'.
argparse.ts(1906,24): error TS2349: This expression is not callable.
  Type 'Object' has no call signatures.
argparse.ts(1909,14): error TS2339: Property '_flags' does not exist on type 'FileType'.
argparse.ts(1910,14): error TS2339: Property '_options' does not exist on type 'FileType'.
argparse.ts(1911,42): error TS2339: Property '_options' does not exist on type 'FileType'.
argparse.ts(1912,38): error TS2339: Property '_options' does not exist on type 'FileType'.
argparse.ts(1913,43): error TS2339: Property '_options' does not exist on type 'FileType'.
argparse.ts(1914,43): error TS2339: Property '_options' does not exist on type 'FileType'.
argparse.ts(1915,39): error TS2339: Property '_options' does not exist on type 'FileType'.
argparse.ts(1916,37): error TS2339: Property '_options' does not exist on type 'FileType'.
argparse.ts(1917,47): error TS2339: Property '_options' does not exist on type 'FileType'.
argparse.ts(1918,36): error TS2339: Property '_options' does not exist on type 'FileType'.
argparse.ts(1921,10): error TS7006: Parameter 'string' implicitly has an 'any' type.
argparse.ts(1924,22): error TS2339: Property '_flags' does not exist on type 'FileType'.
argparse.ts(1926,29): error TS2339: Property '_flags' does not exist on type 'FileType'.
argparse.ts(1929,27): error TS2349: This expression is not callable.
  Type 'Object' has no call signatures.
argparse.ts(1929,65): error TS2339: Property '_flags' does not exist on type 'FileType'.
argparse.ts(1937,21): error TS2339: Property 'openSync' does not exist on type 'String'.
argparse.ts(1937,43): error TS2339: Property '_flags' does not exist on type 'FileType'.
argparse.ts(1937,56): error TS2339: Property '_options' does not exist on type 'FileType'.
argparse.ts(1939,51): error TS2571: Object is of type 'unknown'.
argparse.ts(1941,23): error TS2351: This expression is not constructable.
  Type 'String' has no construct signatures.
argparse.ts(1941,41): error TS2349: This expression is not callable.
  Type 'Object' has no call signatures.
argparse.ts(1944,55): error TS2339: Property '_flags' does not exist on type 'FileType'.
argparse.ts(1944,70): error TS2339: Property '_options' does not exist on type 'FileType'.
argparse.ts(1945,18): error TS2339: Property '_flags' does not exist on type 'FileType'.
argparse.ts(1946,23): error TS2339: Property 'createReadStream' does not exist on type 'String'.
argparse.ts(1947,25): error TS2339: Property '_flags' does not exist on type 'FileType'.
argparse.ts(1948,23): error TS2339: Property 'createWriteStream' does not exist on type 'String'.
argparse.ts(1950,23): error TS2349: This expression is not callable.
  Type 'Object' has no call signatures.
argparse.ts(1950,70): error TS2339: Property '_flags' does not exist on type 'FileType'.
argparse.ts(1955,11): error TS2339: Property 'inspect' does not exist on type 'String'.
argparse.ts(1956,27): error TS2339: Property '_flags' does not exist on type 'FileType'.
argparse.ts(1957,42): error TS2339: Property '_options' does not exist on type 'FileType'.
argparse.ts(1958,53): error TS2339: Property 'inspect' does not exist on type 'String'.
argparse.ts(1958,87): error TS2571: Object is of type 'unknown'.
argparse.ts(1963,25): error TS2769: No overload matches this call.
  Overload 1 of 2, '(...items: ConcatArray<never>[]): never[]', gave the following error.
    Argument of type 'any[]' is not assignable to parameter of type 'ConcatArray<never>'.
      The types returned by 'slice(...)' are incompatible between these types.
        Type 'any[]' is not assignable to type 'never[]'.
          Type 'any' is not assignable to type 'never'.
  Overload 2 of 2, '(...items: ConcatArray<never>[]): never[]', gave the following error.
    Argument of type 'any[]' is not assignable to parameter of type 'ConcatArray<never>'.
argparse.ts(1964,41): error TS2349: This expression is not callable.
  Type 'Object' has no call signatures.
argparse.ts(1966,16): error TS2349: This expression is not callable.
  Type 'Object' has no call signatures.
argparse.ts(1970,16): error TS7053: Element implicitly has an 'any' type because expression of type 'any' can't be used to index type 'FileType'.
argparse.ts(1970,26): error TS2339: Property 'inspect' does not exist on type 'String'.
argparse.ts(1977,61): error TS2507: Type 'Object' is not a constructor function type.
argparse.ts(1992,11): error TS2339: Property 'prototype' does not exist on type 'Object'.
argparse.ts(1995,7): error TS2322: Type 'String' is not assignable to type 'Function'.
argparse.ts(2010,14): error TS2339: Property 'description' does not exist on type '_ActionsContainer'.
argparse.ts(2011,14): error TS2339: Property 'argument_default' does not exist on type '_ActionsContainer'.
argparse.ts(2012,14): error TS2339: Property 'prefix_chars' does not exist on type '_ActionsContainer'.
argparse.ts(2013,14): error TS2339: Property 'conflict_handler' does not exist on type '_ActionsContainer'.
argparse.ts(2016,14): error TS2339: Property '_registries' does not exist on type '_ActionsContainer'.
argparse.ts(2034,52): error TS2339: Property 'deprecate' does not exist on type 'String'.
argparse.ts(2035,17): error TS2349: This expression is not callable.
  Type 'Object' has no call signatures.
argparse.ts(2043,14): error TS2339: Property '_actions' does not exist on type '_ActionsContainer'.
argparse.ts(2044,14): error TS2339: Property '_option_string_actions' does not exist on type '_ActionsContainer'.
argparse.ts(2047,14): error TS2339: Property '_action_groups' does not exist on type '_ActionsContainer'.
argparse.ts(2048,14): error TS2551: Property '_mutually_exclusive_groups' does not exist on type '_ActionsContainer'. Did you mean 'add_mutually_exclusive_group'?
argparse.ts(2051,14): error TS2339: Property '_defaults' does not exist on type '_ActionsContainer'.
argparse.ts(2054,14): error TS2339: Property '_negative_number_matcher' does not exist on type '_ActionsContainer'.
argparse.ts(2058,14): error TS2339: Property '_has_negative_number_optionals' does not exist on type '_ActionsContainer'.
argparse.ts(2064,14): error TS7006: Parameter 'registry_name' implicitly has an 'any' type.
argparse.ts(2064,29): error TS7006: Parameter 'value' implicitly has an 'any' type.
argparse.ts(2064,36): error TS7006: Parameter 'object' implicitly has an 'any' type.
argparse.ts(2065,40): error TS2339: Property '_registries' does not exist on type '_ActionsContainer'.
argparse.ts(2065,68): error TS2345: Argument of type '{}' is not assignable to parameter of type 'String'.
  Type '{}' is missing the following properties from type 'String': charAt, charCodeAt, concat, indexOf, and 44 more.
argparse.ts(2066,9): error TS2542: Index signature in type 'String' only permits reading.
argparse.ts(2069,19): error TS7006: Parameter 'registry_name' implicitly has an 'any' type.
argparse.ts(2069,34): error TS7006: Parameter 'value' implicitly has an 'any' type.
argparse.ts(2070,29): error TS2339: Property '_registries' does not exist on type '_ActionsContainer'.
argparse.ts(2070,64): error TS2345: Argument of type 'undefined' is not assignable to parameter of type 'String'.
argparse.ts(2076,18): error TS7006: Parameter 'kwargs' implicitly has an 'any' type.
argparse.ts(2077,28): error TS2339: Property '_defaults' does not exist on type '_ActionsContainer'.
argparse.ts(2081,33): error TS2339: Property '_actions' does not exist on type '_ActionsContainer'.
argparse.ts(2088,17): error TS7006: Parameter 'dest' implicitly has an 'any' type.
argparse.ts(2089,33): error TS2339: Property '_actions' does not exist on type '_ActionsContainer'.
argparse.ts(2094,21): error TS2339: Property '_defaults' does not exist on type '_ActionsContainer'.
argparse.ts(2117,17): error TS2349: This expression is not callable.
  Type 'Object' has no call signatures.
argparse.ts(2126,26): error TS2339: Property 'prefix_chars' does not exist on type '_ActionsContainer'.
argparse.ts(2131,50): error TS2556: A spread argument must either have a tuple type or be passed to a rest parameter.
argparse.ts(2135,48): error TS2556: A spread argument must either have a tuple type or be passed to a rest parameter.
argparse.ts(2141,30): error TS2339: Property '_defaults' does not exist on type '_ActionsContainer'.
argparse.ts(2142,39): error TS2339: Property '_defaults' does not exist on type '_ActionsContainer'.
argparse.ts(2143,29): error TS2339: Property 'argument_default' does not exist on type '_ActionsContainer'.
argparse.ts(2144,39): error TS2339: Property 'argument_default' does not exist on type '_ActionsContainer'.
argparse.ts(2151,33): error TS2349: This expression is not callable.
  Type 'Object' has no call signatures.
argparse.ts(2154,26): error TS2351: This expression is not constructable.
  Type 'never' has no construct signatures.
argparse.ts(2159,33): error TS2349: This expression is not callable.
  Type 'Object' has no call signatures.
argparse.ts(2163,33): error TS2349: This expression is not callable.
  Type 'Object' has no call signatures.
argparse.ts(2170,22): error TS2339: Property '_get_formatter' does not exist on type 'never'.
argparse.ts(2186,14): error TS2339: Property '_action_groups' does not exist on type '_ActionsContainer'.
argparse.ts(2193,14): error TS2551: Property '_mutually_exclusive_groups' does not exist on type '_ActionsContainer'. Did you mean 'add_mutually_exclusive_group'?
argparse.ts(2197,17): error TS7006: Parameter 'action' implicitly has an 'any' type.
argparse.ts(2202,14): error TS2339: Property '_actions' does not exist on type '_ActionsContainer'.
argparse.ts(2207,18): error TS2339: Property '_option_string_actions' does not exist on type '_ActionsContainer'.
argparse.ts(2212,22): error TS2339: Property '_negative_number_matcher' does not exist on type '_ActionsContainer'.
argparse.ts(2213,27): error TS2339: Property '_has_negative_number_optionals' does not exist on type '_ActionsContainer'.
argparse.ts(2214,26): error TS2339: Property '_has_negative_number_optionals' does not exist on type '_ActionsContainer'.
argparse.ts(2223,20): error TS7006: Parameter 'action' implicitly has an 'any' type.
argparse.ts(2224,28): error TS2339: Property '_actions' does not exist on type '_ActionsContainer'.
argparse.ts(2227,28): error TS7006: Parameter 'container' implicitly has an 'any' type.
argparse.ts(2230,32): error TS2339: Property '_action_groups' does not exist on type '_ActionsContainer'.
argparse.ts(2233,37): error TS2349: This expression is not callable.
  Type 'Object' has no call signatures.
argparse.ts(2235,13): error TS7053: Element implicitly has an 'any' type because expression of type 'any' can't be used to index type '{}'.
argparse.ts(2245,17): error TS7053: Element implicitly has an 'any' type because expression of type 'any' can't be used to index type '{}'.
argparse.ts(2245,72): error TS2554: Expected 0 arguments, but got 1.
argparse.ts(2254,39): error TS7053: Element implicitly has an 'any' type because expression of type 'any' can't be used to index type '{}'.
argparse.ts(2262,65): error TS2554: Expected 0 arguments, but got 1.
argparse.ts(2321,23): error TS2339: Property 'prefix_chars' does not exist on type '_ActionsContainer'.
argparse.ts(2323,48): error TS2339: Property 'prefix_chars' does not exist on type '_ActionsContainer'.
argparse.ts(2326,37): error TS2349: This expression is not callable.
  Type 'Object' has no call signatures.
argparse.ts(2331,50): error TS2339: Property 'prefix_chars' does not exist on type '_ActionsContainer'.
argparse.ts(2346,60): error TS2339: Property 'prefix_chars' does not exist on type '_ActionsContainer'.
argparse.ts(2349,37): error TS2349: This expression is not callable.
  Type 'Object' has no call signatures.
argparse.ts(2358,23): error TS7006: Parameter 'kwargs' implicitly has an 'any' type.
argparse.ts(2359,48): error TS2345: Argument of type 'undefined' is not assignable to parameter of type 'String'.
argparse.ts(2361,53): error TS2345: Argument of type 'String' is not assignable to parameter of type 'undefined'.
argparse.ts(2366,33): error TS2349: This expression is not callable.
  Type 'Object' has no call signatures.
argparse.ts(2366,65): error TS2339: Property 'conflict_handler' does not exist on type '_ActionsContainer'.
argparse.ts(2367,20): error TS7053: Element implicitly has an 'any' type because expression of type 'any' can't be used to index type '_ActionsContainer'.
argparse.ts(2368,20): error TS7053: Element implicitly has an 'any' type because expression of type 'any' can't be used to index type '_ActionsContainer'.
argparse.ts(2371,33): error TS2349: This expression is not callable.
  Type 'Object' has no call signatures.
argparse.ts(2371,47): error TS2339: Property 'conflict_handler' does not exist on type '_ActionsContainer'.
argparse.ts(2375,21): error TS7006: Parameter 'action' implicitly has an 'any' type.
argparse.ts(2380,30): error TS2339: Property '_option_string_actions' does not exist on type '_ActionsContainer'.
argparse.ts(2381,43): error TS2339: Property '_option_string_actions' does not exist on type '_ActionsContainer'.
argparse.ts(2393,28): error TS7006: Parameter 'action' implicitly has an 'any' type.
argparse.ts(2393,36): error TS7006: Parameter 'conflicting_actions' implicitly has an 'any' type.
argparse.ts(2397,58): error TS7031: Binding element 'option_string' implicitly has an 'any' type.
argparse.ts(2398,19): error TS2351: This expression is not constructable.
  Type 'Number' has no construct signatures.
argparse.ts(2398,41): error TS2349: This expression is not callable.
  Type 'Object' has no call signatures.
argparse.ts(2401,30): error TS7006: Parameter 'action' implicitly has an 'any' type.
argparse.ts(2401,38): error TS7006: Parameter 'conflicting_actions' implicitly has an 'any' type.
argparse.ts(2408,25): error TS2339: Property '_option_string_actions' does not exist on type '_ActionsContainer'.
argparse.ts(2420,7): error TS2322: Type 'String' is not assignable to type 'Function'.
argparse.ts(2420,73): error TS2507: Type 'Function' is not a constructor function type.
argparse.ts(2442,14): error TS2339: Property 'title' does not exist on type '_ArgumentGroup'.
argparse.ts(2443,14): error TS2339: Property '_group_actions' does not exist on type '_ArgumentGroup'.
argparse.ts(2446,14): error TS2339: Property '_registries' does not exist on type '_ArgumentGroup'.
argparse.ts(2447,14): error TS2339: Property '_actions' does not exist on type '_ArgumentGroup'.
argparse.ts(2448,14): error TS2339: Property '_option_string_actions' does not exist on type '_ArgumentGroup'.
argparse.ts(2449,14): error TS2339: Property '_defaults' does not exist on type '_ArgumentGroup'.
argparse.ts(2450,14): error TS2339: Property '_has_negative_number_optionals' does not exist on type '_ArgumentGroup'.
argparse.ts(2452,14): error TS2339: Property '_mutually_exclusive_groups' does not exist on type '_ArgumentGroup'.
argparse.ts(2455,17): error TS7006: Parameter 'action' implicitly has an 'any' type.
argparse.ts(2457,14): error TS2339: Property '_group_actions' does not exist on type '_ArgumentGroup'.
argparse.ts(2461,20): error TS7006: Parameter 'action' implicitly has an 'any' type.
argparse.ts(2463,28): error TS2339: Property '_group_actions' does not exist on type '_ArgumentGroup'.
argparse.ts(2468,7): error TS2322: Type 'String' is not assignable to type 'Function'.
argparse.ts(2468,91): error TS2507: Type 'Function' is not a constructor function type.
argparse.ts(2480,14): error TS2339: Property 'required' does not exist on type '_MutuallyExclusiveGroup'.
argparse.ts(2481,14): error TS2339: Property '_container' does not exist on type '_MutuallyExclusiveGroup'.
argparse.ts(2484,17): error TS7006: Parameter 'action' implicitly has an 'any' type.
argparse.ts(2489,23): error TS2339: Property '_container' does not exist on type '_MutuallyExclusiveGroup'.
argparse.ts(2490,14): error TS2339: Property '_group_actions' does not exist on type '_MutuallyExclusiveGroup'.
argparse.ts(2494,20): error TS7006: Parameter 'action' implicitly has an 'any' type.
argparse.ts(2495,14): error TS2339: Property '_container' does not exist on type '_MutuallyExclusiveGroup'.
argparse.ts(2496,28): error TS2339: Property '_group_actions' does not exist on type '_MutuallyExclusiveGroup'.
argparse.ts(2501,7): error TS2322: Type 'String' is not assignable to type 'Number'.
argparse.ts(2501,88): error TS2507: Type 'Object' is not a constructor function type.
argparse.ts(2501,105): error TS2345: Argument of type 'Function' is not assignable to parameter of type 'String'.
  Type 'Function' is missing the following properties from type 'String': charAt, charCodeAt, concat, indexOf, and 43 more.
argparse.ts(2583,25): error TS2339: Property 'basename' does not exist on type 'String'.
argparse.ts(2586,14): error TS2339: Property 'prog' does not exist on type 'ArgumentParser'.
argparse.ts(2587,14): error TS2339: Property 'usage' does not exist on type 'ArgumentParser'.
argparse.ts(2588,14): error TS2339: Property 'epilog' does not exist on type 'ArgumentParser'.
argparse.ts(2589,14): error TS2339: Property 'formatter_class' does not exist on type 'ArgumentParser'.
argparse.ts(2590,14): error TS2339: Property 'fromfile_prefix_chars' does not exist on type 'ArgumentParser'.
argparse.ts(2591,14): error TS2339: Property 'add_help' does not exist on type 'ArgumentParser'.
argparse.ts(2592,14): error TS2339: Property 'allow_abbrev' does not exist on type 'ArgumentParser'.
argparse.ts(2593,14): error TS2339: Property 'exit_on_error' does not exist on type 'ArgumentParser'.
argparse.ts(2595,14): error TS2339: Property 'debug' does not exist on type 'ArgumentParser'.
argparse.ts(2598,14): error TS2339: Property '_positionals' does not exist on type 'ArgumentParser'.
argparse.ts(2598,34): error TS2339: Property 'add_argument_group' does not exist on type 'ArgumentParser'.
argparse.ts(2599,14): error TS2339: Property '_optionals' does not exist on type 'ArgumentParser'.
argparse.ts(2599,32): error TS2339: Property 'add_argument_group' does not exist on type 'ArgumentParser'.
argparse.ts(2600,14): error TS2339: Property '_subparsers' does not exist on type 'ArgumentParser'.
argparse.ts(2603,27): error TS7006: Parameter 'string' implicitly has an 'any' type.
argparse.ts(2606,14): error TS2339: Property 'register' does not exist on type 'ArgumentParser'.
argparse.ts(2607,14): error TS2339: Property 'register' does not exist on type 'ArgumentParser'.
argparse.ts(2608,14): error TS2339: Property 'register' does not exist on type 'ArgumentParser'.
argparse.ts(2609,14): error TS2339: Property 'register' does not exist on type 'ArgumentParser'.
argparse.ts(2609,48): error TS7006: Parameter 'x' implicitly has an 'any' type.
argparse.ts(2612,37): error TS2349: This expression is not callable.
  Type 'Object' has no call signatures.
argparse.ts(2616,14): error TS2339: Property 'register' does not exist on type 'ArgumentParser'.
argparse.ts(2616,50): error TS7006: Parameter 'x' implicitly has an 'any' type.
argparse.ts(2619,37): error TS2349: This expression is not callable.
  Type 'Object' has no call signatures.
argparse.ts(2623,14): error TS2339: Property 'register' does not exist on type 'ArgumentParser'.
argparse.ts(2625,14): error TS2339: Property 'register' does not exist on type 'ArgumentParser'.
argparse.ts(2626,18): error TS2339: Property 'deprecate' does not exist on type 'String'.
argparse.ts(2632,18): error TS2339: Property 'add_help' does not exist on type 'ArgumentParser'.
argparse.ts(2633,18): error TS2339: Property 'add_argument' does not exist on type 'ArgumentParser'.
argparse.ts(2645,18): error TS2339: Property 'add_argument' does not exist on type 'ArgumentParser'.
argparse.ts(2651,35): error TS2339: Property 'version' does not exist on type 'ArgumentParser'.
argparse.ts(2660,18): error TS2339: Property '_add_container_actions' does not exist on type 'ArgumentParser'.
argparse.ts(2661,32): error TS2339: Property '_defaults' does not exist on type 'ArgumentParser'.
argparse.ts(2677,42): error TS2554: Expected 3 arguments, but got 2.
argparse.ts(2690,18): error TS2339: Property '_subparsers' does not exist on type 'ArgumentParser'.
argparse.ts(2695,44): error TS2345: Argument of type 'Function' is not assignable to parameter of type 'String'.
argparse.ts(2699,62): error TS2345: Argument of type 'undefined' is not assignable to parameter of type 'String'.
argparse.ts(2702,18): error TS2339: Property '_subparsers' does not exist on type 'ArgumentParser'.
argparse.ts(2702,37): error TS2339: Property 'add_argument_group' does not exist on type 'ArgumentParser'.
argparse.ts(2704,18): error TS2339: Property '_subparsers' does not exist on type 'ArgumentParser'.
argparse.ts(2704,37): error TS2339: Property '_positionals' does not exist on type 'ArgumentParser'.
argparse.ts(2712,31): error TS2339: Property '_mutually_exclusive_groups' does not exist on type 'ArgumentParser'.
argparse.ts(2713,38): error TS2339: Property 'usage' does not exist on type 'ArgumentParser'.
argparse.ts(2718,34): error TS2339: Property '_pop_action_class' does not exist on type 'ArgumentParser'.
argparse.ts(2721,14): error TS2339: Property '_subparsers' does not exist on type 'ArgumentParser'.
argparse.ts(2727,17): error TS7006: Parameter 'action' implicitly has an 'any' type.
argparse.ts(2729,18): error TS2339: Property '_optionals' does not exist on type 'ArgumentParser'.
argparse.ts(2731,18): error TS2339: Property '_positionals' does not exist on type 'ArgumentParser'.
argparse.ts(2737,21): error TS2339: Property '_actions' does not exist on type 'ArgumentParser'.
argparse.ts(2737,37): error TS7006: Parameter 'action' implicitly has an 'any' type.
argparse.ts(2741,21): error TS2339: Property '_actions' does not exist on type 'ArgumentParser'.
argparse.ts(2741,37): error TS7006: Parameter 'action' implicitly has an 'any' type.
argparse.ts(2750,26): error TS2339: Property 'length' does not exist on type 'never'.
argparse.ts(2752,24): error TS2349: This expression is not callable.
  Type 'Object' has no call signatures.
argparse.ts(2752,38): error TS2339: Property 'join' does not exist on type 'never'.
argparse.ts(2764,29): error TS2351: This expression is not constructable.
  Type 'Object' has no construct signatures.
argparse.ts(2768,33): error TS2339: Property '_actions' does not exist on type 'ArgumentParser'.
argparse.ts(2770,30): error TS2345: Argument of type 'undefined' is not assignable to parameter of type 'Object'.
argparse.ts(2772,33): error TS2345: Argument of type 'undefined' is not assignable to parameter of type 'Object'.
argparse.ts(2779,43): error TS2339: Property '_defaults' does not exist on type 'ArgumentParser'.
argparse.ts(2780,26): error TS2345: Argument of type 'undefined' is not assignable to parameter of type 'Object'.
argparse.ts(2781,25): error TS2345: Argument of type 'undefined' is not assignable to parameter of type 'Object'.
argparse.ts(2781,47): error TS2339: Property '_defaults' does not exist on type 'ArgumentParser'.
argparse.ts(2786,18): error TS2339: Property 'exit_on_error' does not exist on type 'ArgumentParser'.
argparse.ts(2790,36): error TS2359: The right-hand side of an 'instanceof' expression must be of type 'any' or of a type assignable to the 'Function' interface type.
argparse.ts(2791,32): error TS2571: Object is of type 'unknown'.
argparse.ts(2800,21): error TS2345: Argument of type 'undefined' is not assignable to parameter of type 'Object'.
argparse.ts(2801,20): error TS2532: Object is possibly 'undefined'.
argparse.ts(2801,32): error TS2554: Expected 3 arguments, but got 2.
argparse.ts(2802,21): error TS2345: Argument of type 'undefined' is not assignable to parameter of type 'Object'.
argparse.ts(2808,23): error TS7006: Parameter 'arg_strings' implicitly has an 'any' type.
argparse.ts(2808,36): error TS7006: Parameter 'namespace' implicitly has an 'any' type.
argparse.ts(2810,18): error TS2339: Property 'fromfile_prefix_chars' does not exist on type 'ArgumentParser'.
argparse.ts(2817,38): error TS2339: Property '_mutually_exclusive_groups' does not exist on type 'ArgumentParser'.
argparse.ts(2850,21): error TS7053: Element implicitly has an 'any' type because expression of type 'string' can't be used to index type '{}'.
  No index signature with a parameter of type 'string' was found on type '{}'.
argparse.ts(2863,13): error TS7034: Variable 'extras' implicitly has type 'any[]' in some locations where its type cannot be determined.
argparse.ts(2865,28): error TS7006: Parameter 'action' implicitly has an 'any' type.
argparse.ts(2865,36): error TS7006: Parameter 'argument_strings' implicitly has an 'any' type.
argparse.ts(2878,35): error TS2351: This expression is not constructable.
  Type 'Number' has no construct signatures.
argparse.ts(2878,57): error TS2349: This expression is not callable.
  Type 'Object' has no call signatures.
argparse.ts(2891,32): error TS7006: Parameter 'start_index' implicitly has an 'any' type.
argparse.ts(2894,32): error TS7053: Element implicitly has an 'any' type because expression of type 'any' can't be used to index type '{}'.
argparse.ts(2917,38): error TS2339: Property 'prefix_chars' does not exist on type 'ArgumentParser'.
argparse.ts(2923,50): error TS2339: Property '_option_string_actions' does not exist on type 'ArgumentParser'.
argparse.ts(2929,39): error TS2351: This expression is not constructable.
  Type 'Number' has no construct signatures.
argparse.ts(2929,61): error TS2349: This expression is not callable.
  Type 'Object' has no call signatures.
argparse.ts(2944,35): error TS2351: This expression is not constructable.
  Type 'Number' has no construct signatures.
argparse.ts(2944,57): error TS2349: This expression is not callable.
  Type 'Object' has no call signatures.
argparse.ts(2963,13): error TS2349: This expression is not callable.
  Type 'String' has no call signatures.
argparse.ts(2975,35): error TS7006: Parameter 'start_index' implicitly has an 'any' type.
argparse.ts(3025,26): error TS7005: Variable 'extras' implicitly has an 'any[]' type.
argparse.ts(3042,33): error TS2339: Property '_actions' does not exist on type 'ArgumentParser'.
argparse.ts(3054,44): error TS2554: Expected 3 arguments, but got 2.
argparse.ts(3063,24): error TS2349: This expression is not callable.
  Type 'Object' has no call signatures.
argparse.ts(3068,32): error TS2339: Property '_mutually_exclusive_groups' does not exist on type 'ArgumentParser'.
argparse.ts(3081,33): error TS7006: Parameter 'action' implicitly has an 'any' type.
argparse.ts(3082,30): error TS7006: Parameter 'action' implicitly has an 'any' type.
argparse.ts(3084,32): error TS2349: This expression is not callable.
  Type 'Object' has no call signatures.
argparse.ts(3093,5): error TS7023: '_read_args_from_files' implicitly has return type 'any' because it does not have a return type annotation and is referenced directly or indirectly in one of its return expressions.
argparse.ts(3093,27): error TS7006: Parameter 'arg_strings' implicitly has an 'any' type.
argparse.ts(3095,13): error TS7034: Variable 'new_arg_strings' implicitly has type 'any[]' in some locations where its type cannot be determined.
argparse.ts(3099,38): error TS2339: Property 'fromfile_prefix_chars' does not exist on type 'ArgumentParser'.
argparse.ts(3105,40): error TS2339: Property 'readFileSync' does not exist on type 'String'.
argparse.ts(3113,39): error TS7005: Variable 'new_arg_strings' implicitly has an 'any[]' type.
argparse.ts(3115,32): error TS2571: Object is of type 'unknown'.
argparse.ts(3124,30): error TS7006: Parameter 'arg_line' implicitly has an 'any' type.
argparse.ts(3128,21): error TS7006: Parameter 'action' implicitly has an 'any' type.
argparse.ts(3128,29): error TS7006: Parameter 'arg_strings_pattern' implicitly has an 'any' type.
argparse.ts(3137,17): error TS2464: A computed property name must be of type 'string', 'number', 'symbol', or 'any'.
argparse.ts(3138,17): error TS2464: A computed property name must be of type 'string', 'number', 'symbol', or 'any'.
argparse.ts(3140,23): error TS7053: Element implicitly has an 'any' type because expression of type 'any' can't be used to index type '{ undefined: string; }'.
argparse.ts(3142,23): error TS2349: This expression is not callable.
  Type 'Object' has no call signatures.
argparse.ts(3144,23): error TS2351: This expression is not constructable.
  Type 'Number' has no construct signatures.
argparse.ts(3151,30): error TS7006: Parameter 'actions' implicitly has an 'any' type.
argparse.ts(3151,39): error TS7006: Parameter 'arg_strings_pattern' implicitly has an 'any' type.
argparse.ts(3154,13): error TS7034: Variable 'result' implicitly has type 'any[]' in some locations where its type cannot be determined.
argparse.ts(3157,45): error TS7006: Parameter 'action' implicitly has an 'any' type.
argparse.ts(3160,26): error TS7005: Variable 'result' implicitly has an 'any[]' type.
argparse.ts(3160,59): error TS7006: Parameter 'string' implicitly has an 'any' type.
argparse.ts(3169,21): error TS7006: Parameter 'arg_string' implicitly has an 'any' type.
argparse.ts(3176,19): error TS2339: Property 'prefix_chars' does not exist on type 'ArgumentParser'.
argparse.ts(3181,32): error TS2339: Property '_option_string_actions' does not exist on type 'ArgumentParser'.
argparse.ts(3182,31): error TS2339: Property '_option_string_actions' does not exist on type 'ArgumentParser'.
argparse.ts(3194,39): error TS2339: Property '_option_string_actions' does not exist on type 'ArgumentParser'.
argparse.ts(3195,35): error TS2339: Property '_option_string_actions' does not exist on type 'ArgumentParser'.
argparse.ts(3209,24): error TS2349: This expression is not callable.
  Type 'Object' has no call signatures.
argparse.ts(3221,18): error TS2339: Property '_negative_number_matcher' does not exist on type 'ArgumentParser'.
argparse.ts(3222,23): error TS2339: Property '_has_negative_number_optionals' does not exist on type 'ArgumentParser'.
argparse.ts(3237,24): error TS7006: Parameter 'option_string' implicitly has an 'any' type.
argparse.ts(3242,26): error TS2339: Property 'prefix_chars' does not exist on type 'ArgumentParser'.
argparse.ts(3244,22): error TS2339: Property 'allow_abbrev' does not exist on type 'ArgumentParser'.
argparse.ts(3252,60): error TS2339: Property '_option_string_actions' does not exist on type 'ArgumentParser'.
argparse.ts(3254,43): error TS2339: Property '_option_string_actions' does not exist on type 'ArgumentParser'.
argparse.ts(3270,56): error TS2339: Property '_option_string_actions' does not exist on type 'ArgumentParser'.
argparse.ts(3272,39): error TS2339: Property '_option_string_actions' does not exist on type 'ArgumentParser'.
argparse.ts(3276,39): error TS2339: Property '_option_string_actions' does not exist on type 'ArgumentParser'.
argparse.ts(3284,24): error TS2349: This expression is not callable.
  Type 'Object' has no call signatures.
argparse.ts(3291,24): error TS7006: Parameter 'action' implicitly has an 'any' type.
argparse.ts(3327,29): error TS2349: This expression is not callable.
  Type 'Object' has no call signatures.
argparse.ts(3347,13): error TS2454: Variable 'argv' is used before being assigned.
argparse.ts(3349,24): error TS2349: This expression is not callable.
  Type 'Object' has no call signatures.
argparse.ts(3349,33): error TS2532: Object is possibly 'undefined'.
argparse.ts(3369,36): error TS7006: Parameter 'action' implicitly has an 'any' type.
argparse.ts(3371,33): error TS2349: This expression is not callable.
  Type 'Object' has no call signatures.
argparse.ts(3375,32): error TS2339: Property '_mutually_exclusive_groups' does not exist on type 'ArgumentParser'.
argparse.ts(3386,31): error TS2339: Property 'usage' does not exist on type 'ArgumentParser'.
argparse.ts(3389,26): error TS2339: Property 'usage' does not exist on type 'ArgumentParser'.
argparse.ts(3391,26): error TS2339: Property 'usage' does not exist on type 'ArgumentParser'.
argparse.ts(3405,32): error TS2554: Expected 3 arguments, but got 2.
argparse.ts(3408,38): error TS2349: This expression is not callable.
  Type 'Object' has no call signatures.
argparse.ts(3409,33): error TS2345: Argument of type 'undefined' is not assignable to parameter of type 'Object'.
argparse.ts(3427,40): error TS2339: Property '_mutually_exclusive_groups' does not exist on type 'ArgumentParser'.
argparse.ts(3438,40): error TS2339: Property '_mutually_exclusive_groups' does not exist on type 'ArgumentParser'.
argparse.ts(3443,18): error TS2339: Property 'usage' does not exist on type 'ArgumentParser'.
argparse.ts(3451,17): error TS7006: Parameter 'action' implicitly has an 'any' type.
argparse.ts(3451,25): error TS7006: Parameter 'arg_strings' implicitly has an 'any' type.
argparse.ts(3491,37): error TS7006: Parameter 'v' implicitly has an 'any' type.
argparse.ts(3495,37): error TS7006: Parameter 'v' implicitly has an 'any' type.
argparse.ts(3504,37): error TS7006: Parameter 'v' implicitly has an 'any' type.
argparse.ts(3514,16): error TS7006: Parameter 'action' implicitly has an 'any' type.
argparse.ts(3514,24): error TS7006: Parameter 'arg_string' implicitly has an 'any' type.
argparse.ts(3515,30): error TS2339: Property '_registry_get' does not exist on type 'ArgumentParser'.
argparse.ts(3518,23): error TS2351: This expression is not constructable.
  Type 'Number' has no construct signatures.
argparse.ts(3518,45): error TS2349: This expression is not callable.
  Type 'Object' has no call signatures.
argparse.ts(3541,32): error TS2359: The right-hand side of an 'instanceof' expression must be of type 'any' or of a type assignable to the 'Function' interface type.
argparse.ts(3543,27): error TS2571: Object is of type 'unknown'.
argparse.ts(3544,27): error TS2351: This expression is not constructable.
  Type 'Number' has no construct signatures.
argparse.ts(3551,27): error TS2351: This expression is not constructable.
  Type 'Number' has no construct signatures.
argparse.ts(3551,49): error TS2349: This expression is not callable.
  Type 'Object' has no call signatures.
argparse.ts(3561,18): error TS7006: Parameter 'action' implicitly has an 'any' type.
argparse.ts(3561,26): error TS7006: Parameter 'value' implicitly has an 'any' type.
argparse.ts(3567,23): error TS2351: This expression is not constructable.
  Type 'Number' has no construct signatures.
argparse.ts(3567,45): error TS2349: This expression is not callable.
  Type 'Object' has no call signatures.
argparse.ts(3576,34): error TS2339: Property 'usage' does not exist on type 'ArgumentParser'.
argparse.ts(3576,46): error TS2339: Property '_actions' does not exist on type 'ArgumentParser'.
argparse.ts(3577,34): error TS2339: Property '_mutually_exclusive_groups' does not exist on type 'ArgumentParser'.
argparse.ts(3585,34): error TS2339: Property 'usage' does not exist on type 'ArgumentParser'.
argparse.ts(3585,46): error TS2339: Property '_actions' does not exist on type 'ArgumentParser'.
argparse.ts(3586,34): error TS2339: Property '_mutually_exclusive_groups' does not exist on type 'ArgumentParser'.
argparse.ts(3589,33): error TS2339: Property 'description' does not exist on type 'ArgumentParser'.
argparse.ts(3592,39): error TS2339: Property '_action_groups' does not exist on type 'ArgumentParser'.
argparse.ts(3600,33): error TS2339: Property 'epilog' does not exist on type 'ArgumentParser'.
argparse.ts(3608,25): error TS2339: Property 'formatter_class' does not exist on type 'ArgumentParser'.
argparse.ts(3608,54): error TS2339: Property 'prog' does not exist on type 'ArgumentParser'.
argparse.ts(3615,33): error TS2322: Type 'WriteStream & { fd: 1; }' is not assignable to type 'undefined'.
argparse.ts(3620,33): error TS2322: Type 'WriteStream & { fd: 1; }' is not assignable to type 'undefined'.
argparse.ts(3624,20): error TS7006: Parameter 'message' implicitly has an 'any' type.
argparse.ts(3626,37): error TS2322: Type 'WriteStream & { fd: 2; }' is not assignable to type 'undefined'.
argparse.ts(3627,13): error TS2532: Object is possibly 'undefined'.
argparse.ts(3636,42): error TS2345: Argument of type 'WriteStream & { fd: 2; }' is not assignable to parameter of type 'undefined'.
argparse.ts(3641,11): error TS7006: Parameter 'message' implicitly has an 'any' type.
argparse.ts(3653,18): error TS2339: Property 'debug' does not exist on type 'ArgumentParser'.
argparse.ts(3655,26): error TS2345: Argument of type 'WriteStream & { fd: 2; }' is not assignable to parameter of type 'undefined'.
argparse.ts(3656,32): error TS2339: Property 'prog' does not exist on type 'ArgumentParser'.
argparse.ts(3657,22): error TS2349: This expression is not callable.
  Type 'Object' has no call signatures.
argparse.ts(3690,34): error TS2349: This expression is not callable.
  Type 'Object' has no call signatures.
argparse.ts(3698,34): error TS2349: This expression is not callable.
  Type 'Object' has no call signatures.
lib/sub.ts(9,48): error TS7019: Rest parameter 'values' implicitly has an 'any[]' type.
lib/sub.ts(12,49): error TS2769: No overload matches this call.
  The last overload gave the following error.
    Argument of type '(_: String, is_literal: Boolean, is_left_align: Boolean, is_padded: Boolean, name: String, format: String) => string | String' is not assignable to parameter of type '(substring: string, ...args: any[]) => string'.
      Type 'string | String' is not assignable to type 'string'.
        Type 'String' is not assignable to type 'string'.
          'string' is a primitive, but 'String' is a wrapper object. Prefer using 'string' when possible.
lib/sub.ts(26,19): error TS2360: The left-hand side of an 'in' expression must be a private identifier or of type 'any', 'string', 'number', or 'symbol'.
lib/sub.ts(27,24): error TS2538: Type 'String' cannot be used as an index type.
lib/sub.ts(45,34): error TS2339: Property 'toFixed' does not exist on type 'never'.
lib/sub.ts(52,47): error TS2345: Argument of type 'Number' is not assignable to parameter of type 'number'.
  'number' is a primitive, but 'Number' is a wrapper object. Prefer using 'number' when possible.
lib/sub.ts(52,76): error TS2345: Argument of type 'Number' is not assignable to parameter of type 'number'.
  'number' is a primitive, but 'Number' is a wrapper object. Prefer using 'number' when possible.
lib/textwrap.ts(76,13): error TS2339: Property 'width' does not exist on type '{}'.
lib/textwrap.ts(77,13): error TS2339: Property 'initial_indent' does not exist on type '{}'.
lib/textwrap.ts(78,13): error TS2339: Property 'subsequent_indent' does not exist on type '{}'.
lib/textwrap.ts(79,13): error TS2339: Property 'expand_tabs' does not exist on type '{}'.
lib/textwrap.ts(80,13): error TS2339: Property 'replace_whitespace' does not exist on type '{}'.
lib/textwrap.ts(81,13): error TS2339: Property 'fix_sentence_endings' does not exist on type '{}'.
lib/textwrap.ts(82,13): error TS2339: Property 'break_long_words' does not exist on type '{}'.
lib/textwrap.ts(83,13): error TS2339: Property 'drop_whitespace' does not exist on type '{}'.
lib/textwrap.ts(84,13): error TS2339: Property 'break_on_hyphens' does not exist on type '{}'.
lib/textwrap.ts(85,13): error TS2339: Property 'tabsize' does not exist on type '{}'.
lib/textwrap.ts(86,13): error TS2339: Property 'max_lines' does not exist on type '{}'.
lib/textwrap.ts(87,13): error TS2339: Property 'placeholder' does not exist on type '{}'.
lib/textwrap.ts(90,14): error TS2339: Property 'width' does not exist on type 'TextWrapper'.
lib/textwrap.ts(91,14): error TS2339: Property 'initial_indent' does not exist on type 'TextWrapper'.
lib/textwrap.ts(92,14): error TS2339: Property 'subsequent_indent' does not exist on type 'TextWrapper'.
lib/textwrap.ts(93,14): error TS2339: Property 'expand_tabs' does not exist on type 'TextWrapper'.
lib/textwrap.ts(94,14): error TS2339: Property 'replace_whitespace' does not exist on type 'TextWrapper'.
lib/textwrap.ts(95,14): error TS2339: Property 'fix_sentence_endings' does not exist on type 'TextWrapper'.
lib/textwrap.ts(96,14): error TS2339: Property 'break_long_words' does not exist on type 'TextWrapper'.
lib/textwrap.ts(97,14): error TS2339: Property 'drop_whitespace' does not exist on type 'TextWrapper'.
lib/textwrap.ts(98,14): error TS2339: Property 'break_on_hyphens' does not exist on type 'TextWrapper'.
lib/textwrap.ts(99,14): error TS2339: Property 'tabsize' does not exist on type 'TextWrapper'.
lib/textwrap.ts(100,14): error TS2339: Property 'max_lines' does not exist on type 'TextWrapper'.
lib/textwrap.ts(101,14): error TS2339: Property 'placeholder' does not exist on type 'TextWrapper'.
lib/textwrap.ts(108,23): error TS7006: Parameter 'text' implicitly has an 'any' type.
lib/textwrap.ts(116,18): error TS2339: Property 'expand_tabs' does not exist on type 'TextWrapper'.
lib/textwrap.ts(117,56): error TS2339: Property 'tabsize' does not exist on type 'TextWrapper'.
lib/textwrap.ts(119,18): error TS2339: Property 'replace_whitespace' does not exist on type 'TextWrapper'.
lib/textwrap.ts(125,12): error TS7006: Parameter 'text' implicitly has an 'any' type.
lib/textwrap.ts(141,21): error TS2314: Generic type 'Array<T>' requires 1 type argument(s).
lib/textwrap.ts(146,23): error TS7006: Parameter 'reversed_chunks' implicitly has an 'any' type.
lib/textwrap.ts(146,40): error TS7006: Parameter 'cur_line' implicitly has an 'any' type.
lib/textwrap.ts(146,50): error TS7006: Parameter 'cur_len' implicitly has an 'any' type.
lib/textwrap.ts(146,59): error TS7006: Parameter 'width' implicitly has an 'any' type.
lib/textwrap.ts(166,18): error TS2339: Property 'break_long_words' does not exist on type 'TextWrapper'.
lib/textwrap.ts(184,18): error TS7006: Parameter 'chunks' implicitly has an 'any' type.
lib/textwrap.ts(198,20): error TS2314: Generic type 'Array<T>' requires 1 type argument(s).
lib/textwrap.ts(199,21): error TS2314: Generic type 'Array<T>' requires 1 type argument(s).
lib/textwrap.ts(200,18): error TS2339: Property 'width' does not exist on type 'TextWrapper'.
lib/textwrap.ts(201,47): error TS2339: Property 'width' does not exist on type 'TextWrapper'.
lib/textwrap.ts(203,18): error TS2339: Property 'max_lines' does not exist on type 'TextWrapper'.
lib/textwrap.ts(204,22): error TS2339: Property 'max_lines' does not exist on type 'TextWrapper'.
lib/textwrap.ts(205,31): error TS2339: Property 'subsequent_indent' does not exist on type 'TextWrapper'.
lib/textwrap.ts(207,31): error TS2339: Property 'initial_indent' does not exist on type 'TextWrapper'.
lib/textwrap.ts(209,38): error TS2339: Property 'placeholder' does not exist on type 'TextWrapper'.
lib/textwrap.ts(209,76): error TS2339: Property 'width' does not exist on type 'TextWrapper'.
lib/textwrap.ts(222,27): error TS2314: Generic type 'Array<T>' requires 1 type argument(s).
lib/textwrap.ts(228,31): error TS2339: Property 'subsequent_indent' does not exist on type 'TextWrapper'.
lib/textwrap.ts(230,31): error TS2339: Property 'initial_indent' does not exist on type 'TextWrapper'.
lib/textwrap.ts(234,38): error TS2339: Property 'width' does not exist on type 'TextWrapper'.
lib/textwrap.ts(238,22): error TS2339: Property 'drop_whitespace' does not exist on type 'TextWrapper'.
lib/textwrap.ts(246,21): error TS2365: Operator '+' cannot be applied to types 'Number' and 'Number'.
lib/textwrap.ts(248,21): error TS2365: Operator '+=' cannot be applied to types 'Number' and 'Number'.
lib/textwrap.ts(260,44): error TS2314: Generic type 'Array<T>' requires 1 type argument(s).
lib/textwrap.ts(260,97): error TS2365: Operator '+' cannot be applied to types 'Number' and 'Number'.
lib/textwrap.ts(264,22): error TS2339: Property 'drop_whitespace' does not exist on type 'TextWrapper'.
lib/textwrap.ts(265,17): error TS2362: The left-hand side of an arithmetic operation must be of type 'any', 'number', 'bigint' or an enum type.
lib/textwrap.ts(270,26): error TS2339: Property 'max_lines' does not exist on type 'TextWrapper'.
lib/textwrap.ts(271,45): error TS2339: Property 'max_lines' does not exist on type 'TextWrapper'.
lib/textwrap.ts(273,27): error TS2339: Property 'drop_whitespace' does not exist on type 'TextWrapper'.
lib/textwrap.ts(283,44): error TS2339: Property 'placeholder' does not exist on type 'TextWrapper'.
lib/textwrap.ts(284,48): error TS2339: Property 'placeholder' does not exist on type 'TextWrapper'.
lib/textwrap.ts(289,25): error TS2362: The left-hand side of an arithmetic operation must be of type 'any', 'number', 'bigint' or an enum type.
lib/textwrap.ts(295,57): error TS2339: Property 'placeholder' does not exist on type 'TextWrapper'.
lib/textwrap.ts(296,42): error TS2339: Property 'width' does not exist on type 'TextWrapper'.
lib/textwrap.ts(297,76): error TS2339: Property 'placeholder' does not exist on type 'TextWrapper'.
lib/textwrap.ts(301,50): error TS2339: Property 'placeholder' does not exist on type 'TextWrapper'.
lib/textwrap.ts(311,19): error TS7006: Parameter 'text' implicitly has an 'any' type.
lib/textwrap.ts(318,10): error TS7006: Parameter 'text' implicitly has an 'any' type.
lib/textwrap.ts(336,10): error TS7006: Parameter 'text' implicitly has an 'any' type.
lib/textwrap.ts(351,52): error TS2304: Cannot find name 'Void'.
lib/textwrap.ts(362,11): error TS2339: Property 'width' does not exist on type 'Object'.
lib/textwrap.ts(363,9): error TS2740: Type 'TextWrapper' is missing the following properties from type 'String': charAt, charCodeAt, concat, indexOf, and 44 more.
lib/textwrap.ts(364,14): error TS2339: Property 'wrap' does not exist on type 'String'.
lib/textwrap.ts(377,11): error TS2339: Property 'width' does not exist on type 'Object'.
lib/textwrap.ts(378,9): error TS2322: Type 'TextWrapper' is not assignable to type 'String'.
lib/textwrap.ts(379,14): error TS2339: Property 'fill' does not exist on type 'String'.
lib/textwrap.ts(403,17): error TS2314: Generic type 'Array<T>' requires 1 type argument(s).
lib/textwrap.ts(405,18): error TS2314: Generic type 'Array<T>' requires 1 type argument(s).

