benchmark/code/filter.ts(3,33): error TS2314: Generic type 'Array<T>' requires 1 type argument(s).
benchmark/code/filter.ts(4,14): error TS2314: Generic type 'Array<T>' requires 1 type argument(s).
benchmark/code/for-in.ts(3,32): error TS2314: Generic type 'Array<T>' requires 1 type argument(s).
benchmark/code/for-in.ts(5,12): error TS2314: Generic type 'Array<T>' requires 1 type argument(s).
benchmark/code/for-in.ts(9,24): error TS2365: Operator '+=' cannot be applied to types 'Number' and 'number'.
benchmark/code/for-in.ts(10,5): error TS7053: Element implicitly has an 'any' type because expression of type 'any' can't be used to index type 'Object'.
benchmark/code/for-in.ts(13,8): error TS2405: The left-hand side of a 'for...in' statement must be of type 'string' or 'any'.
benchmark/code/for-in.ts(14,16): error TS2538: Type 'Number' cannot be used as an index type.
benchmark/code/linear-search-01.ts(3,32): error TS2314: Generic type 'Array<T>' requires 1 type argument(s).
benchmark/code/linear-search-01.ts(4,12): error TS2314: Generic type 'Array<T>' requires 1 type argument(s).
benchmark/code/while-hash.ts(3,32): error TS2314: Generic type 'Array<T>' requires 1 type argument(s).
benchmark/code/while-hash.ts(7,12): error TS2314: Generic type 'Array<T>' requires 1 type argument(s).
benchmark/code/while-hash.ts(9,10): error TS2356: An arithmetic operand must be of type 'any', 'number', 'bigint' or an enum type.
benchmark/code/while-hash.ts(10,10): error TS7053: Element implicitly has an 'any' type because expression of type 'any' can't be used to index type 'Object'.
benchmark/code/while-hash.ts(11,7): error TS7053: Element implicitly has an 'any' type because expression of type 'any' can't be used to index type 'Object'.
benchmark/code/while.ts(3,32): error TS2314: Generic type 'Array<T>' requires 1 type argument(s).
benchmark/code/while.ts(5,12): error TS2314: Generic type 'Array<T>' requires 1 type argument(s).
benchmark/code/while.ts(7,10): error TS2356: An arithmetic operand must be of type 'any', 'number', 'bigint' or an enum type.
benchmark/index.ts(3,12): error TS2314: Generic type 'Array<T>' requires 1 type argument(s).
benchmark/index.ts(10,7): error TS2339: Property 'run' does not exist on type 'Object'.
benchmark/randomize.ts(5,49): error TS2314: Generic type 'Array<T>' requires 1 type argument(s).
benchmark/randomize.ts(6,15): error TS2314: Generic type 'Array<T>' requires 1 type argument(s).
benchmark/randomize.ts(8,10): error TS2356: An arithmetic operand must be of type 'any', 'number', 'bigint' or an enum type.
benchmark/randomize.ts(9,28): error TS2363: The right-hand side of an arithmetic operation must be of type 'any', 'number', 'bigint' or an enum type.
index.ts(10,39): error TS2314: Generic type 'Array<T>' requires 1 type argument(s).
index.ts(10,47): error TS2314: Generic type 'Array<T>' requires 1 type argument(s).
index.ts(18,10): error TS2356: An arithmetic operand must be of type 'any', 'number', 'bigint' or an enum type.
index.ts(19,21): error TS2365: Operator '+' cannot be applied to types 'Number' and 'number'.
index.ts(21,30): error TS2356: An arithmetic operand must be of type 'any', 'number', 'bigint' or an enum type.
index.ts(22,15): error TS2538: Type 'Number' cannot be used as an index type.
index.ts(22,26): error TS2538: Type 'Number' cannot be used as an index type.
index.ts(23,20): error TS2356: An arithmetic operand must be of type 'any', 'number', 'bigint' or an enum type.
index.ts(30,58): error TS2314: Generic type 'Array<T>' requires 1 type argument(s).
index.ts(39,5): error TS7053: Element implicitly has an 'any' type because expression of type 'number' can't be used to index type 'Object'.
  No index signature with a parameter of type 'number' was found on type 'Object'.

