index.ts(54,51): error TS2314: Generic type 'Array<T>' requires 1 type argument(s).
index.ts(89,30): error TS2345: Argument of type 'Number' is not assignable to parameter of type 'number'.
  'number' is a primitive, but 'Number' is a wrapper object. Prefer using 'number' when possible.
index.ts(90,57): error TS2339: Property 'thousandsSeparator' does not exist on type 'Object'.
index.ts(91,51): error TS2339: Property 'unitSeparator' does not exist on type 'Object'.
index.ts(92,51): error TS2339: Property 'decimalPlaces' does not exist on type 'Object'.
index.ts(92,90): error TS2339: Property 'decimalPlaces' does not exist on type 'Object'.
index.ts(93,59): error TS2339: Property 'fixedDecimals' does not exist on type 'Object'.
index.ts(94,42): error TS2339: Property 'unit' does not exist on type 'Object'.
index.ts(97,20): error TS2339: Property 'pb' does not exist on type 'Object'.
index.ts(99,27): error TS2339: Property 'tb' does not exist on type 'Object'.
index.ts(101,27): error TS2339: Property 'gb' does not exist on type 'Object'.
index.ts(103,27): error TS2339: Property 'mb' does not exist on type 'Object'.
index.ts(105,27): error TS2339: Property 'kb' does not exist on type 'Object'.
index.ts(112,21): error TS2362: The left-hand side of an arithmetic operation must be of type 'any', 'number', 'bigint' or an enum type.
index.ts(113,33): error TS2345: Argument of type 'Number' is not assignable to parameter of type 'number'.
  'number' is a primitive, but 'Number' is a wrapper object. Prefer using 'number' when possible.
index.ts(122,44): error TS2769: No overload matches this call.
  The last overload gave the following error.
    Argument of type 'Boolean' is not assignable to parameter of type '(substring: string, ...args: any[]) => string'.
      Type 'Boolean' provides no match for the signature '(substring: string, ...args: any[]): string'.
index.ts(127,10): error TS2365: Operator '+' cannot be applied to types 'String' and 'Number'.
index.ts(165,13): error TS2345: Argument of type 'Number' is not assignable to parameter of type 'number'.
  'number' is a primitive, but 'Number' is a wrapper object. Prefer using 'number' when possible.
index.ts(169,25): error TS2538: Type 'String' cannot be used as an index type.
index.ts(169,33): error TS2363: The right-hand side of an arithmetic operation must be of type 'any', 'number', 'bigint' or an enum type.

