Gruntfile.ts(3,8): error TS2339: Property 'initConfig' does not exist on type 'Object'.
Gruntfile.ts(17,8): error TS2339: Property 'loadNpmTasks' does not exist on type 'Object'.
Gruntfile.ts(19,8): error TS2339: Property 'registerTask' does not exist on type 'Object'.
coverage/prettify.ts(1,8): error TS2339: Property 'PR_SHOULD_USE_CONTINUATION' does not exist on type 'Window & typeof globalThis'.
coverage/prettify.ts(1,59): error TS2314: Generic type 'Array<T>' requires 1 type argument(s).
coverage/prettify.ts(1,119): error TS2314: Generic type 'Array<T>' requires 1 type argument(s).
coverage/prettify.ts(1,293): error TS2314: Generic type 'Array<T>' requires 1 type argument(s).
coverage/prettify.ts(1,406): error TS2740: Type 'any[]' is missing the following properties from type 'String': charAt, charCodeAt, localeCompare, match, and 35 more.
coverage/prettify.ts(1,679): error TS2322: Type 'any[]' is not assignable to type 'String'.
coverage/prettify.ts(1,848): error TS2322: Type 'String' is not assignable to type 'string'.
  'string' is a primitive, but 'String' is a wrapper object. Prefer using 'string' when possible.
coverage/prettify.ts(1,1296): error TS2314: Generic type 'Array<T>' requires 1 type argument(s).
coverage/prettify.ts(1,1578): error TS2322: Type 'any[]' is not assignable to type 'String'.
coverage/prettify.ts(1,1750): error TS2314: Generic type 'Array<T>' requires 1 type argument(s).
coverage/prettify.ts(1,1936): error TS2314: Generic type 'Array<T>' requires 1 type argument(s).
coverage/prettify.ts(1,2016): error TS2314: Generic type 'Array<T>' requires 1 type argument(s).
coverage/prettify.ts(1,2029): error TS2365: Operator '+' cannot be applied to types 'String' and 'String'.
coverage/prettify.ts(1,2756): error TS2314: Generic type 'Array<T>' requires 1 type argument(s).
coverage/prettify.ts(1,2894): error TS2339: Property 'ignoreCase' does not exist on type 'HTMLElement'.
coverage/prettify.ts(1,2939): error TS2339: Property 'source' does not exist on type 'HTMLElement'.
coverage/prettify.ts(1,3125): error TS2339: Property 'charCodeAt' does not exist on type 'HTMLElement'.
coverage/prettify.ts(1,3179): error TS2339: Property 'charAt' does not exist on type 'HTMLElement'.
coverage/prettify.ts(1,3194): error TS2538: Type 'Number' cannot be used as an index type.
coverage/prettify.ts(1,3223): error TS2365: Operator '<=' cannot be applied to types 'string' and 'Number'.
coverage/prettify.ts(1,3232): error TS2365: Operator '<=' cannot be applied to types 'Number' and 'string'.
coverage/prettify.ts(1,3260): error TS2339: Property 'substring' does not exist on type 'HTMLElement'.
coverage/prettify.ts(1,3284): error TS2367: This condition will always return 'false' since the types 'Number' and 'string' have no overlap.
coverage/prettify.ts(1,3294): error TS2367: This condition will always return 'false' since the types 'Number' and 'string' have no overlap.
coverage/prettify.ts(1,3323): error TS2339: Property 'substring' does not exist on type 'HTMLElement'.
coverage/prettify.ts(1,3355): error TS2339: Property 'charCodeAt' does not exist on type 'HTMLElement'.
coverage/prettify.ts(1,3406): error TS2365: Operator '<' cannot be applied to types 'String' and 'number'.
coverage/prettify.ts(1,3420): error TS2365: Operator '<' cannot be applied to types 'String' and 'number'.
coverage/prettify.ts(1,3452): error TS2554: Expected 0 arguments, but got 1.
coverage/prettify.ts(1,3460): error TS2322: Type 'string' is not assignable to type 'Number'.
coverage/prettify.ts(1,3491): error TS2345: Argument of type 'String' is not assignable to parameter of type 'number'.
coverage/prettify.ts(1,3498): error TS2367: This condition will always return 'false' since the types 'Number' and 'string' have no overlap.
coverage/prettify.ts(1,3509): error TS2367: This condition will always return 'false' since the types 'Number' and 'string' have no overlap.
coverage/prettify.ts(1,3519): error TS2367: This condition will always return 'false' since the types 'Number' and 'string' have no overlap.
coverage/prettify.ts(1,3529): error TS2367: This condition will always return 'false' since the types 'Number' and 'string' have no overlap.
coverage/prettify.ts(1,3539): error TS2322: Type 'string' is not assignable to type 'Number'.
coverage/prettify.ts(1,3550): error TS2740: Type 'Number' is missing the following properties from type 'String': charAt, charCodeAt, concat, indexOf, and 43 more.
coverage/prettify.ts(1,3599): error TS2314: Generic type 'Array<T>' requires 1 type argument(s).
coverage/prettify.ts(1,3765): error TS2314: Generic type 'Array<T>' requires 1 type argument(s).
coverage/prettify.ts(1,3782): error TS2314: Generic type 'Array<T>' requires 1 type argument(s).
coverage/prettify.ts(1,3904): error TS2345: Argument of type 'String' is not assignable to parameter of type 'string'.
  'string' is a primitive, but 'String' is a wrapper object. Prefer using 'string' when possible.
coverage/prettify.ts(1,3944): error TS2345: Argument of type 'String' is not assignable to parameter of type 'HTMLElement'.
  Type 'String' is missing the following properties from type 'HTMLElement': accessKey, accessKeyLabel, autocapitalize, dir, and 276 more.
coverage/prettify.ts(1,4103): error TS2345: Argument of type 'Number' is not assignable to parameter of type 'number'.
  'number' is a primitive, but 'Number' is a wrapper object. Prefer using 'number' when possible.
coverage/prettify.ts(1,4119): error TS2345: Argument of type 'Number' is not assignable to parameter of type 'number'.
  'number' is a primitive, but 'Number' is a wrapper object. Prefer using 'number' when possible.
coverage/prettify.ts(1,4173): error TS2345: Argument of type 'Number' is not assignable to parameter of type 'number'.
  'number' is a primitive, but 'Number' is a wrapper object. Prefer using 'number' when possible.
coverage/prettify.ts(1,4190): error TS2345: Argument of type 'Number' is not assignable to parameter of type 'number'.
  'number' is a primitive, but 'Number' is a wrapper object. Prefer using 'number' when possible.
coverage/prettify.ts(1,4228): error TS2314: Generic type 'Promise<T>' requires 1 type argument(s).
coverage/prettify.ts(1,4240): error TS2314: Generic type 'Promise<T>' requires 1 type argument(s).
coverage/prettify.ts(1,4294): error TS2314: Generic type 'Array<T>' requires 1 type argument(s).
coverage/prettify.ts(1,4385): error TS7053: Element implicitly has an 'any' type because expression of type '0' can't be used to index type 'Object'.
  Property '0' does not exist on type 'Object'.
coverage/prettify.ts(1,4392): error TS7053: Element implicitly has an 'any' type because expression of type '1' can't be used to index type 'Object'.
  Property '1' does not exist on type 'Object'.
coverage/prettify.ts(1,4401): error TS7053: Element implicitly has an 'any' type because expression of type '1' can't be used to index type 'Object'.
  Property '1' does not exist on type 'Object'.
coverage/prettify.ts(1,4416): error TS7053: Element implicitly has an 'any' type because expression of type '1' can't be used to index type 'Object'.
  Property '1' does not exist on type 'Object'.
coverage/prettify.ts(1,4422): error TS7053: Element implicitly has an 'any' type because expression of type '1' can't be used to index type 'Object'.
  Property '1' does not exist on type 'Object'.
coverage/prettify.ts(1,4458): error TS2314: Generic type 'Array<T>' requires 1 type argument(s).
coverage/prettify.ts(1,4575): error TS7053: Element implicitly has an 'any' type because expression of type '0' can't be used to index type 'Object'.
  Property '0' does not exist on type 'Object'.
coverage/prettify.ts(1,4586): error TS7053: Element implicitly has an 'any' type because expression of type '1' can't be used to index type 'Object'.
  Property '1' does not exist on type 'Object'.
coverage/prettify.ts(1,4592): error TS7053: Element implicitly has an 'any' type because expression of type '0' can't be used to index type 'Object'.
  Property '0' does not exist on type 'Object'.
coverage/prettify.ts(1,4602): error TS7053: Element implicitly has an 'any' type because expression of type '1' can't be used to index type 'Object'.
  Property '1' does not exist on type 'Object'.
coverage/prettify.ts(1,4610): error TS7053: Element implicitly has an 'any' type because expression of type '0' can't be used to index type 'Object'.
  Property '0' does not exist on type 'Object'.
coverage/prettify.ts(1,4640): error TS7053: Element implicitly has an 'any' type because expression of type '1' can't be used to index type 'Object'.
  Property '1' does not exist on type 'Object'.
coverage/prettify.ts(1,4720): error TS2314: Generic type 'Array<T>' requires 1 type argument(s).
coverage/prettify.ts(1,4729): error TS2339: Property 'source' does not exist on type 'Object'.
coverage/prettify.ts(1,4948): error TS2314: Generic type 'Array<T>' requires 1 type argument(s).
coverage/prettify.ts(1,5173): error TS2356: An arithmetic operand must be of type 'any', 'number', 'bigint' or an enum type.
coverage/prettify.ts(1,5462): error TS2339: Property 'ignoreCase' does not exist on type 'Object'.
coverage/prettify.ts(1,5724): error TS2362: The left-hand side of an arithmetic operation must be of type 'any', 'number', 'bigint' or an enum type.
coverage/prettify.ts(1,5731): error TS2362: The left-hand side of an arithmetic operation must be of type 'any', 'number', 'bigint' or an enum type.
coverage/prettify.ts(1,5774): error TS2314: Generic type 'Array<T>' requires 1 type argument(s).
coverage/prettify.ts(1,5819): error TS2403: Subsequent variable declarations must have the same type.  Variable 'ae' must be of type 'HTMLElement', but here has type 'Function'.
coverage/prettify.ts(1,5843): error TS2339: Property 'global' does not exist on type 'HTMLElement'.
coverage/prettify.ts(1,5854): error TS2339: Property 'multiline' does not exist on type 'HTMLElement'.
coverage/prettify.ts(1,6038): error TS2314: Generic type 'Array<T>' requires 1 type argument(s).
coverage/prettify.ts(1,6115): error TS2339: Property 'currentStyle' does not exist on type 'HTMLElement'.
coverage/prettify.ts(1,6133): error TS2339: Property 'currentStyle' does not exist on type 'HTMLElement'.
coverage/prettify.ts(1,6165): error TS2774: This condition will always return true since this function is always defined. Did you mean to call it instead?
coverage/prettify.ts(1,6192): error TS2531: Object is possibly 'null'.
coverage/prettify.ts(1,6275): error TS2322: Type 'boolean' is not assignable to type 'Number'.
coverage/prettify.ts(1,6285): error TS2454: Variable 'S' is used before being assigned.
coverage/prettify.ts(1,6343): error TS2304: Cannot find name 'Void'.
coverage/prettify.ts(1,6457): error TS2345: Argument of type 'ChildNode' is not assignable to parameter of type 'HTMLElement'.
  Type 'ChildNode' is missing the following properties from type 'HTMLElement': accessKey, accessKeyLabel, autocapitalize, dir, and 223 more.
coverage/prettify.ts(1,6523): error TS7053: Element implicitly has an 'any' type because expression of type 'number' can't be used to index type 'Object'.
  No index signature with a parameter of type 'number' was found on type 'Object'.
coverage/prettify.ts(1,6525): error TS2362: The left-hand side of an arithmetic operation must be of type 'any', 'number', 'bigint' or an enum type.
coverage/prettify.ts(1,6531): error TS2356: An arithmetic operand must be of type 'any', 'number', 'bigint' or an enum type.
coverage/prettify.ts(1,6535): error TS7053: Element implicitly has an 'any' type because expression of type 'number' can't be used to index type 'Object'.
  No index signature with a parameter of type 'number' was found on type 'Object'.
coverage/prettify.ts(1,6538): error TS2356: An arithmetic operand must be of type 'any', 'number', 'bigint' or an enum type.
coverage/prettify.ts(1,6576): error TS2322: Type 'string | null' is not assignable to type 'String'.
  Type 'null' is not assignable to type 'String'.
coverage/prettify.ts(1,6696): error TS7053: Element implicitly has an 'any' type because expression of type 'number' can't be used to index type 'Object'.
  No index signature with a parameter of type 'number' was found on type 'Object'.
coverage/prettify.ts(1,6698): error TS2362: The left-hand side of an arithmetic operation must be of type 'any', 'number', 'bigint' or an enum type.
coverage/prettify.ts(1,6706): error TS2365: Operator '+=' cannot be applied to types 'Number' and 'number'.
coverage/prettify.ts(1,6719): error TS7053: Element implicitly has an 'any' type because expression of type 'number' can't be used to index type 'Object'.
  No index signature with a parameter of type 'number' was found on type 'Object'.
coverage/prettify.ts(1,6722): error TS2356: An arithmetic operand must be of type 'any', 'number', 'bigint' or an enum type.
coverage/prettify.ts(1,6851): error TS2314: Generic type 'Array<T>' requires 1 type argument(s).
coverage/prettify.ts(1,6859): error TS2304: Cannot find name 'Void'.
coverage/prettify.ts(1,6939): error TS2339: Property 'decorations' does not exist on type 'Object'.
coverage/prettify.ts(1,7005): error TS2322: Type 'undefined' is not assignable to type 'String'.
coverage/prettify.ts(1,7037): error TS2339: Property 'firstChild' does not exist on type 'Object'.
coverage/prettify.ts(1,7146): error TS2322: Type 'String | undefined' is not assignable to type 'String'.
  Type 'undefined' is not assignable to type 'String'.
coverage/prettify.ts(1,7185): error TS2314: Generic type 'Array<T>' requires 1 type argument(s).
coverage/prettify.ts(1,7194): error TS2314: Generic type 'Array<T>' requires 1 type argument(s).
coverage/prettify.ts(1,7264): error TS2314: Generic type 'Array<T>' requires 1 type argument(s).
coverage/prettify.ts(1,7290): error TS2314: Generic type 'Array<T>' requires 1 type argument(s).
coverage/prettify.ts(1,7389): error TS7053: Element implicitly has an 'any' type because expression of type '3' can't be used to index type 'Object'.
  Property '3' does not exist on type 'Object'.
coverage/prettify.ts(1,7432): error TS7053: Element implicitly has an 'any' type because expression of type 'string' can't be used to index type 'Object'.
  No index signature with a parameter of type 'string' was found on type 'Object'.
coverage/prettify.ts(1,7467): error TS7053: Element implicitly has an 'any' type because expression of type '1' can't be used to index type 'Object'.
  Property '1' does not exist on type 'Object'.
coverage/prettify.ts(1,7515): error TS2345: Argument of type 'String' is not assignable to parameter of type 'PropertyKey'.
coverage/prettify.ts(1,7535): error TS2538: Type 'String' cannot be used as an index type.
coverage/prettify.ts(1,7568): error TS2696: The 'Object' type is assignable to very few other types. Did you mean to use the 'any' type instead?
  Type 'Object' is missing the following properties from type 'Function': apply, call, bind, prototype, and 6 more.
coverage/prettify.ts(1,7657): error TS2339: Property 'sourceCode' does not exist on type 'Object'.
coverage/prettify.ts(1,7681): error TS2339: Property 'basePos' does not exist on type 'Object'.
coverage/prettify.ts(1,7697): error TS2314: Generic type 'Array<T>' requires 1 type argument(s).
coverage/prettify.ts(1,7734): error TS2314: Generic type 'Array<T>' requires 1 type argument(s).
coverage/prettify.ts(1,7748): error TS2769: No overload matches this call.
  Overload 1 of 2, '(matcher: { [Symbol.match](string: string): RegExpMatchArray | null; }): RegExpMatchArray | null', gave the following error.
    Argument of type 'Function' is not assignable to parameter of type '{ [Symbol.match](string: string): RegExpMatchArray | null; }'.
      Property '[Symbol.match]' is missing in type 'Function' but required in type '{ [Symbol.match](string: string): RegExpMatchArray | null; }'.
  Overload 2 of 2, '(regexp: string | RegExp): RegExpMatchArray | null', gave the following error.
    Argument of type 'Function' is not assignable to parameter of type 'string | RegExp'.
coverage/prettify.ts(1,7851): error TS2538: Type 'String' cannot be used as an index type.
coverage/prettify.ts(1,7859): error TS2322: Type 'undefined' is not assignable to type 'Object'.
coverage/prettify.ts(1,7947): error TS7053: Element implicitly has an 'any' type because expression of type 'string' can't be used to index type 'Object'.
  No index signature with a parameter of type 'string' was found on type 'Object'.
coverage/prettify.ts(1,7970): error TS2322: Type 'RegExpMatchArray | null' is not assignable to type 'Object'.
  Type 'null' is not assignable to type 'Object'.
coverage/prettify.ts(1,7982): error TS7053: Element implicitly has an 'any' type because expression of type '1' can't be used to index type 'Object'.
  Property '1' does not exist on type 'Object'.
coverage/prettify.ts(1,7992): error TS7053: Element implicitly has an 'any' type because expression of type '0' can't be used to index type 'Object'.
  Property '0' does not exist on type 'Object'.
coverage/prettify.ts(1,8036): error TS2322: Type 'RegExpMatchArray | null' is not assignable to type 'Object'.
  Type 'null' is not assignable to type 'Object'.
coverage/prettify.ts(1,8048): error TS7053: Element implicitly has an 'any' type because expression of type '1' can't be used to index type 'Object'.
  Property '1' does not exist on type 'Object'.
coverage/prettify.ts(1,8065): error TS7053: Element implicitly has an 'any' type because expression of type '0' can't be used to index type 'Object'.
  Property '0' does not exist on type 'Object'.
coverage/prettify.ts(1,8157): error TS7053: Element implicitly has an 'any' type because expression of type '1' can't be used to index type 'Object'.
  Property '1' does not exist on type 'Object'.
coverage/prettify.ts(1,8201): error TS2538: Type 'String' cannot be used as an index type.
coverage/prettify.ts(1,8227): error TS2365: Operator '+=' cannot be applied to types 'Number' and 'number'.
coverage/prettify.ts(1,8257): error TS2365: Operator '+' cannot be applied to types 'Number' and 'Number'.
coverage/prettify.ts(1,8279): error TS2314: Generic type 'Array<T>' requires 1 type argument(s).
coverage/prettify.ts(1,8285): error TS7053: Element implicitly has an 'any' type because expression of type '1' can't be used to index type 'Object'.
  Property '1' does not exist on type 'Object'.
coverage/prettify.ts(1,8352): error TS7053: Element implicitly has an 'any' type because expression of type '2' can't be used to index type 'Object'.
  Property '2' does not exist on type 'Object'.
coverage/prettify.ts(1,8372): error TS7053: Element implicitly has an 'any' type because expression of type '2' can't be used to index type 'Object'.
  Property '2' does not exist on type 'Object'.
coverage/prettify.ts(1,8388): error TS2362: The left-hand side of an arithmetic operation must be of type 'any', 'number', 'bigint' or an enum type.
coverage/prettify.ts(1,8434): error TS2365: Operator '+' cannot be applied to types 'Number' and 'Number'.
coverage/prettify.ts(1,8454): error TS2345: Argument of type 'Number' is not assignable to parameter of type 'number'.
  'number' is a primitive, but 'Number' is a wrapper object. Prefer using 'number' when possible.
coverage/prettify.ts(1,8466): error TS2365: Operator '+' cannot be applied to types 'Number' and 'Number'.
coverage/prettify.ts(1,8477): error TS2345: Argument of type 'String' is not assignable to parameter of type 'Function'.
  Type 'String' is missing the following properties from type 'Function': apply, call, bind, prototype, and 5 more.
coverage/prettify.ts(1,8492): error TS2365: Operator '+' cannot be applied to types 'Number' and 'Number'.
coverage/prettify.ts(1,8513): error TS2345: Argument of type 'Number' is not assignable to parameter of type 'number'.
  'number' is a primitive, but 'Number' is a wrapper object. Prefer using 'number' when possible.
coverage/prettify.ts(1,8527): error TS2339: Property 'decorations' does not exist on type 'Object'.
coverage/prettify.ts(1,8589): error TS2314: Generic type 'Array<T>' requires 1 type argument(s).
coverage/prettify.ts(1,8601): error TS2314: Generic type 'Array<T>' requires 1 type argument(s).
coverage/prettify.ts(1,8615): error TS2339: Property 'tripleQuotedStrings' does not exist on type 'Object'.
coverage/prettify.ts(1,8854): error TS2339: Property 'multiLineStrings' does not exist on type 'Object'.
coverage/prettify.ts(1,9102): error TS2339: Property 'verbatimStrings' does not exist on type 'Object'.
coverage/prettify.ts(1,9183): error TS2339: Property 'hashComments' does not exist on type 'Object'.
coverage/prettify.ts(1,9207): error TS2339: Property 'cStyleComments' does not exist on type 'Object'.
coverage/prettify.ts(1,9226): error TS2365: Operator '>' cannot be applied to types 'Boolean' and 'number'.
coverage/prettify.ts(1,9550): error TS2339: Property 'cStyleComments' does not exist on type 'Object'.
coverage/prettify.ts(1,9647): error TS2339: Property 'regexLiterals' does not exist on type 'Object'.
coverage/prettify.ts(1,9841): error TS2339: Property 'types' does not exist on type 'Object'.
coverage/prettify.ts(1,9887): error TS2339: Property 'keywords' does not exist on type 'Object'.
coverage/prettify.ts(1,10352): error TS2740: Type 'Function' is missing the following properties from type 'String': charAt, charCodeAt, concat, indexOf, and 42 more.
coverage/prettify.ts(1,10514): error TS2304: Cannot find name 'Void'.
coverage/prettify.ts(1,10588): error TS2740: Type 'Document' is missing the following properties from type 'HTMLElement': accessKey, accessKeyLabel, autocapitalize, draggable, and 121 more.
coverage/prettify.ts(1,10639): error TS2339: Property 'currentStyle' does not exist on type 'HTMLElement'.
coverage/prettify.ts(1,10657): error TS2339: Property 'currentStyle' does not exist on type 'HTMLElement'.
coverage/prettify.ts(1,10689): error TS2774: This condition will always return true since this function is always defined. Did you mean to call it instead?
coverage/prettify.ts(1,10719): error TS2339: Property 'defaultView' does not exist on type 'HTMLElement'.
coverage/prettify.ts(1,10804): error TS2454: Variable 'S' is used before being assigned.
coverage/prettify.ts(1,10855): error TS2339: Property 'createElement' does not exist on type 'HTMLElement'.
coverage/prettify.ts(1,10931): error TS2314: Generic type 'Array<T>' requires 1 type argument(s).
coverage/prettify.ts(1,10972): error TS2304: Cannot find name 'Void'.
coverage/prettify.ts(1,11169): error TS2345: Argument of type 'ChildNode' is not assignable to parameter of type 'HTMLElement'.
coverage/prettify.ts(1,11204): error TS2322: Type 'string | null' is not assignable to type 'Function'.
  Type 'null' is not assignable to type 'Function'.
coverage/prettify.ts(1,11248): error TS2339: Property 'match' does not exist on type 'Function'.
coverage/prettify.ts(1,11283): error TS2339: Property 'substring' does not exist on type 'Function'.
coverage/prettify.ts(1,11298): error TS2339: Property 'index' does not exist on type 'Object'.
coverage/prettify.ts(1,11305): error TS2322: Type 'String' is not assignable to type 'string'.
  'string' is a primitive, but 'String' is a wrapper object. Prefer using 'string' when possible.
coverage/prettify.ts(1,11339): error TS2339: Property 'substring' does not exist on type 'Function'.
coverage/prettify.ts(1,11352): error TS2339: Property 'index' does not exist on type 'Object'.
coverage/prettify.ts(1,11358): error TS7053: Element implicitly has an 'any' type because expression of type '0' can't be used to index type 'Object'.
  Property '0' does not exist on type 'Object'.
coverage/prettify.ts(1,11383): error TS2322: Type 'ParentNode | null' is not assignable to type 'HTMLElement'.
  Type 'null' is not assignable to type 'HTMLElement'.
coverage/prettify.ts(1,11432): error TS2339: Property 'createTextNode' does not exist on type 'HTMLElement'.
coverage/prettify.ts(1,11482): error TS2531: Object is possibly 'null'.
coverage/prettify.ts(1,11546): error TS2304: Cannot find name 'Void'.
coverage/prettify.ts(1,11561): error TS2339: Property 'nextSibling' does not exist on type 'Object'.
coverage/prettify.ts(1,11580): error TS2339: Property 'parentNode' does not exist on type 'Object'.
coverage/prettify.ts(1,11672): error TS2339: Property 'cloneNode' does not exist on type 'Object'.
coverage/prettify.ts(1,11712): error TS2339: Property 'parentNode' does not exist on type 'Object'.
coverage/prettify.ts(1,11734): error TS2322: Type 'String' is not assignable to type 'HTMLElement'.
coverage/prettify.ts(1,11756): error TS2345: Argument of type 'number' is not assignable to parameter of type 'Boolean'.
coverage/prettify.ts(1,11779): error TS2339: Property 'nextSibling' does not exist on type 'Object'.
coverage/prettify.ts(1,11806): error TS2345: Argument of type 'String' is not assignable to parameter of type 'Node'.
  Type 'String' is missing the following properties from type 'Node': baseURI, childNodes, firstChild, isConnected, and 45 more.
coverage/prettify.ts(1,11840): error TS2339: Property 'nextSibling' does not exist on type 'Function'.
coverage/prettify.ts(1,11867): error TS2345: Argument of type 'Function' is not assignable to parameter of type 'Node'.
  Type 'Function' is missing the following properties from type 'Node': baseURI, childNodes, firstChild, isConnected, and 46 more.
coverage/prettify.ts(1,11886): error TS2322: Type 'String' is not assignable to type 'HTMLElement'.
coverage/prettify.ts(1,11908): error TS2339: Property 'nextSibling' does not exist on type 'Object'.
coverage/prettify.ts(1,11920): error TS2345: Argument of type 'number' is not assignable to parameter of type 'Boolean'.
coverage/prettify.ts(1,11972): error TS2740: Type 'ParentNode' is missing the following properties from type 'HTMLElement': accessKey, accessKeyLabel, autocapitalize, dir, and 218 more.
coverage/prettify.ts(1,12035): error TS2362: The left-hand side of an arithmetic operation must be of type 'any', 'number', 'bigint' or an enum type.
coverage/prettify.ts(1,12095): error TS2339: Property 'createElement' does not exist on type 'HTMLElement'.
coverage/prettify.ts(1,12166): error TS2362: The left-hand side of an arithmetic operation must be of type 'any', 'number', 'bigint' or an enum type.
coverage/prettify.ts(1,12238): error TS2365: Operator '+' cannot be applied to types 'number' and 'Number'.
coverage/prettify.ts(1,12284): error TS2339: Property 'createTextNode' does not exist on type 'HTMLElement'.
coverage/prettify.ts(1,12369): error TS2304: Cannot find name 'Void'.
coverage/prettify.ts(1,12466): error TS2339: Property 'sourceCode' does not exist on type 'Object'.
coverage/prettify.ts(1,12526): error TS2314: Generic type 'Array<T>' requires 1 type argument(s).
coverage/prettify.ts(1,12535): error TS2339: Property 'spans' does not exist on type 'Object'.
coverage/prettify.ts(1,12599): error TS2339: Property 'decorations' does not exist on type 'Object'.
coverage/prettify.ts(1,12627): error TS2339: Property 'length' does not exist on type 'Object'.
coverage/prettify.ts(1,12652): error TS2538: Type 'Number' cannot be used as an index type.
coverage/prettify.ts(1,12708): error TS2538: Type 'Number' cannot be used as an index type.
coverage/prettify.ts(1,12714): error TS7053: Element implicitly has an 'any' type because expression of type 'any' can't be used to index type 'Object'.
coverage/prettify.ts(1,12716): error TS2365: Operator '+' cannot be applied to types 'Number' and 'number'.
coverage/prettify.ts(1,12723): error TS7053: Element implicitly has an 'any' type because expression of type 'number' can't be used to index type 'Object'.
  No index signature with a parameter of type 'number' was found on type 'Object'.
coverage/prettify.ts(1,12725): error TS2356: An arithmetic operand must be of type 'any', 'number', 'bigint' or an enum type.
coverage/prettify.ts(1,12731): error TS7053: Element implicitly has an 'any' type because expression of type 'number' can't be used to index type 'Object'.
  No index signature with a parameter of type 'number' was found on type 'Object'.
coverage/prettify.ts(1,12733): error TS2356: An arithmetic operand must be of type 'any', 'number', 'bigint' or an enum type.
coverage/prettify.ts(1,12739): error TS7053: Element implicitly has an 'any' type because expression of type 'number' can't be used to index type 'Object'.
  No index signature with a parameter of type 'number' was found on type 'Object'.
coverage/prettify.ts(1,12741): error TS2356: An arithmetic operand must be of type 'any', 'number', 'bigint' or an enum type.
coverage/prettify.ts(1,12747): error TS7053: Element implicitly has an 'any' type because expression of type 'number' can't be used to index type 'Object'.
  No index signature with a parameter of type 'number' was found on type 'Object'.
coverage/prettify.ts(1,12749): error TS2356: An arithmetic operand must be of type 'any', 'number', 'bigint' or an enum type.
coverage/prettify.ts(1,12760): error TS2365: Operator '+=' cannot be applied to types 'Number' and 'number'.
coverage/prettify.ts(1,12808): error TS2538: Type 'Number' cannot be used as an index type.
coverage/prettify.ts(1,12827): error TS7053: Element implicitly has an 'any' type because expression of type 'any' can't be used to index type 'Object'.
coverage/prettify.ts(1,12829): error TS2365: Operator '+' cannot be applied to types 'Number' and 'number'.
coverage/prettify.ts(1,12849): error TS2365: Operator '+' cannot be applied to types 'Number' and 'number'.
coverage/prettify.ts(1,12860): error TS2365: Operator '+' cannot be applied to types 'Number' and 'number'.
coverage/prettify.ts(1,12868): error TS7053: Element implicitly has an 'any' type because expression of type 'any' can't be used to index type 'Object'.
coverage/prettify.ts(1,12870): error TS2365: Operator '+' cannot be applied to types 'Number' and 'number'.
coverage/prettify.ts(1,12881): error TS2365: Operator '+=' cannot be applied to types 'Number' and 'number'.
coverage/prettify.ts(1,12886): error TS7053: Element implicitly has an 'any' type because expression of type 'number' can't be used to index type 'Object'.
  No index signature with a parameter of type 'number' was found on type 'Object'.
coverage/prettify.ts(1,12888): error TS2356: An arithmetic operand must be of type 'any', 'number', 'bigint' or an enum type.
coverage/prettify.ts(1,12897): error TS7053: Element implicitly has an 'any' type because expression of type 'number' can't be used to index type 'Object'.
  No index signature with a parameter of type 'number' was found on type 'Object'.
coverage/prettify.ts(1,12899): error TS2356: An arithmetic operand must be of type 'any', 'number', 'bigint' or an enum type.
coverage/prettify.ts(1,12917): error TS2339: Property 'length' does not exist on type 'Object'.
coverage/prettify.ts(1,12935): error TS2314: Generic type 'Array<T>' requires 1 type argument(s).
coverage/prettify.ts(1,12997): error TS2365: Operator '+' cannot be applied to types 'Number' and 'number'.
coverage/prettify.ts(1,13024): error TS2538: Type 'Number' cannot be used as an index type.
coverage/prettify.ts(1,13042): error TS7053: Element implicitly has an 'any' type because expression of type 'any' can't be used to index type 'Object'.
coverage/prettify.ts(1,13044): error TS2365: Operator '+' cannot be applied to types 'Number' and 'number'.
coverage/prettify.ts(1,13076): error TS2345: Argument of type 'Number' is not assignable to parameter of type 'number'.
  'number' is a primitive, but 'Number' is a wrapper object. Prefer using 'number' when possible.
coverage/prettify.ts(1,13105): error TS2365: Operator '+' cannot be applied to types 'Number' and 'number'.
coverage/prettify.ts(1,13161): error TS2345: Argument of type 'Number' is not assignable to parameter of type 'number'.
  'number' is a primitive, but 'Number' is a wrapper object. Prefer using 'number' when possible.
coverage/prettify.ts(1,13196): error TS2322: Type 'String' is not assignable to type 'string'.
  'string' is a primitive, but 'String' is a wrapper object. Prefer using 'string' when possible.
coverage/prettify.ts(1,13215): error TS2322: Type 'Document' is not assignable to type 'HTMLElement'.
coverage/prettify.ts(1,13271): error TS2339: Property 'createElement' does not exist on type 'HTMLElement'.
coverage/prettify.ts(1,13306): error TS7053: Element implicitly has an 'any' type because expression of type 'any' can't be used to index type 'Object'.
coverage/prettify.ts(1,13308): error TS2365: Operator '+' cannot be applied to types 'Number' and 'number'.
coverage/prettify.ts(1,13317): error TS2322: Type 'ParentNode | null' is not assignable to type 'HTMLElement'.
  Type 'null' is not assignable to type 'HTMLElement'.
coverage/prettify.ts(1,13400): error TS2365: Operator '+' cannot be applied to types 'Number' and 'number'.
coverage/prettify.ts(1,13412): error TS2339: Property 'createTextNode' does not exist on type 'HTMLElement'.
coverage/prettify.ts(1,13440): error TS2345: Argument of type 'Number' is not assignable to parameter of type 'number'.
  'number' is a primitive, but 'Number' is a wrapper object. Prefer using 'number' when possible.
coverage/prettify.ts(1,13495): error TS2365: Operator '+=' cannot be applied to types 'Number' and 'number'.
coverage/prettify.ts(1,13511): error TS2365: Operator '+=' cannot be applied to types 'Number' and 'number'.
coverage/prettify.ts(1,13559): error TS2314: Generic type 'Array<T>' requires 1 type argument(s).
coverage/prettify.ts(1,13567): error TS2304: Cannot find name 'Void'.
coverage/prettify.ts(1,13640): error TS2345: Argument of type 'String' is not assignable to parameter of type 'PropertyKey'.
coverage/prettify.ts(1,13646): error TS2538: Type 'String' cannot be used as an index type.
coverage/prettify.ts(1,13797): error TS2345: Argument of type 'String' is not assignable to parameter of type 'PropertyKey'.
coverage/prettify.ts(1,13817): error TS2345: Argument of type 'String' is not assignable to parameter of type 'string'.
  'string' is a primitive, but 'String' is a wrapper object. Prefer using 'string' when possible.
coverage/prettify.ts(1,13861): error TS2538: Type 'String' cannot be used as an index type.
coverage/prettify.ts(1,13888): error TS2345: Argument of type 'Function' is not assignable to parameter of type 'String'.
coverage/prettify.ts(1,14331): error TS2345: Argument of type 'Function' is not assignable to parameter of type 'String'.
coverage/prettify.ts(1,14840): error TS2345: Argument of type 'Function' is not assignable to parameter of type 'String'.
coverage/prettify.ts(1,15712): error TS2345: Argument of type 'Function' is not assignable to parameter of type 'String'.
coverage/prettify.ts(1,15769): error TS2304: Cannot find name 'Void'.
coverage/prettify.ts(1,15781): error TS2314: Generic type 'Array<T>' requires 1 type argument(s).
coverage/prettify.ts(1,15789): error TS2339: Property 'langExtension' does not exist on type 'Object'.
coverage/prettify.ts(1,15825): error TS2339: Property 'sourceNode' does not exist on type 'Object'.
coverage/prettify.ts(1,15853): error TS2339: Property 'sourceCode' does not exist on type 'Object'.
coverage/prettify.ts(1,15866): error TS2339: Property 'sourceCode' does not exist on type 'Object'.
coverage/prettify.ts(1,15881): error TS2339: Property 'spans' does not exist on type 'Object'.
coverage/prettify.ts(1,15889): error TS2339: Property 'spans' does not exist on type 'Object'.
coverage/prettify.ts(1,15897): error TS2339: Property 'basePos' does not exist on type 'Object'.
coverage/prettify.ts(1,15907): error TS2349: This expression is not callable.
  Type 'String' has no call signatures.
coverage/prettify.ts(1,15970): error TS2571: Object is of type 'unknown'.
coverage/prettify.ts(1,15978): error TS2571: Object is of type 'unknown'.
coverage/prettify.ts(1,16090): error TS2322: Type 'String' is not assignable to type 'string'.
  'string' is a primitive, but 'String' is a wrapper object. Prefer using 'string' when possible.
coverage/prettify.ts(1,16114): error TS2345: Argument of type 'String' is not assignable to parameter of type 'Number'.
coverage/prettify.ts(1,16226): error TS2304: Cannot find name 'Void'.
coverage/prettify.ts(1,16299): error TS2769: No overload matches this call.
  Overload 1 of 3, '(qualifiedName: keyof HTMLElementTagNameMap): HTMLCollectionOf<HTMLElement | HTMLCanvasElement | HTMLImageElement | ... 65 more ... | HTMLUListElement>', gave the following error.
    Argument of type 'String' is not assignable to parameter of type 'keyof HTMLElementTagNameMap'.
  Overload 2 of 3, '(qualifiedName: keyof SVGElementTagNameMap): HTMLCollectionOf<SVGImageElement | SVGScriptElement | SVGSVGElement | ... 59 more ... | SVGUseElement>', gave the following error.
    Argument of type 'String' is not assignable to parameter of type 'keyof SVGElementTagNameMap'.
  Overload 3 of 3, '(qualifiedName: string): HTMLCollectionOf<Element>', gave the following error.
    Argument of type 'String' is not assignable to parameter of type 'string'.
      'string' is a primitive, but 'String' is a wrapper object. Prefer using 'string' when possible.
coverage/prettify.ts(1,16311): error TS2314: Generic type 'Array<T>' requires 1 type argument(s).
coverage/prettify.ts(1,16354): error TS2314: Generic type 'Array<T>' requires 1 type argument(s).
coverage/prettify.ts(1,16463): error TS2322: Type 'DateConstructor' is not assignable to type 'Boolean'.
  The types returned by 'valueOf()' are incompatible between these types.
    Type 'Object' is not assignable to type 'boolean'.
coverage/prettify.ts(1,16485): error TS2339: Property 'now' does not exist on type 'Boolean'.
coverage/prettify.ts(1,16493): error TS2322: Type '{ now: () => number; }' is not assignable to type 'Boolean'.
  Object literal may only specify known properties, and 'now' does not exist in type 'Boolean'.
coverage/prettify.ts(1,16654): error TS2304: Cannot find name 'Void'.
coverage/prettify.ts(1,16682): error TS2339: Property 'PR_SHOULD_USE_CONTINUATION' does not exist on type 'Window & typeof globalThis'.
coverage/prettify.ts(1,16711): error TS2339: Property 'now' does not exist on type 'Boolean'.
coverage/prettify.ts(1,16750): error TS2339: Property 'now' does not exist on type 'Boolean'.
coverage/prettify.ts(1,16759): error TS2356: An arithmetic operand must be of type 'any', 'number', 'bigint' or an enum type.
coverage/prettify.ts(1,16854): error TS2322: Type 'RegExpMatchArray | null' is not assignable to type 'Object'.
  Type 'null' is not assignable to type 'Object'.
coverage/prettify.ts(1,16907): error TS2322: Type 'String' is not assignable to type 'HTMLElement'.
coverage/prettify.ts(1,16939): error TS2322: Type 'RegExpMatchArray | null' is not assignable to type 'Object'.
  Type 'null' is not assignable to type 'Object'.
coverage/prettify.ts(1,16975): error TS7053: Element implicitly has an 'any' type because expression of type '1' can't be used to index type 'Object'.
  Property '1' does not exist on type 'Object'.
coverage/prettify.ts(1,17056): error TS2339: Property 'tagName' does not exist on type 'ParentNode'.
coverage/prettify.ts(1,17076): error TS2339: Property 'tagName' does not exist on type 'ParentNode'.
coverage/prettify.ts(1,17097): error TS2339: Property 'tagName' does not exist on type 'ParentNode'.
coverage/prettify.ts(1,17118): error TS2339: Property 'className' does not exist on type 'ParentNode'.
coverage/prettify.ts(1,17132): error TS2339: Property 'className' does not exist on type 'ParentNode'.
coverage/prettify.ts(1,17196): error TS2322: Type 'RegExpMatchArray | null' is not assignable to type 'Object'.
  Type 'null' is not assignable to type 'Object'.
coverage/prettify.ts(1,17259): error TS7053: Element implicitly has an 'any' type because expression of type '1' can't be used to index type 'Object'.
  Property '1' does not exist on type 'Object'.
coverage/prettify.ts(1,17266): error TS7053: Element implicitly has an 'any' type because expression of type '1' can't be used to index type 'Object'.
  Property '1' does not exist on type 'Object'.
coverage/prettify.ts(1,17280): error TS7053: Element implicitly has an 'any' type because expression of type '1' can't be used to index type 'Object'.
  Property '1' does not exist on type 'Object'.
coverage/prettify.ts(1,17309): error TS2345: Argument of type 'Object' is not assignable to parameter of type 'Number'.
  The 'Object' type is assignable to very few other types. Did you mean to use the 'any' type instead?
    Type 'Object' is missing the following properties from type 'Number': toFixed, toExponential, toPrecision
coverage/prettify.ts(1,17433): error TS2339: Property 'prettyPrintOne' does not exist on type 'Window & typeof globalThis'.
coverage/prettify.ts(1,17457): error TS2339: Property 'prettyPrint' does not exist on type 'Window & typeof globalThis'.
coverage/prettify.ts(1,17478): error TS2339: Property 'PR' does not exist on type 'Window & typeof globalThis'.
coverage/prettify.ts(1,17721): error TS2304: Cannot find name 'PR'.
coverage/prettify.ts(1,17744): error TS2304: Cannot find name 'PR'.
coverage/prettify.ts(1,17770): error TS2304: Cannot find name 'PR'.
coverage/prettify.ts(1,17810): error TS2304: Cannot find name 'PR'.
coverage/prettify.ts(1,17853): error TS2304: Cannot find name 'PR'.
coverage/prettify.ts(1,18297): error TS2304: Cannot find name 'PR'.
coverage/prettify.ts(1,18345): error TS2304: Cannot find name 'PR'.
coverage/prettify.ts(1,18388): error TS2304: Cannot find name 'PR'.
coverage/prettify.ts(1,18433): error TS2304: Cannot find name 'PR'.
coverage/prettify.ts(1,18486): error TS2304: Cannot find name 'PR'.
coverage/prettify.ts(1,18509): error TS2304: Cannot find name 'PR'.
coverage/prettify.ts(1,18532): error TS2304: Cannot find name 'PR'.
coverage/prettify.ts(1,18581): error TS2304: Cannot find name 'PR'.
coverage/prettify.ts(1,18654): error TS2304: Cannot find name 'PR'.
coverage/prettify.ts(1,18768): error TS2304: Cannot find name 'PR'.
coverage/prettify.ts(1,18961): error TS2304: Cannot find name 'PR'.
coverage/prettify.ts(1,19014): error TS2304: Cannot find name 'PR'.
coverage/prettify.ts(1,19046): error TS2304: Cannot find name 'PR'.
coverage/prettify.ts(1,19096): error TS2304: Cannot find name 'PR'.
coverage/prettify.ts(1,19138): error TS2304: Cannot find name 'PR'.
coverage/prettify.ts(1,19220): error TS2304: Cannot find name 'PR'.
coverage/prettify.ts(1,19266): error TS2304: Cannot find name 'PR'.
coverage/prettify.ts(1,19289): error TS2304: Cannot find name 'PR'.
coverage/prettify.ts(1,19315): error TS2304: Cannot find name 'PR'.
coverage/prettify.ts(1,19412): error TS2304: Cannot find name 'PR'.
coverage/prettify.ts(1,19435): error TS2304: Cannot find name 'PR'.
coverage/prettify.ts(1,19461): error TS2304: Cannot find name 'PR'.
cssesc.ts(4,5): error TS2451: Cannot redeclare block-scoped variable 'object'.
cssesc.ts(5,5): error TS2451: Cannot redeclare block-scoped variable 'hasOwnProperty'.
cssesc.ts(6,5): error TS2451: Cannot redeclare block-scoped variable 'merge'.
cssesc.ts(14,3): error TS7053: Element implicitly has an 'any' type because expression of type 'string' can't be used to index type 'Object'.
  No index signature with a parameter of type 'string' was found on type 'Object'.
cssesc.ts(14,53): error TS7053: Element implicitly has an 'any' type because expression of type 'string' can't be used to index type 'Object'.
  No index signature with a parameter of type 'string' was found on type 'Object'.
cssesc.ts(14,68): error TS7053: Element implicitly has an 'any' type because expression of type 'string' can't be used to index type 'Object'.
  No index signature with a parameter of type 'string' was found on type 'Object'.
cssesc.ts(19,5): error TS2451: Cannot redeclare block-scoped variable 'regexAnySingleEscape'.
cssesc.ts(20,5): error TS2451: Cannot redeclare block-scoped variable 'regexSingleEscape'.
cssesc.ts(21,5): error TS2451: Cannot redeclare block-scoped variable 'regexAlwaysEscape'.
cssesc.ts(22,5): error TS2451: Cannot redeclare block-scoped variable 'regexExcessiveSpaces'.
cssesc.ts(25,5): error TS2322: Type '(string: String, options: Object) => String' is not assignable to type 'HTMLElement'.
cssesc.ts(26,34): error TS2339: Property 'options' does not exist on type '(string: String, options: Object) => String'.
cssesc.ts(27,14): error TS2339: Property 'quotes' does not exist on type 'Object'.
cssesc.ts(27,44): error TS2339: Property 'quotes' does not exist on type 'Object'.
cssesc.ts(28,11): error TS2339: Property 'quotes' does not exist on type 'Object'.
cssesc.ts(30,30): error TS2339: Property 'quotes' does not exist on type 'Object'.
cssesc.ts(31,38): error TS2339: Property 'isIdentifier' does not exist on type 'Object'.
cssesc.ts(38,41): error TS2356: An arithmetic operand must be of type 'any', 'number', 'bigint' or an enum type.
cssesc.ts(39,37): error TS2554: Expected 1 arguments, but got 0.
cssesc.ts(40,7): error TS2322: Type 'undefined' is not assignable to type 'Number'.
cssesc.ts(45,43): error TS2356: An arithmetic operand must be of type 'any', 'number', 'bigint' or an enum type.
cssesc.ts(46,10): error TS2362: The left-hand side of an arithmetic operation must be of type 'any', 'number', 'bigint' or an enum type.
cssesc.ts(48,20): error TS2362: The left-hand side of an arithmetic operation must be of type 'any', 'number', 'bigint' or an enum type.
cssesc.ts(48,49): error TS2362: The left-hand side of an arithmetic operation must be of type 'any', 'number', 'bigint' or an enum type.
cssesc.ts(52,6): error TS2356: An arithmetic operand must be of type 'any', 'number', 'bigint' or an enum type.
cssesc.ts(55,4): error TS2322: Type 'string' is not assignable to type 'Number'.
cssesc.ts(57,16): error TS2339: Property 'escapeEverything' does not exist on type 'Object'.
cssesc.ts(58,35): error TS2345: Argument of type 'String' is not assignable to parameter of type 'string'.
  'string' is a primitive, but 'String' is a wrapper object. Prefer using 'string' when possible.
cssesc.ts(59,6): error TS2322: Type 'string' is not assignable to type 'Number'.
cssesc.ts(61,6): error TS2322: Type 'string' is not assignable to type 'Number'.
cssesc.ts(63,37): error TS2345: Argument of type 'String' is not assignable to parameter of type 'string'.
  'string' is a primitive, but 'String' is a wrapper object. Prefer using 'string' when possible.
cssesc.ts(64,5): error TS2322: Type 'string' is not assignable to type 'Number'.
cssesc.ts(65,179): error TS2345: Argument of type 'String' is not assignable to parameter of type 'string'.
  'string' is a primitive, but 'String' is a wrapper object. Prefer using 'string' when possible.
cssesc.ts(66,5): error TS2322: Type 'string' is not assignable to type 'Number'.
cssesc.ts(68,5): error TS2739: Type 'String' is missing the following properties from type 'Number': toFixed, toExponential, toPrecision
cssesc.ts(71,3): error TS2365: Operator '+=' cannot be applied to types 'String' and 'Number'.
cssesc.ts(75,22): error TS2345: Argument of type 'String' is not assignable to parameter of type 'string'.
  'string' is a primitive, but 'String' is a wrapper object. Prefer using 'string' when possible.
cssesc.ts(77,24): error TS2345: Argument of type 'String' is not assignable to parameter of type 'string'.
  'string' is a primitive, but 'String' is a wrapper object. Prefer using 'string' when possible.
cssesc.ts(85,62): error TS2314: Generic type 'Array<T>' requires 1 type argument(s).
cssesc.ts(85,73): error TS2314: Generic type 'Array<T>' requires 1 type argument(s).
cssesc.ts(94,31): error TS2339: Property 'wrap' does not exist on type 'Object'.
cssesc.ts(95,10): error TS2365: Operator '+' cannot be applied to types 'String' and 'String'.
cssesc.ts(101,8): error TS2339: Property 'options' does not exist on type 'HTMLElement'.
cssesc.ts(108,8): error TS2339: Property 'version' does not exist on type 'HTMLElement'.
src/cssesc.ts(4,7): error TS2451: Cannot redeclare block-scoped variable 'object'.
src/cssesc.ts(5,7): error TS2451: Cannot redeclare block-scoped variable 'hasOwnProperty'.
src/cssesc.ts(6,7): error TS2451: Cannot redeclare block-scoped variable 'merge'.
src/cssesc.ts(14,3): error TS7053: Element implicitly has an 'any' type because expression of type 'string' can't be used to index type 'Object'.
  No index signature with a parameter of type 'string' was found on type 'Object'.
src/cssesc.ts(15,6): error TS7053: Element implicitly has an 'any' type because expression of type 'string' can't be used to index type 'Object'.
  No index signature with a parameter of type 'string' was found on type 'Object'.
src/cssesc.ts(16,6): error TS7053: Element implicitly has an 'any' type because expression of type 'string' can't be used to index type 'Object'.
  No index signature with a parameter of type 'string' was found on type 'Object'.
src/cssesc.ts(21,7): error TS2451: Cannot redeclare block-scoped variable 'regexAnySingleEscape'.
src/cssesc.ts(22,7): error TS2451: Cannot redeclare block-scoped variable 'regexSingleEscape'.
src/cssesc.ts(23,7): error TS2451: Cannot redeclare block-scoped variable 'regexAlwaysEscape'.
src/cssesc.ts(24,7): error TS2451: Cannot redeclare block-scoped variable 'regexExcessiveSpaces'.
src/cssesc.ts(28,34): error TS2339: Property 'options' does not exist on type 'HTMLElement'.
src/cssesc.ts(29,14): error TS2339: Property 'quotes' does not exist on type 'Object'.
src/cssesc.ts(29,44): error TS2339: Property 'quotes' does not exist on type 'Object'.
src/cssesc.ts(30,11): error TS2339: Property 'quotes' does not exist on type 'Object'.
src/cssesc.ts(32,32): error TS2339: Property 'quotes' does not exist on type 'Object'.
src/cssesc.ts(33,40): error TS2339: Property 'isIdentifier' does not exist on type 'Object'.
src/cssesc.ts(40,43): error TS2356: An arithmetic operand must be of type 'any', 'number', 'bigint' or an enum type.
src/cssesc.ts(41,37): error TS2554: Expected 1 arguments, but got 0.
src/cssesc.ts(47,45): error TS2356: An arithmetic operand must be of type 'any', 'number', 'bigint' or an enum type.
src/cssesc.ts(48,10): error TS2362: The left-hand side of an arithmetic operation must be of type 'any', 'number', 'bigint' or an enum type.
src/cssesc.ts(49,20): error TS2362: The left-hand side of an arithmetic operation must be of type 'any', 'number', 'bigint' or an enum type.
src/cssesc.ts(49,49): error TS2362: The left-hand side of an arithmetic operation must be of type 'any', 'number', 'bigint' or an enum type.
src/cssesc.ts(53,6): error TS2356: An arithmetic operand must be of type 'any', 'number', 'bigint' or an enum type.
src/cssesc.ts(56,4): error TS2322: Type 'string' is not assignable to type 'Number'.
src/cssesc.ts(58,16): error TS2339: Property 'escapeEverything' does not exist on type 'Object'.
src/cssesc.ts(59,35): error TS2345: Argument of type 'String' is not assignable to parameter of type 'string'.
  'string' is a primitive, but 'String' is a wrapper object. Prefer using 'string' when possible.
src/cssesc.ts(60,6): error TS2322: Type 'string' is not assignable to type 'Number'.
src/cssesc.ts(62,6): error TS2322: Type 'string' is not assignable to type 'Number'.
src/cssesc.ts(64,37): error TS2345: Argument of type 'String' is not assignable to parameter of type 'string'.
  'string' is a primitive, but 'String' is a wrapper object. Prefer using 'string' when possible.
src/cssesc.ts(65,5): error TS2322: Type 'string' is not assignable to type 'Number'.
src/cssesc.ts(75,45): error TS2345: Argument of type 'String' is not assignable to parameter of type 'string'.
  'string' is a primitive, but 'String' is a wrapper object. Prefer using 'string' when possible.
src/cssesc.ts(77,5): error TS2322: Type 'string' is not assignable to type 'Number'.
src/cssesc.ts(79,5): error TS2322: Type 'String' is not assignable to type 'Number'.
src/cssesc.ts(82,3): error TS2365: Operator '+=' cannot be applied to types 'String' and 'Number'.
src/cssesc.ts(86,22): error TS2345: Argument of type 'String' is not assignable to parameter of type 'string'.
  'string' is a primitive, but 'String' is a wrapper object. Prefer using 'string' when possible.
src/cssesc.ts(88,24): error TS2345: Argument of type 'String' is not assignable to parameter of type 'string'.
  'string' is a primitive, but 'String' is a wrapper object. Prefer using 'string' when possible.
src/cssesc.ts(96,61): error TS2314: Generic type 'Array<T>' requires 1 type argument(s).
src/cssesc.ts(96,72): error TS2314: Generic type 'Array<T>' requires 1 type argument(s).
src/cssesc.ts(105,31): error TS2339: Property 'wrap' does not exist on type 'Object'.
src/cssesc.ts(106,10): error TS2365: Operator '+' cannot be applied to types 'String' and 'String'.
src/cssesc.ts(112,8): error TS2339: Property 'options' does not exist on type 'HTMLElement'.
src/cssesc.ts(119,8): error TS2339: Property 'version' does not exist on type 'HTMLElement'.
src/data.ts(6,10): error TS2314: Generic type 'Array<T>' requires 1 type argument(s).
src/data.ts(14,27): error TS2339: Property 'readFileSync' does not exist on type 'String'.
../../../../node_modules/@types/get-intrinsic/internal/intrinsics.d.ts(11,25): error TS2304: Cannot find name 'AggregateErrorConstructor'.
../../../../node_modules/@types/get-intrinsic/internal/intrinsics.d.ts(126,42): error TS2304: Cannot find name 'AggregateError'.
../../../../node_modules/@types/get-intrinsic/internal/intrinsics.d.ts(127,47): error TS2304: Cannot find name 'AggregateError'.
../../../../node_modules/@types/get-intrinsic/internal/intrinsics.d.ts(128,50): error TS2304: Cannot find name 'AggregateError'.
../../../../node_modules/@types/get-intrinsic/internal/intrinsics.d.ts(418,37): error TS2550: Property 'any' does not exist on type 'PromiseConstructor'. Do you need to change your target library? Try changing the 'lib' compiler option to 'es2021' or later.
../../../../node_modules/@types/get-intrinsic/internal/intrinsics.d.ts(514,62): error TS2550: Property 'replaceAll' does not exist on type 'String'. Do you need to change your target library? Try changing the 'lib' compiler option to 'es2021' or later.

