benchmarks/run/add-remove.ts(10,5): error TS2300: Duplicate identifier 'EE'.
benchmarks/run/add-remove.ts(14,10): error TS2393: Duplicate function implementation.
benchmarks/run/add-remove.ts(18,28): error TS2351: This expression is not constructable.
  Type '{}' has no construct signatures.
benchmarks/run/add-remove.ts(19,28): error TS2351: This expression is not constructable.
  Type '{}' has no construct signatures.
benchmarks/run/add-remove.ts(20,28): error TS2351: This expression is not constructable.
  Type 'any[]' has no construct signatures.
benchmarks/run/add-remove.ts(21,31): error TS2351: This expression is not constructable.
  Type 'any[]' has no construct signatures.
benchmarks/run/add-remove.ts(22,29): error TS2351: This expression is not constructable.
  Type '{}' has no construct signatures.
benchmarks/run/add-remove.ts(23,27): error TS2351: This expression is not constructable.
  Type 'any[]' has no construct signatures.
benchmarks/run/add-remove.ts(25,5): error TS2322: Type 'void' is not assignable to type 'HTMLElement'.
benchmarks/run/add-remove.ts(25,23): error TS2554: Expected 3 arguments, but got 0.
benchmarks/run/add-remove.ts(28,17): error TS2339: Property 'Suite' does not exist on type 'any[]'.
benchmarks/run/add-remove.ts(30,7): error TS2339: Property 'on' does not exist on type 'HTMLElement'.
benchmarks/run/add-remove.ts(31,7): error TS2339: Property 'removeListener' does not exist on type 'HTMLElement'.
benchmarks/run/add-remove.ts(33,7): error TS2339: Property 'on' does not exist on type 'HTMLElement'.
benchmarks/run/add-remove.ts(34,7): error TS2339: Property 'removeListener' does not exist on type 'HTMLElement'.
benchmarks/run/add-remove.ts(36,7): error TS2339: Property 'on' does not exist on type 'HTMLElement'.
benchmarks/run/add-remove.ts(37,7): error TS2339: Property 'removeListener' does not exist on type 'HTMLElement'.
benchmarks/run/add-remove.ts(39,10): error TS2339: Property 'on' does not exist on type 'HTMLElement'.
benchmarks/run/add-remove.ts(40,10): error TS2339: Property 'removeListener' does not exist on type 'HTMLElement'.
benchmarks/run/add-remove.ts(42,8): error TS2339: Property 'on' does not exist on type 'HTMLElement'.
benchmarks/run/add-remove.ts(43,8): error TS2339: Property 'removeListener' does not exist on type 'HTMLElement'.
benchmarks/run/add-remove.ts(45,6): error TS2339: Property 'on' does not exist on type 'HTMLElement'.
benchmarks/run/add-remove.ts(46,6): error TS2339: Property 'removeListener' does not exist on type 'HTMLElement'.
benchmarks/run/add-remove.ts(48,6): error TS2339: Property 'on' does not exist on type 'HTMLElement'.
benchmarks/run/add-remove.ts(49,6): error TS2339: Property 'off' does not exist on type 'HTMLElement'.
benchmarks/run/add-remove.ts(51,6): error TS2339: Property 'on' does not exist on type 'HTMLElement'.
benchmarks/run/add-remove.ts(52,6): error TS2339: Property 'off' does not exist on type 'HTMLElement'.
benchmarks/run/add-remove.ts(54,17): error TS2339: Property 'target' does not exist on type 'HTMLElement'.
benchmarks/run/context.ts(10,5): error TS2300: Duplicate identifier 'EE'.
benchmarks/run/context.ts(16,10): error TS2393: Duplicate function implementation.
benchmarks/run/context.ts(20,28): error TS2351: This expression is not constructable.
  Type '{}' has no construct signatures.
benchmarks/run/context.ts(21,28): error TS2351: This expression is not constructable.
  Type '{}' has no construct signatures.
benchmarks/run/context.ts(22,28): error TS2351: This expression is not constructable.
  Type 'any[]' has no construct signatures.
benchmarks/run/context.ts(23,31): error TS2351: This expression is not constructable.
  Type 'any[]' has no construct signatures.
benchmarks/run/context.ts(24,29): error TS2351: This expression is not constructable.
  Type '{}' has no construct signatures.
benchmarks/run/context.ts(25,27): error TS2351: This expression is not constructable.
  Type 'any[]' has no construct signatures.
benchmarks/run/context.ts(27,5): error TS2322: Type 'void' is not assignable to type 'HTMLElement'.
benchmarks/run/context.ts(27,23): error TS2554: Expected 3 arguments, but got 0.
benchmarks/run/context.ts(29,5): error TS2339: Property 'on' does not exist on type 'HTMLElement'.
benchmarks/run/context.ts(30,5): error TS2339: Property 'on' does not exist on type 'HTMLElement'.
benchmarks/run/context.ts(31,5): error TS2339: Property 'on' does not exist on type 'HTMLElement'.
benchmarks/run/context.ts(32,6): error TS2339: Property 'on' does not exist on type 'HTMLElement'.
benchmarks/run/context.ts(33,8): error TS2339: Property 'on' does not exist on type 'HTMLElement'.
benchmarks/run/context.ts(34,4): error TS2339: Property 'on' does not exist on type 'HTMLElement'.
benchmarks/run/context.ts(35,4): error TS2339: Property 'on' does not exist on type 'HTMLElement'.
benchmarks/run/context.ts(36,4): error TS2339: Property 'on' does not exist on type 'HTMLElement'.
benchmarks/run/context.ts(39,17): error TS2339: Property 'Suite' does not exist on type 'any[]'.
benchmarks/run/context.ts(41,7): error TS2339: Property 'emit' does not exist on type 'HTMLElement'.
benchmarks/run/context.ts(42,7): error TS2339: Property 'emit' does not exist on type 'HTMLElement'.
benchmarks/run/context.ts(43,7): error TS2339: Property 'emit' does not exist on type 'HTMLElement'.
benchmarks/run/context.ts(44,7): error TS2339: Property 'emit' does not exist on type 'HTMLElement'.
benchmarks/run/context.ts(46,7): error TS2339: Property 'emit' does not exist on type 'HTMLElement'.
benchmarks/run/context.ts(47,7): error TS2339: Property 'emit' does not exist on type 'HTMLElement'.
benchmarks/run/context.ts(48,7): error TS2339: Property 'emit' does not exist on type 'HTMLElement'.
benchmarks/run/context.ts(49,7): error TS2339: Property 'emit' does not exist on type 'HTMLElement'.
benchmarks/run/context.ts(51,7): error TS2339: Property 'emit' does not exist on type 'HTMLElement'.
benchmarks/run/context.ts(52,7): error TS2339: Property 'emit' does not exist on type 'HTMLElement'.
benchmarks/run/context.ts(53,7): error TS2339: Property 'emit' does not exist on type 'HTMLElement'.
benchmarks/run/context.ts(54,7): error TS2339: Property 'emit' does not exist on type 'HTMLElement'.
benchmarks/run/context.ts(56,10): error TS2339: Property 'emit' does not exist on type 'HTMLElement'.
benchmarks/run/context.ts(57,10): error TS2339: Property 'emit' does not exist on type 'HTMLElement'.
benchmarks/run/context.ts(58,10): error TS2339: Property 'emit' does not exist on type 'HTMLElement'.
benchmarks/run/context.ts(59,10): error TS2339: Property 'emit' does not exist on type 'HTMLElement'.
benchmarks/run/context.ts(61,8): error TS2339: Property 'emit' does not exist on type 'HTMLElement'.
benchmarks/run/context.ts(62,8): error TS2339: Property 'emit' does not exist on type 'HTMLElement'.
benchmarks/run/context.ts(63,8): error TS2339: Property 'emit' does not exist on type 'HTMLElement'.
benchmarks/run/context.ts(64,8): error TS2339: Property 'emit' does not exist on type 'HTMLElement'.
benchmarks/run/context.ts(66,6): error TS2339: Property 'emit' does not exist on type 'HTMLElement'.
benchmarks/run/context.ts(67,6): error TS2339: Property 'emit' does not exist on type 'HTMLElement'.
benchmarks/run/context.ts(68,6): error TS2339: Property 'emit' does not exist on type 'HTMLElement'.
benchmarks/run/context.ts(69,6): error TS2339: Property 'emit' does not exist on type 'HTMLElement'.
benchmarks/run/context.ts(71,6): error TS2339: Property 'emit' does not exist on type 'HTMLElement'.
benchmarks/run/context.ts(72,6): error TS2339: Property 'emit' does not exist on type 'HTMLElement'.
benchmarks/run/context.ts(73,6): error TS2339: Property 'emit' does not exist on type 'HTMLElement'.
benchmarks/run/context.ts(74,6): error TS2339: Property 'emit' does not exist on type 'HTMLElement'.
benchmarks/run/context.ts(76,6): error TS2339: Property 'emit' does not exist on type 'HTMLElement'.
benchmarks/run/context.ts(77,6): error TS2339: Property 'emit' does not exist on type 'HTMLElement'.
benchmarks/run/context.ts(78,6): error TS2339: Property 'emit' does not exist on type 'HTMLElement'.
benchmarks/run/context.ts(79,6): error TS2339: Property 'emit' does not exist on type 'HTMLElement'.
benchmarks/run/context.ts(81,17): error TS2339: Property 'target' does not exist on type 'HTMLElement'.
benchmarks/run/emit-multiple-listeners.ts(9,5): error TS2300: Duplicate identifier 'EE'.
benchmarks/run/emit-multiple-listeners.ts(13,10): error TS2393: Duplicate function implementation.
benchmarks/run/emit-multiple-listeners.ts(31,28): error TS2351: This expression is not constructable.
  Type '{}' has no construct signatures.
benchmarks/run/emit-multiple-listeners.ts(32,28): error TS2351: This expression is not constructable.
  Type '{}' has no construct signatures.
benchmarks/run/emit-multiple-listeners.ts(33,28): error TS2351: This expression is not constructable.
  Type 'any[]' has no construct signatures.
benchmarks/run/emit-multiple-listeners.ts(34,31): error TS2351: This expression is not constructable.
  Type 'any[]' has no construct signatures.
benchmarks/run/emit-multiple-listeners.ts(35,27): error TS2351: This expression is not constructable.
  Type 'any[]' has no construct signatures.
benchmarks/run/emit-multiple-listeners.ts(37,5): error TS2322: Type 'void' is not assignable to type 'HTMLElement'.
benchmarks/run/emit-multiple-listeners.ts(37,23): error TS2554: Expected 3 arguments, but got 0.
benchmarks/run/emit-multiple-listeners.ts(39,4): error TS2339: Property 'on' does not exist on type 'HTMLElement'.
benchmarks/run/emit-multiple-listeners.ts(40,4): error TS2339: Property 'on' does not exist on type 'HTMLElement'.
benchmarks/run/emit-multiple-listeners.ts(41,4): error TS2339: Property 'on' does not exist on type 'HTMLElement'.
benchmarks/run/emit-multiple-listeners.ts(42,5): error TS2339: Property 'on' does not exist on type 'HTMLElement'.
benchmarks/run/emit-multiple-listeners.ts(43,5): error TS2339: Property 'on' does not exist on type 'HTMLElement'.
benchmarks/run/emit-multiple-listeners.ts(44,5): error TS2339: Property 'on' does not exist on type 'HTMLElement'.
benchmarks/run/emit-multiple-listeners.ts(45,8): error TS2339: Property 'on' does not exist on type 'HTMLElement'.
benchmarks/run/emit-multiple-listeners.ts(53,17): error TS2339: Property 'Suite' does not exist on type 'any[]'.
benchmarks/run/emit-multiple-listeners.ts(55,7): error TS2339: Property 'emit' does not exist on type 'HTMLElement'.
benchmarks/run/emit-multiple-listeners.ts(56,7): error TS2339: Property 'emit' does not exist on type 'HTMLElement'.
benchmarks/run/emit-multiple-listeners.ts(57,7): error TS2339: Property 'emit' does not exist on type 'HTMLElement'.
benchmarks/run/emit-multiple-listeners.ts(58,7): error TS2339: Property 'emit' does not exist on type 'HTMLElement'.
benchmarks/run/emit-multiple-listeners.ts(60,7): error TS2339: Property 'emit' does not exist on type 'HTMLElement'.
benchmarks/run/emit-multiple-listeners.ts(61,7): error TS2339: Property 'emit' does not exist on type 'HTMLElement'.
benchmarks/run/emit-multiple-listeners.ts(62,7): error TS2339: Property 'emit' does not exist on type 'HTMLElement'.
benchmarks/run/emit-multiple-listeners.ts(63,7): error TS2339: Property 'emit' does not exist on type 'HTMLElement'.
benchmarks/run/emit-multiple-listeners.ts(65,7): error TS2339: Property 'emit' does not exist on type 'HTMLElement'.
benchmarks/run/emit-multiple-listeners.ts(66,7): error TS2339: Property 'emit' does not exist on type 'HTMLElement'.
benchmarks/run/emit-multiple-listeners.ts(67,7): error TS2339: Property 'emit' does not exist on type 'HTMLElement'.
benchmarks/run/emit-multiple-listeners.ts(68,7): error TS2339: Property 'emit' does not exist on type 'HTMLElement'.
benchmarks/run/emit-multiple-listeners.ts(70,10): error TS2339: Property 'emit' does not exist on type 'HTMLElement'.
benchmarks/run/emit-multiple-listeners.ts(71,10): error TS2339: Property 'emit' does not exist on type 'HTMLElement'.
benchmarks/run/emit-multiple-listeners.ts(72,10): error TS2339: Property 'emit' does not exist on type 'HTMLElement'.
benchmarks/run/emit-multiple-listeners.ts(73,10): error TS2339: Property 'emit' does not exist on type 'HTMLElement'.
benchmarks/run/emit-multiple-listeners.ts(75,6): error TS2339: Property 'emit' does not exist on type 'HTMLElement'.
benchmarks/run/emit-multiple-listeners.ts(76,6): error TS2339: Property 'emit' does not exist on type 'HTMLElement'.
benchmarks/run/emit-multiple-listeners.ts(77,6): error TS2339: Property 'emit' does not exist on type 'HTMLElement'.
benchmarks/run/emit-multiple-listeners.ts(78,6): error TS2339: Property 'emit' does not exist on type 'HTMLElement'.
benchmarks/run/emit-multiple-listeners.ts(80,6): error TS2339: Property 'emit' does not exist on type 'HTMLElement'.
benchmarks/run/emit-multiple-listeners.ts(81,6): error TS2339: Property 'emit' does not exist on type 'HTMLElement'.
benchmarks/run/emit-multiple-listeners.ts(82,6): error TS2339: Property 'emit' does not exist on type 'HTMLElement'.
benchmarks/run/emit-multiple-listeners.ts(83,6): error TS2339: Property 'emit' does not exist on type 'HTMLElement'.
benchmarks/run/emit-multiple-listeners.ts(85,6): error TS2339: Property 'emit' does not exist on type 'HTMLElement'.
benchmarks/run/emit-multiple-listeners.ts(86,6): error TS2339: Property 'emit' does not exist on type 'HTMLElement'.
benchmarks/run/emit-multiple-listeners.ts(87,6): error TS2339: Property 'emit' does not exist on type 'HTMLElement'.
benchmarks/run/emit-multiple-listeners.ts(88,6): error TS2339: Property 'emit' does not exist on type 'HTMLElement'.
benchmarks/run/emit-multiple-listeners.ts(90,17): error TS2339: Property 'target' does not exist on type 'HTMLElement'.
benchmarks/run/emit.ts(10,5): error TS2300: Duplicate identifier 'EE'.
benchmarks/run/emit.ts(14,10): error TS2393: Duplicate function implementation.
benchmarks/run/emit.ts(18,28): error TS2351: This expression is not constructable.
  Type '{}' has no construct signatures.
benchmarks/run/emit.ts(19,28): error TS2351: This expression is not constructable.
  Type '{}' has no construct signatures.
benchmarks/run/emit.ts(20,28): error TS2351: This expression is not constructable.
  Type 'any[]' has no construct signatures.
benchmarks/run/emit.ts(21,31): error TS2351: This expression is not constructable.
  Type 'any[]' has no construct signatures.
benchmarks/run/emit.ts(22,29): error TS2351: This expression is not constructable.
  Type '{}' has no construct signatures.
benchmarks/run/emit.ts(23,27): error TS2351: This expression is not constructable.
  Type 'any[]' has no construct signatures.
benchmarks/run/emit.ts(25,5): error TS2322: Type 'void' is not assignable to type 'HTMLElement'.
benchmarks/run/emit.ts(25,23): error TS2554: Expected 3 arguments, but got 0.
benchmarks/run/emit.ts(27,4): error TS2339: Property 'on' does not exist on type 'HTMLElement'.
benchmarks/run/emit.ts(28,4): error TS2339: Property 'on' does not exist on type 'HTMLElement'.
benchmarks/run/emit.ts(29,5): error TS2339: Property 'on' does not exist on type 'HTMLElement'.
benchmarks/run/emit.ts(30,5): error TS2339: Property 'on' does not exist on type 'HTMLElement'.
benchmarks/run/emit.ts(31,5): error TS2339: Property 'on' does not exist on type 'HTMLElement'.
benchmarks/run/emit.ts(32,6): error TS2339: Property 'on' does not exist on type 'HTMLElement'.
benchmarks/run/emit.ts(33,8): error TS2339: Property 'on' does not exist on type 'HTMLElement'.
benchmarks/run/emit.ts(34,4): error TS2339: Property 'on' does not exist on type 'HTMLElement'.
benchmarks/run/emit.ts(37,17): error TS2339: Property 'Suite' does not exist on type 'any[]'.
benchmarks/run/emit.ts(39,7): error TS2339: Property 'emit' does not exist on type 'HTMLElement'.
benchmarks/run/emit.ts(40,7): error TS2339: Property 'emit' does not exist on type 'HTMLElement'.
benchmarks/run/emit.ts(41,7): error TS2339: Property 'emit' does not exist on type 'HTMLElement'.
benchmarks/run/emit.ts(42,7): error TS2339: Property 'emit' does not exist on type 'HTMLElement'.
benchmarks/run/emit.ts(44,7): error TS2339: Property 'emit' does not exist on type 'HTMLElement'.
benchmarks/run/emit.ts(45,7): error TS2339: Property 'emit' does not exist on type 'HTMLElement'.
benchmarks/run/emit.ts(46,7): error TS2339: Property 'emit' does not exist on type 'HTMLElement'.
benchmarks/run/emit.ts(47,7): error TS2339: Property 'emit' does not exist on type 'HTMLElement'.
benchmarks/run/emit.ts(49,7): error TS2339: Property 'emit' does not exist on type 'HTMLElement'.
benchmarks/run/emit.ts(50,7): error TS2339: Property 'emit' does not exist on type 'HTMLElement'.
benchmarks/run/emit.ts(51,7): error TS2339: Property 'emit' does not exist on type 'HTMLElement'.
benchmarks/run/emit.ts(52,7): error TS2339: Property 'emit' does not exist on type 'HTMLElement'.
benchmarks/run/emit.ts(54,10): error TS2339: Property 'emit' does not exist on type 'HTMLElement'.
benchmarks/run/emit.ts(55,10): error TS2339: Property 'emit' does not exist on type 'HTMLElement'.
benchmarks/run/emit.ts(56,10): error TS2339: Property 'emit' does not exist on type 'HTMLElement'.
benchmarks/run/emit.ts(57,10): error TS2339: Property 'emit' does not exist on type 'HTMLElement'.
benchmarks/run/emit.ts(59,8): error TS2339: Property 'emit' does not exist on type 'HTMLElement'.
benchmarks/run/emit.ts(60,8): error TS2339: Property 'emit' does not exist on type 'HTMLElement'.
benchmarks/run/emit.ts(61,8): error TS2339: Property 'emit' does not exist on type 'HTMLElement'.
benchmarks/run/emit.ts(62,8): error TS2339: Property 'emit' does not exist on type 'HTMLElement'.
benchmarks/run/emit.ts(64,6): error TS2339: Property 'emit' does not exist on type 'HTMLElement'.
benchmarks/run/emit.ts(65,6): error TS2339: Property 'emit' does not exist on type 'HTMLElement'.
benchmarks/run/emit.ts(66,6): error TS2339: Property 'emit' does not exist on type 'HTMLElement'.
benchmarks/run/emit.ts(67,6): error TS2339: Property 'emit' does not exist on type 'HTMLElement'.
benchmarks/run/emit.ts(69,6): error TS2339: Property 'emit' does not exist on type 'HTMLElement'.
benchmarks/run/emit.ts(70,6): error TS2339: Property 'emit' does not exist on type 'HTMLElement'.
benchmarks/run/emit.ts(71,6): error TS2339: Property 'emit' does not exist on type 'HTMLElement'.
benchmarks/run/emit.ts(72,6): error TS2339: Property 'emit' does not exist on type 'HTMLElement'.
benchmarks/run/emit.ts(74,6): error TS2339: Property 'emit' does not exist on type 'HTMLElement'.
benchmarks/run/emit.ts(75,6): error TS2339: Property 'emit' does not exist on type 'HTMLElement'.
benchmarks/run/emit.ts(76,6): error TS2339: Property 'emit' does not exist on type 'HTMLElement'.
benchmarks/run/emit.ts(77,6): error TS2339: Property 'emit' does not exist on type 'HTMLElement'.
benchmarks/run/emit.ts(79,17): error TS2339: Property 'target' does not exist on type 'HTMLElement'.
benchmarks/run/hundreds.ts(10,5): error TS2300: Duplicate identifier 'EE'.
benchmarks/run/hundreds.ts(14,10): error TS2393: Duplicate function implementation.
benchmarks/run/hundreds.ts(20,28): error TS2351: This expression is not constructable.
  Type '{}' has no construct signatures.
benchmarks/run/hundreds.ts(21,28): error TS2351: This expression is not constructable.
  Type '{}' has no construct signatures.
benchmarks/run/hundreds.ts(22,28): error TS2351: This expression is not constructable.
  Type 'any[]' has no construct signatures.
benchmarks/run/hundreds.ts(23,31): error TS2351: This expression is not constructable.
  Type 'any[]' has no construct signatures.
benchmarks/run/hundreds.ts(24,29): error TS2351: This expression is not constructable.
  Type '{}' has no construct signatures.
benchmarks/run/hundreds.ts(25,27): error TS2351: This expression is not constructable.
  Type 'any[]' has no construct signatures.
benchmarks/run/hundreds.ts(27,5): error TS2322: Type 'void' is not assignable to type 'HTMLElement'.
benchmarks/run/hundreds.ts(27,23): error TS2554: Expected 3 arguments, but got 0.
benchmarks/run/hundreds.ts(32,8): error TS2339: Property 'on' does not exist on type 'HTMLElement'.
benchmarks/run/hundreds.ts(33,8): error TS2339: Property 'on' does not exist on type 'HTMLElement'.
benchmarks/run/hundreds.ts(34,8): error TS2339: Property 'on' does not exist on type 'HTMLElement'.
benchmarks/run/hundreds.ts(35,9): error TS2339: Property 'on' does not exist on type 'HTMLElement'.
benchmarks/run/hundreds.ts(36,9): error TS2339: Property 'on' does not exist on type 'HTMLElement'.
benchmarks/run/hundreds.ts(37,9): error TS2339: Property 'on' does not exist on type 'HTMLElement'.
benchmarks/run/hundreds.ts(38,10): error TS2339: Property 'on' does not exist on type 'HTMLElement'.
benchmarks/run/hundreds.ts(39,12): error TS2339: Property 'on' does not exist on type 'HTMLElement'.
benchmarks/run/hundreds.ts(44,17): error TS2339: Property 'Suite' does not exist on type 'any[]'.
benchmarks/run/hundreds.ts(47,9): error TS2339: Property 'emit' does not exist on type 'HTMLElement'.
benchmarks/run/hundreds.ts(51,9): error TS2339: Property 'emit' does not exist on type 'HTMLElement'.
benchmarks/run/hundreds.ts(55,9): error TS2339: Property 'emit' does not exist on type 'HTMLElement'.
benchmarks/run/hundreds.ts(59,12): error TS2339: Property 'emit' does not exist on type 'HTMLElement'.
benchmarks/run/hundreds.ts(63,10): error TS2339: Property 'emit' does not exist on type 'HTMLElement'.
benchmarks/run/hundreds.ts(67,8): error TS2339: Property 'emit' does not exist on type 'HTMLElement'.
benchmarks/run/hundreds.ts(71,8): error TS2339: Property 'emit' does not exist on type 'HTMLElement'.
benchmarks/run/hundreds.ts(75,8): error TS2339: Property 'emit' does not exist on type 'HTMLElement'.
benchmarks/run/hundreds.ts(78,17): error TS2339: Property 'target' does not exist on type 'HTMLElement'.
benchmarks/run/init.ts(10,5): error TS2300: Duplicate identifier 'EE'.
benchmarks/run/init.ts(21,17): error TS2339: Property 'Suite' does not exist on type 'any[]'.
benchmarks/run/init.ts(23,17): error TS2351: This expression is not constructable.
  Type '{}' has no construct signatures.
benchmarks/run/init.ts(25,17): error TS2351: This expression is not constructable.
  Type '{}' has no construct signatures.
benchmarks/run/init.ts(27,17): error TS2351: This expression is not constructable.
  Type 'any[]' has no construct signatures.
benchmarks/run/init.ts(29,17): error TS2351: This expression is not constructable.
  Type 'any[]' has no construct signatures.
benchmarks/run/init.ts(31,17): error TS2351: This expression is not constructable.
  Type '{}' has no construct signatures.
benchmarks/run/init.ts(33,17): error TS2351: This expression is not constructable.
  Type 'any[]' has no construct signatures.
benchmarks/run/init.ts(35,3): error TS2322: Type 'void' is not assignable to type 'object'.
benchmarks/run/init.ts(35,13): error TS2554: Expected 3 arguments, but got 0.
benchmarks/run/init.ts(39,17): error TS2339: Property 'target' does not exist on type 'HTMLElement'.
benchmarks/run/listeners.ts(12,10): error TS2393: Duplicate function implementation.
benchmarks/run/listeners.ts(16,28): error TS2351: This expression is not constructable.
  Type '{}' has no construct signatures.
benchmarks/run/listeners.ts(17,28): error TS2351: This expression is not constructable.
  Type 'any[]' has no construct signatures.
benchmarks/run/listeners.ts(18,31): error TS2351: This expression is not constructable.
  Type 'any[]' has no construct signatures.
benchmarks/run/listeners.ts(19,27): error TS2351: This expression is not constructable.
  Type 'any[]' has no construct signatures.
benchmarks/run/listeners.ts(21,5): error TS2339: Property 'setMaxListeners' does not exist on type 'HTMLElement'.
benchmarks/run/listeners.ts(22,4): error TS2339: Property 'setMaxListeners' does not exist on type 'HTMLElement'.
benchmarks/run/listeners.ts(25,7): error TS2339: Property 'on' does not exist on type 'HTMLElement'.
benchmarks/run/listeners.ts(26,7): error TS2339: Property 'on' does not exist on type 'HTMLElement'.
benchmarks/run/listeners.ts(27,10): error TS2339: Property 'on' does not exist on type 'HTMLElement'.
benchmarks/run/listeners.ts(28,6): error TS2339: Property 'on' does not exist on type 'HTMLElement'.
benchmarks/run/listeners.ts(39,17): error TS2339: Property 'Suite' does not exist on type 'any[]'.
benchmarks/run/listeners.ts(41,7): error TS2339: Property 'listeners' does not exist on type 'HTMLElement'.
benchmarks/run/listeners.ts(43,7): error TS2339: Property 'listeners' does not exist on type 'HTMLElement'.
benchmarks/run/listeners.ts(45,10): error TS2339: Property 'listeners' does not exist on type 'HTMLElement'.
benchmarks/run/listeners.ts(47,6): error TS2339: Property 'listeners' does not exist on type 'HTMLElement'.
benchmarks/run/listeners.ts(49,17): error TS2339: Property 'target' does not exist on type 'HTMLElement'.
benchmarks/run/once.ts(10,5): error TS2300: Duplicate identifier 'EE'.
benchmarks/run/once.ts(14,10): error TS2393: Duplicate function implementation.
benchmarks/run/once.ts(18,28): error TS2351: This expression is not constructable.
  Type '{}' has no construct signatures.
benchmarks/run/once.ts(19,28): error TS2351: This expression is not constructable.
  Type '{}' has no construct signatures.
benchmarks/run/once.ts(20,28): error TS2351: This expression is not constructable.
  Type 'any[]' has no construct signatures.
benchmarks/run/once.ts(21,31): error TS2351: This expression is not constructable.
  Type 'any[]' has no construct signatures.
benchmarks/run/once.ts(22,29): error TS2351: This expression is not constructable.
  Type '{}' has no construct signatures.
benchmarks/run/once.ts(23,27): error TS2351: This expression is not constructable.
  Type 'any[]' has no construct signatures.
benchmarks/run/once.ts(24,5): error TS2403: Subsequent variable declarations must have the same type.  Variable 'ce' must be of type 'HTMLElement', but here has type 'object'.
benchmarks/run/once.ts(25,5): error TS2322: Type 'void' is not assignable to type 'object'.
benchmarks/run/once.ts(25,5): error TS2403: Subsequent variable declarations must have the same type.  Variable 'ee' must be of type 'HTMLElement', but here has type 'object'.
benchmarks/run/once.ts(25,18): error TS2554: Expected 3 arguments, but got 0.
benchmarks/run/once.ts(28,17): error TS2339: Property 'Suite' does not exist on type 'any[]'.
benchmarks/run/once.ts(30,7): error TS2551: Property 'once' does not exist on type 'HTMLElement'. Did you mean 'nonce'?
benchmarks/run/once.ts(32,7): error TS2551: Property 'once' does not exist on type 'HTMLElement'. Did you mean 'nonce'?
benchmarks/run/once.ts(34,7): error TS2551: Property 'once' does not exist on type 'HTMLElement'. Did you mean 'nonce'?
benchmarks/run/once.ts(36,10): error TS2551: Property 'once' does not exist on type 'HTMLElement'. Did you mean 'nonce'?
benchmarks/run/once.ts(38,8): error TS2551: Property 'once' does not exist on type 'HTMLElement'. Did you mean 'nonce'?
benchmarks/run/once.ts(40,6): error TS2551: Property 'once' does not exist on type 'HTMLElement'. Did you mean 'nonce'?
benchmarks/run/once.ts(42,6): error TS2551: Property 'once' does not exist on type 'HTMLElement'. Did you mean 'nonce'?
benchmarks/run/once.ts(44,6): error TS2551: Property 'once' does not exist on type 'HTMLElement'. Did you mean 'nonce'?
benchmarks/run/once.ts(46,17): error TS2339: Property 'target' does not exist on type 'HTMLElement'.
benchmarks/run/remove-emit.ts(10,5): error TS2300: Duplicate identifier 'EE'.
benchmarks/run/remove-emit.ts(13,10): error TS2393: Duplicate function implementation.
benchmarks/run/remove-emit.ts(17,28): error TS2351: This expression is not constructable.
  Type '{}' has no construct signatures.
benchmarks/run/remove-emit.ts(18,28): error TS2351: This expression is not constructable.
  Type '{}' has no construct signatures.
benchmarks/run/remove-emit.ts(19,28): error TS2351: This expression is not constructable.
  Type 'any[]' has no construct signatures.
benchmarks/run/remove-emit.ts(20,31): error TS2351: This expression is not constructable.
  Type 'any[]' has no construct signatures.
benchmarks/run/remove-emit.ts(21,29): error TS2351: This expression is not constructable.
  Type '{}' has no construct signatures.
benchmarks/run/remove-emit.ts(23,5): error TS2322: Type 'void' is not assignable to type 'HTMLElement'.
benchmarks/run/remove-emit.ts(23,23): error TS2554: Expected 3 arguments, but got 0.
benchmarks/run/remove-emit.ts(26,11): error TS2339: Property 'on' does not exist on type 'HTMLElement'.
benchmarks/run/remove-emit.ts(32,11): error TS2339: Property 'on' does not exist on type 'HTMLElement'.
benchmarks/run/remove-emit.ts(33,15): error TS2339: Property 'removeListener' does not exist on type 'HTMLElement'.
benchmarks/run/remove-emit.ts(33,39): error TS2339: Property 'removeListener' does not exist on type 'HTMLElement'.
benchmarks/run/remove-emit.ts(34,20): error TS2339: Property 'off' does not exist on type 'HTMLElement'.
benchmarks/run/remove-emit.ts(34,33): error TS2339: Property 'off' does not exist on type 'HTMLElement'.
benchmarks/run/remove-emit.ts(43,17): error TS2339: Property 'Suite' does not exist on type 'any[]'.
benchmarks/run/remove-emit.ts(45,7): error TS2339: Property 'emit' does not exist on type 'HTMLElement'.
benchmarks/run/remove-emit.ts(46,7): error TS2339: Property 'emit' does not exist on type 'HTMLElement'.
benchmarks/run/remove-emit.ts(47,7): error TS2339: Property 'emit' does not exist on type 'HTMLElement'.
benchmarks/run/remove-emit.ts(48,7): error TS2339: Property 'emit' does not exist on type 'HTMLElement'.
benchmarks/run/remove-emit.ts(50,7): error TS2339: Property 'emit' does not exist on type 'HTMLElement'.
benchmarks/run/remove-emit.ts(51,7): error TS2339: Property 'emit' does not exist on type 'HTMLElement'.
benchmarks/run/remove-emit.ts(52,7): error TS2339: Property 'emit' does not exist on type 'HTMLElement'.
benchmarks/run/remove-emit.ts(53,7): error TS2339: Property 'emit' does not exist on type 'HTMLElement'.
benchmarks/run/remove-emit.ts(55,7): error TS2339: Property 'emit' does not exist on type 'HTMLElement'.
benchmarks/run/remove-emit.ts(56,7): error TS2339: Property 'emit' does not exist on type 'HTMLElement'.
benchmarks/run/remove-emit.ts(57,7): error TS2339: Property 'emit' does not exist on type 'HTMLElement'.
benchmarks/run/remove-emit.ts(58,7): error TS2339: Property 'emit' does not exist on type 'HTMLElement'.
benchmarks/run/remove-emit.ts(60,10): error TS2339: Property 'emit' does not exist on type 'HTMLElement'.
benchmarks/run/remove-emit.ts(61,10): error TS2339: Property 'emit' does not exist on type 'HTMLElement'.
benchmarks/run/remove-emit.ts(62,10): error TS2339: Property 'emit' does not exist on type 'HTMLElement'.
benchmarks/run/remove-emit.ts(63,10): error TS2339: Property 'emit' does not exist on type 'HTMLElement'.
benchmarks/run/remove-emit.ts(65,8): error TS2339: Property 'emit' does not exist on type 'HTMLElement'.
benchmarks/run/remove-emit.ts(66,8): error TS2339: Property 'emit' does not exist on type 'HTMLElement'.
benchmarks/run/remove-emit.ts(67,8): error TS2339: Property 'emit' does not exist on type 'HTMLElement'.
benchmarks/run/remove-emit.ts(68,8): error TS2339: Property 'emit' does not exist on type 'HTMLElement'.
benchmarks/run/remove-emit.ts(70,6): error TS2339: Property 'emit' does not exist on type 'HTMLElement'.
benchmarks/run/remove-emit.ts(71,6): error TS2339: Property 'emit' does not exist on type 'HTMLElement'.
benchmarks/run/remove-emit.ts(72,6): error TS2339: Property 'emit' does not exist on type 'HTMLElement'.
benchmarks/run/remove-emit.ts(73,6): error TS2339: Property 'emit' does not exist on type 'HTMLElement'.
benchmarks/run/remove-emit.ts(75,6): error TS2339: Property 'emit' does not exist on type 'HTMLElement'.
benchmarks/run/remove-emit.ts(76,6): error TS2339: Property 'emit' does not exist on type 'HTMLElement'.
benchmarks/run/remove-emit.ts(77,6): error TS2339: Property 'emit' does not exist on type 'HTMLElement'.
benchmarks/run/remove-emit.ts(78,6): error TS2339: Property 'emit' does not exist on type 'HTMLElement'.
benchmarks/run/remove-emit.ts(80,17): error TS2339: Property 'target' does not exist on type 'HTMLElement'.
benchmarks/template.ts(13,17): error TS2339: Property 'Suite' does not exist on type 'any[]'.
benchmarks/template.ts(19,17): error TS2339: Property 'target' does not exist on type 'HTMLElement'.
index.ts(4,5): error TS2322: Type 'string' is not assignable to type 'number'.
index.ts(29,32): error TS2322: Type 'boolean' is not assignable to type 'number'.
index.ts(41,10): error TS2300: Duplicate identifier 'EE'.
index.ts(63,37): error TS2345: Argument of type 'string | object' is not assignable to parameter of type 'Function'.
  Type 'string' is not assignable to type 'Function'.
index.ts(64,7): error TS2322: Type 'number' is not assignable to type 'string'.
index.ts(66,16): error TS2339: Property '_events' does not exist on type 'object'.
index.ts(66,38): error TS2339: Property '_events' does not exist on type 'object'.
index.ts(66,71): error TS2339: Property '_eventsCount' does not exist on type 'object'.
index.ts(67,21): error TS2339: Property '_events' does not exist on type 'object'.
index.ts(67,46): error TS2339: Property '_events' does not exist on type 'object'.
index.ts(68,16): error TS2339: Property '_events' does not exist on type 'object'.
index.ts(68,40): error TS2339: Property '_events' does not exist on type 'object'.
index.ts(70,3): error TS2322: Type 'object' is not assignable to type 'string'.
index.ts(81,17): error TS2339: Property '_eventsCount' does not exist on type 'object'.
index.ts(81,45): error TS2339: Property '_events' does not exist on type 'object'.
index.ts(82,23): error TS2339: Property '_events' does not exist on type 'object'.
index.ts(134,16): error TS2339: Property 'fn' does not exist on type 'any[]'.
index.ts(134,37): error TS2339: Property 'fn' does not exist on type 'any[]'.
index.ts(151,7): error TS2322: Type 'number' is not assignable to type 'string'.
index.ts(155,17): error TS2339: Property 'fn' does not exist on type 'any[]'.
index.ts(176,17): error TS2339: Property 'fn' does not exist on type 'object'.
index.ts(177,19): error TS2339: Property 'once' does not exist on type 'object'.
index.ts(177,62): error TS2339: Property 'fn' does not exist on type 'object'.
index.ts(180,32): error TS2339: Property 'fn' does not exist on type 'object'.
index.ts(180,50): error TS2339: Property 'context' does not exist on type 'object'.
index.ts(181,32): error TS2339: Property 'fn' does not exist on type 'object'.
index.ts(181,50): error TS2339: Property 'context' does not exist on type 'object'.
index.ts(182,32): error TS2339: Property 'fn' does not exist on type 'object'.
index.ts(182,50): error TS2339: Property 'context' does not exist on type 'object'.
index.ts(183,32): error TS2339: Property 'fn' does not exist on type 'object'.
index.ts(183,50): error TS2339: Property 'context' does not exist on type 'object'.
index.ts(184,32): error TS2339: Property 'fn' does not exist on type 'object'.
index.ts(184,50): error TS2339: Property 'context' does not exist on type 'object'.
index.ts(185,32): error TS2339: Property 'fn' does not exist on type 'object'.
index.ts(185,50): error TS2339: Property 'context' does not exist on type 'object'.
index.ts(192,15): error TS2339: Property 'fn' does not exist on type 'object'.
index.ts(192,34): error TS2339: Property 'context' does not exist on type 'object'.
index.ts(194,36): error TS2339: Property 'length' does not exist on type 'object'.
index.ts(228,28): error TS2345: Argument of type 'string' is not assignable to parameter of type 'number'.
index.ts(241,28): error TS2345: Argument of type 'string' is not assignable to parameter of type 'number'.
index.ts(255,7): error TS2322: Type 'number' is not assignable to type 'string'.
index.ts(265,17): error TS2339: Property 'fn' does not exist on type 'object'.
index.ts(267,17): error TS2339: Property 'fn' does not exist on type 'object'.
index.ts(268,27): error TS2339: Property 'once' does not exist on type 'object'.
index.ts(269,30): error TS2339: Property 'context' does not exist on type 'object'.
index.ts(274,53): error TS2339: Property 'length' does not exist on type 'object'.
index.ts(306,45): error TS2345: Argument of type 'number' is not assignable to parameter of type 'string'.

