Gruntfile.ts(6,9): error TS2339: Property 'initConfig' does not exist on type 'HTMLElement'.
Gruntfile.ts(41,9): error TS2339: Property 'loadNpmTasks' does not exist on type 'HTMLElement'.
Gruntfile.ts(42,9): error TS2339: Property 'loadNpmTasks' does not exist on type 'HTMLElement'.
Gruntfile.ts(43,9): error TS2339: Property 'loadNpmTasks' does not exist on type 'HTMLElement'.
Gruntfile.ts(46,9): error TS2339: Property 'registerTask' does not exist on type 'HTMLElement'.
lib/exit.ts(11,59): error TS2314: Generic type 'Array<T>' requires 1 type argument(s).
lib/exit.ts(11,67): error TS2304: Cannot find name 'Void'.
lib/exit.ts(15,25): error TS2304: Cannot find name 'Void'.
lib/exit.ts(17,20): error TS2345: Argument of type 'String' is not assignable to parameter of type 'number'.
lib/exit.ts(22,16): error TS2339: Property 'bufferSize' does not exist on type 'Boolean'.
lib/exit.ts(23,7): error TS2356: An arithmetic operand must be of type 'any', 'number', 'bigint' or an enum type.
lib/exit.ts(25,14): error TS2339: Property 'write' does not exist on type 'Boolean'.
lib/exit.ts(26,9): error TS2356: An arithmetic operand must be of type 'any', 'number', 'bigint' or an enum type.
lib/exit.ts(31,12): error TS2339: Property 'write' does not exist on type 'Boolean'.
lib/exit.ts(39,18): error TS2345: Argument of type 'String' is not assignable to parameter of type 'number'.
../../../../node_modules/@types/get-intrinsic/internal/intrinsics.d.ts(11,25): error TS2304: Cannot find name 'AggregateErrorConstructor'.
../../../../node_modules/@types/get-intrinsic/internal/intrinsics.d.ts(126,42): error TS2304: Cannot find name 'AggregateError'.
../../../../node_modules/@types/get-intrinsic/internal/intrinsics.d.ts(127,47): error TS2304: Cannot find name 'AggregateError'.
../../../../node_modules/@types/get-intrinsic/internal/intrinsics.d.ts(128,50): error TS2304: Cannot find name 'AggregateError'.
../../../../node_modules/@types/get-intrinsic/internal/intrinsics.d.ts(418,37): error TS2550: Property 'any' does not exist on type 'PromiseConstructor'. Do you need to change your target library? Try changing the 'lib' compiler option to 'es2021' or later.
../../../../node_modules/@types/get-intrinsic/internal/intrinsics.d.ts(514,62): error TS2550: Property 'replaceAll' does not exist on type 'String'. Do you need to change your target library? Try changing the 'lib' compiler option to 'es2021' or later.

