cjs/index.ts(37,26): error TS2314: Generic type 'Array<T>' requires 1 type argument(s).
cjs/index.ts(37,36): error TS7053: Element implicitly has an 'any' type because expression of type 'any' can't be used to index type 'Object'.
cjs/index.ts(46,7): error TS2451: Cannot redeclare block-scoped variable 'escape'.
cjs/index.ts(46,31): error TS2314: Generic type 'Array<T>' requires 1 type argument(s).
cjs/index.ts(46,62): error TS2345: Argument of type 'Function' is not assignable to parameter of type '(substring: string, ...args: any[]) => string'.
cjs/index.ts(63,44): error TS2538: Type 'String' cannot be used as an index type.
cjs/index.ts(73,7): error TS2451: Cannot redeclare block-scoped variable 'unescape'.
cjs/index.ts(73,65): error TS2345: Argument of type 'Function' is not assignable to parameter of type '(substring: string, ...args: any[]) => string'.
esm/index.ts(36,26): error TS2314: Generic type 'Array<T>' requires 1 type argument(s).
esm/index.ts(36,36): error TS7053: Element implicitly has an 'any' type because expression of type 'any' can't be used to index type 'Object'.
esm/index.ts(45,38): error TS2314: Generic type 'Array<T>' requires 1 type argument(s).
esm/index.ts(45,69): error TS2345: Argument of type 'Function' is not assignable to parameter of type '(substring: string, ...args: any[]) => string'.
esm/index.ts(61,44): error TS2538: Type 'String' cannot be used as an index type.
esm/index.ts(71,72): error TS2345: Argument of type 'Function' is not assignable to parameter of type '(substring: string, ...args: any[]) => string'.
index.ts(1,5): error TS2696: The 'Object' type is assignable to very few other types. Did you mean to use the 'any' type instead?
  Type 'Object' is missing the following properties from type 'Element': attributes, classList, className, clientHeight, and 160 more.
index.ts(39,28): error TS2314: Generic type 'Array<T>' requires 1 type argument(s).
index.ts(39,38): error TS7053: Element implicitly has an 'any' type because expression of type 'any' can't be used to index type 'Object'.
index.ts(48,33): error TS2314: Generic type 'Array<T>' requires 1 type argument(s).
index.ts(48,64): error TS2345: Argument of type 'Function' is not assignable to parameter of type '(substring: string, ...args: any[]) => string'.
  Type 'Function' provides no match for the signature '(substring: string, ...args: any[]): string'.
index.ts(64,46): error TS2538: Type 'String' cannot be used as an index type.
index.ts(74,67): error TS2345: Argument of type 'Function' is not assignable to parameter of type '(substring: string, ...args: any[]) => string'.
index.ts(76,11): error TS2339: Property 'escape' does not exist on type 'Object'.
index.ts(77,11): error TS2339: Property 'unescape' does not exist on type 'Object'.
min.ts(1,5): error TS2322: Type 'Object' is not assignable to type 'Element'.
  The 'Object' type is assignable to very few other types. Did you mean to use the 'any' type instead?
min.ts(1,250): error TS2538: Type 'String' cannot be used as an index type.
min.ts(1,412): error TS2538: Type 'String' cannot be used as an index type.
min.ts(1,424): error TS2339: Property 'escape' does not exist on type 'Object'.
min.ts(1,456): error TS2345: Argument of type 'Function' is not assignable to parameter of type '(substring: string, ...args: any[]) => string'.
min.ts(1,462): error TS2339: Property 'unescape' does not exist on type 'Object'.
min.ts(1,496): error TS2345: Argument of type 'Function' is not assignable to parameter of type '(substring: string, ...args: any[]) => string'.
../../../../node_modules/@types/get-intrinsic/internal/intrinsics.d.ts(11,25): error TS2304: Cannot find name 'AggregateErrorConstructor'.
../../../../node_modules/@types/get-intrinsic/internal/intrinsics.d.ts(126,42): error TS2304: Cannot find name 'AggregateError'.
../../../../node_modules/@types/get-intrinsic/internal/intrinsics.d.ts(127,47): error TS2304: Cannot find name 'AggregateError'.
../../../../node_modules/@types/get-intrinsic/internal/intrinsics.d.ts(128,50): error TS2304: Cannot find name 'AggregateError'.
../../../../node_modules/@types/get-intrinsic/internal/intrinsics.d.ts(418,37): error TS2550: Property 'any' does not exist on type 'PromiseConstructor'. Do you need to change your target library? Try changing the 'lib' compiler option to 'es2021' or later.
../../../../node_modules/@types/get-intrinsic/internal/intrinsics.d.ts(514,62): error TS2550: Property 'replaceAll' does not exist on type 'String'. Do you need to change your target library? Try changing the 'lib' compiler option to 'es2021' or later.
../../../../../tools/node_modules/typescript/lib/lib.es5.d.ts(90,18): error TS2451: Cannot redeclare block-scoped variable 'escape'.
../../../../../tools/node_modules/typescript/lib/lib.es5.d.ts(97,18): error TS2451: Cannot redeclare block-scoped variable 'unescape'.

