index.ts(3,37): error TS2314: Generic type 'Map<K, V>' requires 2 type argument(s).
index.ts(19,7): error TS2739: Type 'Set<number>' is missing the following properties from type 'Error': name, message
index.ts(36,7): error TS2322: Type 'Set<number>' is not assignable to type 'Error'.
index.ts(64,32): error TS2345: Argument of type 'Number' is not assignable to parameter of type 'string'.
index.ts(65,21): error TS2345: Argument of type 'Number' is not assignable to parameter of type 'number'.
  'number' is a primitive, but 'Number' is a wrapper object. Prefer using 'number' when possible.
index.ts(74,29): error TS2339: Property 'has' does not exist on type 'Error'.
index.ts(74,42): error TS2339: Property 'status' does not exist on type 'Object'.
index.ts(83,18): error TS2314: Generic type 'Array<T>' requires 1 type argument(s).
index.ts(86,9): error TS7053: Element implicitly has an 'any' type because expression of type 'any' can't be used to index type 'Object'.
index.ts(92,42): error TS2314: Generic type 'Array<T>' requires 1 type argument(s).
index.ts(93,16): error TS2314: Generic type 'Array<T>' requires 1 type argument(s).
index.ts(95,27): error TS7053: Element implicitly has an 'any' type because expression of type 'string' can't be used to index type 'Object'.
  No index signature with a parameter of type 'string' was found on type 'Object'.
index.ts(96,20): error TS2367: This condition will always return 'false' since the types 'String' and 'boolean' have no overlap.
index.ts(106,9): error TS7006: Parameter 'req' implicitly has an 'any' type.
index.ts(107,9): error TS7006: Parameter 'res' implicitly has an 'any' type.
index.ts(109,13): error TS2525: Initializer provides no value for this binding element and the binding element has no default value.
index.ts(109,13): error TS7031: Binding element 'shared' implicitly has an 'any' type.
index.ts(110,13): error TS2525: Initializer provides no value for this binding element and the binding element has no default value.
index.ts(110,13): error TS7031: Binding element 'cacheHeuristic' implicitly has an 'any' type.
index.ts(111,13): error TS2525: Initializer provides no value for this binding element and the binding element has no default value.
index.ts(111,13): error TS7031: Binding element 'immutableMinTimeToLive' implicitly has an 'any' type.
index.ts(112,13): error TS2525: Initializer provides no value for this binding element and the binding element has no default value.
index.ts(112,13): error TS7031: Binding element 'ignoreCargoCult' implicitly has an 'any' type.
index.ts(113,13): error TS2525: Initializer provides no value for this binding element and the binding element has no default value.
index.ts(113,13): error TS7031: Binding element '_fromObject' implicitly has an 'any' type.
index.ts(126,14): error TS2339: Property '_responseTime' does not exist on type 'CachePolicy'.
index.ts(127,14): error TS2339: Property '_isShared' does not exist on type 'CachePolicy'.
index.ts(128,14): error TS2339: Property '_cacheHeuristic' does not exist on type 'CachePolicy'.
index.ts(130,14): error TS2339: Property '_immutableMinTtl' does not exist on type 'CachePolicy'.
index.ts(135,14): error TS2339: Property '_status' does not exist on type 'CachePolicy'.
index.ts(136,14): error TS2339: Property '_resHeaders' does not exist on type 'CachePolicy'.
index.ts(137,14): error TS2339: Property '_rescc' does not exist on type 'CachePolicy'.
index.ts(138,14): error TS2339: Property '_method' does not exist on type 'CachePolicy'.
index.ts(139,14): error TS2339: Property '_url' does not exist on type 'CachePolicy'.
index.ts(140,14): error TS2339: Property '_host' does not exist on type 'CachePolicy'.
index.ts(141,14): error TS2339: Property '_noAuthorization' does not exist on type 'CachePolicy'.
index.ts(142,14): error TS2339: Property '_reqHeaders' does not exist on type 'CachePolicy'.
index.ts(143,14): error TS2339: Property '_reqcc' does not exist on type 'CachePolicy'.
index.ts(149,33): error TS2339: Property '_rescc' does not exist on type 'CachePolicy'.
index.ts(150,34): error TS2339: Property '_rescc' does not exist on type 'CachePolicy'.
index.ts(152,25): error TS2339: Property '_rescc' does not exist on type 'CachePolicy'.
index.ts(153,25): error TS2339: Property '_rescc' does not exist on type 'CachePolicy'.
index.ts(154,25): error TS2339: Property '_rescc' does not exist on type 'CachePolicy'.
index.ts(155,25): error TS2339: Property '_rescc' does not exist on type 'CachePolicy'.
index.ts(156,25): error TS2339: Property '_rescc' does not exist on type 'CachePolicy'.
index.ts(157,18): error TS2339: Property '_resHeaders' does not exist on type 'CachePolicy'.
index.ts(157,55): error TS2339: Property '_resHeaders' does not exist on type 'CachePolicy'.
index.ts(158,58): error TS2339: Property '_rescc' does not exist on type 'CachePolicy'.
index.ts(160,25): error TS2339: Property '_resHeaders' does not exist on type 'CachePolicy'.
index.ts(161,25): error TS2339: Property '_resHeaders' does not exist on type 'CachePolicy'.
index.ts(170,18): error TS2339: Property '_rescc' does not exist on type 'CachePolicy'.
index.ts(181,19): error TS2339: Property '_reqcc' does not exist on type 'CachePolicy'.
index.ts(184,29): error TS2339: Property '_method' does not exist on type 'CachePolicy'.
index.ts(185,33): error TS2339: Property '_method' does not exist on type 'CachePolicy'.
index.ts(186,34): error TS2339: Property '_method' does not exist on type 'CachePolicy'.
index.ts(188,32): error TS2339: Property 'has' does not exist on type 'Error'.
index.ts(188,41): error TS2339: Property '_status' does not exist on type 'CachePolicy'.
index.ts(190,19): error TS2339: Property '_rescc' does not exist on type 'CachePolicy'.
index.ts(192,20): error TS2339: Property '_isShared' does not exist on type 'CachePolicy'.
index.ts(192,39): error TS2339: Property '_rescc' does not exist on type 'CachePolicy'.
index.ts(194,20): error TS2339: Property '_isShared' does not exist on type 'CachePolicy'.
index.ts(195,22): error TS2339: Property '_noAuthorization' does not exist on type 'CachePolicy'.
index.ts(199,19): error TS2339: Property '_resHeaders' does not exist on type 'CachePolicy'.
index.ts(203,22): error TS2339: Property '_rescc' does not exist on type 'CachePolicy'.
index.ts(204,23): error TS2339: Property '_isShared' does not exist on type 'CachePolicy'.
index.ts(204,41): error TS2339: Property '_rescc' does not exist on type 'CachePolicy'.
index.ts(205,22): error TS2339: Property '_rescc' does not exist on type 'CachePolicy'.
index.ts(207,55): error TS2339: Property '_status' does not exist on type 'CachePolicy'.
index.ts(214,19): error TS2339: Property '_isShared' does not exist on type 'CachePolicy'.
index.ts(214,37): error TS2339: Property '_rescc' does not exist on type 'CachePolicy'.
index.ts(215,18): error TS2339: Property '_rescc' does not exist on type 'CachePolicy'.
index.ts(216,18): error TS2339: Property '_resHeaders' does not exist on type 'CachePolicy'.
index.ts(220,30): error TS7006: Parameter 'req' implicitly has an 'any' type.
index.ts(226,34): error TS7006: Parameter 'req' implicitly has an 'any' type.
index.ts(233,13): error TS7053: Element implicitly has an 'any' type because expression of type '"no-cache"' can't be used to index type 'Object'.
  Property 'no-cache' does not exist on type 'Object'.
index.ts(237,13): error TS7053: Element implicitly has an 'any' type because expression of type '"max-age"' can't be used to index type 'Object'.
  Property 'max-age' does not exist on type 'Object'.
index.ts(237,50): error TS7053: Element implicitly has an 'any' type because expression of type '"max-age"' can't be used to index type 'Object'.
  Property 'max-age' does not exist on type 'Object'.
index.ts(242,13): error TS7053: Element implicitly has an 'any' type because expression of type '"min-fresh"' can't be used to index type 'Object'.
  Property 'min-fresh' does not exist on type 'Object'.
index.ts(243,40): error TS7053: Element implicitly has an 'any' type because expression of type '"min-fresh"' can't be used to index type 'Object'.
  Property 'min-fresh' does not exist on type 'Object'.
index.ts(252,17): error TS7053: Element implicitly has an 'any' type because expression of type '"max-stale"' can't be used to index type 'Object'.
  Property 'max-stale' does not exist on type 'Object'.
index.ts(253,23): error TS2339: Property '_rescc' does not exist on type 'CachePolicy'.
index.ts(254,27): error TS7053: Element implicitly has an 'any' type because expression of type '"max-stale"' can't be used to index type 'Object'.
  Property 'max-stale' does not exist on type 'Object'.
index.ts(255,21): error TS7053: Element implicitly has an 'any' type because expression of type '"max-stale"' can't be used to index type 'Object'.
  Property 'max-stale' does not exist on type 'Object'.
index.ts(264,21): error TS7006: Parameter 'req' implicitly has an 'any' type.
index.ts(264,26): error TS7006: Parameter 'allowHeadMethod' implicitly has an 'any' type.
index.ts(267,20): error TS2339: Property '_url' does not exist on type 'CachePolicy'.
index.ts(267,33): error TS2339: Property '_url' does not exist on type 'CachePolicy'.
index.ts(268,18): error TS2339: Property '_host' does not exist on type 'CachePolicy'.
index.ts(271,22): error TS2339: Property '_method' does not exist on type 'CachePolicy'.
index.ts(281,18): error TS2339: Property '_rescc' does not exist on type 'CachePolicy'.
index.ts(282,18): error TS2339: Property '_rescc' does not exist on type 'CachePolicy'.
index.ts(283,18): error TS2339: Property '_rescc' does not exist on type 'CachePolicy'.
index.ts(287,18): error TS7006: Parameter 'req' implicitly has an 'any' type.
index.ts(288,19): error TS2339: Property '_resHeaders' does not exist on type 'CachePolicy'.
index.ts(293,18): error TS2339: Property '_resHeaders' does not exist on type 'CachePolicy'.
index.ts(297,29): error TS2339: Property '_resHeaders' does not exist on type 'CachePolicy'.
index.ts(302,44): error TS2339: Property '_reqHeaders' does not exist on type 'CachePolicy'.
index.ts(307,33): error TS7006: Parameter 'inHeaders' implicitly has an 'any' type.
index.ts(310,17): error TS7053: Element implicitly has an 'any' type because expression of type 'string' can't be used to index type 'Object'.
  No index signature with a parameter of type 'string' was found on type 'Object'.
index.ts(311,13): error TS7053: Element implicitly has an 'any' type because expression of type 'string' can't be used to index type '{}'.
  No index signature with a parameter of type 'string' was found on type '{}'.
index.ts(317,24): error TS7053: Element implicitly has an 'any' type because expression of type 'any' can't be used to index type '{}'.
index.ts(320,21): error TS2339: Property 'warning' does not exist on type '{}'.
index.ts(321,38): error TS2339: Property 'warning' does not exist on type '{}'.
index.ts(321,64): error TS7006: Parameter 'warning' implicitly has an 'any' type.
index.ts(325,32): error TS2339: Property 'warning' does not exist on type '{}'.
index.ts(327,25): error TS2339: Property 'warning' does not exist on type '{}'.
index.ts(334,63): error TS2339: Property '_resHeaders' does not exist on type 'CachePolicy'.
index.ts(344,21): error TS2339: Property 'warning' does not exist on type '{}'.
index.ts(345,26): error TS2339: Property 'warning' does not exist on type '{}'.
index.ts(345,47): error TS2339: Property 'warning' does not exist on type '{}'.
index.ts(348,17): error TS2339: Property 'age' does not exist on type '{}'.
index.ts(349,17): error TS2339: Property 'date' does not exist on type '{}'.
index.ts(358,44): error TS2339: Property '_resHeaders' does not exist on type 'CachePolicy'.
index.ts(362,21): error TS2339: Property '_responseTime' does not exist on type 'CachePolicy'.
index.ts(374,49): error TS2339: Property '_responseTime' does not exist on type 'CachePolicy'.
index.ts(375,16): error TS2365: Operator '+' cannot be applied to types 'Number' and 'number'.
index.ts(379,36): error TS2339: Property '_resHeaders' does not exist on type 'CachePolicy'.
index.ts(390,38): error TS2339: Property '_rescc' does not exist on type 'CachePolicy'.
index.ts(397,18): error TS2339: Property '_isShared' does not exist on type 'CachePolicy'.
index.ts(398,19): error TS2339: Property '_resHeaders' does not exist on type 'CachePolicy'.
index.ts(399,23): error TS2339: Property '_rescc' does not exist on type 'CachePolicy'.
index.ts(400,23): error TS2339: Property '_rescc' does not exist on type 'CachePolicy'.
index.ts(405,18): error TS2339: Property '_resHeaders' does not exist on type 'CachePolicy'.
index.ts(409,18): error TS2339: Property '_isShared' does not exist on type 'CachePolicy'.
index.ts(410,22): error TS2339: Property '_rescc' does not exist on type 'CachePolicy'.
index.ts(414,22): error TS2339: Property '_rescc' does not exist on type 'CachePolicy'.
index.ts(415,44): error TS2339: Property '_rescc' does not exist on type 'CachePolicy'.
index.ts(420,18): error TS2339: Property '_rescc' does not exist on type 'CachePolicy'.
index.ts(421,40): error TS2339: Property '_rescc' does not exist on type 'CachePolicy'.
index.ts(424,36): error TS2339: Property '_rescc' does not exist on type 'CachePolicy'.
index.ts(424,60): error TS2339: Property '_immutableMinTtl' does not exist on type 'CachePolicy'.
index.ts(427,18): error TS2339: Property '_resHeaders' does not exist on type 'CachePolicy'.
index.ts(428,45): error TS2339: Property '_resHeaders' does not exist on type 'CachePolicy'.
index.ts(436,18): error TS2339: Property '_resHeaders' does not exist on type 'CachePolicy'.
index.ts(437,50): error TS2339: Property '_resHeaders' does not exist on type 'CachePolicy'.
index.ts(441,65): error TS2339: Property '_cacheHeuristic' does not exist on type 'CachePolicy'.
index.ts(451,33): error TS2365: Operator '+' cannot be applied to types 'number' and 'Number'.
index.ts(451,59): error TS2339: Property '_rescc' does not exist on type 'CachePolicy'.
index.ts(452,41): error TS2365: Operator '+' cannot be applied to types 'number' and 'Number'.
index.ts(452,67): error TS2339: Property '_rescc' does not exist on type 'CachePolicy'.
index.ts(461,52): error TS2339: Property '_rescc' does not exist on type 'CachePolicy'.
index.ts(465,52): error TS2339: Property '_rescc' does not exist on type 'CachePolicy'.
index.ts(468,23): error TS7006: Parameter 'obj' implicitly has an 'any' type.
index.ts(469,47): error TS2345: Argument of type '{ _fromObject: any; }' is not assignable to parameter of type '{ shared: any; cacheHeuristic: any; immutableMinTimeToLive: any; ignoreCargoCult: any; _fromObject: any; }'.
  Type '{ _fromObject: any; }' is missing the following properties from type '{ shared: any; cacheHeuristic: any; immutableMinTimeToLive: any; ignoreCargoCult: any; _fromObject: any; }': shared, cacheHeuristic, immutableMinTimeToLive, ignoreCargoCult
index.ts(472,17): error TS7006: Parameter 'obj' implicitly has an 'any' type.
index.ts(473,18): error TS2339: Property '_responseTime' does not exist on type 'CachePolicy'.
index.ts(476,14): error TS2339: Property '_responseTime' does not exist on type 'CachePolicy'.
index.ts(477,14): error TS2339: Property '_isShared' does not exist on type 'CachePolicy'.
index.ts(478,14): error TS2339: Property '_cacheHeuristic' does not exist on type 'CachePolicy'.
index.ts(479,14): error TS2339: Property '_immutableMinTtl' does not exist on type 'CachePolicy'.
index.ts(481,14): error TS2339: Property '_status' does not exist on type 'CachePolicy'.
index.ts(482,14): error TS2339: Property '_resHeaders' does not exist on type 'CachePolicy'.
index.ts(483,14): error TS2339: Property '_rescc' does not exist on type 'CachePolicy'.
index.ts(484,14): error TS2339: Property '_method' does not exist on type 'CachePolicy'.
index.ts(485,14): error TS2339: Property '_url' does not exist on type 'CachePolicy'.
index.ts(486,14): error TS2339: Property '_host' does not exist on type 'CachePolicy'.
index.ts(487,14): error TS2339: Property '_noAuthorization' does not exist on type 'CachePolicy'.
index.ts(488,14): error TS2339: Property '_reqHeaders' does not exist on type 'CachePolicy'.
index.ts(489,14): error TS2339: Property '_reqcc' does not exist on type 'CachePolicy'.
index.ts(495,21): error TS2339: Property '_responseTime' does not exist on type 'CachePolicy'.
index.ts(496,22): error TS2339: Property '_isShared' does not exist on type 'CachePolicy'.
index.ts(497,22): error TS2339: Property '_cacheHeuristic' does not exist on type 'CachePolicy'.
index.ts(498,23): error TS2339: Property '_immutableMinTtl' does not exist on type 'CachePolicy'.
index.ts(499,22): error TS2339: Property '_status' does not exist on type 'CachePolicy'.
index.ts(500,24): error TS2339: Property '_resHeaders' does not exist on type 'CachePolicy'.
index.ts(501,25): error TS2339: Property '_rescc' does not exist on type 'CachePolicy'.
index.ts(502,21): error TS2339: Property '_method' does not exist on type 'CachePolicy'.
index.ts(503,21): error TS2339: Property '_url' does not exist on type 'CachePolicy'.
index.ts(504,21): error TS2339: Property '_host' does not exist on type 'CachePolicy'.
index.ts(505,21): error TS2339: Property '_noAuthorization' does not exist on type 'CachePolicy'.
index.ts(506,24): error TS2339: Property '_reqHeaders' does not exist on type 'CachePolicy'.
index.ts(507,25): error TS2339: Property '_reqcc' does not exist on type 'CachePolicy'.
index.ts(518,25): error TS7006: Parameter 'incomingReq' implicitly has an 'any' type.
index.ts(523,16): error TS7053: Element implicitly has an 'any' type because expression of type '"if-range"' can't be used to index type '{}'.
  Property 'if-range' does not exist on type '{}'.
index.ts(528,20): error TS7053: Element implicitly has an 'any' type because expression of type '"if-none-match"' can't be used to index type '{}'.
  Property 'if-none-match' does not exist on type '{}'.
index.ts(529,20): error TS7053: Element implicitly has an 'any' type because expression of type '"if-modified-since"' can't be used to index type '{}'.
  Property 'if-modified-since' does not exist on type '{}'.
index.ts(534,18): error TS2339: Property '_resHeaders' does not exist on type 'CachePolicy'.
index.ts(535,13): error TS7053: Element implicitly has an 'any' type because expression of type '"if-none-match"' can't be used to index type '{}'.
  Property 'if-none-match' does not exist on type '{}'.
index.ts(535,40): error TS7053: Element implicitly has an 'any' type because expression of type '"if-none-match"' can't be used to index type '{}'.
  Property 'if-none-match' does not exist on type '{}'.
index.ts(536,22): error TS7053: Element implicitly has an 'any' type because expression of type '"if-none-match"' can't be used to index type '{}'.
  Property 'if-none-match' does not exist on type '{}'.
index.ts(536,56): error TS2339: Property '_resHeaders' does not exist on type 'CachePolicy'.
index.ts(537,24): error TS2339: Property '_resHeaders' does not exist on type 'CachePolicy'.
index.ts(542,13): error TS7053: Element implicitly has an 'any' type because expression of type '"accept-ranges"' can't be used to index type '{}'.
  Property 'accept-ranges' does not exist on type '{}'.
index.ts(543,13): error TS7053: Element implicitly has an 'any' type because expression of type '"if-match"' can't be used to index type '{}'.
  Property 'if-match' does not exist on type '{}'.
index.ts(544,13): error TS7053: Element implicitly has an 'any' type because expression of type '"if-unmodified-since"' can't be used to index type '{}'.
  Property 'if-unmodified-since' does not exist on type '{}'.
index.ts(545,19): error TS2339: Property '_method' does not exist on type 'CachePolicy'.
index.ts(545,35): error TS2339: Property '_method' does not exist on type 'CachePolicy'.
index.ts(550,20): error TS7053: Element implicitly has an 'any' type because expression of type '"if-modified-since"' can't be used to index type '{}'.
  Property 'if-modified-since' does not exist on type '{}'.
index.ts(552,17): error TS7053: Element implicitly has an 'any' type because expression of type '"if-none-match"' can't be used to index type '{}'.
  Property 'if-none-match' does not exist on type '{}'.
index.ts(553,31): error TS7053: Element implicitly has an 'any' type because expression of type '"if-none-match"' can't be used to index type '{}'.
  Property 'if-none-match' does not exist on type '{}'.
index.ts(555,29): error TS7006: Parameter 'etag' implicitly has an 'any' type.
index.ts(559,28): error TS7053: Element implicitly has an 'any' type because expression of type '"if-none-match"' can't be used to index type '{}'.
  Property 'if-none-match' does not exist on type '{}'.
index.ts(561,21): error TS7053: Element implicitly has an 'any' type because expression of type '"if-none-match"' can't be used to index type '{}'.
  Property 'if-none-match' does not exist on type '{}'.
index.ts(565,18): error TS2339: Property '_resHeaders' does not exist on type 'CachePolicy'.
index.ts(566,14): error TS7053: Element implicitly has an 'any' type because expression of type '"if-modified-since"' can't be used to index type '{}'.
  Property 'if-modified-since' does not exist on type '{}'.
index.ts(568,13): error TS7053: Element implicitly has an 'any' type because expression of type '"if-modified-since"' can't be used to index type '{}'.
  Property 'if-modified-since' does not exist on type '{}'.
index.ts(568,49): error TS2339: Property '_resHeaders' does not exist on type 'CachePolicy'.
index.ts(583,23): error TS7006: Parameter 'request' implicitly has an 'any' type.
index.ts(583,32): error TS7006: Parameter 'response' implicitly has an 'any' type.
index.ts(609,22): error TS2339: Property '_resHeaders' does not exist on type 'CachePolicy'.
index.ts(610,22): error TS2339: Property '_resHeaders' does not exist on type 'CachePolicy'.
index.ts(612,25): error TS2339: Property '_resHeaders' does not exist on type 'CachePolicy'.
index.ts(617,22): error TS2339: Property '_resHeaders' does not exist on type 'CachePolicy'.
index.ts(619,25): error TS2339: Property '_resHeaders' does not exist on type 'CachePolicy'.
index.ts(621,22): error TS2339: Property '_resHeaders' does not exist on type 'CachePolicy'.
index.ts(629,23): error TS2339: Property '_resHeaders' does not exist on type 'CachePolicy'.
index.ts(630,23): error TS2339: Property '_resHeaders' does not exist on type 'CachePolicy'.
index.ts(640,29): error TS2351: This expression is not constructable.
  Type 'Function' has no construct signatures.
index.ts(652,30): error TS2339: Property '_resHeaders' does not exist on type 'CachePolicy'.
index.ts(653,13): error TS7053: Element implicitly has an 'any' type because expression of type 'string' can't be used to index type '{}'.
  No index signature with a parameter of type 'string' was found on type '{}'.
index.ts(654,43): error TS7053: Element implicitly has an 'any' type because expression of type 'string' can't be used to index type 'Object'.
  No index signature with a parameter of type 'string' was found on type 'Object'.
index.ts(656,28): error TS2339: Property '_resHeaders' does not exist on type 'CachePolicy'.
index.ts(660,26): error TS2339: Property '_status' does not exist on type 'CachePolicy'.
index.ts(661,26): error TS2339: Property '_method' does not exist on type 'CachePolicy'.
index.ts(665,25): error TS2351: This expression is not constructable.
  Type 'Function' has no construct signatures.
index.ts(666,30): error TS2339: Property '_isShared' does not exist on type 'CachePolicy'.
index.ts(667,38): error TS2339: Property '_cacheHeuristic' does not exist on type 'CachePolicy'.
index.ts(668,46): error TS2339: Property '_immutableMinTtl' does not exist on type 'CachePolicy'.
../../../../node_modules/@types/get-intrinsic/internal/intrinsics.d.ts(11,25): error TS2304: Cannot find name 'AggregateErrorConstructor'.
../../../../node_modules/@types/get-intrinsic/internal/intrinsics.d.ts(126,42): error TS2304: Cannot find name 'AggregateError'.
../../../../node_modules/@types/get-intrinsic/internal/intrinsics.d.ts(127,47): error TS2304: Cannot find name 'AggregateError'.
../../../../node_modules/@types/get-intrinsic/internal/intrinsics.d.ts(128,50): error TS2304: Cannot find name 'AggregateError'.
../../../../node_modules/@types/get-intrinsic/internal/intrinsics.d.ts(418,37): error TS2550: Property 'any' does not exist on type 'PromiseConstructor'. Do you need to change your target library? Try changing the 'lib' compiler option to 'es2021' or later.
../../../../node_modules/@types/get-intrinsic/internal/intrinsics.d.ts(514,62): error TS2550: Property 'replaceAll' does not exist on type 'String'. Do you need to change your target library? Try changing the 'lib' compiler option to 'es2021' or later.

