Gruntfile.ts(6,11): error TS2339: Property 'initConfig' does not exist on type 'HTMLElement'.
Gruntfile.ts(8,20): error TS2339: Property 'file' does not exist on type 'HTMLElement'.
Gruntfile.ts(199,11): error TS2339: Property 'loadNpmTasks' does not exist on type 'HTMLElement'.
Gruntfile.ts(200,11): error TS2339: Property 'loadNpmTasks' does not exist on type 'HTMLElement'.
Gruntfile.ts(201,11): error TS2339: Property 'loadNpmTasks' does not exist on type 'HTMLElement'.
Gruntfile.ts(202,11): error TS2339: Property 'loadNpmTasks' does not exist on type 'HTMLElement'.
Gruntfile.ts(203,11): error TS2339: Property 'loadNpmTasks' does not exist on type 'HTMLElement'.
Gruntfile.ts(204,11): error TS2339: Property 'loadNpmTasks' does not exist on type 'HTMLElement'.
Gruntfile.ts(205,11): error TS2339: Property 'loadNpmTasks' does not exist on type 'HTMLElement'.
Gruntfile.ts(206,11): error TS2339: Property 'loadNpmTasks' does not exist on type 'HTMLElement'.
Gruntfile.ts(208,11): error TS2339: Property 'loadNpmTasks' does not exist on type 'HTMLElement'.
Gruntfile.ts(209,11): error TS2339: Property 'loadNpmTasks' does not exist on type 'HTMLElement'.
Gruntfile.ts(210,11): error TS2339: Property 'loadNpmTasks' does not exist on type 'HTMLElement'.
Gruntfile.ts(211,11): error TS2339: Property 'loadNpmTasks' does not exist on type 'HTMLElement'.
Gruntfile.ts(212,11): error TS2339: Property 'loadNpmTasks' does not exist on type 'HTMLElement'.
Gruntfile.ts(215,11): error TS2339: Property 'registerTask' does not exist on type 'HTMLElement'.
Gruntfile.ts(218,11): error TS2339: Property 'registerTask' does not exist on type 'HTMLElement'.
Gruntfile.ts(221,11): error TS2339: Property 'registerTask' does not exist on type 'HTMLElement'.
Gruntfile.ts(224,11): error TS2339: Property 'registerTask' does not exist on type 'HTMLElement'.
Gruntfile.ts(227,11): error TS2339: Property 'registerTask' does not exist on type 'HTMLElement'.
Gruntfile.ts(228,11): error TS2339: Property 'registerTask' does not exist on type 'HTMLElement'.
dist/loglevel.min.ts(2,2): error TS1345: An expression of type 'void' cannot be tested for truthiness.
dist/loglevel.min.ts(2,66): error TS2304: Cannot find name 'define'.
dist/loglevel.min.ts(2,74): error TS2304: Cannot find name 'define'.
dist/loglevel.min.ts(2,85): error TS2304: Cannot find name 'define'.
dist/loglevel.min.ts(2,156): error TS2339: Property 'log' does not exist on type 'Object'.
dist/loglevel.min.ts(2,227): error TS2314: Generic type 'Array<T>' requires 1 type argument(s).
dist/loglevel.min.ts(2,251): error TS2538: Type 'String' cannot be used as an index type.
dist/loglevel.min.ts(2,443): error TS2304: Cannot find name 'Void'.
dist/loglevel.min.ts(2,728): error TS2538: Type 'String' cannot be used as an index type.
dist/loglevel.min.ts(2,820): error TS2304: Cannot find name 'Void'.
dist/loglevel.min.ts(2,877): error TS2538: Type 'String' cannot be used as an index type.
dist/loglevel.min.ts(2,880): error TS2365: Operator '<' cannot be applied to types 'number' and 'Function'.
dist/loglevel.min.ts(2,1045): error TS2538: Type 'String' cannot be used as an index type.
dist/loglevel.min.ts(2,1207): error TS2304: Cannot find name 'Void'.
dist/loglevel.min.ts(2,1351): error TS2538: Type 'String' cannot be used as an index type.
dist/loglevel.min.ts(2,1413): error TS2345: Argument of type 'String' is not assignable to parameter of type 'string | number | boolean'.
dist/loglevel.min.ts(2,1525): error TS2538: Type 'String' cannot be used as an index type.
dist/loglevel.min.ts(2,1634): error TS2345: Argument of type 'String' is not assignable to parameter of type 'string | number | boolean'.
dist/loglevel.min.ts(2,1677): error TS2345: Argument of type 'Number' is not assignable to parameter of type 'number'.
  'number' is a primitive, but 'Number' is a wrapper object. Prefer using 'number' when possible.
dist/loglevel.min.ts(2,1695): error TS2322: Type 'String' is not assignable to type 'Boolean'.
  The types returned by 'valueOf()' are incompatible between these types.
    Type 'string' is not assignable to type 'boolean'.
dist/loglevel.min.ts(2,1713): error TS2339: Property 'levels' does not exist on type 'HTMLElement'.
dist/loglevel.min.ts(2,1832): error TS2345: Argument of type 'String' is not assignable to parameter of type 'string'.
  'string' is a primitive, but 'String' is a wrapper object. Prefer using 'string' when possible.
dist/loglevel.min.ts(2,1891): error TS2345: Argument of type 'String' is not assignable to parameter of type 'string | number | boolean'.
dist/loglevel.min.ts(2,2088): error TS2339: Property 'name' does not exist on type 'HTMLElement'.
dist/loglevel.min.ts(2,2097): error TS2339: Property 'levels' does not exist on type 'HTMLElement'.
dist/loglevel.min.ts(2,2155): error TS2339: Property 'methodFactory' does not exist on type 'HTMLElement'.
dist/loglevel.min.ts(2,2176): error TS2339: Property 'getLevel' does not exist on type 'HTMLElement'.
dist/loglevel.min.ts(2,2208): error TS2339: Property 'setLevel' does not exist on type 'HTMLElement'.
dist/loglevel.min.ts(2,2281): error TS2339: Property 'levels' does not exist on type 'HTMLElement'.
dist/loglevel.min.ts(2,2290): error TS2339: Property 'toUpperCase' does not exist on type 'never'.
dist/loglevel.min.ts(2,2311): error TS2339: Property 'levels' does not exist on type 'HTMLElement'.
dist/loglevel.min.ts(2,2320): error TS2339: Property 'toUpperCase' does not exist on type 'never'.
dist/loglevel.min.ts(2,2369): error TS2339: Property 'levels' does not exist on type 'HTMLElement'.
dist/loglevel.min.ts(2,2443): error TS2367: This condition will always return 'true' since the types 'boolean' and 'Number' have no overlap.
dist/loglevel.min.ts(2,2453): error TS2345: Argument of type 'Number' is not assignable to parameter of type 'Function'.
  Type 'Number' is missing the following properties from type 'Function': apply, call, bind, prototype, and 6 more.
dist/loglevel.min.ts(2,2494): error TS2339: Property 'levels' does not exist on type 'HTMLElement'.
dist/loglevel.min.ts(2,2552): error TS2339: Property 'setDefaultLevel' does not exist on type 'HTMLElement'.
dist/loglevel.min.ts(2,2599): error TS2339: Property 'setLevel' does not exist on type 'HTMLElement'.
dist/loglevel.min.ts(2,2617): error TS2339: Property 'resetLevel' does not exist on type 'HTMLElement'.
dist/loglevel.min.ts(2,2641): error TS2339: Property 'setLevel' does not exist on type 'HTMLElement'.
dist/loglevel.min.ts(2,2663): error TS2339: Property 'enableAll' does not exist on type 'HTMLElement'.
dist/loglevel.min.ts(2,2697): error TS2339: Property 'setLevel' does not exist on type 'HTMLElement'.
dist/loglevel.min.ts(2,2708): error TS2339: Property 'levels' does not exist on type 'HTMLElement'.
dist/loglevel.min.ts(2,2727): error TS2339: Property 'disableAll' does not exist on type 'HTMLElement'.
dist/loglevel.min.ts(2,2762): error TS2339: Property 'setLevel' does not exist on type 'HTMLElement'.
dist/loglevel.min.ts(2,2773): error TS2339: Property 'levels' does not exist on type 'HTMLElement'.
dist/loglevel.min.ts(2,2795): error TS2740: Type 'Boolean' is missing the following properties from type 'String': charAt, charCodeAt, concat, indexOf, and 44 more.
dist/loglevel.min.ts(2,2826): error TS2339: Property 'setLevel' does not exist on type 'HTMLElement'.
dist/loglevel.min.ts(2,2892): error TS2322: Type 'boolean' is not assignable to type 'Number'.
dist/loglevel.min.ts(2,3004): error TS2314: Generic type 'Array<T>' requires 1 type argument(s).
dist/loglevel.min.ts(2,3065): error TS2350: Only a void function can be called with the 'new' keyword.
dist/loglevel.min.ts(2,3065): error TS2554: Expected 3 arguments, but got 0.
dist/loglevel.min.ts(2,3086): error TS2339: Property 'getLogger' does not exist on type 'HTMLElement'.
dist/loglevel.min.ts(2,3273): error TS2350: Only a void function can be called with the 'new' keyword.
dist/loglevel.min.ts(2,3283): error TS2339: Property 'getLevel' does not exist on type 'HTMLElement'.
dist/loglevel.min.ts(2,3296): error TS2339: Property 'methodFactory' does not exist on type 'HTMLElement'.
dist/loglevel.min.ts(2,3354): error TS2339: Property 'log' does not exist on type 'Window & typeof globalThis'.
dist/loglevel.min.ts(2,3374): error TS2339: Property 'noConflict' does not exist on type 'HTMLElement'.
dist/loglevel.min.ts(2,3429): error TS2339: Property 'log' does not exist on type 'Window & typeof globalThis'.
dist/loglevel.min.ts(2,3446): error TS2339: Property 'log' does not exist on type 'Window & typeof globalThis'.
dist/loglevel.min.ts(2,3458): error TS2339: Property 'getLoggers' does not exist on type 'HTMLElement'.
dist/loglevel.min.ts(2,3492): error TS2339: Property 'default' does not exist on type 'HTMLElement'.
dist/loglevel.ts(4,16): error TS2304: Cannot find name 'define'.
dist/loglevel.ts(4,41): error TS2304: Cannot find name 'define'.
dist/loglevel.ts(5,9): error TS2304: Cannot find name 'define'.
dist/loglevel.ts(9,14): error TS2339: Property 'log' does not exist on type 'Object'.
dist/loglevel.ts(21,21): error TS2314: Generic type 'Array<T>' requires 1 type argument(s).
dist/loglevel.ts(30,59): error TS2314: Generic type 'Array<T>' requires 1 type argument(s).
dist/loglevel.ts(31,36): error TS2538: Type 'String' cannot be used as an index type.
dist/loglevel.ts(47,28): error TS2304: Cannot find name 'Void'.
dist/loglevel.ts(69,13): error TS2322: Type '() => Void' is not assignable to type 'Boolean'.
  The types returned by 'valueOf()' are incompatible between these types.
    Type 'Object' is not assignable to type 'boolean'.
dist/loglevel.ts(70,28): error TS2538: Type 'String' cannot be used as an index type.
dist/loglevel.ts(75,13): error TS2322: Type 'Function' is not assignable to type 'Boolean'.
  Types of property 'valueOf' are incompatible.
    Type '() => Object' is not assignable to type '() => boolean'.
dist/loglevel.ts(81,72): error TS2304: Cannot find name 'Void'.
dist/loglevel.ts(85,18): error TS2538: Type 'String' cannot be used as an index type.
dist/loglevel.ts(85,33): error TS2365: Operator '<' cannot be applied to types 'number' and 'String'.
dist/loglevel.ts(100,22): error TS2538: Type 'String' cannot be used as an index type.
dist/loglevel.ts(113,75): error TS2304: Cannot find name 'Void'.
dist/loglevel.ts(125,58): error TS2304: Cannot find name 'Void'.
dist/loglevel.ts(132,35): error TS2538: Type 'String' cannot be used as an index type.
dist/loglevel.ts(139,36): error TS2345: Argument of type 'String' is not assignable to parameter of type 'string | number | boolean'.
dist/loglevel.ts(143,37): error TS2314: Generic type 'Array<T>' requires 1 type argument(s).
dist/loglevel.ts(149,49): error TS2538: Type 'String' cannot be used as an index type.
dist/loglevel.ts(155,31): error TS2314: Generic type 'Array<T>' requires 1 type argument(s).
dist/loglevel.ts(157,42): error TS2345: Argument of type 'String' is not assignable to parameter of type 'string | number | boolean'.
dist/loglevel.ts(165,20): error TS2339: Property 'levels' does not exist on type 'HTMLElement'.
dist/loglevel.ts(172,39): error TS2304: Cannot find name 'Void'.
dist/loglevel.ts(177,46): error TS2345: Argument of type 'String' is not assignable to parameter of type 'string'.
  'string' is a primitive, but 'String' is a wrapper object. Prefer using 'string' when possible.
dist/loglevel.ts(184,36): error TS2345: Argument of type 'String' is not assignable to parameter of type 'string | number | boolean'.
dist/loglevel.ts(194,12): error TS2339: Property 'name' does not exist on type 'HTMLElement'.
dist/loglevel.ts(196,12): error TS2339: Property 'levels' does not exist on type 'HTMLElement'.
dist/loglevel.ts(199,12): error TS2339: Property 'methodFactory' does not exist on type 'HTMLElement'.
dist/loglevel.ts(201,12): error TS2339: Property 'getLevel' does not exist on type 'HTMLElement'.
dist/loglevel.ts(205,12): error TS2339: Property 'setLevel' does not exist on type 'HTMLElement'.
dist/loglevel.ts(206,49): error TS2339: Property 'levels' does not exist on type 'HTMLElement'.
dist/loglevel.ts(206,62): error TS2339: Property 'toUpperCase' does not exist on type 'never'.
dist/loglevel.ts(207,28): error TS2339: Property 'levels' does not exist on type 'HTMLElement'.
dist/loglevel.ts(207,41): error TS2339: Property 'toUpperCase' does not exist on type 'never'.
dist/loglevel.ts(209,72): error TS2339: Property 'levels' does not exist on type 'HTMLElement'.
dist/loglevel.ts(211,19): error TS2367: This condition will always return 'true' since the types 'Number' and 'boolean' have no overlap.
dist/loglevel.ts(215,68): error TS2339: Property 'levels' does not exist on type 'HTMLElement'.
dist/loglevel.ts(223,12): error TS2339: Property 'setDefaultLevel' does not exist on type 'HTMLElement'.
dist/loglevel.ts(224,11): error TS2740: Type 'Number' is missing the following properties from type 'String': charAt, charCodeAt, concat, indexOf, and 44 more.
dist/loglevel.ts(226,20): error TS2339: Property 'setLevel' does not exist on type 'HTMLElement'.
dist/loglevel.ts(230,12): error TS2339: Property 'resetLevel' does not exist on type 'HTMLElement'.
dist/loglevel.ts(231,16): error TS2339: Property 'setLevel' does not exist on type 'HTMLElement'.
dist/loglevel.ts(235,12): error TS2339: Property 'enableAll' does not exist on type 'HTMLElement'.
dist/loglevel.ts(236,16): error TS2339: Property 'setLevel' does not exist on type 'HTMLElement'.
dist/loglevel.ts(236,30): error TS2339: Property 'levels' does not exist on type 'HTMLElement'.
dist/loglevel.ts(239,12): error TS2339: Property 'disableAll' does not exist on type 'HTMLElement'.
dist/loglevel.ts(240,16): error TS2339: Property 'setLevel' does not exist on type 'HTMLElement'.
dist/loglevel.ts(240,30): error TS2339: Property 'levels' does not exist on type 'HTMLElement'.
dist/loglevel.ts(246,11): error TS2739: Type 'String' is missing the following properties from type 'Number': toFixed, toExponential, toPrecision
dist/loglevel.ts(248,12): error TS2339: Property 'setLevel' does not exist on type 'HTMLElement'.
dist/loglevel.ts(257,33): error TS2350: Only a void function can be called with the 'new' keyword.
dist/loglevel.ts(257,33): error TS2554: Expected 3 arguments, but got 0.
dist/loglevel.ts(260,19): error TS2339: Property 'getLogger' does not exist on type 'Object'.
dist/loglevel.ts(260,65): error TS2314: Generic type 'Promise<T>' requires 1 type argument(s).
dist/loglevel.ts(267,43): error TS2350: Only a void function can be called with the 'new' keyword.
dist/loglevel.ts(268,33): error TS2339: Property 'getLevel' does not exist on type 'Object'.
dist/loglevel.ts(268,59): error TS2339: Property 'methodFactory' does not exist on type 'Object'.
dist/loglevel.ts(274,67): error TS2339: Property 'log' does not exist on type 'Window & typeof globalThis'.
dist/loglevel.ts(275,19): error TS2339: Property 'noConflict' does not exist on type 'Object'.
dist/loglevel.ts(277,23): error TS2339: Property 'log' does not exist on type 'Window & typeof globalThis'.
dist/loglevel.ts(278,20): error TS2339: Property 'log' does not exist on type 'Window & typeof globalThis'.
dist/loglevel.ts(284,19): error TS2339: Property 'getLoggers' does not exist on type 'Object'.
lib/loglevel.ts(9,16): error TS2304: Cannot find name 'define'.
lib/loglevel.ts(9,41): error TS2304: Cannot find name 'define'.
lib/loglevel.ts(10,9): error TS2304: Cannot find name 'define'.
lib/loglevel.ts(14,14): error TS2339: Property 'log' does not exist on type 'Object'.
lib/loglevel.ts(26,21): error TS2314: Generic type 'Array<T>' requires 1 type argument(s).
lib/loglevel.ts(35,59): error TS2314: Generic type 'Array<T>' requires 1 type argument(s).
lib/loglevel.ts(36,36): error TS2538: Type 'String' cannot be used as an index type.
lib/loglevel.ts(52,28): error TS2304: Cannot find name 'Void'.
lib/loglevel.ts(74,13): error TS2322: Type '() => Void' is not assignable to type 'Boolean'.
  Types of property 'valueOf' are incompatible.
    Type '() => Object' is not assignable to type '() => boolean'.
lib/loglevel.ts(75,28): error TS2538: Type 'String' cannot be used as an index type.
lib/loglevel.ts(80,13): error TS2322: Type 'Function' is not assignable to type 'Boolean'.
lib/loglevel.ts(86,72): error TS2304: Cannot find name 'Void'.
lib/loglevel.ts(90,18): error TS2538: Type 'String' cannot be used as an index type.
lib/loglevel.ts(90,33): error TS2365: Operator '<' cannot be applied to types 'number' and 'String'.
lib/loglevel.ts(105,22): error TS2538: Type 'String' cannot be used as an index type.
lib/loglevel.ts(118,75): error TS2304: Cannot find name 'Void'.
lib/loglevel.ts(130,58): error TS2304: Cannot find name 'Void'.
lib/loglevel.ts(137,35): error TS2538: Type 'String' cannot be used as an index type.
lib/loglevel.ts(144,36): error TS2345: Argument of type 'String' is not assignable to parameter of type 'string | number | boolean'.
lib/loglevel.ts(148,37): error TS2314: Generic type 'Array<T>' requires 1 type argument(s).
lib/loglevel.ts(154,49): error TS2538: Type 'String' cannot be used as an index type.
lib/loglevel.ts(160,31): error TS2314: Generic type 'Array<T>' requires 1 type argument(s).
lib/loglevel.ts(162,42): error TS2345: Argument of type 'String' is not assignable to parameter of type 'string | number | boolean'.
lib/loglevel.ts(170,20): error TS2339: Property 'levels' does not exist on type 'HTMLElement'.
lib/loglevel.ts(177,39): error TS2304: Cannot find name 'Void'.
lib/loglevel.ts(182,46): error TS2345: Argument of type 'String' is not assignable to parameter of type 'string'.
  'string' is a primitive, but 'String' is a wrapper object. Prefer using 'string' when possible.
lib/loglevel.ts(189,36): error TS2345: Argument of type 'String' is not assignable to parameter of type 'string | number | boolean'.
lib/loglevel.ts(199,12): error TS2339: Property 'name' does not exist on type 'HTMLElement'.
lib/loglevel.ts(201,12): error TS2339: Property 'levels' does not exist on type 'HTMLElement'.
lib/loglevel.ts(204,12): error TS2339: Property 'methodFactory' does not exist on type 'HTMLElement'.
lib/loglevel.ts(206,12): error TS2339: Property 'getLevel' does not exist on type 'HTMLElement'.
lib/loglevel.ts(210,12): error TS2339: Property 'setLevel' does not exist on type 'HTMLElement'.
lib/loglevel.ts(211,49): error TS2339: Property 'levels' does not exist on type 'HTMLElement'.
lib/loglevel.ts(211,62): error TS2339: Property 'toUpperCase' does not exist on type 'never'.
lib/loglevel.ts(212,28): error TS2339: Property 'levels' does not exist on type 'HTMLElement'.
lib/loglevel.ts(212,41): error TS2339: Property 'toUpperCase' does not exist on type 'never'.
lib/loglevel.ts(214,72): error TS2339: Property 'levels' does not exist on type 'HTMLElement'.
lib/loglevel.ts(216,19): error TS2367: This condition will always return 'true' since the types 'Number' and 'boolean' have no overlap.
lib/loglevel.ts(220,68): error TS2339: Property 'levels' does not exist on type 'HTMLElement'.
lib/loglevel.ts(228,12): error TS2339: Property 'setDefaultLevel' does not exist on type 'HTMLElement'.
lib/loglevel.ts(229,11): error TS2322: Type 'Number' is not assignable to type 'String'.
lib/loglevel.ts(231,20): error TS2339: Property 'setLevel' does not exist on type 'HTMLElement'.
lib/loglevel.ts(235,12): error TS2339: Property 'resetLevel' does not exist on type 'HTMLElement'.
lib/loglevel.ts(236,16): error TS2339: Property 'setLevel' does not exist on type 'HTMLElement'.
lib/loglevel.ts(240,12): error TS2339: Property 'enableAll' does not exist on type 'HTMLElement'.
lib/loglevel.ts(241,16): error TS2339: Property 'setLevel' does not exist on type 'HTMLElement'.
lib/loglevel.ts(241,30): error TS2339: Property 'levels' does not exist on type 'HTMLElement'.
lib/loglevel.ts(244,12): error TS2339: Property 'disableAll' does not exist on type 'HTMLElement'.
lib/loglevel.ts(245,16): error TS2339: Property 'setLevel' does not exist on type 'HTMLElement'.
lib/loglevel.ts(245,30): error TS2339: Property 'levels' does not exist on type 'HTMLElement'.
lib/loglevel.ts(251,11): error TS2322: Type 'String' is not assignable to type 'Number'.
lib/loglevel.ts(253,12): error TS2339: Property 'setLevel' does not exist on type 'HTMLElement'.
lib/loglevel.ts(262,33): error TS2350: Only a void function can be called with the 'new' keyword.
lib/loglevel.ts(262,33): error TS2554: Expected 3 arguments, but got 0.
lib/loglevel.ts(265,19): error TS2339: Property 'getLogger' does not exist on type 'Object'.
lib/loglevel.ts(265,65): error TS2314: Generic type 'Promise<T>' requires 1 type argument(s).
lib/loglevel.ts(272,43): error TS2350: Only a void function can be called with the 'new' keyword.
lib/loglevel.ts(273,33): error TS2339: Property 'getLevel' does not exist on type 'Object'.
lib/loglevel.ts(273,59): error TS2339: Property 'methodFactory' does not exist on type 'Object'.
lib/loglevel.ts(279,67): error TS2339: Property 'log' does not exist on type 'Window & typeof globalThis'.
lib/loglevel.ts(280,19): error TS2339: Property 'noConflict' does not exist on type 'Object'.
lib/loglevel.ts(282,23): error TS2339: Property 'log' does not exist on type 'Window & typeof globalThis'.
lib/loglevel.ts(283,20): error TS2339: Property 'log' does not exist on type 'Window & typeof globalThis'.
lib/loglevel.ts(289,19): error TS2339: Property 'getLoggers' does not exist on type 'Object'.

