index.browser.ts(5,12): error TS2740: Type 'Function' is missing the following properties from type 'String': charAt, charCodeAt, concat, indexOf, and 43 more.
index.browser.ts(6,12): error TS2322: Type 'Function' is not assignable to type 'String'.
index.browser.ts(7,12): error TS2322: Type 'Function' is not assignable to type 'String'.
index.browser.ts(8,12): error TS2322: Type 'Function' is not assignable to type 'String'.
index.browser.ts(9,12): error TS2322: Type 'Function' is not assignable to type 'String'.
index.browser.ts(10,12): error TS2322: Type 'Function' is not assignable to type 'String'.
index.browser.ts(11,12): error TS2322: Type 'Function' is not assignable to type 'String'.
index.browser.ts(12,12): error TS2322: Type 'Function' is not assignable to type 'String'.
index.browser.ts(13,12): error TS2322: Type 'Function' is not assignable to type 'String'.
index.browser.ts(14,12): error TS2322: Type 'Function' is not assignable to type 'String'.
index.browser.ts(15,12): error TS2322: Type 'Function' is not assignable to type 'String'.
index.browser.ts(16,12): error TS2322: Type 'Function' is not assignable to type 'String'.
index.browser.ts(17,12): error TS2322: Type 'Function' is not assignable to type 'String'.
index.browser.ts(18,12): error TS2322: Type 'Function' is not assignable to type 'String'.
index.browser.ts(19,12): error TS2322: Type 'Function' is not assignable to type 'String'.
index.browser.ts(20,12): error TS2322: Type 'Function' is not assignable to type 'String'.
index.browser.ts(21,12): error TS2322: Type 'Function' is not assignable to type 'String'.
index.browser.ts(22,12): error TS2322: Type 'Function' is not assignable to type 'String'.
index.browser.ts(23,12): error TS2322: Type 'Function' is not assignable to type 'String'.
index.browser.ts(24,12): error TS2322: Type 'Function' is not assignable to type 'String'.
index.browser.ts(25,12): error TS2322: Type 'Function' is not assignable to type 'String'.
index.browser.ts(26,12): error TS2322: Type 'Function' is not assignable to type 'String'.
index.browser.ts(27,12): error TS2322: Type 'Function' is not assignable to type 'String'.
index.browser.ts(28,12): error TS2322: Type 'Function' is not assignable to type 'String'.
index.ts(17,12): error TS2740: Type 'Boolean' is missing the following properties from type 'Function': apply, call, bind, prototype, and 6 more.
index.ts(28,16): error TS2365: Operator '+' cannot be applied to types 'String' and 'String'.
index.ts(32,9): error TS2365: Operator '+' cannot be applied to types 'String' and 'string | String'.
index.ts(33,23): error TS2345: Argument of type 'String' is not assignable to parameter of type 'string'.
  'string' is a primitive, but 'String' is a wrapper object. Prefer using 'string' when possible.
index.ts(33,45): error TS2769: No overload matches this call.
  The last overload gave the following error.
    Argument of type 'String' is not assignable to parameter of type 'string | RegExp'.
index.ts(48,30): error TS2322: Type 'Function' is not assignable to type 'Boolean'.
  The types returned by 'valueOf()' are incompatible between these types.
    Type 'Object' is not assignable to type 'boolean'.
index.ts(53,39): error TS2345: Argument of type 'RegExp' is not assignable to parameter of type 'String'.
  Type 'RegExp' is missing the following properties from type 'String': charAt, charCodeAt, concat, indexOf, and 44 more.
index.ts(54,38): error TS2345: Argument of type 'RegExp' is not assignable to parameter of type 'String'.
index.ts(55,44): error TS2345: Argument of type 'RegExp' is not assignable to parameter of type 'String'.
index.ts(56,47): error TS2345: Argument of type 'RegExp' is not assignable to parameter of type 'String'.
index.ts(57,45): error TS2345: Argument of type 'RegExp' is not assignable to parameter of type 'String'.
index.ts(58,44): error TS2345: Argument of type 'RegExp' is not assignable to parameter of type 'String'.
index.ts(59,51): error TS2345: Argument of type 'RegExp' is not assignable to parameter of type 'String'.
index.ts(60,41): error TS2345: Argument of type 'RegExp' is not assignable to parameter of type 'String'.
index.ts(61,39): error TS2345: Argument of type 'RegExp' is not assignable to parameter of type 'String'.
index.ts(62,41): error TS2345: Argument of type 'RegExp' is not assignable to parameter of type 'String'.
index.ts(63,42): error TS2345: Argument of type 'RegExp' is not assignable to parameter of type 'String'.
index.ts(64,40): error TS2345: Argument of type 'RegExp' is not assignable to parameter of type 'String'.
index.ts(65,43): error TS2345: Argument of type 'RegExp' is not assignable to parameter of type 'String'.
index.ts(66,40): error TS2345: Argument of type 'RegExp' is not assignable to parameter of type 'String'.
index.ts(67,41): error TS2345: Argument of type 'RegExp' is not assignable to parameter of type 'String'.
index.ts(68,40): error TS2345: Argument of type 'RegExp' is not assignable to parameter of type 'String'.
index.ts(69,43): error TS2345: Argument of type 'RegExp' is not assignable to parameter of type 'String'.
index.ts(70,41): error TS2345: Argument of type 'RegExp' is not assignable to parameter of type 'String'.
index.ts(71,43): error TS2345: Argument of type 'RegExp' is not assignable to parameter of type 'String'.
index.ts(72,44): error TS2345: Argument of type 'RegExp' is not assignable to parameter of type 'String'.
index.ts(73,42): error TS2345: Argument of type 'RegExp' is not assignable to parameter of type 'String'.
index.ts(74,45): error TS2345: Argument of type 'RegExp' is not assignable to parameter of type 'String'.
index.ts(75,42): error TS2345: Argument of type 'RegExp' is not assignable to parameter of type 'String'.
index.ts(76,43): error TS2345: Argument of type 'RegExp' is not assignable to parameter of type 'String'.
index.ts(111,3): error TS2339: Property 'reset' does not exist on type 'Object'.
index.ts(112,3): error TS2339: Property 'bold' does not exist on type 'Object'.
index.ts(113,3): error TS2339: Property 'dim' does not exist on type 'Object'.
index.ts(114,3): error TS2339: Property 'italic' does not exist on type 'Object'.
index.ts(115,3): error TS2339: Property 'underline' does not exist on type 'Object'.
index.ts(116,3): error TS2339: Property 'inverse' does not exist on type 'Object'.
index.ts(117,3): error TS2339: Property 'hidden' does not exist on type 'Object'.
index.ts(118,3): error TS2339: Property 'strikethrough' does not exist on type 'Object'.
index.ts(119,3): error TS2339: Property 'black' does not exist on type 'Object'.
index.ts(120,3): error TS2339: Property 'red' does not exist on type 'Object'.
index.ts(121,3): error TS2339: Property 'green' does not exist on type 'Object'.
index.ts(122,3): error TS2339: Property 'yellow' does not exist on type 'Object'.
index.ts(123,3): error TS2339: Property 'blue' does not exist on type 'Object'.
index.ts(124,3): error TS2339: Property 'magenta' does not exist on type 'Object'.
index.ts(125,3): error TS2339: Property 'cyan' does not exist on type 'Object'.
index.ts(126,3): error TS2339: Property 'white' does not exist on type 'Object'.
index.ts(127,3): error TS2339: Property 'gray' does not exist on type 'Object'.
index.ts(128,3): error TS2339: Property 'bgBlack' does not exist on type 'Object'.
index.ts(129,3): error TS2339: Property 'bgRed' does not exist on type 'Object'.
index.ts(130,3): error TS2339: Property 'bgGreen' does not exist on type 'Object'.
index.ts(131,3): error TS2339: Property 'bgYellow' does not exist on type 'Object'.
index.ts(132,3): error TS2339: Property 'bgBlue' does not exist on type 'Object'.
index.ts(133,3): error TS2339: Property 'bgMagenta' does not exist on type 'Object'.
index.ts(134,3): error TS2339: Property 'bgCyan' does not exist on type 'Object'.
index.ts(135,3): error TS2339: Property 'bgWhite' does not exist on type 'Object'.
index.ts(136,18): error TS2345: Argument of type 'Function' is not assignable to parameter of type 'Boolean'.

