index.ts(9,6): error TS2739: Type 'Text' is missing the following properties from type 'Error': name, message
index.ts(9,56): error TS2314: Generic type 'Array<T>' requires 1 type argument(s).
index.ts(9,77): error TS2314: Generic type 'Array<T>' requires 1 type argument(s).
index.ts(10,6): error TS2351: This expression is not constructable.
  Type 'Object' has no construct signatures.
index.ts(27,8): error TS2339: Property 'data' does not exist on type 'Error'.
index.ts(27,24): error TS2356: An arithmetic operand must be of type 'any', 'number', 'bigint' or an enum type.
index.ts(30,4): error TS2356: An arithmetic operand must be of type 'any', 'number', 'bigint' or an enum type.
index.ts(35,23): error TS2314: Generic type 'Array<T>' requires 1 type argument(s).
index.ts(43,8): error TS2339: Property 'data' does not exist on type 'Error'.
index.ts(43,24): error TS2356: An arithmetic operand must be of type 'any', 'number', 'bigint' or an enum type.
index.ts(55,24): error TS2314: Generic type 'Array<T>' requires 1 type argument(s).
index.ts(61,14): error TS2304: Cannot find name 'WebKitMutationObserver'.
index.ts(61,71): error TS2304: Cannot find name 'WebKitMutationObserver'.
index.ts(67,24): error TS2314: Generic type 'Array<T>' requires 1 type argument(s).
index.ts(72,24): error TS2314: Generic type 'Array<T>' requires 1 type argument(s).
../../../../node_modules/@types/get-intrinsic/internal/intrinsics.d.ts(11,25): error TS2304: Cannot find name 'AggregateErrorConstructor'.
../../../../node_modules/@types/get-intrinsic/internal/intrinsics.d.ts(126,42): error TS2304: Cannot find name 'AggregateError'.
../../../../node_modules/@types/get-intrinsic/internal/intrinsics.d.ts(127,47): error TS2304: Cannot find name 'AggregateError'.
../../../../node_modules/@types/get-intrinsic/internal/intrinsics.d.ts(128,50): error TS2304: Cannot find name 'AggregateError'.
../../../../node_modules/@types/get-intrinsic/internal/intrinsics.d.ts(418,37): error TS2550: Property 'any' does not exist on type 'PromiseConstructor'. Do you need to change your target library? Try changing the 'lib' compiler option to 'es2021' or later.
../../../../node_modules/@types/get-intrinsic/internal/intrinsics.d.ts(514,62): error TS2550: Property 'replaceAll' does not exist on type 'String'. Do you need to change your target library? Try changing the 'lib' compiler option to 'es2021' or later.

