Gruntfile.ts(3,8): error TS2339: Property 'initConfig' does not exist on type 'HTMLElement'.
Gruntfile.ts(36,8): error TS2339: Property 'loadNpmTasks' does not exist on type 'HTMLElement'.
Gruntfile.ts(38,8): error TS2339: Property 'registerTask' does not exist on type 'HTMLElement'.
Gruntfile.ts(45,8): error TS2339: Property 'registerTask' does not exist on type 'HTMLElement'.
Gruntfile.ts(50,8): error TS2339: Property 'registerTask' does not exist on type 'HTMLElement'.
regenerate.ts(8,6): error TS2740: Type 'NodeModule' is missing the following properties from type 'String': charAt, charCodeAt, concat, indexOf, and 44 more.
regenerate.ts(14,17): error TS2339: Property 'global' does not exist on type 'Object'.
regenerate.ts(14,53): error TS2339: Property 'window' does not exist on type 'Object'.
regenerate.ts(43,17): error TS2538: Type 'String' cannot be used as an index type.
regenerate.ts(43,31): error TS2538: Type 'String' cannot be used as an index type.
regenerate.ts(49,42): error TS2314: Generic type 'Array<T>' requires 1 type argument(s).
regenerate.ts(52,12): error TS2356: An arithmetic operand must be of type 'any', 'number', 'bigint' or an enum type.
regenerate.ts(72,7): error TS2365: Operator '+' cannot be applied to types 'String' and 'String'.
regenerate.ts(84,58): error TS2314: Generic type 'Array<T>' requires 1 type argument(s).
regenerate.ts(87,21): error TS2362: The left-hand side of an arithmetic operation must be of type 'any', 'number', 'bigint' or an enum type.
regenerate.ts(88,15): error TS2314: Generic type 'Array<T>' requires 1 type argument(s).
regenerate.ts(92,12): error TS2356: An arithmetic operand must be of type 'any', 'number', 'bigint' or an enum type.
regenerate.ts(99,16): error TS2365: Operator '+' cannot be applied to types 'Number' and 'number'.
regenerate.ts(105,19): error TS2365: Operator '+' cannot be applied to types 'Number' and 'number'.
regenerate.ts(109,18): error TS2365: Operator '+' cannot be applied to types 'Number' and 'number'.
regenerate.ts(115,16): error TS2365: Operator '+' cannot be applied to types 'Number' and 'number'.
regenerate.ts(120,44): error TS2314: Generic type 'Array<T>' requires 1 type argument(s).
regenerate.ts(128,15): error TS2365: Operator '+' cannot be applied to types 'Number' and 'number'.
regenerate.ts(132,17): error TS2365: Operator '+' cannot be applied to types 'Number' and 'number'.
regenerate.ts(138,21): error TS2365: Operator '+' cannot be applied to types 'Number' and 'number'.
regenerate.ts(141,29): error TS2362: The left-hand side of an arithmetic operation must be of type 'any', 'number', 'bigint' or an enum type.
regenerate.ts(143,11): error TS2365: Operator '+' cannot be applied to types 'Number' and 'number'.
regenerate.ts(147,46): error TS2365: Operator '+' cannot be applied to types 'Number' and 'number'.
regenerate.ts(151,4): error TS2365: Operator '+=' cannot be applied to types 'Number' and 'number'.
regenerate.ts(156,49): error TS2314: Generic type 'Array<T>' requires 1 type argument(s).
regenerate.ts(158,23): error TS2339: Property 'rangeOrder' does not exist on type 'Object'.
regenerate.ts(166,15): error TS2365: Operator '+' cannot be applied to types 'Number' and 'number'.
regenerate.ts(189,20): error TS2365: Operator '+' cannot be applied to types 'Number' and 'number'.
regenerate.ts(190,11): error TS2365: Operator '+' cannot be applied to types 'Number' and 'number'.
regenerate.ts(190,24): error TS2365: Operator '+' cannot be applied to types 'Number' and 'number'.
regenerate.ts(194,46): error TS2365: Operator '+' cannot be applied to types 'Number' and 'number'.
regenerate.ts(194,60): error TS2365: Operator '+' cannot be applied to types 'Number' and 'number'.
regenerate.ts(202,10): error TS2365: Operator '+' cannot be applied to types 'Number' and 'number'.
regenerate.ts(213,19): error TS2365: Operator '+' cannot be applied to types 'Number' and 'number'.
regenerate.ts(217,4): error TS2365: Operator '+=' cannot be applied to types 'Number' and 'number'.
regenerate.ts(222,42): error TS2314: Generic type 'Array<T>' requires 1 type argument(s).
regenerate.ts(230,28): error TS2339: Property 'codePointRange' does not exist on type 'Object'.
regenerate.ts(234,15): error TS2365: Operator '+' cannot be applied to types 'Number' and 'number'.
regenerate.ts(237,30): error TS2365: Operator '<' cannot be applied to types 'Number' and 'String'.
regenerate.ts(241,21): error TS2362: The left-hand side of an arithmetic operation must be of type 'any', 'number', 'bigint' or an enum type.
regenerate.ts(252,26): error TS2365: Operator '+' cannot be applied to types 'Number' and 'number'.
regenerate.ts(255,6): error TS2365: Operator '+' cannot be applied to types 'Number' and 'number'.
regenerate.ts(260,8): error TS2367: This condition will always return 'false' since the types 'Number' and 'String' have no overlap.
regenerate.ts(263,31): error TS2365: Operator '+' cannot be applied to types 'Number' and 'number'.
regenerate.ts(264,40): error TS2365: Operator '+' cannot be applied to types 'Number' and 'number'.
regenerate.ts(268,10): error TS2365: Operator '+' cannot be applied to types 'Number' and 'number'.
regenerate.ts(272,4): error TS2365: Operator '+=' cannot be applied to types 'Number' and 'number'.
regenerate.ts(275,24): error TS2365: Operator '+' cannot be applied to types 'Number' and 'number'.
regenerate.ts(279,46): error TS2314: Generic type 'Array<T>' requires 1 type argument(s).
regenerate.ts(279,60): error TS2314: Generic type 'Array<T>' requires 1 type argument(s).
regenerate.ts(288,16): error TS2365: Operator '+' cannot be applied to types 'Number' and 'number'.
regenerate.ts(289,8): error TS2367: This condition will always return 'false' since the types 'String' and 'Number' have no overlap.
regenerate.ts(294,4): error TS2365: Operator '+=' cannot be applied to types 'Number' and 'number'.
regenerate.ts(299,49): error TS2314: Generic type 'Array<T>' requires 1 type argument(s).
regenerate.ts(299,63): error TS2314: Generic type 'Array<T>' requires 1 type argument(s).
regenerate.ts(308,16): error TS2365: Operator '+' cannot be applied to types 'Number' and 'number'.
regenerate.ts(309,8): error TS2367: This condition will always return 'false' since the types 'String' and 'Number' have no overlap.
regenerate.ts(314,4): error TS2365: Operator '+=' cannot be applied to types 'Number' and 'number'.
regenerate.ts(319,46): error TS2314: Generic type 'Array<T>' requires 1 type argument(s).
regenerate.ts(321,23): error TS2339: Property 'rangeOrder' does not exist on type 'Object'.
regenerate.ts(327,28): error TS2339: Property 'codePointRange' does not exist on type 'Object'.
regenerate.ts(337,15): error TS2365: Operator '+' cannot be applied to types 'Number' and 'number'.
regenerate.ts(344,18): error TS2365: Operator '+' cannot be applied to types 'Number' and 'number'.
regenerate.ts(345,18): error TS2362: The left-hand side of an arithmetic operation must be of type 'any', 'number', 'bigint' or an enum type.
regenerate.ts(360,30): error TS2362: The left-hand side of an arithmetic operation must be of type 'any', 'number', 'bigint' or an enum type.
regenerate.ts(364,7): error TS2362: The left-hand side of an arithmetic operation must be of type 'any', 'number', 'bigint' or an enum type.
regenerate.ts(372,19): error TS2362: The left-hand side of an arithmetic operation must be of type 'any', 'number', 'bigint' or an enum type.
regenerate.ts(373,7): error TS2362: The left-hand side of an arithmetic operation must be of type 'any', 'number', 'bigint' or an enum type.
regenerate.ts(381,22): error TS2365: Operator '+' cannot be applied to types 'Number' and 'number'.
regenerate.ts(388,39): error TS2365: Operator '+' cannot be applied to types 'Number' and 'number'.
regenerate.ts(392,56): error TS2365: Operator '+' cannot be applied to types 'Number' and 'number'.
regenerate.ts(405,10): error TS2365: Operator '+' cannot be applied to types 'Number' and 'number'.
regenerate.ts(405,23): error TS2365: Operator '+' cannot be applied to types 'Number' and 'number'.
regenerate.ts(412,36): error TS2365: Operator '+' cannot be applied to types 'Number' and 'number'.
regenerate.ts(415,10): error TS2365: Operator '+' cannot be applied to types 'Number' and 'number'.
regenerate.ts(415,23): error TS2365: Operator '+' cannot be applied to types 'Number' and 'number'.
regenerate.ts(419,4): error TS2365: Operator '+=' cannot be applied to types 'Number' and 'number'.
regenerate.ts(424,26): error TS2365: Operator '+' cannot be applied to types 'Number' and 'number'.
regenerate.ts(431,29): error TS2339: Property 'length' does not exist on type 'Object'.
regenerate.ts(433,28): error TS2538: Type 'Number' cannot be used as an index type.
regenerate.ts(434,26): error TS2362: The left-hand side of an arithmetic operation must be of type 'any', 'number', 'bigint' or an enum type.
regenerate.ts(436,29): error TS2365: Operator '>' cannot be applied to types 'Number' and 'String'.
regenerate.ts(442,17): error TS2538: Type 'Number' cannot be used as an index type.
regenerate.ts(443,15): error TS2365: Operator '+' cannot be applied to types 'Number' and 'number'.
regenerate.ts(444,30): error TS2365: Operator '<' cannot be applied to types 'Number' and 'String'.
regenerate.ts(447,4): error TS2365: Operator '+=' cannot be applied to types 'Number' and 'number'.
regenerate.ts(452,70): error TS2314: Generic type 'Array<T>' requires 1 type argument(s).
regenerate.ts(456,15): error TS2314: Generic type 'Array<T>' requires 1 type argument(s).
regenerate.ts(462,6): error TS2356: An arithmetic operand must be of type 'any', 'number', 'bigint' or an enum type.
regenerate.ts(467,45): error TS2314: Generic type 'Array<T>' requires 1 type argument(s).
regenerate.ts(471,49): error TS2314: Generic type 'Array<T>' requires 1 type argument(s).
regenerate.ts(476,45): error TS2314: Generic type 'Array<T>' requires 1 type argument(s).
regenerate.ts(481,15): error TS2314: Generic type 'Array<T>' requires 1 type argument(s).
regenerate.ts(485,15): error TS2365: Operator '+' cannot be applied to types 'Number' and 'number'.
regenerate.ts(486,11): error TS2365: Operator '<' cannot be applied to types 'Number' and 'Function'.
regenerate.ts(488,7): error TS2356: An arithmetic operand must be of type 'any', 'number', 'bigint' or an enum type.
regenerate.ts(490,4): error TS2365: Operator '+=' cannot be applied to types 'Number' and 'number'.
regenerate.ts(501,11): error TS2362: The left-hand side of an arithmetic operation must be of type 'any', 'number', 'bigint' or an enum type.
regenerate.ts(508,4): error TS2365: Operator '+' cannot be applied to types 'number' and 'Number'.
regenerate.ts(508,5): error TS2362: The left-hand side of an arithmetic operation must be of type 'any', 'number', 'bigint' or an enum type.
regenerate.ts(611,11): error TS2365: Operator '+' cannot be applied to types 'number' and 'Number'.
regenerate.ts(611,12): error TS2362: The left-hand side of an arithmetic operation must be of type 'any', 'number', 'bigint' or an enum type.
regenerate.ts(611,20): error TS2363: The right-hand side of an arithmetic operation must be of type 'any', 'number', 'bigint' or an enum type.
regenerate.ts(612,14): error TS2363: The right-hand side of an arithmetic operation must be of type 'any', 'number', 'bigint' or an enum type.
regenerate.ts(617,59): error TS2314: Generic type 'Array<T>' requires 1 type argument(s).
regenerate.ts(629,15): error TS2365: Operator '+' cannot be applied to types 'Number' and 'number'.
regenerate.ts(630,8): error TS2367: This condition will always return 'false' since the types 'String' and 'Number' have no overlap.
regenerate.ts(632,15): error TS2365: Operator '+' cannot be applied to types 'String' and 'number'.
regenerate.ts(637,4): error TS2365: Operator '+=' cannot be applied to types 'Number' and 'number'.
regenerate.ts(642,63): error TS2314: Generic type 'Array<T>' requires 1 type argument(s).
regenerate.ts(654,15): error TS2365: Operator '+' cannot be applied to types 'Number' and 'number'.
regenerate.ts(655,8): error TS2367: This condition will always return 'false' since the types 'String' and 'Number' have no overlap.
regenerate.ts(657,15): error TS2365: Operator '+' cannot be applied to types 'String' and 'number'.
regenerate.ts(662,4): error TS2365: Operator '+=' cannot be applied to types 'Number' and 'number'.
regenerate.ts(667,44): error TS2314: Generic type 'Array<T>' requires 1 type argument(s).
regenerate.ts(669,27): error TS2314: Generic type 'Array<T>' requires 1 type argument(s).
regenerate.ts(670,26): error TS2314: Generic type 'Array<T>' requires 1 type argument(s).
regenerate.ts(671,12): error TS2314: Generic type 'Array<T>' requires 1 type argument(s).
regenerate.ts(672,15): error TS2314: Generic type 'Array<T>' requires 1 type argument(s).
regenerate.ts(679,15): error TS2365: Operator '+' cannot be applied to types 'Number' and 'number'.
regenerate.ts(686,22): error TS2365: Operator '+' cannot be applied to types 'Number' and 'number'.
regenerate.ts(693,50): error TS2365: Operator '+' cannot be applied to types 'Number' and 'number'.
regenerate.ts(700,50): error TS2365: Operator '+' cannot be applied to types 'Number' and 'number'.
regenerate.ts(701,48): error TS2365: Operator '+' cannot be applied to types 'Number' and 'number'.
regenerate.ts(708,50): error TS2365: Operator '+' cannot be applied to types 'Number' and 'number'.
regenerate.ts(709,48): error TS2365: Operator '+' cannot be applied to types 'Number' and 'number'.
regenerate.ts(711,16): error TS2365: Operator '+' cannot be applied to types 'Number' and 'number'.
regenerate.ts(711,39): error TS2365: Operator '+' cannot be applied to types 'Number' and 'number'.
regenerate.ts(713,16): error TS2365: Operator '+' cannot be applied to types 'Number' and 'number'.
regenerate.ts(714,31): error TS2365: Operator '+' cannot be applied to types 'Number' and 'number'.
regenerate.ts(723,37): error TS2365: Operator '+' cannot be applied to types 'Number' and 'number'.
regenerate.ts(729,37): error TS2365: Operator '+' cannot be applied to types 'Number' and 'number'.
regenerate.ts(730,48): error TS2365: Operator '+' cannot be applied to types 'Number' and 'number'.
regenerate.ts(736,37): error TS2365: Operator '+' cannot be applied to types 'Number' and 'number'.
regenerate.ts(737,48): error TS2365: Operator '+' cannot be applied to types 'Number' and 'number'.
regenerate.ts(739,16): error TS2365: Operator '+' cannot be applied to types 'Number' and 'number'.
regenerate.ts(739,39): error TS2365: Operator '+' cannot be applied to types 'Number' and 'number'.
regenerate.ts(741,16): error TS2365: Operator '+' cannot be applied to types 'Number' and 'number'.
regenerate.ts(742,31): error TS2365: Operator '+' cannot be applied to types 'Number' and 'number'.
regenerate.ts(751,36): error TS2365: Operator '+' cannot be applied to types 'Number' and 'number'.
regenerate.ts(757,36): error TS2365: Operator '+' cannot be applied to types 'Number' and 'number'.
regenerate.ts(759,16): error TS2365: Operator '+' cannot be applied to types 'Number' and 'number'.
regenerate.ts(759,39): error TS2365: Operator '+' cannot be applied to types 'Number' and 'number'.
regenerate.ts(761,16): error TS2365: Operator '+' cannot be applied to types 'Number' and 'number'.
regenerate.ts(762,31): error TS2365: Operator '+' cannot be applied to types 'Number' and 'number'.
regenerate.ts(771,22): error TS2365: Operator '+' cannot be applied to types 'Number' and 'number'.
regenerate.ts(774,30): error TS2365: Operator '+' cannot be applied to types 'Number' and 'number'.
regenerate.ts(780,24): error TS2365: Operator '+' cannot be applied to types 'Number' and 'number'.
regenerate.ts(784,4): error TS2365: Operator '+=' cannot be applied to types 'Number' and 'number'.
regenerate.ts(794,72): error TS2314: Generic type 'Array<T>' requires 1 type argument(s).
regenerate.ts(795,15): error TS2314: Generic type 'Array<T>' requires 1 type argument(s).
regenerate.ts(796,15): error TS2314: Generic type 'Array<T>' requires 1 type argument(s).
regenerate.ts(801,22): error TS2314: Generic type 'Array<T>' requires 1 type argument(s).
regenerate.ts(806,12): error TS2356: An arithmetic operand must be of type 'any', 'number', 'bigint' or an enum type.
regenerate.ts(808,36): error TS2365: Operator '+' cannot be applied to types 'Number' and 'number'.
regenerate.ts(835,7): error TS2356: An arithmetic operand must be of type 'any', 'number', 'bigint' or an enum type.
regenerate.ts(839,37): error TS2365: Operator '+' cannot be applied to types 'Number' and 'number'.
regenerate.ts(853,70): error TS2314: Generic type 'Array<T>' requires 1 type argument(s).
regenerate.ts(859,12): error TS2356: An arithmetic operand must be of type 'any', 'number', 'bigint' or an enum type.
regenerate.ts(865,13): error TS2356: An arithmetic operand must be of type 'any', 'number', 'bigint' or an enum type.
regenerate.ts(867,29): error TS2314: Generic type 'Array<T>' requires 1 type argument(s).
regenerate.ts(887,8): error TS2356: An arithmetic operand must be of type 'any', 'number', 'bigint' or an enum type.
regenerate.ts(894,46): error TS2314: Generic type 'Array<T>' requires 1 type argument(s).
regenerate.ts(908,26): error TS2314: Generic type 'Array<T>' requires 1 type argument(s).
regenerate.ts(912,15): error TS2365: Operator '+' cannot be applied to types 'Number' and 'number'.
regenerate.ts(919,48): error TS2367: This condition will always return 'false' since the types 'String' and 'Number' have no overlap.
regenerate.ts(926,5): error TS2367: This condition will always return 'false' since the types 'String' and 'Number' have no overlap.
regenerate.ts(930,18): error TS2365: Operator '+' cannot be applied to types 'Number' and 'number'.
regenerate.ts(931,17): error TS2365: Operator '+' cannot be applied to types 'Number' and 'number'.
regenerate.ts(936,18): error TS2365: Operator '+' cannot be applied to types 'String' and 'number'.
regenerate.ts(937,17): error TS2365: Operator '+' cannot be applied to types 'Number' and 'number'.
regenerate.ts(943,21): error TS2365: Operator '+' cannot be applied to types 'String' and 'number'.
regenerate.ts(947,8): error TS2365: Operator '+' cannot be applied to types 'String' and 'number'.
regenerate.ts(947,23): error TS2365: Operator '+' cannot be applied to types 'Number' and 'number'.
regenerate.ts(948,27): error TS2365: Operator '+' cannot be applied to types 'Number' and 'number'.
regenerate.ts(953,8): error TS2365: Operator '+' cannot be applied to types 'String' and 'number'.
regenerate.ts(954,27): error TS2365: Operator '+' cannot be applied to types 'Number' and 'number'.
regenerate.ts(962,16): error TS2365: Operator '+' cannot be applied to types 'Number' and 'number'.
regenerate.ts(963,26): error TS2365: Operator '+' cannot be applied to types 'Number' and 'number'.
regenerate.ts(967,4): error TS2365: Operator '+=' cannot be applied to types 'Number' and 'number'.
regenerate.ts(984,15): error TS2314: Generic type 'Array<T>' requires 1 type argument(s).
regenerate.ts(985,57): error TS2314: Generic type 'Promise<T>' requires 1 type argument(s).
regenerate.ts(1000,15): error TS2314: Generic type 'Array<T>' requires 1 type argument(s).
regenerate.ts(1003,42): error TS2339: Property 'loneHighSurrogates' does not exist on type 'HTMLElement'.
regenerate.ts(1004,41): error TS2339: Property 'loneLowSurrogates' does not exist on type 'HTMLElement'.
regenerate.ts(1005,27): error TS2339: Property 'bmp' does not exist on type 'HTMLElement'.
regenerate.ts(1006,32): error TS2339: Property 'astral' does not exist on type 'HTMLElement'.
regenerate.ts(1062,15): error TS2351: This expression is not constructable.
  Type 'Function' has no construct signatures.
regenerate.ts(1065,13): error TS2339: Property 'version' does not exist on type 'Function'.
regenerate.ts(1076,11): error TS2339: Property 'data' does not exist on type 'HTMLElement'.
regenerate.ts(1076,36): error TS2339: Property 'data' does not exist on type 'HTMLElement'.
regenerate.ts(1076,48): error TS2339: Property 'data' does not exist on type 'String'.
regenerate.ts(1084,12): error TS2339: Property 'add' does not exist on type 'HTMLElement'.
regenerate.ts(1088,10): error TS2339: Property 'data' does not exist on type 'HTMLElement'.
regenerate.ts(1089,11): error TS2339: Property 'data' does not exist on type 'HTMLElement'.
regenerate.ts(1094,29): error TS2314: Generic type 'Array<T>' requires 1 type argument(s).
regenerate.ts(1101,11): error TS2339: Property 'data' does not exist on type 'Object'.
regenerate.ts(1101,39): error TS2339: Property 'data' does not exist on type 'Object'.
regenerate.ts(1101,51): error TS2339: Property 'data' does not exist on type '{}'.
regenerate.ts(1109,12): error TS2339: Property 'remove' does not exist on type 'Object'.
regenerate.ts(1113,10): error TS2339: Property 'data' does not exist on type 'Object'.
regenerate.ts(1114,11): error TS2339: Property 'data' does not exist on type 'Object'.
regenerate.ts(1121,10): error TS2339: Property 'data' does not exist on type 'Object'.
regenerate.ts(1121,36): error TS2339: Property 'data' does not exist on type 'Object'.
regenerate.ts(1131,10): error TS2339: Property 'data' does not exist on type 'Object'.
regenerate.ts(1132,11): error TS2339: Property 'data' does not exist on type 'Object'.
regenerate.ts(1138,38): error TS2314: Generic type 'Array<T>' requires 1 type argument(s).
regenerate.ts(1142,15): error TS2314: Generic type 'Array<T>' requires 1 type argument(s).
regenerate.ts(1143,26): error TS2339: Property 'data' does not exist on type '{}'.
regenerate.ts(1145,10): error TS2339: Property 'data' does not exist on type 'Object'.
regenerate.ts(1145,40): error TS2339: Property 'data' does not exist on type 'Object'.
regenerate.ts(1155,13): error TS2314: Generic type 'Array<T>' requires 1 type argument(s).
regenerate.ts(1155,25): error TS2351: This expression is not constructable.
  Type 'Function' has no construct signatures.
regenerate.ts(1162,23): error TS2339: Property 'bmpOnly' does not exist on type 'Object'.
regenerate.ts(1163,23): error TS2339: Property 'hasUnicodeFlag' does not exist on type 'Object'.
regenerate.ts(1180,18): error TS2769: No overload matches this call.
  Overload 1 of 3, '(pattern: string | RegExp, flags?: string): RegExp', gave the following error.
    Argument of type 'String' is not assignable to parameter of type 'string | RegExp'.
  Overload 2 of 3, '(pattern: string, flags?: string): RegExp', gave the following error.
    Argument of type 'String' is not assignable to parameter of type 'string'.
      'string' is a primitive, but 'String' is a wrapper object. Prefer using 'string' when possible.
regenerate.ts(1187,8): error TS2339: Property 'toArray' does not exist on type 'Object'.
regenerate.ts(1192,10): error TS2304: Cannot find name 'define'.
regenerate.ts(1193,10): error TS2304: Cannot find name 'define'.
regenerate.ts(1194,3): error TS2304: Cannot find name 'define'.
regenerate.ts(1196,3): error TS2304: Cannot find name 'define'.
regenerate.ts(1199,41): error TS2339: Property 'nodeType' does not exist on type 'Object'.
regenerate.ts(1201,15): error TS2339: Property 'exports' does not exist on type 'String'.
regenerate.ts(1203,16): error TS2339: Property 'regenerate' does not exist on type 'Object'.
regenerate.ts(1206,8): error TS2339: Property 'regenerate' does not exist on type 'Object'.

