index.ts(4,31): error TS2339: Property 'Buffer' does not exist on type 'Number'.
index.ts(7,48): error TS2304: Cannot find name 'Void'.
index.ts(9,5): error TS7053: Element implicitly has an 'any' type because expression of type 'string' can't be used to index type 'Object'.
  No index signature with a parameter of type 'string' was found on type 'Object'.
index.ts(9,16): error TS7053: Element implicitly has an 'any' type because expression of type 'string' can't be used to index type 'Object'.
  No index signature with a parameter of type 'string' was found on type 'Object'.
index.ts(12,12): error TS2339: Property 'from' does not exist on type 'Function'.
index.ts(12,27): error TS2339: Property 'alloc' does not exist on type 'Function'.
index.ts(12,43): error TS2339: Property 'allocUnsafe' does not exist on type 'Function'.
index.ts(12,65): error TS2339: Property 'allocUnsafeSlow' does not exist on type 'Function'.
index.ts(43,11): error TS2339: Property 'fill' does not exist on type 'HTMLElement'.
index.ts(45,11): error TS2339: Property 'fill' does not exist on type 'HTMLElement'.
index.ts(48,9): error TS2339: Property 'fill' does not exist on type 'HTMLElement'.
index.ts(64,17): error TS2339: Property 'SlowBuffer' does not exist on type 'Number'.
../../../../node_modules/@types/get-intrinsic/internal/intrinsics.d.ts(11,25): error TS2304: Cannot find name 'AggregateErrorConstructor'.
../../../../node_modules/@types/get-intrinsic/internal/intrinsics.d.ts(126,42): error TS2304: Cannot find name 'AggregateError'.
../../../../node_modules/@types/get-intrinsic/internal/intrinsics.d.ts(127,47): error TS2304: Cannot find name 'AggregateError'.
../../../../node_modules/@types/get-intrinsic/internal/intrinsics.d.ts(128,50): error TS2304: Cannot find name 'AggregateError'.
../../../../node_modules/@types/get-intrinsic/internal/intrinsics.d.ts(418,37): error TS2550: Property 'any' does not exist on type 'PromiseConstructor'. Do you need to change your target library? Try changing the 'lib' compiler option to 'es2021' or later.
../../../../node_modules/@types/get-intrinsic/internal/intrinsics.d.ts(514,62): error TS2550: Property 'replaceAll' does not exist on type 'String'. Do you need to change your target library? Try changing the 'lib' compiler option to 'es2021' or later.
../../../../node_modules/@types/node/ts4.8/buffer.d.ts(98,14): error TS2661: Cannot export 'Buffer'. Only local declarations can be exported from a module.
../../../../node_modules/@types/node/ts4.8/buffer.d.ts(2209,13): error TS2403: Subsequent variable declarations must have the same type.  Variable 'Buffer' must be of type 'Function', but here has type 'BufferConstructor'.

