index.ts(18,28): error TS2351: This expression is not constructable.
  Type 'any[]' has no construct signatures.
index.ts(19,10): error TS2339: Property 'readable' does not exist on type 'object'.
index.ts(19,28): error TS2339: Property 'writable' does not exist on type 'object'.
index.ts(20,10): error TS2339: Property 'paused' does not exist on type 'object'.
index.ts(23,10): error TS2339: Property 'autoDestroy' does not exist on type 'object'.
index.ts(23,39): error TS2339: Property 'autoDestroy' does not exist on type 'object'.
index.ts(25,10): error TS2339: Property 'write' does not exist on type 'object'.
index.ts(27,20): error TS2339: Property 'paused' does not exist on type 'object'.
index.ts(31,36): error TS2339: Property 'paused' does not exist on type 'object'.
index.ts(34,23): error TS2339: Property 'emit' does not exist on type 'object'.
index.ts(36,16): error TS2339: Property 'emit' does not exist on type 'object'.
index.ts(40,10): error TS2339: Property 'queue' does not exist on type 'object'.
index.ts(40,25): error TS2339: Property 'push' does not exist on type 'object'.
index.ts(55,10): error TS2339: Property 'on' does not exist on type 'object'.
index.ts(56,12): error TS2339: Property 'readable' does not exist on type 'object'.
index.ts(57,16): error TS2339: Property 'writable' does not exist on type 'object'.
index.ts(57,35): error TS2339: Property 'autoDestroy' does not exist on type 'object'.
index.ts(59,16): error TS2339: Property 'destroy' does not exist on type 'object'.
index.ts(64,12): error TS2339: Property 'writable' does not exist on type 'object'.
index.ts(66,16): error TS2339: Property 'readable' does not exist on type 'object'.
index.ts(66,35): error TS2339: Property 'autoDestroy' does not exist on type 'object'.
index.ts(67,14): error TS2339: Property 'destroy' does not exist on type 'object'.
index.ts(70,10): error TS2339: Property 'end' does not exist on type 'object'.
index.ts(73,33): error TS2339: Property 'write' does not exist on type 'object'.
index.ts(78,10): error TS2339: Property 'destroy' does not exist on type 'object'.
index.ts(83,12): error TS2339: Property 'writable' does not exist on type 'object'.
index.ts(83,30): error TS2339: Property 'readable' does not exist on type 'object'.
index.ts(84,12): error TS2339: Property 'emit' does not exist on type 'object'.
index.ts(88,10): error TS2339: Property 'pause' does not exist on type 'object'.
index.ts(89,15): error TS2339: Property 'paused' does not exist on type 'object'.
index.ts(90,12): error TS2339: Property 'paused' does not exist on type 'object'.
index.ts(94,10): error TS2339: Property 'resume' does not exist on type 'object'.
index.ts(95,15): error TS2339: Property 'paused' does not exist on type 'object'.
index.ts(96,14): error TS2339: Property 'paused' does not exist on type 'object'.
index.ts(97,14): error TS2339: Property 'emit' does not exist on type 'object'.
index.ts(102,16): error TS2339: Property 'paused' does not exist on type 'object'.
index.ts(103,14): error TS2339: Property 'emit' does not exist on type 'object'.
index.ts(106,3): error TS2322: Type 'object' is not assignable to type 'string'.

