benchmark/append.ts(7,17): error TS2314: Generic type 'Array<T>' requires 1 type argument(s).
benchmark/append.ts(15,40): error TS2339: Property 'Suite' does not exist on type 'String'.
benchmark/append.ts(17,7): error TS2339: Property 'add' does not exist on type 'HTMLElement'.
benchmark/append.ts(23,7): error TS2339: Property 'add' does not exist on type 'HTMLElement'.
benchmark/append.ts(29,7): error TS2339: Property 'add' does not exist on type 'HTMLElement'.
benchmark/append.ts(35,7): error TS2339: Property 'add' does not exist on type 'HTMLElement'.
benchmark/append.ts(41,7): error TS2339: Property 'add' does not exist on type 'HTMLElement'.
benchmark/append.ts(47,7): error TS2339: Property 'add' does not exist on type 'HTMLElement'.
benchmark/append.ts(53,7): error TS2339: Property 'on' does not exist on type 'HTMLElement'.
benchmark/append.ts(53,53): error TS2304: Cannot find name 'Void'.
benchmark/append.ts(57,7): error TS2339: Property 'on' does not exist on type 'HTMLElement'.
benchmark/append.ts(57,53): error TS2304: Cannot find name 'Void'.
benchmark/append.ts(58,24): error TS2339: Property 'target' does not exist on type 'Object'.
benchmark/append.ts(61,7): error TS2339: Property 'on' does not exist on type 'HTMLElement'.
benchmark/append.ts(61,46): error TS2304: Cannot find name 'Void'.
benchmark/append.ts(65,7): error TS2339: Property 'run' does not exist on type 'HTMLElement'.
benchmark/index.ts(14,15): error TS2339: Property 'readdirSync' does not exist on type 'String'.
benchmark/index.ts(16,33): error TS2314: Generic type 'Array<T>' requires 1 type argument(s).
benchmark/index.ts(20,22): error TS2345: Argument of type 'String' is not assignable to parameter of type 'string'.
  'string' is a primitive, but 'String' is a wrapper object. Prefer using 'string' when possible.
benchmark/index.ts(23,31): error TS2339: Property 'join' does not exist on type 'String'.
benchmark/index.ts(25,36): error TS2339: Property 'relative' does not exist on type 'String'.
benchmark/index.ts(31,8): error TS2339: Property 'on' does not exist on type 'Object'.
index.ts(65,7): error TS2322: Type 'string' is not assignable to type 'Number'.
index.ts(77,22): error TS2345: Argument of type 'String' is not assignable to parameter of type 'string'.
  'string' is a primitive, but 'String' is a wrapper object. Prefer using 'string' when possible.
index.ts(78,12): error TS2339: Property 'push' does not exist on type 'String'.
index.ts(79,7): error TS2322: Type 'string' is not assignable to type 'Number'.
index.ts(85,3): error TS2740: Type 'Number' is missing the following properties from type 'String': charAt, charCodeAt, concat, indexOf, and 44 more.
index.ts(96,34): error TS2314: Generic type 'Array<T>' requires 1 type argument(s).
index.ts(98,13): error TS2314: Generic type 'Array<T>' requires 1 type argument(s).
index.ts(110,36): error TS2345: Argument of type 'Number' is not assignable to parameter of type 'number'.
  'number' is a primitive, but 'Number' is a wrapper object. Prefer using 'number' when possible.
index.ts(120,30): error TS2345: Argument of type 'Number' is not assignable to parameter of type 'number'.
  'number' is a primitive, but 'Number' is a wrapper object. Prefer using 'number' when possible.
index.ts(133,45): error TS2304: Cannot find name 'Void'.
index.ts(134,20): error TS2339: Property 'getHeader' does not exist on type 'Object'.
index.ts(134,38): error TS2339: Property 'setHeader' does not exist on type 'Object'.
index.ts(140,12): error TS2314: Generic type 'Array<T>' requires 1 type argument(s).
index.ts(140,24): error TS2339: Property 'getHeader' does not exist on type 'Object'.
index.ts(147,9): error TS2339: Property 'setHeader' does not exist on type 'Object'.

