Source directory: .
Dataset: top1k-untyped-with-typed-deps
Type checking with: /mnt/data/mhyee/not-type-inference/tools/node_modules/typescript/bin/tsc
Input directory: /mnt/data/mhyee/not-type-inference/data/LambdaNet-out/top1k-untyped-with-typed-deps/baseline
Output directory: /mnt/data/mhyee/not-type-inference/data/LambdaNet-out/top1k-untyped-with-typed-deps/baseline-checked
Found 34 packages
[1/34] array-includes ... [FAIL]
[2/34] asn1.js ... [FAIL]
[3/34] browserify-rsa ... [FAIL]
[4/34] browserify-zlib ... [FAIL]
[5/34] capture-exit ... [FAIL]
[6/34] create-ecdh ... [FAIL]
[7/34] des.js ... [FAIL]
[8/34] ecc-jsbn ... [FAIL]
[9/34] esrecurse ... [FAIL]
[10/34] for-each ... [FAIL]
[11/34] fs-write-stream-atomic ... [FAIL]
[12/34] get-symbol-description ... [FAIL]
[13/34] has-tostringtag ... [ OK ]
[14/34] has-values ... [FAIL]
[15/34] is-nan ... [FAIL]
[16/34] is-symbol ... [FAIL]
[17/34] is-weakset ... [FAIL]
[18/34] jsprim ... [FAIL]
[19/34] levn ... [FAIL]
[20/34] miller-rabin ... [FAIL]
[21/34] object-is ... [FAIL]
[22/34] object.assign ... [FAIL]
[23/34] object.entries ... [FAIL]
[24/34] object.values ... [FAIL]
[25/34] regenerate-unicode-properties ... [FAIL]
[26/34] request-promise-core ... [FAIL]
[27/34] side-channel ... [FAIL]
[28/34] snapdragon-util ... [FAIL]
[29/34] source-map-resolve ... [FAIL]
[30/34] stream-browserify ... [FAIL]
[31/34] string.prototype.trimend ... [FAIL]
[32/34] string.prototype.trimstart ... [FAIL]
[33/34] timers-browserify ... [FAIL]
[34/34] union-value ... [FAIL]
Number of successes: 1
Number of fails: 33
Number of skips: 0
Time for type checking: 0:00:20
