deep-is/index.ts(4,22): error TS2314: Generic type 'Array<T>' requires 1 type argument(s).
deep-is/index.ts(5,19): error TS2314: Generic type 'Array<T>' requires 1 type argument(s).
deep-is/index.ts(11,62): error TS2314: Generic type 'Array<T>' requires 1 type argument(s).
deep-is/index.ts(11,79): error TS2314: Generic type 'Array<T>' requires 1 type argument(s).
deep-is/index.ts(57,15): error TS2363: The right-hand side of an arithmetic operation must be of type 'any', 'number', 'bigint' or an enum type.
deep-is/index.ts(57,31): error TS2363: The right-hand side of an arithmetic operation must be of type 'any', 'number', 'bigint' or an enum type.
deep-is/index.ts(61,25): error TS2345: Argument of type 'Object' is not assignable to parameter of type 'String'.
  The 'Object' type is assignable to very few other types. Did you mean to use the 'any' type instead?
    Type 'Object' is missing the following properties from type 'String': charAt, charCodeAt, concat, indexOf, and 43 more.
deep-is/index.ts(61,49): error TS2345: Argument of type 'Object' is not assignable to parameter of type 'String'.
  The 'Object' type is assignable to very few other types. Did you mean to use the 'any' type instead?
deep-is/index.ts(65,9): error TS2339: Property 'prototype' does not exist on type 'Object'.
deep-is/index.ts(65,25): error TS2339: Property 'prototype' does not exist on type 'Object'.
deep-is/index.ts(68,19): error TS2345: Argument of type 'Object' is not assignable to parameter of type 'Function'.
  The 'Object' type is assignable to very few other types. Did you mean to use the 'any' type instead?
    Type 'Object' is missing the following properties from type 'Function': apply, call, bind, prototype, and 5 more.
deep-is/index.ts(69,22): error TS2345: Argument of type 'Object' is not assignable to parameter of type 'Function'.
  The 'Object' type is assignable to very few other types. Did you mean to use the 'any' type instead?
deep-is/index.ts(77,13): error TS2314: Generic type 'Array<T>' requires 1 type argument(s).
deep-is/index.ts(78,13): error TS2314: Generic type 'Array<T>' requires 1 type argument(s).
deep-is/index.ts(91,35): error TS2356: An arithmetic operand must be of type 'any', 'number', 'bigint' or an enum type.
deep-is/index.ts(97,35): error TS2356: An arithmetic operand must be of type 'any', 'number', 'bigint' or an enum type.
deep-is/index.ts(99,22): error TS2538: Type 'String' cannot be used as an index type.
deep-is/index.ts(99,30): error TS2538: Type 'String' cannot be used as an index type.

