dist/object-assign-auto.min.ts(1,206): error TS2554: Expected 1 arguments, but got 2.
dist/object-assign-auto.min.ts(1,271): error TS2339: Property 'code' does not exist on type 'Error'.
dist/object-assign-auto.min.ts(1,344): error TS2339: Property 'exports' does not exist on type 'object'.
dist/object-assign-auto.min.ts(1,403): error TS2554: Expected 2 arguments, but got 1.
dist/object-assign-auto.min.ts(1,417): error TS2339: Property 'exports' does not exist on type 'object'.
dist/object-assign-auto.min.ts(1,519): error TS2554: Expected 2 arguments, but got 1.
dist/object-assign-auto.min.ts(1,1061): error TS2339: Property 'enumerable' does not exist on type 'object'.
dist/object-assign-auto.min.ts(1,1109): error TS2304: Cannot find name 'Void'.
dist/object-assign-auto.min.ts(1,1222): error TS2339: Property 'exports' does not exist on type 'object'.
dist/object-assign-auto.ts(1,273): error TS2339: Property 'code' does not exist on type 'Error'.
dist/object-assign-auto.ts(1,346): error TS2339: Property 'exports' does not exist on type 'object'.
dist/object-assign-auto.ts(1,405): error TS2554: Expected 2 arguments, but got 1.
dist/object-assign-auto.ts(1,419): error TS2339: Property 'exports' does not exist on type 'object'.
dist/object-assign-auto.ts(1,535): error TS2554: Expected 2 arguments, but got 1.
dist/object-assign-auto.ts(29,11): error TS2322: Type 'PropertyDescriptor' is not assignable to type 'string'.
dist/object-assign-auto.ts(30,38): error TS2339: Property 'enumerable' does not exist on type 'string'.
dist/object-assign-auto.ts(38,22): error TS2304: Cannot find name 'Void'.
dist/object-assign-auto.ts(49,8): error TS2339: Property 'exports' does not exist on type 'Function'.
dist/object-assign.min.ts(1,2): error TS1345: An expression of type 'void' cannot be tested for truthiness.
dist/object-assign.min.ts(1,126): error TS2304: Cannot find name 'define'.
dist/object-assign.min.ts(1,134): error TS2304: Cannot find name 'define'.
dist/object-assign.min.ts(1,145): error TS2304: Cannot find name 'define'.
dist/object-assign.min.ts(1,284): error TS2339: Property 'ObjectAssign' does not exist on type 'object'.
dist/object-assign.min.ts(1,525): error TS2554: Expected 1 arguments, but got 2.
dist/object-assign.min.ts(1,590): error TS2339: Property 'code' does not exist on type 'Error'.
dist/object-assign.min.ts(1,663): error TS2339: Property 'exports' does not exist on type 'object'.
dist/object-assign.min.ts(1,722): error TS2554: Expected 2 arguments, but got 1.
dist/object-assign.min.ts(1,736): error TS2339: Property 'exports' does not exist on type 'object'.
dist/object-assign.min.ts(1,838): error TS2554: Expected 2 arguments, but got 1.
dist/object-assign.min.ts(1,1278): error TS2339: Property 'enumerable' does not exist on type 'object'.
dist/object-assign.min.ts(1,1326): error TS2304: Cannot find name 'Void'.
dist/object-assign.min.ts(1,1439): error TS2339: Property 'exports' does not exist on type 'object'.
dist/object-assign.ts(1,117): error TS2304: Cannot find name 'define'.
dist/object-assign.ts(1,138): error TS2304: Cannot find name 'define'.
dist/object-assign.ts(1,150): error TS2304: Cannot find name 'define'.
dist/object-assign.ts(1,213): error TS2740: Type 'Window & typeof globalThis' is missing the following properties from type 'any[]': pop, push, concat, join, and 28 more.
dist/object-assign.ts(1,259): error TS2740: Type 'typeof globalThis' is missing the following properties from type 'any[]': pop, push, concat, join, and 28 more.
dist/object-assign.ts(1,303): error TS2322: Type 'Window & typeof globalThis' is not assignable to type 'any[]'.
dist/object-assign.ts(1,324): error TS2339: Property 'ObjectAssign' does not exist on type 'any[]'.
dist/object-assign.ts(1,688): error TS2339: Property 'code' does not exist on type 'Error'.
dist/object-assign.ts(1,761): error TS2339: Property 'exports' does not exist on type 'object'.
dist/object-assign.ts(1,820): error TS2554: Expected 2 arguments, but got 1.
dist/object-assign.ts(1,834): error TS2339: Property 'exports' does not exist on type 'object'.
dist/object-assign.ts(1,950): error TS2554: Expected 2 arguments, but got 1.
dist/object-assign.ts(24,11): error TS2322: Type 'PropertyDescriptor' is not assignable to type 'string'.
dist/object-assign.ts(25,38): error TS2339: Property 'enumerable' does not exist on type 'string'.
dist/object-assign.ts(33,22): error TS2304: Cannot find name 'Void'.
dist/object-assign.ts(44,8): error TS2339: Property 'exports' does not exist on type 'Function'.
index.ts(23,11): error TS2322: Type 'PropertyDescriptor' is not assignable to type 'string'.
index.ts(24,38): error TS2339: Property 'enumerable' does not exist on type 'string'.
index.ts(32,22): error TS2304: Cannot find name 'Void'.

