index.ts(4,65): error TS2339: Property 'connect' does not exist on type 'String'.
index.ts(4,89): error TS2345: Argument of type '(resolve: Function, reject: String) => void' is not assignable to parameter of type '(resolve: (value: unknown) => void, reject: (reason?: any) => void) => void'.
  Types of parameters 'reject' and 'reject' are incompatible.
    Type '(reason?: any) => void' is not assignable to type 'String'.
index.ts(12,10): error TS2339: Property 'off' does not exist on type 'Object'.
index.ts(13,10): error TS2339: Property 'off' does not exist on type 'Object'.
index.ts(15,15): error TS2339: Property 'resolveSocket' does not exist on type 'Object'.
index.ts(16,34): error TS2339: Property 'alpnProtocol' does not exist on type 'Object'.
index.ts(20,12): error TS2339: Property 'emit' does not exist on type 'Object'.
index.ts(23,11): error TS2339: Property 'destroy' does not exist on type 'Object'.
index.ts(24,34): error TS2339: Property 'alpnProtocol' does not exist on type 'Object'.
index.ts(37,11): error TS2339: Property 'on' does not exist on type 'Object'.
index.ts(38,11): error TS2339: Property 'once' does not exist on type 'Object'.
index.ts(40,4): error TS2349: This expression is not callable.
  Type 'String' has no call signatures.
../../../../node_modules/@types/get-intrinsic/internal/intrinsics.d.ts(11,25): error TS2304: Cannot find name 'AggregateErrorConstructor'.
../../../../node_modules/@types/get-intrinsic/internal/intrinsics.d.ts(126,42): error TS2304: Cannot find name 'AggregateError'.
../../../../node_modules/@types/get-intrinsic/internal/intrinsics.d.ts(127,47): error TS2304: Cannot find name 'AggregateError'.
../../../../node_modules/@types/get-intrinsic/internal/intrinsics.d.ts(128,50): error TS2304: Cannot find name 'AggregateError'.
../../../../node_modules/@types/get-intrinsic/internal/intrinsics.d.ts(418,37): error TS2550: Property 'any' does not exist on type 'PromiseConstructor'. Do you need to change your target library? Try changing the 'lib' compiler option to 'es2021' or later.
../../../../node_modules/@types/get-intrinsic/internal/intrinsics.d.ts(514,62): error TS2550: Property 'replaceAll' does not exist on type 'String'. Do you need to change your target library? Try changing the 'lib' compiler option to 'es2021' or later.

