gulpfile.ts(6,12): error TS2314: Generic type 'Array<T>' requires 1 type argument(s).
gulpfile.ts(21,18): error TS2314: Generic type 'Array<T>' requires 1 type argument(s).
gulpfile.ts(23,17): error TS2339: Property 'src' does not exist on type 'HTMLElement'.
gulpfile.ts(24,15): error TS2339: Property 'libJsFiles' does not exist on type 'Object'.
gulpfile.ts(25,15): error TS2339: Property 'gulpfile' does not exist on type 'Object'.
gulpfile.ts(26,15): error TS2339: Property 'specFiles' does not exist on type 'Object'.
gulpfile.ts(27,15): error TS2339: Property 'fixtureFiles' does not exist on type 'Object'.
gulpfile.ts(28,15): error TS2339: Property 'gulpfile' does not exist on type 'Object'.
gulpfile.ts(31,22): error TS2339: Property 'format' does not exist on type 'Function'.
gulpfile.ts(32,22): error TS2339: Property 'failAfterError' does not exist on type 'Function'.
gulpfile.ts(36,39): error TS2304: Cannot find name 'Void'.
gulpfile.ts(40,40): error TS2304: Cannot find name 'Void'.
gulpfile.ts(49,24): error TS2314: Generic type 'Array<T>' requires 1 type argument(s).
gulpfile.ts(50,17): error TS2339: Property 'src' does not exist on type 'HTMLElement'.
gulpfile.ts(50,27): error TS2339: Property 'libJsFiles' does not exist on type 'Object'.
gulpfile.ts(52,24): error TS2339: Property 'hookRequire' does not exist on type 'Function'.
gulpfile.ts(55,21): error TS2314: Generic type 'Promise<T>' requires 1 type argument(s).
gulpfile.ts(56,17): error TS2339: Property 'src' does not exist on type 'HTMLElement'.
gulpfile.ts(56,27): error TS2339: Property 'specFiles' does not exist on type 'Object'.
gulpfile.ts(62,24): error TS2339: Property 'writeReports' does not exist on type 'Function'.
gulpfile.ts(66,17): error TS2339: Property 'series' does not exist on type 'HTMLElement'.
gulpfile.ts(69,23): error TS2314: Generic type 'Array<T>' requires 1 type argument(s).
gulpfile.ts(71,17): error TS2339: Property 'src' does not exist on type 'HTMLElement'.
gulpfile.ts(71,27): error TS2339: Property 'specFiles' does not exist on type 'Object'.
gulpfile.ts(80,19): error TS2304: Cannot find name 'Void'.
gulpfile.ts(82,10): error TS2339: Property 'watch' does not exist on type 'HTMLElement'.
gulpfile.ts(83,15): error TS2339: Property 'libJsFiles' does not exist on type 'Object'.
gulpfile.ts(84,15): error TS2339: Property 'specFiles' does not exist on type 'Object'.
gulpfile.ts(85,15): error TS2339: Property 'fixtureFiles' does not exist on type 'Object'.
gulpfile.ts(86,15): error TS2339: Property 'gulpfile' does not exist on type 'Object'.
gulpfile.ts(87,13): error TS2339: Property 'series' does not exist on type 'HTMLElement'.
gulpfile.ts(89,10): error TS2339: Property 'watch' does not exist on type 'HTMLElement'.
gulpfile.ts(90,15): error TS2339: Property 'eslintrc' does not exist on type 'Object'.
gulpfile.ts(96,15): error TS2339: Property 'series' does not exist on type 'HTMLElement'.
gulpfile.ts(97,16): error TS2339: Property 'series' does not exist on type 'HTMLElement'.
lib/index.ts(5,23): error TS2314: Generic type 'Array<T>' requires 1 type argument(s).
lib/index.ts(5,51): error TS2304: Cannot find name 'Void'.
lib/index.ts(16,16): error TS2538: Type 'String' cannot be used as an index type.
lib/index.ts(16,30): error TS2538: Type 'String' cannot be used as an index type.
lib/index.ts(21,44): error TS2304: Cannot find name 'Void'.
lib/index.ts(23,28): error TS2345: Argument of type 'String' is not assignable to parameter of type 'string'.
  'string' is a primitive, but 'String' is a wrapper object. Prefer using 'string' when possible.
lib/index.ts(24,33): error TS2538: Type 'String' cannot be used as an index type.
lib/index.ts(36,53): error TS2339: Property 'children' does not exist on type 'Function'.
lib/index.ts(36,71): error TS2339: Property 'children' does not exist on type 'Function'.
lib/index.ts(38,9): error TS2349: This expression is not callable.
  Type 'Object' has no call signatures.
lib/index.ts(41,28): error TS2314: Generic type 'Array<T>' requires 1 type argument(s).
lib/index.ts(49,20): error TS2339: Property 'children' does not exist on type 'Function'.
lib/index.ts(50,20): error TS2339: Property 'children' does not exist on type 'Function'.

