chownr.ts(19,9): error TS2571: Object is of type 'unknown'.
chownr.ts(25,7): error TS2322: Type '(path: string, uid: string, gid: number) => any' is not assignable to type 'string'.
chownr.ts(29,9): error TS2571: Object is of type 'unknown'.
chownr.ts(53,11): error TS2571: Object is of type 'unknown'.
chownr.ts(55,7): error TS2349: This expression is not callable.
  Type 'String' has no call signatures.
chownr.ts(68,21): error TS2322: Type '(cpath: any, uid: string, gid: number, cb: any) => void' is not assignable to type 'void'.
chownr.ts(90,7): error TS2349: This expression is not callable.
  Type 'void' has no call signatures.
chownr.ts(94,5): error TS2349: This expression is not callable.
  Type 'void' has no call signatures.
chownr.ts(110,14): error TS2349: This expression is not callable.
  Type 'void' has no call signatures.
chownr.ts(120,16): error TS2349: This expression is not callable.
  Type 'void' has no call signatures.
chownr.ts(134,11): error TS2571: Object is of type 'unknown'.
chownr.ts(152,9): error TS2571: Object is of type 'unknown'.
chownr.ts(154,14): error TS2571: Object is of type 'unknown'.
chownr.ts(154,39): error TS2571: Object is of type 'unknown'.
../../../../node_modules/@types/get-intrinsic/internal/intrinsics.d.ts(11,25): error TS2304: Cannot find name 'AggregateErrorConstructor'.
../../../../node_modules/@types/get-intrinsic/internal/intrinsics.d.ts(126,42): error TS2304: Cannot find name 'AggregateError'.
../../../../node_modules/@types/get-intrinsic/internal/intrinsics.d.ts(127,47): error TS2304: Cannot find name 'AggregateError'.
../../../../node_modules/@types/get-intrinsic/internal/intrinsics.d.ts(128,50): error TS2304: Cannot find name 'AggregateError'.
../../../../node_modules/@types/get-intrinsic/internal/intrinsics.d.ts(418,37): error TS2550: Property 'any' does not exist on type 'PromiseConstructor'. Do you need to change your target library? Try changing the 'lib' compiler option to 'es2021' or later.
../../../../node_modules/@types/get-intrinsic/internal/intrinsics.d.ts(514,62): error TS2550: Property 'replaceAll' does not exist on type 'String'. Do you need to change your target library? Try changing the 'lib' compiler option to 'es2021' or later.

