index.ts(23,5): error TS2322: Type 'RegExp' is not assignable to type 'string'.
index.ts(24,5): error TS2322: Type 'RegExp' is not assignable to type 'string'.
index.ts(25,5): error TS2322: Type 'RegExp' is not assignable to type 'string'.
index.ts(33,5): error TS2322: Type 'RegExp' is not assignable to type 'string'.
index.ts(38,5): error TS2322: Type 'RegExp' is not assignable to type 'string'.
index.ts(47,5): error TS2322: Type 'RegExp' is not assignable to type 'string'.
index.ts(73,29): error TS2339: Property 'test' does not exist on type 'string'.
index.ts(87,25): error TS2339: Property 'test' does not exist on type 'string'.
index.ts(106,17): error TS7006: Parameter 'string' implicitly has an 'any' type.
index.ts(125,20): error TS2339: Property 'test' does not exist on type 'string'.
index.ts(129,18): error TS7009: 'new' expression, whose target lacks a construct signature, implicitly has an 'any' type.
index.ts(137,18): error TS2551: Property 'lastIndex' does not exist on type 'string'. Did you mean 'lastIndexOf'?
index.ts(139,34): error TS2339: Property 'exec' does not exist on type 'string'.
index.ts(204,20): error TS2339: Property 'test' does not exist on type 'string'.
index.ts(208,38): error TS2339: Property 'test' does not exist on type 'string'.
index.ts(219,23): error TS7006: Parameter 'type' implicitly has an 'any' type.
index.ts(219,30): error TS2355: A function whose declared type is neither 'void' nor 'any' must return a value.
index.ts(220,3): error TS2683: 'this' implicitly has type 'any' because it does not have a type annotation.
index.ts(221,3): error TS2683: 'this' implicitly has type 'any' because it does not have a type annotation.
../../../../node_modules/@types/get-intrinsic/internal/intrinsics.d.ts(11,25): error TS2304: Cannot find name 'AggregateErrorConstructor'.
../../../../node_modules/@types/get-intrinsic/internal/intrinsics.d.ts(126,42): error TS2304: Cannot find name 'AggregateError'.
../../../../node_modules/@types/get-intrinsic/internal/intrinsics.d.ts(127,47): error TS2304: Cannot find name 'AggregateError'.
../../../../node_modules/@types/get-intrinsic/internal/intrinsics.d.ts(128,50): error TS2304: Cannot find name 'AggregateError'.
../../../../node_modules/@types/get-intrinsic/internal/intrinsics.d.ts(418,37): error TS2550: Property 'any' does not exist on type 'PromiseConstructor'. Do you need to change your target library? Try changing the 'lib' compiler option to 'es2021' or later.
../../../../node_modules/@types/get-intrinsic/internal/intrinsics.d.ts(514,62): error TS2550: Property 'replaceAll' does not exist on type 'String'. Do you need to change your target library? Try changing the 'lib' compiler option to 'es2021' or later.

