bench/index.ts(4,7): error TS2451: Cannot redeclare block-scoped variable 'sync'.
bench/index.ts(5,7): error TS2451: Cannot redeclare block-scoped variable 'escalade'.
bench/index.ts(6,7): error TS2451: Cannot redeclare block-scoped variable 'findup'.
bench/index.ts(35,48): error TS2571: Object is of type 'unknown'.
bench/index.ts(55,21): error TS2345: Argument of type '(res: void, rej: void) => void' is not assignable to parameter of type '(resolve: (value: void | PromiseLike<void>) => void, reject: (reason?: any) => void) => void'.
  Types of parameters 'res' and 'resolve' are incompatible.
    Type '(value: void | PromiseLike<void>) => void' is not assignable to type 'void'.
bench/index.ts(65,33): error TS2345: Argument of type 'undefined' is not assignable to parameter of type 'string'.
bench/load.ts(2,7): error TS2451: Cannot redeclare block-scoped variable 'findup'.
bench/load.ts(6,7): error TS2451: Cannot redeclare block-scoped variable 'escalade'.
bench/load.ts(10,7): error TS2451: Cannot redeclare block-scoped variable 'sync'.
src/async.ts(8,44): error TS7006: Parameter 'callback' implicitly has an 'any' type.
src/async.ts(8,55): error TS1055: Type 'any' is not a valid async function return type in ES5/ES3 because it does not refer to a Promise-compatible constructor value.
src/sync.ts(4,38): error TS7006: Parameter 'callback' implicitly has an 'any' type.
../../../../node_modules/@types/get-intrinsic/internal/intrinsics.d.ts(11,25): error TS2304: Cannot find name 'AggregateErrorConstructor'.
../../../../node_modules/@types/get-intrinsic/internal/intrinsics.d.ts(126,42): error TS2304: Cannot find name 'AggregateError'.
../../../../node_modules/@types/get-intrinsic/internal/intrinsics.d.ts(127,47): error TS2304: Cannot find name 'AggregateError'.
../../../../node_modules/@types/get-intrinsic/internal/intrinsics.d.ts(128,50): error TS2304: Cannot find name 'AggregateError'.
../../../../node_modules/@types/get-intrinsic/internal/intrinsics.d.ts(418,37): error TS2550: Property 'any' does not exist on type 'PromiseConstructor'. Do you need to change your target library? Try changing the 'lib' compiler option to 'es2021' or later.
../../../../node_modules/@types/get-intrinsic/internal/intrinsics.d.ts(514,62): error TS2550: Property 'replaceAll' does not exist on type 'String'. Do you need to change your target library? Try changing the 'lib' compiler option to 'es2021' or later.

