events.ts(36,5): error TS2322: Type 'string[]' is not assignable to type 'boolean'.
events.ts(37,15): error TS2769: No overload matches this call.
  Overload 1 of 2, '(...items: ConcatArray<string>[]): string[]', gave the following error.
    Argument of type 'symbol[]' is not assignable to parameter of type 'ConcatArray<string>'.
      The types returned by 'slice(...)' are incompatible between these types.
        Type 'symbol[]' is not assignable to type 'string[]'.
          Type 'symbol' is not assignable to type 'string'.
  Overload 2 of 2, '(...items: (string | ConcatArray<string>)[]): string[]', gave the following error.
    Argument of type 'symbol[]' is not assignable to parameter of type 'string | ConcatArray<string>'.
      Type 'symbol[]' is not assignable to type 'ConcatArray<string>'.
events.ts(41,5): error TS2322: Type 'string[]' is not assignable to type 'boolean'.
events.ts(49,5): error TS2322: Type '(number: unknown) => boolean' is not assignable to type 'number'.
events.ts(54,26): error TS2683: 'this' implicitly has type 'any' because it does not have a type annotation.
events.ts(82,47): error TS2349: This expression is not callable.
  Type 'Number' has no call signatures.
events.ts(91,12): error TS2339: Property '_events' does not exist on type 'typeof EventEmitter'.
events.ts(92,12): error TS2339: Property '_events' does not exist on type 'typeof EventEmitter'.
events.ts(93,10): error TS2339: Property '_events' does not exist on type 'typeof EventEmitter'.
events.ts(94,10): error TS2339: Property '_eventsCount' does not exist on type 'typeof EventEmitter'.
events.ts(97,8): error TS2339: Property '_maxListeners' does not exist on type 'typeof EventEmitter'.
events.ts(97,29): error TS2339: Property '_maxListeners' does not exist on type 'typeof EventEmitter'.
events.ts(103,41): error TS2349: This expression is not callable.
  Type 'Number' has no call signatures.
events.ts(112,25): error TS2339: Property 'defaultMaxListeners' does not exist on type 'typeof EventEmitter'.
events.ts(120,45): error TS7006: Parameter 'type' implicitly has an 'any' type.
events.ts(143,9): error TS2339: Property 'context' does not exist on type 'Error'.
events.ts(164,36): error TS7006: Parameter 'type' implicitly has an 'any' type.
events.ts(226,59): error TS7006: Parameter 'type' implicitly has an 'any' type.
events.ts(233,30): error TS7006: Parameter 'type' implicitly has an 'any' type.
events.ts(238,8): error TS2683: 'this' implicitly has type 'any' because it does not have a type annotation.
events.ts(239,5): error TS2683: 'this' implicitly has type 'any' because it does not have a type annotation.
events.ts(239,32): error TS2683: 'this' implicitly has type 'any' because it does not have a type annotation.
events.ts(239,43): error TS2683: 'this' implicitly has type 'any' because it does not have a type annotation.
events.ts(240,5): error TS2683: 'this' implicitly has type 'any' because it does not have a type annotation.
events.ts(242,14): error TS2683: 'this' implicitly has type 'any' because it does not have a type annotation.
events.ts(242,33): error TS2683: 'this' implicitly has type 'any' because it does not have a type annotation.
events.ts(243,12): error TS2683: 'this' implicitly has type 'any' because it does not have a type annotation.
events.ts(243,32): error TS2683: 'this' implicitly has type 'any' because it does not have a type annotation.
events.ts(247,33): error TS7006: Parameter 'type' implicitly has an 'any' type.
events.ts(255,45): error TS7006: Parameter 'type' implicitly has an 'any' type.
events.ts(262,34): error TS7006: Parameter 'type' implicitly has an 'any' type.
events.ts(270,29): error TS7006: Parameter 'type' implicitly has an 'any' type.
events.ts(324,33): error TS7006: Parameter 'type' implicitly has an 'any' type.
events.ts(374,34): error TS7006: Parameter 'type' implicitly has an 'any' type.
events.ts(391,55): error TS7006: Parameter 'type' implicitly has an 'any' type.
events.ts(395,61): error TS7006: Parameter 'type' implicitly has an 'any' type.
events.ts(399,53): error TS7006: Parameter 'type' implicitly has an 'any' type.
events.ts(408,24): error TS7006: Parameter 'type' implicitly has an 'any' type.
events.ts(409,21): error TS2683: 'this' implicitly has type 'any' because it does not have a type annotation.
events.ts(450,3): error TS2322: Type 'Promise<unknown>' is not assignable to type 'boolean'.
events.ts(450,22): error TS2345: Argument of type '(resolve: void, reject: void) => void' is not assignable to parameter of type '(resolve: (value: unknown) => void, reject: (reason?: any) => void) => void'.
  Types of parameters 'resolve' and 'resolve' are incompatible.
    Type '(value: unknown) => void' is not assignable to type 'void'.
events.ts(453,7): error TS2349: This expression is not callable.
  Type 'void' has no call signatures.
events.ts(460,7): error TS2349: This expression is not callable.
  Type 'void' has no call signatures.
../../../../node_modules/@types/get-intrinsic/internal/intrinsics.d.ts(11,25): error TS2304: Cannot find name 'AggregateErrorConstructor'.
../../../../node_modules/@types/get-intrinsic/internal/intrinsics.d.ts(126,42): error TS2304: Cannot find name 'AggregateError'.
../../../../node_modules/@types/get-intrinsic/internal/intrinsics.d.ts(127,47): error TS2304: Cannot find name 'AggregateError'.
../../../../node_modules/@types/get-intrinsic/internal/intrinsics.d.ts(128,50): error TS2304: Cannot find name 'AggregateError'.
../../../../node_modules/@types/get-intrinsic/internal/intrinsics.d.ts(418,37): error TS2550: Property 'any' does not exist on type 'PromiseConstructor'. Do you need to change your target library? Try changing the 'lib' compiler option to 'es2021' or later.
../../../../node_modules/@types/get-intrinsic/internal/intrinsics.d.ts(514,62): error TS2550: Property 'replaceAll' does not exist on type 'String'. Do you need to change your target library? Try changing the 'lib' compiler option to 'es2021' or later.

