benchmark.ts(1,27): error TS2307: Cannot find module 'filter-obj' or its corresponding type declarations.
benchmark.ts(7,25): error TS2322: Type '(loopCount: any, objectSize: any, predicateSize: any) => void' is not assignable to type 'void'.
benchmark.ts(8,77): error TS2769: No overload matches this call.
  Overload 1 of 4, '(iterable: Iterable<unknown> | ArrayLike<unknown>, mapfn: (v: unknown, k: number) => readonly [PropertyKey, never], thisArg?: any): (readonly [PropertyKey, never])[]', gave the following error.
    Argument of type 'boolean' is not assignable to parameter of type '(v: unknown, k: number) => readonly [PropertyKey, never]'.
  Overload 2 of 4, '(arrayLike: ArrayLike<unknown>, mapfn: (v: unknown, k: number) => readonly [PropertyKey, never], thisArg?: any): (readonly [PropertyKey, never])[]', gave the following error.
    Argument of type 'boolean' is not assignable to parameter of type '(v: unknown, k: number) => readonly [PropertyKey, never]'.
benchmark.ts(9,8): error TS2322: Type 'boolean | unknown[]' is not assignable to type 'boolean'.
  Type 'unknown[]' is not assignable to type 'boolean'.
benchmark.ts(9,104): error TS2769: No overload matches this call.
  Overload 1 of 4, '(iterable: Iterable<unknown> | ArrayLike<unknown>, mapfn: (v: unknown, k: number) => unknown, thisArg?: any): unknown[]', gave the following error.
    Argument of type 'boolean' is not assignable to parameter of type '(v: unknown, k: number) => unknown'.
  Overload 2 of 4, '(arrayLike: ArrayLike<unknown>, mapfn: (v: unknown, k: number) => unknown, thisArg?: any): unknown[]', gave the following error.
    Argument of type 'boolean' is not assignable to parameter of type '(v: unknown, k: number) => unknown'.
benchmark.ts(19,7): error TS2322: Type '(_: any, index: number) => (string | number)[]' is not assignable to type 'boolean'.
benchmark.ts(23,7): error TS2322: Type '(_: any, index: number) => string' is not assignable to type 'boolean'.
benchmark.ts(27,25): error TS2322: Type '(key: any, value: any) => boolean' is not assignable to type 'boolean'.
benchmark.ts(31,1): error TS2349: This expression is not callable.
  Type 'void' has no call signatures.
index.ts(6,10): error TS2322: Type 'PropertyDescriptor | undefined' is not assignable to type 'PropertyDescriptor'.
  Type 'undefined' is not assignable to type 'PropertyDescriptor'.
index.ts(14,10): error TS2322: Type 'PropertyDescriptor | undefined' is not assignable to type 'PropertyDescriptor'.
  Type 'undefined' is not assignable to type 'PropertyDescriptor'.
index.ts(17,9): error TS2349: This expression is not callable.
  Type 'Boolean' has no call signatures.
index.ts(24,2): error TS2322: Type '{}' is not assignable to type 'boolean'.
index.ts(30,30): error TS2345: Argument of type '(key: any) => boolean' is not assignable to parameter of type 'boolean'.
index.ts(33,29): error TS2345: Argument of type '(key: string, value: any, object: any) => boolean' is not assignable to parameter of type 'boolean'.
index.ts(33,72): error TS2349: This expression is not callable.
  Type 'Boolean' has no call signatures.
../../../../node_modules/@types/get-intrinsic/internal/intrinsics.d.ts(11,25): error TS2304: Cannot find name 'AggregateErrorConstructor'.
../../../../node_modules/@types/get-intrinsic/internal/intrinsics.d.ts(126,42): error TS2304: Cannot find name 'AggregateError'.
../../../../node_modules/@types/get-intrinsic/internal/intrinsics.d.ts(127,47): error TS2304: Cannot find name 'AggregateError'.
../../../../node_modules/@types/get-intrinsic/internal/intrinsics.d.ts(128,50): error TS2304: Cannot find name 'AggregateError'.
../../../../node_modules/@types/get-intrinsic/internal/intrinsics.d.ts(418,37): error TS2550: Property 'any' does not exist on type 'PromiseConstructor'. Do you need to change your target library? Try changing the 'lib' compiler option to 'es2021' or later.
../../../../node_modules/@types/get-intrinsic/internal/intrinsics.d.ts(514,62): error TS2550: Property 'replaceAll' does not exist on type 'String'. Do you need to change your target library? Try changing the 'lib' compiler option to 'es2021' or later.

