cjs/index.ts(27,7): error TS2322: Type 'RegExp' is not assignable to type 'string'.
cjs/index.ts(28,7): error TS2322: Type 'RegExp' is not assignable to type 'string'.
cjs/index.ts(46,7): error TS2451: Cannot redeclare block-scoped variable 'escape'.
cjs/index.ts(46,24): error TS2322: Type '(es: any) => string' is not assignable to type 'string'.
cjs/index.ts(46,54): error TS2345: Argument of type 'string' is not assignable to parameter of type '{ [Symbol.replace](string: string, replacer: (substring: string, ...args: any[]) => string): string; }'.
cjs/index.ts(73,7): error TS2451: Cannot redeclare block-scoped variable 'unescape'.
cjs/index.ts(73,53): error TS2345: Argument of type 'string' is not assignable to parameter of type '{ [Symbol.replace](string: string, replacer: (substring: string, ...args: any[]) => string): string; }'.
esm/index.ts(26,7): error TS2322: Type 'RegExp' is not assignable to type 'string'.
esm/index.ts(27,7): error TS2322: Type 'RegExp' is not assignable to type 'string'.
esm/index.ts(45,31): error TS2322: Type '(es: any) => string' is not assignable to type 'string'.
esm/index.ts(45,61): error TS2345: Argument of type 'string' is not assignable to parameter of type '{ [Symbol.replace](string: string, replacer: (substring: string, ...args: any[]) => string): string; }'.
esm/index.ts(71,60): error TS2345: Argument of type 'string' is not assignable to parameter of type '{ [Symbol.replace](string: string, replacer: (substring: string, ...args: any[]) => string): string; }'.
index.ts(29,9): error TS2322: Type 'RegExp' is not assignable to type 'string'.
index.ts(30,9): error TS2322: Type 'RegExp' is not assignable to type 'string'.
index.ts(48,26): error TS2322: Type '(es: any) => string' is not assignable to type 'string'.
index.ts(48,56): error TS2345: Argument of type 'string' is not assignable to parameter of type '{ [Symbol.replace](string: string, replacer: (substring: string, ...args: any[]) => string): string; }'.
index.ts(74,55): error TS2345: Argument of type 'string' is not assignable to parameter of type '{ [Symbol.replace](string: string, replacer: (substring: string, ...args: any[]) => string): string; }'.
min.ts(1,204): error TS7053: Element implicitly has an 'any' type because expression of type 'any' can't be used to index type '{ "&": string; "<": string; ">": string; "'": string; '"': string; }'.
min.ts(1,345): error TS7053: Element implicitly has an 'any' type because expression of type 'any' can't be used to index type '{ "&amp;": string; "&#38;": string; "&lt;": string; "&#60;": string; "&gt;": string; "&#62;": string; "&apos;": string; "&#39;": string; "&quot;": string; "&#34;": string; }'.
../../../../node_modules/@types/get-intrinsic/internal/intrinsics.d.ts(11,25): error TS2304: Cannot find name 'AggregateErrorConstructor'.
../../../../node_modules/@types/get-intrinsic/internal/intrinsics.d.ts(126,42): error TS2304: Cannot find name 'AggregateError'.
../../../../node_modules/@types/get-intrinsic/internal/intrinsics.d.ts(127,47): error TS2304: Cannot find name 'AggregateError'.
../../../../node_modules/@types/get-intrinsic/internal/intrinsics.d.ts(128,50): error TS2304: Cannot find name 'AggregateError'.
../../../../node_modules/@types/get-intrinsic/internal/intrinsics.d.ts(418,37): error TS2550: Property 'any' does not exist on type 'PromiseConstructor'. Do you need to change your target library? Try changing the 'lib' compiler option to 'es2021' or later.
../../../../node_modules/@types/get-intrinsic/internal/intrinsics.d.ts(514,62): error TS2550: Property 'replaceAll' does not exist on type 'String'. Do you need to change your target library? Try changing the 'lib' compiler option to 'es2021' or later.
../../../../../tools/node_modules/typescript/lib/lib.es5.d.ts(90,18): error TS2451: Cannot redeclare block-scoped variable 'escape'.
../../../../../tools/node_modules/typescript/lib/lib.es5.d.ts(97,18): error TS2451: Cannot redeclare block-scoped variable 'unescape'.

