Gruntfile.ts(1,34): error TS2304: Cannot find name 'IGrunt'.
jsesc.ts(1,1): error TS6200: Definitions of the following identifiers conflict with those in another file: object, hasOwnProperty, forOwn, extend, forEach, fourHexEscape, hexadecimal, isArray, isBuffer, isObject, isString, isNumber, isFunction, isMap, isSet, singleEscapes, regexSingleEscape, regexDigit, regexWhitespace, escapeEverythingRegex, escapeNonAsciiRegex
jsesc.ts(5,22): error TS2322: Type '(object: any, callback: any) => void' is not assignable to type 'void'.
jsesc.ts(17,2): error TS2349: This expression is not callable.
  Type 'void' has no call signatures.
jsesc.ts(23,23): error TS2322: Type '(array: any, callback: any) => void' is not assignable to type 'void'.
jsesc.ts(31,31): error TS2322: Type '(hex: string) => string' is not assignable to type 'string'.
jsesc.ts(35,29): error TS2322: Type '(code: number, lowercase: string) => string' is not assignable to type 'string'.
jsesc.ts(41,7): error TS2451: Cannot redeclare block-scoped variable 'toString'.
jsesc.ts(41,26): error TS2322: Type '() => string' is not assignable to type 'string'.
jsesc.ts(42,26): error TS2322: Type '(arg: any) => arg is any[]' is not assignable to type 'boolean'.
jsesc.ts(46,27): error TS2322: Type '(value: any) => boolean' is not assignable to type 'boolean'.
jsesc.ts(54,27): error TS2322: Type '(value: any) => boolean' is not assignable to type 'boolean'.
jsesc.ts(58,29): error TS2322: Type '(value: any) => boolean' is not assignable to type 'boolean'.
jsesc.ts(61,24): error TS2322: Type '(value: any) => boolean' is not assignable to type 'boolean'.
jsesc.ts(64,24): error TS2322: Type '(value: any) => boolean' is not assignable to type 'boolean'.
jsesc.ts(89,7): error TS2322: Type '{ (argument: any, options: any): any; version: string; }' is not assignable to type 'void'.
jsesc.ts(90,8): error TS2322: Type '() => void' is not assignable to type 'boolean'.
jsesc.ts(145,26): error TS2349: This expression is not callable.
  Type 'Boolean' has no call signatures.
jsesc.ts(150,7): error TS2349: This expression is not callable.
  Type 'Boolean' has no call signatures.
jsesc.ts(158,24): error TS2349: This expression is not callable.
  Type 'void' has no call signatures.
jsesc.ts(160,7): error TS2349: This expression is not callable.
  Type 'Boolean' has no call signatures.
jsesc.ts(164,24): error TS2349: This expression is not callable.
  Type 'void' has no call signatures.
jsesc.ts(170,28): error TS2349: This expression is not callable.
  Type 'void' has no call signatures.
jsesc.ts(172,7): error TS2349: This expression is not callable.
  Type 'Boolean' has no call signatures.
jsesc.ts(180,5): error TS2349: This expression is not callable.
  Type 'Boolean' has no call signatures.
jsesc.ts(182,4): error TS2349: This expression is not callable.
  Type 'void' has no call signatures.
jsesc.ts(189,6): error TS2349: This expression is not callable.
  Type 'void' has no call signatures.
jsesc.ts(200,14): error TS2349: This expression is not callable.
  Type 'Boolean' has no call signatures.
jsesc.ts(221,15): error TS2349: This expression is not callable.
  Type 'Boolean' has no call signatures.
jsesc.ts(232,4): error TS2349: This expression is not callable.
  Type 'Boolean' has no call signatures.
jsesc.ts(233,4): error TS2349: This expression is not callable.
  Type 'void' has no call signatures.
jsesc.ts(237,6): error TS2349: This expression is not callable.
  Type 'void' has no call signatures.
jsesc.ts(239,6): error TS2349: This expression is not callable.
  Type 'void' has no call signatures.
jsesc.ts(251,112): error TS7006: Parameter 'string' implicitly has an 'any' type.
jsesc.ts(259,25): error TS2349: This expression is not callable.
  Type 'String' has no call signatures.
jsesc.ts(262,11): error TS2349: This expression is not callable.
  Type 'String' has no call signatures.
jsesc.ts(262,25): error TS2349: This expression is not callable.
  Type 'String' has no call signatures.
jsesc.ts(262,61): error TS2349: This expression is not callable.
  Type 'String' has no call signatures.
jsesc.ts(262,75): error TS2349: This expression is not callable.
  Type 'String' has no call signatures.
jsesc.ts(266,11): error TS2349: This expression is not callable.
  Type 'String' has no call signatures.
jsesc.ts(266,25): error TS2349: This expression is not callable.
  Type 'String' has no call signatures.
jsesc.ts(293,23): error TS2349: This expression is not callable.
  Type 'String' has no call signatures.
jsesc.ts(295,11): error TS2349: This expression is not callable.
  Type 'String' has no call signatures.
jsesc.ts(316,7): error TS2339: Property 'version' does not exist on type 'void'.
src/jsesc.ts(1,1): error TS6200: Definitions of the following identifiers conflict with those in another file: object, hasOwnProperty, forOwn, extend, forEach, fourHexEscape, hexadecimal, isArray, isBuffer, isObject, isString, isNumber, isFunction, isMap, isSet, singleEscapes, regexSingleEscape, regexDigit, regexWhitespace, escapeEverythingRegex, escapeNonAsciiRegex
src/jsesc.ts(5,22): error TS2322: Type '(object: any, callback: any) => void' is not assignable to type 'void'.
src/jsesc.ts(17,2): error TS2349: This expression is not callable.
  Type 'void' has no call signatures.
src/jsesc.ts(23,23): error TS2322: Type '(array: any, callback: any) => void' is not assignable to type 'void'.
src/jsesc.ts(31,31): error TS2322: Type '(hex: string) => string' is not assignable to type 'string'.
src/jsesc.ts(35,29): error TS2322: Type '(code: number, lowercase: string) => string' is not assignable to type 'string'.
src/jsesc.ts(41,7): error TS2451: Cannot redeclare block-scoped variable 'toString'.
src/jsesc.ts(41,26): error TS2322: Type '() => string' is not assignable to type 'string'.
src/jsesc.ts(42,26): error TS2322: Type '(arg: any) => arg is any[]' is not assignable to type 'boolean'.
src/jsesc.ts(46,27): error TS2322: Type '(value: any) => boolean' is not assignable to type 'boolean'.
src/jsesc.ts(54,27): error TS2322: Type '(value: any) => boolean' is not assignable to type 'boolean'.
src/jsesc.ts(58,29): error TS2322: Type '(value: any) => boolean' is not assignable to type 'boolean'.
src/jsesc.ts(61,24): error TS2322: Type '(value: any) => boolean' is not assignable to type 'boolean'.
src/jsesc.ts(64,24): error TS2322: Type '(value: any) => boolean' is not assignable to type 'boolean'.
src/jsesc.ts(89,7): error TS2322: Type '{ (argument: any, options: any): any; version: string; }' is not assignable to type 'void'.
src/jsesc.ts(90,8): error TS2322: Type '() => void' is not assignable to type 'boolean'.
src/jsesc.ts(145,26): error TS2349: This expression is not callable.
  Type 'Boolean' has no call signatures.
src/jsesc.ts(150,7): error TS2349: This expression is not callable.
  Type 'Boolean' has no call signatures.
src/jsesc.ts(158,24): error TS2349: This expression is not callable.
  Type 'void' has no call signatures.
src/jsesc.ts(160,7): error TS2349: This expression is not callable.
  Type 'Boolean' has no call signatures.
src/jsesc.ts(164,24): error TS2349: This expression is not callable.
  Type 'void' has no call signatures.
src/jsesc.ts(170,28): error TS2349: This expression is not callable.
  Type 'void' has no call signatures.
src/jsesc.ts(172,7): error TS2349: This expression is not callable.
  Type 'Boolean' has no call signatures.
src/jsesc.ts(180,5): error TS2349: This expression is not callable.
  Type 'Boolean' has no call signatures.
src/jsesc.ts(182,4): error TS2349: This expression is not callable.
  Type 'void' has no call signatures.
src/jsesc.ts(189,6): error TS2349: This expression is not callable.
  Type 'void' has no call signatures.
src/jsesc.ts(200,14): error TS2349: This expression is not callable.
  Type 'Boolean' has no call signatures.
src/jsesc.ts(221,15): error TS2349: This expression is not callable.
  Type 'Boolean' has no call signatures.
src/jsesc.ts(232,4): error TS2349: This expression is not callable.
  Type 'Boolean' has no call signatures.
src/jsesc.ts(233,4): error TS2349: This expression is not callable.
  Type 'void' has no call signatures.
src/jsesc.ts(237,6): error TS2349: This expression is not callable.
  Type 'void' has no call signatures.
src/jsesc.ts(239,6): error TS2349: This expression is not callable.
  Type 'void' has no call signatures.
src/jsesc.ts(251,112): error TS7006: Parameter 'string' implicitly has an 'any' type.
src/jsesc.ts(259,25): error TS2349: This expression is not callable.
  Type 'String' has no call signatures.
src/jsesc.ts(262,11): error TS2349: This expression is not callable.
  Type 'String' has no call signatures.
src/jsesc.ts(262,25): error TS2349: This expression is not callable.
  Type 'String' has no call signatures.
src/jsesc.ts(262,61): error TS2349: This expression is not callable.
  Type 'String' has no call signatures.
src/jsesc.ts(262,75): error TS2349: This expression is not callable.
  Type 'String' has no call signatures.
src/jsesc.ts(266,11): error TS2349: This expression is not callable.
  Type 'String' has no call signatures.
src/jsesc.ts(266,25): error TS2349: This expression is not callable.
  Type 'String' has no call signatures.
src/jsesc.ts(293,23): error TS2349: This expression is not callable.
  Type 'String' has no call signatures.
src/jsesc.ts(295,11): error TS2349: This expression is not callable.
  Type 'String' has no call signatures.
src/jsesc.ts(316,7): error TS2339: Property 'version' does not exist on type 'void'.
../../../../node_modules/@types/get-intrinsic/internal/intrinsics.d.ts(11,25): error TS2304: Cannot find name 'AggregateErrorConstructor'.
../../../../node_modules/@types/get-intrinsic/internal/intrinsics.d.ts(126,42): error TS2304: Cannot find name 'AggregateError'.
../../../../node_modules/@types/get-intrinsic/internal/intrinsics.d.ts(127,47): error TS2304: Cannot find name 'AggregateError'.
../../../../node_modules/@types/get-intrinsic/internal/intrinsics.d.ts(128,50): error TS2304: Cannot find name 'AggregateError'.
../../../../node_modules/@types/get-intrinsic/internal/intrinsics.d.ts(418,37): error TS2550: Property 'any' does not exist on type 'PromiseConstructor'. Do you need to change your target library? Try changing the 'lib' compiler option to 'es2021' or later.
../../../../node_modules/@types/get-intrinsic/internal/intrinsics.d.ts(514,62): error TS2550: Property 'replaceAll' does not exist on type 'String'. Do you need to change your target library? Try changing the 'lib' compiler option to 'es2021' or later.
../../../../../tools/node_modules/typescript/lib/lib.dom.d.ts(17783,18): error TS2451: Cannot redeclare block-scoped variable 'toString'.

