Mime.ts(7,10): error TS2451: Cannot redeclare block-scoped variable 'Mime'.
Mime.ts(8,3): error TS2683: 'this' implicitly has type 'any' because it does not have a type annotation.
Mime.ts(9,3): error TS2683: 'this' implicitly has type 'any' because it does not have a type annotation.
Mime.ts(12,5): error TS2683: 'this' implicitly has type 'any' because it does not have a type annotation.
Mime.ts(15,3): error TS2683: 'this' implicitly has type 'any' because it does not have a type annotation.
Mime.ts(15,17): error TS2683: 'this' implicitly has type 'any' because it does not have a type annotation.
Mime.ts(15,34): error TS2683: 'this' implicitly has type 'any' because it does not have a type annotation.
Mime.ts(16,3): error TS2683: 'this' implicitly has type 'any' because it does not have a type annotation.
Mime.ts(16,18): error TS2683: 'this' implicitly has type 'any' because it does not have a type annotation.
Mime.ts(16,36): error TS2683: 'this' implicitly has type 'any' because it does not have a type annotation.
Mime.ts(17,3): error TS2683: 'this' implicitly has type 'any' because it does not have a type annotation.
Mime.ts(17,23): error TS2683: 'this' implicitly has type 'any' because it does not have a type annotation.
Mime.ts(17,46): error TS2683: 'this' implicitly has type 'any' because it does not have a type annotation.
Mime.ts(92,40): error TS7006: Parameter 'type' implicitly has an 'any' type.
cli.ts(6,5): error TS2451: Cannot redeclare block-scoped variable 'mime'.
index.ts(3,5): error TS2451: Cannot redeclare block-scoped variable 'Mime'.
lite.ts(3,5): error TS2451: Cannot redeclare block-scoped variable 'Mime'.
src/benchmark.ts(4,7): error TS2451: Cannot redeclare block-scoped variable 'mime'.
src/build.ts(65,7): error TS7053: Element implicitly has an 'any' type because expression of type 'any' can't be used to index type '{}'.
src/build.ts(67,7): error TS7053: Element implicitly has an 'any' type because expression of type 'any' can't be used to index type '{}'.
src/build.ts(72,16): error TS2345: Argument of type '{}' is not assignable to parameter of type 'string'.
src/build.ts(73,16): error TS2345: Argument of type '{}' is not assignable to parameter of type 'string'.

