mute.ts(8,16): error TS2683: 'this' implicitly has type 'any' because it does not have a type annotation.
mute.ts(10,3): error TS2683: 'this' implicitly has type 'any' because it does not have a type annotation.
mute.ts(10,19): error TS2683: 'this' implicitly has type 'any' because it does not have a type annotation.
mute.ts(11,3): error TS2683: 'this' implicitly has type 'any' because it does not have a type annotation.
mute.ts(12,3): error TS2683: 'this' implicitly has type 'any' because it does not have a type annotation.
mute.ts(12,19): error TS2683: 'this' implicitly has type 'any' because it does not have a type annotation.
mute.ts(13,3): error TS2683: 'this' implicitly has type 'any' because it does not have a type annotation.
mute.ts(18,3): error TS2683: 'this' implicitly has type 'any' because it does not have a type annotation.
mute.ts(19,3): error TS2683: 'this' implicitly has type 'any' because it does not have a type annotation.
mute.ts(45,3): error TS2683: 'this' implicitly has type 'any' because it does not have a type annotation.
mute.ts(56,12): error TS2683: 'this' implicitly has type 'any' because it does not have a type annotation.
mute.ts(56,26): error TS2683: 'this' implicitly has type 'any' because it does not have a type annotation.
mute.ts(57,12): error TS2683: 'this' implicitly has type 'any' because it does not have a type annotation.
mute.ts(57,25): error TS2683: 'this' implicitly has type 'any' because it does not have a type annotation.
mute.ts(64,25): error TS2683: 'this' implicitly has type 'any' because it does not have a type annotation.
mute.ts(129,7): error TS2322: Type 'null' is not assignable to type 'string'.
mute.ts(136,41): error TS2322: Type '() => void' is not assignable to type 'void'.
mute.ts(137,16): error TS2683: 'this' implicitly has type 'any' because it does not have a type annotation.
mute.ts(138,16): error TS2683: 'this' implicitly has type 'any' because it does not have a type annotation.
../../../../node_modules/@types/get-intrinsic/internal/intrinsics.d.ts(11,25): error TS2304: Cannot find name 'AggregateErrorConstructor'.
../../../../node_modules/@types/get-intrinsic/internal/intrinsics.d.ts(126,42): error TS2304: Cannot find name 'AggregateError'.
../../../../node_modules/@types/get-intrinsic/internal/intrinsics.d.ts(127,47): error TS2304: Cannot find name 'AggregateError'.
../../../../node_modules/@types/get-intrinsic/internal/intrinsics.d.ts(128,50): error TS2304: Cannot find name 'AggregateError'.
../../../../node_modules/@types/get-intrinsic/internal/intrinsics.d.ts(418,37): error TS2550: Property 'any' does not exist on type 'PromiseConstructor'. Do you need to change your target library? Try changing the 'lib' compiler option to 'es2021' or later.
../../../../node_modules/@types/get-intrinsic/internal/intrinsics.d.ts(514,62): error TS2550: Property 'replaceAll' does not exist on type 'String'. Do you need to change your target library? Try changing the 'lib' compiler option to 'es2021' or later.

