bench.ts(3,13): error TS2304: Cannot find name 'LoDashStatic'.
bench.ts(30,2): error TS2582: Cannot find name 'suite'. Do you need to install type definitions for a test runner? Try `npm i --save-dev @types/jest` or `npm i --save-dev @types/mocha`.
bench.ts(31,3): error TS2304: Cannot find name 'bench'.
bench.ts(35,3): error TS2304: Cannot find name 'bench'.
bench.ts(39,3): error TS2304: Cannot find name 'bench'.
bench.ts(45,1): error TS2582: Cannot find name 'suite'. Do you need to install type definitions for a test runner? Try `npm i --save-dev @types/jest` or `npm i --save-dev @types/mocha`.
bench.ts(46,2): error TS2304: Cannot find name 'bench'.
bench.ts(50,2): error TS2304: Cannot find name 'bench'.
bench.ts(54,2): error TS2304: Cannot find name 'bench'.
bench.ts(59,1): error TS2582: Cannot find name 'suite'. Do you need to install type definitions for a test runner? Try `npm i --save-dev @types/jest` or `npm i --save-dev @types/mocha`.
bench.ts(60,2): error TS2304: Cannot find name 'bench'.
bench.ts(64,2): error TS2304: Cannot find name 'bench'.
bench.ts(68,2): error TS2304: Cannot find name 'bench'.
index.ts(9,5): error TS2322: Type '(o: any) => symbol[]' is not assignable to type 'boolean'.
index.ts(39,4): error TS7053: Element implicitly has an 'any' type because expression of type 'string' can't be used to index type '{}'.
  No index signature with a parameter of type 'string' was found on type '{}'.
index.ts(42,11): error TS7053: Element implicitly has an 'any' type because expression of type 'string' can't be used to index type '{}'.
  No index signature with a parameter of type 'string' was found on type '{}'.
index.ts(51,4): error TS7053: Element implicitly has an 'any' type because expression of type 'string' can't be used to index type '{}'.
  No index signature with a parameter of type 'string' was found on type '{}'.
index.ts(80,14): error TS2349: This expression is not callable.
  Type 'Boolean' has no call signatures.
index.ts(82,26): error TS2339: Property 'call' does not exist on type 'Object'.
../../../../node_modules/@types/get-intrinsic/internal/intrinsics.d.ts(11,25): error TS2304: Cannot find name 'AggregateErrorConstructor'.
../../../../node_modules/@types/get-intrinsic/internal/intrinsics.d.ts(126,42): error TS2304: Cannot find name 'AggregateError'.
../../../../node_modules/@types/get-intrinsic/internal/intrinsics.d.ts(127,47): error TS2304: Cannot find name 'AggregateError'.
../../../../node_modules/@types/get-intrinsic/internal/intrinsics.d.ts(128,50): error TS2304: Cannot find name 'AggregateError'.
../../../../node_modules/@types/get-intrinsic/internal/intrinsics.d.ts(418,37): error TS2550: Property 'any' does not exist on type 'PromiseConstructor'. Do you need to change your target library? Try changing the 'lib' compiler option to 'es2021' or later.
../../../../node_modules/@types/get-intrinsic/internal/intrinsics.d.ts(514,62): error TS2550: Property 'replaceAll' does not exist on type 'String'. Do you need to change your target library? Try changing the 'lib' compiler option to 'es2021' or later.

