benchmark/fullurl.ts(6,8): error TS7017: Element implicitly has an 'any' type because type 'typeof globalThis' has no index signature.
benchmark/fullurl.ts(8,8): error TS7017: Element implicitly has an 'any' type because type 'typeof globalThis' has no index signature.
benchmark/fullurl.ts(9,8): error TS7017: Element implicitly has an 'any' type because type 'typeof globalThis' has no index signature.
benchmark/fullurl.ts(30,31): error TS7017: Element implicitly has an 'any' type because type 'typeof globalThis' has no index signature.
benchmark/fullurl.ts(35,12): error TS7017: Element implicitly has an 'any' type because type 'typeof globalThis' has no index signature.
benchmark/fullurl.ts(63,10): error TS2393: Duplicate function implementation.
benchmark/index.ts(16,39): error TS2366: Function lacks ending return statement and return type does not include 'undefined'.
benchmark/index.ts(19,18): error TS2322: Type 'undefined' is not assignable to type 'string'.
benchmark/pathquery.ts(6,8): error TS7017: Element implicitly has an 'any' type because type 'typeof globalThis' has no index signature.
benchmark/pathquery.ts(8,8): error TS7017: Element implicitly has an 'any' type because type 'typeof globalThis' has no index signature.
benchmark/pathquery.ts(9,8): error TS7017: Element implicitly has an 'any' type because type 'typeof globalThis' has no index signature.
benchmark/pathquery.ts(30,31): error TS7017: Element implicitly has an 'any' type because type 'typeof globalThis' has no index signature.
benchmark/pathquery.ts(35,12): error TS7017: Element implicitly has an 'any' type because type 'typeof globalThis' has no index signature.
benchmark/pathquery.ts(63,10): error TS2393: Duplicate function implementation.
benchmark/samerequest.ts(6,8): error TS7017: Element implicitly has an 'any' type because type 'typeof globalThis' has no index signature.
benchmark/samerequest.ts(8,8): error TS7017: Element implicitly has an 'any' type because type 'typeof globalThis' has no index signature.
benchmark/samerequest.ts(9,8): error TS7017: Element implicitly has an 'any' type because type 'typeof globalThis' has no index signature.
benchmark/samerequest.ts(31,31): error TS7017: Element implicitly has an 'any' type because type 'typeof globalThis' has no index signature.
benchmark/samerequest.ts(37,12): error TS7017: Element implicitly has an 'any' type because type 'typeof globalThis' has no index signature.
benchmark/samerequest.ts(67,10): error TS2393: Duplicate function implementation.
benchmark/simplepath.ts(6,8): error TS7017: Element implicitly has an 'any' type because type 'typeof globalThis' has no index signature.
benchmark/simplepath.ts(8,8): error TS7017: Element implicitly has an 'any' type because type 'typeof globalThis' has no index signature.
benchmark/simplepath.ts(9,8): error TS7017: Element implicitly has an 'any' type because type 'typeof globalThis' has no index signature.
benchmark/simplepath.ts(30,31): error TS7017: Element implicitly has an 'any' type because type 'typeof globalThis' has no index signature.
benchmark/simplepath.ts(35,12): error TS7017: Element implicitly has an 'any' type because type 'typeof globalThis' has no index signature.
benchmark/simplepath.ts(64,10): error TS2393: Duplicate function implementation.
benchmark/slash.ts(6,8): error TS7017: Element implicitly has an 'any' type because type 'typeof globalThis' has no index signature.
benchmark/slash.ts(8,8): error TS7017: Element implicitly has an 'any' type because type 'typeof globalThis' has no index signature.
benchmark/slash.ts(9,8): error TS7017: Element implicitly has an 'any' type because type 'typeof globalThis' has no index signature.
benchmark/slash.ts(30,31): error TS7017: Element implicitly has an 'any' type because type 'typeof globalThis' has no index signature.
benchmark/slash.ts(35,12): error TS7017: Element implicitly has an 'any' type because type 'typeof globalThis' has no index signature.
benchmark/slash.ts(63,10): error TS2393: Duplicate function implementation.
index.ts(40,5): error TS2322: Type 'undefined' is not assignable to type 'string'.
../../../../node_modules/@types/get-intrinsic/internal/intrinsics.d.ts(11,25): error TS2304: Cannot find name 'AggregateErrorConstructor'.
../../../../node_modules/@types/get-intrinsic/internal/intrinsics.d.ts(126,42): error TS2304: Cannot find name 'AggregateError'.
../../../../node_modules/@types/get-intrinsic/internal/intrinsics.d.ts(127,47): error TS2304: Cannot find name 'AggregateError'.
../../../../node_modules/@types/get-intrinsic/internal/intrinsics.d.ts(128,50): error TS2304: Cannot find name 'AggregateError'.
../../../../node_modules/@types/get-intrinsic/internal/intrinsics.d.ts(418,37): error TS2550: Property 'any' does not exist on type 'PromiseConstructor'. Do you need to change your target library? Try changing the 'lib' compiler option to 'es2021' or later.
../../../../node_modules/@types/get-intrinsic/internal/intrinsics.d.ts(514,62): error TS2550: Property 'replaceAll' does not exist on type 'String'. Do you need to change your target library? Try changing the 'lib' compiler option to 'es2021' or later.

