index.ts(1,7): error TS2322: Type '(function_: boolean, options: any, proxy: any, unwrapped: any) => (...arguments_: any[]) => any' is not assignable to type 'void'.
index.ts(1,107): error TS7019: Rest parameter 'arguments_' implicitly has an 'any[]' type.
index.ts(6,21): error TS7019: Rest parameter 'result' implicitly has an 'any[]' type.
index.ts(9,7): error TS2349: This expression is not callable.
  Type 'void' has no call signatures.
index.ts(12,7): error TS2349: This expression is not callable.
  Type 'void' has no call signatures.
index.ts(15,6): error TS2349: This expression is not callable.
  Type 'void' has no call signatures.
index.ts(21,6): error TS2349: This expression is not callable.
  Type 'void' has no call signatures.
index.ts(23,6): error TS2349: This expression is not callable.
  Type 'void' has no call signatures.
index.ts(30,21): error TS2683: 'this' implicitly has type 'any' because it does not have a type annotation.
index.ts(30,50): error TS2683: 'this' implicitly has type 'any' because it does not have a type annotation.
index.ts(31,17): error TS2345: Argument of type 'boolean' is not assignable to parameter of type 'Function'.
index.ts(63,9): error TS2322: Type 'PropertyDescriptor | undefined' is not assignable to type 'PropertyDescriptor'.
  Type 'undefined' is not assignable to type 'PropertyDescriptor'.
index.ts(64,9): error TS2322: Type 'boolean | undefined' is not assignable to type 'boolean'.
  Type 'undefined' is not assignable to type 'boolean'.
index.ts(81,55): error TS2349: This expression is not callable.
  Type 'void' has no call signatures.
index.ts(90,45): error TS7053: Element implicitly has an 'any' type because expression of type 'string | symbol' can't be used to index type 'Function'.
  No index signature with a parameter of type 'string' was found on type 'Function'.
index.ts(101,25): error TS2349: This expression is not callable.
  Type 'void' has no call signatures.
optimization-test.ts(4,16): error TS2307: Cannot find module 'v8-natives' or its corresponding type declarations.
optimization-test.ts(29,17): error TS2554: Expected 2 arguments, but got 1.
optimization-test.ts(30,10): error TS7006: Parameter 'callback' implicitly has an 'any' type.
optimization-test.ts(36,2): error TS1378: Top-level 'await' expressions are only allowed when the 'module' option is set to 'es2022', 'esnext', 'system', 'node16', or 'nodenext', and the 'target' option is set to 'es2017' or higher.
optimization-test.ts(38,2): error TS1378: Top-level 'await' expressions are only allowed when the 'module' option is set to 'es2022', 'esnext', 'system', 'node16', or 'nodenext', and the 'target' option is set to 'es2017' or higher.
../../../../node_modules/@types/get-intrinsic/internal/intrinsics.d.ts(11,25): error TS2304: Cannot find name 'AggregateErrorConstructor'.
../../../../node_modules/@types/get-intrinsic/internal/intrinsics.d.ts(126,42): error TS2304: Cannot find name 'AggregateError'.
../../../../node_modules/@types/get-intrinsic/internal/intrinsics.d.ts(127,47): error TS2304: Cannot find name 'AggregateError'.
../../../../node_modules/@types/get-intrinsic/internal/intrinsics.d.ts(128,50): error TS2304: Cannot find name 'AggregateError'.
../../../../node_modules/@types/get-intrinsic/internal/intrinsics.d.ts(418,37): error TS2550: Property 'any' does not exist on type 'PromiseConstructor'. Do you need to change your target library? Try changing the 'lib' compiler option to 'es2021' or later.
../../../../node_modules/@types/get-intrinsic/internal/intrinsics.d.ts(514,62): error TS2550: Property 'replaceAll' does not exist on type 'String'. Do you need to change your target library? Try changing the 'lib' compiler option to 'es2021' or later.

