examples/backnforth.ts(8,5): error TS2300: Duplicate identifier 'ProgressBar'.
examples/colors.ts(4,5): error TS2300: Duplicate identifier 'ProgressBar'.
examples/colors.ts(12,5): error TS2322: Type 'Timer' is not assignable to type 'number'.
examples/customtokens.ts(1,5): error TS2300: Duplicate identifier 'ProgressBar'.
examples/customtokens.ts(14,5): error TS2322: Type 'Timer' is not assignable to type 'number'.
examples/download.ts(6,5): error TS2300: Duplicate identifier 'ProgressBar'.
examples/exact.ts(9,5): error TS2300: Duplicate identifier 'ProgressBar'.
examples/formats.ts(6,5): error TS2300: Duplicate identifier 'ProgressBar'.
examples/formats.ts(10,5): error TS2322: Type 'Timer' is not assignable to type 'number'.
examples/formats.ts(11,7): error TS2322: Type 'string' is not assignable to type 'string[]'.
examples/formats.ts(26,7): error TS2322: Type 'Timer' is not assignable to type 'number'.
examples/formats.ts(43,7): error TS2322: Type 'Timer' is not assignable to type 'number'.
examples/formats.ts(57,7): error TS2322: Type 'Timer' is not assignable to type 'number'.
examples/formats.ts(72,7): error TS2322: Type 'Timer' is not assignable to type 'number'.
examples/interrupt.ts(7,5): error TS2300: Duplicate identifier 'ProgressBar'.
examples/iterative.ts(6,5): error TS2300: Duplicate identifier 'ProgressBar'.
examples/simple.ts(1,5): error TS2300: Duplicate identifier 'ProgressBar'.
examples/simple.ts(4,5): error TS2322: Type 'Timer' is not assignable to type 'number'.
examples/toolong.ts(6,5): error TS2300: Duplicate identifier 'ProgressBar'.
lib/node-progress.ts(45,10): error TS2300: Duplicate identifier 'ProgressBar'.
lib/node-progress.ts(46,3): error TS2683: 'this' implicitly has type 'any' because it does not have a type annotation.
lib/node-progress.ts(58,3): error TS2683: 'this' implicitly has type 'any' because it does not have a type annotation.
lib/node-progress.ts(59,3): error TS2683: 'this' implicitly has type 'any' because it does not have a type annotation.
lib/node-progress.ts(60,3): error TS2683: 'this' implicitly has type 'any' because it does not have a type annotation.
lib/node-progress.ts(61,3): error TS2683: 'this' implicitly has type 'any' because it does not have a type annotation.
lib/node-progress.ts(61,33): error TS2683: 'this' implicitly has type 'any' because it does not have a type annotation.
lib/node-progress.ts(62,3): error TS2683: 'this' implicitly has type 'any' because it does not have a type annotation.
lib/node-progress.ts(63,3): error TS2683: 'this' implicitly has type 'any' because it does not have a type annotation.
lib/node-progress.ts(68,3): error TS2683: 'this' implicitly has type 'any' because it does not have a type annotation.
lib/node-progress.ts(69,3): error TS2683: 'this' implicitly has type 'any' because it does not have a type annotation.
lib/node-progress.ts(70,3): error TS2683: 'this' implicitly has type 'any' because it does not have a type annotation.
lib/node-progress.ts(71,3): error TS2683: 'this' implicitly has type 'any' because it does not have a type annotation.
lib/node-progress.ts(72,3): error TS2683: 'this' implicitly has type 'any' because it does not have a type annotation.
lib/node-progress.ts(136,25): error TS2362: The left-hand side of an arithmetic operation must be of type 'any', 'number', 'bigint' or an enum type.
lib/node-progress.ts(161,3): error TS2322: Type 'string' is not assignable to type 'number'.

