index.ts(4,20): error TS7009: 'new' expression, whose target lacks a construct signature, implicitly has an 'any' type.
index.ts(10,7): error TS2322: Type 'Promise<void>' is not assignable to type 'Promise<{}>'.
  Type 'void' is not assignable to type '{}'.
index.ts(10,26): error TS2345: Argument of type '(resolve: void) => void' is not assignable to parameter of type '(resolve: (value: unknown) => void, reject: (reason?: any) => void) => void'.
  Types of parameters 'resolve' and 'resolve' are incompatible.
    Type '(value: unknown) => void' is not assignable to type 'void'.
index.ts(11,9): error TS2349: This expression is not callable.
  Type 'void' has no call signatures.
index.ts(14,24): error TS2345: Argument of type '(resolve: void) => void' is not assignable to parameter of type '(resolve: (value: unknown) => void, reject: (reason?: any) => void) => void'.
  Types of parameters 'resolve' and 'resolve' are incompatible.
    Type '(value: unknown) => void' is not assignable to type 'void'.
index.ts(15,18): error TS7009: 'new' expression, whose target lacks a construct signature, implicitly has an 'any' type.
index.ts(18,32): error TS2366: Function lacks ending return statement and return type does not include 'undefined'.
index.ts(20,7): error TS2322: Type 'Promise<void>' is not assignable to type 'Promise<{}>'.
index.ts(25,16): error TS2345: Argument of type 'unknown' is not assignable to parameter of type 'Error'.
index.ts(45,3): error TS2322: Type '(fn: Function, self: any, args: any) => Promise<{}>' is not assignable to type 'void'.
index.ts(55,20): error TS2683: 'this' implicitly has type 'any' because it does not have a type annotation.
index.ts(60,3): error TS2322: Type '(fn: any) => any' is not assignable to type 'void'.
index.ts(70,20): error TS2683: 'this' implicitly has type 'any' because it does not have a type annotation.
index.ts(99,3): error TS2683: 'this' implicitly has type 'any' because it does not have a type annotation.
index.ts(100,3): error TS2683: 'this' implicitly has type 'any' because it does not have a type annotation.
index.ts(101,3): error TS2683: 'this' implicitly has type 'any' because it does not have a type annotation.
index.ts(102,3): error TS2683: 'this' implicitly has type 'any' because it does not have a type annotation.
index.ts(107,3): error TS2683: 'this' implicitly has type 'any' because it does not have a type annotation.
index.ts(108,3): error TS2683: 'this' implicitly has type 'any' because it does not have a type annotation.
index.ts(109,3): error TS2683: 'this' implicitly has type 'any' because it does not have a type annotation.
index.ts(109,22): error TS2683: 'this' implicitly has type 'any' because it does not have a type annotation.
index.ts(110,3): error TS2683: 'this' implicitly has type 'any' because it does not have a type annotation.
index.ts(111,3): error TS2683: 'this' implicitly has type 'any' because it does not have a type annotation.
index.ts(126,12): error TS2339: Property 'length' does not exist on type 'number'.
index.ts(134,27): error TS2339: Property 'pop' does not exist on type 'number'.
perf.ts(7,35): error TS2345: Argument of type '(resolve: void) => void' is not assignable to parameter of type '(resolve: (value: unknown) => void, reject: (reason?: any) => void) => void'.
  Types of parameters 'resolve' and 'resolve' are incompatible.
    Type '(value: unknown) => void' is not assignable to type 'void'.
perf.ts(7,71): error TS2345: Argument of type 'void' is not assignable to parameter of type 'Function'.
../../../../node_modules/@types/get-intrinsic/internal/intrinsics.d.ts(11,25): error TS2304: Cannot find name 'AggregateErrorConstructor'.
../../../../node_modules/@types/get-intrinsic/internal/intrinsics.d.ts(126,42): error TS2304: Cannot find name 'AggregateError'.
../../../../node_modules/@types/get-intrinsic/internal/intrinsics.d.ts(127,47): error TS2304: Cannot find name 'AggregateError'.
../../../../node_modules/@types/get-intrinsic/internal/intrinsics.d.ts(128,50): error TS2304: Cannot find name 'AggregateError'.
../../../../node_modules/@types/get-intrinsic/internal/intrinsics.d.ts(418,37): error TS2550: Property 'any' does not exist on type 'PromiseConstructor'. Do you need to change your target library? Try changing the 'lib' compiler option to 'es2021' or later.
../../../../node_modules/@types/get-intrinsic/internal/intrinsics.d.ts(514,62): error TS2550: Property 'replaceAll' does not exist on type 'String'. Do you need to change your target library? Try changing the 'lib' compiler option to 'es2021' or later.

