lib/index.ts(3,66): error TS2304: Cannot find name 'Options'.
lib/index.ts(10,40): error TS2304: Cannot find name 'Options'.
lib/index.ts(41,3): error TS2322: Type 'boolean' is not assignable to type 'number'.
lib/index.ts(59,3): error TS2322: Type 'number' is not assignable to type 'boolean'.
lib/index.ts(62,34): error TS7006: Parameter 'bitLength' implicitly has an 'any' type.
lib/index.ts(62,47): error TS7031: Binding element 'unsigned' implicitly has an 'any' type.
lib/index.ts(63,27): error TS7034: Variable 'upperBound' implicitly has type 'any' in some locations where its type cannot be determined.
lib/index.ts(75,11): error TS7006: Parameter 'value' implicitly has an 'any' type.
lib/index.ts(77,5): error TS2322: Type 'boolean' is not assignable to type 'number'.
lib/index.ts(79,17): error TS2339: Property 'enforceRange' does not exist on type '{}'.
lib/index.ts(86,33): error TS7005: Variable 'upperBound' implicitly has an 'any' type.
lib/index.ts(89,64): error TS7005: Variable 'upperBound' implicitly has an 'any' type.
lib/index.ts(97,37): error TS2339: Property 'clamp' does not exist on type '{}'.
lib/index.ts(98,45): error TS7005: Variable 'upperBound' implicitly has an 'any' type.
lib/index.ts(99,7): error TS2322: Type 'boolean' is not assignable to type 'number'.
lib/index.ts(110,33): error TS7005: Variable 'upperBound' implicitly has an 'any' type.
lib/index.ts(123,35): error TS7006: Parameter 'bitLength' implicitly has an 'any' type.
lib/index.ts(123,48): error TS7031: Binding element 'unsigned' implicitly has an 'any' type.
lib/index.ts(126,9): error TS2322: Type '(bits: number, int: bigint) => bigint' is not assignable to type 'number'.
lib/index.ts(128,11): error TS7006: Parameter 'value' implicitly has an 'any' type.
lib/index.ts(130,5): error TS2322: Type 'boolean' is not assignable to type 'number'.
lib/index.ts(132,17): error TS2339: Property 'enforceRange' does not exist on type '{}'.
lib/index.ts(150,37): error TS2339: Property 'clamp' does not exist on type '{}'.
lib/index.ts(152,7): error TS2322: Type 'boolean' is not assignable to type 'number'.
lib/index.ts(160,9): error TS2322: Type 'bigint' is not assignable to type 'number'.
lib/index.ts(161,15): error TS2349: This expression is not callable.
  Type 'Number' has no call signatures.
lib/index.ts(190,19): error TS7006: Parameter 'value' implicitly has an 'any' type.
lib/index.ts(200,35): error TS7006: Parameter 'value' implicitly has an 'any' type.
lib/index.ts(206,18): error TS7006: Parameter 'value' implicitly has an 'any' type.
lib/index.ts(226,34): error TS7006: Parameter 'value' implicitly has an 'any' type.
lib/index.ts(240,22): error TS7006: Parameter 'value' implicitly has an 'any' type.
lib/index.ts(241,15): error TS2339: Property 'treatNullAsEmptyString' does not exist on type '{}'.
lib/index.ts(249,39): error TS2339: Property 'globals' does not exist on type '{}'.
lib/index.ts(249,57): error TS2339: Property 'globals' does not exist on type '{}'.
lib/index.ts(250,10): error TS2349: This expression is not callable.
  Type 'Boolean' has no call signatures.
lib/index.ts(253,23): error TS7006: Parameter 'value' implicitly has an 'any' type.
lib/index.ts(256,26): error TS2339: Property 'codePointAt' does not exist on type 'number'.
lib/index.ts(265,22): error TS7006: Parameter 'value' implicitly has an 'any' type.
lib/index.ts(293,19): error TS7006: Parameter 'value' implicitly has an 'any' type.
lib/index.ts(301,7): error TS2322: Type '(() => any) | undefined' is not assignable to type 'PropertyDescriptor'.
  Type 'undefined' is not assignable to type 'PropertyDescriptor'.
lib/index.ts(302,5): error TS2532: Object is possibly 'undefined'.
lib/index.ts(303,7): error TS2322: Type '(() => any) | null | undefined' is not assignable to type 'boolean'.
  Type 'undefined' is not assignable to type 'boolean'.
lib/index.ts(305,7): error TS2532: Object is possibly 'undefined'.
lib/index.ts(312,24): error TS2339: Property 'call' does not exist on type 'PropertyDescriptor'.
lib/index.ts(322,25): error TS2339: Property 'call' does not exist on type 'boolean'.
lib/index.ts(339,24): error TS7006: Parameter 'value' implicitly has an 'any' type.
lib/index.ts(341,17): error TS2339: Property 'allowShared' does not exist on type '{}'.
lib/index.ts(353,7): error TS2322: Type '(() => any) | undefined' is not assignable to type 'PropertyDescriptor'.
  Type 'undefined' is not assignable to type 'PropertyDescriptor'.
lib/index.ts(354,5): error TS2532: Object is possibly 'undefined'.
lib/index.ts(355,21): error TS7006: Parameter 'value' implicitly has an 'any' type.
lib/index.ts(357,24): error TS2339: Property 'call' does not exist on type 'PropertyDescriptor'.
lib/index.ts(362,16): error TS2339: Property 'allowShared' does not exist on type '{}'.
lib/index.ts(376,7): error TS2322: Type '(() => any) | undefined' is not assignable to type 'PropertyDescriptor'.
  Type 'undefined' is not assignable to type 'PropertyDescriptor'.
lib/index.ts(376,50): error TS2532: Object is possibly 'undefined'.
lib/index.ts(393,20): error TS7006: Parameter 'value' implicitly has an 'any' type.
lib/index.ts(394,60): error TS2339: Property 'call' does not exist on type 'PropertyDescriptor'.
lib/index.ts(397,18): error TS2339: Property 'allowShared' does not exist on type '{}'.
lib/index.ts(410,28): error TS7006: Parameter 'value' implicitly has an 'any' type.
lib/index.ts(415,16): error TS2339: Property 'allowShared' does not exist on type '{}'.
lib/index.ts(425,25): error TS7006: Parameter 'value' implicitly has an 'any' type.
lib/index.ts(427,18): error TS2339: Property 'allowShared' does not exist on type '{}'.
lib/index.ts(437,16): error TS2339: Property 'allowShared' does not exist on type '{}'.
lib/index.ts(440,15): error TS2339: Property 'allowShared' does not exist on type '{}'.
../../../../node_modules/@types/get-intrinsic/internal/intrinsics.d.ts(11,25): error TS2304: Cannot find name 'AggregateErrorConstructor'.
../../../../node_modules/@types/get-intrinsic/internal/intrinsics.d.ts(126,42): error TS2304: Cannot find name 'AggregateError'.
../../../../node_modules/@types/get-intrinsic/internal/intrinsics.d.ts(127,47): error TS2304: Cannot find name 'AggregateError'.
../../../../node_modules/@types/get-intrinsic/internal/intrinsics.d.ts(128,50): error TS2304: Cannot find name 'AggregateError'.
../../../../node_modules/@types/get-intrinsic/internal/intrinsics.d.ts(418,37): error TS2550: Property 'any' does not exist on type 'PromiseConstructor'. Do you need to change your target library? Try changing the 'lib' compiler option to 'es2021' or later.
../../../../node_modules/@types/get-intrinsic/internal/intrinsics.d.ts(514,62): error TS2550: Property 'replaceAll' does not exist on type 'String'. Do you need to change your target library? Try changing the 'lib' compiler option to 'es2021' or later.

