karma.conf.ts(1,26): error TS7006: Parameter 'karma' implicitly has an 'any' type.
karma.conf.ts(1,34): error TS2304: Cannot find name 'IKarma'.
src/binding.ts(7,21): error TS2307: Cannot find module 'pako/lib/zlib/zstream' or its corresponding type declarations.
src/binding.ts(8,26): error TS2307: Cannot find module 'pako/lib/zlib/deflate.js' or its corresponding type declarations.
src/binding.ts(9,26): error TS2307: Cannot find module 'pako/lib/zlib/inflate.js' or its corresponding type declarations.
src/binding.ts(10,23): error TS2307: Cannot find module 'pako/lib/zlib/constants' or its corresponding type declarations.
src/binding.ts(37,3): error TS2683: 'this' implicitly has type 'any' because it does not have a type annotation.
src/binding.ts(38,3): error TS2683: 'this' implicitly has type 'any' because it does not have a type annotation.
src/binding.ts(39,3): error TS2683: 'this' implicitly has type 'any' because it does not have a type annotation.
src/binding.ts(40,3): error TS2683: 'this' implicitly has type 'any' because it does not have a type annotation.
src/binding.ts(41,3): error TS2683: 'this' implicitly has type 'any' because it does not have a type annotation.
src/binding.ts(42,3): error TS2683: 'this' implicitly has type 'any' because it does not have a type annotation.
src/binding.ts(43,3): error TS2683: 'this' implicitly has type 'any' because it does not have a type annotation.
src/binding.ts(44,3): error TS2683: 'this' implicitly has type 'any' because it does not have a type annotation.
src/binding.ts(45,3): error TS2683: 'this' implicitly has type 'any' because it does not have a type annotation.
src/binding.ts(46,3): error TS2683: 'this' implicitly has type 'any' because it does not have a type annotation.
src/binding.ts(47,3): error TS2683: 'this' implicitly has type 'any' because it does not have a type annotation.
src/binding.ts(48,3): error TS2683: 'this' implicitly has type 'any' because it does not have a type annotation.
src/binding.ts(82,35): error TS7006: Parameter 'async' implicitly has an 'any' type.
src/binding.ts(130,13): error TS2526: A 'this' type is available only in a non-static member of a class or interface.
src/index.ts(5,8): error TS1192: Module '"/mnt/data/mhyee/not-type-inference/data/DeepTyper-out/top1k-untyped-with-typed-deps-es6/baseline/browserify-zlib/src/binding"' has no default export.
src/index.ts(76,10): error TS7009: 'new' expression, whose target lacks a construct signature, implicitly has an 'any' type.
src/index.ts(80,10): error TS7009: 'new' expression, whose target lacks a construct signature, implicitly has an 'any' type.
src/index.ts(84,10): error TS7009: 'new' expression, whose target lacks a construct signature, implicitly has an 'any' type.
src/index.ts(88,10): error TS7009: 'new' expression, whose target lacks a construct signature, implicitly has an 'any' type.
src/index.ts(92,10): error TS7009: 'new' expression, whose target lacks a construct signature, implicitly has an 'any' type.
src/index.ts(96,10): error TS7009: 'new' expression, whose target lacks a construct signature, implicitly has an 'any' type.
src/index.ts(100,10): error TS7009: 'new' expression, whose target lacks a construct signature, implicitly has an 'any' type.
src/index.ts(111,21): error TS7009: 'new' expression, whose target lacks a construct signature, implicitly has an 'any' type.
src/index.ts(115,25): error TS7009: 'new' expression, whose target lacks a construct signature, implicitly has an 'any' type.
src/index.ts(123,21): error TS7009: 'new' expression, whose target lacks a construct signature, implicitly has an 'any' type.
src/index.ts(127,25): error TS7009: 'new' expression, whose target lacks a construct signature, implicitly has an 'any' type.
src/index.ts(135,21): error TS7009: 'new' expression, whose target lacks a construct signature, implicitly has an 'any' type.
src/index.ts(139,25): error TS7009: 'new' expression, whose target lacks a construct signature, implicitly has an 'any' type.
src/index.ts(147,21): error TS7009: 'new' expression, whose target lacks a construct signature, implicitly has an 'any' type.
src/index.ts(151,25): error TS7009: 'new' expression, whose target lacks a construct signature, implicitly has an 'any' type.
src/index.ts(159,21): error TS7009: 'new' expression, whose target lacks a construct signature, implicitly has an 'any' type.
src/index.ts(163,25): error TS7009: 'new' expression, whose target lacks a construct signature, implicitly has an 'any' type.
src/index.ts(171,21): error TS7009: 'new' expression, whose target lacks a construct signature, implicitly has an 'any' type.
src/index.ts(175,25): error TS7009: 'new' expression, whose target lacks a construct signature, implicitly has an 'any' type.
src/index.ts(183,21): error TS7009: 'new' expression, whose target lacks a construct signature, implicitly has an 'any' type.
src/index.ts(187,25): error TS7009: 'new' expression, whose target lacks a construct signature, implicitly has an 'any' type.
src/index.ts(246,9): error TS2683: 'this' implicitly has type 'any' because it does not have a type annotation.
src/index.ts(246,42): error TS7009: 'new' expression, whose target lacks a construct signature, implicitly has an 'any' type.
src/index.ts(247,13): error TS2683: 'this' implicitly has type 'any' because it does not have a type annotation.
src/index.ts(251,9): error TS2683: 'this' implicitly has type 'any' because it does not have a type annotation.
src/index.ts(251,42): error TS7009: 'new' expression, whose target lacks a construct signature, implicitly has an 'any' type.
src/index.ts(252,13): error TS2683: 'this' implicitly has type 'any' because it does not have a type annotation.
src/index.ts(258,9): error TS2683: 'this' implicitly has type 'any' because it does not have a type annotation.
src/index.ts(258,39): error TS7009: 'new' expression, whose target lacks a construct signature, implicitly has an 'any' type.
src/index.ts(259,13): error TS2683: 'this' implicitly has type 'any' because it does not have a type annotation.
src/index.ts(263,9): error TS2683: 'this' implicitly has type 'any' because it does not have a type annotation.
src/index.ts(263,41): error TS7009: 'new' expression, whose target lacks a construct signature, implicitly has an 'any' type.
src/index.ts(264,13): error TS2683: 'this' implicitly has type 'any' because it does not have a type annotation.
src/index.ts(270,9): error TS2683: 'this' implicitly has type 'any' because it does not have a type annotation.
src/index.ts(270,45): error TS7009: 'new' expression, whose target lacks a construct signature, implicitly has an 'any' type.
src/index.ts(271,13): error TS2683: 'this' implicitly has type 'any' because it does not have a type annotation.
src/index.ts(275,9): error TS2683: 'this' implicitly has type 'any' because it does not have a type annotation.
src/index.ts(275,45): error TS7009: 'new' expression, whose target lacks a construct signature, implicitly has an 'any' type.
src/index.ts(276,13): error TS2683: 'this' implicitly has type 'any' because it does not have a type annotation.
src/index.ts(282,9): error TS2683: 'this' implicitly has type 'any' because it does not have a type annotation.
src/index.ts(282,40): error TS7009: 'new' expression, whose target lacks a construct signature, implicitly has an 'any' type.
src/index.ts(283,13): error TS2683: 'this' implicitly has type 'any' because it does not have a type annotation.
src/index.ts(301,3): error TS2683: 'this' implicitly has type 'any' because it does not have a type annotation.
src/index.ts(302,3): error TS2683: 'this' implicitly has type 'any' because it does not have a type annotation.
src/index.ts(304,18): error TS2683: 'this' implicitly has type 'any' because it does not have a type annotation.
src/index.ts(313,3): error TS2683: 'this' implicitly has type 'any' because it does not have a type annotation.
src/index.ts(314,3): error TS2683: 'this' implicitly has type 'any' because it does not have a type annotation.
src/index.ts(361,3): error TS2683: 'this' implicitly has type 'any' because it does not have a type annotation.
src/index.ts(363,13): error TS2526: A 'this' type is available only in a non-static member of a class or interface.
src/index.ts(363,20): error TS2683: 'this' implicitly has type 'any' because it does not have a type annotation.
src/index.ts(364,3): error TS2683: 'this' implicitly has type 'any' because it does not have a type annotation.
src/index.ts(365,3): error TS2683: 'this' implicitly has type 'any' because it does not have a type annotation.
src/index.ts(368,5): error TS2554: Expected 2 arguments, but got 1.
src/index.ts(372,11): error TS2339: Property 'errno' does not exist on type 'Error'.
src/index.ts(373,11): error TS2339: Property 'code' does not exist on type 'Error'.
src/index.ts(383,3): error TS2683: 'this' implicitly has type 'any' because it does not have a type annotation.
src/index.ts(389,3): error TS2683: 'this' implicitly has type 'any' because it does not have a type annotation.
src/index.ts(389,37): error TS2683: 'this' implicitly has type 'any' because it does not have a type annotation.
src/index.ts(390,3): error TS2683: 'this' implicitly has type 'any' because it does not have a type annotation.
src/index.ts(391,3): error TS2683: 'this' implicitly has type 'any' because it does not have a type annotation.
src/index.ts(392,3): error TS2683: 'this' implicitly has type 'any' because it does not have a type annotation.
src/index.ts(394,3): error TS2683: 'this' implicitly has type 'any' because it does not have a type annotation.
src/index.ts(394,20): error TS2683: 'this' implicitly has type 'any' because it does not have a type annotation.
src/index.ts(396,25): error TS2683: 'this' implicitly has type 'any' because it does not have a type annotation.
src/index.ts(397,26): error TS2683: 'this' implicitly has type 'any' because it does not have a type annotation.
src/index.ts(419,15): error TS2526: A 'this' type is available only in a non-static member of a class or interface.
src/index.ts(526,13): error TS2526: A 'this' type is available only in a non-static member of a class or interface.
src/index.ts(555,7): error TS2554: Expected 2 arguments, but got 1.
src/index.ts(560,5): error TS2554: Expected 2 arguments, but got 1.
src/index.ts(583,9): error TS2683: 'this' implicitly has type 'any' because it does not have a type annotation.
src/index.ts(584,7): error TS2683: 'this' implicitly has type 'any' because it does not have a type annotation.
src/index.ts(585,7): error TS2683: 'this' implicitly has type 'any' because it does not have a type annotation.
../../../../node_modules/@types/get-intrinsic/internal/intrinsics.d.ts(11,25): error TS2304: Cannot find name 'AggregateErrorConstructor'.
../../../../node_modules/@types/get-intrinsic/internal/intrinsics.d.ts(126,42): error TS2304: Cannot find name 'AggregateError'.
../../../../node_modules/@types/get-intrinsic/internal/intrinsics.d.ts(127,47): error TS2304: Cannot find name 'AggregateError'.
../../../../node_modules/@types/get-intrinsic/internal/intrinsics.d.ts(128,50): error TS2304: Cannot find name 'AggregateError'.
../../../../node_modules/@types/get-intrinsic/internal/intrinsics.d.ts(418,37): error TS2550: Property 'any' does not exist on type 'PromiseConstructor'. Do you need to change your target library? Try changing the 'lib' compiler option to 'es2021' or later.
../../../../node_modules/@types/get-intrinsic/internal/intrinsics.d.ts(514,62): error TS2550: Property 'replaceAll' does not exist on type 'String'. Do you need to change your target library? Try changing the 'lib' compiler option to 'es2021' or later.

