lib/des/cipher.ts(73,3): error TS2322: Type 'number[]' is not assignable to type 'number'.
lib/des/cipher.ts(92,3): error TS2322: Type 'number[]' is not assignable to type 'number'.
lib/des/cipher.ts(124,5): error TS2322: Type 'undefined[]' is not assignable to type 'void'.
lib/des/cipher.ts(128,3): error TS2322: Type 'any[]' is not assignable to type 'void'.
lib/des/des.ts(5,8): error TS1192: Module '"lib/des/utils"' has no default export.
lib/des/des.ts(80,3): error TS2322: Type 'boolean' is not assignable to type 'number'.
lib/des/des.ts(88,3): error TS2322: Type 'Buffer' is not assignable to type 'void'.
lib/des/utils.ts(3,46): error TS2322: Type '(bytes: any, off: any) => number' is not assignable to type 'number'.
lib/des/utils.ts(4,7): error TS2322: Type 'number' is not assignable to type 'boolean'.
lib/des/utils.ts(8,10): error TS2362: The left-hand side of an arithmetic operation must be of type 'any', 'number', 'bigint' or an enum type.
lib/des/utils.ts(11,14): error TS2322: Type '(bytes: number[], value: number, off: any) => void' is not assignable to type 'number'.
lib/des/utils.ts(18,34): error TS2322: Type '(inL: number, inR: number, out: any, off: any) => void' is not assignable to type 'void'.
lib/des/utils.ts(48,35): error TS2322: Type '(inL: number, inR: number, out: any, off: any) => void' is not assignable to type 'void'.
lib/des/utils.ts(73,35): error TS2322: Type '(inL: number, inR: number, out: any, off: any) => void' is not assignable to type 'void'.
lib/des/utils.ts(119,40): error TS2322: Type '(num: number, shift: number) => number' is not assignable to type 'number'.
lib/des/utils.ts(135,35): error TS2322: Type '(inL: number, inR: number, out: any, off: any) => void' is not assignable to type 'void'.
lib/des/utils.ts(153,38): error TS2322: Type '(r: number, out: any, off: any) => void' is not assignable to type 'void'.
lib/des/utils.ts(214,44): error TS2322: Type '(inL: number, inR: number) => number' is not assignable to type 'number'.
lib/des/utils.ts(238,41): error TS2322: Type '(num: number) => number' is not assignable to type 'number'.
lib/des/utils.ts(247,42): error TS2322: Type '(num: number, size: number, group: number) => number' is not assignable to type 'number'.
lib/des/utils.ts(255,3): error TS2322: Type 'string' is not assignable to type 'number'.

