hasSymbols.ts(25,2): error TS7053: Element implicitly has an 'any' type because expression of type 'symbol' can't be used to index type '{}'.
hasSymbols.ts(26,7): error TS2405: The left-hand side of a 'for...in' statement must be of type 'string' or 'any'.
hasSymbols.ts(32,6): error TS2322: Type 'symbol[]' is not assignable to type 'string[]'.
  Type 'symbol' is not assignable to type 'string'.
hasSymbols.ts(33,27): error TS2367: This condition will always return 'true' since the types 'string' and 'symbol' have no overlap.
hasSymbols.ts(38,7): error TS2322: Type 'PropertyDescriptor | undefined' is not assignable to type 'PropertyDescriptor'.
  Type 'undefined' is not assignable to type 'PropertyDescriptor'.
implementation.ts(28,20): error TS2349: This expression is not callable.
  Type 'Boolean' has no call signatures.
index.ts(9,36): error TS2345: Argument of type 'boolean' is not assignable to parameter of type '(this: unknown, ...args: readonly unknown[]) => unknown'.
polyfill.ts(5,44): error TS2322: Type '() => boolean' is not assignable to type 'boolean'.
polyfill.ts(17,3): error TS7053: Element implicitly has an 'any' type because expression of type 'string' can't be used to index type '{}'.
  No index signature with a parameter of type 'string' was found on type '{}'.
polyfill.ts(27,43): error TS2322: Type '() => boolean' is not assignable to type 'boolean'.
polyfill.ts(35,6): error TS2322: Type '{ 1: number; }' is not assignable to type 'boolean'.
polyfill.ts(39,10): error TS7053: Element implicitly has an 'any' type because expression of type '1' can't be used to index type 'Boolean'.
  Property '1' does not exist on type 'Boolean'.
polyfill.ts(46,3): error TS2322: Type '(target: any, source1: any) => any' is not assignable to type 'boolean'.
polyfill.ts(48,6): error TS2349: This expression is not callable.
  Type 'Boolean' has no call signatures.
polyfill.ts(49,3): error TS2322: Type '(target: any, source1: any) => any' is not assignable to type 'boolean'.
polyfill.ts(51,6): error TS2349: This expression is not callable.
  Type 'Boolean' has no call signatures.
polyfill.ts(52,3): error TS2322: Type '(target: any, source1: any) => any' is not assignable to type 'boolean'.
polyfill.ts(54,2): error TS2322: Type '{ <T extends {}, U>(target: T, source: U): T & U; <T extends {}, U, V>(target: T, source1: U, source2: V): T & U & V; <T extends {}, U, V, W>(target: T, source1: U, source2: V, source3: W): T & ... 2 more ... & W; (target: object, ...sources: any[]): any; }' is not assignable to type 'boolean'.
../../../../node_modules/@types/get-intrinsic/internal/intrinsics.d.ts(11,25): error TS2304: Cannot find name 'AggregateErrorConstructor'.
../../../../node_modules/@types/get-intrinsic/internal/intrinsics.d.ts(126,42): error TS2304: Cannot find name 'AggregateError'.
../../../../node_modules/@types/get-intrinsic/internal/intrinsics.d.ts(127,47): error TS2304: Cannot find name 'AggregateError'.
../../../../node_modules/@types/get-intrinsic/internal/intrinsics.d.ts(128,50): error TS2304: Cannot find name 'AggregateError'.
../../../../node_modules/@types/get-intrinsic/internal/intrinsics.d.ts(418,37): error TS2550: Property 'any' does not exist on type 'PromiseConstructor'. Do you need to change your target library? Try changing the 'lib' compiler option to 'es2021' or later.
../../../../node_modules/@types/get-intrinsic/internal/intrinsics.d.ts(514,62): error TS2550: Property 'replaceAll' does not exist on type 'String'. Do you need to change your target library? Try changing the 'lib' compiler option to 'es2021' or later.

