index.ts(34,5): error TS2322: Type '(objects: any, key: any) => any' is not assignable to type 'boolean'.
index.ts(38,21): error TS2322: Type '(objects: any, key: any, value: any) => void' is not assignable to type 'void'.
index.ts(51,24): error TS2322: Type '(objects: any, key: any) => boolean' is not assignable to type 'boolean'.
index.ts(56,6): error TS7034: Variable '$wm' implicitly has type 'any' in some locations where its type cannot be determined.
index.ts(57,6): error TS7034: Variable '$m' implicitly has type 'any' in some locations where its type cannot be determined.
index.ts(58,6): error TS7034: Variable '$o' implicitly has type 'any' in some locations where its type cannot be determined.
index.ts(67,9): error TS7005: Variable '$wm' implicitly has an 'any' type.
index.ts(68,25): error TS7005: Variable '$wm' implicitly has an 'any' type.
index.ts(71,9): error TS7005: Variable '$m' implicitly has an 'any' type.
index.ts(72,21): error TS7005: Variable '$m' implicitly has an 'any' type.
index.ts(75,9): error TS7005: Variable '$o' implicitly has an 'any' type.
index.ts(76,13): error TS2349: This expression is not callable.
  Type 'Boolean' has no call signatures.
index.ts(76,21): error TS7005: Variable '$o' implicitly has an 'any' type.
index.ts(82,9): error TS7005: Variable '$wm' implicitly has an 'any' type.
index.ts(83,25): error TS7005: Variable '$wm' implicitly has an 'any' type.
index.ts(86,9): error TS7005: Variable '$m' implicitly has an 'any' type.
index.ts(87,21): error TS7005: Variable '$m' implicitly has an 'any' type.
index.ts(90,9): error TS7005: Variable '$o' implicitly has an 'any' type.
index.ts(91,13): error TS2349: This expression is not callable.
  Type 'Boolean' has no call signatures.
index.ts(91,21): error TS7005: Variable '$o' implicitly has an 'any' type.
index.ts(98,10): error TS7005: Variable '$wm' implicitly has an 'any' type.
index.ts(101,17): error TS7005: Variable '$wm' implicitly has an 'any' type.
index.ts(103,10): error TS7005: Variable '$m' implicitly has an 'any' type.
index.ts(106,13): error TS7005: Variable '$m' implicitly has an 'any' type.
index.ts(108,10): error TS7005: Variable '$o' implicitly has an 'any' type.
index.ts(112,5): error TS2349: This expression is not callable.
  Type 'void' has no call signatures.
index.ts(112,13): error TS7005: Variable '$o' implicitly has an 'any' type.
../../../../node_modules/@types/get-intrinsic/internal/intrinsics.d.ts(11,25): error TS2304: Cannot find name 'AggregateErrorConstructor'.
../../../../node_modules/@types/get-intrinsic/internal/intrinsics.d.ts(126,42): error TS2304: Cannot find name 'AggregateError'.
../../../../node_modules/@types/get-intrinsic/internal/intrinsics.d.ts(127,47): error TS2304: Cannot find name 'AggregateError'.
../../../../node_modules/@types/get-intrinsic/internal/intrinsics.d.ts(128,50): error TS2304: Cannot find name 'AggregateError'.
../../../../node_modules/@types/get-intrinsic/internal/intrinsics.d.ts(418,37): error TS2550: Property 'any' does not exist on type 'PromiseConstructor'. Do you need to change your target library? Try changing the 'lib' compiler option to 'es2021' or later.
../../../../node_modules/@types/get-intrinsic/internal/intrinsics.d.ts(514,62): error TS2550: Property 'replaceAll' does not exist on type 'String'. Do you need to change your target library? Try changing the 'lib' compiler option to 'es2021' or later.

