example/enroll/js/browserify.ts(2,33): error TS2339: Property 'resolve' does not exist on type '(file: string, cwd: string) => any'.
example/enroll/js/browserify.ts(3,28): error TS2339: Property 'modules' does not exist on type '(file: string, cwd: string) => any'.
example/enroll/js/browserify.ts(11,9): error TS2339: Property 'paths' does not exist on type '(file: string, cwd: string) => any'.
example/enroll/js/browserify.ts(12,9): error TS2339: Property 'modules' does not exist on type '(file: string, cwd: string) => any'.
example/enroll/js/browserify.ts(13,9): error TS2339: Property 'extensions' does not exist on type '(file: string, cwd: string) => any'.
example/enroll/js/browserify.ts(15,9): error TS2339: Property '_core' does not exist on type '(file: string, cwd: string) => any'.
example/enroll/js/browserify.ts(23,9): error TS2339: Property 'resolve' does not exist on type '(file: string, cwd: string) => any'.
example/enroll/js/browserify.ts(27,21): error TS2339: Property '_core' does not exist on type '(file: string, cwd: string) => any'.
example/enroll/js/browserify.ts(28,33): error TS2339: Property 'modules' does not exist on type '(file: string, cwd: string) => any'.
example/enroll/js/browserify.ts(44,25): error TS2339: Property 'modules' does not exist on type '(file: string, cwd: string) => any'.
example/enroll/js/browserify.ts(48,41): error TS2339: Property 'extensions' does not exist on type '(file: string, cwd: string) => any'.
example/enroll/js/browserify.ts(49,40): error TS2339: Property 'extensions' does not exist on type '(file: string, cwd: string) => any'.
example/enroll/js/browserify.ts(50,29): error TS2339: Property 'modules' does not exist on type '(file: string, cwd: string) => any'.
example/enroll/js/browserify.ts(57,25): error TS2339: Property 'modules' does not exist on type '(file: string, cwd: string) => any'.
example/enroll/js/browserify.ts(58,40): error TS2339: Property 'modules' does not exist on type '(file: string, cwd: string) => any'.
example/enroll/js/browserify.ts(78,17): error TS2322: Type 'string' is not assignable to type 'any[]'.
example/enroll/js/browserify.ts(103,13): error TS2322: Type 'any[]' is not assignable to type 'string'.
example/enroll/js/browserify.ts(108,9): error TS2339: Property 'alias' does not exist on type '(file: string, cwd: string) => any'.
example/enroll/js/browserify.ts(108,27): error TS7006: Parameter 'from' implicitly has an 'any' type.
example/enroll/js/browserify.ts(109,29): error TS2339: Property 'modules' does not exist on type '(file: string, cwd: string) => any'.
example/enroll/js/browserify.ts(112,23): error TS2339: Property 'resolve' does not exist on type '(file: string, cwd: string) => any'.
example/enroll/js/browserify.ts(115,23): error TS2339: Property 'resolve' does not exist on type '(file: string, cwd: string) => any'.
example/enroll/js/browserify.ts(123,16): error TS2339: Property 'modules' does not exist on type '(file: string, cwd: string) => any'.
example/enroll/js/browserify.ts(129,21): error TS2339: Property 'modules' does not exist on type '(file: string, cwd: string) => any'.
example/enroll/js/browserify.ts(129,47): error TS2339: Property 'modules' does not exist on type '(file: string, cwd: string) => any'.
example/enroll/js/browserify.ts(132,21): error TS2339: Property 'modules' does not exist on type '(file: string, cwd: string) => any'.
example/enroll/js/browserify.ts(132,43): error TS2339: Property 'modules' does not exist on type '(file: string, cwd: string) => any'.
example/enroll/js/browserify.ts(137,9): error TS2339: Property 'define' does not exist on type '(file: string, cwd: string) => any'.
example/enroll/js/browserify.ts(138,32): error TS2339: Property '_core' does not exist on type '(file: string, cwd: string) => any'.
example/enroll/js/browserify.ts(140,19): error TS2339: Property 'modules' does not exist on type '(file: string, cwd: string) => any'.
example/enroll/js/browserify.ts(147,24): error TS2339: Property 'resolve' does not exist on type '(file: string, cwd: string) => any'.
example/enroll/js/browserify.ts(149,32): error TS2339: Property 'modules' does not exist on type '(file: string, cwd: string) => any'.
example/enroll/js/browserify.ts(150,31): error TS2339: Property 'define' does not exist on type '(file: string, cwd: string) => any'.
example/enroll/js/browserify.ts(153,13): error TS2339: Property 'modules' does not exist on type '(file: string, cwd: string) => any'.
example/enroll/js/browserify.ts(154,17): error TS2339: Property 'modules' does not exist on type '(file: string, cwd: string) => any'.
example/enroll/js/browserify.ts(163,17): error TS2339: Property 'modules' does not exist on type '(file: string, cwd: string) => any'.
example/enroll/js/browserify.ts(168,37): error TS2740: Type '{}' is missing the following properties from type 'Process': stdout, stderr, stdin, openStdin, and 50 more.
example/enroll/js/browserify.ts(172,9): error TS2322: Type 'false | ({ <K extends keyof WindowEventMap>(type: K, listener: (this: Window, ev: WindowEventMap[K]) => any, options?: boolean | AddEventListenerOptions | undefined): void; (type: string, listener: EventListenerOrEventListenerObject, options?: boolean | ... 1 more ... | undefined): void; } & { ...; })' is not assignable to type 'boolean'.
  Type '{ <K extends keyof WindowEventMap>(type: K, listener: (this: Window, ev: WindowEventMap[K]) => any, options?: boolean | AddEventListenerOptions | undefined): void; (type: string, listener: EventListenerOrEventListenerObject, options?: boolean | ... 1 more ... | undefined): void; } & { ...; }' is not assignable to type 'boolean'.
example/enroll/js/browserify.ts(173,12): error TS2774: This condition will always return true since this function is always defined. Did you mean to call it instead?
example/enroll/js/browserify.ts(199,14): error TS2339: Property 'binding' does not exist on type 'Process'.
example/enroll/js/browserify.ts(199,31): error TS2339: Property 'binding' does not exist on type 'Process'.
example/enroll/js/browserify.ts(200,34): error TS2554: Expected 2 arguments, but got 1.
example/enroll/js/browserify.ts(209,9): error TS2339: Property 'define' does not exist on type '(file: string, cwd: string) => any'.
example/enroll/js/browserify.ts(210,5): error TS2345: Argument of type 'string[]' is not assignable to parameter of type 'string'.
example/enroll/js/browserify.ts(214,9): error TS2339: Property 'define' does not exist on type '(file: string, cwd: string) => any'.
example/enroll/js/browserify.ts(215,5): error TS2345: Argument of type 'string[]' is not assignable to parameter of type 'string'.
example/enroll/js/browserify.ts(219,9): error TS2339: Property 'define' does not exist on type '(file: string, cwd: string) => any'.
example/enroll/js/browserify.ts(220,5): error TS2345: Argument of type 'string[]' is not assignable to parameter of type 'string'.
example/enroll/js/browserify.ts(224,9): error TS2339: Property 'define' does not exist on type '(file: string, cwd: string) => any'.
example/enroll/js/browserify.ts(225,5): error TS2345: Argument of type 'string[]' is not assignable to parameter of type 'string'.
example/enroll/js/browserify.ts(229,9): error TS2339: Property 'define' does not exist on type '(file: string, cwd: string) => any'.
example/enroll/js/browserify.ts(230,5): error TS2345: Argument of type 'string[]' is not assignable to parameter of type 'string'.
example/enroll/js/main.ts(10,12): error TS2339: Property 'enroll' does not exist on type 'typeof import("timers")'.
example/enroll/server.ts(1,21): error TS2307: Cannot find module 'connect' or its corresponding type declarations.
example/enroll/server.ts(5,24): error TS2307: Cannot find module 'browserify' or its corresponding type declarations.
example/enroll/server.ts(9,29): error TS2345: Argument of type 'string | 8080' is not assignable to parameter of type 'string'.
  Type 'number' is not assignable to type 'string'.
main.ts(9,10): error TS7009: 'new' expression, whose target lacks a construct signature, implicitly has an 'any' type.
main.ts(9,64): error TS2345: Argument of type 'void' is not assignable to parameter of type 'number'.
main.ts(13,10): error TS7009: 'new' expression, whose target lacks a construct signature, implicitly has an 'any' type.
main.ts(13,65): error TS2345: Argument of type '{ (id?: number | undefined): void; (intervalId: string | number | Timeout | undefined): void; }' is not assignable to parameter of type 'number'.
main.ts(16,35): error TS2322: Type '(timeout: number) => void' is not assignable to type 'void'.
main.ts(18,13): error TS2339: Property 'close' does not exist on type 'number'.
main.ts(23,3): error TS2683: 'this' implicitly has type 'any' because it does not have a type annotation.
main.ts(24,3): error TS2683: 'this' implicitly has type 'any' because it does not have a type annotation.
main.ts(32,29): error TS2322: Type '(item: any, msecs: any) => void' is not assignable to type 'void'.
main.ts(33,3): error TS2349: This expression is not callable.
  Type 'void' has no call signatures.
main.ts(37,31): error TS2322: Type '(item: any) => void' is not assignable to type 'void'.
main.ts(38,3): error TS2349: This expression is not callable.
  Type 'void' has no call signatures.
main.ts(43,3): error TS2349: This expression is not callable.
  Type 'void' has no call signatures.
main.ts(62,33): error TS2532: Object is possibly 'undefined'.
main.ts(64,14): error TS2322: Type '{ (handle: number): void; (immediateId: Immediate | undefined): void; } | undefined' is not assignable to type 'void'.
  Type '{ (handle: number): void; (immediateId: Immediate | undefined): void; }' is not assignable to type 'void'.
main.ts(66,35): error TS2532: Object is possibly 'undefined'.

