docs/scripts/prettify/lang-css.ts(1,82): error TS1002: Unterminated string literal.
docs/scripts/prettify/lang-css.ts(2,1): error TS1005: ',' expected.
docs/scripts/prettify/lang-css.ts(2,8): error TS1005: ',' expected.
docs/scripts/prettify/lang-css.ts(2,11): error TS1005: ',' expected.
docs/scripts/prettify/lang-css.ts(2,17): error TS1135: Argument expression expected.
docs/scripts/prettify/lang-css.ts(2,18): error TS1135: Argument expression expected.
docs/scripts/prettify/lang-css.ts(2,20): error TS1109: Expression expected.
docs/scripts/prettify/lang-css.ts(2,21): error TS1127: Invalid character.
docs/scripts/prettify/lang-css.ts(2,23): error TS1127: Invalid character.
docs/scripts/prettify/lang-css.ts(2,25): error TS1127: Invalid character.
docs/scripts/prettify/lang-css.ts(2,27): error TS1005: ',' expected.
docs/scripts/prettify/lang-css.ts(2,62): error TS1109: Expression expected.
docs/scripts/prettify/lang-css.ts(3,172): error TS1005: ',' expected.
docs/scripts/prettify/lang-css.ts(3,173): error TS1005: ',' expected.
lib/tmp.ts(100,31): error TS4078: Parameter 'options' of exported function has or is using private name 'tmpNameSyncOptions'.
lib/tmp.ts(164,28): error TS4078: Parameter 'options' of exported function has or is using private name 'FileSyncOptions'.
lib/tmp.ts(191,23): error TS4078: Parameter 'options' of exported function has or is using private name 'DirOptions'.
lib/tmp.ts(191,46): error TS4078: Parameter 'callback' of exported function has or is using private name 'Callback'.
lib/tmp.ts(191,55): error TS4078: Parameter 'callback' of exported function has or is using private name 'DirResult'.
lib/tmp.ts(219,27): error TS4078: Parameter 'options' of exported function has or is using private name 'Options'.
lib/tmp.ts(470,33): error TS4078: Parameter 'opts' of exported function has or is using private name 'Options'.
lib/tmp.ts(502,45): error TS4078: Parameter 'options' of exported function has or is using private name 'IOptions'.
lib/tmp.ts(554,29): error TS4078: Parameter 'name' of exported function has or is using private name 'PathLike'.
lib/tmp.ts(571,51): error TS4078: Parameter 'option' of exported function has or is using private name 'Option'.

