lib/gntp.ts(15,10): error TS2300: Duplicate identifier 'GNTP'.
lib/gntp.ts(15,15): error TS7006: Parameter 'type' implicitly has an 'any' type.
lib/gntp.ts(17,5): error TS2683: 'this' implicitly has type 'any' because it does not have a type annotation.
lib/gntp.ts(18,5): error TS2683: 'this' implicitly has type 'any' because it does not have a type annotation.
lib/gntp.ts(19,5): error TS2683: 'this' implicitly has type 'any' because it does not have a type annotation.
lib/gntp.ts(20,5): error TS2683: 'this' implicitly has type 'any' because it does not have a type annotation.
lib/gntp.ts(21,5): error TS2683: 'this' implicitly has type 'any' because it does not have a type annotation.
lib/gntp.ts(22,5): error TS2683: 'this' implicitly has type 'any' because it does not have a type annotation.
lib/gntp.ts(23,5): error TS2683: 'this' implicitly has type 'any' because it does not have a type annotation.
lib/gntp.ts(53,12): error TS2339: Property 'state' does not exist on type '{}'.
lib/gntp.ts(56,9): error TS7053: Element implicitly has an 'any' type because expression of type 'any' can't be used to index type '{}'.
lib/gntp.ts(146,15): error TS2526: A 'this' type is available only in a non-static member of a class or interface.
lib/gntp.ts(174,18): error TS2339: Property 'state' does not exist on type 'string'.
lib/gntp.ts(174,44): error TS2339: Property 'state' does not exist on type 'string'.
lib/gntp.ts(182,48): error TS7015: Element implicitly has an 'any' type because index expression is not of type 'number'.
lib/gntp.ts(187,75): error TS7015: Element implicitly has an 'any' type because index expression is not of type 'number'.
lib/gntp.ts(187,95): error TS7015: Element implicitly has an 'any' type because index expression is not of type 'number'.
lib/growly.ts(1,5): error TS2300: Duplicate identifier 'GNTP'.
lib/growly.ts(10,5): error TS2683: 'this' implicitly has type 'any' because it does not have a type annotation.
lib/growly.ts(11,5): error TS2683: 'this' implicitly has type 'any' because it does not have a type annotation.
lib/growly.ts(12,5): error TS2683: 'this' implicitly has type 'any' because it does not have a type annotation.
lib/growly.ts(13,5): error TS2683: 'this' implicitly has type 'any' because it does not have a type annotation.
lib/growly.ts(14,5): error TS2683: 'this' implicitly has type 'any' because it does not have a type annotation.
lib/growly.ts(15,5): error TS2683: 'this' implicitly has type 'any' because it does not have a type annotation.
lib/growly.ts(16,5): error TS2683: 'this' implicitly has type 'any' because it does not have a type annotation.
lib/growly.ts(146,15): error TS2526: A 'this' type is available only in a non-static member of a class or interface.
lib/growly.ts(193,18): error TS7009: 'new' expression, whose target lacks a construct signature, implicitly has an 'any' type.

