examples/async_pi_estimate/addon.ts(12,22): error TS7006: Parameter 'type' implicitly has an 'any' type.
tools/1to2.ts(13,5): error TS7034: Variable 'groups' implicitly has type 'any[]' in some locations where its type cannot be determined.
tools/1to2.ts(175,7): error TS2322: Type 'RegExpMatchArray | null' is not assignable to type 'string[]'.
  Type 'null' is not assignable to type 'string[]'.
tools/1to2.ts(177,3): error TS2322: Type 'number' is not assignable to type 'string'.
tools/1to2.ts(182,2): error TS2322: Type 'string' is not assignable to type 'number'.
tools/1to2.ts(182,22): error TS2345: Argument of type 'string | number' is not assignable to parameter of type 'string'.
  Type 'number' is not assignable to type 'string'.
tools/1to2.ts(183,2): error TS2365: Operator '+=' cannot be applied to types 'string | number' and 'number'.
tools/1to2.ts(187,1): error TS2304: Cannot find name 'master'.
tools/1to2.ts(192,25): error TS7005: Variable 'groups' implicitly has an 'any[]' type.
tools/1to2.ts(213,25): error TS7005: Variable 'groups' implicitly has an 'any[]' type.
tools/1to2.ts(224,21): error TS7005: Variable 'groups' implicitly has an 'any[]' type.
tools/1to2.ts(225,26): error TS7005: Variable 'groups' implicitly has an 'any[]' type.
tools/1to2.ts(229,21): error TS7005: Variable 'groups' implicitly has an 'any[]' type.
tools/1to2.ts(234,25): error TS7005: Variable 'groups' implicitly has an 'any[]' type.
tools/1to2.ts(244,28): error TS7005: Variable 'groups' implicitly has an 'any[]' type.
tools/1to2.ts(249,25): error TS7005: Variable 'groups' implicitly has an 'any[]' type.
tools/1to2.ts(263,28): error TS7005: Variable 'groups' implicitly has an 'any[]' type.
tools/1to2.ts(268,25): error TS7005: Variable 'groups' implicitly has an 'any[]' type.
tools/1to2.ts(276,29): error TS7005: Variable 'groups' implicitly has an 'any[]' type.
tools/1to2.ts(276,72): error TS7005: Variable 'groups' implicitly has an 'any[]' type.
tools/1to2.ts(276,104): error TS7005: Variable 'groups' implicitly has an 'any[]' type.
tools/1to2.ts(281,25): error TS7005: Variable 'groups' implicitly has an 'any[]' type.
tools/1to2.ts(283,29): error TS7005: Variable 'groups' implicitly has an 'any[]' type.
tools/1to2.ts(283,74): error TS7005: Variable 'groups' implicitly has an 'any[]' type.
tools/1to2.ts(285,29): error TS7005: Variable 'groups' implicitly has an 'any[]' type.
tools/1to2.ts(285,77): error TS7005: Variable 'groups' implicitly has an 'any[]' type.
tools/1to2.ts(287,29): error TS7005: Variable 'groups' implicitly has an 'any[]' type.
tools/1to2.ts(287,77): error TS7005: Variable 'groups' implicitly has an 'any[]' type.
tools/1to2.ts(289,29): error TS7005: Variable 'groups' implicitly has an 'any[]' type.
tools/1to2.ts(289,78): error TS7005: Variable 'groups' implicitly has an 'any[]' type.
tools/1to2.ts(294,21): error TS7005: Variable 'groups' implicitly has an 'any[]' type.
tools/1to2.ts(296,21): error TS7005: Variable 'groups' implicitly has an 'any[]' type.
tools/1to2.ts(300,25): error TS7005: Variable 'groups' implicitly has an 'any[]' type.
tools/1to2.ts(302,29): error TS7005: Variable 'groups' implicitly has an 'any[]' type.
tools/1to2.ts(304,29): error TS7005: Variable 'groups' implicitly has an 'any[]' type.
tools/1to2.ts(309,21): error TS7005: Variable 'groups' implicitly has an 'any[]' type.
tools/1to2.ts(310,26): error TS7005: Variable 'groups' implicitly has an 'any[]' type.
tools/1to2.ts(314,25): error TS7005: Variable 'groups' implicitly has an 'any[]' type.
tools/1to2.ts(326,29): error TS7005: Variable 'groups' implicitly has an 'any[]' type.
tools/1to2.ts(326,66): error TS7005: Variable 'groups' implicitly has an 'any[]' type.
tools/1to2.ts(326,97): error TS7005: Variable 'groups' implicitly has an 'any[]' type.
tools/1to2.ts(346,29): error TS7005: Variable 'groups' implicitly has an 'any[]' type.
tools/1to2.ts(346,66): error TS7005: Variable 'groups' implicitly has an 'any[]' type.
tools/1to2.ts(346,97): error TS7005: Variable 'groups' implicitly has an 'any[]' type.
tools/1to2.ts(351,25): error TS7005: Variable 'groups' implicitly has an 'any[]' type.
tools/1to2.ts(355,39): error TS7005: Variable 'groups' implicitly has an 'any[]' type.
tools/1to2.ts(355,69): error TS7005: Variable 'groups' implicitly has an 'any[]' type.
tools/1to2.ts(360,21): error TS7005: Variable 'groups' implicitly has an 'any[]' type.
tools/1to2.ts(361,27): error TS7005: Variable 'groups' implicitly has an 'any[]' type.
tools/1to2.ts(361,71): error TS7005: Variable 'groups' implicitly has an 'any[]' type.
tools/1to2.ts(361,107): error TS7005: Variable 'groups' implicitly has an 'any[]' type.
tools/1to2.ts(365,21): error TS7005: Variable 'groups' implicitly has an 'any[]' type.
tools/1to2.ts(366,27): error TS7005: Variable 'groups' implicitly has an 'any[]' type.
tools/1to2.ts(370,21): error TS7005: Variable 'groups' implicitly has an 'any[]' type.
tools/1to2.ts(371,27): error TS7005: Variable 'groups' implicitly has an 'any[]' type.
tools/1to2.ts(371,65): error TS7005: Variable 'groups' implicitly has an 'any[]' type.
tools/1to2.ts(375,21): error TS7005: Variable 'groups' implicitly has an 'any[]' type.
tools/1to2.ts(376,27): error TS7005: Variable 'groups' implicitly has an 'any[]' type.
tools/1to2.ts(376,74): error TS7005: Variable 'groups' implicitly has an 'any[]' type.
tools/1to2.ts(380,21): error TS7005: Variable 'groups' implicitly has an 'any[]' type.
tools/1to2.ts(381,27): error TS7005: Variable 'groups' implicitly has an 'any[]' type.
tools/1to2.ts(381,74): error TS7005: Variable 'groups' implicitly has an 'any[]' type.
tools/1to2.ts(396,37): error TS2304: Cannot find name 'master'.
tools/1to2.ts(396,62): error TS2304: Cannot find name 'master'.

