array-iterator.ts(3,5): error TS2300: Duplicate identifier 'Iteration'.
array-iterator.ts(6,10): error TS2300: Duplicate identifier 'ArrayIterator'.
array-iterator.ts(7,5): error TS2683: 'this' implicitly has type 'any' because it does not have a type annotation.
array-iterator.ts(8,5): error TS2683: 'this' implicitly has type 'any' because it does not have a type annotation.
array-iterator.ts(9,5): error TS2683: 'this' implicitly has type 'any' because it does not have a type annotation.
array-iterator.ts(10,5): error TS2683: 'this' implicitly has type 'any' because it does not have a type annotation.
iteration.ts(4,10): error TS2300: Duplicate identifier 'Iteration'.
iteration.ts(5,5): error TS2683: 'this' implicitly has type 'any' because it does not have a type annotation.
iteration.ts(6,5): error TS2683: 'this' implicitly has type 'any' because it does not have a type annotation.
iteration.ts(7,5): error TS2683: 'this' implicitly has type 'any' because it does not have a type annotation.
object-iterator.ts(3,5): error TS2300: Duplicate identifier 'Iteration'.
object-iterator.ts(4,5): error TS2300: Duplicate identifier 'ArrayIterator'.
object-iterator.ts(7,10): error TS2300: Duplicate identifier 'ObjectIterator'.
object-iterator.ts(8,5): error TS2683: 'this' implicitly has type 'any' because it does not have a type annotation.
object-iterator.ts(9,5): error TS2683: 'this' implicitly has type 'any' because it does not have a type annotation.
object-iterator.ts(9,25): error TS7009: 'new' expression, whose target lacks a construct signature, implicitly has an 'any' type.
pop-iterate.ts(3,5): error TS2300: Duplicate identifier 'ArrayIterator'.
pop-iterate.ts(4,5): error TS2300: Duplicate identifier 'ObjectIterator'.
pop-iterate.ts(9,16): error TS2304: Cannot find name 'empty'.
pop-iterate.ts(11,16): error TS7009: 'new' expression, whose target lacks a construct signature, implicitly has an 'any' type.
pop-iterate.ts(17,16): error TS2554: Expected 4 arguments, but got 1.
pop-iterate.ts(17,16): error TS7009: 'new' expression, whose target lacks a construct signature, implicitly has an 'any' type.

