vm-browserify/example/run/bundle.ts(1,192): error TS2554: Expected 1 arguments, but got 2.
vm-browserify/example/run/bundle.ts(1,257): error TS2339: Property 'code' does not exist on type 'Error'.
vm-browserify/example/run/bundle.ts(1,381): error TS2554: Expected 2 arguments, but got 1.
vm-browserify/example/run/bundle.ts(1,496): error TS2554: Expected 2 arguments, but got 1.
vm-browserify/example/run/bundle.ts(2,5): error TS2322: Type '(xs: any, item: any) => any' is not assignable to type 'number'.
vm-browserify/example/run/bundle.ts(18,5): error TS2322: Type '(xs: any, fn: any) => any' is not assignable to type 'void'.
vm-browserify/example/run/bundle.ts(25,24): error TS2322: Type '(obj: any, name: string, value: any) => void' is not assignable to type 'void'.
vm-browserify/example/run/bundle.ts(57,52): error TS2749: 'Context' refers to a value, but is being used as a type here. Did you mean 'typeof Context'?
vm-browserify/example/run/bundle.ts(63,31): error TS2540: Cannot assign to 'style' because it is a read-only property.
vm-browserify/example/run/bundle.ts(69,26): error TS2339: Property 'eval' does not exist on type 'Window'.
vm-browserify/example/run/bundle.ts(69,50): error TS2339: Property 'execScript' does not exist on type 'Window'.
vm-browserify/example/run/bundle.ts(74,21): error TS2339: Property 'eval' does not exist on type 'Window'.
vm-browserify/example/run/bundle.ts(77,5): error TS2349: This expression is not callable.
  Type 'void' has no call signatures.
vm-browserify/example/run/bundle.ts(80,5): error TS2349: This expression is not callable.
  Type 'void' has no call signatures.
vm-browserify/example/run/bundle.ts(90,5): error TS2349: This expression is not callable.
  Type 'void' has no call signatures.
vm-browserify/example/run/bundle.ts(94,31): error TS2349: This expression is not callable.
  Type 'Number' has no call signatures.
vm-browserify/example/run/bundle.ts(99,5): error TS2349: This expression is not callable.
  Type 'void' has no call signatures.
vm-browserify/example/run/bundle.ts(101,13): error TS2349: This expression is not callable.
  Type 'void' has no call signatures.
vm-browserify/example/run/bundle.ts(119,9): error TS2349: This expression is not callable.
  Type 'void' has no call signatures.
vm-browserify/example/run/bundle.ts(127,1): error TS2349: This expression is not callable.
  Type 'void' has no call signatures.
vm-browserify/example/run/bundle.ts(142,67): error TS2749: 'Context' refers to a value, but is being used as a type here. Did you mean 'typeof Context'?
vm-browserify/example/run/bundle.ts(145,9): error TS2349: This expression is not callable.
  Type 'void' has no call signatures.
vm-browserify/index.ts(1,5): error TS2322: Type '(xs: any, item: any) => any' is not assignable to type 'number'.
vm-browserify/index.ts(17,5): error TS2322: Type '(xs: any, fn: any) => any' is not assignable to type 'void'.
vm-browserify/index.ts(24,24): error TS2322: Type '(obj: any, name: string, value: any) => void' is not assignable to type 'void'.
vm-browserify/index.ts(56,52): error TS2749: 'Context' refers to a value, but is being used as a type here. Did you mean 'typeof Context'?
vm-browserify/index.ts(62,31): error TS2540: Cannot assign to 'style' because it is a read-only property.
vm-browserify/index.ts(68,26): error TS2339: Property 'eval' does not exist on type 'Window'.
vm-browserify/index.ts(68,50): error TS2339: Property 'execScript' does not exist on type 'Window'.
vm-browserify/index.ts(73,21): error TS2339: Property 'eval' does not exist on type 'Window'.
vm-browserify/index.ts(76,5): error TS2349: This expression is not callable.
  Type 'void' has no call signatures.
vm-browserify/index.ts(79,5): error TS2349: This expression is not callable.
  Type 'void' has no call signatures.
vm-browserify/index.ts(89,5): error TS2349: This expression is not callable.
  Type 'void' has no call signatures.
vm-browserify/index.ts(93,31): error TS2349: This expression is not callable.
  Type 'Number' has no call signatures.
vm-browserify/index.ts(98,5): error TS2349: This expression is not callable.
  Type 'void' has no call signatures.
vm-browserify/index.ts(100,13): error TS2349: This expression is not callable.
  Type 'void' has no call signatures.
vm-browserify/index.ts(118,9): error TS2349: This expression is not callable.
  Type 'void' has no call signatures.
vm-browserify/index.ts(126,1): error TS2349: This expression is not callable.
  Type 'void' has no call signatures.
vm-browserify/index.ts(141,67): error TS2749: 'Context' refers to a value, but is being used as a type here. Did you mean 'typeof Context'?
vm-browserify/index.ts(144,9): error TS2349: This expression is not callable.
  Type 'void' has no call signatures.

