benchmark/index.ts(6,23): error TS2307: Cannot find module 'benchmark' or its corresponding type declarations.
benchmark/index.ts(8,24): error TS2307: Cannot find module 'beautify-benchmark' or its corresponding type declarations.
benchmark/index.ts(22,7): error TS2339: Property 'add' does not exist on type 'HTMLElement'.
benchmark/index.ts(28,7): error TS2339: Property 'add' does not exist on type 'HTMLElement'.
benchmark/index.ts(34,7): error TS2339: Property 'add' does not exist on type 'HTMLElement'.
benchmark/index.ts(40,7): error TS2339: Property 'add' does not exist on type 'HTMLElement'.
benchmark/index.ts(46,7): error TS2339: Property 'on' does not exist on type 'HTMLElement'.
benchmark/index.ts(47,24): error TS2339: Property 'target' does not exist on type 'object'.
benchmark/index.ts(50,7): error TS2339: Property 'on' does not exist on type 'HTMLElement'.
benchmark/index.ts(54,7): error TS2339: Property 'run' does not exist on type 'HTMLElement'.
index.ts(30,37): error TS2339: Property 'headers' does not exist on type 'object'.
index.ts(31,7): error TS2322: Type 'string' is not assignable to type 'object'.
index.ts(47,14): error TS2339: Property 'socket' does not exist on type 'object'.
index.ts(48,11): error TS2339: Property 'socket' does not exist on type 'object'.
index.ts(49,11): error TS2339: Property 'connection' does not exist on type 'object'.
scripts/version-history.ts(24,7): error TS2740: Type 'RegExp' is missing the following properties from type 'HTMLElement': accessKey, accessKeyLabel, autocapitalize, dir, and 277 more.
scripts/version-history.ts(26,27): error TS2339: Property 'test' does not exist on type 'HTMLElement'.
scripts/version-history.ts(38,7): error TS2740: Type 'Date' is missing the following properties from type 'HTMLInputElement': accept, align, alt, autocomplete, and 333 more.
scripts/version-history.ts(40,22): error TS2339: Property 'getFullYear' does not exist on type 'HTMLInputElement'.
scripts/version-history.ts(41,17): error TS2339: Property 'getMonth' does not exist on type 'HTMLInputElement'.
scripts/version-history.ts(42,17): error TS2339: Property 'getDate' does not exist on type 'HTMLInputElement'.
scripts/version-history.ts(48,19): error TS2365: Operator '<' cannot be applied to types 'number' and 'string'.

