index.ts(23,7): error TS2322: Type 'symbol | "node-ignore"' is not assignable to type 'string'.
  Type 'symbol' is not assignable to type 'string'.
index.ts(39,3): error TS2769: No overload matches this call.
  The last overload gave the following error.
    Argument of type '(match: number, from: string, to: string) => string | number' is not assignable to parameter of type '(substring: string, ...args: any[]) => string'.
      Types of parameters 'match' and 'substring' are incompatible.
        Type 'string' is not assignable to type 'number'.
index.ts(227,95): error TS2367: This condition will always return 'false' since the types 'number' and 'string' have no overlap.
index.ts(230,9): error TS2367: This condition will always return 'false' since the types 'number' and 'string' have no overlap.
index.ts(298,31): error TS2314: Generic type 'Promise<T>' requires 1 type argument(s).
index.ts(305,18): error TS2769: No overload matches this call.
  Overload 1 of 3, '(pattern: string | RegExp, flags?: string): RegExp', gave the following error.
    Argument of type 'any[]' is not assignable to parameter of type 'string | RegExp'.
  Overload 2 of 3, '(pattern: string, flags?: string): RegExp', gave the following error.
    Argument of type 'any[]' is not assignable to parameter of type 'string'.
index.ts(306,18): error TS2769: No overload matches this call.
  Overload 1 of 3, '(pattern: string | RegExp, flags?: string): RegExp', gave the following error.
    Argument of type 'any[]' is not assignable to parameter of type 'string | RegExp'.
  Overload 2 of 3, '(pattern: string | RegExp): RegExp', gave the following error.
    Argument of type 'any[]' is not assignable to parameter of type 'string | RegExp'.
  Overload 3 of 3, '(pattern: string, flags?: string): RegExp', gave the following error.
    Argument of type 'any[]' is not assignable to parameter of type 'string'.
index.ts(328,10): error TS2339: Property 'origin' does not exist on type 'IgnoreRule'.
index.ts(329,10): error TS2339: Property 'pattern' does not exist on type 'IgnoreRule'.
index.ts(330,10): error TS2339: Property 'negative' does not exist on type 'IgnoreRule'.
index.ts(331,10): error TS2339: Property 'regex' does not exist on type 'IgnoreRule'.
index.ts(364,13): error TS2351: This expression is not constructable.
  Type '{}' has no construct signatures.
index.ts(381,17): error TS2339: Property 'isNotRelative' does not exist on type 'Function'.
index.ts(394,11): error TS2300: Duplicate identifier 'isNotRelative'.
index.ts(394,11): error TS2339: Property 'isNotRelative' does not exist on type 'Function'.
index.ts(395,11): error TS2339: Property 'convert' does not exist on type 'Function'.
index.ts(405,10): error TS2339: Property '_rules' does not exist on type 'Ignore'.
index.ts(406,10): error TS2339: Property '_ignoreCase' does not exist on type 'Ignore'.
index.ts(407,10): error TS2339: Property '_allowRelativePaths' does not exist on type 'Ignore'.
index.ts(412,10): error TS2339: Property '_ignoreCache' does not exist on type 'Ignore'.
index.ts(413,10): error TS2339: Property '_testCache' does not exist on type 'Ignore'.
index.ts(419,12): error TS2339: Property '_rules' does not exist on type 'Ignore'.
index.ts(419,26): error TS2339: Property '_rules' does not exist on type 'Ignore'.
index.ts(420,12): error TS2339: Property '_added' does not exist on type 'Ignore'.
index.ts(425,53): error TS2339: Property '_ignoreCase' does not exist on type 'Ignore'.
index.ts(426,12): error TS2339: Property '_added' does not exist on type 'Ignore'.
index.ts(427,12): error TS2339: Property '_rules' does not exist on type 'Ignore'.
index.ts(433,10): error TS2339: Property '_added' does not exist on type 'Ignore'.
index.ts(443,14): error TS2339: Property '_added' does not exist on type 'Ignore'.
index.ts(475,10): error TS2339: Property '_rules' does not exist on type 'Ignore'.
index.ts(476,14): error TS2339: Property 'negative' does not exist on type 'IgnoreRule'.
index.ts(484,37): error TS2339: Property 'regex' does not exist on type 'IgnoreRule'.
index.ts(502,20): error TS2339: Property 'convert' does not exist on type 'Function'.
index.ts(507,12): error TS2339: Property '_allowRelativePaths' does not exist on type 'Ignore'.
index.ts(541,33): error TS2339: Property 'ignored' does not exist on type 'object'.
index.ts(549,17): error TS2554: Expected 4 arguments, but got 3.
index.ts(549,34): error TS2339: Property '_ignoreCache' does not exist on type 'Ignore'.
index.ts(562,17): error TS2554: Expected 4 arguments, but got 3.
index.ts(562,34): error TS2339: Property '_testCache' does not exist on type 'Ignore'.
index.ts(569,31): error TS2339: Property 'convert' does not exist on type 'Function'.
index.ts(571,9): error TS2339: Property 'isPathValid' does not exist on type 'Function'.
index.ts(574,9): error TS2339: Property 'default' does not exist on type 'Function'.
index.ts(595,13): error TS2339: Property 'convert' does not exist on type 'Function'.
index.ts(600,13): error TS2300: Duplicate identifier 'isNotRelative'.
index.ts(600,13): error TS2339: Property 'isNotRelative' does not exist on type 'Function'.

