lib/mime-type-parameters.ts(11,10): error TS2339: Property '_map' does not exist on type 'MIMETypeParameters'.
lib/mime-type-parameters.ts(15,17): error TS2339: Property '_map' does not exist on type 'MIMETypeParameters'.
lib/mime-type-parameters.ts(20,17): error TS2339: Property '_map' does not exist on type 'MIMETypeParameters'.
lib/mime-type-parameters.ts(25,17): error TS2339: Property '_map' does not exist on type 'MIMETypeParameters'.
lib/mime-type-parameters.ts(40,17): error TS2339: Property '_map' does not exist on type 'MIMETypeParameters'.
lib/mime-type-parameters.ts(44,10): error TS2339: Property '_map' does not exist on type 'MIMETypeParameters'.
lib/mime-type-parameters.ts(49,17): error TS2339: Property '_map' does not exist on type 'MIMETypeParameters'.
lib/mime-type-parameters.ts(53,10): error TS2339: Property '_map' does not exist on type 'MIMETypeParameters'.
lib/mime-type-parameters.ts(57,17): error TS2339: Property '_map' does not exist on type 'MIMETypeParameters'.
lib/mime-type-parameters.ts(61,17): error TS2339: Property '_map' does not exist on type 'MIMETypeParameters'.
lib/mime-type-parameters.ts(65,17): error TS2339: Property '_map' does not exist on type 'MIMETypeParameters'.
lib/mime-type-parameters.ts(69,17): error TS2339: Property '_map' does not exist on type 'MIMETypeParameters'.
lib/mime-type.ts(10,11): error TS2740: Type '{}' is missing the following properties from type 'MIMEType': essence, type, subtype, parameters, and 3 more.
lib/mime-type.ts(15,10): error TS2551: Property '_type' does not exist on type 'MIMEType'. Did you mean 'type'?
lib/mime-type.ts(16,10): error TS2551: Property '_subtype' does not exist on type 'MIMEType'. Did you mean 'subtype'?
lib/mime-type.ts(17,10): error TS2551: Property '_parameters' does not exist on type 'MIMEType'. Did you mean 'parameters'?
lib/mime-type.ts(33,17): error TS2551: Property '_type' does not exist on type 'MIMEType'. Did you mean 'type'?
lib/mime-type.ts(46,10): error TS2551: Property '_type' does not exist on type 'MIMEType'. Did you mean 'type'?
lib/mime-type.ts(50,17): error TS2551: Property '_subtype' does not exist on type 'MIMEType'. Did you mean 'subtype'?
lib/mime-type.ts(63,10): error TS2551: Property '_subtype' does not exist on type 'MIMEType'. Did you mean 'subtype'?
lib/mime-type.ts(67,17): error TS2551: Property '_parameters' does not exist on type 'MIMEType'. Did you mean 'parameters'?
lib/mime-type.ts(77,18): error TS2551: Property '_type' does not exist on type 'MIMEType'. Did you mean 'type'?
lib/mime-type.ts(79,22): error TS2551: Property '_subtype' does not exist on type 'MIMEType'. Did you mean 'subtype'?
lib/mime-type.ts(92,48): error TS2551: Property '_parameters' does not exist on type 'MIMEType'. Did you mean 'parameters'?
lib/mime-type.ts(100,22): error TS2551: Property '_subtype' does not exist on type 'MIMEType'. Did you mean 'subtype'?
lib/mime-type.ts(105,48): error TS2551: Property '_parameters' does not exist on type 'MIMEType'. Did you mean 'parameters'?
lib/mime-type.ts(118,18): error TS2551: Property '_subtype' does not exist on type 'MIMEType'. Did you mean 'subtype'?
lib/mime-type.ts(118,46): error TS2551: Property '_type' does not exist on type 'MIMEType'. Did you mean 'type'?
lib/mime-type.ts(118,71): error TS2551: Property '_type' does not exist on type 'MIMEType'. Did you mean 'type'?
lib/mime-type.ts(119,17): error TS2551: Property '_subtype' does not exist on type 'MIMEType'. Did you mean 'subtype'?
lib/mime-type.ts(122,17): error TS2551: Property '_subtype' does not exist on type 'MIMEType'. Did you mean 'subtype'?
lib/mime-type.ts(122,45): error TS2551: Property '_type' does not exist on type 'MIMEType'. Did you mean 'type'?
lib/parser.ts(100,19): error TS2339: Property 'parameters' does not exist on type 'object'.
lib/parser.ts(101,16): error TS2339: Property 'parameters' does not exist on type 'object'.
lib/serializer.ts(4,27): error TS2552: Cannot find name 'MIMEType'. Did you mean 'MimeType'?
lib/utils.ts(12,10): error TS2367: This condition will always return 'false' since the types 'number' and 'string' have no overlap.
lib/utils.ts(12,26): error TS2367: This condition will always return 'false' since the types 'number' and 'string' have no overlap.
lib/utils.ts(12,43): error TS2367: This condition will always return 'false' since the types 'number' and 'string' have no overlap.
lib/utils.ts(12,60): error TS2367: This condition will always return 'false' since the types 'number' and 'string' have no overlap.
scripts/get-latest-platform-tests.ts(4,19): error TS2307: Cannot find module 'minipass-fetch' or its corresponding type declarations.
scripts/get-latest-platform-tests.ts(19,24): error TS2314: Generic type 'Map<K, V>' requires 2 type argument(s).
scripts/get-latest-platform-tests.ts(27,16): error TS2304: Cannot find name 'MIMETypeParameters'.
scripts/get-latest-platform-tests.ts(33,19): error TS2339: Property 'stack' does not exist on type 'object'.

