benchmark/body0-100b.js(6,25): error TS2307: Cannot find module 'benchmark' or its corresponding type declarations.
benchmark/body0-100b.js(7,26): error TS2307: Cannot find module 'beautify-benchmark' or its corresponding type declarations.
benchmark/body0-100b.js(9,26): error TS2307: Cannot find module 'seedrandom' or its corresponding type declarations.
benchmark/body1-1kb.js(6,25): error TS2307: Cannot find module 'benchmark' or its corresponding type declarations.
benchmark/body1-1kb.js(7,26): error TS2307: Cannot find module 'beautify-benchmark' or its corresponding type declarations.
benchmark/body1-1kb.js(9,26): error TS2307: Cannot find module 'seedrandom' or its corresponding type declarations.
benchmark/body2-5kb.js(6,25): error TS2307: Cannot find module 'benchmark' or its corresponding type declarations.
benchmark/body2-5kb.js(7,26): error TS2307: Cannot find module 'beautify-benchmark' or its corresponding type declarations.
benchmark/body2-5kb.js(9,26): error TS2307: Cannot find module 'seedrandom' or its corresponding type declarations.
benchmark/body3-10kb.js(6,25): error TS2307: Cannot find module 'benchmark' or its corresponding type declarations.
benchmark/body3-10kb.js(7,26): error TS2307: Cannot find module 'beautify-benchmark' or its corresponding type declarations.
benchmark/body3-10kb.js(9,26): error TS2307: Cannot find module 'seedrandom' or its corresponding type declarations.
benchmark/body4-100kb.js(6,25): error TS2307: Cannot find module 'benchmark' or its corresponding type declarations.
benchmark/body4-100kb.js(7,26): error TS2307: Cannot find module 'beautify-benchmark' or its corresponding type declarations.
benchmark/body4-100kb.js(9,26): error TS2307: Cannot find module 'seedrandom' or its corresponding type declarations.
benchmark/stats.js(6,25): error TS2307: Cannot find module 'benchmark' or its corresponding type declarations.
benchmark/stats.js(7,26): error TS2307: Cannot find module 'beautify-benchmark' or its corresponding type declarations.
index.js(48,13): error TS2345: Argument of type 'string | Buffer' is not assignable to parameter of type 'string'.
  Type 'Buffer' is not assignable to type 'string'.
index.js(89,17): error TS2345: Argument of type 'string | Buffer | Stats' is not assignable to parameter of type 'string | Buffer'.
  Type 'Stats' is not assignable to type 'string | Buffer'.

