build/packer/base2.js(37,24): error TS2345: Argument of type '(...args: any[]) => any' is not assignable to parameter of type 'string'.
build/packer/base2.js(92,14): error TS2339: Property 'init' does not exist on type 'typeof _class'.
build/packer/base2.js(92,27): error TS2339: Property 'init' does not exist on type 'typeof _class'.
build/packer/base2.js(151,64): error TS2339: Property 'slice' does not exist on type '{ (...args: any[]): any; prototype: any; ancestor: ObjectConstructor; namespace: any; }'.
build/packer/base2.js(158,33): error TS2339: Property 'reduce' does not exist on type '{ (...args: any[]): any; prototype: any; ancestor: ObjectConstructor; namespace: any; }'.
build/packer/base2.js(166,33): error TS2339: Property 'reduce' does not exist on type '{ (...args: any[]): any; prototype: any; ancestor: ObjectConstructor; namespace: any; }'.
build/packer/base2.js(173,33): error TS2339: Property 'slice' does not exist on type '{ (...args: any[]): any; prototype: any; ancestor: ObjectConstructor; namespace: any; }'.
build/packer/base2.js(215,49): error TS2339: Property 'slice' does not exist on type '{ (...args: any[]): any; prototype: any; ancestor: ObjectConstructor; namespace: any; }'.
build/packer/base2.js(353,28): error TS2304: Cannot find name 'StopIteration'.
build/packer/base2.js(356,20): error TS2304: Cannot find name 'StopIteration'.
build/packer/base2.js(529,19): error TS2350: Only a void function can be called with the 'new' keyword.
build/packer/base2.js(955,12): error TS2304: Cannot find name 'StopIteration'.
build/packer/base2.js(956,3): error TS2304: Cannot find name 'StopIteration'.
build/packer/base2.js(1023,3): error TS2630: Cannot assign to '_Function_forEach' because it is a function.
build/packer/base2.js(1173,18): error TS2339: Property 'extend' does not exist on type '{ (...args: any[]): any; prototype: any; ancestor: ObjectConstructor; namespace: any; }'.
build/packer/base2.js(1187,16): error TS2339: Property 'getYear' does not exist on type 'Date'.
build/packer/base2.js(1188,18): error TS2339: Property 'getYear' does not exist on type 'Date'.
build/packer/base2.js(1191,18): error TS2339: Property 'setYear' does not exist on type 'Date'.
build/packer/base2.js(1251,21): error TS2339: Property 'reduce' does not exist on type '{ (...args: any[]): any; prototype: any; ancestor: ObjectConstructor; namespace: any; }'.
build/packer/base2.js(1258,21): error TS2339: Property 'indexOf' does not exist on type '{ (...args: any[]): any; prototype: any; ancestor: ObjectConstructor; namespace: any; }'.
build/packer/base2.js(1269,21): error TS2339: Property 'reduce' does not exist on type '{ (...args: any[]): any; prototype: any; ancestor: ObjectConstructor; namespace: any; }'.
build/packer/base2.js(1270,20): error TS2339: Property 'like' does not exist on type '{ (...args: any[]): any; prototype: any; ancestor: ObjectConstructor; namespace: any; }'.
build/packer/base2.js(1271,18): error TS2339: Property 'reduce' does not exist on type '{ (...args: any[]): any; prototype: any; ancestor: ObjectConstructor; namespace: any; }'.
build/packer/base2.js(1295,14): error TS2339: Property 'splice' does not exist on type '{ (...args: any[]): any; prototype: any; ancestor: ObjectConstructor; namespace: any; }'.
build/packer/base2.js(1319,14): error TS2339: Property 'forEach' does not exist on type '{ (...args: any[]): any; prototype: any; ancestor: ObjectConstructor; namespace: any; }'.
build/packer/base2.js(1326,26): error TS2339: Property 'indexOf' does not exist on type '{ (...args: any[]): any; prototype: any; ancestor: ObjectConstructor; namespace: any; }'.
build/packer/base2.js(1327,31): error TS2339: Property 'removeAt' does not exist on type '{ (...args: any[]): any; prototype: any; ancestor: ObjectConstructor; namespace: any; }'.
build/packer/base2.js(1331,14): error TS2339: Property 'splice' does not exist on type '{ (...args: any[]): any; prototype: any; ancestor: ObjectConstructor; namespace: any; }'.
build/packer/base2.js(1345,8): error TS2339: Property 'reduce' does not exist on type '{ (...args: any[]): any; prototype: any; ancestor: ObjectConstructor; namespace: any; }'.
build/packer/base2.js(1347,8): error TS2339: Property 'like' does not exist on type '{ (...args: any[]): any; prototype: any; ancestor: ObjectConstructor; namespace: any; }'.
build/packer/base2.js(1389,67): error TS2339: Property 'parse' does not exist on type '{ (...args: any[]): any; prototype: any; ancestor: ObjectConstructor; namespace: any; }'.
build/packer/base2.js(1408,14): error TS2339: Property 'forEach' does not exist on type '{ (...args: any[]): any; prototype: any; ancestor: ObjectConstructor; namespace: any; }'.
build/packer/base2.js(1410,7): error TS2339: Property 'now' does not exist on type '{ (...args: any[]): any; prototype: any; ancestor: ObjectConstructor; namespace: any; }'.
build/packer/base2.js(1414,7): error TS2339: Property 'parse' does not exist on type '{ (...args: any[]): any; prototype: any; ancestor: ObjectConstructor; namespace: any; }'.
build/packer/base2.js(1421,35): error TS2356: An arithmetic operand must be of type 'any', 'number', 'bigint' or an enum type.
build/packer/base2.js(1423,9): error TS2365: Operator '>=' cannot be applied to types 'string' and 'number'.
build/packer/base2.js(1423,56): error TS2356: An arithmetic operand must be of type 'any', 'number', 'bigint' or an enum type.
build/packer/base2.js(1467,16): error TS2339: Property 'forEach' does not exist on type '{ (...args: any[]): any; prototype: any; ancestor: ObjectConstructor; namespace: any; }'.
build/packer/base2.js(1569,34): error TS2339: Property 'swap' does not exist on type '{ (...args: any[]): any; prototype: any; ancestor: ObjectConstructor; namespace: any; }'.
build/packer/base2.js(1591,16): error TS2339: Property 'contains' does not exist on type '{ (...args: any[]): any; prototype: any; ancestor: ObjectConstructor; namespace: any; }'.
build/packer/base2.js(1630,5): error TS2447: The '&=' operator is not allowed for boolean types. Consider using '&&' instead.
build/packer/base2.js(1639,3): error TS2630: Cannot assign to 'detect' because it is a function.
build/packer/base2.js(1654,31): error TS2447: The '^' operator is not allowed for boolean types. Consider using '!==' instead.
build/packer/packer.js(16,14): error TS2304: Cannot find name 'RegGrp'.
build/packer/packer.js(25,14): error TS2304: Cannot find name 'RegGrp'.
build/packer/packer.js(27,9): error TS2304: Cannot find name 'typeOf'.
build/packer/packer.js(33,19): error TS2304: Cannot find name 'RegGrp'.
build/packer/packer.js(48,13): error TS2304: Cannot find name 'Collection'.
build/packer/packer.js(68,23): error TS2304: Cannot find name 'K'.
build/packer/packer.js(81,15): error TS2552: Cannot find name 'Base'. Did you mean 'base2'?
build/packer/packer.js(89,12): error TS2552: Cannot find name 'Undefined'. Did you mean 'undefined'?
build/packer/packer.js(104,5): error TS2304: Cannot find name 'forEach'.
build/packer/packer.js(121,20): error TS2304: Cannot find name 'Packer'.
build/packer/packer.js(143,23): error TS2304: Cannot find name 'Collection'.
build/packer/packer.js(146,19): error TS2304: Cannot find name 'Packer'.
build/packer/packer.js(153,17): error TS2304: Cannot find name 'K'.
build/packer/packer.js(155,5): error TS2304: Cannot find name 'forEach'.
build/packer/packer.js(160,26): error TS2304: Cannot find name 'Packer'.
build/packer/packer.js(166,26): error TS2304: Cannot find name 'Packer'.
build/packer/packer.js(192,12): error TS2304: Cannot find name 'format'.
build/packer/packer.js(197,5): error TS2304: Cannot find name 'forEach'.
build/packer/packer.js(213,20): error TS2304: Cannot find name 'RegGrp'.
build/packer/packer.js(231,15): error TS2304: Cannot find name 'Packer'.
build/packer/packer.js(291,17): error TS2304: Cannot find name 'Base'.
build/packer/packer.js(328,45): error TS2345: Argument of type 'number' is not assignable to parameter of type 'string'.
build/packer/packer.js(341,16): error TS2304: Cannot find name 'Base'.
build/packer/packer.js(356,49): error TS2304: Cannot find name 'Packer'.
build/packer/packer.js(357,5): error TS2304: Cannot find name 'extend'.
build/packer/packer.js(365,5): error TS2304: Cannot find name 'forEach'.
build/packer/packer.js(366,20): error TS2304: Cannot find name 'Packer'.
build/packer/packer.js(422,16): error TS2304: Cannot find name 'Base'.
build/packer/packer.js(435,12): error TS2304: Cannot find name 'Packer'.
build/packer/packer.js(484,22): error TS2304: Cannot find name 'match'.
build/packer/packer.js(495,21): error TS2304: Cannot find name 'match'.
build/packer/packer.js(498,13): error TS2304: Cannot find name 'id'.
build/packer/packer.js(499,34): error TS2304: Cannot find name 'id'.
build/packer/packer.js(500,31): error TS2304: Cannot find name 'id'.
build/packer/packer.js(501,15): error TS2304: Cannot find name 'id'.
build/packer/packer.js(501,20): error TS2304: Cannot find name 'rescape'.
build/packer/packer.js(501,28): error TS2304: Cannot find name 'id'.
build/packer/packer.js(504,51): error TS2304: Cannot find name 'id'.
build/packer/packer.js(508,53): error TS2304: Cannot find name 'id'.
build/packer/packer.js(545,20): error TS2304: Cannot find name 'Packer'.
build/scripts/nwpacker.js(16,1): error TS2304: Cannot find name 'load'.
build/scripts/nwpacker.js(17,1): error TS2304: Cannot find name 'load'.
build/scripts/nwpacker.js(22,18): error TS2304: Cannot find name 'readline'.
build/scripts/nwpacker.js(31,20): error TS2304: Cannot find name 'Packer'.
build/scripts/nwpacker.js(33,9): error TS2554: Expected 0 arguments, but got 1.
src/modules/nwsapi-jquery.js(19,1): error TS2304: Cannot find name 'NW'.
src/modules/nwsapi-jquery.js(27,22): error TS2304: Cannot find name 'NW'.
src/modules/nwsapi-jquery.js(27,38): error TS2304: Cannot find name 'NW'.
src/modules/nwsapi-jquery.js(29,74): error TS2304: Cannot find name 'NW'.
src/modules/nwsapi-jquery.js(29,90): error TS2304: Cannot find name 'NW'.
src/modules/nwsapi-jquery.js(77,1): error TS2304: Cannot find name 'NW'.
src/modules/nwsapi-jquery.js(85,22): error TS2304: Cannot find name 'NW'.
src/modules/nwsapi-jquery.js(85,38): error TS2304: Cannot find name 'NW'.
src/modules/nwsapi-jquery.js(87,74): error TS2304: Cannot find name 'NW'.
src/modules/nwsapi-jquery.js(87,90): error TS2304: Cannot find name 'NW'.
src/modules/nwsapi-traversal.js(75,7): error TS2740: Type 'ChildNode' is missing the following properties from type 'HTMLElement': accessKey, accessKeyLabel, autocapitalize, dir, and 230 more.
src/modules/nwsapi-traversal.js(90,4): error TS2304: Cannot find name 'NW'.
src/nwsapi.js(24,21): error TS2304: Cannot find name 'define'.
src/nwsapi.js(24,45): error TS2304: Cannot find name 'define'.
src/nwsapi.js(25,5): error TS2304: Cannot find name 'define'.
src/nwsapi.js(27,12): error TS2339: Property 'NW' does not exist on type '(global: any, Export: any) => { lastMatched: undefined; lastSelected: undefined; matchLambdas: {}; selectLambdas: {}; matchResolvers: {}; selectResolvers: {}; CFG: { operators: string; combinators: string; }; ... 23 more ...; registerSelector: (name: any, rexp: any, func: any) => void; }'.
src/nwsapi.js(27,26): error TS2339: Property 'NW' does not exist on type '(global: any, Export: any) => { lastMatched: undefined; lastSelected: undefined; matchLambdas: {}; selectLambdas: {}; matchResolvers: {}; selectResolvers: {}; CFG: { operators: string; combinators: string; }; ... 23 more ...; registerSelector: (name: any, rexp: any, func: any) => void; }'.
src/nwsapi.js(28,12): error TS2339: Property 'NW' does not exist on type '(global: any, Export: any) => { lastMatched: undefined; lastSelected: undefined; matchLambdas: {}; selectLambdas: {}; matchResolvers: {}; selectResolvers: {}; CFG: { operators: string; combinators: string; }; ... 23 more ...; registerSelector: (name: any, rexp: any, func: any) => void; }'.
src/nwsapi.js(374,18): error TS2304: Cannot find name 'i'.
src/nwsapi.js(374,25): error TS2304: Cannot find name 'l'.
src/nwsapi.js(374,52): error TS2304: Cannot find name 'l'.
src/nwsapi.js(374,56): error TS2304: Cannot find name 'i'.
src/nwsapi.js(374,61): error TS2304: Cannot find name 'i'.
src/nwsapi.js(375,21): error TS2304: Cannot find name 'i'.
src/nwsapi.js(375,58): error TS2304: Cannot find name 'i'.
src/nwsapi.js(1567,11): error TS2304: Cannot find name 'result'.
src/nwsapi.js(1642,32): error TS2339: Property 'localName' does not exist on type 'EventTarget'.
src/nwsapi.js(1643,67): error TS2339: Property 'contentDocument' does not exist on type 'EventTarget'.

