examples/clock.ts(8,8): error TS2339: Property 'startedAt' does not exist on type 'Clock'.
examples/clock.ts(9,8): error TS2339: Property 'timer' does not exist on type 'Clock'.
examples/clock.ts(13,13): error TS2339: Property 'timer' does not exist on type 'Clock'.
examples/clock.ts(19,31): error TS2339: Property 'startedAt' does not exist on type 'Clock'.
examples/clock.ts(25,12): error TS2339: Property 'timer' does not exist on type 'Clock'.
examples/clock.ts(29,8): error TS2339: Property 'startedAt' does not exist on type 'Clock'.
examples/clock.ts(30,8): error TS2339: Property 'timer' does not exist on type 'Clock'.
examples/clock.ts(32,8): error TS2554: Expected 2 arguments, but got 1.
examples/clock.ts(36,12): error TS2339: Property 'timer' does not exist on type 'Clock'.
examples/clock.ts(37,23): error TS2339: Property 'timer' does not exist on type 'Clock'.
examples/clock.ts(40,8): error TS2339: Property 'startedAt' does not exist on type 'Clock'.
examples/clock.ts(41,8): error TS2339: Property 'timer' does not exist on type 'Clock'.
examples/clock.ts(43,8): error TS2554: Expected 2 arguments, but got 1.
examples/emit.ts(4,18): error TS2552: Cannot find name 'Clock'. Did you mean 'Lock'?
examples/emitonce.ts(4,18): error TS2552: Cannot find name 'Clock'. Did you mean 'Lock'?
examples/eventdata.ts(12,45): error TS2554: Expected 2 arguments, but got 4.
index.ts(102,6): error TS2322: Type '(value: unknown) => void' is not assignable to type '() => void'.
index.ts(226,14): error TS2339: Property 'DEBUG' does not exist on type '{}'.
index.ts(226,42): error TS2339: Property 'DEBUG' does not exist on type '{}'.
index.ts(240,8): error TS2339: Property 'debug' does not exist on type 'Emittery'.
index.ts(240,24): error TS2339: Property 'debug' does not exist on type '{}'.
index.ts(242,12): error TS2339: Property 'debug' does not exist on type 'Emittery'.
index.ts(243,9): error TS2339: Property 'debug' does not exist on type 'Emittery'.
index.ts(246,13): error TS2339: Property 'debug' does not exist on type 'Emittery'.
index.ts(247,9): error TS2339: Property 'debug' does not exist on type 'Emittery'.
index.ts(267,39): error TS2339: Property 'debug' does not exist on type 'Emittery'.
index.ts(268,9): error TS2339: Property 'debug' does not exist on type 'Emittery'.
index.ts(268,33): error TS2339: Property 'debug' does not exist on type 'Emittery'.
index.ts(330,11): error TS2339: Property 'off' does not exist on type 'Promise<unknown>'.
index.ts(415,10): error TS2554: Expected 2 arguments, but got 1.
index.ts(476,9): error TS2554: Expected 2 arguments, but got 1.

