Gruntfile.ts(3,8): error TS2339: Property 'initConfig' does not exist on type 'object'.
Gruntfile.ts(17,8): error TS2339: Property 'loadNpmTasks' does not exist on type 'object'.
Gruntfile.ts(19,8): error TS2339: Property 'registerTask' does not exist on type 'object'.
jsesc.ts(1,1): error TS6200: Definitions of the following identifiers conflict with those in another file: object, hasOwnProperty, forOwn, extend, forEach, fourHexEscape, hexadecimal, isArray, isBuffer, isObject, isString, isNumber, isFunction, isMap, isSet, singleEscapes, regexSingleEscape, regexDigit, regexWhitespace, escapeEverythingRegex, escapeNonAsciiRegex
jsesc.ts(36,42): error TS2554: Expected 0 arguments, but got 1.
jsesc.ts(41,7): error TS2451: Cannot redeclare block-scoped variable 'toString'.
jsesc.ts(92,13): error TS2339: Property 'indentLevel' does not exist on type 'HTMLElement'.
jsesc.ts(93,20): error TS2339: Property 'indent' does not exist on type 'HTMLElement'.
jsesc.ts(93,42): error TS2339: Property 'indentLevel' does not exist on type 'HTMLElement'.
jsesc.ts(112,43): error TS2339: Property 'json' does not exist on type 'HTMLElement'.
jsesc.ts(114,12): error TS2339: Property 'quotes' does not exist on type 'object'.
jsesc.ts(115,12): error TS2339: Property 'wrap' does not exist on type 'object'.
jsesc.ts(119,11): error TS2339: Property 'quotes' does not exist on type 'HTMLElement'.
jsesc.ts(120,11): error TS2339: Property 'quotes' does not exist on type 'HTMLElement'.
jsesc.ts(121,11): error TS2339: Property 'quotes' does not exist on type 'HTMLElement'.
jsesc.ts(123,11): error TS2339: Property 'quotes' does not exist on type 'HTMLElement'.
jsesc.ts(125,32): error TS2339: Property 'quotes' does not exist on type 'HTMLElement'.
jsesc.ts(127,12): error TS2339: Property 'quotes' does not exist on type 'HTMLElement'.
jsesc.ts(131,34): error TS2339: Property 'compact' does not exist on type 'HTMLElement'.
jsesc.ts(132,39): error TS2339: Property 'lowercaseHex' does not exist on type 'HTMLElement'.
jsesc.ts(133,31): error TS2339: Property 'indent' does not exist on type 'HTMLElement'.
jsesc.ts(133,53): error TS2339: Property 'indentLevel' does not exist on type 'HTMLElement'.
jsesc.ts(135,34): error TS2339: Property '__inline1__' does not exist on type 'HTMLElement'.
jsesc.ts(136,34): error TS2339: Property '__inline2__' does not exist on type 'HTMLElement'.
jsesc.ts(140,41): error TS2339: Property 'numbers' does not exist on type 'HTMLElement'.
jsesc.ts(141,41): error TS2339: Property 'numbers' does not exist on type 'HTMLElement'.
jsesc.ts(142,41): error TS2339: Property 'numbers' does not exist on type 'HTMLElement'.
jsesc.ts(143,41): error TS2339: Property 'numbers' does not exist on type 'HTMLElement'.
jsesc.ts(145,46): error TS2339: Property 'toJSON' does not exist on type 'any[]'.
jsesc.ts(146,23): error TS2339: Property 'toJSON' does not exist on type 'any[]'.
jsesc.ts(151,17): error TS2339: Property 'size' does not exist on type 'any[]'.
jsesc.ts(155,13): error TS2339: Property '__inline1__' does not exist on type 'HTMLElement'.
jsesc.ts(156,13): error TS2339: Property '__inline2__' does not exist on type 'HTMLElement'.
jsesc.ts(161,17): error TS2339: Property 'size' does not exist on type 'any[]'.
jsesc.ts(173,4): error TS2322: Type 'undefined[]' is not assignable to type 'string'.
jsesc.ts(174,12): error TS2339: Property 'wrap' does not exist on type 'HTMLElement'.
jsesc.ts(176,13): error TS2339: Property '__inline1__' does not exist on type 'HTMLElement'.
jsesc.ts(177,13): error TS2339: Property '__inline2__' does not exist on type 'HTMLElement'.
jsesc.ts(185,14): error TS2339: Property '__inline2__' does not exist on type 'HTMLElement'.
jsesc.ts(187,12): error TS2339: Property 'push' does not exist on type 'string'.
jsesc.ts(196,25): error TS2339: Property 'join' does not exist on type 'string'.
jsesc.ts(198,34): error TS2339: Property 'join' does not exist on type 'string'.
jsesc.ts(209,49): error TS2554: Expected 0 arguments, but got 1.
jsesc.ts(216,37): error TS2554: Expected 0 arguments, but got 1.
jsesc.ts(219,37): error TS2554: Expected 0 arguments, but got 1.
jsesc.ts(230,4): error TS2322: Type 'undefined[]' is not assignable to type 'string'.
jsesc.ts(231,12): error TS2339: Property 'wrap' does not exist on type 'HTMLElement'.
jsesc.ts(235,12): error TS2339: Property 'push' does not exist on type 'string'.
jsesc.ts(245,34): error TS2339: Property 'join' does not exist on type 'string'.
jsesc.ts(250,8): error TS2322: Type 'RegExp' is not assignable to type 'string'.
jsesc.ts(250,32): error TS2339: Property 'escapeEverything' does not exist on type 'HTMLElement'.
jsesc.ts(251,20): error TS2339: Property 'replace' does not exist on type 'any[]'.
jsesc.ts(253,16): error TS2339: Property 'minimal' does not exist on type 'HTMLElement'.
jsesc.ts(256,16): error TS2339: Property 'es6' does not exist on type 'HTMLElement'.
jsesc.ts(258,11): error TS2322: Type 'number' is not assignable to type 'string'.
jsesc.ts(278,8): error TS2367: This condition will always return 'false' since the types 'number' and 'string' have no overlap.
jsesc.ts(278,38): error TS2339: Property 'escapeEverything' does not exist on type 'HTMLElement'.
jsesc.ts(289,15): error TS2339: Property 'minimal' does not exist on type 'HTMLElement'.
jsesc.ts(304,14): error TS2339: Property 'isScriptContext' does not exist on type 'HTMLElement'.
jsesc.ts(310,14): error TS2339: Property 'wrap' does not exist on type 'HTMLElement'.
jsesc.ts(316,7): error TS2339: Property 'version' does not exist on type 'Function'.
src/jsesc.ts(1,1): error TS6200: Definitions of the following identifiers conflict with those in another file: object, hasOwnProperty, forOwn, extend, forEach, fourHexEscape, hexadecimal, isArray, isBuffer, isObject, isString, isNumber, isFunction, isMap, isSet, singleEscapes, regexSingleEscape, regexDigit, regexWhitespace, escapeEverythingRegex, escapeNonAsciiRegex
src/jsesc.ts(36,42): error TS2554: Expected 0 arguments, but got 1.
src/jsesc.ts(41,7): error TS2451: Cannot redeclare block-scoped variable 'toString'.
src/jsesc.ts(92,13): error TS2339: Property 'indentLevel' does not exist on type 'HTMLElement'.
src/jsesc.ts(93,20): error TS2339: Property 'indent' does not exist on type 'HTMLElement'.
src/jsesc.ts(93,42): error TS2339: Property 'indentLevel' does not exist on type 'HTMLElement'.
src/jsesc.ts(112,43): error TS2339: Property 'json' does not exist on type 'HTMLElement'.
src/jsesc.ts(114,12): error TS2339: Property 'quotes' does not exist on type 'object'.
src/jsesc.ts(115,12): error TS2339: Property 'wrap' does not exist on type 'object'.
src/jsesc.ts(119,11): error TS2339: Property 'quotes' does not exist on type 'HTMLElement'.
src/jsesc.ts(120,11): error TS2339: Property 'quotes' does not exist on type 'HTMLElement'.
src/jsesc.ts(121,11): error TS2339: Property 'quotes' does not exist on type 'HTMLElement'.
src/jsesc.ts(123,11): error TS2339: Property 'quotes' does not exist on type 'HTMLElement'.
src/jsesc.ts(125,32): error TS2339: Property 'quotes' does not exist on type 'HTMLElement'.
src/jsesc.ts(127,12): error TS2339: Property 'quotes' does not exist on type 'HTMLElement'.
src/jsesc.ts(131,34): error TS2339: Property 'compact' does not exist on type 'HTMLElement'.
src/jsesc.ts(132,39): error TS2339: Property 'lowercaseHex' does not exist on type 'HTMLElement'.
src/jsesc.ts(133,31): error TS2339: Property 'indent' does not exist on type 'HTMLElement'.
src/jsesc.ts(133,53): error TS2339: Property 'indentLevel' does not exist on type 'HTMLElement'.
src/jsesc.ts(135,34): error TS2339: Property '__inline1__' does not exist on type 'HTMLElement'.
src/jsesc.ts(136,34): error TS2339: Property '__inline2__' does not exist on type 'HTMLElement'.
src/jsesc.ts(140,41): error TS2339: Property 'numbers' does not exist on type 'HTMLElement'.
src/jsesc.ts(141,41): error TS2339: Property 'numbers' does not exist on type 'HTMLElement'.
src/jsesc.ts(142,41): error TS2339: Property 'numbers' does not exist on type 'HTMLElement'.
src/jsesc.ts(143,41): error TS2339: Property 'numbers' does not exist on type 'HTMLElement'.
src/jsesc.ts(145,46): error TS2339: Property 'toJSON' does not exist on type 'any[]'.
src/jsesc.ts(146,23): error TS2339: Property 'toJSON' does not exist on type 'any[]'.
src/jsesc.ts(151,17): error TS2339: Property 'size' does not exist on type 'any[]'.
src/jsesc.ts(155,13): error TS2339: Property '__inline1__' does not exist on type 'HTMLElement'.
src/jsesc.ts(156,13): error TS2339: Property '__inline2__' does not exist on type 'HTMLElement'.
src/jsesc.ts(161,17): error TS2339: Property 'size' does not exist on type 'any[]'.
src/jsesc.ts(173,4): error TS2322: Type 'undefined[]' is not assignable to type 'string'.
src/jsesc.ts(174,12): error TS2339: Property 'wrap' does not exist on type 'HTMLElement'.
src/jsesc.ts(176,13): error TS2339: Property '__inline1__' does not exist on type 'HTMLElement'.
src/jsesc.ts(177,13): error TS2339: Property '__inline2__' does not exist on type 'HTMLElement'.
src/jsesc.ts(185,14): error TS2339: Property '__inline2__' does not exist on type 'HTMLElement'.
src/jsesc.ts(187,12): error TS2339: Property 'push' does not exist on type 'string'.
src/jsesc.ts(196,25): error TS2339: Property 'join' does not exist on type 'string'.
src/jsesc.ts(198,34): error TS2339: Property 'join' does not exist on type 'string'.
src/jsesc.ts(209,49): error TS2554: Expected 0 arguments, but got 1.
src/jsesc.ts(216,37): error TS2554: Expected 0 arguments, but got 1.
src/jsesc.ts(219,37): error TS2554: Expected 0 arguments, but got 1.
src/jsesc.ts(230,4): error TS2322: Type 'undefined[]' is not assignable to type 'string'.
src/jsesc.ts(231,12): error TS2339: Property 'wrap' does not exist on type 'HTMLElement'.
src/jsesc.ts(235,12): error TS2339: Property 'push' does not exist on type 'string'.
src/jsesc.ts(245,34): error TS2339: Property 'join' does not exist on type 'string'.
src/jsesc.ts(250,8): error TS2322: Type 'RegExp' is not assignable to type 'string'.
src/jsesc.ts(250,32): error TS2339: Property 'escapeEverything' does not exist on type 'HTMLElement'.
src/jsesc.ts(251,20): error TS2339: Property 'replace' does not exist on type 'any[]'.
src/jsesc.ts(253,16): error TS2339: Property 'minimal' does not exist on type 'HTMLElement'.
src/jsesc.ts(256,16): error TS2339: Property 'es6' does not exist on type 'HTMLElement'.
src/jsesc.ts(258,11): error TS2322: Type 'number' is not assignable to type 'string'.
src/jsesc.ts(278,8): error TS2367: This condition will always return 'false' since the types 'number' and 'string' have no overlap.
src/jsesc.ts(278,38): error TS2339: Property 'escapeEverything' does not exist on type 'HTMLElement'.
src/jsesc.ts(289,15): error TS2339: Property 'minimal' does not exist on type 'HTMLElement'.
src/jsesc.ts(304,14): error TS2339: Property 'isScriptContext' does not exist on type 'HTMLElement'.
src/jsesc.ts(310,14): error TS2339: Property 'wrap' does not exist on type 'HTMLElement'.
src/jsesc.ts(316,7): error TS2339: Property 'version' does not exist on type 'Function'.
../../../../../tools/node_modules/typescript/lib/lib.dom.d.ts(17783,18): error TS2451: Cannot redeclare block-scoped variable 'toString'.

