index.ts(43,10): error TS2339: Property 'type' does not exist on type 'any[]'.
index.ts(82,3): error TS2322: Type 'any[]' is not assignable to type 'number'.
index.ts(82,29): error TS2339: Property 'combine' does not exist on type 'object'.
index.ts(99,15): error TS2339: Property 'start' does not exist on type 'object'.
index.ts(99,31): error TS2339: Property 'end' does not exist on type 'object'.
index.ts(102,22): error TS2339: Property 'end' does not exist on type 'object'.
index.ts(102,36): error TS2339: Property 'end' does not exist on type 'object'.
index.ts(104,15): error TS2339: Property 'end' does not exist on type 'object'.
index.ts(104,27): error TS2339: Property 'end' does not exist on type 'object'.
index.ts(105,15): error TS2339: Property 'index' does not exist on type 'object'.
index.ts(105,40): error TS2339: Property 'index' does not exist on type 'object'.
index.ts(105,53): error TS2339: Property 'index' does not exist on type 'object'.
index.ts(116,12): error TS2339: Property 'type' does not exist on type 'any[]'.
index.ts(116,26): error TS2339: Property 'type' does not exist on type 'any[]'.
index.ts(128,18): error TS2339: Property 'start' does not exist on type 'object'.
index.ts(129,16): error TS2339: Property 'end' does not exist on type 'object'.
index.ts(141,18): error TS2339: Property 'start' does not exist on type 'object'.
index.ts(142,16): error TS2339: Property 'end' does not exist on type 'object'.
index.ts(152,12): error TS2339: Property 'index' does not exist on type 'object'.
index.ts(152,22): error TS2339: Property 'index' does not exist on type 'object'.
index.ts(161,12): error TS2339: Property 'start' does not exist on type 'object'.
index.ts(161,22): error TS2339: Property 'start' does not exist on type 'object'.

