acorn-loose/src/expression.ts(164,65): error TS1110: Type expected.
acorn-loose/src/statement.ts(270,59): error TS1110: Type expected.
acorn-walk/src/index.ts(85,118): error TS1005: '=>' expected.
acorn-walk/src/index.ts(86,7): error TS1003: Identifier expected.
acorn-walk/src/index.ts(86,21): error TS1005: ';' expected.
acorn-walk/src/index.ts(87,3): error TS1005: ',' expected.
acorn-walk/src/index.ts(87,7): error TS1005: ',' expected.
acorn-walk/src/index.ts(88,3): error TS1005: ',' expected.
acorn-walk/src/index.ts(88,4): error TS1138: Parameter declaration expected.
acorn-walk/src/index.ts(99,1): error TS1128: Declaration or statement expected.
acorn/src/expression.ts(96,51): error TS1128: Declaration or statement expected.
acorn/src/expression.ts(96,78): error TS1434: Unexpected keyword or identifier.
acorn/src/expression.ts(96,85): error TS1128: Declaration or statement expected.
acorn/src/expression.ts(166,57): error TS1128: Declaration or statement expected.
acorn/src/expression.ts(166,84): error TS1434: Unexpected keyword or identifier.
acorn/src/expression.ts(166,91): error TS1128: Declaration or statement expected.
acorn/src/expression.ts(183,48): error TS1128: Declaration or statement expected.
acorn/src/expression.ts(183,75): error TS1434: Unexpected keyword or identifier.
acorn/src/expression.ts(183,82): error TS1128: Declaration or statement expected.
acorn/src/expression.ts(327,59): error TS1138: Parameter declaration expected.
acorn/src/expression.ts(701,52): error TS1005: ',' expected.
acorn/src/expression.ts(726,47): error TS1131: Property or signature expected.
acorn/src/expression.ts(726,94): error TS1131: Property or signature expected.
acorn/src/expression.ts(726,96): error TS1131: Property or signature expected.
acorn/src/expression.ts(743,52): error TS1131: Property or signature expected.
acorn/src/expression.ts(743,99): error TS1131: Property or signature expected.
acorn/src/expression.ts(743,101): error TS1131: Property or signature expected.
acorn/src/expression.ts(966,56): error TS1005: '{' expected.
acorn/src/expression.ts(966,77): error TS1005: ';' expected.
acorn/src/expression.ts(966,99): error TS1005: ';' expected.
acorn/src/expression.ts(966,133): error TS1005: ';' expected.
acorn/src/expression.ts(966,135): error TS1434: Unexpected keyword or identifier.
acorn/src/expression.ts(966,142): error TS1128: Declaration or statement expected.
acorn/src/expression.ts(1064,46): error TS1128: Declaration or statement expected.
acorn/src/expression.ts(1079,46): error TS1128: Declaration or statement expected.
acorn/src/expression.ts(1086,2): error TS1005: '}' expected.
acorn/src/lval.ts(169,43): error TS1110: Type expected.
acorn/src/lval.ts(248,73): error TS1005: ',' expected.
acorn/src/lval.ts(284,74): error TS1005: ',' expected.
acorn/src/lval.ts(303,79): error TS1005: ',' expected.
acorn/src/parseutil.ts(56,35): error TS1110: Type expected.
acorn/src/parseutil.ts(64,38): error TS1110: Type expected.
acorn/src/regexp.ts(249,66): error TS1005: ',' expected.
acorn/src/regexp.ts(365,48): error TS1110: Type expected.
acorn/src/regexp.ts(516,43): error TS1110: Type expected.
acorn/src/regexp.ts(595,46): error TS1110: Type expected.
acorn/src/regexp.ts(626,46): error TS1110: Type expected.
acorn/src/regexp.ts(643,82): error TS1005: ',' expected.
acorn/src/regexp.ts(924,51): error TS1110: Type expected.
acorn/src/regexp.ts(1013,43): error TS1110: Type expected.
acorn/src/statement.ts(425,54): error TS1005: ',' expected.
acorn/src/statement.ts(425,93): error TS1135: Argument expression expected.
acorn/src/statement.ts(425,95): error TS1135: Argument expression expected.
acorn/src/statement.ts(425,96): error TS1109: Expression expected.
acorn/src/statement.ts(425,97): error TS1005: '{' expected.
acorn/src/statement.ts(425,109): error TS1005: ';' expected.
acorn/src/statement.ts(571,67): error TS1005: '{' expected.
acorn/src/statement.ts(763,69): error TS1005: '{' expected.
acorn/src/tokencontext.ts(72,58): error TS1110: Type expected.
acorn/src/tokencontext.ts(104,65): error TS1110: Type expected.
acorn/src/tokencontext.ts(114,65): error TS1110: Type expected.
acorn/src/tokencontext.ts(124,94): error TS1110: Type expected.
acorn/src/tokencontext.ts(154,63): error TS1110: Type expected.
acorn/src/tokentype.ts(49,40): error TS1005: ',' expected.
acorn/src/whitespace.ts(11,78): error TS1005: ',' expected.

