benchmark.ts(4,7): error TS2451: Cannot redeclare block-scoped variable 'CacheableLookup'.
source/index.ts(42,23): error TS2488: Type 'unknown' must have a '[Symbol.iterator]()' method that returns an iterator.
source/index.ts(85,7): error TS2451: Cannot redeclare block-scoped variable 'CacheableLookup'.
source/index.ts(94,8): error TS2339: Property 'maxTtl' does not exist on type 'CacheableLookup'.
source/index.ts(95,8): error TS2339: Property 'errorTtl' does not exist on type 'CacheableLookup'.
source/index.ts(97,8): error TS2339: Property '_cache' does not exist on type 'CacheableLookup'.
source/index.ts(98,8): error TS2551: Property '_resolver' does not exist on type 'CacheableLookup'. Did you mean '_resolve'?
source/index.ts(99,8): error TS2551: Property '_dnsLookup' does not exist on type 'CacheableLookup'. Did you mean '_lookup'?
source/index.ts(100,8): error TS2339: Property 'stats' does not exist on type 'CacheableLookup'.
source/index.ts(105,12): error TS2551: Property '_resolver' does not exist on type 'CacheableLookup'. Did you mean '_resolve'?
source/index.ts(106,9): error TS2551: Property '_resolve4' does not exist on type 'CacheableLookup'. Did you mean '_resolve'?
source/index.ts(106,26): error TS2551: Property '_resolver' does not exist on type 'CacheableLookup'. Did you mean '_resolve'?
source/index.ts(106,55): error TS2551: Property '_resolver' does not exist on type 'CacheableLookup'. Did you mean '_resolve'?
source/index.ts(107,9): error TS2551: Property '_resolve6' does not exist on type 'CacheableLookup'. Did you mean '_resolve'?
source/index.ts(107,26): error TS2551: Property '_resolver' does not exist on type 'CacheableLookup'. Did you mean '_resolve'?
source/index.ts(107,55): error TS2551: Property '_resolver' does not exist on type 'CacheableLookup'. Did you mean '_resolve'?
source/index.ts(109,9): error TS2551: Property '_resolve4' does not exist on type 'CacheableLookup'. Did you mean '_resolve'?
source/index.ts(109,36): error TS2551: Property '_resolver' does not exist on type 'CacheableLookup'. Did you mean '_resolve'?
source/index.ts(109,65): error TS2551: Property '_resolver' does not exist on type 'CacheableLookup'. Did you mean '_resolve'?
source/index.ts(110,9): error TS2551: Property '_resolve6' does not exist on type 'CacheableLookup'. Did you mean '_resolve'?
source/index.ts(110,36): error TS2551: Property '_resolver' does not exist on type 'CacheableLookup'. Did you mean '_resolve'?
source/index.ts(110,65): error TS2551: Property '_resolver' does not exist on type 'CacheableLookup'. Did you mean '_resolve'?
source/index.ts(113,8): error TS2339: Property '_iface' does not exist on type 'CacheableLookup'.
source/index.ts(115,8): error TS2339: Property '_pending' does not exist on type 'CacheableLookup'.
source/index.ts(116,8): error TS2339: Property '_nextRemovalTime' does not exist on type 'CacheableLookup'.
source/index.ts(117,8): error TS2339: Property '_hostnamesToFallback' does not exist on type 'CacheableLookup'.
source/index.ts(119,8): error TS2339: Property 'fallbackDuration' does not exist on type 'CacheableLookup'.
source/index.ts(123,10): error TS2339: Property '_hostnamesToFallback' does not exist on type 'CacheableLookup'.
source/index.ts(131,9): error TS2339: Property '_fallbackInterval' does not exist on type 'CacheableLookup'.
source/index.ts(139,8): error TS2554: Expected 1 arguments, but got 0.
source/index.ts(141,8): error TS2551: Property '_resolver' does not exist on type 'CacheableLookup'. Did you mean '_resolve'?
source/index.ts(145,15): error TS2551: Property '_resolver' does not exist on type 'CacheableLookup'. Did you mean '_resolve'?
source/index.ts(181,15): error TS2339: Property 'family' does not exist on type '{}'.
source/index.ts(184,16): error TS2339: Property 'hints' does not exist on type '{}'.
source/index.ts(185,33): error TS2339: Property 'hints' does not exist on type '{}'.
source/index.ts(193,22): error TS2339: Property 'family' does not exist on type '{}'.
source/index.ts(197,15): error TS2339: Property 'hints' does not exist on type '{}'.
source/index.ts(198,11): error TS2339: Property '_iface' does not exist on type 'CacheableLookup'.
source/index.ts(204,10): error TS2339: Property 'code' does not exist on type 'Error'.
source/index.ts(205,10): error TS2339: Property 'hostname' does not exist on type 'Error'.
source/index.ts(210,15): error TS2339: Property 'all' does not exist on type '{}'.
source/index.ts(219,27): error TS2339: Property '_cache' does not exist on type 'CacheableLookup'.
source/index.ts(222,9): error TS2339: Property 'stats' does not exist on type 'CacheableLookup'.
source/index.ts(226,25): error TS2339: Property '_pending' does not exist on type 'CacheableLookup'.
source/index.ts(228,10): error TS2339: Property 'stats' does not exist on type 'CacheableLookup'.
source/index.ts(233,10): error TS2339: Property '_pending' does not exist on type 'CacheableLookup'.
source/index.ts(234,10): error TS2339: Property 'stats' does not exist on type 'CacheableLookup'.
source/index.ts(238,18): error TS2339: Property '_pending' does not exist on type 'CacheableLookup'.
source/index.ts(253,30): error TS2551: Property '_resolve4' does not exist on type 'CacheableLookup'. Did you mean '_resolve'?
source/index.ts(254,30): error TS2551: Property '_resolve6' does not exist on type 'CacheableLookup'. Did you mean '_resolve'?
source/index.ts(301,31): error TS2551: Property '_dnsLookup' does not exist on type 'CacheableLookup'. Did you mean '_lookup'?
source/index.ts(302,31): error TS2551: Property '_dnsLookup' does not exist on type 'CacheableLookup'. Did you mean '_lookup'?
source/index.ts(321,12): error TS2339: Property 'maxTtl' does not exist on type 'CacheableLookup'.
source/index.ts(322,39): error TS2339: Property 'maxTtl' does not exist on type 'CacheableLookup'.
source/index.ts(326,16): error TS2339: Property '_cache' does not exist on type 'CacheableLookup'.
source/index.ts(330,17): error TS2550: Property 'cause' does not exist on type 'Error'. Do you need to change your target library? Try changing the 'lib' compiler option to 'es2022' or later.
source/index.ts(336,24): error TS2339: Property '_cache' does not exist on type 'CacheableLookup'.
source/index.ts(343,12): error TS2339: Property '_hostnamesToFallback' does not exist on type 'CacheableLookup'.
source/index.ts(344,16): error TS2551: Property '_dnsLookup' does not exist on type 'CacheableLookup'. Did you mean '_lookup'?
source/index.ts(349,42): error TS2551: Property '_dnsLookup' does not exist on type 'CacheableLookup'. Did you mean '_lookup'?
source/index.ts(352,43): error TS2339: Property 'fallbackDuration' does not exist on type 'CacheableLookup'.
source/index.ts(354,10): error TS2339: Property '_hostnamesToFallback' does not exist on type 'CacheableLookup'.
source/index.ts(358,54): error TS2339: Property 'errorTtl' does not exist on type 'CacheableLookup'.
source/index.ts(365,32): error TS2339: Property '_nextRemovalTime' does not exist on type 'CacheableLookup'.
source/index.ts(368,22): error TS2339: Property '_removalTimeout' does not exist on type 'CacheableLookup'.
source/index.ts(370,9): error TS2339: Property '_nextRemovalTime' does not exist on type 'CacheableLookup'.
source/index.ts(372,9): error TS2339: Property '_removalTimeout' does not exist on type 'CacheableLookup'.
source/index.ts(373,10): error TS2339: Property '_nextRemovalTime' does not exist on type 'CacheableLookup'.
source/index.ts(379,44): error TS2339: Property '_cache' does not exist on type 'CacheableLookup'.
source/index.ts(383,12): error TS2339: Property '_cache' does not exist on type 'CacheableLookup'.
source/index.ts(395,13): error TS2339: Property '_removalTimeout' does not exist on type 'CacheableLookup'.
source/index.ts(396,10): error TS2339: Property '_removalTimeout' does not exist on type 'CacheableLookup'.
source/index.ts(436,10): error TS2339: Property '_iface' does not exist on type 'CacheableLookup'.
source/index.ts(438,8): error TS2339: Property '_iface' does not exist on type 'CacheableLookup'.
source/index.ts(440,29): error TS2339: Property '_iface' does not exist on type 'CacheableLookup'.
source/index.ts(440,67): error TS2339: Property '_iface' does not exist on type 'CacheableLookup'.
source/index.ts(441,9): error TS2339: Property '_cache' does not exist on type 'CacheableLookup'.
source/index.ts(447,9): error TS2339: Property '_cache' does not exist on type 'CacheableLookup'.
source/index.ts(451,8): error TS2339: Property '_cache' does not exist on type 'CacheableLookup'.

