bin.ts(2,5): error TS2300: Duplicate identifier 'colorSupport'.
browser.ts(3,10): error TS2393: Duplicate function implementation.
browser.ts(6,7): error TS2339: Property 'level' does not exist on type 'Object'.
browser.ts(7,7): error TS2339: Property 'hasBasic' does not exist on type 'Object'.
browser.ts(8,7): error TS2339: Property 'has256' does not exist on type 'Object'.
browser.ts(9,7): error TS2339: Property 'has16m' does not exist on type 'Object'.
index.ts(16,7): error TS2339: Property 'hasBasic' does not exist on type 'Object'.
index.ts(17,7): error TS2339: Property 'has256' does not exist on type 'Object'.
index.ts(18,7): error TS2339: Property 'has16m' does not exist on type 'Object'.
index.ts(19,7): error TS2339: Property 'level' does not exist on type 'Object'.
index.ts(24,7): error TS2339: Property 'hasBasic' does not exist on type 'Object'.
index.ts(25,7): error TS2339: Property 'has256' does not exist on type 'Object'.
index.ts(26,7): error TS2339: Property 'has16m' does not exist on type 'Object'.
index.ts(27,7): error TS2339: Property 'level' does not exist on type 'Object'.
index.ts(32,7): error TS2339: Property 'hasBasic' does not exist on type 'Object'.
index.ts(33,7): error TS2339: Property 'has256' does not exist on type 'Object'.
index.ts(34,7): error TS2339: Property 'has16m' does not exist on type 'Object'.
index.ts(35,7): error TS2339: Property 'level' does not exist on type 'Object'.
index.ts(39,10): error TS2300: Duplicate identifier 'colorSupport'.
index.ts(39,10): error TS2393: Duplicate function implementation.
index.ts(45,22): error TS2339: Property 'level' does not exist on type 'Object'.
index.ts(46,21): error TS2339: Property 'level' does not exist on type 'Object'.
index.ts(58,7): error TS2339: Property 'level' does not exist on type 'Object'.
index.ts(59,7): error TS2339: Property 'hasBasic' does not exist on type 'Object'.
index.ts(60,7): error TS2339: Property 'has256' does not exist on type 'Object'.
index.ts(61,7): error TS2339: Property 'has16m' does not exist on type 'Object'.
index.ts(71,21): error TS2339: Property 'env' does not exist on type 'Object'.
index.ts(72,24): error TS2339: Property 'stream' does not exist on type 'Object'.
index.ts(73,22): error TS2339: Property 'term' does not exist on type 'Object'.
index.ts(74,26): error TS2339: Property 'platform' does not exist on type 'Object'.
index.ts(76,16): error TS2339: Property 'ignoreTTY' does not exist on type 'Object'.
index.ts(80,16): error TS2339: Property 'ignoreDumb' does not exist on type 'Object'.
index.ts(92,16): error TS2339: Property 'ignoreCI' does not exist on type 'Object'.

