example/eventsource-polyfill.ts(6,50): error TS2304: Cannot find name '__string'.
example/eventsource-polyfill.ts(20,30): error TS2339: Property 'call' does not exist on type 'Object'.
example/eventsource-polyfill.ts(162,29): error TS2769: No overload matches this call.
  Overload 1 of 2, '(timeoutId: string | number | Timeout): void', gave the following error.
    Argument of type 'Function' is not assignable to parameter of type 'string | number | Timeout'.
  Overload 2 of 2, '(id?: number): void', gave the following error.
    Argument of type 'Function' is not assignable to parameter of type 'number'.
example/eventsource-polyfill.ts(167,29): error TS2769: No overload matches this call.
  Overload 1 of 2, '(timeoutId: string | number | Timeout): void', gave the following error.
    Argument of type 'Function' is not assignable to parameter of type 'string | number | Timeout'.
  Overload 2 of 2, '(id?: number): void', gave the following error.
    Argument of type 'Function' is not assignable to parameter of type 'number'.
example/eventsource-polyfill.ts(230,9): error TS2339: Property 'nextTick' does not exist on type '{}'.
example/eventsource-polyfill.ts(244,44): error TS2304: Cannot find name 'T'.
example/eventsource-polyfill.ts(251,9): error TS2339: Property 'title' does not exist on type '{}'.
example/eventsource-polyfill.ts(252,9): error TS2339: Property 'browser' does not exist on type '{}'.
example/eventsource-polyfill.ts(253,9): error TS2339: Property 'env' does not exist on type '{}'.
example/eventsource-polyfill.ts(254,9): error TS2339: Property 'argv' does not exist on type '{}'.
example/eventsource-polyfill.ts(255,9): error TS2339: Property 'version' does not exist on type '{}'.
example/eventsource-polyfill.ts(256,9): error TS2339: Property 'versions' does not exist on type '{}'.
example/eventsource-polyfill.ts(260,9): error TS2339: Property 'on' does not exist on type '{}'.
example/eventsource-polyfill.ts(261,9): error TS2339: Property 'addListener' does not exist on type '{}'.
example/eventsource-polyfill.ts(262,9): error TS2339: Property 'once' does not exist on type '{}'.
example/eventsource-polyfill.ts(263,9): error TS2339: Property 'off' does not exist on type '{}'.
example/eventsource-polyfill.ts(264,9): error TS2339: Property 'removeListener' does not exist on type '{}'.
example/eventsource-polyfill.ts(265,9): error TS2339: Property 'removeAllListeners' does not exist on type '{}'.
example/eventsource-polyfill.ts(266,9): error TS2339: Property 'emit' does not exist on type '{}'.
example/eventsource-polyfill.ts(267,9): error TS2339: Property 'prependListener' does not exist on type '{}'.
example/eventsource-polyfill.ts(268,9): error TS2339: Property 'prependOnceListener' does not exist on type '{}'.
example/eventsource-polyfill.ts(270,9): error TS2339: Property 'listeners' does not exist on type '{}'.
example/eventsource-polyfill.ts(272,9): error TS2339: Property 'binding' does not exist on type '{}'.
example/eventsource-polyfill.ts(276,9): error TS2339: Property 'cwd' does not exist on type '{}'.
example/eventsource-polyfill.ts(277,9): error TS2339: Property 'chdir' does not exist on type '{}'.
example/eventsource-polyfill.ts(277,32): error TS2304: Cannot find name 'Dir'.
example/eventsource-polyfill.ts(280,9): error TS2339: Property 'umask' does not exist on type '{}'.
example/eventsource-polyfill.ts(314,67): error TS2304: Cannot find name '__w_pdfjs_require'.
example/eventsource-polyfill.ts(371,9): error TS2339: Property '__proto__' does not exist on type 'Uint8Array'.
example/eventsource-polyfill.ts(372,16): error TS2339: Property 'foo' does not exist on type 'Uint8Array'.
example/eventsource-polyfill.ts(392,5): error TS2740: Type 'Uint8Array' is missing the following properties from type 'Buffer': write, toJSON, equals, compare, and 66 more.
example/eventsource-polyfill.ts(393,10): error TS2339: Property '__proto__' does not exist on type 'Buffer'.
example/eventsource-polyfill.ts(397,14): error TS2350: Only a void function can be called with the 'new' keyword.
example/eventsource-polyfill.ts(397,14): error TS2554: Expected 3 arguments, but got 1.
example/eventsource-polyfill.ts(399,10): error TS2540: Cannot assign to 'length' because it is a read-only property.
example/eventsource-polyfill.ts(417,12): error TS2350: Only a void function can be called with the 'new' keyword.
example/eventsource-polyfill.ts(436,7): error TS2339: Property '__proto__' does not exist on type 'Uint8Array'.
example/eventsource-polyfill.ts(445,45): error TS2358: The left-hand side of an 'instanceof' expression must be of type 'any', an object type or a type parameter.
example/eventsource-polyfill.ts(450,36): error TS2345: Argument of type 'number' is not assignable to parameter of type 'String'.
example/eventsource-polyfill.ts(481,28): error TS2304: Cannot find name 'umber'.
example/eventsource-polyfill.ts(515,23): error TS2345: Argument of type 'ArrayBufferView' is not assignable to parameter of type 'Buffer'.
  Type 'ArrayBufferView' is missing the following properties from type 'Buffer': write, toJSON, equals, compare, and 94 more.
example/eventsource-polyfill.ts(537,28): error TS2304: Cannot find name 'Binary'.
example/eventsource-polyfill.ts(542,26): error TS2345: Argument of type 'String' is not assignable to parameter of type 'string'.
  'string' is a primitive, but 'String' is a wrapper object. Prefer using 'string' when possible.
example/eventsource-polyfill.ts(546,27): error TS2345: Argument of type 'String' is not assignable to parameter of type 'Buffer'.
  Type 'String' is missing the following properties from type 'Buffer': write, toJSON, equals, compare, and 90 more.
example/eventsource-polyfill.ts(561,31): error TS2314: Generic type 'ArrayLike<T>' requires 1 type argument(s).
example/eventsource-polyfill.ts(561,50): error TS2314: Generic type 'Array<T>' requires 1 type argument(s).
example/eventsource-polyfill.ts(582,28): error TS2769: No overload matches this call.
  The last overload gave the following error.
    Argument of type 'ArrayBufferView' is not assignable to parameter of type 'ArrayBufferLike'.
      Type 'ArrayBufferView' is missing the following properties from type 'SharedArrayBuffer': slice, [Symbol.species], [Symbol.toStringTag]
example/eventsource-polyfill.ts(584,28): error TS2345: Argument of type 'ArrayBufferView' is not assignable to parameter of type 'ArrayBufferLike'.
example/eventsource-polyfill.ts(586,28): error TS2345: Argument of type 'ArrayBufferView' is not assignable to parameter of type 'ArrayBufferLike'.
example/eventsource-polyfill.ts(592,10): error TS2339: Property '__proto__' does not exist on type 'ArrayBufferView'.
example/eventsource-polyfill.ts(602,27): error TS2339: Property 'length' does not exist on type 'Object'.
example/eventsource-polyfill.ts(603,25): error TS2345: Argument of type 'Uint8Array' is not assignable to parameter of type 'Buffer'.
example/eventsource-polyfill.ts(609,9): error TS2339: Property 'copy' does not exist on type 'Object'.
example/eventsource-polyfill.ts(615,13): error TS2339: Property 'buffer' does not exist on type 'Object'.
example/eventsource-polyfill.ts(616,22): error TS2339: Property 'length' does not exist on type 'Object'.
example/eventsource-polyfill.ts(616,55): error TS2339: Property 'length' does not exist on type 'Object'.
example/eventsource-polyfill.ts(617,29): error TS2345: Argument of type 'Uint8Array' is not assignable to parameter of type 'Buffer'.
example/eventsource-polyfill.ts(622,13): error TS2339: Property 'type' does not exist on type 'Object'.
example/eventsource-polyfill.ts(622,46): error TS2339: Property 'data' does not exist on type 'Object'.
example/eventsource-polyfill.ts(623,38): error TS2339: Property 'data' does not exist on type 'Object'.
example/eventsource-polyfill.ts(644,17): error TS2554: Expected 3 arguments, but got 1.
example/eventsource-polyfill.ts(647,41): error TS2304: Cannot find name 'y'.
example/eventsource-polyfill.ts(693,40): error TS2314: Generic type 'Array<T>' requires 1 type argument(s).
example/eventsource-polyfill.ts(699,19): error TS2554: Expected 3 arguments, but got 1.
example/eventsource-polyfill.ts(728,38): error TS2358: The left-hand side of an 'instanceof' expression must be of type 'any', an object type or a type parameter.
example/eventsource-polyfill.ts(732,5): error TS2322: Type 'string' is not assignable to type 'Buffer'.
example/eventsource-polyfill.ts(749,16): error TS2554: Expected 2 arguments, but got 1.
example/eventsource-polyfill.ts(760,33): error TS2554: Expected 2 arguments, but got 1.
example/eventsource-polyfill.ts(827,12): error TS2678: Type '"utf-16le"' is not comparable to type 'BufferEncoding'.
example/eventsource-polyfill.ts(832,9): error TS2322: Type 'string' is not assignable to type 'BufferEncoding'.
example/eventsource-polyfill.ts(842,19): error TS2314: Generic type 'Array<T>' requires 1 type argument(s).
example/eventsource-polyfill.ts(917,27): error TS2339: Property 'length' does not exist on type 'number'.
example/eventsource-polyfill.ts(926,33): error TS2339: Property 'length' does not exist on type 'number'.
example/eventsource-polyfill.ts(952,27): error TS2339: Property 'slice' does not exist on type 'number'.
example/eventsource-polyfill.ts(1007,18): error TS2554: Expected 3 arguments, but got 2.
example/eventsource-polyfill.ts(1013,13): error TS2339: Property 'length' does not exist on type 'number'.
example/eventsource-polyfill.ts(1027,33): error TS2345: Argument of type 'number[]' is not assignable to parameter of type 'number'.
example/eventsource-polyfill.ts(1036,23): error TS2339: Property 'length' does not exist on type 'number'.
example/eventsource-polyfill.ts(1039,5): error TS2322: Type 'string' is not assignable to type 'number'.
example/eventsource-polyfill.ts(1040,9): error TS2367: This condition will always return 'false' since the types 'number' and 'string' have no overlap.
example/eventsource-polyfill.ts(1040,32): error TS2367: This condition will always return 'false' since the types 'number' and 'string' have no overlap.
example/eventsource-polyfill.ts(1041,9): error TS2367: This condition will always return 'false' since the types 'number' and 'string' have no overlap.
example/eventsource-polyfill.ts(1041,35): error TS2367: This condition will always return 'false' since the types 'number' and 'string' have no overlap.
example/eventsource-polyfill.ts(1042,33): error TS2339: Property 'length' does not exist on type 'number'.
example/eventsource-polyfill.ts(1064,16): error TS2345: Argument of type 'ArrayLike<number>' is not assignable to parameter of type 'Buffer'.
  Type 'ArrayLike<number>' is missing the following properties from type 'Buffer': write, toJSON, equals, compare, and 96 more.
example/eventsource-polyfill.ts(1064,33): error TS2345: Argument of type 'number' is not assignable to parameter of type 'Buffer'.
example/eventsource-polyfill.ts(1077,18): error TS2345: Argument of type 'ArrayLike<number>' is not assignable to parameter of type 'Buffer'.
example/eventsource-polyfill.ts(1077,39): error TS2345: Argument of type 'number' is not assignable to parameter of type 'Buffer'.
example/eventsource-polyfill.ts(1094,64): error TS2345: Argument of type 'boolean' is not assignable to parameter of type 'number'.
example/eventsource-polyfill.ts(1098,64): error TS2345: Argument of type 'boolean' is not assignable to parameter of type 'number'.
example/eventsource-polyfill.ts(1129,21): error TS2345: Argument of type 'any[]' is not assignable to parameter of type 'Buffer'.
  Type 'any[]' is missing the following properties from type 'Buffer': write, toJSON, equals, compare, and 73 more.
example/eventsource-polyfill.ts(1129,33): error TS2345: Argument of type 'string | Buffer' is not assignable to parameter of type 'Uint8Array'.
  Type 'string' is not assignable to type 'Uint8Array'.
example/eventsource-polyfill.ts(1133,21): error TS2345: Argument of type 'any[]' is not assignable to parameter of type 'Buffer'.
example/eventsource-polyfill.ts(1133,34): error TS2345: Argument of type 'String' is not assignable to parameter of type 'Uint8Array'.
  Type 'String' is missing the following properties from type 'Uint8Array': BYTES_PER_ELEMENT, buffer, byteLength, byteOffset, and 20 more.
example/eventsource-polyfill.ts(1137,26): error TS2345: Argument of type 'string | Buffer' is not assignable to parameter of type 'String'.
  Type 'Buffer' is missing the following properties from type 'String': charAt, charCodeAt, concat, localeCompare, and 37 more.
example/eventsource-polyfill.ts(1145,21): error TS2345: Argument of type 'any[]' is not assignable to parameter of type 'Buffer'.
example/eventsource-polyfill.ts(1145,36): error TS2345: Argument of type 'String' is not assignable to parameter of type 'Uint8Array'.
example/eventsource-polyfill.ts(1151,5): error TS2322: Type 'string' is not assignable to type 'number'.
example/eventsource-polyfill.ts(1164,35): error TS2322: Type 'string' is not assignable to type 'number'.
example/eventsource-polyfill.ts(1183,18): error TS2322: Type 'string' is not assignable to type 'number'.
example/eventsource-polyfill.ts(1188,12): error TS2678: Type 'string' is not comparable to type 'number'.
example/eventsource-polyfill.ts(1191,12): error TS2678: Type 'string' is not comparable to type 'number'.
example/eventsource-polyfill.ts(1192,12): error TS2678: Type 'string' is not comparable to type 'number'.
example/eventsource-polyfill.ts(1195,12): error TS2678: Type 'string' is not comparable to type 'number'.
example/eventsource-polyfill.ts(1196,33): error TS2345: Argument of type 'Buffer' is not assignable to parameter of type 'String'.
example/eventsource-polyfill.ts(1198,12): error TS2678: Type 'string' is not comparable to type 'number'.
example/eventsource-polyfill.ts(1199,12): error TS2678: Type 'string' is not comparable to type 'number'.
example/eventsource-polyfill.ts(1202,12): error TS2678: Type 'string' is not comparable to type 'number'.
example/eventsource-polyfill.ts(1206,12): error TS2678: Type 'string' is not comparable to type 'number'.
example/eventsource-polyfill.ts(1207,12): error TS2678: Type 'string' is not comparable to type 'number'.
example/eventsource-polyfill.ts(1208,12): error TS2678: Type 'string' is not comparable to type 'number'.
example/eventsource-polyfill.ts(1209,12): error TS2678: Type 'string' is not comparable to type 'number'.
example/eventsource-polyfill.ts(1210,32): error TS2345: Argument of type 'Buffer' is not assignable to parameter of type 'String'.
example/eventsource-polyfill.ts(1214,9): error TS2322: Type 'string' is not assignable to type 'number'.
example/eventsource-polyfill.ts(1400,14): error TS2350: Only a void function can be called with the 'new' keyword.
example/eventsource-polyfill.ts(1400,14): error TS2554: Expected 3 arguments, but got 2.
example/eventsource-polyfill.ts(1811,26): error TS2339: Property 'length' does not exist on type 'ArrayBuffer'.
example/eventsource-polyfill.ts(1949,9): error TS2554: Expected 2 arguments, but got 1.
example/eventsource-polyfill.ts(1949,21): error TS2350: Only a void function can be called with the 'new' keyword.
example/eventsource-polyfill.ts(1949,21): error TS2554: Expected 3 arguments, but got 2.
example/eventsource-polyfill.ts(1966,20): error TS2345: Argument of type 'string | Buffer' is not assignable to parameter of type 'string'.
  Type 'Buffer' is not assignable to type 'string'.
example/eventsource-polyfill.ts(1994,24): error TS2339: Property 'charCodeAt' does not exist on type 'Uint8Array'.
example/eventsource-polyfill.ts(2070,24): error TS2339: Property 'charCodeAt' does not exist on type 'Uint8Array'.
example/eventsource-polyfill.ts(2081,13): error TS2339: Property 'charCodeAt' does not exist on type 'Uint8Array'.
example/eventsource-polyfill.ts(2092,41): error TS2345: Argument of type 'string | Uint8Array' is not assignable to parameter of type 'string | Buffer'.
  Type 'Uint8Array' is not assignable to type 'string | Buffer'.
    Type 'Uint8Array' is not assignable to type 'Buffer'.
example/eventsource-polyfill.ts(2111,67): error TS2304: Cannot find name '__w_pdfjs_require'.
example/eventsource-polyfill.ts(2177,26): error TS2304: Cannot find name 'DuplexOptions'.
example/eventsource-polyfill.ts(2178,41): error TS2350: Only a void function can be called with the 'new' keyword.
example/eventsource-polyfill.ts(2215,8): error TS2339: Property 'end' does not exist on type 'ReadableStream'.
example/eventsource-polyfill.ts(2248,67): error TS2304: Cannot find name '__w_pdfjs_require'.
example/eventsource-polyfill.ts(2282,25): error TS2304: Cannot find name 'mixed'.
example/eventsource-polyfill.ts(2287,22): error TS2304: Cannot find name 'mixed'.
example/eventsource-polyfill.ts(2307,24): error TS2304: Cannot find name 'nknown'.
example/eventsource-polyfill.ts(2312,27): error TS2304: Cannot find name 'mixed'.
example/eventsource-polyfill.ts(2322,24): error TS2304: Cannot find name 'mixed'.
example/eventsource-polyfill.ts(2342,27): error TS2304: Cannot find name 'mixed'.
example/eventsource-polyfill.ts(2352,27): error TS2551: Property 'isBuffer' does not exist on type 'Buffer'. Did you mean 'buffer'?
example/eventsource-polyfill.ts(2362,67): error TS2304: Cannot find name '__w_pdfjs_require'.
example/eventsource-polyfill.ts(2415,67): error TS2304: Cannot find name '__w_pdfjs_require'.
example/eventsource-polyfill.ts(2449,36): error TS2304: Cannot find name 'umber'.
example/eventsource-polyfill.ts(2466,42): error TS2304: Cannot find name 'umber'.
example/eventsource-polyfill.ts(2473,46): error TS2304: Cannot find name 'umber'.
example/eventsource-polyfill.ts(2483,67): error TS2304: Cannot find name '__w_pdfjs_require'.
example/eventsource-polyfill.ts(2641,5): error TS2322: Type 'string' is not assignable to type 'RegExpExecArray'.
example/eventsource-polyfill.ts(2642,28): error TS2339: Property 'toLowerCase' does not exist on type 'RegExpExecArray'.
example/eventsource-polyfill.ts(2653,48): error TS2538: Type 'RegExpExecArray' cannot be used as an index type.
example/eventsource-polyfill.ts(2659,25): error TS2538: Type 'RegExpExecArray' cannot be used as an index type.
example/eventsource-polyfill.ts(2660,46): error TS2538: Type 'RegExpExecArray' cannot be used as an index type.
example/eventsource-polyfill.ts(2805,21): error TS2403: Subsequent variable declarations must have the same type.  Variable 'l' must be of type 'any', but here has type 'number'.
example/eventsource-polyfill.ts(2846,9): error TS2403: Subsequent variable declarations must have the same type.  Variable 'p' must be of type 'string', but here has type 'any'.
example/eventsource-polyfill.ts(2862,33): error TS2554: Expected 3 arguments, but got 1.
example/eventsource-polyfill.ts(2864,14): error TS2339: Property 'format' does not exist on type '{}'.
example/eventsource-polyfill.ts(2888,7): error TS2322: Type 'string' is not assignable to type 'boolean'.
example/eventsource-polyfill.ts(2906,5): error TS2322: Type 'string' is not assignable to type 'boolean'.
example/eventsource-polyfill.ts(2909,5): error TS2322: Type 'string' is not assignable to type 'boolean'.
example/eventsource-polyfill.ts(2916,31): error TS2345: Argument of type 'RegExp' is not assignable to parameter of type 'string | number | boolean'.
example/eventsource-polyfill.ts(2923,29): error TS2749: 'Url' refers to a value, but is being used as a type here. Did you mean 'typeof Url'?
example/eventsource-polyfill.ts(2923,45): error TS2749: 'Url' refers to a value, but is being used as a type here. Did you mean 'typeof Url'?
example/eventsource-polyfill.ts(2927,44): error TS2304: Cannot find name 'Relative'.
example/eventsource-polyfill.ts(3210,5): error TS2322: Type 'string' is not assignable to type 'RegExpExecArray'.
example/eventsource-polyfill.ts(3211,9): error TS2367: This condition will always return 'true' since the types 'RegExpExecArray' and 'string' have no overlap.
example/eventsource-polyfill.ts(3212,24): error TS2339: Property 'substr' does not exist on type 'RegExpExecArray'.
example/eventsource-polyfill.ts(3222,67): error TS2304: Cannot find name '__w_pdfjs_require'.
example/eventsource-polyfill.ts(3261,15): error TS2769: No overload matches this call.
  Overload 1 of 2, '(...items: ConcatArray<string>[]): string[]', gave the following error.
    Argument of type 'symbol[]' is not assignable to parameter of type 'ConcatArray<string>'.
      The types returned by 'slice(...)' are incompatible between these types.
        Type 'symbol[]' is not assignable to type 'string[]'.
          Type 'symbol' is not assignable to type 'string'.
  Overload 2 of 2, '(...items: (string | ConcatArray<string>)[]): string[]', gave the following error.
    Argument of type 'symbol[]' is not assignable to parameter of type 'string | ConcatArray<string>'.
      Type 'symbol[]' is not assignable to type 'ConcatArray<string>'.
example/eventsource-polyfill.ts(3273,63): error TS2304: Cannot find name 'ixed'.
example/eventsource-polyfill.ts(3334,33): error TS2749: 'EventEmitter' refers to a value, but is being used as a type here. Did you mean 'typeof EventEmitter'?
example/eventsource-polyfill.ts(3336,25): error TS2339: Property 'defaultMaxListeners' does not exist on type '{ (): void; EventEmitter: ...; init(): void; listenerCount(emitter: IEventEmitter, type: string): any; }'.
example/eventsource-polyfill.ts(3367,9): error TS2339: Property 'context' does not exist on type 'Error'.
example/eventsource-polyfill.ts(3395,19): error TS2339: Property '_events' does not exist on type 'HTMLElement'.
example/eventsource-polyfill.ts(3397,21): error TS2339: Property '_events' does not exist on type 'HTMLElement'.
example/eventsource-polyfill.ts(3398,12): error TS2339: Property '_eventsCount' does not exist on type 'HTMLElement'.
example/eventsource-polyfill.ts(3403,14): error TS2339: Property 'emit' does not exist on type 'HTMLElement'.
example/eventsource-polyfill.ts(3404,28): error TS2339: Property 'listener' does not exist on type 'Function'.
example/eventsource-polyfill.ts(3404,48): error TS2339: Property 'listener' does not exist on type 'Function'.
example/eventsource-polyfill.ts(3408,23): error TS2339: Property '_events' does not exist on type 'HTMLElement'.
example/eventsource-polyfill.ts(3416,14): error TS2339: Property '_eventsCount' does not exist on type 'HTMLElement'.
example/eventsource-polyfill.ts(3440,9): error TS2339: Property 'emitter' does not exist on type 'Error'.
example/eventsource-polyfill.ts(3441,9): error TS2339: Property 'type' does not exist on type 'Error'.
example/eventsource-polyfill.ts(3442,9): error TS2339: Property 'count' does not exist on type 'Error'.
example/eventsource-polyfill.ts(3623,48): error TS2304: Cannot find name 'IEventEmitter'.
example/eventsource-polyfill.ts(3652,26): error TS2314: Generic type 'Array<T>' requires 1 type argument(s).
example/eventsource-polyfill.ts(3661,5): error TS2542: Index signature in type 'ArrayLike<any>' only permits reading.
example/eventsource-polyfill.ts(3662,8): error TS2339: Property 'pop' does not exist on type 'ArrayLike<any>'.
example/eventsource-polyfill.ts(3668,21): error TS2339: Property 'listener' does not exist on type 'Function'.
example/eventsource-polyfill.ts(3673,24): error TS2749: 'EventEmitter' refers to a value, but is being used as a type here. Did you mean 'typeof EventEmitter'?
example/eventsource-polyfill.ts(3687,61): error TS2345: Argument of type '{ once: boolean; }' is not assignable to parameter of type 'number'.
example/eventsource-polyfill.ts(3689,61): error TS2345: Argument of type '{ once: boolean; }' is not assignable to parameter of type 'number'.
example/eventsource-polyfill.ts(3694,49): error TS2749: 'EventEmitter' refers to a value, but is being used as a type here. Did you mean 'typeof EventEmitter'?
example/eventsource-polyfill.ts(3700,50): error TS2749: 'EventEmitter' refers to a value, but is being used as a type here. Did you mean 'typeof EventEmitter'?
example/eventsource-polyfill.ts(3702,15): error TS2339: Property 'once' does not exist on type 'number'.
example/eventsource-polyfill.ts(3713,17): error TS2339: Property 'once' does not exist on type 'number'.
example/eventsource-polyfill.ts(3737,67): error TS2304: Cannot find name '__w_pdfjs_require'.
example/eventsource-polyfill.ts(3747,32): error TS2304: Cannot find name 'ny'.
example/eventsource-polyfill.ts(3747,41): error TS2304: Cannot find name 'unction'.
example/eventsource-polyfill.ts(3780,32): error TS2503: Cannot find namespace 'http'.
example/eventsource-polyfill.ts(3828,67): error TS2304: Cannot find name '__w_pdfjs_require'.
example/eventsource-polyfill.ts(3830,53): error TS2304: Cannot find name 'commonjs'.
example/eventsource-polyfill.ts(3908,67): error TS2304: Cannot find name '__w_pdfjs_require'.
example/eventsource-polyfill.ts(3922,134): error TS2304: Cannot find name 'Timer'.
example/eventsource-polyfill.ts(3940,6): error TS2367: This condition will always return 'false' since the types 'RequestMode' and '"fetch"' have no overlap.
example/eventsource-polyfill.ts(3958,31): error TS2351: This expression is not constructable.
  Type 'Buffer' has no construct signatures.
example/eventsource-polyfill.ts(3996,19): error TS2351: This expression is not constructable.
  Type 'Buffer' has no construct signatures.
example/eventsource-polyfill.ts(4073,19): error TS2351: This expression is not constructable.
  Type 'Buffer' has no construct signatures.
example/eventsource-polyfill.ts(4087,23): error TS2351: This expression is not constructable.
  Type 'Buffer' has no construct signatures.
example/eventsource-polyfill.ts(4102,18): error TS2351: This expression is not constructable.
  Type 'Buffer' has no construct signatures.
example/eventsource-polyfill.ts(4108,18): error TS2351: This expression is not constructable.
  Type 'Buffer' has no construct signatures.
example/eventsource-polyfill.ts(4117,20): error TS2351: This expression is not constructable.
  Type 'Buffer' has no construct signatures.
example/eventsource-polyfill.ts(4139,67): error TS2304: Cannot find name '__w_pdfjs_require'.
example/eventsource-polyfill.ts(4152,67): error TS2304: Cannot find name '__w_pdfjs_require'.
example/eventsource-polyfill.ts(4198,42): error TS2304: Cannot find name 'EventEmitter'.
example/eventsource-polyfill.ts(4243,35): error TS2304: Cannot find name 'EventEmitter'.
example/eventsource-polyfill.ts(4255,33): error TS2304: Cannot find name 'ReadableOptions'.
example/eventsource-polyfill.ts(4332,28): error TS2304: Cannot find name 'ReadableOptions'.
example/eventsource-polyfill.ts(4335,43): error TS2350: Only a void function can be called with the 'new' keyword.
example/eventsource-polyfill.ts(4407,106): error TS2304: Cannot find name 'Bool'.
example/eventsource-polyfill.ts(4407,129): error TS2304: Cannot find name 'Bool'.
example/eventsource-polyfill.ts(4408,22): error TS2339: Property '_readableState' does not exist on type 'ReadableStream'.
example/eventsource-polyfill.ts(4411,16): error TS2345: Argument of type 'ReadableStream' is not assignable to parameter of type 'ReadableStream<any>'.
  Type 'ReadableStream' is missing the following properties from type 'ReadableStream<any>': locked, cancel, getReader, pipeThrough, and 2 more.
example/eventsource-polyfill.ts(4430,112): error TS2345: Argument of type 'ReadableStream' is not assignable to parameter of type 'ReadableStream<any>'.
example/eventsource-polyfill.ts(4443,58): error TS2304: Cannot find name 'State'.
example/eventsource-polyfill.ts(4443,73): error TS2304: Cannot find name 'Chunk'.
example/eventsource-polyfill.ts(4454,17): error TS2345: Argument of type 'ReadableStream' is not assignable to parameter of type 'ReadableStream<any>'.
example/eventsource-polyfill.ts(4457,30): error TS2304: Cannot find name 'State'.
example/eventsource-polyfill.ts(4457,45): error TS2304: Cannot find name 'Chunk'.
example/eventsource-polyfill.ts(4472,30): error TS2304: Cannot find name 'State'.
example/eventsource-polyfill.ts(4481,49): error TS2304: Cannot find name 'Encoding'.
example/eventsource-polyfill.ts(4509,43): error TS2304: Cannot find name 'IState'.
example/eventsource-polyfill.ts(4530,16): error TS2345: Argument of type 'number' is not assignable to parameter of type 'string'.
example/eventsource-polyfill.ts(4629,13): error TS2339: Property 'ended' does not exist on type 'ReadableStream<any>'.
example/eventsource-polyfill.ts(4630,13): error TS2339: Property 'decoder' does not exist on type 'ReadableStream<any>'.
example/eventsource-polyfill.ts(4631,23): error TS2339: Property 'decoder' does not exist on type 'ReadableStream<any>'.
example/eventsource-polyfill.ts(4633,13): error TS2339: Property 'buffer' does not exist on type 'ReadableStream<any>'.
example/eventsource-polyfill.ts(4634,13): error TS2339: Property 'length' does not exist on type 'ReadableStream<any>'.
example/eventsource-polyfill.ts(4634,29): error TS2339: Property 'objectMode' does not exist on type 'ReadableStream<any>'.
example/eventsource-polyfill.ts(4637,9): error TS2339: Property 'ended' does not exist on type 'ReadableStream<any>'.
example/eventsource-polyfill.ts(4646,31): error TS2749: 'Readable' refers to a value, but is being used as a type here. Did you mean 'typeof Readable'?
example/eventsource-polyfill.ts(4656,32): error TS2749: 'Readable' refers to a value, but is being used as a type here. Did you mean 'typeof Readable'?
example/eventsource-polyfill.ts(4668,56): error TS2304: Cannot find name 'ReadableStreamState'.
example/eventsource-polyfill.ts(4675,33): error TS2749: 'Stream' refers to a value, but is being used as a type here. Did you mean 'typeof Stream'?
example/eventsource-polyfill.ts(4675,49): error TS2304: Cannot find name 'State'.
example/eventsource-polyfill.ts(4719,31): error TS2749: 'Readable' refers to a value, but is being used as a type here. Did you mean 'typeof Readable'?
example/eventsource-polyfill.ts(4719,54): error TS2304: Cannot find name 'UnpipeInfo'.
example/eventsource-polyfill.ts(4830,27): error TS2304: Cannot find name 'Observable'.
example/eventsource-polyfill.ts(4860,20): error TS2339: Property 'emit' does not exist on type 'WritableStream<any>'.
example/eventsource-polyfill.ts(4887,8): error TS2339: Property 'emit' does not exist on type 'WritableStream<any>'.
example/eventsource-polyfill.ts(4897,7): error TS2367: This condition will always return 'false' since the types 'Event' and 'string' have no overlap.
example/eventsource-polyfill.ts(4900,14): error TS2367: This condition will always return 'false' since the types 'Event' and 'string' have no overlap.
example/eventsource-polyfill.ts(4917,33): error TS2304: Cannot find name 'IAsyncResult'.
example/eventsource-polyfill.ts(4935,14): error TS2339: Property 'resumeScheduled' does not exist on type 'ReadableStream<any>'.
example/eventsource-polyfill.ts(4936,11): error TS2339: Property 'resumeScheduled' does not exist on type 'ReadableStream<any>'.
example/eventsource-polyfill.ts(4941,50): error TS2304: Cannot find name 'ReadableStreamState'.
example/eventsource-polyfill.ts(4944,12): error TS2339: Property 'read' does not exist on type 'ReadableStream<any>'.
example/eventsource-polyfill.ts(4949,10): error TS2339: Property 'emit' does not exist on type 'ReadableStream<any>'.
example/eventsource-polyfill.ts(4951,47): error TS2339: Property 'read' does not exist on type 'ReadableStream<any>'.
example/eventsource-polyfill.ts(4965,22): error TS2339: Property '_readableState' does not exist on type 'ReadableStream<any>'.
example/eventsource-polyfill.ts(4967,34): error TS2339: Property 'read' does not exist on type 'ReadableStream<any>'.
example/eventsource-polyfill.ts(4979,10): error TS2339: Property 'on' does not exist on type 'ReadableStream<any>'.
example/eventsource-polyfill.ts(4989,10): error TS2339: Property 'on' does not exist on type 'ReadableStream<any>'.
example/eventsource-polyfill.ts(4999,14): error TS2339: Property 'pause' does not exist on type 'ReadableStream<any>'.
example/eventsource-polyfill.ts(5009,25): error TS2538: Type 'Function' cannot be used as an index type.
example/eventsource-polyfill.ts(5011,9): error TS2345: Argument of type 'string' is not assignable to parameter of type 'Function'.
example/eventsource-polyfill.ts(5017,12): error TS2339: Property 'on' does not exist on type 'ReadableStream<any>'.
example/eventsource-polyfill.ts(5026,14): error TS2339: Property 'resume' does not exist on type 'ReadableStream<any>'.
example/eventsource-polyfill.ts(5050,38): error TS2304: Cannot find name 'State'.
example/eventsource-polyfill.ts(5070,44): error TS2304: Cannot find name 'List'.
example/eventsource-polyfill.ts(5081,71): error TS2345: Argument of type 'number' is not assignable to parameter of type 'Buffer'.
example/eventsource-polyfill.ts(5091,16): error TS2339: Property 'head' does not exist on type 'string[]'.
example/eventsource-polyfill.ts(5103,26): error TS2339: Property 'head' does not exist on type 'string[]'.
example/eventsource-polyfill.ts(5103,50): error TS2339: Property 'head' does not exist on type 'string[]'.
example/eventsource-polyfill.ts(5103,62): error TS2339: Property 'tail' does not exist on type 'string[]'.
example/eventsource-polyfill.ts(5105,14): error TS2339: Property 'head' does not exist on type 'string[]'.
example/eventsource-polyfill.ts(5121,16): error TS2339: Property 'head' does not exist on type 'Buffer[]'.
example/eventsource-polyfill.ts(5124,3): error TS2362: The left-hand side of an arithmetic operation must be of type 'any', 'number', 'bigint' or an enum type.
example/eventsource-polyfill.ts(5128,32): error TS2363: The right-hand side of an arithmetic operation must be of type 'any', 'number', 'bigint' or an enum type.
example/eventsource-polyfill.ts(5129,5): error TS2362: The left-hand side of an arithmetic operation must be of type 'any', 'number', 'bigint' or an enum type.
example/eventsource-polyfill.ts(5130,9): error TS2367: This condition will always return 'false' since the types 'Buffer' and 'number' have no overlap.
example/eventsource-polyfill.ts(5133,26): error TS2339: Property 'head' does not exist on type 'Buffer[]'.
example/eventsource-polyfill.ts(5133,50): error TS2339: Property 'head' does not exist on type 'Buffer[]'.
example/eventsource-polyfill.ts(5133,62): error TS2339: Property 'tail' does not exist on type 'Buffer[]'.
example/eventsource-polyfill.ts(5135,14): error TS2339: Property 'head' does not exist on type 'Buffer[]'.
example/eventsource-polyfill.ts(5146,30): error TS2749: 'Readable' refers to a value, but is being used as a type here. Did you mean 'typeof Readable'?
example/eventsource-polyfill.ts(5159,31): error TS2749: 'ReadableState' refers to a value, but is being used as a type here. Did you mean 'typeof ReadableState'?
example/eventsource-polyfill.ts(5163,12): error TS2339: Property 'readable' does not exist on type 'ReadableStream<any>'.
example/eventsource-polyfill.ts(5164,12): error TS2339: Property 'emit' does not exist on type 'ReadableStream<any>'.
example/eventsource-polyfill.ts(5168,28): error TS2304: Cannot find name 'T'.
example/eventsource-polyfill.ts(5168,36): error TS2304: Cannot find name 'T'.
example/eventsource-polyfill.ts(5178,67): error TS2304: Cannot find name '__w_pdfjs_require'.
example/eventsource-polyfill.ts(5185,67): error TS2304: Cannot find name '__w_pdfjs_require'.
example/eventsource-polyfill.ts(5254,64): error TS2694: Namespace 'NodeJS' has no exported member 'Errno'.
example/eventsource-polyfill.ts(5265,67): error TS2304: Cannot find name '__w_pdfjs_require'.
example/eventsource-polyfill.ts(5312,31): error TS2304: Cannot find name 'CorkedRequestState'.
example/eventsource-polyfill.ts(5318,5): error TS2554: Expected 3 arguments, but got 2.
example/eventsource-polyfill.ts(5367,33): error TS2304: Cannot find name 'WritableOptions'.
example/eventsource-polyfill.ts(5517,28): error TS2304: Cannot find name 'WritableOptions'.
example/eventsource-polyfill.ts(5528,12): error TS2350: Only a void function can be called with the 'new' keyword.
example/eventsource-polyfill.ts(5569,5): error TS2322: Type 'TypeError' is not assignable to type 'boolean'.
example/eventsource-polyfill.ts(5570,73): error TS2339: Property 'objectMode' does not exist on type 'ReadableStream<any>'.
example/eventsource-polyfill.ts(5571,5): error TS2322: Type 'TypeError' is not assignable to type 'boolean'.
example/eventsource-polyfill.ts(5574,12): error TS2339: Property 'emit' does not exist on type 'ReadableStream<any>'.
example/eventsource-polyfill.ts(5599,86): error TS2345: Argument of type 'Buffer' is not assignable to parameter of type 'Function'.
  Type 'Buffer' is missing the following properties from type 'Function': apply, call, bind, prototype, and 5 more.
example/eventsource-polyfill.ts(5631,29): error TS2304: Cannot find name 'State'.
example/eventsource-polyfill.ts(5631,44): error TS2304: Cannot find name 'Chunk'.
example/eventsource-polyfill.ts(5631,62): error TS2304: Cannot find name 'Encoding'.
example/eventsource-polyfill.ts(5651,63): error TS2304: Cannot find name 'BufferState'.
example/eventsource-polyfill.ts(5651,101): error TS2304: Cannot find name 'Chunk'.
example/eventsource-polyfill.ts(5690,57): error TS2304: Cannot find name 'BufferState'.
example/eventsource-polyfill.ts(5690,79): error TS2304: Cannot find name 'BufferWriteVState'.
example/eventsource-polyfill.ts(5695,22): error TS2551: Property '_writev' does not exist on type 'WritableStream'. Did you mean 'write'?
example/eventsource-polyfill.ts(5695,64): error TS2551: Property '_write' does not exist on type 'WritableStream'. Did you mean 'write'?
example/eventsource-polyfill.ts(5699,55): error TS2304: Cannot find name 'WritableStreamState'.
example/eventsource-polyfill.ts(5699,83): error TS2304: Cannot find name 'SyncHook'.
example/eventsource-polyfill.ts(5699,98): error TS2304: Cannot find name 'ErrorHook'.
example/eventsource-polyfill.ts(5709,12): error TS2339: Property '_writableState' does not exist on type 'WritableStream<any>'.
example/eventsource-polyfill.ts(5710,12): error TS2339: Property 'emit' does not exist on type 'WritableStream<any>'.
example/eventsource-polyfill.ts(5715,12): error TS2339: Property '_writableState' does not exist on type 'WritableStream<any>'.
example/eventsource-polyfill.ts(5716,12): error TS2339: Property 'emit' does not exist on type 'WritableStream<any>'.
example/eventsource-polyfill.ts(5723,36): error TS2749: 'WritableState' refers to a value, but is being used as a type here. Did you mean 'typeof WritableState'?
example/eventsource-polyfill.ts(5731,22): error TS2339: Property '_writableState' does not exist on type 'WritableStream<any>'.
example/eventsource-polyfill.ts(5742,19): error TS2345: Argument of type 'WritableStream<any>' is not assignable to parameter of type 'ReadableStream<any>'.
  Type 'WritableStream<any>' is missing the following properties from type 'ReadableStream<any>': cancel, getReader, pipeThrough, pipeTo, tee
example/eventsource-polyfill.ts(5755,53): error TS2304: Cannot find name 'WritableStreamState'.
example/eventsource-polyfill.ts(5756,31): error TS2345: Argument of type 'WritableStream<any>' is not assignable to parameter of type 'ReadableStream'.
  Type 'WritableStream<any>' is missing the following properties from type 'ReadableStream': readable, read, setEncoding, pause, and 22 more.
example/eventsource-polyfill.ts(5766,13): error TS2339: Property 'length' does not exist on type 'number'.
example/eventsource-polyfill.ts(5766,35): error TS2339: Property 'needDrain' does not exist on type 'number'.
example/eventsource-polyfill.ts(5767,11): error TS2339: Property 'needDrain' does not exist on type 'number'.
example/eventsource-polyfill.ts(5773,54): error TS2304: Cannot find name 'BufferState'.
example/eventsource-polyfill.ts(5777,14): error TS2339: Property '_writev' does not exist on type 'ReadableStream<any>'.
example/eventsource-polyfill.ts(5792,12): error TS2339: Property 'allBuffers' does not exist on type 'any[]'.
example/eventsource-polyfill.ts(5794,13): error TS2345: Argument of type 'ReadableStream<any>' is not assignable to parameter of type 'WritableStream'.
  Type 'ReadableStream<any>' is missing the following properties from type 'WritableStream': writable, write, end, addListener, and 14 more.
example/eventsource-polyfill.ts(5815,15): error TS2345: Argument of type 'ReadableStream<any>' is not assignable to parameter of type 'WritableStream'.
example/eventsource-polyfill.ts(5864,28): error TS2304: Cannot find name 'State'.
example/eventsource-polyfill.ts(5868,10): error TS2339: Property '_final' does not exist on type 'ReadableStream<any>'.
example/eventsource-polyfill.ts(5869,11): error TS2339: Property 'pendingcb' does not exist on type 'ReadableStream<any>'.
example/eventsource-polyfill.ts(5871,14): error TS2339: Property 'emit' does not exist on type 'ReadableStream<any>'.
example/eventsource-polyfill.ts(5873,11): error TS2339: Property 'prefinished' does not exist on type 'ReadableStream<any>'.
example/eventsource-polyfill.ts(5874,12): error TS2339: Property 'emit' does not exist on type 'ReadableStream<any>'.
example/eventsource-polyfill.ts(5878,28): error TS2749: 'Stream' refers to a value, but is being used as a type here. Did you mean 'typeof Stream'?
example/eventsource-polyfill.ts(5878,44): error TS2304: Cannot find name 'State'.
example/eventsource-polyfill.ts(5891,30): error TS2749: 'Stream' refers to a value, but is being used as a type here. Did you mean 'typeof Stream'?
example/eventsource-polyfill.ts(5891,46): error TS2304: Cannot find name 'State'.
example/eventsource-polyfill.ts(5903,54): error TS2304: Cannot find name 'WritableStreamState'.
example/eventsource-polyfill.ts(5907,54): error TS2339: Property 'once' does not exist on type 'WritableStream<any>'.
example/eventsource-polyfill.ts(5910,10): error TS2339: Property 'writable' does not exist on type 'WritableStream<any>'.
example/eventsource-polyfill.ts(5913,34): error TS2749: 'CorkedRequest' refers to a value, but is being used as a type here. Did you mean 'typeof CorkedRequest'?
example/eventsource-polyfill.ts(5913,57): error TS2304: Cannot find name 'CorkedState'.
example/eventsource-polyfill.ts(5959,67): error TS2304: Cannot find name '__w_pdfjs_require'.
example/eventsource-polyfill.ts(6030,33): error TS2304: Cannot find name 'Encoding'.
example/eventsource-polyfill.ts(6040,34): error TS2304: Cannot find name 'Encoding'.
example/eventsource-polyfill.ts(6109,36): error TS2304: Cannot find name 'Utf8Checker'.
example/eventsource-polyfill.ts(6142,36): error TS2304: Cannot find name 'Utf8Checker'.
example/eventsource-polyfill.ts(6142,55): error TS2304: Cannot find name 'byte'.
example/eventsource-polyfill.ts(6142,65): error TS2304: Cannot find name 'Uint16'.
example/eventsource-polyfill.ts(6232,36): error TS2554: Expected 0 arguments, but got 2.
example/eventsource-polyfill.ts(6241,23): error TS2554: Expected 0 arguments, but got 3.
example/eventsource-polyfill.ts(6261,67): error TS2304: Cannot find name '__w_pdfjs_require'.
example/eventsource-polyfill.ts(6340,29): error TS2304: Cannot find name 'TransformError'.
example/eventsource-polyfill.ts(6365,29): error TS2304: Cannot find name 'TransformOptions'.
example/eventsource-polyfill.ts(6366,44): error TS2350: Only a void function can be called with the 'new' keyword.
example/eventsource-polyfill.ts(6468,12): error TS2339: Property 'push' does not exist on type 'ReadableStream'.
example/eventsource-polyfill.ts(6472,14): error TS2339: Property '_writableState' does not exist on type 'ReadableStream'.
example/eventsource-polyfill.ts(6474,14): error TS2339: Property '_transformState' does not exist on type 'ReadableStream'.
example/eventsource-polyfill.ts(6476,17): error TS2339: Property 'push' does not exist on type 'ReadableStream'.
example/eventsource-polyfill.ts(6481,67): error TS2304: Cannot find name '__w_pdfjs_require'.
example/eventsource-polyfill.ts(6486,10): error TS2339: Property 'EventSourcePolyfill' does not exist on type 'Window & typeof globalThis'.
example/eventsource-polyfill.ts(6496,67): error TS2304: Cannot find name '__w_pdfjs_require'.
example/eventsource-polyfill.ts(6532,58): error TS2304: Cannot find name 'EventSourceInitDict'.
example/eventsource-polyfill.ts(6533,32): error TS2339: Property 'CONNECTING' does not exist on type '(url: String, eventSourceInitDict: EventSourceInitDict) => void'.
example/eventsource-polyfill.ts(6553,36): error TS2339: Property 'CLOSED' does not exist on type '(url: String, eventSourceInitDict: EventSourceInitDict) => void'.
example/eventsource-polyfill.ts(6554,30): error TS2339: Property 'CONNECTING' does not exist on type '(url: String, eventSourceInitDict: EventSourceInitDict) => void'.
example/eventsource-polyfill.ts(6555,11): error TS2554: Expected 0 arguments, but got 2.
example/eventsource-polyfill.ts(6565,38): error TS2339: Property 'CONNECTING' does not exist on type '(url: String, eventSourceInitDict: EventSourceInitDict) => void'.
example/eventsource-polyfill.ts(6646,15): error TS2339: Property 'statusCode' does not exist on type 'Response'.
example/eventsource-polyfill.ts(6646,41): error TS2339: Property 'statusCode' does not exist on type 'Response'.
example/eventsource-polyfill.ts(6646,67): error TS2339: Property 'statusCode' does not exist on type 'Response'.
example/eventsource-polyfill.ts(6646,93): error TS2339: Property 'statusCode' does not exist on type 'Response'.
example/eventsource-polyfill.ts(6647,15): error TS2554: Expected 0 arguments, but got 2.
example/eventsource-polyfill.ts(6647,56): error TS2339: Property 'statusCode' does not exist on type 'Response'.
example/eventsource-polyfill.ts(6647,81): error TS2339: Property 'statusMessage' does not exist on type 'Response'.
example/eventsource-polyfill.ts(6648,9): error TS2554: Expected 1 arguments, but got 0.
example/eventsource-polyfill.ts(6653,15): error TS2339: Property 'statusCode' does not exist on type 'Response'.
example/eventsource-polyfill.ts(6653,41): error TS2339: Property 'statusCode' does not exist on type 'Response'.
example/eventsource-polyfill.ts(6653,67): error TS2339: Property 'statusCode' does not exist on type 'Response'.
example/eventsource-polyfill.ts(6654,36): error TS2339: Property 'location' does not exist on type 'Headers'.
example/eventsource-polyfill.ts(6657,17): error TS2554: Expected 0 arguments, but got 2.
example/eventsource-polyfill.ts(6657,58): error TS2339: Property 'statusCode' does not exist on type 'Response'.
example/eventsource-polyfill.ts(6657,83): error TS2339: Property 'statusMessage' does not exist on type 'Response'.
example/eventsource-polyfill.ts(6660,34): error TS2345: Argument of type 'String' is not assignable to parameter of type 'string | URL'.
  Type 'String' is missing the following properties from type 'URL': hash, host, hostname, href, and 8 more.
example/eventsource-polyfill.ts(6663,17): error TS2339: Property 'statusCode' does not exist on type 'Response'.
example/eventsource-polyfill.ts(6665,17): error TS2339: Property 'nextTick' does not exist on type 'Function'.
example/eventsource-polyfill.ts(6669,15): error TS2339: Property 'statusCode' does not exist on type 'Response'.
example/eventsource-polyfill.ts(6670,15): error TS2554: Expected 0 arguments, but got 2.
example/eventsource-polyfill.ts(6670,56): error TS2339: Property 'statusCode' does not exist on type 'Response'.
example/eventsource-polyfill.ts(6670,81): error TS2339: Property 'statusMessage' does not exist on type 'Response'.
example/eventsource-polyfill.ts(6674,32): error TS2339: Property 'OPEN' does not exist on type '(url: String, eventSourceInitDict: EventSourceInitDict) => void'.
example/eventsource-polyfill.ts(6675,11): error TS2339: Property 'on' does not exist on type 'Response'.
example/eventsource-polyfill.ts(6676,13): error TS2339: Property 'removeAllListeners' does not exist on type 'Response'.
example/eventsource-polyfill.ts(6677,13): error TS2339: Property 'removeAllListeners' does not exist on type 'Response'.
example/eventsource-polyfill.ts(6678,9): error TS2554: Expected 1 arguments, but got 0.
example/eventsource-polyfill.ts(6681,11): error TS2339: Property 'on' does not exist on type 'Response'.
example/eventsource-polyfill.ts(6682,13): error TS2339: Property 'removeAllListeners' does not exist on type 'Response'.
example/eventsource-polyfill.ts(6683,13): error TS2339: Property 'removeAllListeners' does not exist on type 'Response'.
example/eventsource-polyfill.ts(6684,9): error TS2554: Expected 1 arguments, but got 0.
example/eventsource-polyfill.ts(6686,13): error TS2554: Expected 0 arguments, but got 2.
example/eventsource-polyfill.ts(6686,21): error TS2554: Expected 2 arguments, but got 1.
example/eventsource-polyfill.ts(6697,11): error TS2339: Property 'on' does not exist on type 'Response'.
example/eventsource-polyfill.ts(6710,32): error TS2339: Property 'alloc' does not exist on type 'Buffer'.
example/eventsource-polyfill.ts(6789,36): error TS2339: Property 'CLOSED' does not exist on type '(url: String, eventSourceInitDict: EventSourceInitDict) => void'.
example/eventsource-polyfill.ts(6790,30): error TS2339: Property 'CLOSED' does not exist on type '(url: String, eventSourceInitDict: EventSourceInitDict) => void'.
example/eventsource-polyfill.ts(6799,15): error TS2554: Expected 0 arguments, but got 2.
example/eventsource-polyfill.ts(6802,27): error TS2345: Argument of type 'String' is not assignable to parameter of type 'string | URL'.
example/eventsource-polyfill.ts(6845,38): error TS2345: Argument of type '(method: Function) => void' is not assignable to parameter of type '(value: string, index: number, array: string[]) => void'.
  Types of parameters 'method' and 'value' are incompatible.
    Type 'string' is not assignable to type 'Function'.
example/eventsource-polyfill.ts(6905,14): error TS2339: Property '_listener' does not exist on type 'Function'.
example/eventsource-polyfill.ts(6923,31): error TS2339: Property 'detail' does not exist on type 'Event'.
example/eventsource-polyfill.ts(6937,14): error TS2339: Property '_listener' does not exist on type 'Function'.
example/eventsource-polyfill.ts(6998,67): error TS2304: Cannot find name '__w_pdfjs_require'.
example/eventsource-polyfill.ts(7053,28): error TS2304: Cannot find name 'Binary'.
example/eventsource-polyfill.ts(7246,67): error TS2304: Cannot find name '__w_pdfjs_require'.
example/eventsource-polyfill.ts(7248,53): error TS2304: Cannot find name 'define'.
example/eventsource-polyfill.ts(7248,62): error TS2502: 'global' is referenced directly or indirectly in its own type annotation.
example/eventsource-polyfill.ts(7325,22): error TS2314: Generic type 'Array<T>' requires 1 type argument(s).
example/eventsource-polyfill.ts(7344,29): error TS2304: Cannot find name 'Domain'.
example/eventsource-polyfill.ts(7456,28): error TS2363: The right-hand side of an arithmetic operation must be of type 'any', 'number', 'bigint' or an enum type.
example/eventsource-polyfill.ts(7456,44): error TS2362: The left-hand side of an arithmetic operation must be of type 'any', 'number', 'bigint' or an enum type.
example/eventsource-polyfill.ts(7504,29): error TS2345: Argument of type 'string' is not assignable to parameter of type 'number'.
example/eventsource-polyfill.ts(7511,14): error TS2339: Property 'charCodeAt' does not exist on type 'Uint8Array'.
example/eventsource-polyfill.ts(7514,22): error TS2339: Property 'charCodeAt' does not exist on type 'Uint8Array'.
example/eventsource-polyfill.ts(7533,32): error TS2339: Property 'charCodeAt' does not exist on type 'Uint8Array'.
example/eventsource-polyfill.ts(7556,32): error TS2345: Argument of type 'boolean' is not assignable to parameter of type 'number'.
example/eventsource-polyfill.ts(7572,21): error TS2345: Argument of type 'any[]' is not assignable to parameter of type 'Uint8Array'.
  Type 'any[]' is missing the following properties from type 'Uint8Array': BYTES_PER_ELEMENT, buffer, byteLength, byteOffset, and 3 more.
example/eventsource-polyfill.ts(7603,3): error TS2322: Type 'any[]' is not assignable to type 'number'.
example/eventsource-polyfill.ts(7606,23): error TS2339: Property 'length' does not exist on type 'number'.
example/eventsource-polyfill.ts(7676,49): error TS2345: Argument of type 'boolean' is not assignable to parameter of type 'number'.
example/eventsource-polyfill.ts(7776,8): error TS2339: Property 'punycode' does not exist on type 'Object'.
example/eventsource-polyfill.ts(7813,67): error TS2304: Cannot find name '__w_pdfjs_require'.
example/eventsource-polyfill.ts(7819,27): error TS2304: Cannot find name 'ny'.
example/eventsource-polyfill.ts(7822,27): error TS2304: Cannot find name 'ny'.
example/eventsource-polyfill.ts(7836,67): error TS2304: Cannot find name '__w_pdfjs_require'.
example/eventsource-polyfill.ts(7847,67): error TS2304: Cannot find name '__w_pdfjs_require'.
example/eventsource-polyfill.ts(7890,3): error TS2322: Type 'string[]' is not assignable to type 'string'.
example/eventsource-polyfill.ts(7931,46): error TS2304: Cannot find name 'Observable'.
example/eventsource-polyfill.ts(7938,67): error TS2304: Cannot find name '__w_pdfjs_require'.
example/eventsource-polyfill.ts(7964,38): error TS2304: Cannot find name 'ny'.
example/eventsource-polyfill.ts(7988,45): error TS2304: Cannot find name 'K'.
example/eventsource-polyfill.ts(8006,46): error TS2304: Cannot find name 'Observable'.
example/eventsource-polyfill.ts(8011,10): error TS2339: Property 'map' does not exist on type 'Iterable<any>'.
example/eventsource-polyfill.ts(8011,25): error TS2339: Property 'map' does not exist on type 'Iterable<any>'.
example/eventsource-polyfill.ts(8013,26): error TS2339: Property 'length' does not exist on type 'Iterable<any>'.
example/eventsource-polyfill.ts(8030,67): error TS2304: Cannot find name '__w_pdfjs_require'.
example/eventsource-polyfill.ts(8067,67): error TS2304: Cannot find name '__w_pdfjs_require'.
example/eventsource-polyfill.ts(8101,11): error TS2339: Property 'auth' does not exist on type 'Object'.
example/eventsource-polyfill.ts(8102,50): error TS2351: This expression is not constructable.
  Type 'Buffer' has no construct signatures.
example/eventsource-polyfill.ts(8102,62): error TS2339: Property 'auth' does not exist on type 'Object'.
example/eventsource-polyfill.ts(8103,19): error TS2339: Property 'headers' does not exist on type 'Object'.
example/eventsource-polyfill.ts(8104,29): error TS2339: Property 'headers' does not exist on type 'Object'.
example/eventsource-polyfill.ts(8109,11): error TS2339: Property 'mode' does not exist on type 'Object'.
example/eventsource-polyfill.ts(8113,18): error TS2339: Property 'mode' does not exist on type 'Object'.
example/eventsource-polyfill.ts(8117,18): error TS2339: Property 'mode' does not exist on type 'Object'.
example/eventsource-polyfill.ts(8120,19): error TS2339: Property 'mode' does not exist on type 'Object'.
example/eventsource-polyfill.ts(8120,32): error TS2339: Property 'mode' does not exist on type 'Object'.
example/eventsource-polyfill.ts(8120,59): error TS2339: Property 'mode' does not exist on type 'Object'.
example/eventsource-polyfill.ts(8174,32): error TS2339: Property 'concat' does not exist on type 'Buffer'.
example/eventsource-polyfill.ts(8176,22): error TS2339: Property 'Blob' does not exist on type 'Object'.
example/eventsource-polyfill.ts(8183,18): error TS2339: Property 'concat' does not exist on type 'Buffer'.
example/eventsource-polyfill.ts(8210,31): error TS2339: Property 'setTimeout' does not exist on type 'Object'.
example/eventsource-polyfill.ts(8218,10): error TS2339: Property 'fetch' does not exist on type 'Object'.
example/eventsource-polyfill.ts(8229,11): error TS2339: Property 'clearTimeout' does not exist on type 'Object'.
example/eventsource-polyfill.ts(8234,36): error TS2339: Property 'XMLHttpRequest' does not exist on type 'Object'.
example/eventsource-polyfill.ts(8238,12): error TS2339: Property 'nextTick' does not exist on type 'Object'.
example/eventsource-polyfill.ts(8291,12): error TS2339: Property 'nextTick' does not exist on type 'Object'.
example/eventsource-polyfill.ts(8349,9): error TS2339: Property 'clearTimeout' does not exist on type 'Object'.
example/eventsource-polyfill.ts(8407,67): error TS2304: Cannot find name '__w_pdfjs_require'.
example/eventsource-polyfill.ts(8412,36): error TS2749: 'Constructor' refers to a value, but is being used as a type here. Did you mean 'typeof Constructor'?
example/eventsource-polyfill.ts(8430,48): error TS2304: Cannot find name 'T'.
example/eventsource-polyfill.ts(8437,54): error TS2304: Cannot find name 'T'.
example/eventsource-polyfill.ts(8498,67): error TS2304: Cannot find name '__w_pdfjs_require'.
example/eventsource-polyfill.ts(8516,13): error TS2339: Property 'close' does not exist on type 'Timeout'.
example/eventsource-polyfill.ts(8530,33): error TS2304: Cannot find name 'Item'.
example/eventsource-polyfill.ts(8535,35): error TS2304: Cannot find name 'Item'.
example/eventsource-polyfill.ts(8540,56): error TS2304: Cannot find name 'Item'.
example/eventsource-polyfill.ts(8568,67): error TS2304: Cannot find name '__w_pdfjs_require'.
example/eventsource-polyfill.ts(8604,24): error TS2304: Cannot find name 'Task'.
example/eventsource-polyfill.ts(8634,38): error TS2538: Type 'Function' cannot be used as an index type.
example/eventsource-polyfill.ts(8640,36): error TS2345: Argument of type 'Function' is not assignable to parameter of type 'number'.
example/eventsource-polyfill.ts(8648,46): error TS2304: Cannot find name 'Handle'.
example/eventsource-polyfill.ts(8675,23): error TS2339: Property 'source' does not exist on type 'Event'.
example/eventsource-polyfill.ts(8676,30): error TS2339: Property 'data' does not exist on type 'Event'.
example/eventsource-polyfill.ts(8677,23): error TS2339: Property 'data' does not exist on type 'Event'.
example/eventsource-polyfill.ts(8678,30): error TS2345: Argument of type 'number' is not assignable to parameter of type 'Function'.
example/eventsource-polyfill.ts(8678,37): error TS2339: Property 'data' does not exist on type 'Event'.
example/eventsource-polyfill.ts(8688,46): error TS2304: Cannot find name 'Handle'.
example/eventsource-polyfill.ts(8696,32): error TS2339: Property 'data' does not exist on type 'Event'.
example/eventsource-polyfill.ts(8707,46): error TS2304: Cannot find name 'Handle'.
example/eventsource-polyfill.ts(8761,67): error TS2304: Cannot find name '__w_pdfjs_require'.
example/eventsource-polyfill.ts(8797,25): error TS2345: Argument of type 'String' is not assignable to parameter of type 'string'.
  'string' is a primitive, but 'String' is a wrapper object. Prefer using 'string' when possible.
example/eventsource-polyfill.ts(8826,33): error TS2538: Type 'String' cannot be used as an index type.
example/eventsource-polyfill.ts(8835,67): error TS2304: Cannot find name '__w_pdfjs_require'.
example/eventsource-polyfill.ts(8876,31): error TS2304: Cannot find name 'PassThroughOptions'.
example/eventsource-polyfill.ts(8877,46): error TS2350: Only a void function can be called with the 'new' keyword.
example/eventsource-polyfill.ts(8888,67): error TS2304: Cannot find name '__w_pdfjs_require'.
example/eventsource-polyfill.ts(9016,67): error TS2304: Cannot find name '__w_pdfjs_require'.
example/eventsource-polyfill.ts(9054,20): error TS2554: Expected 2 arguments, but got 1.
example/eventsource-polyfill.ts(9062,45): error TS2769: No overload matches this call.
  The last overload gave the following error.
    Argument of type '(x: string) => string | number' is not assignable to parameter of type '(substring: string, ...args: any[]) => string'.
      Type 'string | number' is not assignable to type 'string'.
        Type 'number' is not assignable to type 'string'.
example/eventsource-polyfill.ts(9082,20): error TS2554: Expected 2 arguments, but got 1.
example/eventsource-polyfill.ts(9108,25): error TS2345: Argument of type 'String' is not assignable to parameter of type 'string'.
  'string' is a primitive, but 'String' is a wrapper object. Prefer using 'string' when possible.
example/eventsource-polyfill.ts(9128,13): error TS2339: Property 'toUpperCase' does not exist on type 'Set<any>'.
example/eventsource-polyfill.ts(9129,15): error TS2538: Type 'Set<any>' cannot be used as an index type.
example/eventsource-polyfill.ts(9132,14): error TS2538: Type 'Set<any>' cannot be used as an index type.
example/eventsource-polyfill.ts(9137,14): error TS2538: Type 'Set<any>' cannot be used as an index type.
example/eventsource-polyfill.ts(9140,17): error TS2538: Type 'Set<any>' cannot be used as an index type.
example/eventsource-polyfill.ts(9159,34): error TS2339: Property 'depth' does not exist on type '{ seen: any[]; stylize: (str: string, styleType: StyleType) => string; }'.
example/eventsource-polyfill.ts(9160,34): error TS2339: Property 'colors' does not exist on type '{ seen: any[]; stylize: (str: string, styleType: StyleType) => string; }'.
example/eventsource-polyfill.ts(9163,9): error TS2339: Property 'showHidden' does not exist on type '{ seen: any[]; stylize: (str: string, styleType: StyleType) => string; }'.
example/eventsource-polyfill.ts(9169,23): error TS2339: Property 'showHidden' does not exist on type '{ seen: any[]; stylize: (str: string, styleType: StyleType) => string; }'.
example/eventsource-polyfill.ts(9169,40): error TS2339: Property 'showHidden' does not exist on type '{ seen: any[]; stylize: (str: string, styleType: StyleType) => string; }'.
example/eventsource-polyfill.ts(9170,23): error TS2339: Property 'depth' does not exist on type '{ seen: any[]; stylize: (str: string, styleType: StyleType) => string; }'.
example/eventsource-polyfill.ts(9170,35): error TS2339: Property 'depth' does not exist on type '{ seen: any[]; stylize: (str: string, styleType: StyleType) => string; }'.
example/eventsource-polyfill.ts(9171,23): error TS2339: Property 'colors' does not exist on type '{ seen: any[]; stylize: (str: string, styleType: StyleType) => string; }'.
example/eventsource-polyfill.ts(9171,36): error TS2339: Property 'colors' does not exist on type '{ seen: any[]; stylize: (str: string, styleType: StyleType) => string; }'.
example/eventsource-polyfill.ts(9172,23): error TS2339: Property 'customInspect' does not exist on type '{ seen: any[]; stylize: (str: string, styleType: StyleType) => string; }'.
example/eventsource-polyfill.ts(9172,43): error TS2339: Property 'customInspect' does not exist on type '{ seen: any[]; stylize: (str: string, styleType: StyleType) => string; }'.
example/eventsource-polyfill.ts(9173,11): error TS2339: Property 'colors' does not exist on type '{ seen: any[]; stylize: (str: string, styleType: StyleType) => string; }'.
example/eventsource-polyfill.ts(9173,19): error TS2322: Type '(str: string | string[], styleType: StyleType) => string | string[]' is not assignable to type '(str: string, styleType: StyleType) => string'.
  Type 'string | string[]' is not assignable to type 'string'.
    Type 'string[]' is not assignable to type 'string'.
example/eventsource-polyfill.ts(9174,36): error TS2339: Property 'depth' does not exist on type '{ seen: any[]; stylize: (str: string, styleType: StyleType) => string; }'.
example/eventsource-polyfill.ts(9210,63): error TS2304: Cannot find name 'StyleType'.
example/eventsource-polyfill.ts(9222,57): error TS2304: Cannot find name 'StyleType'.
example/eventsource-polyfill.ts(9238,27): error TS2304: Cannot find name 'Context'.
example/eventsource-polyfill.ts(9338,52): error TS2345: Argument of type '{}' is not assignable to parameter of type 'string'.
example/eventsource-polyfill.ts(9341,55): error TS2345: Argument of type '{}' is not assignable to parameter of type 'string[]'.
  Type '{}' is missing the following properties from type 'string[]': length, pop, push, concat, and 29 more.
example/eventsource-polyfill.ts(9347,39): error TS2345: Argument of type 'string' is not assignable to parameter of type 'number'.
example/eventsource-polyfill.ts(9353,16): error TS2339: Property 'stylize' does not exist on type 'Object'.
example/eventsource-polyfill.ts(9358,16): error TS2339: Property 'stylize' does not exist on type 'Object'.
example/eventsource-polyfill.ts(9361,16): error TS2339: Property 'stylize' does not exist on type 'Object'.
example/eventsource-polyfill.ts(9363,16): error TS2339: Property 'stylize' does not exist on type 'Object'.
example/eventsource-polyfill.ts(9366,16): error TS2339: Property 'stylize' does not exist on type 'Object'.
example/eventsource-polyfill.ts(9375,27): error TS2304: Cannot find name 'Context'.
example/eventsource-polyfill.ts(9379,60): error TS2345: Argument of type 'string' is not assignable to parameter of type 'string[]'.
example/eventsource-polyfill.ts(9385,8): error TS2339: Property 'forEach' does not exist on type 'string'.
example/eventsource-polyfill.ts(9387,60): error TS2345: Argument of type 'string' is not assignable to parameter of type 'string[]'.
example/eventsource-polyfill.ts(9395,30): error TS2304: Cannot find name 'Context'.
example/eventsource-polyfill.ts(9409,36): error TS2345: Argument of type 'number' is not assignable to parameter of type 'string | symbol'.
example/eventsource-polyfill.ts(9421,52): error TS2304: Cannot find name 'er'.
example/eventsource-polyfill.ts(9425,59): error TS2304: Cannot find name 'er'.
example/eventsource-polyfill.ts(9435,22): error TS2339: Property 'match' does not exist on type 'number'.
example/eventsource-polyfill.ts(9458,13): error TS2339: Property 'indexOf' does not exist on type 'number'.
example/eventsource-polyfill.ts(9459,23): error TS2339: Property 'replace' does not exist on type 'number'.
example/eventsource-polyfill.ts(9464,13): error TS2367: This condition will always return 'false' since the types 'number' and 'string' have no overlap.
example/eventsource-polyfill.ts(9482,25): error TS2304: Cannot find name 'mixed'.
example/eventsource-polyfill.ts(9487,22): error TS2304: Cannot find name 'mixed'.
example/eventsource-polyfill.ts(9507,24): error TS2304: Cannot find name 'nknown'.
example/eventsource-polyfill.ts(9512,27): error TS2304: Cannot find name 'mixed'.
example/eventsource-polyfill.ts(9522,24): error TS2304: Cannot find name 'mixed'.
example/eventsource-polyfill.ts(9543,27): error TS2304: Cannot find name 'mixed'.
example/eventsource-polyfill.ts(9617,50): error TS2304: Cannot find name 'unction'.
example/eventsource-polyfill.ts(9622,9): error TS2300: Duplicate identifier 'fn'.
example/eventsource-polyfill.ts(9632,12): error TS2300: Duplicate identifier 'fn'.
example/eventsource-polyfill.ts(9680,15): error TS2339: Property 'reason' does not exist on type 'Error'.
example/sse-client.ts(1,5): error TS2300: Duplicate identifier 'EventSource'.
example/sse-client.ts(1,5): error TS2403: Subsequent variable declarations must have the same type.  Variable 'EventSource' must be of type '{ new (url: string | URL, eventSourceInitDict?: EventSourceInit): EventSource; prototype: EventSource; readonly CLOSED: number; readonly CONNECTING: number; readonly OPEN: number; }', but here has type 'any'.
lib/eventsource-polyfill.ts(1,5): error TS2300: Duplicate identifier 'EventSource'.
lib/eventsource-polyfill.ts(1,5): error TS2403: Subsequent variable declarations must have the same type.  Variable 'EventSource' must be of type '{ new (url: string | URL, eventSourceInitDict?: EventSourceInit): EventSource; prototype: EventSource; readonly CLOSED: number; readonly CONNECTING: number; readonly OPEN: number; }', but here has type 'any'.
lib/eventsource-polyfill.ts(4,10): error TS2339: Property 'EventSourcePolyfill' does not exist on type 'Window & typeof globalThis'.
lib/eventsource.ts(35,10): error TS2300: Duplicate identifier 'EventSource'.
lib/eventsource.ts(35,58): error TS2304: Cannot find name 'EventSourceInitDict'.
lib/eventsource.ts(58,11): error TS2554: Expected 0 arguments, but got 2.
lib/eventsource.ts(58,40): error TS2345: Argument of type '{ message: any; }' is not assignable to parameter of type 'EventInit'.
  Object literal may only specify known properties, and 'message' does not exist in type 'EventInit'.
lib/eventsource.ts(149,15): error TS2339: Property 'statusCode' does not exist on type 'Response'.
lib/eventsource.ts(149,41): error TS2339: Property 'statusCode' does not exist on type 'Response'.
lib/eventsource.ts(149,67): error TS2339: Property 'statusCode' does not exist on type 'Response'.
lib/eventsource.ts(149,93): error TS2339: Property 'statusCode' does not exist on type 'Response'.
lib/eventsource.ts(150,15): error TS2554: Expected 0 arguments, but got 2.
lib/eventsource.ts(150,44): error TS2345: Argument of type '{ status: any; message: any; }' is not assignable to parameter of type 'EventInit'.
  Object literal may only specify known properties, and 'status' does not exist in type 'EventInit'.
lib/eventsource.ts(150,56): error TS2339: Property 'statusCode' does not exist on type 'Response'.
lib/eventsource.ts(150,81): error TS2339: Property 'statusMessage' does not exist on type 'Response'.
lib/eventsource.ts(151,9): error TS2554: Expected 1 arguments, but got 0.
lib/eventsource.ts(156,15): error TS2339: Property 'statusCode' does not exist on type 'Response'.
lib/eventsource.ts(156,41): error TS2339: Property 'statusCode' does not exist on type 'Response'.
lib/eventsource.ts(156,67): error TS2339: Property 'statusCode' does not exist on type 'Response'.
lib/eventsource.ts(157,36): error TS2339: Property 'location' does not exist on type 'Headers'.
lib/eventsource.ts(160,17): error TS2554: Expected 0 arguments, but got 2.
lib/eventsource.ts(160,46): error TS2345: Argument of type '{ status: any; message: any; }' is not assignable to parameter of type 'EventInit'.
  Object literal may only specify known properties, and 'status' does not exist in type 'EventInit'.
lib/eventsource.ts(160,58): error TS2339: Property 'statusCode' does not exist on type 'Response'.
lib/eventsource.ts(160,83): error TS2339: Property 'statusMessage' does not exist on type 'Response'.
lib/eventsource.ts(163,34): error TS2345: Argument of type 'String' is not assignable to parameter of type 'string | URL'.
lib/eventsource.ts(166,17): error TS2339: Property 'statusCode' does not exist on type 'Response'.
lib/eventsource.ts(172,15): error TS2339: Property 'statusCode' does not exist on type 'Response'.
lib/eventsource.ts(173,15): error TS2554: Expected 0 arguments, but got 2.
lib/eventsource.ts(173,44): error TS2345: Argument of type '{ status: any; message: any; }' is not assignable to parameter of type 'EventInit'.
  Object literal may only specify known properties, and 'status' does not exist in type 'EventInit'.
lib/eventsource.ts(173,56): error TS2339: Property 'statusCode' does not exist on type 'Response'.
lib/eventsource.ts(173,81): error TS2339: Property 'statusMessage' does not exist on type 'Response'.
lib/eventsource.ts(178,11): error TS2339: Property 'on' does not exist on type 'Response'.
lib/eventsource.ts(179,13): error TS2339: Property 'removeAllListeners' does not exist on type 'Response'.
lib/eventsource.ts(180,13): error TS2339: Property 'removeAllListeners' does not exist on type 'Response'.
lib/eventsource.ts(181,9): error TS2554: Expected 1 arguments, but got 0.
lib/eventsource.ts(184,11): error TS2339: Property 'on' does not exist on type 'Response'.
lib/eventsource.ts(185,13): error TS2339: Property 'removeAllListeners' does not exist on type 'Response'.
lib/eventsource.ts(186,13): error TS2339: Property 'removeAllListeners' does not exist on type 'Response'.
lib/eventsource.ts(187,9): error TS2554: Expected 1 arguments, but got 0.
lib/eventsource.ts(189,13): error TS2554: Expected 0 arguments, but got 2.
lib/eventsource.ts(200,11): error TS2339: Property 'on' does not exist on type 'Response'.
lib/eventsource.ts(302,15): error TS2554: Expected 0 arguments, but got 2.
lib/eventsource.ts(305,27): error TS2345: Argument of type 'String' is not assignable to parameter of type 'string | URL'.
lib/eventsource.ts(348,38): error TS2345: Argument of type '(method: Function) => void' is not assignable to parameter of type '(value: string, index: number, array: string[]) => void'.
  Types of parameters 'method' and 'value' are incompatible.
    Type 'string' is not assignable to type 'Function'.
lib/eventsource.ts(382,23): error TS2540: Cannot assign to 'CONNECTING' because it is a read-only property.
lib/eventsource.ts(383,23): error TS2540: Cannot assign to 'OPEN' because it is a read-only property.
lib/eventsource.ts(384,23): error TS2540: Cannot assign to 'CLOSED' because it is a read-only property.
lib/eventsource.ts(405,1): error TS2322: Type '(type: string, listener: Function) => void' is not assignable to type '{ <K extends keyof EventSourceEventMap>(type: K, listener: (this: EventSource, ev: EventSourceEventMap[K]) => any, options?: boolean | AddEventListenerOptions): void; (type: string, listener: (this: EventSource, event: MessageEvent<...>) => any, options?: boolean | AddEventListenerOptions): void; (type: string, list...'.
  Types of parameters 'listener' and 'listener' are incompatible.
    Type 'EventListenerOrEventListenerObject' is not assignable to type 'Function'.
      Type 'EventListenerObject' is missing the following properties from type 'Function': apply, call, bind, prototype, and 6 more.
lib/eventsource.ts(408,14): error TS2339: Property '_listener' does not exist on type 'Function'.
lib/eventsource.ts(420,1): error TS2322: Type '(event: Event) => void' is not assignable to type '(event: Event) => boolean'.
  Type 'void' is not assignable to type 'boolean'.
lib/eventsource.ts(437,1): error TS2322: Type '(type: string, listener: Function) => void' is not assignable to type '{ <K extends keyof EventSourceEventMap>(type: K, listener: (this: EventSource, ev: EventSourceEventMap[K]) => any, options?: boolean | EventListenerOptions): void; (type: string, listener: (this: EventSource, event: MessageEvent<...>) => any, options?: boolean | EventListenerOptions): void; (type: string, listener: ...'.
  Types of parameters 'listener' and 'listener' are incompatible.
    Type 'EventListenerOrEventListenerObject' is not assignable to type 'Function'.
      Type 'EventListenerObject' is not assignable to type 'Function'.
lib/eventsource.ts(439,14): error TS2339: Property '_listener' does not exist on type 'Function'.
lib/eventsource.ts(450,10): error TS2300: Duplicate identifier 'Event'.
lib/eventsource.ts(467,10): error TS2300: Duplicate identifier 'MessageEvent'.
../../../../../tools/node_modules/typescript/lib/lib.dom.d.ts(5014,11): error TS2300: Duplicate identifier 'Event'.
../../../../../tools/node_modules/typescript/lib/lib.dom.d.ts(5056,13): error TS2300: Duplicate identifier 'Event'.
../../../../../tools/node_modules/typescript/lib/lib.dom.d.ts(5088,11): error TS2300: Duplicate identifier 'EventSource'.
../../../../../tools/node_modules/typescript/lib/lib.dom.d.ts(5111,13): error TS2300: Duplicate identifier 'EventSource'.
../../../../../tools/node_modules/typescript/lib/lib.dom.d.ts(9684,11): error TS2300: Duplicate identifier 'MessageEvent'.
../../../../../tools/node_modules/typescript/lib/lib.dom.d.ts(9699,13): error TS2300: Duplicate identifier 'MessageEvent'.

