ipaddr.min.ts(1,2): error TS1345: An expression of type 'void' cannot be tested for truthiness.
ipaddr.min.ts(1,23): error TS1345: An expression of type 'void' cannot be tested for truthiness.
ipaddr.min.ts(1,1651): error TS2339: Property 'IPv4' does not exist on type '{}'.
ipaddr.min.ts(1,2954): error TS2339: Property 'subnetMatch' does not exist on type '{}'.
ipaddr.min.ts(1,3108): error TS2339: Property 'IPv6' does not exist on type '{}'.
ipaddr.min.ts(1,3284): error TS2339: Property 'IPv4' does not exist on type '{}'.
ipaddr.min.ts(1,3608): error TS2339: Property 'IPv4' does not exist on type '{}'.
ipaddr.min.ts(1,3664): error TS2339: Property 'IPv4' does not exist on type '{}'.
ipaddr.min.ts(1,3750): error TS2339: Property 'IPv4' does not exist on type '{}'.
ipaddr.min.ts(1,3801): error TS2339: Property 'IPv4' does not exist on type '{}'.
ipaddr.min.ts(1,3868): error TS2339: Property 'IPv4' does not exist on type '{}'.
ipaddr.min.ts(1,4189): error TS2339: Property 'IPv4' does not exist on type '{}'.
ipaddr.min.ts(1,4341): error TS2339: Property 'IPv4' does not exist on type '{}'.
ipaddr.min.ts(1,4639): error TS2339: Property 'IPv4' does not exist on type '{}'.
ipaddr.min.ts(1,5469): error TS2339: Property 'IPv4' does not exist on type '{}'.
ipaddr.min.ts(1,5726): error TS2339: Property 'IPv6' does not exist on type '{}'.
ipaddr.min.ts(1,6137): error TS2554: Expected 2 arguments, but got 1.
ipaddr.min.ts(1,6178): error TS2554: Expected 2 arguments, but got 1.
ipaddr.min.ts(1,6222): error TS2554: Expected 2 arguments, but got 1.
ipaddr.min.ts(1,6264): error TS2554: Expected 2 arguments, but got 1.
ipaddr.min.ts(1,6307): error TS2554: Expected 2 arguments, but got 1.
ipaddr.min.ts(1,6351): error TS2554: Expected 2 arguments, but got 1.
ipaddr.min.ts(1,6393): error TS2554: Expected 2 arguments, but got 1.
ipaddr.min.ts(1,6435): error TS2554: Expected 2 arguments, but got 1.
ipaddr.min.ts(1,6478): error TS2554: Expected 2 arguments, but got 1.
ipaddr.min.ts(1,6518): error TS2554: Expected 2 arguments, but got 1.
ipaddr.min.ts(1,6561): error TS2554: Expected 2 arguments, but got 1.
ipaddr.min.ts(1,7301): error TS2339: Property 'subnetMatch' does not exist on type '{}'.
ipaddr.min.ts(1,7911): error TS2339: Property 'IPv4' does not exist on type '{}'.
ipaddr.min.ts(1,8507): error TS2339: Property 'IPv6' does not exist on type '{}'.
ipaddr.min.ts(1,8839): error TS2339: Property 'IPv6' does not exist on type '{}'.
ipaddr.min.ts(1,8895): error TS2339: Property 'IPv6' does not exist on type '{}'.
ipaddr.min.ts(1,9058): error TS2339: Property 'IPv6' does not exist on type '{}'.
ipaddr.min.ts(1,9387): error TS2339: Property 'IPv6' does not exist on type '{}'.
ipaddr.min.ts(1,9560): error TS2339: Property 'IPv6' does not exist on type '{}'.
ipaddr.min.ts(1,9848): error TS2339: Property 'IPv6' does not exist on type '{}'.
ipaddr.min.ts(1,10311): error TS2339: Property 'IPv6' does not exist on type '{}'.
ipaddr.min.ts(1,10594): error TS2339: Property 'fromByteArray' does not exist on type '{}'.
ipaddr.min.ts(1,10659): error TS2339: Property 'IPv4' does not exist on type '{}'.
ipaddr.min.ts(1,10690): error TS2339: Property 'IPv6' does not exist on type '{}'.
ipaddr.min.ts(1,10781): error TS2339: Property 'isValid' does not exist on type '{}'.
ipaddr.min.ts(1,10810): error TS2339: Property 'IPv6' does not exist on type '{}'.
ipaddr.min.ts(1,10829): error TS2339: Property 'IPv4' does not exist on type '{}'.
ipaddr.min.ts(1,10848): error TS2339: Property 'parse' does not exist on type '{}'.
ipaddr.min.ts(1,10871): error TS2339: Property 'IPv6' does not exist on type '{}'.
ipaddr.min.ts(1,10896): error TS2339: Property 'IPv6' does not exist on type '{}'.
ipaddr.min.ts(1,10915): error TS2339: Property 'IPv4' does not exist on type '{}'.
ipaddr.min.ts(1,10940): error TS2339: Property 'IPv4' does not exist on type '{}'.
ipaddr.min.ts(1,11029): error TS2339: Property 'parseCIDR' does not exist on type '{}'.
ipaddr.min.ts(1,11064): error TS2339: Property 'IPv6' does not exist on type '{}'.
ipaddr.min.ts(1,11104): error TS2339: Property 'IPv4' does not exist on type '{}'.
ipaddr.min.ts(1,11213): error TS2339: Property 'process' does not exist on type '{}'.
ipaddr.min.ts(1,11327): error TS2339: Property 'subnetMatch' does not exist on type '{}'.
ipaddr.min.ts(1,11677): error TS2345: Argument of type '(Window & typeof globalThis) | {}' is not assignable to parameter of type 'number'.
  Type 'Window & typeof globalThis' is not assignable to type 'number'.
ipaddr.min.ts(1,11704): error TS2322: Type '{}' is not assignable to type 'Window & typeof globalThis'.
  Type '{}' is missing the following properties from type 'Window': clientInformation, closed, customElements, devicePixelRatio, and 195 more.
lib/ipaddr.ts(35,20): error TS2339: Property 'indexOf' does not exist on type 'string | DataView | Buffer'.
  Property 'indexOf' does not exist on type 'DataView'.
lib/ipaddr.ts(35,45): error TS2339: Property 'lastIndexOf' does not exist on type 'string | DataView | Buffer'.
  Property 'lastIndexOf' does not exist on type 'DataView'.
lib/ipaddr.ts(41,30): error TS2339: Property 'match' does not exist on type 'string | DataView | Buffer'.
  Property 'match' does not exist on type 'DataView'.
lib/ipaddr.ts(47,29): error TS2339: Property 'replace' does not exist on type 'string | DataView | Buffer'.
  Property 'replace' does not exist on type 'DataView'.
lib/ipaddr.ts(51,36): error TS2339: Property 'indexOf' does not exist on type 'string | DataView | Buffer'.
  Property 'indexOf' does not exist on type 'DataView'.
lib/ipaddr.ts(56,20): error TS2339: Property 'substr' does not exist on type 'string | DataView | Buffer'.
  Property 'substr' does not exist on type 'DataView'.
lib/ipaddr.ts(60,20): error TS2339: Property 'substr' does not exist on type 'string | DataView | Buffer'.
  Property 'substr' does not exist on type 'DataView'.
lib/ipaddr.ts(65,13): error TS2365: Operator '>' cannot be applied to types 'number' and 'number[]'.
lib/ipaddr.ts(70,28): error TS2362: The left-hand side of an arithmetic operation must be of type 'any', 'number', 'bigint' or an enum type.
lib/ipaddr.ts(77,25): error TS2339: Property 'replace' does not exist on type 'string | DataView | Buffer'.
  Property 'replace' does not exist on type 'DataView'.
lib/ipaddr.ts(82,29): error TS2339: Property 'slice' does not exist on type 'string | DataView | Buffer'.
  Property 'slice' does not exist on type 'DataView'.
lib/ipaddr.ts(85,27): error TS2339: Property 'length' does not exist on type 'string | DataView | Buffer'.
  Property 'length' does not exist on type 'DataView'.
lib/ipaddr.ts(86,29): error TS2339: Property 'slice' does not exist on type 'string | DataView | Buffer'.
  Property 'slice' does not exist on type 'DataView'.
lib/ipaddr.ts(90,32): error TS2339: Property 'split' does not exist on type 'string | DataView | Buffer'.
  Property 'split' does not exist on type 'DataView'.
lib/ipaddr.ts(108,19): error TS2339: Property 'length' does not exist on type 'number'.
lib/ipaddr.ts(108,37): error TS2339: Property 'length' does not exist on type 'number'.
lib/ipaddr.ts(134,27): error TS2345: Argument of type 'string | number' is not assignable to parameter of type 'string'.
  Type 'number' is not assignable to type 'string'.
lib/ipaddr.ts(135,29): error TS2345: Argument of type 'string | number' is not assignable to parameter of type 'string'.
  Type 'number' is not assignable to type 'string'.
lib/ipaddr.ts(141,29): error TS2345: Argument of type 'string | number' is not assignable to parameter of type 'string'.
  Type 'number' is not assignable to type 'string'.
lib/ipaddr.ts(142,29): error TS2345: Argument of type 'string | number' is not assignable to parameter of type 'string'.
  Type 'number' is not assignable to type 'string'.
lib/ipaddr.ts(147,25): error TS2345: Argument of type 'string | number' is not assignable to parameter of type 'string'.
  Type 'number' is not assignable to type 'string'.
lib/ipaddr.ts(151,21): error TS2339: Property 'length' does not exist on type 'number'.
lib/ipaddr.ts(152,13): error TS2322: Type 'string' is not assignable to type 'number'.
lib/ipaddr.ts(161,12): error TS2339: Property 'IPv4' does not exist on type '{}'.
lib/ipaddr.ts(165,32): error TS2552: Cannot find name 'umber'. Did you mean 'number'?
lib/ipaddr.ts(219,49): error TS2304: Cannot find name 'IPAddressRange'.
lib/ipaddr.ts(219,77): error TS2304: Cannot find name 'CIDRRange'.
lib/ipaddr.ts(278,27): error TS2339: Property 'subnetMatch' does not exist on type '{}'.
lib/ipaddr.ts(288,27): error TS2339: Property 'IPv6' does not exist on type '{}'.
lib/ipaddr.ts(305,12): error TS2339: Property 'IPv4' does not exist on type '{}'.
lib/ipaddr.ts(326,12): error TS2339: Property 'IPv4' does not exist on type '{}'.
lib/ipaddr.ts(326,44): error TS2552: Cannot find name 'tring'. Did you mean 'string'?
lib/ipaddr.ts(331,12): error TS2339: Property 'IPv4' does not exist on type '{}'.
lib/ipaddr.ts(341,12): error TS2339: Property 'IPv4' does not exist on type '{}'.
lib/ipaddr.ts(342,20): error TS2339: Property 'IPv4' does not exist on type '{}'.
lib/ipaddr.ts(350,12): error TS2339: Property 'IPv4' does not exist on type '{}'.
lib/ipaddr.ts(373,12): error TS2339: Property 'IPv4' does not exist on type '{}'.
lib/ipaddr.ts(384,12): error TS2339: Property 'IPv4' does not exist on type '{}'.
lib/ipaddr.ts(387,29): error TS2339: Property 'match' does not exist on type 'string | RegExp'.
  Property 'match' does not exist on type 'RegExp'.
lib/ipaddr.ts(406,12): error TS2339: Property 'IPv4' does not exist on type '{}'.
lib/ipaddr.ts(478,12): error TS2339: Property 'IPv4' does not exist on type '{}'.
lib/ipaddr.ts(479,27): error TS2345: Argument of type 'number' is not assignable to parameter of type 'string'.
lib/ipaddr.ts(501,12): error TS2339: Property 'IPv6' does not exist on type '{}'.
lib/ipaddr.ts(511,38): error TS2362: The left-hand side of an arithmetic operation must be of type 'any', 'number', 'bigint' or an enum type.
lib/ipaddr.ts(511,55): error TS2363: The right-hand side of an arithmetic operation must be of type 'any', 'number', 'bigint' or an enum type.
lib/ipaddr.ts(534,27): error TS2554: Expected 2 arguments, but got 1.
lib/ipaddr.ts(535,25): error TS2554: Expected 2 arguments, but got 1.
lib/ipaddr.ts(536,25): error TS2554: Expected 2 arguments, but got 1.
lib/ipaddr.ts(537,24): error TS2554: Expected 2 arguments, but got 1.
lib/ipaddr.ts(538,27): error TS2554: Expected 2 arguments, but got 1.
lib/ipaddr.ts(539,26): error TS2554: Expected 2 arguments, but got 1.
lib/ipaddr.ts(541,23): error TS2554: Expected 2 arguments, but got 1.
lib/ipaddr.ts(543,23): error TS2554: Expected 2 arguments, but got 1.
lib/ipaddr.ts(545,22): error TS2554: Expected 2 arguments, but got 1.
lib/ipaddr.ts(547,22): error TS2554: Expected 2 arguments, but got 1.
lib/ipaddr.ts(549,25): error TS2554: Expected 2 arguments, but got 1.
lib/ipaddr.ts(550,28): error TS2554: Expected 2 arguments, but got 1.
lib/ipaddr.ts(551,19): error TS2554: Expected 2 arguments, but got 1.
lib/ipaddr.ts(552,23): error TS2554: Expected 2 arguments, but got 1.
lib/ipaddr.ts(553,26): error TS2554: Expected 2 arguments, but got 1.
lib/ipaddr.ts(554,23): error TS2554: Expected 2 arguments, but got 1.
lib/ipaddr.ts(568,49): error TS2304: Cannot find name 'IPAddressOrRange'.
lib/ipaddr.ts(568,79): error TS2304: Cannot find name 'CIDRRange'.
lib/ipaddr.ts(637,27): error TS2339: Property 'subnetMatch' does not exist on type '{}'.
lib/ipaddr.ts(686,31): error TS2339: Property 'IPv4' does not exist on type '{}'.
lib/ipaddr.ts(749,12): error TS2339: Property 'IPv6' does not exist on type '{}'.
lib/ipaddr.ts(769,12): error TS2339: Property 'IPv6' does not exist on type '{}'.
lib/ipaddr.ts(769,44): error TS2552: Cannot find name 'tring'. Did you mean 'string'?
lib/ipaddr.ts(774,12): error TS2339: Property 'IPv6' does not exist on type '{}'.
lib/ipaddr.ts(792,12): error TS2339: Property 'IPv6' does not exist on type '{}'.
lib/ipaddr.ts(815,12): error TS2339: Property 'IPv6' does not exist on type '{}'.
lib/ipaddr.ts(825,12): error TS2339: Property 'IPv6' does not exist on type '{}'.
lib/ipaddr.ts(845,12): error TS2339: Property 'IPv6' does not exist on type '{}'.
lib/ipaddr.ts(852,39): error TS2345: Argument of type 'number' is not assignable to parameter of type 'number[]'.
lib/ipaddr.ts(856,63): error TS2345: Argument of type 'number' is not assignable to parameter of type 'number[]'.
lib/ipaddr.ts(884,12): error TS2339: Property 'IPv6' does not exist on type '{}'.
lib/ipaddr.ts(885,27): error TS2345: Argument of type 'number' is not assignable to parameter of type 'string'.
lib/ipaddr.ts(907,12): error TS2339: Property 'fromByteArray' does not exist on type '{}'.
lib/ipaddr.ts(911,31): error TS2339: Property 'IPv4' does not exist on type '{}'.
lib/ipaddr.ts(913,31): error TS2339: Property 'IPv6' does not exist on type '{}'.
lib/ipaddr.ts(920,12): error TS2339: Property 'isValid' does not exist on type '{}'.
lib/ipaddr.ts(921,23): error TS2339: Property 'IPv6' does not exist on type '{}'.
lib/ipaddr.ts(921,54): error TS2339: Property 'IPv4' does not exist on type '{}'.
lib/ipaddr.ts(927,12): error TS2339: Property 'parse' does not exist on type '{}'.
lib/ipaddr.ts(928,20): error TS2339: Property 'IPv6' does not exist on type '{}'.
lib/ipaddr.ts(929,27): error TS2339: Property 'IPv6' does not exist on type '{}'.
lib/ipaddr.ts(930,27): error TS2339: Property 'IPv4' does not exist on type '{}'.
lib/ipaddr.ts(931,27): error TS2339: Property 'IPv4' does not exist on type '{}'.
lib/ipaddr.ts(939,12): error TS2339: Property 'parseCIDR' does not exist on type '{}'.
lib/ipaddr.ts(941,27): error TS2339: Property 'IPv6' does not exist on type '{}'.
lib/ipaddr.ts(944,31): error TS2339: Property 'IPv4' does not exist on type '{}'.
lib/ipaddr.ts(952,12): error TS2339: Property 'process' does not exist on type '{}'.
lib/ipaddr.ts(965,12): error TS2339: Property 'subnetMatch' does not exist on type '{}'.
lib/ipaddr.ts(982,33): error TS2339: Property 'kind' does not exist on type 'string'.

