index.ts(12,10): error TS2393: Duplicate function implementation.
index.ts(37,14): error TS2339: Property 'code' does not exist on type 'Error'.
index.ts(39,9): error TS2322: Type 'boolean' is not assignable to type 'number'.
index.ts(46,10): error TS2393: Duplicate function implementation.
index.ts(46,22): error TS2304: Cannot find name 'Path'.
index.ts(46,38): error TS2304: Cannot find name 'Options'.
mode.ts(6,10): error TS2393: Duplicate function implementation.
mode.ts(7,45): error TS2503: Cannot find namespace 'fs'.
mode.ts(12,10): error TS2393: Duplicate function implementation.
mode.ts(12,22): error TS2304: Cannot find name 'Path'.
mode.ts(12,38): error TS2304: Cannot find name 'Options'.
mode.ts(16,10): error TS2393: Duplicate function implementation.
mode.ts(16,27): error TS2304: Cannot find name 'Stat'.
mode.ts(16,43): error TS2304: Cannot find name 'Options'.
mode.ts(20,27): error TS2503: Cannot find namespace 'fs'.
mode.ts(20,27): error TS4078: Parameter 'stat' of exported function has or is using private name 'fs'.
windows.ts(6,30): error TS2304: Cannot find name 'Path'.
windows.ts(6,30): error TS4078: Parameter 'path' of exported function has or is using private name 'Path'.
windows.ts(6,46): error TS2304: Cannot find name 'Options'.
windows.ts(6,46): error TS4078: Parameter 'options' of exported function has or is using private name 'Options'.
windows.ts(27,10): error TS2393: Duplicate function implementation.
windows.ts(27,27): error TS2304: Cannot find name 'Stats'.
windows.ts(27,41): error TS2304: Cannot find name 'Path'.
windows.ts(27,57): error TS2304: Cannot find name 'Options'.
windows.ts(34,10): error TS2393: Duplicate function implementation.
windows.ts(35,45): error TS2503: Cannot find namespace 'fs'.
windows.ts(40,10): error TS2393: Duplicate function implementation.
windows.ts(40,22): error TS2304: Cannot find name 'Path'.
windows.ts(40,38): error TS2304: Cannot find name 'Options'.

