examples/accept.ts(26,44): error TS2503: Cannot find namespace 'express'.
examples/accept.ts(26,67): error TS2503: Cannot find namespace 'express'.
examples/charset.ts(31,44): error TS2503: Cannot find namespace 'express'.
examples/charset.ts(31,67): error TS2503: Cannot find namespace 'express'.
examples/encoding.ts(14,49): error TS2304: Cannot find name 'Zipped'.
examples/encoding.ts(27,46): error TS2503: Cannot find namespace 'express'.
examples/encoding.ts(27,69): error TS2503: Cannot find namespace 'express'.
examples/language.ts(23,44): error TS2503: Cannot find namespace 'express'.
examples/language.ts(23,67): error TS2503: Cannot find namespace 'express'.
index.ts(11,5): error TS2300: Duplicate identifier 'preferredCharsets'.
index.ts(12,5): error TS2300: Duplicate identifier 'preferredEncodings'.
index.ts(13,5): error TS2300: Duplicate identifier 'preferredLanguages'.
index.ts(14,5): error TS2300: Duplicate identifier 'preferredMediaTypes'.
index.ts(32,12): error TS2350: Only a void function can be called with the 'new' keyword.
index.ts(38,60): error TS2304: Cannot find name 'AvailableCharsets'.
index.ts(47,62): error TS2304: Cannot find name 'AvailableEncodings'.
index.ts(52,64): error TS2304: Cannot find name 'Encodings'.
index.ts(56,62): error TS2304: Cannot find name 'Language'.
index.ts(61,64): error TS2304: Cannot find name 'Language'.
index.ts(65,64): error TS2304: Cannot find name 'MediaType'.
index.ts(70,66): error TS2304: Cannot find name 'MediaType'.
lib/charset.ts(32,24): error TS2339: Property 'split' does not exist on type 'string | string[]'.
  Property 'split' does not exist on type 'string[]'.
lib/charset.ts(101,10): error TS2393: Duplicate function implementation.
lib/charset.ts(101,27): error TS2304: Cannot find name 'Charset'.
lib/charset.ts(101,43): error TS2304: Cannot find name 'Spec'.
lib/charset.ts(122,10): error TS2300: Duplicate identifier 'preferredCharsets'.
lib/charset.ts(134,29): error TS2339: Property 'map' does not exist on type 'string | string[]'.
  Property 'map' does not exist on type 'string'.
lib/charset.ts(135,31): error TS2345: Argument of type 'string' is not assignable to parameter of type 'number'.
lib/charset.ts(149,10): error TS2393: Duplicate function implementation.
lib/charset.ts(149,26): error TS2304: Cannot find name 'ISpec'.
lib/charset.ts(149,37): error TS2304: Cannot find name 'ISpec'.
lib/charset.ts(158,31): error TS2304: Cannot find name 'CharsetSpec'.
lib/charset.ts(167,10): error TS2393: Duplicate function implementation.
lib/charset.ts(167,26): error TS2304: Cannot find name 'Spec'.
lib/encoding.ts(40,7): error TS2322: Type '{ encoding: string; q: number; i: any; }' is not assignable to type 'string'.
lib/encoding.ts(41,7): error TS2322: Type 'true | ({ i: number; o: any; q: any; s: number; } & { i: number; o: any; q: any; s: number; } & { i: number; o: any; q: any; s: number; } & { i: number; o: any; q: any; s: number; })' is not assignable to type 'boolean'.
  Type '{ i: number; o: any; q: any; s: number; } & { i: number; o: any; q: any; s: number; } & { i: number; o: any; q: any; s: number; } & { i: number; o: any; q: any; s: number; }' is not assignable to type 'boolean'.
lib/encoding.ts(41,36): error TS2554: Expected 3 arguments, but got 2.
lib/encoding.ts(51,5): error TS2322: Type '{ encoding: string; q: number; i: number; }' is not assignable to type 'string'.
lib/encoding.ts(98,40): error TS2304: Cannot find name 'Encoding'.
lib/encoding.ts(98,61): error TS2304: Cannot find name 'EncodingPriority'.
lib/encoding.ts(117,10): error TS2393: Duplicate function implementation.
lib/encoding.ts(119,11): error TS2339: Property 'encoding' does not exist on type 'number'.
lib/encoding.ts(119,47): error TS2339: Property 'toLowerCase' does not exist on type 'number'.
lib/encoding.ts(121,19): error TS2339: Property 'encoding' does not exist on type 'number'.
lib/encoding.ts(127,13): error TS2339: Property 'i' does not exist on type 'number'.
lib/encoding.ts(128,13): error TS2339: Property 'q' does not exist on type 'number'.
lib/encoding.ts(138,10): error TS2300: Duplicate identifier 'preferredEncodings'.
lib/encoding.ts(139,37): error TS2345: Argument of type 'string | string[]' is not assignable to parameter of type 'string'.
  Type 'string[]' is not assignable to type 'string'.
lib/encoding.ts(149,29): error TS2339: Property 'map' does not exist on type 'string | string[]'.
  Property 'map' does not exist on type 'string'.
lib/encoding.ts(150,47): error TS2345: Argument of type 'number' is not assignable to parameter of type '1'.
lib/encoding.ts(164,10): error TS2393: Duplicate function implementation.
lib/encoding.ts(164,26): error TS2304: Cannot find name 'ISpec'.
lib/encoding.ts(164,37): error TS2304: Cannot find name 'ISpec'.
lib/encoding.ts(173,32): error TS2304: Cannot find name 'Encoding'.
lib/encoding.ts(182,10): error TS2393: Duplicate function implementation.
lib/encoding.ts(182,26): error TS2304: Cannot find name 'Spec'.
lib/language.ts(32,24): error TS2339: Property 'split' does not exist on type 'string | string[]'.
  Property 'split' does not exist on type 'string[]'.
lib/language.ts(86,40): error TS2304: Cannot find name 'Language'.
lib/language.ts(86,61): error TS2304: Cannot find name 'Language'.
lib/language.ts(105,10): error TS2393: Duplicate function implementation.
lib/language.ts(105,28): error TS2304: Cannot find name 'Language'.
lib/language.ts(105,45): error TS2304: Cannot find name 'LanguageSpec'.
lib/language.ts(106,11): error TS2554: Expected 2 arguments, but got 1.
lib/language.ts(132,10): error TS2300: Duplicate identifier 'preferredLanguages'.
lib/language.ts(144,29): error TS2339: Property 'map' does not exist on type 'string | string[]'.
  Property 'map' does not exist on type 'string'.
lib/language.ts(159,10): error TS2393: Duplicate function implementation.
lib/language.ts(159,26): error TS2304: Cannot find name 'ISpec'.
lib/language.ts(159,37): error TS2304: Cannot find name 'ISpec'.
lib/language.ts(168,32): error TS2304: Cannot find name 'LanguageSpec'.
lib/language.ts(177,10): error TS2393: Duplicate function implementation.
lib/language.ts(177,26): error TS2304: Cannot find name 'Spec'.
lib/mediaType.ts(99,56): error TS2304: Cannot find name 'MediaType'.
lib/mediaType.ts(118,10): error TS2393: Duplicate function implementation.
lib/mediaType.ts(119,11): error TS2554: Expected 2 arguments, but got 1.
lib/mediaType.ts(126,11): error TS2339: Property 'type' does not exist on type 'Object'.
lib/mediaType.ts(128,18): error TS2339: Property 'type' does not exist on type 'Object'.
lib/mediaType.ts(132,11): error TS2339: Property 'subtype' does not exist on type 'Object'.
lib/mediaType.ts(134,18): error TS2339: Property 'subtype' does not exist on type 'Object'.
lib/mediaType.ts(138,31): error TS2339: Property 'params' does not exist on type 'Object'.
lib/mediaType.ts(140,33): error TS2304: Cannot find name 'Key'.
lib/mediaType.ts(141,19): error TS2339: Property 'params' does not exist on type 'Object'.
lib/mediaType.ts(141,45): error TS2339: Property 'params' does not exist on type 'Object'.
lib/mediaType.ts(151,13): error TS2339: Property 'i' does not exist on type 'Object'.
lib/mediaType.ts(152,13): error TS2339: Property 'q' does not exist on type 'Object'.
lib/mediaType.ts(162,10): error TS2300: Duplicate identifier 'preferredMediaTypes'.
lib/mediaType.ts(174,29): error TS2339: Property 'map' does not exist on type 'string | string[]'.
  Property 'map' does not exist on type 'string'.
lib/mediaType.ts(189,10): error TS2393: Duplicate function implementation.
lib/mediaType.ts(189,26): error TS2304: Cannot find name 'ISpec'.
lib/mediaType.ts(189,37): error TS2304: Cannot find name 'ISpec'.
lib/mediaType.ts(198,28): error TS2304: Cannot find name 'Spec'.
lib/mediaType.ts(207,10): error TS2393: Duplicate function implementation.
lib/mediaType.ts(207,26): error TS2304: Cannot find name 'Spec'.
lib/mediaType.ts(254,24): error TS2339: Property 'split' does not exist on type 'string | string[]'.
  Property 'split' does not exist on type 'string[]'.

