index.ts(8,38): error TS2749: 'Observer' refers to a value, but is being used as a type here. Did you mean 'typeof Observer'?
index.ts(8,47): error TS2304: Cannot find name 'T'.
index.ts(27,3): error TS2322: Type 'number' is not assignable to type 'string'.
index.ts(43,3): error TS2322: Type 'number' is not assignable to type 'string'.
index.ts(55,51): error TS2769: No overload matches this call.
  Overload 1 of 2, '(callback: () => void): void', gave the following error.
    Argument of type 'Function' is not assignable to parameter of type '() => void'.
      Type 'Function' provides no match for the signature '(): void'.
  Overload 2 of 2, '(callback: VoidFunction): void', gave the following error.
    Argument of type 'Function' is not assignable to parameter of type 'VoidFunction'.
      Type 'Function' provides no match for the signature '(): void'.
index.ts(61,14): error TS2304: Cannot find name 'WebKitMutationObserver'.
index.ts(61,71): error TS2304: Cannot find name 'WebKitMutationObserver'.
index.ts(67,49): error TS2769: No overload matches this call.
  Overload 1 of 3, '(callback: () => void): Immediate', gave the following error.
    Argument of type 'Function' is not assignable to parameter of type '() => void'.
      Type 'Function' provides no match for the signature '(): void'.
  Overload 2 of 3, '(callback: (args: void) => void): Immediate', gave the following error.
    Argument of type 'Function' is not assignable to parameter of type '(args: void) => void'.
      Type 'Function' provides no match for the signature '(args: void): void'.
  Overload 3 of 3, '(callback: () => void): number', gave the following error.
    Argument of type 'Function' is not assignable to parameter of type '() => void'.
      Type 'Function' provides no match for the signature '(): void'.

