browser/prelude-browser-min.ts(10,196): error TS1110: Type expected.
browser/prelude-browser-min.ts(10,212): error TS1110: Type expected.
browser/prelude-browser-min.ts(10,213): error TS1109: Expression expected.
browser/prelude-browser-min.ts(10,214): error TS1005: ';' expected.
browser/prelude-browser-min.ts(10,274): error TS1128: Declaration or statement expected.
browser/prelude-browser-min.ts(10,7864): error TS1128: Declaration or statement expected.
browser/prelude-browser-min.ts(10,7865): error TS1128: Declaration or statement expected.
browser/prelude-browser-min.ts(10,7868): error TS1128: Declaration or statement expected.
browser/prelude-browser-min.ts(10,7869): error TS1128: Declaration or statement expected.
browser/prelude-browser-min.ts(10,7871): error TS1005: ';' expected.
browser/prelude-browser-min.ts(12,1390): error TS1005: ';' expected.
browser/prelude-browser-min.ts(14,1436): error TS1005: ';' expected.
browser/prelude-browser-min.ts(16,1217): error TS1005: ';' expected.
browser/prelude-browser-min.ts(18,2959): error TS1128: Declaration or statement expected.
browser/prelude-browser-min.ts(18,2960): error TS1128: Declaration or statement expected.
browser/prelude-browser-min.ts(18,2963): error TS1128: Declaration or statement expected.
browser/prelude-browser-min.ts(18,2966): error TS1005: ';' expected.
browser/prelude-browser.ts(203,70): error TS1005: '{' expected.
browser/prelude-browser.ts(203,71): error TS1128: Declaration or statement expected.
browser/prelude-browser.ts(203,76): error TS1005: ',' expected.
browser/prelude-browser.ts(203,88): error TS1005: ',' expected.
browser/prelude-browser.ts(203,89): error TS1005: ';' expected.
browser/prelude-browser.ts(210,2): error TS1128: Declaration or statement expected.
browser/prelude-browser.ts(505,65): error TS1128: Declaration or statement expected.
browser/prelude-browser.ts(505,82): error TS1005: ';' expected.
browser/prelude-browser.ts(505,83): error TS1005: ';' expected.
browser/prelude-browser.ts(508,2): error TS1128: Declaration or statement expected.
browser/prelude-browser.ts(777,27): error TS1128: Declaration or statement expected.
browser/prelude-browser.ts(777,42): error TS1005: ';' expected.
browser/prelude-browser.ts(793,29): error TS1110: Type expected.
browser/prelude-browser.ts(793,30): error TS1109: Expression expected.
browser/prelude-browser.ts(794,2): error TS1128: Declaration or statement expected.
browser/prelude-browser.ts(794,5): error TS1128: Declaration or statement expected.
browser/prelude-browser.ts(794,6): error TS1128: Declaration or statement expected.
browser/prelude-browser.ts(794,8): error TS1005: ';' expected.
browser/prelude-browser.ts(925,8): error TS1005: ';' expected.
browser/prelude-browser.ts(1080,8): error TS1005: ';' expected.
browser/prelude-browser.ts(1086,29): error TS1110: Type expected.
browser/prelude-browser.ts(1089,23): error TS1110: Type expected.
browser/prelude-browser.ts(1098,23): error TS1110: Type expected.
browser/prelude-browser.ts(1113,25): error TS1110: Type expected.
browser/prelude-browser.ts(1124,28): error TS1110: Type expected.
browser/prelude-browser.ts(1127,25): error TS1110: Type expected.
browser/prelude-browser.ts(1128,60): error TS1110: Type expected.
browser/prelude-browser.ts(1128,61): error TS1109: Expression expected.
browser/prelude-browser.ts(1128,65): error TS1005: ',' expected.
browser/prelude-browser.ts(1128,77): error TS1109: Expression expected.
browser/prelude-browser.ts(1128,78): error TS1109: Expression expected.
browser/prelude-browser.ts(1128,80): error TS1005: ';' expected.
browser/prelude-browser.ts(1130,4): error TS1128: Declaration or statement expected.
browser/prelude-browser.ts(1173,19): error TS1005: ';' expected.
browser/prelude-browser.ts(1352,72): error TS1128: Declaration or statement expected.
browser/prelude-browser.ts(1352,73): error TS1128: Declaration or statement expected.
browser/prelude-browser.ts(1352,76): error TS1128: Declaration or statement expected.
browser/prelude-browser.ts(1352,79): error TS1005: ';' expected.
lib/List.ts(126,70): error TS1005: '{' expected.
lib/List.ts(126,71): error TS1128: Declaration or statement expected.
lib/List.ts(126,88): error TS1005: ';' expected.
lib/List.ts(133,2): error TS1128: Declaration or statement expected.
lib/List.ts(428,65): error TS1128: Declaration or statement expected.
lib/List.ts(428,82): error TS1005: ';' expected.
lib/List.ts(428,83): error TS1005: ';' expected.
lib/List.ts(431,2): error TS1128: Declaration or statement expected.
lib/List.ts(700,27): error TS1128: Declaration or statement expected.
lib/List.ts(700,42): error TS1005: ';' expected.
lib/List.ts(716,29): error TS1110: Type expected.
lib/List.ts(716,30): error TS1109: Expression expected.
lib/List.ts(716,45): error TS1005: '}' expected.
lib/Str.ts(6,29): error TS1110: Type expected.
lib/Str.ts(9,23): error TS1110: Type expected.
lib/Str.ts(18,23): error TS1110: Type expected.
lib/Str.ts(33,25): error TS1110: Type expected.
lib/Str.ts(44,28): error TS1110: Type expected.
lib/Str.ts(47,25): error TS1110: Type expected.
lib/Str.ts(48,60): error TS1110: Type expected.
lib/Str.ts(48,61): error TS1109: Expression expected.
lib/Str.ts(48,65): error TS1005: ',' expected.
lib/Str.ts(48,77): error TS1109: Expression expected.
lib/Str.ts(48,78): error TS1109: Expression expected.
lib/Str.ts(48,80): error TS1005: ';' expected.
lib/Str.ts(50,4): error TS1128: Declaration or statement expected.

