lib/index.ts(44,18): error TS2552: Cannot find name 'umber'. Did you mean 'number'?
lib/index.ts(58,32): error TS2552: Cannot find name 'umber'. Did you mean 'number'?
lib/index.ts(62,68): error TS2304: Cannot find name 'IConversionOptions'.
lib/index.ts(63,7): error TS7034: Variable 'lowerBound' implicitly has type 'any' in some locations where its type cannot be determined.
lib/index.ts(63,19): error TS7034: Variable 'upperBound' implicitly has type 'any' in some locations where its type cannot be determined.
lib/index.ts(75,11): error TS7006: Parameter 'value' implicitly has an 'any' type.
lib/index.ts(79,17): error TS2339: Property 'enforceRange' does not exist on type '{}'.
lib/index.ts(86,15): error TS7005: Variable 'lowerBound' implicitly has an 'any' type.
lib/index.ts(86,33): error TS7005: Variable 'upperBound' implicitly has an 'any' type.
lib/index.ts(89,47): error TS7005: Variable 'lowerBound' implicitly has an 'any' type.
lib/index.ts(89,64): error TS7005: Variable 'upperBound' implicitly has an 'any' type.
lib/index.ts(97,37): error TS2339: Property 'clamp' does not exist on type '{}'.
lib/index.ts(98,32): error TS7005: Variable 'lowerBound' implicitly has an 'any' type.
lib/index.ts(98,45): error TS7005: Variable 'upperBound' implicitly has an 'any' type.
lib/index.ts(110,14): error TS7005: Variable 'lowerBound' implicitly has an 'any' type.
lib/index.ts(110,33): error TS7005: Variable 'upperBound' implicitly has an 'any' type.
lib/index.ts(123,69): error TS2304: Cannot find name 'IConversionOptions'.
lib/index.ts(128,11): error TS7006: Parameter 'value' implicitly has an 'any' type.
lib/index.ts(132,17): error TS2339: Property 'enforceRange' does not exist on type '{}'.
lib/index.ts(150,37): error TS2339: Property 'clamp' does not exist on type '{}'.
lib/index.ts(166,15): error TS7006: Parameter 'value' implicitly has an 'any' type.
lib/index.ts(174,19): error TS7006: Parameter 'value' implicitly has an 'any' type.
lib/index.ts(190,19): error TS7006: Parameter 'value' implicitly has an 'any' type.
lib/index.ts(200,35): error TS7006: Parameter 'value' implicitly has an 'any' type.
lib/index.ts(206,18): error TS7006: Parameter 'value' implicitly has an 'any' type.
lib/index.ts(226,34): error TS7006: Parameter 'value' implicitly has an 'any' type.
lib/index.ts(240,22): error TS7006: Parameter 'value' implicitly has an 'any' type.
lib/index.ts(241,15): error TS2339: Property 'treatNullAsEmptyString' does not exist on type '{}'.
lib/index.ts(249,30): error TS2339: Property 'globals' does not exist on type '{}'.
lib/index.ts(249,48): error TS2339: Property 'globals' does not exist on type '{}'.
lib/index.ts(253,23): error TS7006: Parameter 'value' implicitly has an 'any' type.
lib/index.ts(265,22): error TS7006: Parameter 'value' implicitly has an 'any' type.
lib/index.ts(293,19): error TS7006: Parameter 'value' implicitly has an 'any' type.
lib/index.ts(302,5): error TS2532: Object is possibly 'undefined'.
lib/index.ts(305,7): error TS2532: Object is possibly 'undefined'.
lib/index.ts(312,5): error TS2532: Object is possibly 'undefined'.
lib/index.ts(312,5): error TS2684: The 'this' context of type '(() => any) | undefined' is not assignable to method's 'this' of type '(this: any) => any'.
  Type 'undefined' is not assignable to type '(this: any) => any'.
lib/index.ts(322,5): error TS2533: Object is possibly 'null' or 'undefined'.
lib/index.ts(322,5): error TS2684: The 'this' context of type '(() => any) | null | undefined' is not assignable to method's 'this' of type '(this: any) => any'.
  Type 'undefined' is not assignable to type '(this: any) => any'.
lib/index.ts(339,24): error TS7006: Parameter 'value' implicitly has an 'any' type.
lib/index.ts(341,17): error TS2339: Property 'allowShared' does not exist on type '{}'.
lib/index.ts(354,5): error TS2532: Object is possibly 'undefined'.
lib/index.ts(355,21): error TS7006: Parameter 'value' implicitly has an 'any' type.
lib/index.ts(357,5): error TS2532: Object is possibly 'undefined'.
lib/index.ts(357,5): error TS2684: The 'this' context of type '(() => any) | undefined' is not assignable to method's 'this' of type '(this: any) => any'.
  Type 'undefined' is not assignable to type '(this: any) => any'.
lib/index.ts(362,16): error TS2339: Property 'allowShared' does not exist on type '{}'.
lib/index.ts(376,30): error TS2532: Object is possibly 'undefined'.
lib/index.ts(393,20): error TS7006: Parameter 'value' implicitly has an 'any' type.
lib/index.ts(394,39): error TS2532: Object is possibly 'undefined'.
lib/index.ts(394,39): error TS2684: The 'this' context of type '(() => any) | undefined' is not assignable to method's 'this' of type '(this: ArrayBufferView) => any'.
  Type 'undefined' is not assignable to type '(this: ArrayBufferView) => any'.
lib/index.ts(397,18): error TS2339: Property 'allowShared' does not exist on type '{}'.
lib/index.ts(410,28): error TS7006: Parameter 'value' implicitly has an 'any' type.
lib/index.ts(415,16): error TS2339: Property 'allowShared' does not exist on type '{}'.
lib/index.ts(425,25): error TS7006: Parameter 'value' implicitly has an 'any' type.
lib/index.ts(427,18): error TS2339: Property 'allowShared' does not exist on type '{}'.
lib/index.ts(437,16): error TS2339: Property 'allowShared' does not exist on type '{}'.
lib/index.ts(440,15): error TS2339: Property 'allowShared' does not exist on type '{}'.

