lib/mime-type-parameters.ts(3,3): error TS2451: Cannot redeclare block-scoped variable 'asciiLowercase'.
lib/mime-type-parameters.ts(4,3): error TS2451: Cannot redeclare block-scoped variable 'solelyContainsHTTPTokenCodePoints'.
lib/mime-type-parameters.ts(5,3): error TS2451: Cannot redeclare block-scoped variable 'soleyContainsHTTPQuotedStringTokenCodePoints'.
lib/mime-type-parameters.ts(10,10): error TS2339: Property '_map' does not exist on type 'MIMETypeParameters'.
lib/mime-type-parameters.ts(14,17): error TS2339: Property '_map' does not exist on type 'MIMETypeParameters'.
lib/mime-type-parameters.ts(19,17): error TS2339: Property '_map' does not exist on type 'MIMETypeParameters'.
lib/mime-type-parameters.ts(24,17): error TS2339: Property '_map' does not exist on type 'MIMETypeParameters'.
lib/mime-type-parameters.ts(39,17): error TS2339: Property '_map' does not exist on type 'MIMETypeParameters'.
lib/mime-type-parameters.ts(43,10): error TS2339: Property '_map' does not exist on type 'MIMETypeParameters'.
lib/mime-type-parameters.ts(48,17): error TS2339: Property '_map' does not exist on type 'MIMETypeParameters'.
lib/mime-type-parameters.ts(52,10): error TS2339: Property '_map' does not exist on type 'MIMETypeParameters'.
lib/mime-type-parameters.ts(56,17): error TS2339: Property '_map' does not exist on type 'MIMETypeParameters'.
lib/mime-type-parameters.ts(60,17): error TS2339: Property '_map' does not exist on type 'MIMETypeParameters'.
lib/mime-type-parameters.ts(64,17): error TS2339: Property '_map' does not exist on type 'MIMETypeParameters'.
lib/mime-type-parameters.ts(68,17): error TS2339: Property '_map' does not exist on type 'MIMETypeParameters'.
lib/mime-type.ts(6,3): error TS2451: Cannot redeclare block-scoped variable 'asciiLowercase'.
lib/mime-type.ts(7,3): error TS2451: Cannot redeclare block-scoped variable 'solelyContainsHTTPTokenCodePoints'.
lib/mime-type.ts(18,10): error TS2551: Property '_type' does not exist on type 'MIMEType'. Did you mean 'type'?
lib/mime-type.ts(19,10): error TS2551: Property '_subtype' does not exist on type 'MIMEType'. Did you mean 'subtype'?
lib/mime-type.ts(20,10): error TS2551: Property '_parameters' does not exist on type 'MIMEType'. Did you mean 'parameters'?
lib/mime-type.ts(36,17): error TS2551: Property '_type' does not exist on type 'MIMEType'. Did you mean 'type'?
lib/mime-type.ts(49,10): error TS2551: Property '_type' does not exist on type 'MIMEType'. Did you mean 'type'?
lib/mime-type.ts(53,17): error TS2551: Property '_subtype' does not exist on type 'MIMEType'. Did you mean 'subtype'?
lib/mime-type.ts(66,10): error TS2551: Property '_subtype' does not exist on type 'MIMEType'. Did you mean 'subtype'?
lib/mime-type.ts(70,17): error TS2551: Property '_parameters' does not exist on type 'MIMEType'. Did you mean 'parameters'?
lib/mime-type.ts(80,18): error TS2551: Property '_type' does not exist on type 'MIMEType'. Did you mean 'type'?
lib/mime-type.ts(82,22): error TS2551: Property '_subtype' does not exist on type 'MIMEType'. Did you mean 'subtype'?
lib/mime-type.ts(95,48): error TS2551: Property '_parameters' does not exist on type 'MIMEType'. Did you mean 'parameters'?
lib/mime-type.ts(103,22): error TS2551: Property '_subtype' does not exist on type 'MIMEType'. Did you mean 'subtype'?
lib/mime-type.ts(108,48): error TS2551: Property '_parameters' does not exist on type 'MIMEType'. Did you mean 'parameters'?
lib/mime-type.ts(121,18): error TS2551: Property '_subtype' does not exist on type 'MIMEType'. Did you mean 'subtype'?
lib/mime-type.ts(121,46): error TS2551: Property '_type' does not exist on type 'MIMEType'. Did you mean 'type'?
lib/mime-type.ts(121,71): error TS2551: Property '_type' does not exist on type 'MIMEType'. Did you mean 'type'?
lib/mime-type.ts(122,17): error TS2551: Property '_subtype' does not exist on type 'MIMEType'. Did you mean 'subtype'?
lib/mime-type.ts(125,17): error TS2551: Property '_subtype' does not exist on type 'MIMEType'. Did you mean 'subtype'?
lib/mime-type.ts(125,45): error TS2551: Property '_type' does not exist on type 'MIMEType'. Did you mean 'type'?
lib/parser.ts(6,3): error TS2451: Cannot redeclare block-scoped variable 'solelyContainsHTTPTokenCodePoints'.
lib/parser.ts(7,3): error TS2451: Cannot redeclare block-scoped variable 'soleyContainsHTTPQuotedStringTokenCodePoints'.
lib/parser.ts(8,3): error TS2451: Cannot redeclare block-scoped variable 'asciiLowercase'.
lib/serializer.ts(2,9): error TS2451: Cannot redeclare block-scoped variable 'solelyContainsHTTPTokenCodePoints'.
scripts/get-latest-platform-tests.ts(4,7): error TS2451: Cannot redeclare block-scoped variable 'fetch'.
scripts/get-latest-platform-tests.ts(28,14): error TS2339: Property 'pipe' does not exist on type 'ReadableStream<Uint8Array>'.
../../../../../src/weaver/src/node_modules/typescript/lib/lib.dom.d.ts(18281,18): error TS2451: Cannot redeclare block-scoped variable 'fetch'.

