index.ts(3,10): error TS2395: Individual declarations in merged declaration 'URL' must be all exported or all local.
index.ts(3,10): error TS2459: Module '"./webidl2js-wrapper"' declares 'URL' locally, but it is not exported.
index.ts(3,15): error TS2395: Individual declarations in merged declaration 'URLSearchParams' must be all exported or all local.
index.ts(3,15): error TS2459: Module '"./webidl2js-wrapper"' declares 'URLSearchParams' locally, but it is not exported.
index.ts(4,8): error TS1192: Module '"/mnt/typeweaver/data/LambdaNet-out/top1k-typed-with-typed-deps-es6/baseline/whatwg-url/lib/url-state-machine"' has no default export.
index.ts(8,1): error TS2448: Block-scoped variable 'URL' used before its declaration.
index.ts(8,5): error TS2339: Property 'install' does not exist on type 'string'.
index.ts(9,1): error TS2448: Block-scoped variable 'URLSearchParams' used before its declaration.
index.ts(9,17): error TS2339: Property 'install' does not exist on type 'Function'.
index.ts(11,14): error TS2395: Individual declarations in merged declaration 'URL' must be all exported or all local.
index.ts(11,47): error TS2339: Property 'URL' does not exist on type 'object'.
index.ts(12,14): error TS2395: Individual declarations in merged declaration 'URLSearchParams' must be all exported or all local.
index.ts(12,61): error TS2339: Property 'URLSearchParams' does not exist on type 'object'.
index.ts(24,14): error TS2322: Type '(input: Element) => boolean' is not assignable to type 'any[]'.
lib/URL-impl.ts(2,8): error TS1192: Module '"/mnt/typeweaver/data/LambdaNet-out/top1k-typed-with-typed-deps-es6/baseline/whatwg-url/lib/url-state-machine"' has no default export.
lib/URL-impl.ts(4,29): error TS2307: Cannot find module './URLSearchParams' or its corresponding type declarations.
lib/URL-impl.ts(6,14): error TS2740: Type 'typeof URLImpl' is missing the following properties from type 'any[]': pop, push, concat, join, and 28 more.
lib/URL-impl.ts(26,10): error TS2339: Property '_url' does not exist on type 'URLImpl'.
lib/URL-impl.ts(30,10): error TS2339: Property '_query' does not exist on type 'URLImpl'.
lib/URL-impl.ts(31,10): error TS2339: Property '_query' does not exist on type 'URLImpl'.
lib/URL-impl.ts(35,34): error TS2339: Property '_url' does not exist on type 'URLImpl'.
lib/URL-impl.ts(44,10): error TS2339: Property '_url' does not exist on type 'URLImpl'.
lib/URL-impl.ts(46,10): error TS2339: Property '_query' does not exist on type 'URLImpl'.
lib/URL-impl.ts(49,12): error TS2339: Property '_query' does not exist on type 'URLImpl'.
lib/URL-impl.ts(54,40): error TS2339: Property '_url' does not exist on type 'URLImpl'.
lib/URL-impl.ts(58,20): error TS2339: Property '_url' does not exist on type 'URLImpl'.
lib/URL-impl.ts(62,44): error TS2339: Property '_url' does not exist on type 'URLImpl'.
lib/URL-impl.ts(66,17): error TS2339: Property '_url' does not exist on type 'URLImpl'.
lib/URL-impl.ts(70,50): error TS2339: Property '_url' does not exist on type 'URLImpl'.
lib/URL-impl.ts(74,29): error TS2339: Property '_url' does not exist on type 'URLImpl'.
lib/URL-impl.ts(78,17): error TS2339: Property '_url' does not exist on type 'URLImpl'.
lib/URL-impl.ts(82,50): error TS2339: Property '_url' does not exist on type 'URLImpl'.
lib/URL-impl.ts(86,29): error TS2339: Property '_url' does not exist on type 'URLImpl'.
lib/URL-impl.ts(90,22): error TS2339: Property '_url' does not exist on type 'URLImpl'.
lib/URL-impl.ts(104,34): error TS2339: Property '_url' does not exist on type 'URLImpl'.
lib/URL-impl.ts(108,38): error TS2339: Property '_url' does not exist on type 'URLImpl'.
lib/URL-impl.ts(112,14): error TS2339: Property '_url' does not exist on type 'URLImpl'.
lib/URL-impl.ts(116,35): error TS2339: Property '_url' does not exist on type 'URLImpl'.
lib/URL-impl.ts(120,34): error TS2339: Property '_url' does not exist on type 'URLImpl'.
lib/URL-impl.ts(124,38): error TS2339: Property '_url' does not exist on type 'URLImpl'.
lib/URL-impl.ts(128,14): error TS2339: Property '_url' does not exist on type 'URLImpl'.
lib/URL-impl.ts(132,38): error TS2339: Property '_url' does not exist on type 'URLImpl'.
lib/URL-impl.ts(136,50): error TS2339: Property '_url' does not exist on type 'URLImpl'.
lib/URL-impl.ts(141,12): error TS2339: Property '_url' does not exist on type 'URLImpl'.
lib/URL-impl.ts(143,40): error TS2339: Property '_url' does not exist on type 'URLImpl'.
lib/URL-impl.ts(148,35): error TS2339: Property '_url' does not exist on type 'URLImpl'.
lib/URL-impl.ts(152,34): error TS2339: Property '_url' does not exist on type 'URLImpl'.
lib/URL-impl.ts(156,10): error TS2339: Property '_url' does not exist on type 'URLImpl'.
lib/URL-impl.ts(157,38): error TS2339: Property '_url' does not exist on type 'URLImpl'.
lib/URL-impl.ts(161,14): error TS2339: Property '_url' does not exist on type 'URLImpl'.
lib/URL-impl.ts(161,42): error TS2339: Property '_url' does not exist on type 'URLImpl'.
lib/URL-impl.ts(165,21): error TS2339: Property '_url' does not exist on type 'URLImpl'.
lib/URL-impl.ts(169,22): error TS2339: Property '_url' does not exist on type 'URLImpl'.
lib/URL-impl.ts(173,12): error TS2339: Property '_query' does not exist on type 'URLImpl'.
lib/URL-impl.ts(180,10): error TS2339: Property '_query' does not exist on type 'URLImpl'.
lib/URL-impl.ts(180,58): error TS2345: Argument of type 'string' is not assignable to parameter of type 'Element'.
lib/URL-impl.ts(184,17): error TS2339: Property '_query' does not exist on type 'URLImpl'.
lib/URL-impl.ts(188,14): error TS2339: Property '_url' does not exist on type 'URLImpl'.
lib/URL-impl.ts(188,45): error TS2339: Property '_url' does not exist on type 'URLImpl'.
lib/URL-impl.ts(192,21): error TS2339: Property '_url' does not exist on type 'URLImpl'.
lib/URL-impl.ts(197,12): error TS2339: Property '_url' does not exist on type 'URLImpl'.
lib/URL-impl.ts(202,10): error TS2339: Property '_url' does not exist on type 'URLImpl'.
lib/URL-impl.ts(203,42): error TS2339: Property '_url' does not exist on type 'URLImpl'.
lib/URLSearchParams-impl.ts(4,14): error TS2740: Type 'typeof URLSearchParamsImpl' is missing the following properties from type 'any[]': pop, push, concat, join, and 28 more.
lib/URLSearchParams-impl.ts(7,10): error TS2339: Property '_list' does not exist on type 'URLSearchParamsImpl'.
lib/URLSearchParams-impl.ts(8,10): error TS2339: Property '_url' does not exist on type 'URLSearchParamsImpl'.
lib/URLSearchParams-impl.ts(20,14): error TS2339: Property '_list' does not exist on type 'URLSearchParamsImpl'.
lib/URLSearchParams-impl.ts(25,14): error TS2339: Property '_list' does not exist on type 'URLSearchParamsImpl'.
lib/URLSearchParams-impl.ts(28,12): error TS2339: Property '_list' does not exist on type 'URLSearchParamsImpl'.
lib/URLSearchParams-impl.ts(33,14): error TS2339: Property '_url' does not exist on type 'URLSearchParamsImpl'.
lib/URLSearchParams-impl.ts(34,55): error TS2339: Property '_list' does not exist on type 'URLSearchParamsImpl'.
lib/URLSearchParams-impl.ts(38,12): error TS2339: Property '_url' does not exist on type 'URLSearchParamsImpl'.
lib/URLSearchParams-impl.ts(43,10): error TS2339: Property '_list' does not exist on type 'URLSearchParamsImpl'.
lib/URLSearchParams-impl.ts(49,21): error TS2339: Property '_list' does not exist on type 'URLSearchParamsImpl'.
lib/URLSearchParams-impl.ts(50,16): error TS2339: Property '_list' does not exist on type 'URLSearchParamsImpl'.
lib/URLSearchParams-impl.ts(51,14): error TS2339: Property '_list' does not exist on type 'URLSearchParamsImpl'.
lib/URLSearchParams-impl.ts(60,30): error TS2339: Property '_list' does not exist on type 'URLSearchParamsImpl'.
lib/URLSearchParams-impl.ts(70,30): error TS2339: Property '_list' does not exist on type 'URLSearchParamsImpl'.
lib/URLSearchParams-impl.ts(79,30): error TS2339: Property '_list' does not exist on type 'URLSearchParamsImpl'.
lib/URLSearchParams-impl.ts(90,21): error TS2339: Property '_list' does not exist on type 'URLSearchParamsImpl'.
lib/URLSearchParams-impl.ts(91,16): error TS2339: Property '_list' does not exist on type 'URLSearchParamsImpl'.
lib/URLSearchParams-impl.ts(93,16): error TS2339: Property '_list' does not exist on type 'URLSearchParamsImpl'.
lib/URLSearchParams-impl.ts(96,16): error TS2339: Property '_list' does not exist on type 'URLSearchParamsImpl'.
lib/URLSearchParams-impl.ts(104,12): error TS2339: Property '_list' does not exist on type 'URLSearchParamsImpl'.
lib/URLSearchParams-impl.ts(110,10): error TS2339: Property '_list' does not exist on type 'URLSearchParamsImpl'.
lib/URLSearchParams-impl.ts(124,17): error TS2339: Property '_list' does not exist on type 'URLSearchParamsImpl'.
lib/URLSearchParams-impl.ts(128,48): error TS2339: Property '_list' does not exist on type 'URLSearchParamsImpl'.
lib/encoding.ts(2,7): error TS2740: Type 'TextEncoder' is missing the following properties from type 'HTMLElement': accessKey, accessKeyLabel, autocapitalize, dir, and 277 more.
lib/encoding.ts(3,7): error TS2740: Type 'TextDecoder' is missing the following properties from type 'HTMLElement': accessKey, accessKeyLabel, autocapitalize, dir, and 277 more.
lib/encoding.ts(6,22): error TS2339: Property 'encode' does not exist on type 'HTMLElement'.
lib/encoding.ts(9,47): error TS2314: Generic type 'Promise<T>' requires 1 type argument(s).
lib/encoding.ts(10,22): error TS2339: Property 'decode' does not exist on type 'HTMLElement'.
lib/infra.ts(14,23): error TS2345: Argument of type 'string' is not assignable to parameter of type 'number'.
lib/infra.ts(14,42): error TS2345: Argument of type 'string' is not assignable to parameter of type 'number'.
lib/percent-encoding.ts(2,10): error TS2614: Module '"./infra"' has no exported member 'isASCIIHex'. Did you mean to use 'import isASCIIHex from "./infra"' instead?
lib/percent-encoding.ts(3,10): error TS2614: Module '"./encoding"' has no exported member 'utf8Encode'. Did you mean to use 'import utf8Encode from "./encoding"' instead?
lib/percent-encoding.ts(11,32): error TS2554: Expected 0 arguments, but got 1.
lib/percent-encoding.ts(21,9): error TS2740: Type 'Uint8Array' is missing the following properties from type 'any[]': pop, push, concat, shift, and 5 more.
lib/percent-encoding.ts(21,46): error TS2339: Property 'byteLength' does not exist on type 'object'.
lib/percent-encoding.ts(23,29): error TS2339: Property 'byteLength' does not exist on type 'object'.
lib/percent-encoding.ts(25,9): error TS2367: This condition will always return 'true' since the types 'string' and 'number' have no overlap.
lib/percent-encoding.ts(42,3): error TS2322: Type 'any[]' is not assignable to type 'boolean'.
lib/percent-encoding.ts(42,29): error TS2345: Argument of type 'string' is not assignable to parameter of type 'object'.
lib/percent-encoding.ts(51,7): error TS2739: Type 'Set<number>' is missing the following properties from type 'Error': name, message
lib/percent-encoding.ts(53,35): error TS2345: Argument of type 'string' is not assignable to parameter of type 'number'.
lib/percent-encoding.ts(53,71): error TS2339: Property 'has' does not exist on type 'Error'.
lib/percent-encoding.ts(57,7): error TS2322: Type 'Set<number>' is not assignable to type 'Error'.
lib/percent-encoding.ts(59,35): error TS2345: Argument of type 'string' is not assignable to parameter of type 'number'.
lib/percent-encoding.ts(59,68): error TS2339: Property 'has' does not exist on type 'Error'.
lib/percent-encoding.ts(64,37): error TS2367: This condition will always return 'false' since the types 'string' and 'number' have no overlap.
lib/percent-encoding.ts(68,34): error TS2314: Generic type 'Map<K, V>' requires 2 type argument(s).
lib/percent-encoding.ts(74,7): error TS2322: Type 'Set<number>' is not assignable to type 'Error'.
lib/percent-encoding.ts(77,66): error TS2339: Property 'has' does not exist on type 'Error'.
lib/percent-encoding.ts(81,7): error TS2322: Type 'Set<number>' is not assignable to type 'Error'.
lib/percent-encoding.ts(83,71): error TS2339: Property 'has' does not exist on type 'Error'.
lib/percent-encoding.ts(89,73): error TS2339: Property 'has' does not exist on type 'object'.
lib/percent-encoding.ts(113,3): error TS2322: Type 'string' is not assignable to type 'boolean'.
lib/percent-encoding.ts(113,66): error TS2345: Argument of type 'string' is not assignable to parameter of type 'number'.
lib/percent-encoding.ts(113,78): error TS2345: Argument of type 'boolean' is not assignable to parameter of type 'Function'.
lib/percent-encoding.ts(124,63): error TS2345: Argument of type 'boolean' is not assignable to parameter of type 'Function'.
lib/url-state-machine.ts(4,10): error TS2614: Module '"./encoding"' has no exported member 'utf8DecodeWithoutBOM'. Did you mean to use 'import utf8DecodeWithoutBOM from "./encoding"' instead?
lib/url-state-machine.ts(7,3): error TS2614: Module '"./percent-encoding"' has no exported member 'percentDecodeString'. Did you mean to use 'import percentDecodeString from "./percent-encoding"' instead?
lib/url-state-machine.ts(8,3): error TS2614: Module '"./percent-encoding"' has no exported member 'utf8PercentEncodeCodePoint'. Did you mean to use 'import utf8PercentEncodeCodePoint from "./percent-encoding"' instead?
lib/url-state-machine.ts(9,3): error TS2614: Module '"./percent-encoding"' has no exported member 'utf8PercentEncodeString'. Did you mean to use 'import utf8PercentEncodeString from "./percent-encoding"' instead?
lib/url-state-machine.ts(10,3): error TS2614: Module '"./percent-encoding"' has no exported member 'isC0ControlPercentEncode'. Did you mean to use 'import isC0ControlPercentEncode from "./percent-encoding"' instead?
lib/url-state-machine.ts(11,3): error TS2614: Module '"./percent-encoding"' has no exported member 'isFragmentPercentEncode'. Did you mean to use 'import isFragmentPercentEncode from "./percent-encoding"' instead?
lib/url-state-machine.ts(12,3): error TS2614: Module '"./percent-encoding"' has no exported member 'isQueryPercentEncode'. Did you mean to use 'import isQueryPercentEncode from "./percent-encoding"' instead?
lib/url-state-machine.ts(13,3): error TS2614: Module '"./percent-encoding"' has no exported member 'isSpecialQueryPercentEncode'. Did you mean to use 'import isSpecialQueryPercentEncode from "./percent-encoding"' instead?
lib/url-state-machine.ts(14,3): error TS2614: Module '"./percent-encoding"' has no exported member 'isPathPercentEncode'. Did you mean to use 'import isPathPercentEncode from "./percent-encoding"' instead?
lib/url-state-machine.ts(15,3): error TS2614: Module '"./percent-encoding"' has no exported member 'isUserinfoPercentEncode'. Did you mean to use 'import isUserinfoPercentEncode from "./percent-encoding"' instead?
lib/url-state-machine.ts(31,7): error TS2322: Type 'typeof failure' is not assignable to type 'number'.
lib/url-state-machine.ts(39,16): error TS2345: Argument of type 'string' is not assignable to parameter of type 'number'.
lib/url-state-machine.ts(39,54): error TS2345: Argument of type 'string' is not assignable to parameter of type 'number'.
lib/url-state-machine.ts(43,10): error TS2367: This condition will always return 'false' since the types 'object' and 'string' have no overlap.
lib/url-state-machine.ts(43,35): error TS2339: Property 'toLowerCase' does not exist on type 'object'.
lib/url-state-machine.ts(47,19): error TS2339: Property 'toLowerCase' does not exist on type 'number'.
lib/url-state-machine.ts(48,10): error TS2367: This condition will always return 'false' since the types 'number' and 'string' have no overlap.
lib/url-state-machine.ts(48,29): error TS2367: This condition will always return 'false' since the types 'number' and 'string' have no overlap.
lib/url-state-machine.ts(48,50): error TS2367: This condition will always return 'false' since the types 'number' and 'string' have no overlap.
lib/url-state-machine.ts(48,71): error TS2367: This condition will always return 'false' since the types 'number' and 'string' have no overlap.
lib/url-state-machine.ts(52,29): error TS2345: Argument of type 'string' is not assignable to parameter of type 'number'.
lib/url-state-machine.ts(56,59): error TS2339: Property 'codePointAt' does not exist on type 'any[]'.
lib/url-state-machine.ts(76,30): error TS2339: Property 'scheme' does not exist on type 'string'.
lib/url-state-machine.ts(80,31): error TS2339: Property 'scheme' does not exist on type 'string'.
lib/url-state-machine.ts(122,30): error TS2339: Property 'split' does not exist on type 'HTMLElement'.
lib/url-state-machine.ts(135,11): error TS2322: Type 'number' is not assignable to type 'string'.
lib/url-state-machine.ts(136,9): error TS2367: This condition will always return 'false' since the types 'string' and 'number' have no overlap.
lib/url-state-machine.ts(160,3): error TS2322: Type 'string' is not assignable to type 'number'.
lib/url-state-machine.ts(184,22): error TS2769: No overload matches this call.
  Overload 1 of 4, '(iterable: Iterable<any[]> | ArrayLike<any[]>, mapfn: (v: any[], k: number) => any, thisArg?: any): any[]', gave the following error.
    Argument of type 'object' is not assignable to parameter of type 'Iterable<any[]> | ArrayLike<any[]>'.
  Overload 2 of 4, '(arrayLike: ArrayLike<any[]>, mapfn: (v: any[], k: number) => any, thisArg?: any): any[]', gave the following error.
    Argument of type 'object' is not assignable to parameter of type 'ArrayLike<any[]>'.
      Property 'length' is missing in type '{}' but required in type 'ArrayLike<any[]>'.
lib/url-state-machine.ts(184,45): error TS2339: Property 'codePointAt' does not exist on type 'any[]'.
lib/url-state-machine.ts(188,7): error TS2322: Type 'number' is not assignable to type 'object'.
lib/url-state-machine.ts(196,26): error TS2339: Property 'length' does not exist on type 'object'.
lib/url-state-machine.ts(198,7): error TS2322: Type 'number' is not assignable to type 'object'.
lib/url-state-machine.ts(203,9): error TS2322: Type 'number' is not assignable to type 'object'.
lib/url-state-machine.ts(215,49): error TS2345: Argument of type 'number' is not assignable to parameter of type 'string'.
lib/url-state-machine.ts(222,9): error TS2322: Type 'number' is not assignable to type 'object'.
lib/url-state-machine.ts(228,9): error TS2322: Type 'number' is not assignable to type 'object'.
lib/url-state-machine.ts(240,13): error TS2322: Type 'number' is not assignable to type 'object'.
lib/url-state-machine.ts(245,11): error TS2322: Type 'number' is not assignable to type 'object'.
lib/url-state-machine.ts(249,53): error TS2345: Argument of type 'number' is not assignable to parameter of type 'string'.
lib/url-state-machine.ts(253,13): error TS2322: Type 'number' is not assignable to type 'object'.
lib/url-state-machine.ts(258,13): error TS2322: Type 'number' is not assignable to type 'object'.
lib/url-state-machine.ts(273,9): error TS2322: Type 'number' is not assignable to type 'object'.
lib/url-state-machine.ts(280,9): error TS2322: Type 'number' is not assignable to type 'object'.
lib/url-state-machine.ts(283,7): error TS2322: Type 'number' is not assignable to type 'object'.
lib/url-state-machine.ts(301,5): error TS2322: Type 'number' is not assignable to type 'object'.
lib/url-state-machine.ts(309,52): error TS2345: Argument of type 'object' is not assignable to parameter of type 'any[]'.
  Type '{}' is missing the following properties from type 'any[]': length, pop, push, concat, and 29 more.
lib/url-state-machine.ts(342,5): error TS2322: Type 'object' is not assignable to type 'number'.
lib/url-state-machine.ts(342,28): error TS2339: Property 'substring' does not exist on type 'any[]'.
lib/url-state-machine.ts(346,5): error TS2322: Type 'boolean' is not assignable to type 'number'.
lib/url-state-machine.ts(346,28): error TS2345: Argument of type 'any[]' is not assignable to parameter of type 'Element'.
  Type 'any[]' is missing the following properties from type 'Element': attributes, classList, className, clientHeight, and 160 more.
lib/url-state-machine.ts(350,9): error TS2322: Type 'boolean' is not assignable to type 'string'.
lib/url-state-machine.ts(351,7): error TS2367: This condition will always return 'false' since the types 'string' and 'number' have no overlap.
lib/url-state-machine.ts(359,21): error TS2345: Argument of type 'string' is not assignable to parameter of type 'any[]'.
lib/url-state-machine.ts(360,22): error TS2345: Argument of type 'string' is not assignable to parameter of type 'HTMLElement'.
lib/url-state-machine.ts(363,3): error TS2322: Type 'string' is not assignable to type 'number'.
lib/url-state-machine.ts(367,30): error TS2339: Property 'split' does not exist on type 'any[]'.
lib/url-state-machine.ts(388,38): error TS2345: Argument of type 'Element' is not assignable to parameter of type 'string'.
lib/url-state-machine.ts(389,5): error TS2322: Type 'number' is not assignable to type 'boolean'.
lib/url-state-machine.ts(404,9): error TS2322: Type 'number' is not assignable to type 'string'.
lib/url-state-machine.ts(423,3): error TS2322: Type 'string' is not assignable to type 'number'.
lib/url-state-machine.ts(432,7): error TS2358: The left-hand side of an 'instanceof' expression must be of type 'any', an object type or a type parameter.
lib/url-state-machine.ts(439,40): error TS2322: Type 'boolean' is not assignable to type 'string'.
lib/url-state-machine.ts(440,9): error TS2322: Type 'string' is not assignable to type 'number'.
lib/url-state-machine.ts(444,5): error TS2322: Type 'string' is not assignable to type 'boolean'.
lib/url-state-machine.ts(445,5): error TS2322: Type 'string' is not assignable to type 'boolean'.
lib/url-state-machine.ts(447,26): error TS2367: This condition will always return 'false' since the types 'number' and 'string' have no overlap.
lib/url-state-machine.ts(448,5): error TS2322: Type 'number' is not assignable to type 'boolean'.
lib/url-state-machine.ts(450,3): error TS2322: Type 'number' is not assignable to type 'boolean'.
lib/url-state-machine.ts(454,3): error TS2322: Type 'string' is not assignable to type 'boolean'.
lib/url-state-machine.ts(458,3): error TS2322: Type 'string' is not assignable to type 'boolean'.
lib/url-state-machine.ts(462,11): error TS2339: Property 'path' does not exist on type 'String'.
lib/url-state-machine.ts(466,11): error TS2339: Property 'scheme' does not exist on type 'string'.
lib/url-state-machine.ts(474,14): error TS2339: Property 'username' does not exist on type 'string'.
lib/url-state-machine.ts(474,37): error TS2339: Property 'password' does not exist on type 'string'.
lib/url-state-machine.ts(478,14): error TS2339: Property 'host' does not exist on type 'string'.
lib/url-state-machine.ts(478,35): error TS2339: Property 'host' does not exist on type 'string'.
lib/url-state-machine.ts(478,54): error TS2339: Property 'scheme' does not exist on type 'string'.
lib/url-state-machine.ts(482,21): error TS2339: Property 'path' does not exist on type 'string'.
lib/url-state-machine.ts(511,11): error TS2322: Type 'boolean' is not assignable to type 'string'.
lib/url-state-machine.ts(518,9): error TS2322: Type 'boolean' is not assignable to type 'string'.
lib/url-state-machine.ts(531,55): error TS2339: Property 'codePointAt' does not exist on type 'any[]'.
lib/url-state-machine.ts(535,32): error TS2345: Argument of type 'string' is not assignable to parameter of type 'number'.
lib/url-state-machine.ts(535,70): error TS2345: Argument of type 'string' is not assignable to parameter of type 'number'.
lib/url-state-machine.ts(541,16): error TS2367: This condition will always return 'false' since the types 'boolean' and 'number' have no overlap.
lib/url-state-machine.ts(557,5): error TS2322: Type 'number' is not assignable to type 'boolean'.
lib/url-state-machine.ts(564,33): error TS2345: Argument of type 'number' is not assignable to parameter of type 'string'.
lib/url-state-machine.ts(614,5): error TS2322: Type 'number' is not assignable to type 'boolean'.
lib/url-state-machine.ts(622,5): error TS2322: Type 'number' is not assignable to type 'boolean'.
lib/url-state-machine.ts(748,11): error TS2322: Type 'number' is not assignable to type 'string'.
lib/url-state-machine.ts(749,27): error TS2365: Operator '<' cannot be applied to types 'number' and 'string'.
lib/url-state-machine.ts(752,11): error TS2367: This condition will always return 'false' since the types 'string' and 'number' have no overlap.
lib/url-state-machine.ts(768,7): error TS2322: Type 'number' is not assignable to type 'boolean'.
lib/url-state-machine.ts(788,7): error TS2322: Type 'number' is not assignable to type 'boolean'.
lib/url-state-machine.ts(795,11): error TS2322: Type 'number' is not assignable to type 'string'.
lib/url-state-machine.ts(796,9): error TS2367: This condition will always return 'false' since the types 'string' and 'number' have no overlap.
lib/url-state-machine.ts(808,7): error TS2322: Type 'number' is not assignable to type 'boolean'.
lib/url-state-machine.ts(815,11): error TS2322: Type 'number' is not assignable to type 'string'.
lib/url-state-machine.ts(816,9): error TS2367: This condition will always return 'false' since the types 'string' and 'number' have no overlap.
lib/url-state-machine.ts(848,9): error TS2322: Type 'number' is not assignable to type 'boolean'.
lib/url-state-machine.ts(850,23): error TS2367: This condition will always return 'false' since the types 'number' and 'string' have no overlap.
lib/url-state-machine.ts(860,5): error TS2322: Type 'number' is not assignable to type 'boolean'.
lib/url-state-machine.ts(866,32): error TS2314: Generic type 'Map<K, V>' requires 2 type argument(s).
lib/url-state-machine.ts(948,11): error TS2322: Type 'number' is not assignable to type 'string'.
lib/url-state-machine.ts(949,11): error TS2367: This condition will always return 'false' since the types 'string' and 'number' have no overlap.
lib/url-state-machine.ts(1117,31): error TS2339: Property 'scheme' does not exist on type 'string'.
lib/url-state-machine.ts(1118,11): error TS2339: Property 'host' does not exist on type 'string'.
lib/url-state-machine.ts(1121,13): error TS2339: Property 'username' does not exist on type 'string'.
lib/url-state-machine.ts(1121,36): error TS2339: Property 'password' does not exist on type 'string'.
lib/url-state-machine.ts(1122,21): error TS2339: Property 'username' does not exist on type 'string'.
lib/url-state-machine.ts(1123,15): error TS2339: Property 'password' does not exist on type 'string'.
lib/url-state-machine.ts(1124,27): error TS2339: Property 'password' does not exist on type 'string'.
lib/url-state-machine.ts(1129,33): error TS2339: Property 'host' does not exist on type 'string'.
lib/url-state-machine.ts(1131,13): error TS2339: Property 'port' does not exist on type 'string'.
lib/url-state-machine.ts(1132,25): error TS2339: Property 'port' does not exist on type 'string'.
lib/url-state-machine.ts(1136,11): error TS2339: Property 'host' does not exist on type 'string'.
lib/url-state-machine.ts(1136,57): error TS2339: Property 'path' does not exist on type 'string'.
lib/url-state-machine.ts(1136,80): error TS2339: Property 'path' does not exist on type 'string'.
lib/url-state-machine.ts(1141,11): error TS2339: Property 'query' does not exist on type 'string'.
lib/url-state-machine.ts(1142,23): error TS2339: Property 'query' does not exist on type 'string'.
lib/url-state-machine.ts(1145,31): error TS2339: Property 'fragment' does not exist on type 'string'.
lib/url-state-machine.ts(1146,23): error TS2339: Property 'fragment' does not exist on type 'string'.
lib/url-state-machine.ts(1153,33): error TS2339: Property 'scheme' does not exist on type 'object'.
lib/url-state-machine.ts(1154,33): error TS2339: Property 'host' does not exist on type 'object'.
lib/url-state-machine.ts(1156,13): error TS2339: Property 'port' does not exist on type 'object'.
lib/url-state-machine.ts(1157,25): error TS2339: Property 'port' does not exist on type 'object'.
lib/url-state-machine.ts(1165,16): error TS2339: Property 'path' does not exist on type 'string'.
lib/url-state-machine.ts(1169,29): error TS2339: Property 'path' does not exist on type 'string'.
lib/url-state-machine.ts(1181,15): error TS2339: Property 'scheme' does not exist on type 'string'.
lib/url-state-machine.ts(1195,21): error TS2339: Property 'scheme' does not exist on type 'string'.
lib/url-state-machine.ts(1196,19): error TS2339: Property 'host' does not exist on type 'string'.
lib/url-state-machine.ts(1197,19): error TS2339: Property 'port' does not exist on type 'string'.
lib/url-state-machine.ts(1219,63): error TS2339: Property 'baseURL' does not exist on type 'object'.
lib/url-state-machine.ts(1219,80): error TS2339: Property 'encodingOverride' does not exist on type 'object'.
lib/url-state-machine.ts(1219,106): error TS2339: Property 'url' does not exist on type 'object'.
lib/url-state-machine.ts(1219,119): error TS2339: Property 'stateOverride' does not exist on type 'object'.
lib/url-state-machine.ts(1220,11): error TS2339: Property 'failure' does not exist on type 'HTMLElement'.
lib/url-state-machine.ts(1224,14): error TS2339: Property 'url' does not exist on type 'HTMLElement'.
lib/url-state-machine.ts(1228,7): error TS2339: Property 'username' does not exist on type 'string'.
lib/url-state-machine.ts(1232,7): error TS2339: Property 'password' does not exist on type 'string'.
lib/url-state-machine.ts(1251,65): error TS2339: Property 'baseURL' does not exist on type 'object'.
lib/url-state-machine.ts(1251,100): error TS2339: Property 'encodingOverride' does not exist on type 'object'.
lib/urlencoded.ts(2,10): error TS2614: Module '"./encoding"' has no exported member 'utf8Encode'. Did you mean to use 'import utf8Encode from "./encoding"' instead?
lib/urlencoded.ts(2,22): error TS2614: Module '"./encoding"' has no exported member 'utf8DecodeWithoutBOM'. Did you mean to use 'import utf8DecodeWithoutBOM from "./encoding"' instead?
lib/urlencoded.ts(3,10): error TS2614: Module '"./percent-encoding"' has no exported member 'percentDecodeBytes'. Did you mean to use 'import percentDecodeBytes from "./percent-encoding"' instead?
lib/urlencoded.ts(3,30): error TS2614: Module '"./percent-encoding"' has no exported member 'utf8PercentEncodeString'. Did you mean to use 'import utf8PercentEncodeString from "./percent-encoding"' instead?
lib/urlencoded.ts(3,55): error TS2614: Module '"./percent-encoding"' has no exported member 'isURLEncodedPercentEncode'. Did you mean to use 'import isURLEncodedPercentEncode from "./percent-encoding"' instead?
lib/urlencoded.ts(6,3): error TS2322: Type 'number' is not assignable to type 'string'.
lib/urlencoded.ts(11,54): error TS2345: Argument of type 'Element' is not assignable to parameter of type 'string'.
lib/urlencoded.ts(26,7): error TS2322: Type 'Uint8Array' is not assignable to type 'any[]'.
lib/urlencoded.ts(29,5): error TS2322: Type 'any[]' is not assignable to type 'string'.
lib/urlencoded.ts(29,38): error TS2345: Argument of type 'string' is not assignable to parameter of type 'any[]'.
lib/urlencoded.ts(30,46): error TS2345: Argument of type 'number' is not assignable to parameter of type 'string'.
lib/urlencoded.ts(42,3): error TS2322: Type 'any[]' is not assignable to type 'string'.
lib/urlencoded.ts(46,38): error TS2314: Generic type 'Map<K, V>' requires 2 type argument(s).
lib/urlencoded.ts(65,23): error TS2339: Property 'name' does not exist on type 'string'.
live-viewer/live-viewer.ts(3,9): error TS2739: Type 'Element' is missing the following properties from type 'Error': name, message
live-viewer/live-viewer.ts(6,9): error TS2322: Type 'TextEncoder' is not assignable to type 'HTMLElement'.
live-viewer/live-viewer.ts(7,9): error TS2322: Type 'TextDecoder' is not assignable to type 'HTMLElement'.
live-viewer/live-viewer.ts(11,88): error TS2551: Property 'contentDocument' does not exist on type 'Element'. Did you mean 'ownerDocument'?
live-viewer/live-viewer.ts(12,60): error TS2339: Property 'createElement' does not exist on type 'HTMLElement'.
live-viewer/live-viewer.ts(13,53): error TS2339: Property 'createElement' does not exist on type 'HTMLElement'.
live-viewer/live-viewer.ts(14,25): error TS2339: Property 'head' does not exist on type 'HTMLElement'.
live-viewer/live-viewer.ts(15,25): error TS2339: Property 'body' does not exist on type 'HTMLElement'.
live-viewer/live-viewer.ts(29,12): error TS2339: Property 'addEventListener' does not exist on type 'Error'.
live-viewer/live-viewer.ts(35,11): error TS2322: Type 'object' is not assignable to type 'any[]'.
live-viewer/live-viewer.ts(37,11): error TS2740: Type '{}' is missing the following properties from type 'Function': apply, call, bind, prototype, and 6 more.
live-viewer/live-viewer.ts(40,24): error TS2345: Argument of type 'Function' is not assignable to parameter of type 'any[]'.
  Type 'Function' is missing the following properties from type 'any[]': pop, push, concat, join, and 28 more.
live-viewer/live-viewer.ts(44,73): error TS2314: Generic type 'Map<K, V>' requires 2 type argument(s).
live-viewer/live-viewer.ts(46,11): error TS2322: Type 'Element' is not assignable to type 'Error'.
live-viewer/live-viewer.ts(49,14): error TS2339: Property 'hidden' does not exist on type 'EventTarget'.
live-viewer/live-viewer.ts(50,13): error TS2339: Property 'hidden' does not exist on type 'Error'.
live-viewer/live-viewer.ts(51,13): error TS2339: Property 'textContent' does not exist on type 'Error'.
live-viewer/live-viewer.ts(53,14): error TS2339: Property 'hidden' does not exist on type 'EventTarget'.
live-viewer/live-viewer.ts(54,13): error TS2339: Property 'hidden' does not exist on type 'Error'.
live-viewer/live-viewer.ts(56,44): error TS2339: Property 'querySelector' does not exist on type 'EventTarget'.
live-viewer/live-viewer.ts(57,29): error TS2345: Argument of type 'string' is not assignable to parameter of type 'HTMLElement'.
live-viewer/live-viewer.ts(58,32): error TS2345: Argument of type 'string' is not assignable to parameter of type 'HTMLElement'.
live-viewer/live-viewer.ts(79,11): error TS2739: Type 'Set<unknown>' is missing the following properties from type 'Error': name, message
live-viewer/live-viewer.ts(82,20): error TS2339: Property 'add' does not exist on type 'Error'.
live-viewer/live-viewer.ts(90,17): error TS2339: Property 'href' does not exist on type 'object'.
live-viewer/live-viewer.ts(91,19): error TS2339: Property 'href' does not exist on type 'HTMLElement'.
live-viewer/live-viewer.ts(91,36): error TS2339: Property 'value' does not exist on type 'HTMLElement'.
live-viewer/live-viewer.ts(92,23): error TS2339: Property 'protocol' does not exist on type 'HTMLElement'.
live-viewer/live-viewer.ts(97,19): error TS2339: Property 'href' does not exist on type 'HTMLElement'.
live-viewer/live-viewer.ts(97,35): error TS2339: Property 'value' does not exist on type 'Error'.
live-viewer/live-viewer.ts(98,17): error TS2339: Property 'href' does not exist on type 'object'.
live-viewer/live-viewer.ts(98,34): error TS2339: Property 'value' does not exist on type 'HTMLElement'.
live-viewer/live-viewer.ts(99,23): error TS2339: Property 'protocol' does not exist on type 'HTMLElement'.
live-viewer/live-viewer.ts(106,30): error TS2314: Generic type 'Promise<T>' requires 1 type argument(s).
live-viewer/live-viewer.ts(108,18): error TS2304: Cannot find name 'whatwgURL'.
live-viewer/live-viewer.ts(108,41): error TS2339: Property 'value' does not exist on type 'Error'.
live-viewer/live-viewer.ts(108,58): error TS2339: Property 'value' does not exist on type 'HTMLElement'.
live-viewer/live-viewer.ts(114,40): error TS2314: Generic type 'Promise<T>' requires 1 type argument(s).
live-viewer/live-viewer.ts(115,52): error TS2339: Property 'value' does not exist on type 'Error'.
live-viewer/live-viewer.ts(115,92): error TS2339: Property 'value' does not exist on type 'HTMLElement'.
live-viewer/live-viewer.ts(125,16): error TS2339: Property 'value' does not exist on type 'Error'.
live-viewer/live-viewer.ts(132,17): error TS2339: Property 'value' does not exist on type 'HTMLElement'.
live-viewer/live-viewer.ts(145,29): error TS2339: Property 'encode' does not exist on type 'HTMLElement'.
live-viewer/live-viewer.ts(146,88): error TS2345: Argument of type 'string' is not assignable to parameter of type 'number'.
live-viewer/live-viewer.ts(148,5): error TS2322: Type 'string' is not assignable to type 'number'.
live-viewer/live-viewer.ts(153,11): error TS2322: Type 'Uint8Array' is not assignable to type 'string'.
live-viewer/live-viewer.ts(154,39): error TS2339: Property 'decode' does not exist on type 'HTMLElement'.
live-viewer/live-viewer.ts(155,5): error TS2322: Type 'string' is not assignable to type 'any[]'.
scripts/benchmark.ts(3,23): error TS2307: Cannot find module 'benchmark' or its corresponding type declarations.
scripts/benchmark.ts(4,22): error TS2732: Cannot find module '../test/web-platform-tests/resources/urltestdata.json'. Consider using '--resolveJsonModule' to import module with '.json' extension.
scripts/benchmark.ts(6,102): error TS2339: Property 'input' does not exist on type 'object'.
scripts/benchmark.ts(12,11): error TS2351: This expression is not constructable.
  Type 'String' has no construct signatures.
scripts/benchmark.ts(19,11): error TS2339: Property 'on' does not exist on type 'HTMLElement'.
scripts/benchmark.ts(19,57): error TS2339: Property 'target' does not exist on type 'HTMLElement'.
scripts/benchmark.ts(20,11): error TS2339: Property 'run' does not exist on type 'HTMLElement'.
scripts/get-latest-platform-tests.ts(11,17): error TS2307: Cannot find module 'got' or its corresponding type declarations.
scripts/transform.ts(3,23): error TS2307: Cannot find module 'webidl2js' or its corresponding type declarations.
scripts/transform.ts(9,13): error TS2339: Property 'addSource' does not exist on type 'HTMLElement'.
scripts/transform.ts(10,13): error TS2339: Property 'generate' does not exist on type 'HTMLElement'.
scripts/transform.ts(12,23): error TS2339: Property 'stack' does not exist on type 'object'.
webidl2js-wrapper.ts(3,17): error TS2307: Cannot find module './lib/URL' or its corresponding type declarations.
webidl2js-wrapper.ts(4,29): error TS2307: Cannot find module './lib/URLSearchParams' or its corresponding type declarations.

