index.ts(11,18): error TS2339: Property 'message' does not exist on type 'object'.
index.ts(15,19): error TS2314: Generic type 'Promise<T>' requires 1 type argument(s).
index.ts(15,31): error TS2339: Property 'message' does not exist on type 'object'.
index.ts(17,9): error TS2339: Property 'message' does not exist on type 'object'.
index.ts(20,36): error TS2339: Property 'message' does not exist on type 'object'.
index.ts(23,9): error TS2339: Property 'message' does not exist on type 'object'.
index.ts(32,11): error TS2322: Type 'string' is not assignable to type 'number'.
index.ts(36,26): error TS2367: This condition will always return 'false' since the types 'any[]' and 'number' have no overlap.
index.ts(54,20): error TS2339: Property 'message' does not exist on type 'object'.
index.ts(56,10): error TS2339: Property 'code' does not exist on type 'JSONParseError'.
index.ts(57,10): error TS2339: Property 'systemError' does not exist on type 'JSONParseError'.
index.ts(65,7): error TS2322: Type 'typeof kIndent' is not assignable to type 'string'.
index.ts(66,7): error TS2322: Type 'typeof kNewline' is not assignable to type 'string'.
index.ts(76,3): error TS2322: Type 'string | 20' is not assignable to type 'string'.
  Type 'number' is not assignable to type 'string'.
index.ts(88,50): error TS2345: Argument of type 'string' is not assignable to parameter of type '(this: any, key: string, value: any) => any'.
index.ts(96,54): error TS2339: Property 'length' does not exist on type 'never'.
index.ts(115,11): error TS2339: Property 'JSONParseError' does not exist on type 'Function'.
index.ts(117,11): error TS2339: Property 'noExceptions' does not exist on type 'Function'.
index.ts(119,38): error TS2345: Argument of type 'string' is not assignable to parameter of type '(this: any, key: string, value: any) => any'.

