rollup.config.ts(5,24): error TS2307: Cannot find module 'rollup-plugin-sourcemaps' or its corresponding type declarations.
rollup.config.ts(6,25): error TS2732: Cannot find module './package.json'. Consider using '--resolveJsonModule' to import module with '.json' extension.
src/find-variable.ts(16,27): error TS2339: Property 'name' does not exist on type 'never'.
src/get-function-head-location.ts(10,17): error TS2339: Property 'id' does not exist on type 'Node'.
src/get-function-head-location.ts(11,22): error TS2339: Property 'getTokenAfter' does not exist on type 'string'.
src/get-function-head-location.ts(11,41): error TS2339: Property 'id' does not exist on type 'Node'.
src/get-function-head-location.ts(12,22): error TS2339: Property 'getFirstToken' does not exist on type 'string'.
src/get-function-head-location.ts(22,30): error TS2339: Property 'parent' does not exist on type 'Node'.
src/get-function-head-location.ts(26,14): error TS2339: Property 'type' does not exist on type 'Node'.
src/get-function-head-location.ts(27,47): error TS2339: Property 'getTokenBefore' does not exist on type 'string'.
src/get-function-head-location.ts(27,67): error TS2339: Property 'body' does not exist on type 'Node'.
src/get-function-head-location.ts(29,28): error TS2339: Property 'loc' does not exist on type 'string'.
src/get-function-head-location.ts(30,26): error TS2339: Property 'loc' does not exist on type 'string'.
src/get-function-head-location.ts(37,57): error TS2339: Property 'loc' does not exist on type 'string'.
src/get-function-head-location.ts(39,22): error TS2339: Property 'loc' does not exist on type 'Node'.
src/get-function-head-location.ts(40,57): error TS2339: Property 'loc' does not exist on type 'string'.
src/get-function-head-location.ts(43,5): error TS2322: Type '{ start: any; end: any; }' is not assignable to type 'void'.
src/get-function-name-with-kind.ts(61,34): error TS2554: Expected 2 arguments, but got 1.
src/get-function-name-with-kind.ts(65,52): error TS2339: Property 'getText' does not exist on type 'string'.
src/get-static-value.ts(80,9): error TS2304: Cannot find name 'isPrototypeOf'.
src/get-static-value.ts(125,13): error TS2322: Type 'Object' is not assignable to type 'boolean'.
src/get-static-value.ts(174,7): error TS2740: Type 'Readonly<{ ArrayExpression(node: any, initialScope: any): { value: any; }; AssignmentExpression(node: any, initialScope: any): any; BinaryExpression(node: any, initialScope: any): { ...; }; ... 13 more ...; UnaryExpression(node: any, initialScope: any): { ...; } | ... 1 more ... | { ...; }; }>' is missing the following properties from type 'any[]': length, pop, push, concat, and 29 more.
src/get-string-if-constant.ts(21,42): error TS2339: Property 'value' does not exist on type 'true'.
src/has-side-effect.ts(25,7): error TS2322: Type 'Readonly<Set<string>>' is not assignable to type 'boolean'.
src/has-side-effect.ts(154,40): error TS2339: Property 'has' does not exist on type 'boolean'.
src/is-parenthesized.ts(17,35): error TS2339: Property 'getTokenAfter' does not exist on type 'string'.
src/is-parenthesized.ts(26,35): error TS2339: Property 'getTokenAfter' does not exist on type 'string'.
src/is-parenthesized.ts(36,35): error TS2339: Property 'getFirstToken' does not exist on type 'string'.
src/is-parenthesized.ts(42,35): error TS2339: Property 'getFirstToken' does not exist on type 'string'.
src/is-parenthesized.ts(48,35): error TS2339: Property 'getFirstToken' does not exist on type 'string'.
src/is-parenthesized.ts(54,35): error TS2339: Property 'getFirstToken' does not exist on type 'string'.
src/pattern-matcher.ts(6,7): error TS2322: Type 'RegExp' is not assignable to type 'string'.
src/pattern-matcher.ts(63,27): error TS2339: Property 'execAll' does not exist on type 'string'.
src/pattern-matcher.ts(84,33): error TS2339: Property 'execAll' does not exist on type 'string'.
src/pattern-matcher.ts(86,28): error TS2349: This expression is not callable.
  Type 'String' has no call signatures.
src/pattern-matcher.ts(156,24): error TS2345: Argument of type 'this' is not assignable to parameter of type 'string'.
  Type 'PatternMatcher' is not assignable to type 'string'.
src/pattern-matcher.ts(157,24): error TS2345: Argument of type 'this' is not assignable to parameter of type 'string'.
src/reference-tracker.ts(23,18): error TS2339: Property 'defs' does not exist on type 'string'.
src/reference-tracker.ts(24,18): error TS2339: Property 'references' does not exist on type 'string'.
src/reference-tracker.ts(70,14): error TS2339: Property 'variableStack' does not exist on type 'ReferenceTracker'.
src/reference-tracker.ts(71,14): error TS2339: Property 'globalScope' does not exist on type 'ReferenceTracker'.
src/reference-tracker.ts(72,14): error TS2339: Property 'mode' does not exist on type 'ReferenceTracker'.
src/reference-tracker.ts(73,14): error TS2339: Property 'globalObjectNames' does not exist on type 'ReferenceTracker'.
src/reference-tracker.ts(85,43): error TS2339: Property 'globalScope' does not exist on type 'ReferenceTracker'.
src/reference-tracker.ts(99,32): error TS2339: Property 'globalObjectNames' does not exist on type 'ReferenceTracker'.
src/reference-tracker.ts(101,40): error TS2339: Property 'globalScope' does not exist on type 'ReferenceTracker'.
src/reference-tracker.ts(124,33): error TS2349: This expression is not callable.
  Type 'Boolean' has no call signatures.
src/reference-tracker.ts(149,39): error TS2339: Property 'globalScope' does not exist on type 'ReferenceTracker'.
src/reference-tracker.ts(157,18): error TS2349: This expression is not callable.
  Type 'Boolean' has no call signatures.
src/reference-tracker.ts(181,38): error TS2349: This expression is not callable.
  Type 'Boolean' has no call signatures.
src/reference-tracker.ts(187,36): error TS2339: Property 'mode' does not exist on type 'ReferenceTracker'.
src/reference-tracker.ts(219,18): error TS2339: Property 'variableStack' does not exist on type 'ReferenceTracker'.
src/reference-tracker.ts(222,14): error TS2339: Property 'variableStack' does not exist on type 'ReferenceTracker'.
src/reference-tracker.ts(236,18): error TS2339: Property 'variableStack' does not exist on type 'ReferenceTracker'.
src/reference-tracker.ts(257,37): error TS2554: Expected 2 arguments, but got 1.
src/reference-tracker.ts(258,37): error TS2349: This expression is not callable.
  Type 'Boolean' has no call signatures.
src/reference-tracker.ts(326,53): error TS2339: Property 'globalScope' does not exist on type 'ReferenceTracker'.
src/reference-tracker.ts(339,37): error TS2554: Expected 2 arguments, but got 1.
src/reference-tracker.ts(341,37): error TS2349: This expression is not callable.
  Type 'Boolean' has no call signatures.
src/reference-tracker.ts(383,18): error TS2349: This expression is not callable.
  Type 'Boolean' has no call signatures.
src/reference-tracker.ts(398,35): error TS2339: Property 'globalScope' does not exist on type 'ReferenceTracker'.
src/reference-tracker.ts(409,35): error TS2339: Property 'globalScope' does not exist on type 'ReferenceTracker'.
src/reference-tracker.ts(419,18): error TS2349: This expression is not callable.
  Type 'Boolean' has no call signatures.
src/reference-tracker.ts(437,18): error TS2339: Property 'READ' does not exist on type 'typeof ReferenceTracker'.
src/reference-tracker.ts(438,18): error TS2339: Property 'CALL' does not exist on type 'typeof ReferenceTracker'.
src/reference-tracker.ts(439,18): error TS2339: Property 'CONSTRUCT' does not exist on type 'typeof ReferenceTracker'.
src/reference-tracker.ts(440,18): error TS2339: Property 'ESM' does not exist on type 'typeof ReferenceTracker'.
src/token-predicate.ts(26,18): error TS2339: Property 'type' does not exist on type 'string'.
src/token-predicate.ts(26,49): error TS2339: Property 'value' does not exist on type 'string'.
src/token-predicate.ts(35,5): error TS2322: Type 'boolean' is not assignable to type 'string'.
src/token-predicate.ts(44,5): error TS2322: Type 'boolean' is not assignable to type 'string'.
src/token-predicate.ts(53,5): error TS2322: Type 'boolean' is not assignable to type 'string'.
src/token-predicate.ts(62,5): error TS2322: Type 'boolean' is not assignable to type 'string'.
src/token-predicate.ts(71,5): error TS2322: Type 'boolean' is not assignable to type 'string'.
src/token-predicate.ts(80,5): error TS2322: Type 'boolean' is not assignable to type 'string'.
src/token-predicate.ts(89,5): error TS2322: Type 'boolean' is not assignable to type 'string'.
src/token-predicate.ts(98,5): error TS2322: Type 'boolean' is not assignable to type 'string'.
src/token-predicate.ts(107,5): error TS2322: Type 'boolean' is not assignable to type 'string'.
src/token-predicate.ts(116,5): error TS2322: Type 'boolean' is not assignable to type 'string'.
src/token-predicate.ts(125,5): error TS2322: Type 'boolean' is not assignable to type 'string'.
src/token-predicate.ts(125,56): error TS2339: Property 'type' does not exist on type 'string'.
src/token-predicate.ts(128,44): error TS2345: Argument of type '(token: string) => string' is not assignable to parameter of type 'string'.
src/token-predicate.ts(129,44): error TS2345: Argument of type '(token: string) => string' is not assignable to parameter of type 'string'.
src/token-predicate.ts(130,48): error TS2345: Argument of type '(token: string) => string' is not assignable to parameter of type 'string'.
src/token-predicate.ts(131,44): error TS2345: Argument of type '(token: string) => string' is not assignable to parameter of type 'string'.
src/token-predicate.ts(132,51): error TS2345: Argument of type '(token: string) => string' is not assignable to parameter of type 'string'.
src/token-predicate.ts(133,51): error TS2345: Argument of type '(token: string) => string' is not assignable to parameter of type 'string'.
src/token-predicate.ts(134,53): error TS2345: Argument of type '(token: string) => string' is not assignable to parameter of type 'string'.
src/token-predicate.ts(135,53): error TS2345: Argument of type '(token: string) => string' is not assignable to parameter of type 'string'.
src/token-predicate.ts(136,51): error TS2345: Argument of type '(token: string) => string' is not assignable to parameter of type 'string'.
src/token-predicate.ts(137,51): error TS2345: Argument of type '(token: string) => string' is not assignable to parameter of type 'string'.
src/token-predicate.ts(138,46): error TS2345: Argument of type '(token: string) => string' is not assignable to parameter of type 'string'.

