index.ts(22,5): error TS2403: Subsequent variable declarations must have the same type.  Variable 'crypto' must be of type 'Crypto', but here has type 'string'.
index.ts(57,27): error TS2339: Property 'key' does not exist on type 'object'.
index.ts(72,17): error TS2339: Property 'createHmac' does not exist on type 'Crypto'.
index.ts(72,44): error TS2339: Property 'secret' does not exist on type 'object'.
index.ts(72,67): error TS2339: Property 'message' does not exist on type 'object'.
index.ts(86,11): error TS2339: Property 'message' does not exist on type 'object'.
index.ts(86,34): error TS2345: Argument of type 'object' is not assignable to parameter of type 'HTMLElement'.
  Type '{}' is missing the following properties from type 'HTMLElement': accessKey, accessKeyLabel, autocapitalize, dir, and 277 more.
index.ts(102,11): error TS2339: Property 'message' does not exist on type 'object'.
index.ts(103,3): error TS2322: Type 'string' is not assignable to type 'object'.
index.ts(125,33): error TS2339: Property 'amazonHeaders' does not exist on type 'HTMLElement'.
index.ts(126,16): error TS2322: Type 'string' is not assignable to type 'number'.
index.ts(128,15): error TS2339: Property 'verb' does not exist on type 'HTMLElement'.
index.ts(129,15): error TS2339: Property 'md5' does not exist on type 'HTMLElement'.
index.ts(130,15): error TS2339: Property 'contentType' does not exist on type 'HTMLElement'.
index.ts(131,15): error TS2339: Property 'date' does not exist on type 'HTMLElement'.
index.ts(131,30): error TS2339: Property 'date' does not exist on type 'HTMLElement'.
index.ts(132,25): error TS2339: Property 'resource' does not exist on type 'HTMLElement'.
index.ts(153,32): error TS2339: Property 'date' does not exist on type 'object'.
index.ts(153,54): error TS2339: Property 'resource' does not exist on type 'object'.
index.ts(200,26): error TS2339: Property 'pathname' does not exist on type 'string'.
index.ts(204,19): error TS2339: Property 'query' does not exist on type 'string'.
index.ts(206,33): error TS2339: Property 'query' does not exist on type 'string'.
index.ts(206,80): error TS2339: Property 'query' does not exist on type 'string'.

