examples/async_pi_estimate/addon.ts(9,19): error TS2307: Cannot find module './build/Release/addon' or its corresponding type declarations.
examples/async_pi_estimate/addon.ts(11,5): error TS2322: Type 'string | 100000000' is not assignable to type 'number'.
  Type 'string' is not assignable to type 'number'.
examples/async_pi_estimate/addon.ts(21,21): error TS2314: Generic type 'Promise<T>' requires 1 type argument(s).
examples/async_pi_estimate/addon.ts(26,23): error TS2345: Argument of type 'string' is not assignable to parameter of type 'number'.
examples/async_pi_estimate/addon.ts(31,7): error TS2322: Type 'string | 16' is not assignable to type 'number'.
  Type 'string' is not assignable to type 'number'.
tools/1to2.ts(10,23): error TS2307: Cannot find module 'commander' or its corresponding type declarations.
tools/1to2.ts(24,1): error TS2769: No overload matches this call.
  Overload 1 of 4, '(path: PathOrFileDescriptor, options: { encoding?: null; flag?: string; } & Abortable, callback: (err: ErrnoException, data: Buffer) => void): void', gave the following error.
    Type '"utf8"' has no properties in common with type '{ encoding?: null; flag?: string; } & Abortable'.
  Overload 2 of 4, '(path: PathOrFileDescriptor, options: BufferEncoding | ({ encoding: BufferEncoding; flag?: string; } & Abortable), callback: (err: ErrnoException, data: string) => void): void', gave the following error.
    Argument of type '(err: boolean, data: object) => void' is not assignable to parameter of type '(err: ErrnoException, data: string) => void'.
      Types of parameters 'err' and 'err' are incompatible.
        Type 'ErrnoException' is not assignable to type 'boolean'.
  Overload 3 of 4, '(path: PathOrFileDescriptor, options: BufferEncoding | (ObjectEncodingOptions & { flag?: string; } & Abortable), callback: (err: ErrnoException, data: string | Buffer) => void): void', gave the following error.
    Argument of type '(err: boolean, data: object) => void' is not assignable to parameter of type '(err: ErrnoException, data: string | Buffer) => void'.
      Types of parameters 'err' and 'err' are incompatible.
        Type 'ErrnoException' is not assignable to type 'boolean'.
tools/1to2.ts(30,27): error TS2345: Argument of type 'object' is not assignable to parameter of type 'string'.
tools/1to2.ts(185,13): error TS2322: Type 'number' is not assignable to type 'string'.
tools/1to2.ts(185,37): error TS2365: Operator '<' cannot be applied to types 'number' and 'string'.
tools/1to2.ts(191,1): error TS2304: Cannot find name 'master'.
tools/1to2.ts(191,45): error TS2314: Generic type 'Promise<T>' requires 1 type argument(s).
tools/1to2.ts(394,3): error TS2769: No overload matches this call.
  Overload 1 of 4, '(path: PathOrFileDescriptor, options: { encoding?: null; flag?: string; } & Abortable, callback: (err: ErrnoException, data: Buffer) => void): void', gave the following error.
    Type 'string' is not assignable to type 'null'.
  Overload 2 of 4, '(path: PathOrFileDescriptor, options: BufferEncoding | ({ encoding: BufferEncoding; flag?: string; } & Abortable), callback: (err: ErrnoException, data: string) => void): void', gave the following error.
    Argument of type '(err: boolean, data: string) => void' is not assignable to parameter of type '(err: ErrnoException, data: string) => void'.
      Types of parameters 'err' and 'err' are incompatible.
        Type 'ErrnoException' is not assignable to type 'boolean'.
  Overload 3 of 4, '(path: PathOrFileDescriptor, options: BufferEncoding | (ObjectEncodingOptions & { flag?: string; } & Abortable), callback: (err: ErrnoException, data: string | Buffer) => void): void', gave the following error.
    Argument of type '(err: boolean, data: string) => void' is not assignable to parameter of type '(err: ErrnoException, data: string | Buffer) => void'.
      Types of parameters 'err' and 'err' are incompatible.
        Type 'ErrnoException' is not assignable to type 'boolean'.
tools/1to2.ts(400,37): error TS2304: Cannot find name 'master'.
tools/1to2.ts(400,62): error TS2304: Cannot find name 'master'.
tools/1to2.ts(400,80): error TS2345: Argument of type '(err: boolean) => void' is not assignable to parameter of type 'NoParamCallback'.
  Types of parameters 'err' and 'err' are incompatible.
    Type 'ErrnoException' is not assignable to type 'boolean'.
tools/1to2.ts(409,13): error TS2322: Type 'number' is not assignable to type 'string'.
tools/1to2.ts(409,43): error TS2365: Operator '<' cannot be applied to types 'number' and 'string'.
tools/1to2.ts(410,25): error TS2345: Argument of type '(err: boolean, matches: any[]) => void' is not assignable to parameter of type '(err: Error, matches: string[]) => void'.
  Types of parameters 'err' and 'err' are incompatible.
    Type 'Error' is not assignable to type 'boolean'.

