lib/asn1/api.ts(3,22): error TS2306: File '/work/arjunguha-research-group/mhyee/not-type-inference/data/SantaCoder-out/top1k-untyped-with-typed-deps-es6/baseline/asn1.js/lib/asn1/encoders/index.ts' is not a module.
lib/asn1/api.ts(4,22): error TS2306: File '/work/arjunguha-research-group/mhyee/not-type-inference/data/SantaCoder-out/top1k-untyped-with-typed-deps-es6/baseline/asn1.js/lib/asn1/decoders/index.ts' is not a module.
lib/asn1/api.ts(24,30): error TS2749: 'Entity' refers to a value, but is being used as a type here. Did you mean 'typeof Entity'?
lib/asn1/api.ts(28,64): error TS2749: 'Entity' refers to a value, but is being used as a type here. Did you mean 'typeof Entity'?
lib/asn1/api.ts(55,92): error TS2304: Cannot find name 'Reporter'.
lib/asn1/base/buffer.ts(4,10): error TS2459: Module '"../base/reporter"' declares 'Reporter' locally, but it is not exported.
lib/asn1/base/buffer.ts(7,47): error TS2304: Cannot find name 'Options'.
lib/asn1/base/buffer.ts(46,58): error TS2304: Cannot find name 'DecoderBufferSave'.
lib/asn1/base/buffer.ts(48,15): error TS2554: Expected 2 arguments, but got 1.
lib/asn1/base/buffer.ts(73,15): error TS2554: Expected 2 arguments, but got 1.
lib/asn1/base/buffer.ts(84,50): error TS2709: Cannot use namespace 'EncoderBuffer' as a type.
lib/asn1/base/buffer.ts(93,16): error TS2350: Only a void function can be called with the 'new' keyword.
lib/asn1/base/node.ts(3,10): error TS2459: Module '"../base/reporter"' declares 'Reporter' locally, but it is not exported.
lib/asn1/base/node.ts(4,10): error TS2459: Module '"../base/buffer"' declares 'EncoderBuffer' locally, but it is not exported.
lib/asn1/base/node.ts(5,10): error TS2459: Module '"../base/buffer"' declares 'DecoderBuffer' locally, but it is not exported.
lib/asn1/base/node.ts(32,20): error TS2304: Cannot find name 'Encoder'.
lib/asn1/base/node.ts(32,20): error TS4078: Parameter 'enc' of exported function has or is using private name 'Encoder'.
lib/asn1/base/node.ts(36,9): error TS2339: Property 'name' does not exist on type '{}'.
lib/asn1/base/node.ts(37,9): error TS2339: Property 'enc' does not exist on type '{}'.
lib/asn1/base/node.ts(39,9): error TS2339: Property 'parent' does not exist on type '{}'.
lib/asn1/base/node.ts(40,9): error TS2339: Property 'children' does not exist on type '{}'.
lib/asn1/base/node.ts(43,9): error TS2339: Property 'tag' does not exist on type '{}'.
lib/asn1/base/node.ts(44,9): error TS2339: Property 'args' does not exist on type '{}'.
lib/asn1/base/node.ts(45,9): error TS2339: Property 'reverseArgs' does not exist on type '{}'.
lib/asn1/base/node.ts(46,9): error TS2339: Property 'choice' does not exist on type '{}'.
lib/asn1/base/node.ts(47,9): error TS2339: Property 'optional' does not exist on type '{}'.
lib/asn1/base/node.ts(48,9): error TS2339: Property 'any' does not exist on type '{}'.
lib/asn1/base/node.ts(49,9): error TS2339: Property 'obj' does not exist on type '{}'.
lib/asn1/base/node.ts(50,9): error TS2339: Property 'use' does not exist on type '{}'.
lib/asn1/base/node.ts(51,9): error TS2339: Property 'useDecoder' does not exist on type '{}'.
lib/asn1/base/node.ts(52,9): error TS2339: Property 'key' does not exist on type '{}'.
lib/asn1/base/node.ts(54,9): error TS2339: Property 'explicit' does not exist on type '{}'.
lib/asn1/base/node.ts(55,9): error TS2339: Property 'implicit' does not exist on type '{}'.
lib/asn1/base/node.ts(56,9): error TS2339: Property 'contains' does not exist on type '{}'.
lib/asn1/base/node.ts(59,14): error TS2339: Property 'parent' does not exist on type '{}'.
lib/asn1/base/node.ts(60,11): error TS2339: Property 'children' does not exist on type '{}'.
lib/asn1/base/node.ts(78,43): error TS2339: Property 'parent' does not exist on type '{}'.
lib/asn1/base/node.ts(102,18): error TS2339: Property '_baseState' does not exist on type 'Node'.
lib/asn1/base/node.ts(136,13): error TS2367: This comparison appears to be unintentional because the types 'string' and 'number' have no overlap.
lib/asn1/base/node.ts(136,21): error TS2362: The left-hand side of an arithmetic operation must be of type 'any', 'number', 'bigint' or an enum type.
lib/asn1/base/node.ts(137,11): error TS2362: The left-hand side of an arithmetic operation must be of type 'any', 'number', 'bigint' or an enum type.
lib/asn1/base/node.ts(275,49): error TS2304: Cannot find name 'Input'.
lib/asn1/base/node.ts(275,65): error TS2552: Cannot find name 'DecodeOptions'. Did you mean 'TextDecodeOptions'?
lib/asn1/base/node.ts(375,61): error TS2304: Cannot find name 'AsnSchema'.
lib/asn1/base/node.ts(403,93): error TS2552: Cannot find name 'DecodeOptions'. Did you mean 'TextDecodeOptions'?
lib/asn1/base/node.ts(428,42): error TS2339: Property '_reporterState' does not exist on type 'Buffer'.
lib/asn1/base/node.ts(431,18): error TS2339: Property 'error' does not exist on type 'Buffer'.
lib/asn1/base/node.ts(435,51): error TS2304: Cannot find name 'Entity'.
lib/asn1/base/node.ts(449,61): error TS2304: Cannot find name 'DecodeStream'.
lib/asn1/base/node.ts(449,84): error TS2304: Cannot find name 'DecodeOptions'.
lib/asn1/base/reporter.ts(5,28): error TS2552: Cannot find name 'ReporterOptions'. Did you mean 'WorkerOptions'?
lib/asn1/base/reporter.ts(74,21): error TS2358: The left-hand side of an 'instanceof' expression must be of type 'any', an object type or a type parameter.
lib/asn1/base/reporter.ts(80,22): error TS2339: Property 'message' does not exist on type 'string'.
lib/asn1/base/reporter.ts(80,38): error TS2554: Expected 2 arguments, but got 3.
lib/asn1/base/reporter.ts(80,42): error TS2339: Property 'stack' does not exist on type 'string'.
lib/asn1/constants/der.ts(7,28): error TS2345: Argument of type '(key: number) => void' is not assignable to parameter of type '(value: string, index: number, array: string[]) => void'.
  Types of parameters 'key' and 'value' are incompatible.
    Type 'string' is not assignable to type 'number'.
lib/asn1/constants/index.ts(11,9): error TS2367: This comparison appears to be unintentional because the types 'number' and 'string' have no overlap.
lib/asn1/constants/index.ts(11,10): error TS2362: The left-hand side of an arithmetic operation must be of type 'any', 'number', 'bigint' or an enum type.
lib/asn1/constants/index.ts(12,7): error TS2322: Type 'number' is not assignable to type 'string'.
lib/asn1/constants/index.ts(12,13): error TS2362: The left-hand side of an arithmetic operation must be of type 'any', 'number', 'bigint' or an enum type.
lib/asn1/decoders/der.ts(5,10): error TS2459: Module '"../base/buffer"' declares 'DecoderBuffer' locally, but it is not exported.
lib/asn1/decoders/der.ts(9,8): error TS1192: Module '"lib/asn1/constants/der"' has no default export.
lib/asn1/decoders/der.ts(11,29): error TS2304: Cannot find name 'Entity'.
lib/asn1/decoders/der.ts(11,29): error TS4078: Parameter 'entity' of exported function has or is using private name 'Entity'.
lib/asn1/decoders/der.ts(17,15): error TS2554: Expected 1 arguments, but got 0.
lib/asn1/decoders/der.ts(22,70): error TS2304: Cannot find name 'DecodeOptions'.
lib/asn1/decoders/der.ts(38,14): error TS2339: Property 'isEmpty' does not exist on type 'Buffer'.
lib/asn1/decoders/der.ts(41,24): error TS2339: Property 'save' does not exist on type 'Buffer'.
lib/asn1/decoders/der.ts(42,43): error TS2345: Argument of type 'string' is not assignable to parameter of type 'number'.
lib/asn1/decoders/der.ts(43,14): error TS2339: Property 'isError' does not exist on type 'Buffer'.
lib/asn1/decoders/der.ts(46,10): error TS2339: Property 'restore' does not exist on type 'Buffer'.
lib/asn1/decoders/der.ts(54,5): error TS2345: Argument of type 'string' is not assignable to parameter of type 'number'.
lib/asn1/decoders/der.ts(55,14): error TS2339: Property 'isError' does not exist on type 'Buffer'.
lib/asn1/decoders/der.ts(60,5): error TS2345: Argument of type 'string' is not assignable to parameter of type 'number'.
lib/asn1/decoders/der.ts(63,14): error TS2339: Property 'isError' does not exist on type 'Buffer'.
lib/asn1/decoders/der.ts(70,19): error TS2339: Property 'error' does not exist on type 'Buffer'.
lib/asn1/decoders/der.ts(74,19): error TS2339: Property 'skip' does not exist on type 'Buffer'.
lib/asn1/decoders/der.ts(77,24): error TS2339: Property 'save' does not exist on type 'Buffer'.
lib/asn1/decoders/der.ts(81,14): error TS2339: Property 'isError' does not exist on type 'Buffer'.
lib/asn1/decoders/der.ts(84,16): error TS2339: Property 'offset' does not exist on type 'Buffer'.
lib/asn1/decoders/der.ts(85,10): error TS2339: Property 'restore' does not exist on type 'Buffer'.
lib/asn1/decoders/der.ts(86,17): error TS2339: Property 'skip' does not exist on type 'Buffer'.
lib/asn1/decoders/der.ts(89,79): error TS2304: Cannot find name 'Fail'.
lib/asn1/decoders/der.ts(92,16): error TS2339: Property 'isError' does not exist on type 'Buffer'.
lib/asn1/decoders/der.ts(95,16): error TS2339: Property 'isError' does not exist on type 'Buffer'.
lib/asn1/decoders/der.ts(100,20): error TS2339: Property 'skip' does not exist on type 'Buffer'.
lib/asn1/decoders/der.ts(105,16): error TS2339: Property 'isError' does not exist on type 'Buffer'.
lib/asn1/decoders/der.ts(132,16): error TS2339: Property 'isError' does not exist on type 'Buffer'.
lib/asn1/decoders/der.ts(134,43): error TS2339: Property 'raw' does not exist on type 'Buffer'.
lib/asn1/decoders/der.ts(136,24): error TS2339: Property 'raw' does not exist on type 'Buffer'.
lib/asn1/decoders/der.ts(138,21): error TS2339: Property 'error' does not exist on type 'Buffer'.
lib/asn1/decoders/der.ts(146,27): error TS2339: Property 'raw' does not exist on type 'Buffer'.
lib/asn1/decoders/der.ts(148,21): error TS2339: Property 'error' does not exist on type 'Buffer'.
lib/asn1/decoders/der.ts(153,19): error TS2339: Property 'raw' does not exist on type 'Buffer'.
lib/asn1/decoders/der.ts(155,19): error TS2339: Property 'raw' does not exist on type 'Buffer'.
lib/asn1/decoders/der.ts(157,29): error TS2339: Property 'raw' does not exist on type 'Buffer'.
lib/asn1/decoders/der.ts(159,21): error TS2339: Property 'error' does not exist on type 'Buffer'.
lib/asn1/decoders/der.ts(164,19): error TS2339: Property 'raw' does not exist on type 'Buffer'.
lib/asn1/decoders/der.ts(166,19): error TS2339: Property 'error' does not exist on type 'Buffer'.
lib/asn1/decoders/der.ts(175,18): error TS2339: Property 'isEmpty' does not exist on type 'Buffer'.
lib/asn1/decoders/der.ts(207,22): error TS2339: Property 'raw' does not exist on type 'Buffer'.
lib/asn1/decoders/der.ts(234,19): error TS2339: Property 'error' does not exist on type 'Buffer'.
lib/asn1/decoders/der.ts(246,14): error TS2339: Property 'isError' does not exist on type 'Buffer'.
lib/asn1/decoders/der.ts(254,22): error TS2339: Property 'raw' does not exist on type 'Buffer'.
lib/asn1/decoders/der.ts(271,28): error TS2304: Cannot find name 'Buf'.
lib/asn1/decoders/der.ts(306,11): error TS2339: Property 'isError' does not exist on type 'Buffer'.
lib/asn1/decoders/der.ts(322,16): error TS2339: Property 'error' does not exist on type 'Buffer'.
lib/asn1/decoders/der.ts(328,13): error TS2339: Property 'isError' does not exist on type 'Buffer'.
lib/asn1/decoders/pem.ts(14,70): error TS2304: Cannot find name 'DecodeOptions'.
lib/asn1/encoders/der.ts(8,8): error TS1192: Module '"lib/asn1/constants/der"' has no default export.
lib/asn1/encoders/der.ts(10,29): error TS2304: Cannot find name 'Entity'.
lib/asn1/encoders/der.ts(10,29): error TS4078: Parameter 'entity' of exported function has or is using private name 'Entity'.
lib/asn1/encoders/der.ts(16,15): error TS2554: Expected 1 arguments, but got 0.
lib/asn1/encoders/der.ts(21,68): error TS2304: Cannot find name 'Reporter'.
lib/asn1/encoders/der.ts(64,44): error TS2339: Property 'unused' does not exist on type 'string'.
lib/asn1/encoders/der.ts(64,60): error TS2339: Property 'data' does not exist on type 'string'.
lib/asn1/encoders/der.ts(104,28): error TS2339: Property 'length' does not exist on type 'number'.
lib/asn1/encoders/der.ts(107,5): error TS2322: Type 'any[]' is not assignable to type 'number'.
lib/asn1/encoders/der.ts(108,28): error TS2339: Property 'length' does not exist on type 'number'.
lib/asn1/encoders/der.ts(198,26): error TS2339: Property 'toArray' does not exist on type 'never'.
lib/asn1/encoders/der.ts(199,14): error TS2339: Property 'sign' does not exist on type 'never'.
lib/asn1/encoders/der.ts(202,5): error TS2322: Type 'Buffer' is not assignable to type 'number'.
lib/asn1/encoders/der.ts(243,47): error TS2749: 'DERNode' refers to a value, but is being used as a type here. Did you mean 'typeof DERNode'?
lib/asn1/encoders/der.ts(249,87): error TS2304: Cannot find name 'Reporter'.
lib/asn1/encoders/der.ts(271,58): error TS2304: Cannot find name 'DER'.
lib/asn1/encoders/der.ts(271,73): error TS2304: Cannot find name 'Reporter'.
lib/asn1/encoders/pem.ts(13,67): error TS2304: Cannot find name 'PEMEncoderOptions'.
rfc/2560/index.ts(3,18): error TS2307: Cannot find module 'asn1.js' or its corresponding type declarations.
rfc/2560/index.ts(4,21): error TS2307: Cannot find module 'asn1.js-rfc5280' or its corresponding type declarations.
rfc/5280/index.ts(3,18): error TS2307: Cannot find module 'asn1.js' or its corresponding type declarations.

