lib/des/cbc.ts(29,41): error TS2304: Cannot find name 'CBCOptions'.
lib/des/cbc.ts(38,7): error TS2339: Property '_cbcInit' does not exist on type '{}'.
lib/des/cbc.ts(43,7): error TS2339: Property '_update' does not exist on type '{}'.
lib/des/cipher.ts(5,26): error TS2304: Cannot find name 'CipherOptions'.
lib/des/cipher.ts(5,26): error TS4078: Parameter 'options' of exported function has or is using private name 'CipherOptions'.
lib/des/des.ts(5,8): error TS1192: Module '"/work/arjunguha-research-group/mhyee/not-type-inference/data/SantaCoder-out/top1k-untyped-with-typed-deps-es6/baseline/des.js/lib/des/utils"' has no default export.
lib/des/des.ts(13,23): error TS2552: Cannot find name 'DESOptions'. Did you mean 'DelayOptions'?
lib/des/des.ts(13,23): error TS4078: Parameter 'options' of exported function has or is using private name 'DESOptions'.
lib/des/des.ts(24,39): error TS2552: Cannot find name 'DESOptions'. Did you mean 'DelayOptions'?
lib/des/des.ts(33,55): error TS2304: Cannot find name 'State'.
lib/des/des.ts(101,27): error TS2339: Property 'tmp' does not exist on type 'Uint32Array'.
lib/des/des.ts(103,19): error TS2339: Property 'tmp' does not exist on type 'Uint32Array'.
lib/des/des.ts(104,19): error TS2339: Property 'tmp' does not exist on type 'Uint32Array'.
lib/des/ede.ts(40,39): error TS2552: Cannot find name 'EDEOptions'. Did you mean 'DelayOptions'?
lib/des/utils.ts(84,16): error TS2362: The left-hand side of an arithmetic operation must be of type 'any', 'number', 'bigint' or an enum type.
lib/des/utils.ts(88,16): error TS2362: The left-hand side of an arithmetic operation must be of type 'any', 'number', 'bigint' or an enum type.
lib/des/utils.ts(93,14): error TS2362: The left-hand side of an arithmetic operation must be of type 'any', 'number', 'bigint' or an enum type.
lib/des/utils.ts(103,16): error TS2362: The left-hand side of an arithmetic operation must be of type 'any', 'number', 'bigint' or an enum type.
lib/des/utils.ts(107,16): error TS2362: The left-hand side of an arithmetic operation must be of type 'any', 'number', 'bigint' or an enum type.
lib/des/utils.ts(112,14): error TS2362: The left-hand side of an arithmetic operation must be of type 'any', 'number', 'bigint' or an enum type.
lib/des/utils.ts(253,29): error TS2322: Type 'string' is not assignable to type 'number'.
lib/des/utils.ts(254,27): error TS2345: Argument of type 'string' is not assignable to parameter of type 'number'.

