lib/AliasFieldPlugin.js(32,27): error TS2339: Property 'ensureHook' does not exist on type 'typeof import("/work/arjunguha-research-group/mhyee/TypeWeaver/data/tsc-out/top1k-typed-with-typed-deps-es6/baseline/enhanced-resolve/lib/Resolver")'.
lib/AliasFieldPlugin.js(34,5): error TS2339: Property 'getHook' does not exist on type 'typeof import("/work/arjunguha-research-group/mhyee/TypeWeaver/data/tsc-out/top1k-typed-with-typed-deps-es6/baseline/enhanced-resolve/lib/Resolver")'.
lib/AliasFieldPlugin.js(39,44): error TS2339: Property 'getField' does not exist on type 'typeof import("/work/arjunguha-research-group/mhyee/TypeWeaver/data/tsc-out/top1k-typed-with-typed-deps-es6/baseline/enhanced-resolve/lib/DescriptionFileUtils")'.
lib/AliasFieldPlugin.js(80,14): error TS2339: Property 'doResolve' does not exist on type 'typeof import("/work/arjunguha-research-group/mhyee/TypeWeaver/data/tsc-out/top1k-typed-with-typed-deps-es6/baseline/enhanced-resolve/lib/Resolver")'.
lib/AliasPlugin.js(9,10): error TS2305: Module '"./util/path"' has no exported member 'PathType'.
lib/AliasPlugin.js(9,20): error TS2305: Module '"./util/path"' has no exported member 'getType'.
lib/AliasPlugin.js(33,27): error TS2339: Property 'ensureHook' does not exist on type 'typeof import("/work/arjunguha-research-group/mhyee/TypeWeaver/data/tsc-out/top1k-typed-with-typed-deps-es6/baseline/enhanced-resolve/lib/Resolver")'.
lib/AliasPlugin.js(37,21): error TS2339: Property 'join' does not exist on type 'typeof import("/work/arjunguha-research-group/mhyee/TypeWeaver/data/tsc-out/top1k-typed-with-typed-deps-es6/baseline/enhanced-resolve/lib/Resolver")'.
lib/AliasPlugin.js(47,5): error TS2339: Property 'getHook' does not exist on type 'typeof import("/work/arjunguha-research-group/mhyee/TypeWeaver/data/tsc-out/top1k-typed-with-typed-deps-es6/baseline/enhanced-resolve/lib/Resolver")'.
lib/AliasPlugin.js(87,26): error TS2339: Property 'doResolve' does not exist on type 'typeof import("/work/arjunguha-research-group/mhyee/TypeWeaver/data/tsc-out/top1k-typed-with-typed-deps-es6/baseline/enhanced-resolve/lib/Resolver")'.
lib/AppendPlugin.js(28,27): error TS2339: Property 'ensureHook' does not exist on type 'typeof import("/work/arjunguha-research-group/mhyee/TypeWeaver/data/tsc-out/top1k-typed-with-typed-deps-es6/baseline/enhanced-resolve/lib/Resolver")'.
lib/AppendPlugin.js(30,5): error TS2339: Property 'getHook' does not exist on type 'typeof import("/work/arjunguha-research-group/mhyee/TypeWeaver/data/tsc-out/top1k-typed-with-typed-deps-es6/baseline/enhanced-resolve/lib/Resolver")'.
lib/AppendPlugin.js(38,14): error TS2339: Property 'doResolve' does not exist on type 'typeof import("/work/arjunguha-research-group/mhyee/TypeWeaver/data/tsc-out/top1k-typed-with-typed-deps-es6/baseline/enhanced-resolve/lib/Resolver")'.
lib/CachedInputFileSystem.js(446,27): error TS2554: Expected 2 arguments, but got 1.
lib/CloneBasenamePlugin.js(23,27): error TS2339: Property 'ensureHook' does not exist on type 'typeof import("/work/arjunguha-research-group/mhyee/TypeWeaver/data/tsc-out/top1k-typed-with-typed-deps-es6/baseline/enhanced-resolve/lib/Resolver")'.
lib/CloneBasenamePlugin.js(25,5): error TS2339: Property 'getHook' does not exist on type 'typeof import("/work/arjunguha-research-group/mhyee/TypeWeaver/data/tsc-out/top1k-typed-with-typed-deps-es6/baseline/enhanced-resolve/lib/Resolver")'.
lib/CloneBasenamePlugin.js(28,31): error TS2339: Property 'join' does not exist on type 'typeof import("/work/arjunguha-research-group/mhyee/TypeWeaver/data/tsc-out/top1k-typed-with-typed-deps-es6/baseline/enhanced-resolve/lib/Resolver")'.
lib/CloneBasenamePlugin.js(34,16): error TS2339: Property 'join' does not exist on type 'typeof import("/work/arjunguha-research-group/mhyee/TypeWeaver/data/tsc-out/top1k-typed-with-typed-deps-es6/baseline/enhanced-resolve/lib/Resolver")'.
lib/CloneBasenamePlugin.js(36,14): error TS2339: Property 'doResolve' does not exist on type 'typeof import("/work/arjunguha-research-group/mhyee/TypeWeaver/data/tsc-out/top1k-typed-with-typed-deps-es6/baseline/enhanced-resolve/lib/Resolver")'.
lib/ConditionalPlugin.js(33,27): error TS2339: Property 'ensureHook' does not exist on type 'typeof import("/work/arjunguha-research-group/mhyee/TypeWeaver/data/tsc-out/top1k-typed-with-typed-deps-es6/baseline/enhanced-resolve/lib/Resolver")'.
lib/ConditionalPlugin.js(37,5): error TS2339: Property 'getHook' does not exist on type 'typeof import("/work/arjunguha-research-group/mhyee/TypeWeaver/data/tsc-out/top1k-typed-with-typed-deps-es6/baseline/enhanced-resolve/lib/Resolver")'.
lib/ConditionalPlugin.js(42,14): error TS2339: Property 'doResolve' does not exist on type 'typeof import("/work/arjunguha-research-group/mhyee/TypeWeaver/data/tsc-out/top1k-typed-with-typed-deps-es6/baseline/enhanced-resolve/lib/Resolver")'.
lib/DescriptionFilePlugin.js(32,27): error TS2339: Property 'ensureHook' does not exist on type 'typeof import("/work/arjunguha-research-group/mhyee/TypeWeaver/data/tsc-out/top1k-typed-with-typed-deps-es6/baseline/enhanced-resolve/lib/Resolver")'.
lib/DescriptionFilePlugin.js(34,5): error TS2339: Property 'getHook' does not exist on type 'typeof import("/work/arjunguha-research-group/mhyee/TypeWeaver/data/tsc-out/top1k-typed-with-typed-deps-es6/baseline/enhanced-resolve/lib/Resolver")'.
lib/DescriptionFilePlugin.js(41,30): error TS2339: Property 'cdUp' does not exist on type 'typeof import("/work/arjunguha-research-group/mhyee/TypeWeaver/data/tsc-out/top1k-typed-with-typed-deps-es6/baseline/enhanced-resolve/lib/DescriptionFileUtils")'.
lib/DescriptionFilePlugin.js(44,27): error TS2339: Property 'loadDescriptionFile' does not exist on type 'typeof import("/work/arjunguha-research-group/mhyee/TypeWeaver/data/tsc-out/top1k-typed-with-typed-deps-es6/baseline/enhanced-resolve/lib/DescriptionFileUtils")'.
lib/DescriptionFilePlugin.js(74,17): error TS2339: Property 'doResolve' does not exist on type 'typeof import("/work/arjunguha-research-group/mhyee/TypeWeaver/data/tsc-out/top1k-typed-with-typed-deps-es6/baseline/enhanced-resolve/lib/Resolver")'.
lib/DescriptionFileUtils.js(50,42): error TS2339: Property 'join' does not exist on type 'typeof import("/work/arjunguha-research-group/mhyee/TypeWeaver/data/tsc-out/top1k-typed-with-typed-deps-es6/baseline/enhanced-resolve/lib/Resolver")'.
lib/DescriptionFileUtils.js(51,18): error TS2339: Property 'fileSystem' does not exist on type 'typeof import("/work/arjunguha-research-group/mhyee/TypeWeaver/data/tsc-out/top1k-typed-with-typed-deps-es6/baseline/enhanced-resolve/lib/Resolver")'.
lib/DescriptionFileUtils.js(52,15): error TS2339: Property 'fileSystem' does not exist on type 'typeof import("/work/arjunguha-research-group/mhyee/TypeWeaver/data/tsc-out/top1k-typed-with-typed-deps-es6/baseline/enhanced-resolve/lib/Resolver")'.
lib/DescriptionFileUtils.js(71,15): error TS2339: Property 'fileSystem' does not exist on type 'typeof import("/work/arjunguha-research-group/mhyee/TypeWeaver/data/tsc-out/top1k-typed-with-typed-deps-es6/baseline/enhanced-resolve/lib/Resolver")'.
lib/DirectoryExistsPlugin.js(26,27): error TS2339: Property 'ensureHook' does not exist on type 'typeof import("/work/arjunguha-research-group/mhyee/TypeWeaver/data/tsc-out/top1k-typed-with-typed-deps-es6/baseline/enhanced-resolve/lib/Resolver")'.
lib/DirectoryExistsPlugin.js(28,5): error TS2339: Property 'getHook' does not exist on type 'typeof import("/work/arjunguha-research-group/mhyee/TypeWeaver/data/tsc-out/top1k-typed-with-typed-deps-es6/baseline/enhanced-resolve/lib/Resolver")'.
lib/DirectoryExistsPlugin.js(32,26): error TS2339: Property 'fileSystem' does not exist on type 'typeof import("/work/arjunguha-research-group/mhyee/TypeWeaver/data/tsc-out/top1k-typed-with-typed-deps-es6/baseline/enhanced-resolve/lib/Resolver")'.
lib/DirectoryExistsPlugin.js(52,16): error TS2339: Property 'doResolve' does not exist on type 'typeof import("/work/arjunguha-research-group/mhyee/TypeWeaver/data/tsc-out/top1k-typed-with-typed-deps-es6/baseline/enhanced-resolve/lib/Resolver")'.
lib/ExportsFieldPlugin.js(13,10): error TS2305: Module '"./util/path"' has no exported member 'checkImportsExportsFieldTarget'.
lib/ExportsFieldPlugin.js(41,27): error TS2339: Property 'ensureHook' does not exist on type 'typeof import("/work/arjunguha-research-group/mhyee/TypeWeaver/data/tsc-out/top1k-typed-with-typed-deps-es6/baseline/enhanced-resolve/lib/Resolver")'.
lib/ExportsFieldPlugin.js(43,5): error TS2339: Property 'getHook' does not exist on type 'typeof import("/work/arjunguha-research-group/mhyee/TypeWeaver/data/tsc-out/top1k-typed-with-typed-deps-es6/baseline/enhanced-resolve/lib/Resolver")'.
lib/ExportsFieldPlugin.js(62,47): error TS2339: Property 'getField' does not exist on type 'typeof import("/work/arjunguha-research-group/mhyee/TypeWeaver/data/tsc-out/top1k-typed-with-typed-deps-es6/baseline/enhanced-resolve/lib/DescriptionFileUtils")'.
lib/ExportsFieldPlugin.js(137,16): error TS2339: Property 'doResolve' does not exist on type 'typeof import("/work/arjunguha-research-group/mhyee/TypeWeaver/data/tsc-out/top1k-typed-with-typed-deps-es6/baseline/enhanced-resolve/lib/Resolver")'.
lib/ExtensionAliasPlugin.js(32,27): error TS2339: Property 'ensureHook' does not exist on type 'typeof import("/work/arjunguha-research-group/mhyee/TypeWeaver/data/tsc-out/top1k-typed-with-typed-deps-es6/baseline/enhanced-resolve/lib/Resolver")'.
lib/ExtensionAliasPlugin.js(35,5): error TS2339: Property 'getHook' does not exist on type 'typeof import("/work/arjunguha-research-group/mhyee/TypeWeaver/data/tsc-out/top1k-typed-with-typed-deps-es6/baseline/enhanced-resolve/lib/Resolver")'.
lib/ExtensionAliasPlugin.js(40,15): error TS2339: Property 'doResolve' does not exist on type 'typeof import("/work/arjunguha-research-group/mhyee/TypeWeaver/data/tsc-out/top1k-typed-with-typed-deps-es6/baseline/enhanced-resolve/lib/Resolver")'.
lib/FileExistsPlugin.js(26,27): error TS2339: Property 'ensureHook' does not exist on type 'typeof import("/work/arjunguha-research-group/mhyee/TypeWeaver/data/tsc-out/top1k-typed-with-typed-deps-es6/baseline/enhanced-resolve/lib/Resolver")'.
lib/FileExistsPlugin.js(27,23): error TS2339: Property 'fileSystem' does not exist on type 'typeof import("/work/arjunguha-research-group/mhyee/TypeWeaver/data/tsc-out/top1k-typed-with-typed-deps-es6/baseline/enhanced-resolve/lib/Resolver")'.
lib/FileExistsPlugin.js(29,5): error TS2339: Property 'getHook' does not exist on type 'typeof import("/work/arjunguha-research-group/mhyee/TypeWeaver/data/tsc-out/top1k-typed-with-typed-deps-es6/baseline/enhanced-resolve/lib/Resolver")'.
lib/FileExistsPlugin.js(48,15): error TS2339: Property 'doResolve' does not exist on type 'typeof import("/work/arjunguha-research-group/mhyee/TypeWeaver/data/tsc-out/top1k-typed-with-typed-deps-es6/baseline/enhanced-resolve/lib/Resolver")'.
lib/ImportsFieldPlugin.js(13,10): error TS2305: Module '"./util/path"' has no exported member 'checkImportsExportsFieldTarget'.
lib/ImportsFieldPlugin.js(51,31): error TS2339: Property 'ensureHook' does not exist on type 'typeof import("/work/arjunguha-research-group/mhyee/TypeWeaver/data/tsc-out/top1k-typed-with-typed-deps-es6/baseline/enhanced-resolve/lib/Resolver")'.
lib/ImportsFieldPlugin.js(52,34): error TS2339: Property 'ensureHook' does not exist on type 'typeof import("/work/arjunguha-research-group/mhyee/TypeWeaver/data/tsc-out/top1k-typed-with-typed-deps-es6/baseline/enhanced-resolve/lib/Resolver")'.
lib/ImportsFieldPlugin.js(55,5): error TS2339: Property 'getHook' does not exist on type 'typeof import("/work/arjunguha-research-group/mhyee/TypeWeaver/data/tsc-out/top1k-typed-with-typed-deps-es6/baseline/enhanced-resolve/lib/Resolver")'.
lib/ImportsFieldPlugin.js(65,47): error TS2339: Property 'getField' does not exist on type 'typeof import("/work/arjunguha-research-group/mhyee/TypeWeaver/data/tsc-out/top1k-typed-with-typed-deps-es6/baseline/enhanced-resolve/lib/DescriptionFileUtils")'.
lib/ImportsFieldPlugin.js(143,18): error TS2339: Property 'doResolve' does not exist on type 'typeof import("/work/arjunguha-research-group/mhyee/TypeWeaver/data/tsc-out/top1k-typed-with-typed-deps-es6/baseline/enhanced-resolve/lib/Resolver")'.
lib/ImportsFieldPlugin.js(164,18): error TS2339: Property 'doResolve' does not exist on type 'typeof import("/work/arjunguha-research-group/mhyee/TypeWeaver/data/tsc-out/top1k-typed-with-typed-deps-es6/baseline/enhanced-resolve/lib/Resolver")'.
lib/JoinRequestPartPlugin.js(28,27): error TS2339: Property 'ensureHook' does not exist on type 'typeof import("/work/arjunguha-research-group/mhyee/TypeWeaver/data/tsc-out/top1k-typed-with-typed-deps-es6/baseline/enhanced-resolve/lib/Resolver")'.
lib/JoinRequestPartPlugin.js(30,5): error TS2339: Property 'getHook' does not exist on type 'typeof import("/work/arjunguha-research-group/mhyee/TypeWeaver/data/tsc-out/top1k-typed-with-typed-deps-es6/baseline/enhanced-resolve/lib/Resolver")'.
lib/JoinRequestPartPlugin.js(53,22): error TS2339: Property 'join' does not exist on type 'typeof import("/work/arjunguha-research-group/mhyee/TypeWeaver/data/tsc-out/top1k-typed-with-typed-deps-es6/baseline/enhanced-resolve/lib/Resolver")'.
lib/JoinRequestPartPlugin.js(56,17): error TS2339: Property 'join' does not exist on type 'typeof import("/work/arjunguha-research-group/mhyee/TypeWeaver/data/tsc-out/top1k-typed-with-typed-deps-es6/baseline/enhanced-resolve/lib/Resolver")'.
lib/JoinRequestPartPlugin.js(60,15): error TS2339: Property 'doResolve' does not exist on type 'typeof import("/work/arjunguha-research-group/mhyee/TypeWeaver/data/tsc-out/top1k-typed-with-typed-deps-es6/baseline/enhanced-resolve/lib/Resolver")'.
lib/JoinRequestPlugin.js(26,27): error TS2339: Property 'ensureHook' does not exist on type 'typeof import("/work/arjunguha-research-group/mhyee/TypeWeaver/data/tsc-out/top1k-typed-with-typed-deps-es6/baseline/enhanced-resolve/lib/Resolver")'.
lib/JoinRequestPlugin.js(28,5): error TS2339: Property 'getHook' does not exist on type 'typeof import("/work/arjunguha-research-group/mhyee/TypeWeaver/data/tsc-out/top1k-typed-with-typed-deps-es6/baseline/enhanced-resolve/lib/Resolver")'.
lib/JoinRequestPlugin.js(32,21): error TS2339: Property 'join' does not exist on type 'typeof import("/work/arjunguha-research-group/mhyee/TypeWeaver/data/tsc-out/top1k-typed-with-typed-deps-es6/baseline/enhanced-resolve/lib/Resolver")'.
lib/JoinRequestPlugin.js(35,16): error TS2339: Property 'join' does not exist on type 'typeof import("/work/arjunguha-research-group/mhyee/TypeWeaver/data/tsc-out/top1k-typed-with-typed-deps-es6/baseline/enhanced-resolve/lib/Resolver")'.
lib/JoinRequestPlugin.js(38,14): error TS2339: Property 'doResolve' does not exist on type 'typeof import("/work/arjunguha-research-group/mhyee/TypeWeaver/data/tsc-out/top1k-typed-with-typed-deps-es6/baseline/enhanced-resolve/lib/Resolver")'.
lib/LogInfoPlugin.js(22,5): error TS2339: Property 'getHook' does not exist on type 'typeof import("/work/arjunguha-research-group/mhyee/TypeWeaver/data/tsc-out/top1k-typed-with-typed-deps-es6/baseline/enhanced-resolve/lib/Resolver")'.
lib/MainFieldPlugin.js(34,27): error TS2339: Property 'ensureHook' does not exist on type 'typeof import("/work/arjunguha-research-group/mhyee/TypeWeaver/data/tsc-out/top1k-typed-with-typed-deps-es6/baseline/enhanced-resolve/lib/Resolver")'.
lib/MainFieldPlugin.js(36,5): error TS2339: Property 'getHook' does not exist on type 'typeof import("/work/arjunguha-research-group/mhyee/TypeWeaver/data/tsc-out/top1k-typed-with-typed-deps-es6/baseline/enhanced-resolve/lib/Resolver")'.
lib/MainFieldPlugin.js(45,43): error TS2339: Property 'getField' does not exist on type 'typeof import("/work/arjunguha-research-group/mhyee/TypeWeaver/data/tsc-out/top1k-typed-with-typed-deps-es6/baseline/enhanced-resolve/lib/DescriptionFileUtils")'.
lib/MainFieldPlugin.js(67,21): error TS2339: Property 'doResolve' does not exist on type 'typeof import("/work/arjunguha-research-group/mhyee/TypeWeaver/data/tsc-out/top1k-typed-with-typed-deps-es6/baseline/enhanced-resolve/lib/Resolver")'.
lib/ModulesInHierarchicalDirectoriesPlugin.js(31,27): error TS2339: Property 'ensureHook' does not exist on type 'typeof import("/work/arjunguha-research-group/mhyee/TypeWeaver/data/tsc-out/top1k-typed-with-typed-deps-es6/baseline/enhanced-resolve/lib/Resolver")'.
lib/ModulesInHierarchicalDirectoriesPlugin.js(33,5): error TS2339: Property 'getHook' does not exist on type 'typeof import("/work/arjunguha-research-group/mhyee/TypeWeaver/data/tsc-out/top1k-typed-with-typed-deps-es6/baseline/enhanced-resolve/lib/Resolver")'.
lib/ModulesInHierarchicalDirectoriesPlugin.js(37,26): error TS2339: Property 'fileSystem' does not exist on type 'typeof import("/work/arjunguha-research-group/mhyee/TypeWeaver/data/tsc-out/top1k-typed-with-typed-deps-es6/baseline/enhanced-resolve/lib/Resolver")'.
lib/ModulesInHierarchicalDirectoriesPlugin.js(40,50): error TS2339: Property 'join' does not exist on type 'typeof import("/work/arjunguha-research-group/mhyee/TypeWeaver/data/tsc-out/top1k-typed-with-typed-deps-es6/baseline/enhanced-resolve/lib/Resolver")'.
lib/ModulesInHierarchicalDirectoriesPlugin.js(58,26): error TS2339: Property 'doResolve' does not exist on type 'typeof import("/work/arjunguha-research-group/mhyee/TypeWeaver/data/tsc-out/top1k-typed-with-typed-deps-es6/baseline/enhanced-resolve/lib/Resolver")'.
lib/ModulesInRootPlugin.js(28,27): error TS2339: Property 'ensureHook' does not exist on type 'typeof import("/work/arjunguha-research-group/mhyee/TypeWeaver/data/tsc-out/top1k-typed-with-typed-deps-es6/baseline/enhanced-resolve/lib/Resolver")'.
lib/ModulesInRootPlugin.js(30,5): error TS2339: Property 'getHook' does not exist on type 'typeof import("/work/arjunguha-research-group/mhyee/TypeWeaver/data/tsc-out/top1k-typed-with-typed-deps-es6/baseline/enhanced-resolve/lib/Resolver")'.
lib/ModulesInRootPlugin.js(38,14): error TS2339: Property 'doResolve' does not exist on type 'typeof import("/work/arjunguha-research-group/mhyee/TypeWeaver/data/tsc-out/top1k-typed-with-typed-deps-es6/baseline/enhanced-resolve/lib/Resolver")'.
lib/NextPlugin.js(26,27): error TS2339: Property 'ensureHook' does not exist on type 'typeof import("/work/arjunguha-research-group/mhyee/TypeWeaver/data/tsc-out/top1k-typed-with-typed-deps-es6/baseline/enhanced-resolve/lib/Resolver")'.
lib/NextPlugin.js(28,5): error TS2339: Property 'getHook' does not exist on type 'typeof import("/work/arjunguha-research-group/mhyee/TypeWeaver/data/tsc-out/top1k-typed-with-typed-deps-es6/baseline/enhanced-resolve/lib/Resolver")'.
lib/NextPlugin.js(30,14): error TS2339: Property 'doResolve' does not exist on type 'typeof import("/work/arjunguha-research-group/mhyee/TypeWeaver/data/tsc-out/top1k-typed-with-typed-deps-es6/baseline/enhanced-resolve/lib/Resolver")'.
lib/ParsePlugin.js(29,27): error TS2339: Property 'ensureHook' does not exist on type 'typeof import("/work/arjunguha-research-group/mhyee/TypeWeaver/data/tsc-out/top1k-typed-with-typed-deps-es6/baseline/enhanced-resolve/lib/Resolver")'.
lib/ParsePlugin.js(31,5): error TS2339: Property 'getHook' does not exist on type 'typeof import("/work/arjunguha-research-group/mhyee/TypeWeaver/data/tsc-out/top1k-typed-with-typed-deps-es6/baseline/enhanced-resolve/lib/Resolver")'.
lib/ParsePlugin.js(33,29): error TS2339: Property 'parse' does not exist on type 'typeof import("/work/arjunguha-research-group/mhyee/TypeWeaver/data/tsc-out/top1k-typed-with-typed-deps-es6/baseline/enhanced-resolve/lib/Resolver")'.
lib/ParsePlugin.js(58,15): error TS2339: Property 'doResolve' does not exist on type 'typeof import("/work/arjunguha-research-group/mhyee/TypeWeaver/data/tsc-out/top1k-typed-with-typed-deps-es6/baseline/enhanced-resolve/lib/Resolver")'.
lib/ParsePlugin.js(66,17): error TS2339: Property 'doResolve' does not exist on type 'typeof import("/work/arjunguha-research-group/mhyee/TypeWeaver/data/tsc-out/top1k-typed-with-typed-deps-es6/baseline/enhanced-resolve/lib/Resolver")'.
lib/ParsePlugin.js(71,14): error TS2339: Property 'doResolve' does not exist on type 'typeof import("/work/arjunguha-research-group/mhyee/TypeWeaver/data/tsc-out/top1k-typed-with-typed-deps-es6/baseline/enhanced-resolve/lib/Resolver")'.
lib/PnpPlugin.js(32,27): error TS2339: Property 'ensureHook' does not exist on type 'typeof import("/work/arjunguha-research-group/mhyee/TypeWeaver/data/tsc-out/top1k-typed-with-typed-deps-es6/baseline/enhanced-resolve/lib/Resolver")'.
lib/PnpPlugin.js(34,5): error TS2339: Property 'getHook' does not exist on type 'typeof import("/work/arjunguha-research-group/mhyee/TypeWeaver/data/tsc-out/top1k-typed-with-typed-deps-es6/baseline/enhanced-resolve/lib/Resolver")'.
lib/PnpPlugin.js(89,14): error TS2339: Property 'doResolve' does not exist on type 'typeof import("/work/arjunguha-research-group/mhyee/TypeWeaver/data/tsc-out/top1k-typed-with-typed-deps-es6/baseline/enhanced-resolve/lib/Resolver")'.
lib/Resolver.js(11,10): error TS2305: Module '"./util/path"' has no exported member 'normalize'.
lib/Resolver.js(11,21): error TS2305: Module '"./util/path"' has no exported member 'cachedJoin'.
lib/Resolver.js(11,41): error TS2305: Module '"./util/path"' has no exported member 'getType'.
lib/Resolver.js(11,50): error TS2305: Module '"./util/path"' has no exported member 'PathType'.
lib/ResolverFactory.js(10,10): error TS2305: Module '"./util/path"' has no exported member 'getType'.
lib/ResolverFactory.js(10,19): error TS2305: Module '"./util/path"' has no exported member 'PathType'.
lib/ResolverFactory.js(211,3): error TS2322: Type 'FileSystem | SyncAsyncFileSystemDecorator' is not assignable to type 'FileSystem'.
  Type 'SyncAsyncFileSystemDecorator' is not assignable to type 'FileSystem'.
    Types of property 'readFile' are incompatible.
      Type '(arg: any, options: any, callback: any) => any' is not assignable to type '((arg0: string, arg1: FileSystemCallback<string | Buffer>) => void) & ((arg0: string, arg1: object, arg2: FileSystemCallback<string | Buffer>) => void)'.
        Type '(arg: any, options: any, callback: any) => any' is not assignable to type '(arg0: string, arg1: FileSystemCallback<string | Buffer>) => void'.
lib/ResolverFactory.js(322,17): error TS2339: Property 'newInteralResolve' does not exist on type '{ resolveStep: SyncHook<[ResolveStepHook, ResolveRequest], void, UnsetAdditionalOptions>; noResolve: SyncHook<...>; resolve: ResolveStepHook; result: AsyncSeriesHook<...>; }'.
lib/ResolverFactory.js(322,52): error TS2339: Property 'newInternalResolve' does not exist on type '{ resolveStep: SyncHook<[ResolveStepHook, ResolveRequest], void, UnsetAdditionalOptions>; noResolve: SyncHook<...>; resolve: ResolveStepHook; result: AsyncSeriesHook<...>; }'.
lib/ResolverFactory.js(331,5): error TS2345: Argument of type 'UnsafeCachePlugin' is not assignable to parameter of type 'Plugin'.
  Type 'UnsafeCachePlugin' is not assignable to type '{ apply: (arg0: Resolver) => void; }'.
    Types of property 'apply' are incompatible.
      Type '(resolver: typeof import("/work/arjunguha-research-group/mhyee/TypeWeaver/data/tsc-out/top1k-typed-with-typed-deps-es6/baseline/enhanced-resolve/lib/Resolver")) => void' is not assignable to type '(arg0: Resolver) => void'.
        Types of parameters 'resolver' and 'arg0' are incompatible.
          Property 'Resolver' is missing in type 'Resolver' but required in type 'typeof import("/work/arjunguha-research-group/mhyee/TypeWeaver/data/tsc-out/top1k-typed-with-typed-deps-es6/baseline/enhanced-resolve/lib/Resolver")'.
lib/ResolverFactory.js(340,5): error TS2345: Argument of type 'ParsePlugin' is not assignable to parameter of type 'Plugin'.
  Type 'ParsePlugin' is not assignable to type '{ apply: (arg0: Resolver) => void; }'.
    Types of property 'apply' are incompatible.
      Type '(resolver: typeof import("/work/arjunguha-research-group/mhyee/TypeWeaver/data/tsc-out/top1k-typed-with-typed-deps-es6/baseline/enhanced-resolve/lib/Resolver")) => void' is not assignable to type '(arg0: Resolver) => void'.
        Types of parameters 'resolver' and 'arg0' are incompatible.
          Type 'Resolver' is not assignable to type 'typeof import("/work/arjunguha-research-group/mhyee/TypeWeaver/data/tsc-out/top1k-typed-with-typed-deps-es6/baseline/enhanced-resolve/lib/Resolver")'.
lib/ResolverFactory.js(343,17): error TS2345: Argument of type 'ParsePlugin' is not assignable to parameter of type 'Plugin'.
lib/ResolverFactory.js(349,3): error TS2345: Argument of type 'DescriptionFilePlugin' is not assignable to parameter of type 'Plugin'.
  Type 'DescriptionFilePlugin' is not assignable to type '{ apply: (arg0: Resolver) => void; }'.
    Types of property 'apply' are incompatible.
      Type '(resolver: typeof import("/work/arjunguha-research-group/mhyee/TypeWeaver/data/tsc-out/top1k-typed-with-typed-deps-es6/baseline/enhanced-resolve/lib/Resolver")) => void' is not assignable to type '(arg0: Resolver) => void'.
        Types of parameters 'resolver' and 'arg0' are incompatible.
          Type 'Resolver' is not assignable to type 'typeof import("/work/arjunguha-research-group/mhyee/TypeWeaver/data/tsc-out/top1k-typed-with-typed-deps-es6/baseline/enhanced-resolve/lib/Resolver")'.
lib/ResolverFactory.js(356,15): error TS2345: Argument of type 'NextPlugin' is not assignable to parameter of type 'Plugin'.
  Type 'NextPlugin' is not assignable to type '{ apply: (arg0: Resolver) => void; }'.
    Types of property 'apply' are incompatible.
      Type '(resolver: typeof import("/work/arjunguha-research-group/mhyee/TypeWeaver/data/tsc-out/top1k-typed-with-typed-deps-es6/baseline/enhanced-resolve/lib/Resolver")) => void' is not assignable to type '(arg0: Resolver) => void'.
        Types of parameters 'resolver' and 'arg0' are incompatible.
          Type 'Resolver' is not assignable to type 'typeof import("/work/arjunguha-research-group/mhyee/TypeWeaver/data/tsc-out/top1k-typed-with-typed-deps-es6/baseline/enhanced-resolve/lib/Resolver")'.
lib/ResolverFactory.js(359,15): error TS2345: Argument of type 'NextPlugin' is not assignable to parameter of type 'Plugin'.
lib/ResolverFactory.js(362,4): error TS2345: Argument of type 'AliasPlugin' is not assignable to parameter of type 'Plugin'.
  Type 'AliasPlugin' is not assignable to type '{ apply: (arg0: Resolver) => void; }'.
    Types of property 'apply' are incompatible.
      Type '(resolver: typeof import("/work/arjunguha-research-group/mhyee/TypeWeaver/data/tsc-out/top1k-typed-with-typed-deps-es6/baseline/enhanced-resolve/lib/Resolver")) => void' is not assignable to type '(arg0: Resolver) => void'.
        Types of parameters 'resolver' and 'arg0' are incompatible.
          Type 'Resolver' is not assignable to type 'typeof import("/work/arjunguha-research-group/mhyee/TypeWeaver/data/tsc-out/top1k-typed-with-typed-deps-es6/baseline/enhanced-resolve/lib/Resolver")'.
lib/ResolverFactory.js(368,16): error TS2345: Argument of type 'AliasPlugin' is not assignable to parameter of type 'Plugin'.
lib/ResolverFactory.js(371,16): error TS2345: Argument of type 'AliasFieldPlugin' is not assignable to parameter of type 'Plugin'.
  Type 'AliasFieldPlugin' is not assignable to type '{ apply: (arg0: Resolver) => void; }'.
    Types of property 'apply' are incompatible.
      Type '(resolver: typeof import("/work/arjunguha-research-group/mhyee/TypeWeaver/data/tsc-out/top1k-typed-with-typed-deps-es6/baseline/enhanced-resolve/lib/Resolver")) => void' is not assignable to type '(arg0: Resolver) => void'.
        Types of parameters 'resolver' and 'arg0' are incompatible.
          Type 'Resolver' is not assignable to type 'typeof import("/work/arjunguha-research-group/mhyee/TypeWeaver/data/tsc-out/top1k-typed-with-typed-deps-es6/baseline/enhanced-resolve/lib/Resolver")'.
lib/ResolverFactory.js(375,4): error TS2345: Argument of type 'ExtensionAliasPlugin' is not assignable to parameter of type 'Plugin'.
  Type 'ExtensionAliasPlugin' is not assignable to type '{ apply: (arg0: Resolver) => void; }'.
    Types of property 'apply' are incompatible.
      Type '(resolver: typeof import("/work/arjunguha-research-group/mhyee/TypeWeaver/data/tsc-out/top1k-typed-with-typed-deps-es6/baseline/enhanced-resolve/lib/Resolver")) => void' is not assignable to type '(arg0: Resolver) => void'.
        Types of parameters 'resolver' and 'arg0' are incompatible.
          Type 'Resolver' is not assignable to type 'typeof import("/work/arjunguha-research-group/mhyee/TypeWeaver/data/tsc-out/top1k-typed-with-typed-deps-es6/baseline/enhanced-resolve/lib/Resolver")'.
lib/ResolverFactory.js(378,15): error TS2345: Argument of type 'NextPlugin' is not assignable to parameter of type 'Plugin'.
lib/ResolverFactory.js(382,16): error TS2345: Argument of type 'JoinRequestPlugin' is not assignable to parameter of type 'Plugin'.
  Type 'JoinRequestPlugin' is not assignable to type '{ apply: (arg0: Resolver) => void; }'.
    Types of property 'apply' are incompatible.
      Type '(resolver: typeof import("/work/arjunguha-research-group/mhyee/TypeWeaver/data/tsc-out/top1k-typed-with-typed-deps-es6/baseline/enhanced-resolve/lib/Resolver")) => void' is not assignable to type '(arg0: Resolver) => void'.
        Types of parameters 'resolver' and 'arg0' are incompatible.
          Type 'Resolver' is not assignable to type 'typeof import("/work/arjunguha-research-group/mhyee/TypeWeaver/data/tsc-out/top1k-typed-with-typed-deps-es6/baseline/enhanced-resolve/lib/Resolver")'.
lib/ResolverFactory.js(385,3): error TS2345: Argument of type 'ConditionalPlugin' is not assignable to parameter of type 'Plugin'.
  Type 'ConditionalPlugin' is not assignable to type '{ apply: (arg0: Resolver) => void; }'.
    Types of property 'apply' are incompatible.
      Type '(resolver: typeof import("/work/arjunguha-research-group/mhyee/TypeWeaver/data/tsc-out/top1k-typed-with-typed-deps-es6/baseline/enhanced-resolve/lib/Resolver")) => void' is not assignable to type '(arg0: Resolver) => void'.
        Types of parameters 'resolver' and 'arg0' are incompatible.
          Type 'Resolver' is not assignable to type 'typeof import("/work/arjunguha-research-group/mhyee/TypeWeaver/data/tsc-out/top1k-typed-with-typed-deps-es6/baseline/enhanced-resolve/lib/Resolver")'.
lib/ResolverFactory.js(394,3): error TS2345: Argument of type 'ConditionalPlugin' is not assignable to parameter of type 'Plugin'.
lib/ResolverFactory.js(403,16): error TS2345: Argument of type 'JoinRequestPlugin' is not assignable to parameter of type 'Plugin'.
lib/ResolverFactory.js(406,16): error TS2345: Argument of type 'RootsPlugin' is not assignable to parameter of type 'Plugin'.
  Type 'RootsPlugin' is not assignable to type '{ apply: (arg0: Resolver) => void; }'.
    Types of property 'apply' are incompatible.
      Type '(resolver: typeof import("/work/arjunguha-research-group/mhyee/TypeWeaver/data/tsc-out/top1k-typed-with-typed-deps-es6/baseline/enhanced-resolve/lib/Resolver")) => void' is not assignable to type '(arg0: Resolver) => void'.
        Types of parameters 'resolver' and 'arg0' are incompatible.
          Type 'Resolver' is not assignable to type 'typeof import("/work/arjunguha-research-group/mhyee/TypeWeaver/data/tsc-out/top1k-typed-with-typed-deps-es6/baseline/enhanced-resolve/lib/Resolver")'.
lib/ResolverFactory.js(409,16): error TS2345: Argument of type 'JoinRequestPlugin' is not assignable to parameter of type 'Plugin'.
lib/ResolverFactory.js(415,4): error TS2345: Argument of type 'ImportsFieldPlugin' is not assignable to parameter of type 'Plugin'.
  Type 'ImportsFieldPlugin' is not assignable to type '{ apply: (arg0: Resolver) => void; }'.
    Types of property 'apply' are incompatible.
      Type '(resolver: typeof import("/work/arjunguha-research-group/mhyee/TypeWeaver/data/tsc-out/top1k-typed-with-typed-deps-es6/baseline/enhanced-resolve/lib/Resolver")) => void' is not assignable to type '(arg0: Resolver) => void'.
        Types of parameters 'resolver' and 'arg0' are incompatible.
          Type 'Resolver' is not assignable to type 'typeof import("/work/arjunguha-research-group/mhyee/TypeWeaver/data/tsc-out/top1k-typed-with-typed-deps-es6/baseline/enhanced-resolve/lib/Resolver")'.
lib/ResolverFactory.js(428,4): error TS2345: Argument of type 'SelfReferencePlugin' is not assignable to parameter of type 'Plugin'.
  Type 'SelfReferencePlugin' is not assignable to type '{ apply: (arg0: Resolver) => void; }'.
    Types of property 'apply' are incompatible.
      Type '(resolver: typeof import("/work/arjunguha-research-group/mhyee/TypeWeaver/data/tsc-out/top1k-typed-with-typed-deps-es6/baseline/enhanced-resolve/lib/Resolver")) => void' is not assignable to type '(arg0: Resolver) => void'.
        Types of parameters 'resolver' and 'arg0' are incompatible.
          Type 'Resolver' is not assignable to type 'typeof import("/work/arjunguha-research-group/mhyee/TypeWeaver/data/tsc-out/top1k-typed-with-typed-deps-es6/baseline/enhanced-resolve/lib/Resolver")'.
lib/ResolverFactory.js(435,6): error TS2345: Argument of type 'ModulesInHierarchicalDirectoriesPlugin' is not assignable to parameter of type 'Plugin'.
  Type 'ModulesInHierarchicalDirectoriesPlugin' is not assignable to type '{ apply: (arg0: Resolver) => void; }'.
    Types of property 'apply' are incompatible.
      Type '(resolver: typeof import("/work/arjunguha-research-group/mhyee/TypeWeaver/data/tsc-out/top1k-typed-with-typed-deps-es6/baseline/enhanced-resolve/lib/Resolver")) => void' is not assignable to type '(arg0: Resolver) => void'.
        Types of parameters 'resolver' and 'arg0' are incompatible.
          Type 'Resolver' is not assignable to type 'typeof import("/work/arjunguha-research-group/mhyee/TypeWeaver/data/tsc-out/top1k-typed-with-typed-deps-es6/baseline/enhanced-resolve/lib/Resolver")'.
lib/ResolverFactory.js(442,6): error TS2345: Argument of type 'PnpPlugin' is not assignable to parameter of type 'Plugin'.
  Type 'PnpPlugin' is not assignable to type '{ apply: (arg0: Resolver) => void; }'.
    Types of property 'apply' are incompatible.
      Type '(resolver: typeof import("/work/arjunguha-research-group/mhyee/TypeWeaver/data/tsc-out/top1k-typed-with-typed-deps-es6/baseline/enhanced-resolve/lib/Resolver")) => void' is not assignable to type '(arg0: Resolver) => void'.
        Types of parameters 'resolver' and 'arg0' are incompatible.
          Type 'Resolver' is not assignable to type 'typeof import("/work/arjunguha-research-group/mhyee/TypeWeaver/data/tsc-out/top1k-typed-with-typed-deps-es6/baseline/enhanced-resolve/lib/Resolver")'.
lib/ResolverFactory.js(446,6): error TS2345: Argument of type 'ModulesInHierarchicalDirectoriesPlugin' is not assignable to parameter of type 'Plugin'.
lib/ResolverFactory.js(454,17): error TS2345: Argument of type 'ModulesInRootPlugin' is not assignable to parameter of type 'Plugin'.
  Type 'ModulesInRootPlugin' is not assignable to type '{ apply: (arg0: Resolver) => void; }'.
    Types of property 'apply' are incompatible.
      Type '(resolver: typeof import("/work/arjunguha-research-group/mhyee/TypeWeaver/data/tsc-out/top1k-typed-with-typed-deps-es6/baseline/enhanced-resolve/lib/Resolver")) => void' is not assignable to type '(arg0: Resolver) => void'.
        Types of parameters 'resolver' and 'arg0' are incompatible.
          Type 'Resolver' is not assignable to type 'typeof import("/work/arjunguha-research-group/mhyee/TypeWeaver/data/tsc-out/top1k-typed-with-typed-deps-es6/baseline/enhanced-resolve/lib/Resolver")'.
lib/ResolverFactory.js(459,15): error TS2345: Argument of type 'JoinRequestPartPlugin' is not assignable to parameter of type 'Plugin'.
  Type 'JoinRequestPartPlugin' is not assignable to type '{ apply: (arg0: Resolver) => void; }'.
    Types of property 'apply' are incompatible.
      Type '(resolver: typeof import("/work/arjunguha-research-group/mhyee/TypeWeaver/data/tsc-out/top1k-typed-with-typed-deps-es6/baseline/enhanced-resolve/lib/Resolver")) => void' is not assignable to type '(arg0: Resolver) => void'.
        Types of parameters 'resolver' and 'arg0' are incompatible.
          Type 'Resolver' is not assignable to type 'typeof import("/work/arjunguha-research-group/mhyee/TypeWeaver/data/tsc-out/top1k-typed-with-typed-deps-es6/baseline/enhanced-resolve/lib/Resolver")'.
lib/ResolverFactory.js(464,4): error TS2345: Argument of type 'ConditionalPlugin' is not assignable to parameter of type 'Plugin'.
lib/ResolverFactory.js(474,3): error TS2345: Argument of type 'DirectoryExistsPlugin' is not assignable to parameter of type 'Plugin'.
  Type 'DirectoryExistsPlugin' is not assignable to type '{ apply: (arg0: Resolver) => void; }'.
    Types of property 'apply' are incompatible.
      Type '(resolver: typeof import("/work/arjunguha-research-group/mhyee/TypeWeaver/data/tsc-out/top1k-typed-with-typed-deps-es6/baseline/enhanced-resolve/lib/Resolver")) => void' is not assignable to type '(arg0: Resolver) => void'.
        Types of parameters 'resolver' and 'arg0' are incompatible.
          Type 'Resolver' is not assignable to type 'typeof import("/work/arjunguha-research-group/mhyee/TypeWeaver/data/tsc-out/top1k-typed-with-typed-deps-es6/baseline/enhanced-resolve/lib/Resolver")'.
lib/ResolverFactory.js(482,3): error TS2345: Argument of type 'DescriptionFilePlugin' is not assignable to parameter of type 'Plugin'.
lib/ResolverFactory.js(490,3): error TS2345: Argument of type 'NextPlugin' is not assignable to parameter of type 'Plugin'.
lib/ResolverFactory.js(496,4): error TS2345: Argument of type 'ExportsFieldPlugin' is not assignable to parameter of type 'Plugin'.
  Type 'ExportsFieldPlugin' is not assignable to type '{ apply: (arg0: Resolver) => void; }'.
    Types of property 'apply' are incompatible.
      Type '(resolver: typeof import("/work/arjunguha-research-group/mhyee/TypeWeaver/data/tsc-out/top1k-typed-with-typed-deps-es6/baseline/enhanced-resolve/lib/Resolver")) => void' is not assignable to type '(arg0: Resolver) => void'.
        Types of parameters 'resolver' and 'arg0' are incompatible.
          Type 'Resolver' is not assignable to type 'typeof import("/work/arjunguha-research-group/mhyee/TypeWeaver/data/tsc-out/top1k-typed-with-typed-deps-es6/baseline/enhanced-resolve/lib/Resolver")'.
lib/ResolverFactory.js(505,3): error TS2345: Argument of type 'NextPlugin' is not assignable to parameter of type 'Plugin'.
lib/ResolverFactory.js(510,3): error TS2345: Argument of type 'JoinRequestPlugin' is not assignable to parameter of type 'Plugin'.
lib/ResolverFactory.js(515,3): error TS2345: Argument of type 'DescriptionFilePlugin' is not assignable to parameter of type 'Plugin'.
lib/ResolverFactory.js(522,15): error TS2345: Argument of type 'NextPlugin' is not assignable to parameter of type 'Plugin'.
lib/ResolverFactory.js(526,16): error TS2345: Argument of type 'NextPlugin' is not assignable to parameter of type 'Plugin'.
lib/ResolverFactory.js(529,4): error TS2345: Argument of type 'ConditionalPlugin' is not assignable to parameter of type 'Plugin'.
lib/ResolverFactory.js(538,4): error TS2345: Argument of type 'ConditionalPlugin' is not assignable to parameter of type 'Plugin'.
lib/ResolverFactory.js(550,3): error TS2345: Argument of type 'DirectoryExistsPlugin' is not assignable to parameter of type 'Plugin'.
lib/ResolverFactory.js(555,16): error TS2345: Argument of type 'NextPlugin' is not assignable to parameter of type 'Plugin'.
lib/ResolverFactory.js(559,4): error TS2345: Argument of type 'DescriptionFilePlugin' is not assignable to parameter of type 'Plugin'.
lib/ResolverFactory.js(568,5): error TS2345: Argument of type 'UseFilePlugin' is not assignable to parameter of type 'Plugin'.
  Type 'UseFilePlugin' is not assignable to type '{ apply: (arg0: Resolver) => void; }'.
    Types of property 'apply' are incompatible.
      Type '(resolver: typeof import("/work/arjunguha-research-group/mhyee/TypeWeaver/data/tsc-out/top1k-typed-with-typed-deps-es6/baseline/enhanced-resolve/lib/Resolver")) => void' is not assignable to type '(arg0: Resolver) => void'.
        Types of parameters 'resolver' and 'arg0' are incompatible.
          Type 'Resolver' is not assignable to type 'typeof import("/work/arjunguha-research-group/mhyee/TypeWeaver/data/tsc-out/top1k-typed-with-typed-deps-es6/baseline/enhanced-resolve/lib/Resolver")'.
lib/ResolverFactory.js(579,5): error TS2345: Argument of type 'MainFieldPlugin' is not assignable to parameter of type 'Plugin'.
  Type 'MainFieldPlugin' is not assignable to type '{ apply: (arg0: Resolver) => void; }'.
    Types of property 'apply' are incompatible.
      Type '(resolver: typeof import("/work/arjunguha-research-group/mhyee/TypeWeaver/data/tsc-out/top1k-typed-with-typed-deps-es6/baseline/enhanced-resolve/lib/Resolver")) => void' is not assignable to type '(arg0: Resolver) => void'.
        Types of parameters 'resolver' and 'arg0' are incompatible.
          Type 'Resolver' is not assignable to type 'typeof import("/work/arjunguha-research-group/mhyee/TypeWeaver/data/tsc-out/top1k-typed-with-typed-deps-es6/baseline/enhanced-resolve/lib/Resolver")'.
lib/ResolverFactory.js(588,5): error TS2345: Argument of type 'UseFilePlugin' is not assignable to parameter of type 'Plugin'.
lib/ResolverFactory.js(594,4): error TS2345: Argument of type 'DescriptionFilePlugin' is not assignable to parameter of type 'Plugin'.
lib/ResolverFactory.js(601,16): error TS2345: Argument of type 'NextPlugin' is not assignable to parameter of type 'Plugin'.
lib/ResolverFactory.js(605,4): error TS2345: Argument of type 'ConditionalPlugin' is not assignable to parameter of type 'Plugin'.
lib/ResolverFactory.js(614,17): error TS2345: Argument of type 'TryNextPlugin' is not assignable to parameter of type 'Plugin'.
  Type 'TryNextPlugin' is not assignable to type '{ apply: (arg0: Resolver) => void; }'.
    Types of property 'apply' are incompatible.
      Type '(resolver: typeof import("/work/arjunguha-research-group/mhyee/TypeWeaver/data/tsc-out/top1k-typed-with-typed-deps-es6/baseline/enhanced-resolve/lib/Resolver")) => void' is not assignable to type '(arg0: Resolver) => void'.
        Types of parameters 'resolver' and 'arg0' are incompatible.
          Type 'Resolver' is not assignable to type 'typeof import("/work/arjunguha-research-group/mhyee/TypeWeaver/data/tsc-out/top1k-typed-with-typed-deps-es6/baseline/enhanced-resolve/lib/Resolver")'.
lib/ResolverFactory.js(617,17): error TS2345: Argument of type 'AppendPlugin' is not assignable to parameter of type 'Plugin'.
  Type 'AppendPlugin' is not assignable to type '{ apply: (arg0: Resolver) => void; }'.
    Types of property 'apply' are incompatible.
      Type '(resolver: typeof import("/work/arjunguha-research-group/mhyee/TypeWeaver/data/tsc-out/top1k-typed-with-typed-deps-es6/baseline/enhanced-resolve/lib/Resolver")) => void' is not assignable to type '(arg0: Resolver) => void'.
        Types of parameters 'resolver' and 'arg0' are incompatible.
          Type 'Resolver' is not assignable to type 'typeof import("/work/arjunguha-research-group/mhyee/TypeWeaver/data/tsc-out/top1k-typed-with-typed-deps-es6/baseline/enhanced-resolve/lib/Resolver")'.
lib/ResolverFactory.js(622,17): error TS2345: Argument of type 'AliasPlugin' is not assignable to parameter of type 'Plugin'.
lib/ResolverFactory.js(624,17): error TS2345: Argument of type 'AliasFieldPlugin' is not assignable to parameter of type 'Plugin'.
lib/ResolverFactory.js(626,16): error TS2345: Argument of type 'NextPlugin' is not assignable to parameter of type 'Plugin'.
lib/ResolverFactory.js(629,16): error TS2345: Argument of type 'FileExistsPlugin' is not assignable to parameter of type 'Plugin'.
  Type 'FileExistsPlugin' is not assignable to type '{ apply: (arg0: Resolver) => void; }'.
    Types of property 'apply' are incompatible.
      Type '(resolver: typeof import("/work/arjunguha-research-group/mhyee/TypeWeaver/data/tsc-out/top1k-typed-with-typed-deps-es6/baseline/enhanced-resolve/lib/Resolver")) => void' is not assignable to type '(arg0: Resolver) => void'.
        Types of parameters 'resolver' and 'arg0' are incompatible.
          Type 'Resolver' is not assignable to type 'typeof import("/work/arjunguha-research-group/mhyee/TypeWeaver/data/tsc-out/top1k-typed-with-typed-deps-es6/baseline/enhanced-resolve/lib/Resolver")'.
lib/ResolverFactory.js(633,17): error TS2345: Argument of type 'SymlinkPlugin' is not assignable to parameter of type 'Plugin'.
  Type 'SymlinkPlugin' is not assignable to type '{ apply: (arg0: Resolver) => void; }'.
    Types of property 'apply' are incompatible.
      Type '(resolver: typeof import("/work/arjunguha-research-group/mhyee/TypeWeaver/data/tsc-out/top1k-typed-with-typed-deps-es6/baseline/enhanced-resolve/lib/Resolver")) => void' is not assignable to type '(arg0: Resolver) => void'.
        Types of parameters 'resolver' and 'arg0' are incompatible.
          Type 'Resolver' is not assignable to type 'typeof import("/work/arjunguha-research-group/mhyee/TypeWeaver/data/tsc-out/top1k-typed-with-typed-deps-es6/baseline/enhanced-resolve/lib/Resolver")'.
lib/ResolverFactory.js(634,16): error TS2345: Argument of type 'NextPlugin' is not assignable to parameter of type 'Plugin'.
lib/ResolverFactory.js(639,16): error TS2345: Argument of type 'RestrictionsPlugin' is not assignable to parameter of type 'Plugin'.
  Type 'RestrictionsPlugin' is not assignable to type '{ apply: (arg0: Resolver) => void; }'.
    Types of property 'apply' are incompatible.
      Type '(resolver: typeof import("/work/arjunguha-research-group/mhyee/TypeWeaver/data/tsc-out/top1k-typed-with-typed-deps-es6/baseline/enhanced-resolve/lib/Resolver")) => void' is not assignable to type '(arg0: Resolver) => void'.
        Types of parameters 'resolver' and 'arg0' are incompatible.
          Type 'Resolver' is not assignable to type 'typeof import("/work/arjunguha-research-group/mhyee/TypeWeaver/data/tsc-out/top1k-typed-with-typed-deps-es6/baseline/enhanced-resolve/lib/Resolver")'.
lib/ResolverFactory.js(639,54): error TS2551: Property 'resolved' does not exist on type '{ resolveStep: SyncHook<[ResolveStepHook, ResolveRequest], void, UnsetAdditionalOptions>; noResolve: SyncHook<...>; resolve: ResolveStepHook; result: AsyncSeriesHook<...>; }'. Did you mean 'resolve'?
lib/ResolverFactory.js(641,15): error TS2345: Argument of type 'ResultPlugin' is not assignable to parameter of type 'Plugin'.
  Type 'ResultPlugin' is not assignable to type '{ apply: (arg0: Resolver) => void; }'.
    Types of property 'apply' are incompatible.
      Type '(resolver: typeof import("/work/arjunguha-research-group/mhyee/TypeWeaver/data/tsc-out/top1k-typed-with-typed-deps-es6/baseline/enhanced-resolve/lib/Resolver")) => void' is not assignable to type '(arg0: Resolver) => void'.
        Types of parameters 'resolver' and 'arg0' are incompatible.
          Type 'Resolver' is not assignable to type 'typeof import("/work/arjunguha-research-group/mhyee/TypeWeaver/data/tsc-out/top1k-typed-with-typed-deps-es6/baseline/enhanced-resolve/lib/Resolver")'.
lib/ResolverFactory.js(641,47): error TS2551: Property 'resolved' does not exist on type '{ resolveStep: SyncHook<[ResolveStepHook, ResolveRequest], void, UnsetAdditionalOptions>; noResolve: SyncHook<...>; resolve: ResolveStepHook; result: AsyncSeriesHook<...>; }'. Did you mean 'resolve'?
lib/RestrictionsPlugin.js(37,5): error TS2339: Property 'getHook' does not exist on type 'typeof import("/work/arjunguha-research-group/mhyee/TypeWeaver/data/tsc-out/top1k-typed-with-typed-deps-es6/baseline/enhanced-resolve/lib/Resolver")'.
lib/ResultPlugin.js(30,14): error TS2339: Property 'hooks' does not exist on type 'typeof import("/work/arjunguha-research-group/mhyee/TypeWeaver/data/tsc-out/top1k-typed-with-typed-deps-es6/baseline/enhanced-resolve/lib/Resolver")'.
lib/RootsPlugin.js(30,27): error TS2339: Property 'ensureHook' does not exist on type 'typeof import("/work/arjunguha-research-group/mhyee/TypeWeaver/data/tsc-out/top1k-typed-with-typed-deps-es6/baseline/enhanced-resolve/lib/Resolver")'.
lib/RootsPlugin.js(33,5): error TS2339: Property 'getHook' does not exist on type 'typeof import("/work/arjunguha-research-group/mhyee/TypeWeaver/data/tsc-out/top1k-typed-with-typed-deps-es6/baseline/enhanced-resolve/lib/Resolver")'.
lib/RootsPlugin.js(42,29): error TS2339: Property 'join' does not exist on type 'typeof import("/work/arjunguha-research-group/mhyee/TypeWeaver/data/tsc-out/top1k-typed-with-typed-deps-es6/baseline/enhanced-resolve/lib/Resolver")'.
lib/RootsPlugin.js(48,16): error TS2339: Property 'doResolve' does not exist on type 'typeof import("/work/arjunguha-research-group/mhyee/TypeWeaver/data/tsc-out/top1k-typed-with-typed-deps-es6/baseline/enhanced-resolve/lib/Resolver")'.
lib/SelfReferencePlugin.js(32,27): error TS2339: Property 'ensureHook' does not exist on type 'typeof import("/work/arjunguha-research-group/mhyee/TypeWeaver/data/tsc-out/top1k-typed-with-typed-deps-es6/baseline/enhanced-resolve/lib/Resolver")'.
lib/SelfReferencePlugin.js(34,5): error TS2339: Property 'getHook' does not exist on type 'typeof import("/work/arjunguha-research-group/mhyee/TypeWeaver/data/tsc-out/top1k-typed-with-typed-deps-es6/baseline/enhanced-resolve/lib/Resolver")'.
lib/SelfReferencePlugin.js(42,47): error TS2339: Property 'getField' does not exist on type 'typeof import("/work/arjunguha-research-group/mhyee/TypeWeaver/data/tsc-out/top1k-typed-with-typed-deps-es6/baseline/enhanced-resolve/lib/DescriptionFileUtils")'.
lib/SelfReferencePlugin.js(48,39): error TS2339: Property 'getField' does not exist on type 'typeof import("/work/arjunguha-research-group/mhyee/TypeWeaver/data/tsc-out/top1k-typed-with-typed-deps-es6/baseline/enhanced-resolve/lib/DescriptionFileUtils")'.
lib/SelfReferencePlugin.js(68,15): error TS2339: Property 'doResolve' does not exist on type 'typeof import("/work/arjunguha-research-group/mhyee/TypeWeaver/data/tsc-out/top1k-typed-with-typed-deps-es6/baseline/enhanced-resolve/lib/Resolver")'.
lib/SymlinkPlugin.js(10,10): error TS2305: Module '"./util/path"' has no exported member 'getType'.
lib/SymlinkPlugin.js(10,19): error TS2305: Module '"./util/path"' has no exported member 'PathType'.
lib/SymlinkPlugin.js(30,27): error TS2339: Property 'ensureHook' does not exist on type 'typeof import("/work/arjunguha-research-group/mhyee/TypeWeaver/data/tsc-out/top1k-typed-with-typed-deps-es6/baseline/enhanced-resolve/lib/Resolver")'.
lib/SymlinkPlugin.js(31,23): error TS2339: Property 'fileSystem' does not exist on type 'typeof import("/work/arjunguha-research-group/mhyee/TypeWeaver/data/tsc-out/top1k-typed-with-typed-deps-es6/baseline/enhanced-resolve/lib/Resolver")'.
lib/SymlinkPlugin.js(33,5): error TS2339: Property 'getHook' does not exist on type 'typeof import("/work/arjunguha-research-group/mhyee/TypeWeaver/data/tsc-out/top1k-typed-with-typed-deps-es6/baseline/enhanced-resolve/lib/Resolver")'.
lib/SymlinkPlugin.js(71,24): error TS2339: Property 'join' does not exist on type 'typeof import("/work/arjunguha-research-group/mhyee/TypeWeaver/data/tsc-out/top1k-typed-with-typed-deps-es6/baseline/enhanced-resolve/lib/Resolver")'.
lib/SymlinkPlugin.js(77,16): error TS2339: Property 'doResolve' does not exist on type 'typeof import("/work/arjunguha-research-group/mhyee/TypeWeaver/data/tsc-out/top1k-typed-with-typed-deps-es6/baseline/enhanced-resolve/lib/Resolver")'.
lib/SyncAsyncFileSystemDecorator.js(37,55): error TS2554: Expected 2 arguments, but got 1.
lib/SyncAsyncFileSystemDecorator.js(48,16): error TS2554: Expected 2 arguments, but got 1.
lib/SyncAsyncFileSystemDecorator.js(59,16): error TS2554: Expected 2 arguments, but got 1.
lib/SyncAsyncFileSystemDecorator.js(70,16): error TS2554: Expected 2 arguments, but got 1.
lib/TryNextPlugin.js(28,27): error TS2339: Property 'ensureHook' does not exist on type 'typeof import("/work/arjunguha-research-group/mhyee/TypeWeaver/data/tsc-out/top1k-typed-with-typed-deps-es6/baseline/enhanced-resolve/lib/Resolver")'.
lib/TryNextPlugin.js(30,5): error TS2339: Property 'getHook' does not exist on type 'typeof import("/work/arjunguha-research-group/mhyee/TypeWeaver/data/tsc-out/top1k-typed-with-typed-deps-es6/baseline/enhanced-resolve/lib/Resolver")'.
lib/TryNextPlugin.js(32,14): error TS2339: Property 'doResolve' does not exist on type 'typeof import("/work/arjunguha-research-group/mhyee/TypeWeaver/data/tsc-out/top1k-typed-with-typed-deps-es6/baseline/enhanced-resolve/lib/Resolver")'.
lib/UnsafeCachePlugin.js(45,27): error TS2339: Property 'ensureHook' does not exist on type 'typeof import("/work/arjunguha-research-group/mhyee/TypeWeaver/data/tsc-out/top1k-typed-with-typed-deps-es6/baseline/enhanced-resolve/lib/Resolver")'.
lib/UnsafeCachePlugin.js(47,5): error TS2339: Property 'getHook' does not exist on type 'typeof import("/work/arjunguha-research-group/mhyee/TypeWeaver/data/tsc-out/top1k-typed-with-typed-deps-es6/baseline/enhanced-resolve/lib/Resolver")'.
lib/UnsafeCachePlugin.js(80,14): error TS2339: Property 'doResolve' does not exist on type 'typeof import("/work/arjunguha-research-group/mhyee/TypeWeaver/data/tsc-out/top1k-typed-with-typed-deps-es6/baseline/enhanced-resolve/lib/Resolver")'.
lib/UseFilePlugin.js(28,27): error TS2339: Property 'ensureHook' does not exist on type 'typeof import("/work/arjunguha-research-group/mhyee/TypeWeaver/data/tsc-out/top1k-typed-with-typed-deps-es6/baseline/enhanced-resolve/lib/Resolver")'.
lib/UseFilePlugin.js(30,5): error TS2339: Property 'getHook' does not exist on type 'typeof import("/work/arjunguha-research-group/mhyee/TypeWeaver/data/tsc-out/top1k-typed-with-typed-deps-es6/baseline/enhanced-resolve/lib/Resolver")'.
lib/UseFilePlugin.js(32,31): error TS2339: Property 'join' does not exist on type 'typeof import("/work/arjunguha-research-group/mhyee/TypeWeaver/data/tsc-out/top1k-typed-with-typed-deps-es6/baseline/enhanced-resolve/lib/Resolver")'.
lib/UseFilePlugin.js(38,16): error TS2339: Property 'join' does not exist on type 'typeof import("/work/arjunguha-research-group/mhyee/TypeWeaver/data/tsc-out/top1k-typed-with-typed-deps-es6/baseline/enhanced-resolve/lib/Resolver")'.
lib/UseFilePlugin.js(40,14): error TS2339: Property 'doResolve' does not exist on type 'typeof import("/work/arjunguha-research-group/mhyee/TypeWeaver/data/tsc-out/top1k-typed-with-typed-deps-es6/baseline/enhanced-resolve/lib/Resolver")'.

