karma.conf.ts(1,33): error TS2314: Generic type 'Map<K, V>' requires 2 type argument(s).
src/binding.ts(7,21): error TS2307: Cannot find module 'pako/lib/zlib/zstream' or its corresponding type declarations.
src/binding.ts(8,26): error TS2307: Cannot find module 'pako/lib/zlib/deflate.js' or its corresponding type declarations.
src/binding.ts(9,26): error TS2307: Cannot find module 'pako/lib/zlib/inflate.js' or its corresponding type declarations.
src/binding.ts(10,23): error TS2307: Cannot find module 'pako/lib/zlib/constants' or its corresponding type declarations.
src/binding.ts(32,31): error TS2304: Cannot find name 'Void'.
src/binding.ts(74,111): error TS2314: Generic type 'Array<T>' requires 1 type argument(s).
src/binding.ts(78,115): error TS2314: Generic type 'Array<T>' requires 1 type argument(s).
src/binding.ts(82,155): error TS2314: Generic type 'Array<T>' requires 1 type argument(s).
src/binding.ts(106,5): error TS2740: Type 'Buffer' is missing the following properties from type 'Element': attributes, classList, className, clientHeight, and 160 more.
src/binding.ts(132,10): error TS2339: Property '_process' does not exist on type 'HTMLElement'.
src/binding.ts(133,10): error TS2551: Property '_after' does not exist on type 'HTMLElement'. Did you mean 'after'?
src/binding.ts(171,31): error TS2538: Type 'Number' cannot be used as an index type.
src/binding.ts(173,13): error TS2356: An arithmetic operand must be of type 'any', 'number', 'bigint' or an enum type.
src/binding.ts(190,31): error TS2538: Type 'Number' cannot be used as an index type.
src/binding.ts(302,116): error TS2314: Generic type 'Array<T>' requires 1 type argument(s).
src/index.ts(5,8): error TS1192: Module '"src/binding"' has no default export.
src/index.ts(34,14): error TS2314: Generic type 'Array<T>' requires 1 type argument(s).
src/index.ts(38,36): error TS2345: Argument of type 'String' is not assignable to parameter of type 'PropertyKey'.
src/index.ts(57,14): error TS2314: Generic type 'Array<T>' requires 1 type argument(s).
src/index.ts(60,15): error TS2538: Type 'String' cannot be used as an index type.
src/index.ts(76,10): error TS2350: Only a void function can be called with the 'new' keyword.
src/index.ts(80,10): error TS2350: Only a void function can be called with the 'new' keyword.
src/index.ts(84,10): error TS2350: Only a void function can be called with the 'new' keyword.
src/index.ts(88,10): error TS2350: Only a void function can be called with the 'new' keyword.
src/index.ts(92,10): error TS2350: Only a void function can be called with the 'new' keyword.
src/index.ts(96,10): error TS2350: Only a void function can be called with the 'new' keyword.
src/index.ts(100,10): error TS2350: Only a void function can be called with the 'new' keyword.
src/index.ts(109,5): error TS2740: Type '{}' is missing the following properties from type 'Function': apply, call, bind, prototype, and 6 more.
src/index.ts(111,21): error TS2350: Only a void function can be called with the 'new' keyword.
src/index.ts(111,33): error TS2345: Argument of type 'Function' is not assignable to parameter of type 'String'.
  Type 'Function' is missing the following properties from type 'String': charAt, charCodeAt, concat, indexOf, and 43 more.
src/index.ts(114,54): error TS2314: Generic type 'Array<T>' requires 1 type argument(s).
src/index.ts(115,25): error TS2350: Only a void function can be called with the 'new' keyword.
src/index.ts(121,5): error TS2740: Type '{}' is missing the following properties from type 'Function': apply, call, bind, prototype, and 6 more.
src/index.ts(123,21): error TS2350: Only a void function can be called with the 'new' keyword.
src/index.ts(123,30): error TS2345: Argument of type 'Function' is not assignable to parameter of type 'String'.
src/index.ts(126,51): error TS2314: Generic type 'Array<T>' requires 1 type argument(s).
src/index.ts(127,25): error TS2350: Only a void function can be called with the 'new' keyword.
src/index.ts(133,5): error TS2740: Type '{}' is missing the following properties from type 'Function': apply, call, bind, prototype, and 6 more.
src/index.ts(135,21): error TS2350: Only a void function can be called with the 'new' keyword.
src/index.ts(135,36): error TS2345: Argument of type 'Function' is not assignable to parameter of type 'String'.
src/index.ts(138,57): error TS2314: Generic type 'Array<T>' requires 1 type argument(s).
src/index.ts(139,25): error TS2350: Only a void function can be called with the 'new' keyword.
src/index.ts(145,5): error TS2740: Type '{}' is missing the following properties from type 'Function': apply, call, bind, prototype, and 6 more.
src/index.ts(147,21): error TS2350: Only a void function can be called with the 'new' keyword.
src/index.ts(147,31): error TS2345: Argument of type 'Function' is not assignable to parameter of type 'String'.
src/index.ts(150,52): error TS2314: Generic type 'Array<T>' requires 1 type argument(s).
src/index.ts(151,25): error TS2350: Only a void function can be called with the 'new' keyword.
src/index.ts(157,5): error TS2740: Type '{}' is missing the following properties from type 'Function': apply, call, bind, prototype, and 6 more.
src/index.ts(159,21): error TS2350: Only a void function can be called with the 'new' keyword.
src/index.ts(159,33): error TS2345: Argument of type 'Function' is not assignable to parameter of type 'String'.
src/index.ts(162,54): error TS2314: Generic type 'Array<T>' requires 1 type argument(s).
src/index.ts(163,25): error TS2350: Only a void function can be called with the 'new' keyword.
src/index.ts(169,5): error TS2740: Type '{}' is missing the following properties from type 'Function': apply, call, bind, prototype, and 6 more.
src/index.ts(171,21): error TS2350: Only a void function can be called with the 'new' keyword.
src/index.ts(171,32): error TS2345: Argument of type 'Function' is not assignable to parameter of type 'String'.
src/index.ts(174,53): error TS2314: Generic type 'Array<T>' requires 1 type argument(s).
src/index.ts(175,25): error TS2350: Only a void function can be called with the 'new' keyword.
src/index.ts(181,5): error TS2740: Type '{}' is missing the following properties from type 'Function': apply, call, bind, prototype, and 6 more.
src/index.ts(183,21): error TS2350: Only a void function can be called with the 'new' keyword.
src/index.ts(183,36): error TS2345: Argument of type 'Function' is not assignable to parameter of type 'String'.
src/index.ts(186,57): error TS2314: Generic type 'Array<T>' requires 1 type argument(s).
src/index.ts(187,25): error TS2350: Only a void function can be called with the 'new' keyword.
src/index.ts(190,79): error TS2304: Cannot find name 'Void'.
src/index.ts(191,16): error TS2314: Generic type 'Array<T>' requires 1 type argument(s).
src/index.ts(194,10): error TS2339: Property 'on' does not exist on type 'HTMLElement'.
src/index.ts(195,10): error TS2339: Property 'on' does not exist on type 'HTMLElement'.
src/index.ts(197,10): error TS2339: Property 'end' does not exist on type 'HTMLElement'.
src/index.ts(200,20): error TS2304: Cannot find name 'Void'.
src/index.ts(202,37): error TS2339: Property 'read' does not exist on type 'HTMLElement'.
src/index.ts(204,7): error TS2365: Operator '+=' cannot be applied to types 'Number' and 'number'.
src/index.ts(206,12): error TS2551: Property 'once' does not exist on type 'HTMLElement'. Did you mean 'nonce'?
src/index.ts(209,34): error TS2304: Cannot find name 'Void'.
src/index.ts(210,12): error TS2339: Property 'removeListener' does not exist on type 'HTMLElement'.
src/index.ts(211,12): error TS2339: Property 'removeListener' does not exist on type 'HTMLElement'.
src/index.ts(215,21): error TS2304: Cannot find name 'Void'.
src/index.ts(216,14): error TS2314: Generic type 'Array<T>' requires 1 type argument(s).
src/index.ts(220,28): error TS2769: No overload matches this call.
  Overload 1 of 2, '(message?: string): RangeError', gave the following error.
    Argument of type 'String' is not assignable to parameter of type 'string'.
      'string' is a primitive, but 'String' is a wrapper object. Prefer using 'string' when possible.
  Overload 2 of 2, '(message?: string): Error', gave the following error.
    Argument of type 'String' is not assignable to parameter of type 'string'.
      'string' is a primitive, but 'String' is a wrapper object. Prefer using 'string' when possible.
src/index.ts(222,36): error TS2345: Argument of type 'Number' is not assignable to parameter of type 'number'.
  'number' is a primitive, but 'Number' is a wrapper object. Prefer using 'number' when possible.
src/index.ts(226,12): error TS2339: Property 'close' does not exist on type 'HTMLElement'.
src/index.ts(231,54): error TS2314: Generic type 'Array<T>' requires 1 type argument(s).
src/index.ts(231,62): error TS2314: Generic type 'Array<T>' requires 1 type argument(s).
src/index.ts(238,36): error TS2339: Property '_finishFlushFlag' does not exist on type 'HTMLElement'.
src/index.ts(240,17): error TS2339: Property '_processChunk' does not exist on type 'HTMLElement'.
src/index.ts(246,42): error TS2350: Only a void function can be called with the 'new' keyword.
src/index.ts(251,42): error TS2350: Only a void function can be called with the 'new' keyword.
src/index.ts(258,39): error TS2350: Only a void function can be called with the 'new' keyword.
src/index.ts(263,41): error TS2350: Only a void function can be called with the 'new' keyword.
src/index.ts(270,45): error TS2350: Only a void function can be called with the 'new' keyword.
src/index.ts(275,45): error TS2350: Only a void function can be called with the 'new' keyword.
src/index.ts(282,40): error TS2350: Only a void function can be called with the 'new' keyword.
src/index.ts(300,49): error TS2304: Cannot find name 'Void'.
src/index.ts(301,16): error TS2322: Type 'HTMLElement | {}' is not assignable to type 'HTMLElement'.
  Type '{}' is missing the following properties from type 'HTMLElement': accessKey, accessKeyLabel, autocapitalize, dir, and 277 more.
src/index.ts(302,26): error TS2339: Property 'chunkSize' does not exist on type 'HTMLElement'.
src/index.ts(304,3): error TS2684: The 'this' context of type 'typeof Transform' is not assignable to method's 'this' of type 'Function'.
  Types of property 'once' are incompatible.
    Type '{ (emitter: _NodeEventTarget, eventName: string | symbol, options?: StaticEventEmitterOptions): Promise<any[]>; (emitter: _DOMEventTarget, eventName: string, options?: StaticEventEmitterOptions): Promise<...>; }' is not assignable to type '() => Function & FnProps<any>'.
src/index.ts(306,12): error TS2339: Property 'flush' does not exist on type 'HTMLElement'.
src/index.ts(306,44): error TS2339: Property 'flush' does not exist on type 'HTMLElement'.
src/index.ts(307,51): error TS2339: Property 'flush' does not exist on type 'HTMLElement'.
src/index.ts(309,12): error TS2339: Property 'finishFlush' does not exist on type 'HTMLElement'.
src/index.ts(309,50): error TS2339: Property 'finishFlush' does not exist on type 'HTMLElement'.
src/index.ts(310,51): error TS2339: Property 'finishFlush' does not exist on type 'HTMLElement'.
src/index.ts(313,26): error TS2339: Property 'flush' does not exist on type 'HTMLElement'.
src/index.ts(314,39): error TS2339: Property 'finishFlush' does not exist on type 'HTMLElement'.
src/index.ts(315,10): error TS2339: Property 'finishFlush' does not exist on type 'HTMLElement'.
src/index.ts(317,12): error TS2339: Property 'chunkSize' does not exist on type 'HTMLElement'.
src/index.ts(318,14): error TS2339: Property 'chunkSize' does not exist on type 'HTMLElement'.
src/index.ts(319,14): error TS2339: Property 'chunkSize' does not exist on type 'HTMLElement'.
src/index.ts(320,53): error TS2339: Property 'chunkSize' does not exist on type 'HTMLElement'.
src/index.ts(324,12): error TS2339: Property 'windowBits' does not exist on type 'HTMLElement'.
src/index.ts(325,14): error TS2339: Property 'windowBits' does not exist on type 'HTMLElement'.
src/index.ts(326,14): error TS2339: Property 'windowBits' does not exist on type 'HTMLElement'.
src/index.ts(327,53): error TS2339: Property 'windowBits' does not exist on type 'HTMLElement'.
src/index.ts(331,12): error TS2339: Property 'level' does not exist on type 'HTMLElement'.
src/index.ts(332,14): error TS2339: Property 'level' does not exist on type 'HTMLElement'.
src/index.ts(333,14): error TS2339: Property 'level' does not exist on type 'HTMLElement'.
src/index.ts(334,60): error TS2339: Property 'level' does not exist on type 'HTMLElement'.
src/index.ts(338,12): error TS2339: Property 'memLevel' does not exist on type 'HTMLElement'.
src/index.ts(339,14): error TS2339: Property 'memLevel' does not exist on type 'HTMLElement'.
src/index.ts(340,14): error TS2339: Property 'memLevel' does not exist on type 'HTMLElement'.
src/index.ts(341,51): error TS2339: Property 'memLevel' does not exist on type 'HTMLElement'.
src/index.ts(345,12): error TS2339: Property 'strategy' does not exist on type 'HTMLElement'.
src/index.ts(346,14): error TS2339: Property 'strategy' does not exist on type 'HTMLElement'.
src/index.ts(347,14): error TS2339: Property 'strategy' does not exist on type 'HTMLElement'.
src/index.ts(348,14): error TS2339: Property 'strategy' does not exist on type 'HTMLElement'.
src/index.ts(349,14): error TS2339: Property 'strategy' does not exist on type 'HTMLElement'.
src/index.ts(350,14): error TS2339: Property 'strategy' does not exist on type 'HTMLElement'.
src/index.ts(351,51): error TS2339: Property 'strategy' does not exist on type 'HTMLElement'.
src/index.ts(355,12): error TS2339: Property 'dictionary' does not exist on type 'HTMLElement'.
src/index.ts(356,31): error TS2339: Property 'dictionary' does not exist on type 'HTMLElement'.
src/index.ts(365,59): error TS2314: Generic type 'Array<T>' requires 1 type argument(s).
src/index.ts(368,5): error TS2554: Expected 2 arguments, but got 1.
src/index.ts(369,10): error TS2339: Property '_hadError' does not exist on type 'HTMLElement'.
src/index.ts(371,34): error TS2345: Argument of type 'String' is not assignable to parameter of type 'string'.
  'string' is a primitive, but 'String' is a wrapper object. Prefer using 'string' when possible.
src/index.ts(372,11): error TS2339: Property 'errno' does not exist on type 'Error'.
src/index.ts(373,11): error TS2339: Property 'code' does not exist on type 'Error'.
src/index.ts(374,10): error TS2339: Property 'emit' does not exist on type 'HTMLElement'.
src/index.ts(378,19): error TS2339: Property 'level' does not exist on type 'HTMLElement'.
src/index.ts(378,52): error TS2339: Property 'level' does not exist on type 'HTMLElement'.
src/index.ts(381,19): error TS2339: Property 'strategy' does not exist on type 'HTMLElement'.
src/index.ts(381,58): error TS2339: Property 'strategy' does not exist on type 'HTMLElement'.
src/index.ts(383,26): error TS2339: Property 'windowBits' does not exist on type 'HTMLElement'.
src/index.ts(385,26): error TS2339: Property 'memLevel' does not exist on type 'HTMLElement'.
src/index.ts(387,26): error TS2339: Property 'dictionary' does not exist on type 'HTMLElement'.
src/index.ts(421,19): error TS2339: Property '_handle' does not exist on type 'HTMLElement'.
src/index.ts(422,12): error TS2339: Property '_handle' does not exist on type 'HTMLElement'.
src/index.ts(423,17): error TS2339: Property '_hadError' does not exist on type 'HTMLElement'.
src/index.ts(424,14): error TS2339: Property '_level' does not exist on type 'HTMLElement'.
src/index.ts(425,14): error TS2339: Property '_strategy' does not exist on type 'HTMLElement'.
src/index.ts(453,10): error TS2339: Property 'ended' does not exist on type 'HTMLElement'.
src/index.ts(455,24): error TS2345: Argument of type 'String' is not assignable to parameter of type 'Function'.
  Type 'String' is missing the following properties from type 'Function': apply, call, bind, prototype, and 5 more.
src/index.ts(456,17): error TS2339: Property 'ending' does not exist on type 'HTMLElement'.
src/index.ts(459,17): error TS2339: Property 'needDrain' does not exist on type 'HTMLElement'.
src/index.ts(470,16): error TS2345: Argument of type 'Function' is not assignable to parameter of type 'Boolean'.
  The types returned by 'valueOf()' are incompatible between these types.
    Type 'Object' is not assignable to type 'boolean'.
src/index.ts(474,58): error TS2304: Cannot find name 'Void'.
src/index.ts(476,22): error TS2345: Argument of type 'Boolean' is not assignable to parameter of type 'Function'.
  Type 'Boolean' is missing the following properties from type 'Function': apply, call, bind, prototype, and 6 more.
src/index.ts(479,15): error TS2339: Property '_handle' does not exist on type 'HTMLElement'.
src/index.ts(482,10): error TS2339: Property '_handle' does not exist on type 'HTMLElement'.
src/index.ts(483,10): error TS2339: Property '_handle' does not exist on type 'HTMLElement'.
src/index.ts(486,37): error TS2304: Cannot find name 'Void'.
src/index.ts(487,8): error TS2339: Property 'emit' does not exist on type 'Object'.
src/index.ts(490,45): error TS2314: Generic type 'Array<T>' requires 1 type argument(s).
src/index.ts(492,11): error TS2314: Generic type 'Array<T>' requires 1 type argument(s).
src/index.ts(521,48): error TS2314: Generic type 'Array<T>' requires 1 type argument(s).
src/index.ts(531,18): error TS2314: Generic type 'Array<T>' requires 1 type argument(s).
src/index.ts(555,7): error TS2554: Expected 2 arguments, but got 1.
src/index.ts(556,28): error TS2769: No overload matches this call.
  Overload 1 of 2, '(message?: string): RangeError', gave the following error.
    Argument of type 'String' is not assignable to parameter of type 'string'.
      'string' is a primitive, but 'String' is a wrapper object. Prefer using 'string' when possible.
  Overload 2 of 2, '(message?: string): Error', gave the following error.
    Argument of type 'String' is not assignable to parameter of type 'string'.
      'string' is a primitive, but 'String' is a wrapper object. Prefer using 'string' when possible.
src/index.ts(559,14): error TS2314: Generic type 'Array<T>' requires 1 type argument(s).
src/index.ts(559,45): error TS2345: Argument of type 'Number' is not assignable to parameter of type 'number'.
  'number' is a primitive, but 'Number' is a wrapper object. Prefer using 'number' when possible.
src/index.ts(560,5): error TS2554: Expected 2 arguments, but got 1.
src/index.ts(574,7): error TS2339: Property 'buffer' does not exist on type 'Object'.
src/index.ts(575,7): error TS2339: Property 'callback' does not exist on type 'Object'.
src/index.ts(588,14): error TS2339: Property '_hadError' does not exist on type 'HTMLElement'.
src/index.ts(591,24): error TS2362: The left-hand side of an arithmetic operation must be of type 'any', 'number', 'bigint' or an enum type.
src/index.ts(591,41): error TS2363: The right-hand side of an arithmetic operation must be of type 'any', 'number', 'bigint' or an enum type.
src/index.ts(595,16): error TS2314: Generic type 'Array<T>' requires 1 type argument(s).
src/index.ts(595,29): error TS2339: Property '_buffer' does not exist on type 'HTMLElement'.
src/index.ts(595,48): error TS2339: Property '_offset' does not exist on type 'HTMLElement'.
src/index.ts(595,62): error TS2339: Property '_offset' does not exist on type 'HTMLElement'.
src/index.ts(596,12): error TS2339: Property '_offset' does not exist on type 'HTMLElement'.
src/index.ts(599,14): error TS2339: Property 'push' does not exist on type 'HTMLElement'.
src/index.ts(607,37): error TS2339: Property '_offset' does not exist on type 'HTMLElement'.
src/index.ts(607,53): error TS2339: Property '_chunkSize' does not exist on type 'HTMLElement'.
src/index.ts(608,29): error TS2339: Property '_chunkSize' does not exist on type 'HTMLElement'.
src/index.ts(609,12): error TS2339: Property '_offset' does not exist on type 'HTMLElement'.
src/index.ts(610,12): error TS2339: Property '_buffer' does not exist on type 'HTMLElement'.
src/index.ts(610,46): error TS2339: Property '_chunkSize' does not exist on type 'HTMLElement'.
src/index.ts(618,7): error TS2365: Operator '+=' cannot be applied to types 'Number' and 'number'.
src/index.ts(618,17): error TS2362: The left-hand side of an arithmetic operation must be of type 'any', 'number', 'bigint' or an enum type.
src/index.ts(618,33): error TS2363: The right-hand side of an arithmetic operation must be of type 'any', 'number', 'bigint' or an enum type.
src/index.ts(624,33): error TS2339: Property '_handle' does not exist on type 'HTMLElement'.
src/index.ts(628,44): error TS2339: Property '_buffer' does not exist on type 'HTMLElement'.
src/index.ts(629,44): error TS2339: Property '_offset' does not exist on type 'HTMLElement'.
src/index.ts(630,44): error TS2339: Property '_chunkSize' does not exist on type 'HTMLElement'.
src/index.ts(631,14): error TS2339: Property 'callback' does not exist on type 'Object'.
src/index.ts(632,14): error TS2339: Property 'buffer' does not exist on type 'Object'.

