implementation.ts(3,36): error TS2307: Cannot find module 'es-abstract/2021/RequireObjectCoercible' or its corresponding type declarations.
implementation.ts(8,45): error TS2314: Generic type 'Array<T>' requires 1 type argument(s).
implementation.ts(10,14): error TS2314: Generic type 'Array<T>' requires 1 type argument(s).
implementation.ts(13,24): error TS7053: Element implicitly has an 'any' type because expression of type 'string' can't be used to index type 'Object'.
  No index signature with a parameter of type 'string' was found on type 'Object'.
index.ts(9,35): error TS2769: No overload matches this call.
  Overload 1 of 3, '(target: (this: ObjectConstructor, ...args: readonly unknown[]) => unknown, thisArg: ObjectConstructor): (...args: readonly unknown[]) => unknown', gave the following error.
    Argument of type 'Object' is not assignable to parameter of type '(this: ObjectConstructor, ...args: readonly unknown[]) => unknown'.
      The 'Object' type is assignable to very few other types. Did you mean to use the 'any' type instead?
        Type 'Object' provides no match for the signature '(this: ObjectConstructor, ...args: readonly unknown[]): unknown'.
  Overload 2 of 3, '(originalFunction: (this: ObjectConstructor, ...args: readonly unknown[]) => unknown, thisArg: ObjectConstructor): (...args: readonly unknown[]) => unknown', gave the following error.
    Argument of type 'Object' is not assignable to parameter of type '(this: ObjectConstructor, ...args: readonly unknown[]) => unknown'.
      The 'Object' type is assignable to very few other types. Did you mean to use the 'any' type instead?
        Type 'Object' provides no match for the signature '(this: ObjectConstructor, ...args: readonly unknown[]): unknown'.
shim.ts(7,6): error TS2696: The 'Object' type is assignable to very few other types. Did you mean to use the 'any' type instead?
  Type 'Object' is missing the following properties from type 'String': charAt, charCodeAt, concat, indexOf, and 43 more.
shim.ts(9,3): error TS2322: Type '() => Boolean' is not assignable to type '() => boolean'.
  Type 'Boolean' is not assignable to type 'boolean'.
    'boolean' is a primitive, but 'Boolean' is a wrapper object. Prefer using 'boolean' when possible.
shim.ts(10,11): error TS2367: This condition will always return 'true' since the types '{ <T>(o: { [s: string]: T; } | ArrayLike<T>): [string, T][]; (o: {}): [string, any][]; }' and 'String' have no overlap.
shim.ts(13,2): error TS2322: Type 'String' is not assignable to type 'Boolean'.
  The types returned by 'valueOf()' are incompatible between these types.
    Type 'string' is not assignable to type 'boolean'.
../../../../node_modules/@types/get-intrinsic/internal/intrinsics.d.ts(11,25): error TS2304: Cannot find name 'AggregateErrorConstructor'.
../../../../node_modules/@types/get-intrinsic/internal/intrinsics.d.ts(126,42): error TS2304: Cannot find name 'AggregateError'.
../../../../node_modules/@types/get-intrinsic/internal/intrinsics.d.ts(127,47): error TS2304: Cannot find name 'AggregateError'.
../../../../node_modules/@types/get-intrinsic/internal/intrinsics.d.ts(128,50): error TS2304: Cannot find name 'AggregateError'.
../../../../node_modules/@types/get-intrinsic/internal/intrinsics.d.ts(418,37): error TS2550: Property 'any' does not exist on type 'PromiseConstructor'. Do you need to change your target library? Try changing the 'lib' compiler option to 'es2021' or later.
../../../../node_modules/@types/get-intrinsic/internal/intrinsics.d.ts(514,62): error TS2550: Property 'replaceAll' does not exist on type 'String'. Do you need to change your target library? Try changing the 'lib' compiler option to 'es2021' or later.

