configure/request-next.ts(3,18): error TS2307: Cannot find module '../' or its corresponding type declarations.
configure/request-next.ts(14,29): error TS2769: No overload matches this call.
  Overload 1 of 2, '(message?: string | undefined): TypeError', gave the following error.
    Argument of type 'String' is not assignable to parameter of type 'string'.
      'string' is a primitive, but 'String' is a wrapper object. Prefer using 'string' when possible.
  Overload 2 of 2, '(message?: string | undefined): Error', gave the following error.
    Argument of type 'String' is not assignable to parameter of type 'string'.
      'string' is a primitive, but 'String' is a wrapper object. Prefer using 'string' when possible.
configure/request-next.ts(17,29): error TS2339: Property 'client' does not exist on type 'Object'.
configure/request-next.ts(21,26): error TS2339: Property 'expose' does not exist on type 'Object'.
configure/request-next.ts(21,45): error TS2339: Property 'expose' does not exist on type 'Object'.
configure/request-next.ts(26,34): error TS2339: Property 'expose' does not exist on type 'Object'.
configure/request-next.ts(27,21): error TS2339: Property 'expose' does not exist on type 'Object'.
configure/request-next.ts(38,30): error TS2339: Property 'PromiseImpl' does not exist on type 'Object'.
configure/request-next.ts(39,35): error TS2339: Property 'constructorMixin' does not exist on type 'Object'.
configure/request-next.ts(44,13): error TS2740: Type '{}' is missing the following properties from type 'Function': apply, call, bind, prototype, and 6 more.
configure/request-next.ts(46,18): error TS2339: Property 'init' does not exist on type 'Object'.
configure/request-next.ts(48,22): error TS2314: Generic type 'Array<T>' requires 1 type argument(s).
configure/request-next.ts(48,38): error TS2339: Property 'client' does not exist on type 'Object'.
configure/request-next.ts(50,38): error TS2339: Property 'expose' does not exist on type 'Object'.
configure/request-next.ts(52,42): error TS2339: Property 'expose' does not exist on type 'Object'.
configure/request-next.ts(54,13): error TS7053: Element implicitly has an 'any' type because expression of type '"exposePromise" | "exposePromiseMethod"' can't be used to index type 'Object'.
  Property 'exposePromise' does not exist on type 'Object'.
configure/request2.ts(3,18): error TS2307: Cannot find module '../' or its corresponding type declarations.
configure/request2.ts(14,29): error TS2769: No overload matches this call.
  Overload 1 of 2, '(message?: string | undefined): TypeError', gave the following error.
    Argument of type 'String' is not assignable to parameter of type 'string'.
      'string' is a primitive, but 'String' is a wrapper object. Prefer using 'string' when possible.
  Overload 2 of 2, '(message?: string | undefined): Error', gave the following error.
    Argument of type 'String' is not assignable to parameter of type 'string'.
      'string' is a primitive, but 'String' is a wrapper object. Prefer using 'string' when possible.
configure/request2.ts(17,29): error TS2339: Property 'request' does not exist on type 'Object'.
configure/request2.ts(21,26): error TS2339: Property 'expose' does not exist on type 'Object'.
configure/request2.ts(21,45): error TS2339: Property 'expose' does not exist on type 'Object'.
configure/request2.ts(27,30): error TS2339: Property 'PromiseImpl' does not exist on type 'Object'.
configure/request2.ts(28,35): error TS2339: Property 'constructorMixin' does not exist on type 'Object'.
configure/request2.ts(34,42): error TS2339: Property 'request' does not exist on type 'Object'.
configure/request2.ts(36,13): error TS2339: Property 'request' does not exist on type 'Object'.
configure/request2.ts(36,99): error TS2314: Generic type 'Promise<T>' requires 1 type argument(s).
configure/request2.ts(41,22): error TS2339: Property 'init' does not exist on type 'Object'.
configure/request2.ts(53,34): error TS2339: Property 'expose' does not exist on type 'Object'.
configure/request2.ts(55,38): error TS2339: Property 'expose' does not exist on type 'Object'.
configure/request2.ts(57,9): error TS7053: Element implicitly has an 'any' type because expression of type '"exposePromise" | "exposePromiseMethod"' can't be used to index type 'Object'.
  Property 'exposePromise' does not exist on type 'Object'.
configure/request2.ts(58,21): error TS2339: Property 'request' does not exist on type 'Object'.
gulpfile.ts(3,18): error TS2307: Cannot find module 'gulp' or its corresponding type declarations.
gulpfile.ts(4,25): error TS2307: Cannot find module 'run-sequence' or its corresponding type declarations.
gulpfile.ts(5,22): error TS2307: Cannot find module 'gulp-istanbul' or its corresponding type declarations.
gulpfile.ts(6,19): error TS2307: Cannot find module 'gulp-mocha' or its corresponding type declarations.
gulpfile.ts(7,19): error TS2307: Cannot find module 'chalk' or its corresponding type declarations.
gulpfile.ts(9,23): error TS2307: Cannot find module 'gulp-coveralls' or its corresponding type declarations.
gulpfile.ts(10,20): error TS2307: Cannot find module 'gulp-eslint' or its corresponding type declarations.
gulpfile.ts(12,18): error TS2307: Cannot find module 'chai' or its corresponding type declarations.
gulpfile.ts(13,8): error TS7017: Element implicitly has an 'any' type because type 'typeof globalThis' has no index signature.
gulpfile.ts(30,15): error TS2339: Property 'libJsFiles' does not exist on type 'Object'.
gulpfile.ts(31,15): error TS2339: Property 'specFiles' does not exist on type 'Object'.
gulpfile.ts(32,15): error TS2339: Property 'fixtureFiles' does not exist on type 'Object'.
gulpfile.ts(33,15): error TS2339: Property 'gulpfile' does not exist on type 'Object'.
gulpfile.ts(39,15): error TS2339: Property 'eslintrc' does not exist on type 'Object'.
gulpfile.ts(53,15): error TS2339: Property 'libJsFiles' does not exist on type 'Object'.
gulpfile.ts(54,15): error TS2339: Property 'gulpfile' does not exist on type 'Object'.
gulpfile.ts(55,15): error TS2339: Property 'specFiles' does not exist on type 'Object'.
gulpfile.ts(56,15): error TS2339: Property 'fixtureFiles' does not exist on type 'Object'.
gulpfile.ts(57,15): error TS2339: Property 'gulpfile' does not exist on type 'Object'.
gulpfile.ts(69,20): error TS2339: Property 'libJsFiles' does not exist on type 'Object'.
gulpfile.ts(76,28): error TS2339: Property 'specFiles' does not exist on type 'Object'.
gulpfile.ts(95,27): error TS2339: Property 'specFiles' does not exist on type 'Object'.
gulpfile.ts(106,26): error TS2345: Argument of type 'Number' is not assignable to parameter of type '(error: Error | null | undefined) => void'.
  Type 'Number' provides no match for the signature '(error: Error | null | undefined): void'.
lib/errors.ts(4,76): error TS2304: Cannot find name 'Void'.
lib/errors.ts(6,5): error TS2683: 'this' implicitly has type 'any' because it does not have a type annotation.
lib/errors.ts(7,5): error TS2683: 'this' implicitly has type 'any' because it does not have a type annotation.
lib/errors.ts(8,5): error TS2683: 'this' implicitly has type 'any' because it does not have a type annotation.
lib/errors.ts(9,5): error TS2683: 'this' implicitly has type 'any' because it does not have a type annotation.
lib/errors.ts(10,5): error TS2683: 'this' implicitly has type 'any' because it does not have a type annotation.
lib/errors.ts(11,5): error TS2683: 'this' implicitly has type 'any' because it does not have a type annotation.
lib/errors.ts(14,33): error TS2683: 'this' implicitly has type 'any' because it does not have a type annotation.
lib/errors.ts(22,96): error TS2304: Cannot find name 'Void'.
lib/errors.ts(24,5): error TS2683: 'this' implicitly has type 'any' because it does not have a type annotation.
lib/errors.ts(25,5): error TS2683: 'this' implicitly has type 'any' because it does not have a type annotation.
lib/errors.ts(26,5): error TS2683: 'this' implicitly has type 'any' because it does not have a type annotation.
lib/errors.ts(27,5): error TS2683: 'this' implicitly has type 'any' because it does not have a type annotation.
lib/errors.ts(28,5): error TS2683: 'this' implicitly has type 'any' because it does not have a type annotation.
lib/errors.ts(29,5): error TS2683: 'this' implicitly has type 'any' because it does not have a type annotation.
lib/errors.ts(32,33): error TS2683: 'this' implicitly has type 'any' because it does not have a type annotation.
lib/errors.ts(40,78): error TS2304: Cannot find name 'Void'.
lib/errors.ts(42,5): error TS2683: 'this' implicitly has type 'any' because it does not have a type annotation.
lib/errors.ts(43,5): error TS2683: 'this' implicitly has type 'any' because it does not have a type annotation.
lib/errors.ts(44,5): error TS2683: 'this' implicitly has type 'any' because it does not have a type annotation.
lib/errors.ts(45,5): error TS2683: 'this' implicitly has type 'any' because it does not have a type annotation.
lib/errors.ts(46,5): error TS2683: 'this' implicitly has type 'any' because it does not have a type annotation.
lib/errors.ts(47,5): error TS2683: 'this' implicitly has type 'any' because it does not have a type annotation.
lib/errors.ts(50,33): error TS2683: 'this' implicitly has type 'any' because it does not have a type annotation.
lib/plumbing.ts(15,29): error TS2769: No overload matches this call.
  Overload 1 of 2, '(message?: string | undefined): TypeError', gave the following error.
    Argument of type 'String' is not assignable to parameter of type 'string'.
      'string' is a primitive, but 'String' is a wrapper object. Prefer using 'string' when possible.
  Overload 2 of 2, '(message?: string | undefined): Error', gave the following error.
    Argument of type 'String' is not assignable to parameter of type 'string'.
      'string' is a primitive, but 'String' is a wrapper object. Prefer using 'string' when possible.
lib/plumbing.ts(18,29): error TS2339: Property 'PromiseImpl' does not exist on type 'Object'.
lib/plumbing.ts(22,30): error TS2339: Property 'constructorMixin' does not exist on type 'Object'.
lib/plumbing.ts(22,71): error TS2339: Property 'constructorMixin' does not exist on type 'Object'.
lib/plumbing.ts(26,39): error TS2339: Property 'PromiseImpl' does not exist on type 'Object'.
lib/plumbing.ts(27,46): error TS2339: Property 'constructorMixin' does not exist on type 'Object'.
lib/plumbing.ts(30,9): error TS2740: Type '{}' is missing the following properties from type 'HTMLElement': accessKey, accessKeyLabel, autocapitalize, dir, and 277 more.
lib/plumbing.ts(32,14): error TS2339: Property 'init' does not exist on type 'HTMLElement'.
lib/plumbing.ts(32,47): error TS2304: Cannot find name 'ChildProcess'.
lib/plumbing.ts(36,14): error TS2339: Property '_rp_promise' does not exist on type 'HTMLElement'.
lib/plumbing.ts(36,32): error TS2351: This expression is not constructable.
  Type 'Object' has no construct signatures.
lib/plumbing.ts(36,81): error TS2314: Generic type 'Array<T>' requires 1 type argument(s).
lib/plumbing.ts(37,18): error TS2339: Property '_rp_resolve' does not exist on type 'HTMLElement'.
lib/plumbing.ts(38,18): error TS2339: Property '_rp_reject' does not exist on type 'HTMLElement'.
lib/plumbing.ts(44,14): error TS2339: Property '_rp_callbackOrig' does not exist on type 'HTMLElement'.
lib/plumbing.ts(45,40): error TS2339: Property 'callback' does not exist on type 'HTMLElement'.
lib/plumbing.ts(45,120): error TS2304: Cannot find name 'Void'.
lib/plumbing.ts(46,22): error TS2339: Property 'callback' does not exist on type 'HTMLElement'.
lib/plumbing.ts(53,73): error TS2339: Property 'defaultTransformations' does not exist on type 'HTMLElement'.
lib/plumbing.ts(55,14): error TS2339: Property '_rp_options' does not exist on type 'HTMLElement'.
lib/plumbing.ts(56,14): error TS2339: Property '_rp_options' does not exist on type 'HTMLElement'.
lib/plumbing.ts(57,14): error TS2339: Property '_rp_options' does not exist on type 'HTMLElement'.
lib/plumbing.ts(58,14): error TS2339: Property '_rp_options' does not exist on type 'HTMLElement'.
lib/plumbing.ts(62,14): error TS2339: Property 'defaultTransformations' does not exist on type 'HTMLElement'.
lib/plumbing.ts(63,51): error TS2304: Cannot find name 'ChildProcess'.
lib/plumbing.ts(68,14): error TS2339: Property 'callback' does not exist on type 'HTMLElement'.
lib/plumbing.ts(72,75): error TS2314: Generic type 'Array<T>' requires 1 type argument(s).
lib/plumbing.ts(74,29): error TS2339: Property '_rp_callbackOrig' does not exist on type 'HTMLElement'.
lib/plumbing.ts(76,22): error TS2339: Property '_rp_callbackOrig' does not exist on type 'HTMLElement'.
lib/plumbing.ts(83,62): error TS2339: Property 'statusCode' does not exist on type 'HTMLElement'.
lib/plumbing.ts(87,18): error TS2339: Property '_rp_reject' does not exist on type 'HTMLElement'.
lib/plumbing.ts(87,29): error TS7009: 'new' expression, whose target lacks a construct signature, implicitly has an 'any' type.
lib/plumbing.ts(87,53): error TS2345: Argument of type 'Boolean' is not assignable to parameter of type 'Function'.
  Type 'Boolean' is missing the following properties from type 'Function': apply, call, bind, prototype, and 6 more.
lib/plumbing.ts(87,63): error TS2339: Property '_rp_options' does not exist on type 'HTMLElement'.
lib/plumbing.ts(89,25): error TS2339: Property '_rp_options' does not exist on type 'HTMLElement'.
lib/plumbing.ts(91,33): error TS2339: Property '_rp_options' does not exist on type 'HTMLElement'.
lib/plumbing.ts(91,64): error TS2339: Property '_rp_options' does not exist on type 'HTMLElement'.
lib/plumbing.ts(93,22): error TS2351: This expression is not constructable.
  Type 'Object' has no construct signatures.
lib/plumbing.ts(94,34): error TS2339: Property '_rp_options' does not exist on type 'HTMLElement'.
lib/plumbing.ts(94,77): error TS2339: Property '_rp_options' does not exist on type 'HTMLElement'.
lib/plumbing.ts(97,30): error TS2339: Property '_rp_reject' does not exist on type 'HTMLElement'.
lib/plumbing.ts(97,41): error TS7009: 'new' expression, whose target lacks a construct signature, implicitly has an 'any' type.
lib/plumbing.ts(97,77): error TS2339: Property 'statusCode' does not exist on type 'HTMLElement'.
lib/plumbing.ts(97,89): error TS2345: Argument of type 'Function' is not assignable to parameter of type 'String'.
lib/plumbing.ts(97,100): error TS2339: Property '_rp_options' does not exist on type 'HTMLElement'.
lib/plumbing.ts(100,30): error TS2339: Property '_rp_reject' does not exist on type 'HTMLElement'.
lib/plumbing.ts(100,41): error TS7009: 'new' expression, whose target lacks a construct signature, implicitly has an 'any' type.
lib/plumbing.ts(100,67): error TS2345: Argument of type 'Boolean' is not assignable to parameter of type 'Function'.
lib/plumbing.ts(100,86): error TS2339: Property '_rp_options' does not exist on type 'HTMLElement'.
lib/plumbing.ts(104,22): error TS2339: Property '_rp_reject' does not exist on type 'HTMLElement'.
lib/plumbing.ts(104,33): error TS7009: 'new' expression, whose target lacks a construct signature, implicitly has an 'any' type.
lib/plumbing.ts(104,69): error TS2339: Property 'statusCode' does not exist on type 'HTMLElement'.
lib/plumbing.ts(104,81): error TS2345: Argument of type 'Function' is not assignable to parameter of type 'String'.
  Type 'Function' is missing the following properties from type 'String': charAt, charCodeAt, concat, indexOf, and 43 more.
lib/plumbing.ts(104,92): error TS2339: Property '_rp_options' does not exist on type 'HTMLElement'.
lib/plumbing.ts(109,33): error TS2339: Property '_rp_options' does not exist on type 'HTMLElement'.
lib/plumbing.ts(109,74): error TS2339: Property '_rp_options' does not exist on type 'HTMLElement'.
lib/plumbing.ts(111,22): error TS2351: This expression is not constructable.
  Type 'Object' has no construct signatures.
lib/plumbing.ts(112,34): error TS2339: Property '_rp_options' does not exist on type 'HTMLElement'.
lib/plumbing.ts(112,77): error TS2339: Property '_rp_options' does not exist on type 'HTMLElement'.
lib/plumbing.ts(115,30): error TS2339: Property '_rp_resolve' does not exist on type 'HTMLElement'.
lib/plumbing.ts(118,30): error TS2339: Property '_rp_reject' does not exist on type 'HTMLElement'.
lib/plumbing.ts(118,41): error TS7009: 'new' expression, whose target lacks a construct signature, implicitly has an 'any' type.
lib/plumbing.ts(118,67): error TS2345: Argument of type 'Boolean' is not assignable to parameter of type 'Function'.
lib/plumbing.ts(118,86): error TS2339: Property '_rp_options' does not exist on type 'HTMLElement'.
lib/plumbing.ts(121,29): error TS2339: Property '_rp_options' does not exist on type 'HTMLElement'.
lib/plumbing.ts(122,22): error TS2339: Property '_rp_resolve' does not exist on type 'HTMLElement'.
lib/plumbing.ts(124,22): error TS2339: Property '_rp_resolve' does not exist on type 'HTMLElement'.
lib/plumbing.ts(135,14): error TS2339: Property 'exposePromiseMethod' does not exist on type 'HTMLElement'.
lib/plumbing.ts(135,72): error TS2314: Generic type 'Array<T>' requires 1 type argument(s).
lib/plumbing.ts(139,13): error TS2360: The left-hand side of an 'in' expression must be a private identifier or of type 'any', 'string', 'number', or 'symbol'.
lib/plumbing.ts(143,18): error TS2538: Type 'String' cannot be used as an index type.
lib/plumbing.ts(143,53): error TS2314: Generic type 'Promise<T>' requires 1 type argument(s).
lib/plumbing.ts(145,25): error TS2538: Type 'String' cannot be used as an index type.
lib/plumbing.ts(145,72): error TS2538: Type 'String' cannot be used as an index type.
lib/plumbing.ts(150,14): error TS2339: Property 'exposePromise' does not exist on type 'HTMLElement'.
lib/plumbing.ts(150,66): error TS2314: Generic type 'Array<T>' requires 1 type argument(s).
lib/plumbing.ts(154,13): error TS2360: The left-hand side of an 'in' expression must be a private identifier or of type 'any', 'string', 'number', or 'symbol'.
lib/plumbing.ts(158,18): error TS2538: Type 'String' cannot be used as an index type.
lib/plumbing.ts(160,25): error TS2538: Type 'String' cannot be used as an index type.

