gulpfile.ts(3,18): error TS2307: Cannot find module 'gulp' or its corresponding type declarations.
gulpfile.ts(4,19): error TS2307: Cannot find module 'gulp-mocha' or its corresponding type declarations.
gulpfile.ts(5,22): error TS2307: Cannot find module 'gulp-istanbul' or its corresponding type declarations.
gulpfile.ts(6,20): error TS2307: Cannot find module 'gulp-eslint' or its corresponding type declarations.
index.ts(20,7): error TS2339: Property 'isNode' does not exist on type 'HTMLElement'.
index.ts(21,44): error TS2339: Property 'isNode' does not exist on type 'Object'.
index.ts(36,7): error TS2339: Property 'noop' does not exist on type 'HTMLElement'.
index.ts(54,7): error TS2339: Property 'value' does not exist on type 'HTMLElement'.
index.ts(55,19): error TS2339: Property 'value' does not exist on type 'Object'.
index.ts(56,17): error TS2339: Property 'value' does not exist on type 'Object'.
index.ts(58,15): error TS2339: Property 'val' does not exist on type 'Object'.
index.ts(72,7): error TS2339: Property 'identity' does not exist on type 'HTMLElement'.
index.ts(73,22): error TS2339: Property 'value' does not exist on type 'HTMLElement'.
index.ts(95,16): error TS2322: Type '(value: Number) => (node: Object) => void' is not assignable to type '(...nodes: (string | Node)[]) => void'.
  Types of parameters 'value' and 'nodes' are incompatible.
    Type 'string | Node' is not assignable to type 'Number'.
      Type 'string' is not assignable to type 'Number'.
index.ts(97,18): error TS2345: Argument of type 'Number' is not assignable to parameter of type 'String'.
  Type 'Number' is missing the following properties from type 'String': charAt, charCodeAt, concat, indexOf, and 44 more.
index.ts(118,7): error TS2339: Property 'toNoop' does not exist on type 'HTMLElement'.
index.ts(120,10): error TS2339: Property 'nodes' does not exist on type 'HTMLElement'.
index.ts(122,17): error TS2339: Property 'nodes' does not exist on type 'HTMLElement'.
index.ts(123,10): error TS2339: Property 'type' does not exist on type 'HTMLElement'.
index.ts(124,10): error TS2339: Property 'value' does not exist on type 'HTMLElement'.
index.ts(147,7): error TS2339: Property 'visit' does not exist on type 'HTMLElement'.
index.ts(147,30): error TS2314: Generic type 'Array<T>' requires 1 type argument(s).
index.ts(148,10): error TS2345: Argument of type 'Boolean' is not assignable to parameter of type 'Number'.
  Type 'Boolean' is missing the following properties from type 'Number': toFixed, toExponential, toPrecision
index.ts(148,21): error TS2345: Argument of type 'Function' is not assignable to parameter of type 'String'.
  Type 'Function' is missing the following properties from type 'String': charAt, charCodeAt, concat, indexOf, and 43 more.
index.ts(149,3): error TS2554: Expected 3 arguments, but got 2.
index.ts(151,29): error TS2339: Property 'mapVisit' does not exist on type 'HTMLElement'.
index.ts(174,7): error TS2339: Property 'mapVisit' does not exist on type 'HTMLElement'.
index.ts(174,33): error TS2314: Generic type 'Array<T>' requires 1 type argument(s).
index.ts(175,10): error TS2345: Argument of type 'Boolean' is not assignable to parameter of type 'Number'.
index.ts(176,3): error TS2554: Expected 3 arguments, but got 2.
index.ts(177,10): error TS2345: Argument of type 'Boolean' is not assignable to parameter of type 'Number'.
index.ts(180,11): error TS2339: Property 'visit' does not exist on type 'HTMLElement'.
index.ts(213,7): error TS2339: Property 'addOpen' does not exist on type 'HTMLElement'.
index.ts(213,32): error TS2314: Generic type 'Map<K, V>' requires 2 type argument(s).
index.ts(214,3): error TS2554: Expected 3 arguments, but got 2.
index.ts(215,10): error TS2345: Argument of type 'Boolean' is not assignable to parameter of type 'Number'.
index.ts(215,21): error TS2345: Argument of type 'Object' is not assignable to parameter of type 'String'.
  The 'Object' type is assignable to very few other types. Did you mean to use the 'any' type instead?
    Type 'Object' is missing the following properties from type 'String': charAt, charCodeAt, concat, indexOf, and 44 more.
index.ts(219,5): error TS2322: Type 'string' is not assignable to type 'Function'.
index.ts(223,26): error TS2351: This expression is not constructable.
  Type 'Object' has no construct signatures.
index.ts(228,11): error TS2339: Property 'unshiftNode' does not exist on type 'HTMLElement'.
index.ts(263,7): error TS2339: Property 'addClose' does not exist on type 'HTMLElement'.
index.ts(264,10): error TS2345: Argument of type 'Boolean' is not assignable to parameter of type 'Number'.
index.ts(264,21): error TS2345: Argument of type 'Object' is not assignable to parameter of type 'String'.
  The 'Object' type is assignable to very few other types. Did you mean to use the 'any' type instead?
index.ts(269,5): error TS2322: Type 'string' is not assignable to type 'Function'.
index.ts(273,27): error TS2351: This expression is not constructable.
  Type 'Object' has no construct signatures.
index.ts(273,45): error TS2339: Property 'type' does not exist on type 'Object'.
index.ts(274,29): error TS2339: Property 'push' does not exist on type 'Object'.
index.ts(274,42): error TS2339: Property 'pushNode' does not exist on type 'Object'.
index.ts(278,11): error TS2339: Property 'pushNode' does not exist on type 'HTMLElement'.
index.ts(293,7): error TS2339: Property 'wrapNodes' does not exist on type 'HTMLElement'.
index.ts(294,16): error TS2339: Property 'isNode' does not exist on type 'HTMLElement'.
index.ts(295,10): error TS2345: Argument of type 'Boolean' is not assignable to parameter of type 'Number'.
index.ts(295,21): error TS2345: Argument of type 'Object' is not assignable to parameter of type 'String'.
  The 'Object' type is assignable to very few other types. Did you mean to use the 'any' type instead?
index.ts(297,9): error TS2339: Property 'addOpen' does not exist on type 'HTMLElement'.
index.ts(298,9): error TS2339: Property 'addClose' does not exist on type 'HTMLElement'.
index.ts(318,7): error TS2339: Property 'pushNode' does not exist on type 'HTMLElement'.
index.ts(318,35): error TS2314: Generic type 'Array<T>' requires 1 type argument(s).
index.ts(319,16): error TS2339: Property 'isNode' does not exist on type 'HTMLElement'.
index.ts(326,8): error TS2339: Property 'define' does not exist on type 'Object'.
index.ts(348,7): error TS2339: Property 'unshiftNode' does not exist on type 'HTMLElement'.
index.ts(348,38): error TS2314: Generic type 'Array<T>' requires 1 type argument(s).
index.ts(349,16): error TS2339: Property 'isNode' does not exist on type 'HTMLElement'.
index.ts(356,8): error TS2339: Property 'define' does not exist on type 'Object'.
index.ts(381,7): error TS2339: Property 'popNode' does not exist on type 'HTMLElement'.
index.ts(381,32): error TS2314: Generic type 'Array<T>' requires 1 type argument(s).
index.ts(382,16): error TS2339: Property 'isNode' does not exist on type 'HTMLElement'.
index.ts(409,7): error TS2339: Property 'shiftNode' does not exist on type 'HTMLElement'.
index.ts(409,34): error TS2314: Generic type 'Array<T>' requires 1 type argument(s).
index.ts(410,16): error TS2339: Property 'isNode' does not exist on type 'HTMLElement'.
index.ts(436,7): error TS2339: Property 'removeNode' does not exist on type 'HTMLElement'.
index.ts(437,16): error TS2339: Property 'isNode' does not exist on type 'HTMLElement'.
index.ts(438,15): error TS2339: Property 'nodes' does not exist on type 'HTMLElement'.
index.ts(442,26): error TS2554: Expected 0 arguments, but got 1.
index.ts(445,28): error TS2339: Property 'nodes' does not exist on type 'HTMLElement'.
index.ts(447,19): error TS2339: Property 'nodes' does not exist on type 'HTMLElement'.
index.ts(467,7): error TS2339: Property 'isType' does not exist on type 'HTMLElement'.
index.ts(467,45): error TS2314: Generic type 'Array<T>' requires 1 type argument(s).
index.ts(468,14): error TS2339: Property 'isNode' does not exist on type 'HTMLElement'.
index.ts(471,19): error TS2339: Property 'type' does not exist on type 'Object'.
index.ts(473,29): error TS2339: Property 'type' does not exist on type 'Object'.
index.ts(476,19): error TS2339: Property 'isType' does not exist on type 'HTMLElement'.
index.ts(509,7): error TS2339: Property 'hasType' does not exist on type 'HTMLElement'.
index.ts(509,32): error TS2314: Generic type 'Array<T>' requires 1 type argument(s).
index.ts(510,14): error TS2339: Property 'isNode' does not exist on type 'HTMLElement'.
index.ts(513,15): error TS2339: Property 'isType' does not exist on type 'HTMLElement'.
index.ts(542,7): error TS2339: Property 'firstOfType' does not exist on type 'HTMLElement'.
index.ts(542,37): error TS2314: Generic type 'Array<T>' requires 1 type argument(s).
index.ts(544,15): error TS2339: Property 'isType' does not exist on type 'HTMLElement'.
index.ts(578,7): error TS2339: Property 'findNode' does not exist on type 'HTMLElement'.
index.ts(581,16): error TS2339: Property 'firstOfType' does not exist on type 'HTMLElement'.
index.ts(602,7): error TS2339: Property 'isOpen' does not exist on type 'HTMLElement'.
index.ts(604,12): error TS2339: Property 'parent' does not exist on type 'Object'.
index.ts(604,34): error TS2339: Property 'parent' does not exist on type 'Object'.
index.ts(605,17): error TS2339: Property 'parent' does not exist on type 'Object'.
index.ts(607,27): error TS2339: Property 'isOpen' does not exist on type 'Object'.
index.ts(608,17): error TS2339: Property 'isOpen' does not exist on type 'Object'.
index.ts(610,15): error TS2339: Property 'type' does not exist on type 'Object'.
index.ts(610,27): error TS2339: Property 'type' does not exist on type 'Object'.
index.ts(631,7): error TS2339: Property 'isClose' does not exist on type 'HTMLElement'.
index.ts(633,12): error TS2339: Property 'parent' does not exist on type 'Object'.
index.ts(633,34): error TS2339: Property 'parent' does not exist on type 'Object'.
index.ts(634,17): error TS2339: Property 'parent' does not exist on type 'Object'.
index.ts(636,27): error TS2339: Property 'isClose' does not exist on type 'Object'.
index.ts(637,17): error TS2339: Property 'isClose' does not exist on type 'Object'.
index.ts(639,15): error TS2339: Property 'type' does not exist on type 'Object'.
index.ts(639,27): error TS2339: Property 'type' does not exist on type 'Object'.
index.ts(662,7): error TS2339: Property 'isBlock' does not exist on type 'HTMLElement'.
index.ts(663,23): error TS2339: Property 'isNode' does not exist on type 'HTMLElement'.
index.ts(664,27): error TS2339: Property 'nodes' does not exist on type 'Object'.
index.ts(667,12): error TS2339: Property 'parent' does not exist on type 'Object'.
index.ts(667,34): error TS2339: Property 'parent' does not exist on type 'Object'.
index.ts(668,17): error TS2339: Property 'parent' does not exist on type 'Object'.
index.ts(670,19): error TS2339: Property 'isBlock' does not exist on type 'Object'.
index.ts(671,17): error TS2339: Property 'isBlock' does not exist on type 'Object'.
index.ts(673,16): error TS2339: Property 'hasOpenAndClose' does not exist on type 'HTMLElement'.
index.ts(691,7): error TS2339: Property 'hasNode' does not exist on type 'HTMLElement'.
index.ts(691,32): error TS2314: Generic type 'Map<K, V>' requires 2 type argument(s).
index.ts(692,14): error TS2339: Property 'isNode' does not exist on type 'HTMLElement'.
index.ts(723,7): error TS2339: Property 'hasOpen' does not exist on type 'HTMLElement'.
index.ts(723,32): error TS2314: Generic type 'Array<T>' requires 1 type argument(s).
index.ts(724,16): error TS2339: Property 'isNode' does not exist on type 'HTMLElement'.
index.ts(726,14): error TS2339: Property 'isNode' does not exist on type 'HTMLElement'.
index.ts(730,16): error TS2339: Property 'type' does not exist on type 'Object'.
index.ts(754,7): error TS2339: Property 'hasClose' does not exist on type 'HTMLElement'.
index.ts(754,33): error TS2314: Generic type 'Array<T>' requires 1 type argument(s).
index.ts(755,16): error TS2339: Property 'isNode' does not exist on type 'HTMLElement'.
index.ts(757,14): error TS2339: Property 'isNode' does not exist on type 'HTMLElement'.
index.ts(761,15): error TS2339: Property 'type' does not exist on type 'Object'.
index.ts(789,7): error TS2339: Property 'hasOpenAndClose' does not exist on type 'HTMLElement'.
index.ts(790,16): error TS2339: Property 'hasOpen' does not exist on type 'HTMLElement'.
index.ts(790,39): error TS2339: Property 'hasClose' does not exist on type 'HTMLElement'.
index.ts(811,7): error TS2339: Property 'addType' does not exist on type 'HTMLElement'.
index.ts(812,16): error TS2339: Property 'isNode' does not exist on type 'HTMLElement'.
index.ts(813,10): error TS2345: Argument of type 'Boolean' is not assignable to parameter of type 'Number'.
index.ts(813,19): error TS2345: Argument of type 'HTMLElement' is not assignable to parameter of type 'String'.
  Type 'HTMLElement' is missing the following properties from type 'String': charAt, charCodeAt, concat, indexOf, and 43 more.
index.ts(815,27): error TS2339: Property 'parent' does not exist on type 'Object'.
index.ts(816,12): error TS2339: Property 'parent' does not exist on type 'Object'.
index.ts(817,12): error TS2339: Property 'type' does not exist on type 'Object'.
index.ts(820,11): error TS2339: Property 'inside' does not exist on type 'HTMLElement'.
index.ts(822,14): error TS2339: Property 'inside' does not exist on type 'HTMLElement'.
index.ts(823,11): error TS2339: Property 'inside' does not exist on type 'HTMLElement'.
index.ts(826,12): error TS2314: Generic type 'Array<T>' requires 1 type argument(s).
index.ts(826,26): error TS2339: Property 'inside' does not exist on type 'HTMLElement'.
index.ts(851,7): error TS2339: Property 'removeType' does not exist on type 'HTMLElement'.
index.ts(852,16): error TS2339: Property 'isNode' does not exist on type 'HTMLElement'.
index.ts(853,10): error TS2345: Argument of type 'Boolean' is not assignable to parameter of type 'Number'.
index.ts(853,19): error TS2345: Argument of type 'HTMLElement' is not assignable to parameter of type 'String'.
index.ts(855,27): error TS2339: Property 'parent' does not exist on type 'Object'.
index.ts(856,12): error TS2339: Property 'parent' does not exist on type 'Object'.
index.ts(857,12): error TS2339: Property 'type' does not exist on type 'Object'.
index.ts(859,13): error TS2339: Property 'inside' does not exist on type 'HTMLElement'.
index.ts(860,18): error TS2339: Property 'inside' does not exist on type 'HTMLElement'.
index.ts(880,7): error TS2339: Property 'isEmpty' does not exist on type 'HTMLElement'.
index.ts(880,32): error TS2314: Generic type 'Array<T>' requires 1 type argument(s).
index.ts(881,16): error TS2339: Property 'isNode' does not exist on type 'HTMLElement'.
index.ts(887,19): error TS2339: Property 'value' does not exist on type 'HTMLElement'.
index.ts(895,16): error TS2339: Property 'isEmpty' does not exist on type 'HTMLElement'.
index.ts(922,7): error TS2339: Property 'isInsideType' does not exist on type 'HTMLElement'.
index.ts(923,10): error TS2345: Argument of type 'Boolean' is not assignable to parameter of type 'Number'.
index.ts(923,19): error TS2345: Argument of type 'HTMLElement' is not assignable to parameter of type 'String'.
index.ts(924,10): error TS2345: Argument of type 'Boolean' is not assignable to parameter of type 'Number'.
index.ts(930,14): error TS2339: Property 'inside' does not exist on type 'HTMLElement'.
index.ts(934,16): error TS2339: Property 'inside' does not exist on type 'HTMLElement'.
index.ts(956,7): error TS2339: Property 'isInside' does not exist on type 'HTMLElement'.
index.ts(956,62): error TS2314: Generic type 'Array<T>' requires 1 type argument(s).
index.ts(957,16): error TS2339: Property 'isNode' does not exist on type 'HTMLElement'.
index.ts(958,10): error TS2345: Argument of type 'Boolean' is not assignable to parameter of type 'Number'.
index.ts(958,19): error TS2345: Argument of type 'Object' is not assignable to parameter of type 'String'.
  The 'Object' type is assignable to very few other types. Did you mean to use the 'any' type instead?
index.ts(962,17): error TS2339: Property 'isInside' does not exist on type 'HTMLElement'.
index.ts(969,29): error TS2339: Property 'parent' does not exist on type 'Object'.
index.ts(971,30): error TS2339: Property 'type' does not exist on type 'Object'.
index.ts(971,54): error TS2339: Property 'isInsideType' does not exist on type 'HTMLElement'.
index.ts(975,26): error TS2339: Property 'type' does not exist on type 'Object'.
index.ts(975,51): error TS2339: Property 'type' does not exist on type 'Object'.
index.ts(979,15): error TS2314: Generic type 'Array<T>' requires 1 type argument(s).
index.ts(979,41): error TS2339: Property 'inside' does not exist on type 'Object'.
index.ts(982,14): error TS2356: An arithmetic operand must be of type 'any', 'number', 'bigint' or an enum type.
index.ts(984,18): error TS2314: Generic type 'Array<T>' requires 1 type argument(s).
index.ts(984,32): error TS2339: Property 'inside' does not exist on type 'Object'.
index.ts(1004,7): error TS2339: Property 'last' does not exist on type 'HTMLElement'.
index.ts(1004,28): error TS2314: Generic type 'Array<T>' requires 1 type argument(s).
index.ts(1005,48): error TS2363: The right-hand side of an arithmetic operation must be of type 'any', 'number', 'bigint' or an enum type.
index.ts(1008,7): error TS2339: Property 'lastNode' does not exist on type 'HTMLElement'.
index.ts(1008,33): error TS2314: Generic type 'Map<K, V>' requires 2 type argument(s).
index.ts(1009,44): error TS2339: Property 'last' does not exist on type 'HTMLElement'.
index.ts(1028,7): error TS2339: Property 'arrayify' does not exist on type 'HTMLElement'.
index.ts(1047,7): error TS2339: Property 'stringify' does not exist on type 'HTMLElement'.
index.ts(1048,16): error TS2339: Property 'arrayify' does not exist on type 'HTMLElement'.
index.ts(1060,7): error TS2339: Property 'trim' does not exist on type 'HTMLElement'.
index.ts(1101,23): error TS2339: Property 'append' does not exist on type 'Object'.
index.ts(1102,21): error TS2339: Property 'emit' does not exist on type 'Object'.
index.ts(1104,19): error TS2339: Property 'append' does not exist on type 'Object'.
index.ts(1111,50): error TS2304: Cannot find name 'Void'.
index.ts(1112,31): error TS2345: Argument of type 'String' is not assignable to parameter of type 'string'.
  'string' is a primitive, but 'String' is a wrapper object. Prefer using 'string' when possible.
index.ts(1114,60): error TS2304: Cannot find name 'Void'.
index.ts(1115,42): error TS2339: Property 'isNode' does not exist on type 'Object'.
index.ts(1115,57): error TS2339: Property 'isNode' does not exist on type 'Object'.
index.ts(1115,72): error TS2339: Property 'isNode' does not exist on type 'HTMLElement'.

