Source directory: .
Dataset: top1k-untyped-with-typed-deps
Type checking with: /mnt/data/mhyee/not-type-inference/tools/node_modules/typescript/bin/tsc
Input directory: /mnt/data/mhyee/not-type-inference/data/InCoder-out/top1k-untyped-with-typed-deps/baseline
Output directory: /mnt/data/mhyee/not-type-inference/data/InCoder-out/top1k-untyped-with-typed-deps/baseline-checked
Found 15 packages
[1/15] @npmcli_move-file ... [FAIL]
[2/15] browserify-zlib ... [FAIL]
[3/15] create-ecdh ... [FAIL]
[4/15] des.js ... [FAIL]
[5/15] ecc-jsbn ... [FAIL]
[6/15] for-each ... [FAIL]
[7/15] get-symbol-description ... [ OK ]
[8/15] jsprim ... [FAIL]
[9/15] levn ... [FAIL]
[10/15] miller-rabin ... [FAIL]
[11/15] request-promise-core ... [FAIL]
[12/15] snapdragon-util ... [FAIL]
[13/15] source-map-resolve ... [FAIL]
[14/15] string.prototype.trimend ... [ OK ]
[15/15] timers-browserify ... [FAIL]
Number of successes: 2
Number of fails: 13
Number of skips: 0
Time for type checking: 0:00:09
