lib/cast.ts(3,29): error TS7034: Variable 'types' implicitly has type 'any' in some locations where its type cannot be determined.
lib/cast.ts(213,33): error TS7006: Parameter 'type' implicitly has an 'any' type.
lib/cast.ts(233,33): error TS7006: Parameter 'type' implicitly has an 'any' type.
lib/cast.ts(261,34): error TS7006: Parameter 'type' implicitly has an 'any' type.
lib/cast.ts(275,11): error TS7053: Element implicitly has an 'any' type because expression of type 'any' can't be used to index type '{}'.
lib/cast.ts(289,87): error TS7005: Variable 'types' implicitly has an 'any' type.
lib/index.ts(3,25): error TS7034: Variable 'cast' implicitly has type 'any' in some locations where its type cannot be determined.
lib/index.ts(3,31): error TS7034: Variable 'parseType' implicitly has type 'any' in some locations where its type cannot be determined.
lib/index.ts(3,51): error TS7034: Variable 'parsedTypeParse' implicitly has type 'any' in some locations where its type cannot be determined.
lib/index.ts(8,47): error TS7006: Parameter 'string' implicitly has an 'any' type.
lib/index.ts(12,12): error TS7005: Variable 'cast' implicitly has an 'any' type.
lib/index.ts(14,20): error TS7006: Parameter 'type' implicitly has an 'any' type.
lib/index.ts(14,26): error TS7006: Parameter 'string' implicitly has an 'any' type.
lib/index.ts(15,12): error TS7005: Variable 'parsedTypeParse' implicitly has an 'any' type.
lib/index.ts(15,28): error TS7005: Variable 'parseType' implicitly has an 'any' type.
lib/parse-string.ts(3,29): error TS7034: Variable 'tokenRegex' implicitly has type 'any' in some locations where its type cannot be determined.
lib/parse-string.ts(12,53): error TS2366: Function lacks ending return statement and return type does not include 'undefined'.
lib/parse-string.ts(17,37): error TS7006: Parameter 'arg$' implicitly has an 'any' type.
lib/parse-string.ts(89,37): error TS2554: Expected 2 arguments, but got 1.
lib/parse-string.ts(93,21): error TS2554: Expected 2 arguments, but got 1.
lib/parse-string.ts(99,41): error TS7006: Parameter 'string' implicitly has an 'any' type.
lib/parse-string.ts(105,40): error TS7005: Variable 'tokenRegex' implicitly has an 'any' type.

