Source directory: ../../..
Dataset: top1k-untyped-nodeps
Inferring types with LambdaNet: /mnt/data/mhyee/not-type-inference/LambdaNet
Input directory: /mnt/data/mhyee/not-type-inference/data/original/top1k-untyped-nodeps
Output directory: /mnt/data/mhyee/not-type-inference/data/LambdaNet-out/top1k-untyped-nodeps/predictions
Found 102 packages
[1/102] @gar_promisify ... [0;32m[ OK ][0m
[2/102] @humanwhocodes_object-schema ... [0;32m[ OK ][0m
[3/102] @istanbuljs_schema ... [0;32m[ OK ][0m
[4/102] @sellside_emitter ... [0;32m[ OK ][0m
[5/102] @trysound_sax ... [0;32m[ OK ][0m
[6/102] acorn-import-assertions ... [0;32m[ OK ][0m
[7/102] aproba ... [0;32m[ OK ][0m
[8/102] arr-flatten ... [0;32m[ OK ][0m
[9/102] assign-symbols ... [0;31m[FAIL][0m
[10/102] async-each ... [0;32m[ OK ][0m
[11/102] async-limiter ... [0;32m[ OK ][0m
[12/102] asynckit ... [0;32m[ OK ][0m
[13/102] at-least-node ... [0;32m[ OK ][0m
[14/102] available-typed-arrays ... [0;32m[ OK ][0m
[15/102] aws-sign2 ... [0;32m[ OK ][0m
[16/102] buffer-equal-constant-time ... [0;32m[ OK ][0m
[17/102] builtin-status-codes ... [0;32m[ OK ][0m
[18/102] cli-width ... [0;32m[ OK ][0m
[19/102] code-point-at ... [0;32m[ OK ][0m
[20/102] console-browserify ... [0;31m[FAIL][0m
[21/102] console-control-strings ... [0;32m[ OK ][0m
[22/102] copy-descriptor ... [0;32m[ OK ][0m
[23/102] core-util-is ... [0;32m[ OK ][0m
[24/102] cyclist ... [0;32m[ OK ][0m
[25/102] deep-is ... [0;32m[ OK ][0m
[26/102] delayed-stream ... [0;32m[ OK ][0m
[27/102] domain-browser ... [0;31m[FAIL][0m
[28/102] duplexer ... [0;32m[ OK ][0m
[29/102] electron-to-chromium ... [0;32m[ OK ][0m
[30/102] emojis-list ... [0;32m[ OK ][0m
[31/102] es-module-lexer ... [0;32m[ OK ][0m
[32/102] es6-object-assign ... [0;32m[ OK ][0m
[33/102] figgy-pudding ... [0;32m[ OK ][0m
[34/102] for-in ... [0;32m[ OK ][0m
[35/102] fs-constants ... [0;31m[FAIL][0m
[36/102] fs-monkey ... [0;32m[ OK ][0m
[37/102] fs.realpath ... [0;31m[FAIL][0m
[38/102] growly ... [0;32m[ OK ][0m
[39/102] har-schema ... [0;31m[FAIL][0m
[40/102] has-bigints ... [0;32m[ OK ][0m
[41/102] has-unicode ... [0;32m[ OK ][0m
[42/102] infer-owner ... [0;32m[ OK ][0m
[43/102] is-accessor-descriptor ... [0;32m[ OK ][0m
[44/102] is-arrayish ... [0;32m[ OK ][0m
[45/102] is-descriptor ... [0;32m[ OK ][0m
[46/102] is-extglob ... [0;32m[ OK ][0m
[47/102] is-map ... [0;32m[ OK ][0m
[48/102] is-negative-zero ... [0;32m[ OK ][0m
[49/102] is-potential-custom-element-name ... [0;32m[ OK ][0m
[50/102] is-primitive ... [0;32m[ OK ][0m
[51/102] is-set ... [0;32m[ OK ][0m
[52/102] is-weakmap ... [0;32m[ OK ][0m
[53/102] json-parse-even-better-errors ... [0;32m[ OK ][0m
[54/102] json-stable-stringify-without-jsonify ... [0;32m[ OK ][0m
[55/102] map-cache ... [0;31m[FAIL][0m
[56/102] mdn-data ... [0;31m[FAIL][0m
[57/102] minimalistic-crypto-utils ... [0;32m[ OK ][0m
[58/102] mixin-deep ... [0;32m[ OK ][0m
[59/102] nan ... [0;32m[ OK ][0m
[60/102] node-domexception ... [0;32m[ OK ][0m
[61/102] node-modules-regexp ... [0;32m[ OK ][0m
[62/102] normalize-range ... [0;32m[ OK ][0m
[63/102] oauth-sign ... [0;32m[ OK ][0m
[64/102] os-browserify ... [0;31m[FAIL][0m
[65/102] p-finally ... [0;32m[ OK ][0m
[66/102] path-dirname ... [0;32m[ OK ][0m
[67/102] pop-iterate ... [0;32m[ OK ][0m
[68/102] posix-character-classes ... [0;31m[FAIL][0m
[69/102] process ... [0;31m[FAIL][0m
[70/102] process-nextick-args ... [0;32m[ OK ][0m
[71/102] prr ... [0;32m[ OK ][0m
[72/102] pseudomap ... [0;32m[ OK ][0m
[73/102] querystring-es3 ... [0;31m[FAIL][0m
[74/102] regjsgen ... [0;32m[ OK ][0m
[75/102] remove-trailing-separator ... [0;32m[ OK ][0m
[76/102] require-main-filename ... [0;32m[ OK ][0m
[77/102] resolve-alpn ... [0;32m[ OK ][0m
[78/102] resolve-url ... [0;31m[FAIL][0m
[79/102] reusify ... [0;32m[ OK ][0m
[80/102] run-async ... [0;32m[ OK ][0m
[81/102] set-blocking ... [0;32m[ OK ][0m
[82/102] snapdragon-capture ... [0;32m[ OK ][0m
[83/102] snapdragon-node ... [0;32m[ OK ][0m
[84/102] source-map-url ... [0;31m[FAIL][0m
[85/102] stealthy-require ... [0;32m[ OK ][0m
[86/102] strip-eof ... [0;32m[ OK ][0m
[87/102] style-loader ... [0;32m[ OK ][0m
[88/102] to-arraybuffer ... [0;32m[ OK ][0m
[89/102] toidentifier ... [0;32m[ OK ][0m
[90/102] tty-browserify ... [0;32m[ OK ][0m
[91/102] unicode-canonical-property-names-ecmascript ... [0;31m[FAIL][0m
[92/102] unicode-match-property-value-ecmascript ... [0;32m[ OK ][0m
[93/102] unicode-property-aliases-ecmascript ... [0;32m[ OK ][0m
[94/102] unpipe ... [0;32m[ OK ][0m
[95/102] use ... [0;32m[ OK ][0m
[96/102] v8-compile-cache ... [0;32m[ OK ][0m
[97/102] vm-browserify ... [0;32m[ OK ][0m
[98/102] weak-map ... [0;32m[ OK ][0m
[99/102] websocket-extensions ... [0;31m[FAIL][0m
[100/102] whatwg-fetch ... [0;32m[ OK ][0m
[101/102] which-module ... [0;32m[ OK ][0m
[102/102] wrappy ... [0;32m[ OK ][0m
Number of successes: 86
Number of fails: 16
Number of skips: 0
Time for type inference: 0:05:00
