estraverse.ts(28,32): error TS2304: Cannot find name 'T'.
estraverse.ts(38,34): error TS2304: Cannot find name 'T'.
estraverse.ts(430,23): error TS2350: Only a void function can be called with the 'new' keyword.
estraverse.ts(431,24): error TS2350: Only a void function can be called with the 'new' keyword.
estraverse.ts(493,43): error TS2350: Only a void function can be called with the 'new' keyword.
estraverse.ts(493,76): error TS2345: Argument of type 'any[]' is not assignable to parameter of type 'string'.
estraverse.ts(495,43): error TS2350: Only a void function can be called with the 'new' keyword.
estraverse.ts(495,76): error TS2345: Argument of type 'any[]' is not assignable to parameter of type 'string'.
estraverse.ts(506,39): error TS2350: Only a void function can be called with the 'new' keyword.
estraverse.ts(565,19): error TS2350: Only a void function can be called with the 'new' keyword.
estraverse.ts(651,39): error TS2350: Only a void function can be called with the 'new' keyword.
estraverse.ts(651,72): error TS2345: Argument of type 'any[]' is not assignable to parameter of type 'string'.
estraverse.ts(653,39): error TS2350: Only a void function can be called with the 'new' keyword.
estraverse.ts(653,72): error TS2345: Argument of type 'any[]' is not assignable to parameter of type 'string'.
estraverse.ts(660,35): error TS2350: Only a void function can be called with the 'new' keyword.
estraverse.ts(668,43): error TS2304: Cannot find name 'Visitor'.
estraverse.ts(669,25): error TS2749: 'Controller' refers to a value, but is being used as a type here. Did you mean 'typeof Controller'?
estraverse.ts(673,42): error TS2304: Cannot find name 'Visitor'.
estraverse.ts(674,25): error TS2749: 'Controller' refers to a value, but is being used as a type here. Did you mean 'typeof Controller'?
estraverse.ts(699,35): error TS2304: Cannot find name 'Tree'.
gulpfile.ts(27,18): error TS2307: Cannot find module 'gulp' or its corresponding type declarations.
gulpfile.ts(28,17): error TS2307: Cannot find module 'gulp-git' or its corresponding type declarations.
gulpfile.ts(29,18): error TS2307: Cannot find module 'gulp-bump' or its corresponding type declarations.
gulpfile.ts(30,20): error TS2307: Cannot find module 'gulp-filter' or its corresponding type declarations.
gulpfile.ts(31,24): error TS2307: Cannot find module 'gulp-tag-version' or its corresponding type declarations.

