index.ts(15,19): error TS2732: Cannot find module './codes.json'. Consider using '--resolveJsonModule' to import module with '.json' extension.
index.ts(66,67): error TS2355: A function whose declared type is neither 'void' nor 'any' must return a value.
index.ts(74,3): error TS2322: Type '{}' is not assignable to type 'boolean'.
index.ts(83,3): error TS2322: Type 'boolean[]' is not assignable to type 'boolean'.
index.ts(84,5): error TS2322: Type 'number' is not assignable to type 'boolean'.
index.ts(142,29): error TS2345: Argument of type 'number' is not assignable to parameter of type 'string'.
scripts/fetch-apache.ts(3,21): error TS2307: Cannot find module 'raw-body' or its corresponding type declarations.
scripts/fetch-iana.ts(4,20): error TS2307: Cannot find module 'csv-parse' or its corresponding type declarations.
scripts/fetch-iana.ts(6,21): error TS2307: Cannot find module 'stream-to-array' or its corresponding type declarations.
scripts/fetch-iana.ts(12,47): error TS2345: Argument of type '(res: Response) => void' is not assignable to parameter of type '(res: IncomingMessage) => void'.
  Types of parameters 'res' and 'res' are incompatible.
    Type 'IncomingMessage' is missing the following properties from type 'Response': ok, redirected, status, statusText, and 9 more.
scripts/fetch-iana.ts(13,15): error TS2339: Property 'pipe' does not exist on type 'Response'.
scripts/fetch-nginx.ts(3,21): error TS2307: Cannot find module 'raw-body' or its corresponding type declarations.
scripts/fetch-node.ts(3,21): error TS2307: Cannot find module 'raw-body' or its corresponding type declarations.
scripts/lib/write.ts(23,7): error TS2322: Type 'string' is not assignable to type 'number'.
  Type 'string' is not assignable to type 'number'.
scripts/lib/write.ts(26,3): error TS2322: Type 'string' is not assignable to type 'void'.
scripts/version-history.ts(7,5): error TS2322: Type 'RegExp' is not assignable to type 'string'.
scripts/version-history.ts(13,23): error TS2339: Property 'test' does not exist on type 'string'.
scripts/version-history.ts(58,14): error TS2339: Property 'length' does not exist on type 'number'.
scripts/version-history.ts(59,5): error TS2322: Type 'string' is not assignable to type 'number'.

