index.ts(2,7): error TS2322: Type 'string' is not assignable to type 'RegExp'.
index.ts(3,7): error TS2322: Type 'string' is not assignable to type 'RegExp'.
index.ts(5,32): error TS2322: Type '(name: string, filters: any[]) => boolean' is not assignable to type 'boolean'.
index.ts(15,8): error TS2322: Type 'string[]' is not assignable to type 'string'.
index.ts(20,13): error TS2339: Property 'pop' does not exist on type 'string'.
index.ts(25,38): error TS2339: Property 'shift' does not exist on type 'string'.
index.ts(27,4): error TS2339: Property 'map' does not exist on type 'string'.
index.ts(34,9): error TS2367: This condition will always return 'false' since the types 'string' and 'RegExp' have no overlap.
index.ts(51,53): error TS2367: This condition will always return 'true' since the types 'string' and 'RegExp' have no overlap.
index.ts(58,66): error TS2304: Cannot find name 'Options'.
index.ts(58,66): error TS4078: Parameter 'options' of exported function has or is using private name 'Options'.
index.ts(143,10): error TS2322: Type 'number' is not assignable to type 'string'.
index.ts(148,4): error TS2322: Type 'string' is not assignable to type 'number'.
index.ts(173,7): error TS2349: This expression is not callable.
  Type 'Boolean' has no call signatures.
index.ts(175,49): error TS2339: Property 'join' does not exist on type 'string'.
index.ts(197,8): error TS2349: This expression is not callable.
  Type 'Boolean' has no call signatures.
index.ts(211,9): error TS2349: This expression is not callable.
  Type 'Boolean' has no call signatures.

