examples/custom-option-arrayOfCommaSepString.ts(19,17): error TS2769: No overload matches this call.
  Overload 1 of 2, '(predicate: (value: string, index: number, array: string[]) => value is any, thisArg?: any): any[]', gave the following error.
    Argument of type '(part: any[]) => any[]' is not assignable to parameter of type '(value: string, index: number, array: string[]) => value is any'.
      Types of parameters 'part' and 'value' are incompatible.
        Type 'string' is not assignable to type 'any[]'.
  Overload 2 of 2, '(predicate: (value: string, index: number, array: string[]) => unknown, thisArg?: any): string[]', gave the following error.
    Argument of type '(part: any[]) => any[]' is not assignable to parameter of type '(value: string, index: number, array: string[]) => unknown'.
      Types of parameters 'part' and 'value' are incompatible.
        Type 'string' is not assignable to type 'any[]'.
examples/custom-option-arrayOfCommaSepString.ts(51,42): error TS2339: Property 'single' does not exist on type 'HTMLElement'.
examples/custom-option-arrayOfCommaSepString.ts(52,41): error TS2339: Property 'multi' does not exist on type 'HTMLElement'.
examples/custom-option-duration.ts(73,10): error TS2339: Property 'time' does not exist on type 'HTMLElement'.
examples/custom-option-duration.ts(74,41): error TS2339: Property 'time' does not exist on type 'HTMLElement'.
examples/custom-option-fruit.ts(50,5): error TS2322: Type 'string' is not assignable to type 'object'.
examples/custom-option-fruit.ts(50,44): error TS2345: Argument of type '{ options: any[]; }' is not assignable to parameter of type 'string'.
examples/custom-option-fruit.ts(52,31): error TS2339: Property 'parse' does not exist on type 'object'.
examples/custom-option-fruit.ts(58,10): error TS2339: Property 'help' does not exist on type 'object'.
examples/custom-option-fruit.ts(59,31): error TS2339: Property 'help' does not exist on type 'object'.
examples/custom-option-fruit.ts(69,35): error TS2339: Property 'pie' does not exist on type 'object'.
examples/custom-option-intGteZero.ts(16,26): error TS2345: Argument of type 'number' is not assignable to parameter of type 'string'.
examples/custom-option-intGteZero.ts(44,10): error TS2339: Property 'num' does not exist on type 'HTMLElement'.
examples/custom-option-intGteZero.ts(45,33): error TS2339: Property 'num' does not exist on type 'HTMLElement'.
examples/custom-option-time-ago.ts(23,16): error TS2314: Generic type 'Promise<T>' requires 1 type argument(s).
examples/custom-option-time-ago.ts(42,9): error TS2322: Type 'Date' is not assignable to type 'HTMLDivElement'.
examples/custom-option-time-ago.ts(45,13): error TS2740: Type '{}' is missing the following properties from type 'HTMLDivElement': align, addEventListener, removeEventListener, accessKey, and 278 more.
examples/custom-option-time-ago.ts(45,26): error TS2554: Expected 3 arguments, but got 1.
examples/custom-option-time-ago.ts(77,10): error TS2339: Property 'time' does not exist on type 'HTMLElement'.
examples/custom-option-time-ago.ts(78,47): error TS2339: Property 'time' does not exist on type 'HTMLElement'.
examples/date.ts(20,10): error TS2339: Property 'start' does not exist on type 'HTMLElement'.
examples/date.ts(21,34): error TS2339: Property 'start' does not exist on type 'HTMLElement'.
examples/date.ts(23,10): error TS2339: Property 'end' does not exist on type 'HTMLElement'.
examples/date.ts(24,32): error TS2339: Property 'end' does not exist on type 'HTMLElement'.
examples/ddcompletion.ts(70,5): error TS2322: Type 'string' is not assignable to type 'object'.
examples/ddcompletion.ts(70,44): error TS2345: Argument of type '{ options: any[]; }' is not assignable to parameter of type 'string'.
examples/ddcompletion.ts(72,31): error TS2339: Property 'parse' does not exist on type 'object'.
examples/ddcompletion.ts(78,10): error TS2339: Property 'help' does not exist on type 'object'.
examples/ddcompletion.ts(79,31): error TS2339: Property 'help' does not exist on type 'object'.
examples/ddcompletion.ts(84,17): error TS2339: Property 'completion' does not exist on type 'object'.
examples/ddcompletion.ts(87,25): error TS2339: Property 'bashCompletion' does not exist on type 'object'.
examples/ddcompletion.ts(99,27): error TS2339: Property '_args' does not exist on type 'object'.
examples/foo.ts(49,5): error TS2322: Type 'string' is not assignable to type 'object'.
examples/foo.ts(49,44): error TS2345: Argument of type '{ options: any[]; }' is not assignable to parameter of type 'string'.
examples/foo.ts(51,31): error TS2339: Property 'parse' does not exist on type 'object'.
examples/foo.ts(60,29): error TS2339: Property '_args' does not exist on type 'object'.
examples/foo.ts(63,10): error TS2339: Property 'help' does not exist on type 'object'.
examples/foo.ts(64,31): error TS2339: Property 'help' does not exist on type 'object'.
examples/hello.ts(25,10): error TS2339: Property 'verbose' does not exist on type 'HTMLElement'.
examples/hello.ts(27,33): error TS2339: Property '_args' does not exist on type 'HTMLElement'.
examples/help.ts(23,5): error TS2322: Type 'string' is not assignable to type 'object'.
examples/help.ts(23,44): error TS2345: Argument of type '{ options: any[]; }' is not assignable to parameter of type 'string'.
examples/help.ts(25,31): error TS2339: Property 'parse' does not exist on type 'object'.
examples/help.ts(32,10): error TS2339: Property 'help' does not exist on type 'object'.
examples/help.ts(33,31): error TS2339: Property 'help' does not exist on type 'object'.
examples/option-groups.ts(25,5): error TS2322: Type 'string' is not assignable to type 'object'.
examples/option-groups.ts(25,44): error TS2345: Argument of type '{ options: any[]; }' is not assignable to parameter of type 'string'.
examples/option-groups.ts(27,31): error TS2339: Property 'parse' does not exist on type 'object'.
examples/option-groups.ts(33,10): error TS2339: Property 'help' does not exist on type 'object'.
examples/option-groups.ts(34,31): error TS2339: Property 'help' does not exist on type 'object'.
lib/dashdash.ts(17,5): error TS2322: Type 'string' is not assignable to type 'any[]'.
lib/dashdash.ts(17,51): error TS2769: No overload matches this call.
  The last overload gave the following error.
    Argument of type '(match: string, key: string) => any[]' is not assignable to parameter of type '(substring: string, ...args: any[]) => string'.
      Type 'any[]' is not assignable to type 'string'.
lib/dashdash.ts(30,55): error TS2304: Cannot find name 'Void'.
lib/dashdash.ts(46,22): error TS2345: Argument of type 'string' is not assignable to parameter of type 'number'.
lib/dashdash.ts(52,16): error TS2554: Expected 4 arguments, but got 1.
lib/dashdash.ts(65,47): error TS2304: Cannot find name 'Void'.
lib/dashdash.ts(108,19): error TS2345: Argument of type 'number' is not assignable to parameter of type 'string'.
lib/dashdash.ts(119,19): error TS2345: Argument of type 'number' is not assignable to parameter of type 'string'.
lib/dashdash.ts(121,27): error TS2345: Argument of type 'number' is not assignable to parameter of type 'string'.
lib/dashdash.ts(130,19): error TS2345: Argument of type 'number' is not assignable to parameter of type 'string'.
lib/dashdash.ts(132,26): error TS2345: Argument of type 'number' is not assignable to parameter of type 'string'.
lib/dashdash.ts(151,19): error TS2345: Argument of type 'number' is not assignable to parameter of type 'string'.
lib/dashdash.ts(153,22): error TS2345: Argument of type 'number' is not assignable to parameter of type 'string'.
lib/dashdash.ts(155,9): error TS2740: Type 'Date' is missing the following properties from type 'HTMLDivElement': align, addEventListener, removeEventListener, accessKey, and 278 more.
lib/dashdash.ts(157,68): error TS2345: Argument of type 'number' is not assignable to parameter of type 'string'.
lib/dashdash.ts(160,9): error TS2322: Type 'Date' is not assignable to type 'HTMLDivElement'.
lib/dashdash.ts(259,39): error TS2304: Cannot find name 'Void'.
lib/dashdash.ts(259,39): error TS4060: Return type of exported function has or is using private name 'Void'.
lib/dashdash.ts(261,33): error TS2339: Property 'options' does not exist on type 'HTMLElement'.
lib/dashdash.ts(262,32): error TS2339: Property 'interspersed' does not exist on type 'HTMLElement'.
lib/dashdash.ts(267,16): error TS2339: Property 'interspersed' does not exist on type 'HTMLElement'.
lib/dashdash.ts(267,52): error TS2339: Property 'interspersed' does not exist on type 'HTMLElement'.
lib/dashdash.ts(271,16): error TS2339: Property 'allowUnknown' does not exist on type 'HTMLElement'.
lib/dashdash.ts(271,52): error TS2339: Property 'allowUnknown' does not exist on type 'HTMLElement'.
lib/dashdash.ts(273,27): error TS2339: Property 'options' does not exist on type 'HTMLElement'.
lib/dashdash.ts(273,66): error TS2314: Generic type 'Promise<T>' requires 1 type argument(s).
lib/dashdash.ts(274,28): error TS2345: Argument of type 'string' is not assignable to parameter of type 'object'.
lib/dashdash.ts(280,15): error TS2339: Property 'group' does not exist on type 'object'.
lib/dashdash.ts(280,40): error TS2339: Property 'group' does not exist on type 'object'.
lib/dashdash.ts(282,19): error TS2339: Property 'group' does not exist on type 'object'.
lib/dashdash.ts(288,27): error TS2339: Property 'type' does not exist on type 'object'.
lib/dashdash.ts(289,71): error TS2339: Property 'type' does not exist on type 'object'.
lib/dashdash.ts(291,33): error TS2339: Property 'name' does not exist on type 'object'.
lib/dashdash.ts(293,15): error TS2339: Property 'names' does not exist on type 'object'.
lib/dashdash.ts(297,16): error TS2339: Property 'name' does not exist on type 'object'.
lib/dashdash.ts(297,26): error TS2339: Property 'names' does not exist on type 'object'.
lib/dashdash.ts(297,40): error TS2339: Property 'name' does not exist on type 'object'.
lib/dashdash.ts(297,50): error TS2339: Property 'names' does not exist on type 'object'.
lib/dashdash.ts(300,33): error TS2339: Property 'help' does not exist on type 'object'.
lib/dashdash.ts(301,28): error TS2339: Property 'env' does not exist on type 'object'.
lib/dashdash.ts(307,15): error TS2339: Property 'helpGroup' does not exist on type 'object'.
lib/dashdash.ts(311,15): error TS2339: Property 'helpWrap' does not exist on type 'object'.
lib/dashdash.ts(314,31): error TS2339: Property 'hidden' does not exist on type 'object'.
lib/dashdash.ts(316,15): error TS2339: Property 'name' does not exist on type 'object'.
lib/dashdash.ts(317,15): error TS2339: Property 'names' does not exist on type 'object'.
lib/dashdash.ts(317,26): error TS2339: Property 'name' does not exist on type 'object'.
lib/dashdash.ts(320,19): error TS2339: Property 'names' does not exist on type 'object'.
lib/dashdash.ts(324,11): error TS2339: Property 'key' does not exist on type 'object'.
lib/dashdash.ts(324,37): error TS2339: Property 'names' does not exist on type 'object'.
lib/dashdash.ts(325,11): error TS2339: Property 'names' does not exist on type 'object'.
lib/dashdash.ts(325,53): error TS2304: Cannot find name 'Void'.
lib/dashdash.ts(326,22): error TS2339: Property 'optionFromName' does not exist on type 'HTMLElement'.
lib/dashdash.ts(331,30): error TS2339: Property 'optionFromName' does not exist on type 'HTMLElement'.
lib/dashdash.ts(336,18): error TS2339: Property 'optionFromName' does not exist on type 'HTMLElement'.
lib/dashdash.ts(338,49): error TS2304: Cannot find name 'Void'.
lib/dashdash.ts(339,22): error TS2339: Property 'optionFromEnv' does not exist on type 'HTMLElement'.
lib/dashdash.ts(344,30): error TS2339: Property 'optionFromEnv' does not exist on type 'HTMLElement'.
lib/dashdash.ts(349,18): error TS2339: Property 'optionFromEnv' does not exist on type 'HTMLElement'.
lib/dashdash.ts(355,31): error TS2339: Property 'type' does not exist on type 'object'.
lib/dashdash.ts(384,41): error TS2339: Property 'argv' does not exist on type 'object'.
lib/dashdash.ts(386,30): error TS2339: Property 'argv' does not exist on type 'object'.
lib/dashdash.ts(387,32): error TS2339: Property 'slice' does not exist on type 'object'.
lib/dashdash.ts(387,61): error TS2339: Property 'slice' does not exist on type 'object'.
lib/dashdash.ts(389,30): error TS2339: Property 'env' does not exist on type 'object'.
lib/dashdash.ts(393,94): error TS2304: Cannot find name 'Void'.
lib/dashdash.ts(394,47): error TS2339: Property 'type' does not exist on type 'object'.
lib/dashdash.ts(395,37): error TS2339: Property 'parseArg' does not exist on type 'object'.
lib/dashdash.ts(396,18): error TS2339: Property 'array' does not exist on type 'object'.
lib/dashdash.ts(400,22): error TS2339: Property 'arrayFlatten' does not exist on type 'object'.
lib/dashdash.ts(427,13): error TS2367: This condition will always return 'false' since the types 'any[]' and 'string' have no overlap.
lib/dashdash.ts(432,20): error TS2367: This condition will always return 'false' since the types 'any[]' and 'string' have no overlap.
lib/dashdash.ts(433,13): error TS2322: Type 'any[]' is not assignable to type 'string'.
lib/dashdash.ts(462,36): error TS2345: Argument of type 'string' is not assignable to parameter of type 'number'.
lib/dashdash.ts(462,56): error TS2339: Property 'key' does not exist on type 'object'.
lib/dashdash.ts(464,36): error TS2345: Argument of type 'string' is not assignable to parameter of type 'number'.
lib/dashdash.ts(464,56): error TS2339: Property 'key' does not exist on type 'object'.
lib/dashdash.ts(475,25): error TS2345: Argument of type 'string' is not assignable to parameter of type 'number'.
lib/dashdash.ts(476,32): error TS2339: Property 'key' does not exist on type 'object'.
lib/dashdash.ts(520,17): error TS2322: Type 'any[]' is not assignable to type 'string'.
lib/dashdash.ts(524,36): error TS2345: Argument of type 'string' is not assignable to parameter of type 'number'.
lib/dashdash.ts(524,55): error TS2339: Property 'key' does not exist on type 'object'.
lib/dashdash.ts(526,36): error TS2345: Argument of type 'string' is not assignable to parameter of type 'number'.
lib/dashdash.ts(526,55): error TS2339: Property 'key' does not exist on type 'object'.
lib/dashdash.ts(537,36): error TS2345: Argument of type 'string' is not assignable to parameter of type 'number'.
lib/dashdash.ts(537,55): error TS2339: Property 'key' does not exist on type 'object'.
lib/dashdash.ts(557,82): error TS2304: Cannot find name 'Void'.
lib/dashdash.ts(562,35): error TS2339: Property 'optionFromEnv' does not exist on type 'HTMLElement'.
lib/dashdash.ts(563,25): error TS2339: Property 'key' does not exist on type 'object'.
lib/dashdash.ts(566,38): error TS2339: Property 'optionTakesArg' does not exist on type 'HTMLElement'.
lib/dashdash.ts(568,28): error TS2345: Argument of type 'string' is not assignable to parameter of type 'number'.
lib/dashdash.ts(568,44): error TS2339: Property 'key' does not exist on type 'object'.
lib/dashdash.ts(574,28): error TS2345: Argument of type 'string' is not assignable to parameter of type 'number'.
lib/dashdash.ts(574,44): error TS2339: Property 'key' does not exist on type 'object'.
lib/dashdash.ts(579,53): error TS2304: Cannot find name 'Void'.
lib/dashdash.ts(580,20): error TS2339: Property 'key' does not exist on type 'object'.
lib/dashdash.ts(581,19): error TS2339: Property 'default' does not exist on type 'object'.
lib/dashdash.ts(582,24): error TS2339: Property 'key' does not exist on type 'object'.
lib/dashdash.ts(582,33): error TS2339: Property 'default' does not exist on type 'object'.
lib/dashdash.ts(583,26): error TS2339: Property 'type' does not exist on type 'object'.
lib/dashdash.ts(583,48): error TS2339: Property 'type' does not exist on type 'object'.
lib/dashdash.ts(584,24): error TS2339: Property 'key' does not exist on type 'object'.
lib/dashdash.ts(584,45): error TS2339: Property 'type' does not exist on type 'object'.
lib/dashdash.ts(589,10): error TS2339: Property '_order' does not exist on type 'object'.
lib/dashdash.ts(590,10): error TS2339: Property '_args' does not exist on type 'object'.
lib/dashdash.ts(626,5): error TS2322: Type 'HTMLElement | {}' is not assignable to type 'HTMLElement'.
  Type '{}' is missing the following properties from type 'HTMLElement': accessKey, accessKeyLabel, autocapitalize, dir, and 277 more.
lib/dashdash.ts(629,44): error TS2339: Property 'indent' does not exist on type 'HTMLElement'.
lib/dashdash.ts(629,52): error TS2345: Argument of type 'number' is not assignable to parameter of type 'string'.
lib/dashdash.ts(631,16): error TS2339: Property 'headingIndent' does not exist on type 'HTMLElement'.
lib/dashdash.ts(632,9): error TS2345: Argument of type 'number' is not assignable to parameter of type 'string'.
lib/dashdash.ts(636,34): error TS2339: Property 'nameSort' does not exist on type 'HTMLElement'.
lib/dashdash.ts(637,35): error TS2339: Property 'nameSort' does not exist on type 'HTMLElement'.
lib/dashdash.ts(642,34): error TS2339: Property 'maxCol' does not exist on type 'HTMLElement'.
lib/dashdash.ts(643,34): error TS2339: Property 'maxHelpCol' does not exist on type 'HTMLElement'.
lib/dashdash.ts(644,34): error TS2339: Property 'minHelpCol' does not exist on type 'HTMLElement'.
lib/dashdash.ts(645,34): error TS2339: Property 'helpCol' does not exist on type 'HTMLElement'.
lib/dashdash.ts(646,32): error TS2339: Property 'includeEnv' does not exist on type 'HTMLElement'.
lib/dashdash.ts(647,32): error TS2339: Property 'includeDefault' does not exist on type 'HTMLElement'.
lib/dashdash.ts(648,32): error TS2339: Property 'helpWrap' does not exist on type 'HTMLElement'.
lib/dashdash.ts(649,33): error TS2339: Property 'maxCol' does not exist on type 'HTMLElement'.
lib/dashdash.ts(650,37): error TS2339: Property 'minHelpCol' does not exist on type 'HTMLElement'.
lib/dashdash.ts(651,37): error TS2339: Property 'maxHelpCol' does not exist on type 'HTMLElement'.
lib/dashdash.ts(655,53): error TS2304: Cannot find name 'Void'.
lib/dashdash.ts(656,15): error TS2339: Property 'hidden' does not exist on type 'object'.
lib/dashdash.ts(659,15): error TS2339: Property 'group' does not exist on type 'object'.
lib/dashdash.ts(659,40): error TS2339: Property 'group' does not exist on type 'object'.
lib/dashdash.ts(664,42): error TS2339: Property 'type' does not exist on type 'object'.
lib/dashdash.ts(665,29): error TS2339: Property 'helpArg' does not exist on type 'object'.
lib/dashdash.ts(665,45): error TS2339: Property 'helpArg' does not exist on type 'object'.
lib/dashdash.ts(667,30): error TS2339: Property 'names' does not exist on type 'object'.
lib/dashdash.ts(679,65): error TS2304: Cannot find name 'Void'.
lib/dashdash.ts(685,26): error TS2339: Property 'takesArg' does not exist on type 'object'.
lib/dashdash.ts(690,26): error TS2339: Property 'takesArg' does not exist on type 'object'.
lib/dashdash.ts(700,34): error TS2339: Property 'helpCol' does not exist on type 'HTMLElement'.
lib/dashdash.ts(706,53): error TS2304: Cannot find name 'Void'.
lib/dashdash.ts(707,15): error TS2339: Property 'hidden' does not exist on type 'object'.
lib/dashdash.ts(712,15): error TS2339: Property 'group' does not exist on type 'object'.
lib/dashdash.ts(712,40): error TS2339: Property 'group' does not exist on type 'object'.
lib/dashdash.ts(713,19): error TS2339: Property 'group' does not exist on type 'object'.
lib/dashdash.ts(720,63): error TS2339: Property 'group' does not exist on type 'object'.
lib/dashdash.ts(726,20): error TS2339: Property 'includeDefault' does not exist on type 'HTMLElement'.
lib/dashdash.ts(727,19): error TS2339: Property 'default' does not exist on type 'object'.
lib/dashdash.ts(728,17): error TS2322: Type 'string' is not assignable to type 'number'.
lib/dashdash.ts(728,55): error TS2339: Property 'default' does not exist on type 'object'.
lib/dashdash.ts(729,26): error TS2339: Property 'type' does not exist on type 'object'.
lib/dashdash.ts(729,48): error TS2339: Property 'type' does not exist on type 'object'.
lib/dashdash.ts(730,17): error TS2322: Type 'string' is not assignable to type 'number'.
lib/dashdash.ts(732,35): error TS2339: Property 'type' does not exist on type 'object'.
lib/dashdash.ts(738,16): error TS2339: Property 'help' does not exist on type 'object'.
lib/dashdash.ts(738,33): error TS2339: Property 'includeEnv' does not exist on type 'HTMLElement'.
lib/dashdash.ts(738,49): error TS2339: Property 'env' does not exist on type 'object'.
lib/dashdash.ts(749,15): error TS2339: Property 'env' does not exist on type 'object'.
lib/dashdash.ts(749,24): error TS2339: Property 'env' does not exist on type 'object'.
lib/dashdash.ts(749,45): error TS2339: Property 'includeEnv' does not exist on type 'HTMLElement'.
lib/dashdash.ts(751,46): error TS2339: Property 'type' does not exist on type 'object'.
lib/dashdash.ts(752,33): error TS2339: Property 'helpArg' does not exist on type 'object'.
lib/dashdash.ts(752,49): error TS2339: Property 'helpArg' does not exist on type 'object'.
lib/dashdash.ts(753,48): error TS2339: Property 'env' does not exist on type 'object'.
lib/dashdash.ts(753,57): error TS2339: Property 'env' does not exist on type 'object'.
lib/dashdash.ts(753,66): error TS2339: Property 'env' does not exist on type 'object'.
lib/dashdash.ts(755,30): error TS2339: Property 'takesArg' does not exist on type 'object'.
lib/dashdash.ts(764,31): error TS2339: Property 'help' does not exist on type 'object'.
lib/dashdash.ts(765,15): error TS2339: Property 'helpWrap' does not exist on type 'object'.
lib/dashdash.ts(765,44): error TS2339: Property 'helpWrap' does not exist on type 'HTMLElement'.
lib/dashdash.ts(785,69): error TS2769: No overload matches this call.
  Overload 1 of 2, '(predicate: (value: string, index: number, array: string[]) => value is any, thisArg?: any): any[]', gave the following error.
    Argument of type '(ln: any[]) => number' is not assignable to parameter of type '(value: string, index: number, array: string[]) => value is any'.
      Types of parameters 'ln' and 'value' are incompatible.
        Type 'string' is not assignable to type 'any[]'.
  Overload 2 of 2, '(predicate: (value: string, index: number, array: string[]) => unknown, thisArg?: any): string[]', gave the following error.
    Argument of type '(ln: any[]) => number' is not assignable to parameter of type '(value: string, index: number, array: string[]) => unknown'.
      Types of parameters 'ln' and 'value' are incompatible.
        Type 'string' is not assignable to type 'any[]'.
lib/dashdash.ts(824,74): error TS2314: Generic type 'Promise<T>' requires 1 type argument(s).
lib/dashdash.ts(826,24): error TS2339: Property 'name' does not exist on type 'object'.
lib/dashdash.ts(827,32): error TS2339: Property 'specExtra' does not exist on type 'object'.
lib/dashdash.ts(828,39): error TS2339: Property 'argtypes' does not exist on type 'object'.
lib/dashdash.ts(831,20): error TS2339: Property 'name' does not exist on type 'object'.
lib/dashdash.ts(832,25): error TS2339: Property 'specExtra' does not exist on type 'object'.
lib/dashdash.ts(833,24): error TS2339: Property 'argtypes' does not exist on type 'object'.
lib/dashdash.ts(878,24): error TS2339: Property 'options' does not exist on type 'object'.
lib/dashdash.ts(879,32): error TS2339: Property 'context' does not exist on type 'object'.
lib/dashdash.ts(880,30): error TS2339: Property 'includeHidden' does not exist on type 'object'.
lib/dashdash.ts(881,39): error TS2339: Property 'argtypes' does not exist on type 'object'.
lib/dashdash.ts(883,32): error TS2339: Property 'context' does not exist on type 'object'.
lib/dashdash.ts(885,14): error TS2339: Property 'includeHidden' does not exist on type 'object'.
lib/dashdash.ts(885,57): error TS2339: Property 'includeHidden' does not exist on type 'object'.
lib/dashdash.ts(891,11): error TS2339: Property 'options' does not exist on type 'object'.
lib/dashdash.ts(891,61): error TS2304: Cannot find name 'Void'.
lib/dashdash.ts(892,15): error TS2339: Property 'group' does not exist on type 'object'.
lib/dashdash.ts(892,40): error TS2339: Property 'group' does not exist on type 'object'.
lib/dashdash.ts(897,33): error TS2339: Property 'names' does not exist on type 'object'.
lib/dashdash.ts(897,45): error TS2339: Property 'name' does not exist on type 'object'.
lib/dashdash.ts(898,13): error TS2322: Type 'string' is not assignable to type 'object'.
lib/dashdash.ts(898,47): error TS2339: Property 'type' does not exist on type 'object'.
lib/dashdash.ts(899,21): error TS2339: Property 'takesArg' does not exist on type 'object'.
lib/dashdash.ts(901,19): error TS2339: Property 'completionType' does not exist on type 'object'.
lib/dashdash.ts(901,45): error TS2339: Property 'completionType' does not exist on type 'object'.
lib/dashdash.ts(901,65): error TS2339: Property 'type' does not exist on type 'object'.
lib/dashdash.ts(902,67): error TS2304: Cannot find name 'Void'.
lib/dashdash.ts(904,45): error TS2339: Property 'hidden' does not exist on type 'object'.
lib/dashdash.ts(911,45): error TS2339: Property 'hidden' does not exist on type 'object'.
lib/dashdash.ts(918,67): error TS2304: Cannot find name 'Void'.
lib/dashdash.ts(919,41): error TS2339: Property 'hidden' does not exist on type 'object'.
lib/dashdash.ts(943,14): error TS2339: Property 'argtypes' does not exist on type 'object'.
lib/dashdash.ts(948,22): error TS2339: Property 'argtypes' does not exist on type 'object'.
lib/dashdash.ts(952,5): error TS2322: Type 'string' is not assignable to type 'any[]'.
lib/dashdash.ts(975,24): error TS2339: Property 'options' does not exist on type 'object'.
lib/dashdash.ts(976,24): error TS2339: Property 'name' does not exist on type 'object'.
lib/dashdash.ts(977,32): error TS2339: Property 'specExtra' does not exist on type 'object'.
lib/dashdash.ts(978,39): error TS2339: Property 'argtypes' does not exist on type 'object'.
lib/dashdash.ts(982,20): error TS2339: Property 'name' does not exist on type 'object'.
lib/dashdash.ts(985,27): error TS2339: Property 'options' does not exist on type 'object'.
lib/dashdash.ts(986,28): error TS2339: Property 'argtypes' does not exist on type 'object'.
lib/dashdash.ts(989,14): error TS2339: Property 'specExtra' does not exist on type 'object'.
lib/dashdash.ts(990,14): error TS2339: Property 'spec' does not exist on type 'object'.
lib/dashdash.ts(990,36): error TS2339: Property 'specExtra' does not exist on type 'object'.
lib/dashdash.ts(995,5): error TS2322: Type 'any[]' is not assignable to type 'boolean'.
lib/dashdash.ts(1001,12): error TS2350: Only a void function can be called with the 'new' keyword.
lib/dashdash.ts(1001,23): error TS2345: Argument of type 'string' is not assignable to parameter of type 'HTMLElement'.
lib/dashdash.ts(1011,34): error TS2304: Cannot find name 'Void'.
lib/dashdash.ts(1011,34): error TS4060: Return type of exported function has or is using private name 'Void'.
lib/dashdash.ts(1013,42): error TS2339: Property 'argv' does not exist on type 'object'.
lib/dashdash.ts(1014,35): error TS2339: Property 'env' does not exist on type 'object'.
lib/dashdash.ts(1017,30): error TS2339: Property 'argv' does not exist on type 'object'.
lib/dashdash.ts(1018,19): error TS2339: Property 'argv' does not exist on type 'object'.
lib/dashdash.ts(1019,30): error TS2339: Property 'env' does not exist on type 'object'.
lib/dashdash.ts(1020,19): error TS2339: Property 'env' does not exist on type 'object'.
lib/dashdash.ts(1022,31): error TS2350: Only a void function can be called with the 'new' keyword.
lib/dashdash.ts(1022,42): error TS2345: Argument of type 'object' is not assignable to parameter of type 'HTMLElement'.
  Type '{}' is missing the following properties from type 'HTMLElement': accessKey, accessKeyLabel, autocapitalize, dir, and 277 more.
lib/dashdash.ts(1023,19): error TS2339: Property 'parse' does not exist on type 'HTMLElement'.
lib/dashdash.ts(1046,45): error TS2304: Cannot find name 'Void'.
lib/dashdash.ts(1046,45): error TS4060: Return type of exported function has or is using private name 'Void'.
lib/dashdash.ts(1048,30): error TS2339: Property 'name' does not exist on type 'object'.
lib/dashdash.ts(1049,28): error TS2339: Property 'takesArg' does not exist on type 'object'.
lib/dashdash.ts(1050,20): error TS2339: Property 'takesArg' does not exist on type 'object'.
lib/dashdash.ts(1051,34): error TS2339: Property 'helpArg' does not exist on type 'object'.
lib/dashdash.ts(1053,28): error TS2339: Property 'parseArg' does not exist on type 'object'.
lib/dashdash.ts(1054,36): error TS2339: Property 'array' does not exist on type 'object'.
lib/dashdash.ts(1055,36): error TS2339: Property 'arrayFlatten' does not exist on type 'object'.
lib/dashdash.ts(1057,28): error TS2339: Property 'name' does not exist on type 'object'.
lib/dashdash.ts(1058,30): error TS2339: Property 'takesArg' does not exist on type 'object'.
lib/dashdash.ts(1059,29): error TS2339: Property 'helpArg' does not exist on type 'object'.
lib/dashdash.ts(1060,30): error TS2339: Property 'parseArg' does not exist on type 'object'.
lib/dashdash.ts(1061,27): error TS2339: Property 'array' does not exist on type 'object'.
lib/dashdash.ts(1062,34): error TS2339: Property 'arrayFlatten' does not exist on type 'object'.
lib/dashdash.ts(1063,29): error TS2339: Property 'default' does not exist on type 'object'.
lib/dashdash.ts(1087,26): error TS2339: Property 'names' does not exist on type 'object'.
lib/dashdash.ts(1087,38): error TS2339: Property 'name' does not exist on type 'object'.
lib/dashdash.ts(1090,9): error TS2322: Type 'string' is not assignable to type 'object'.
lib/dashdash.ts(1090,40): error TS2339: Property 'type' does not exist on type 'object'.
lib/dashdash.ts(1091,29): error TS2339: Property 'helpArg' does not exist on type 'object'.
lib/dashdash.ts(1091,54): error TS2339: Property 'helpArg' does not exist on type 'object'.
lib/dashdash.ts(1093,50): error TS2304: Cannot find name 'Void'.
lib/dashdash.ts(1095,26): error TS2339: Property 'takesArg' does not exist on type 'object'.

