lib/doctrine.ts(21,34): error TS2314: Generic type 'Array<T>' requires 1 type argument(s).
lib/doctrine.ts(34,36): error TS2345: Argument of type 'String' is not assignable to parameter of type 'PropertyKey'.
lib/doctrine.ts(35,21): error TS2538: Type 'String' cannot be used as an index type.
lib/doctrine.ts(35,32): error TS2538: Type 'String' cannot be used as an index type.
lib/doctrine.ts(109,32): error TS2769: No overload matches this call.
  Overload 1 of 3, '(pattern: string | RegExp, flags?: string | undefined): RegExp', gave the following error.
    Argument of type 'String' is not assignable to parameter of type 'string | RegExp'.
  Overload 2 of 3, '(pattern: string, flags?: string | undefined): RegExp', gave the following error.
    Argument of type 'String' is not assignable to parameter of type 'string'.
      'string' is a primitive, but 'String' is a wrapper object. Prefer using 'string' when possible.
lib/doctrine.ts(123,13): error TS2740: Type 'RegExp' is missing the following properties from type 'HTMLElement': accessKey, accessKeyLabel, autocapitalize, dir, and 277 more.
lib/doctrine.ts(123,47): error TS2769: No overload matches this call.
  Overload 1 of 3, '(pattern: string | RegExp, flags?: string | undefined): RegExp', gave the following error.
    Argument of type 'String' is not assignable to parameter of type 'string | RegExp'.
  Overload 2 of 3, '(pattern: string, flags?: string | undefined): RegExp', gave the following error.
    Argument of type 'String' is not assignable to parameter of type 'string'.
      'string' is a primitive, but 'String' is a wrapper object. Prefer using 'string' when possible.
lib/doctrine.ts(126,33): error TS2339: Property 'exec' does not exist on type 'HTMLElement'.
lib/doctrine.ts(127,32): error TS7053: Element implicitly has an 'any' type because expression of type '1' can't be used to index type 'Object'.
  Property '1' does not exist on type 'Object'.
lib/doctrine.ts(129,23): error TS2339: Property 'index' does not exist on type 'Object'.
lib/doctrine.ts(129,31): error TS7053: Element implicitly has an 'any' type because expression of type '0' can't be used to index type 'Object'.
  Property '0' does not exist on type 'Object'.
lib/doctrine.ts(129,49): error TS2365: Operator '+' cannot be applied to types 'String' and 'Number'.
lib/doctrine.ts(130,24): error TS2365: Operator '+' cannot be applied to types 'String' and 'Number'.
lib/doctrine.ts(151,48): error TS2345: Argument of type 'Number' is not assignable to parameter of type 'number'.
  'number' is a primitive, but 'Number' is a wrapper object. Prefer using 'number' when possible.
lib/doctrine.ts(152,13): error TS2365: Operator '+=' cannot be applied to types 'Number' and 'number'.
lib/doctrine.ts(153,25): error TS2339: Property 'code' does not exist on type 'HTMLElement'.
lib/doctrine.ts(153,101): error TS2345: Argument of type 'Number' is not assignable to parameter of type 'number'.
  'number' is a primitive, but 'Number' is a wrapper object. Prefer using 'number' when possible.
lib/doctrine.ts(154,17): error TS2365: Operator '+=' cannot be applied to types 'Number' and 'number'.
lib/doctrine.ts(156,13): error TS2322: Type 'string' is not assignable to type 'Number'.
lib/doctrine.ts(156,40): error TS2345: Argument of type 'Number' is not assignable to parameter of type 'number'.
  'number' is a primitive, but 'Number' is a wrapper object. Prefer using 'number' when possible.
lib/doctrine.ts(164,76): error TS2345: Argument of type 'Number' is not assignable to parameter of type 'number'.
  'number' is a primitive, but 'Number' is a wrapper object. Prefer using 'number' when possible.
lib/doctrine.ts(165,17): error TS2365: Operator '+=' cannot be applied to types 'String' and 'Number'.
lib/doctrine.ts(176,40): error TS2345: Argument of type 'Number' is not assignable to parameter of type 'number'.
  'number' is a primitive, but 'Number' is a wrapper object. Prefer using 'number' when possible.
lib/doctrine.ts(177,29): error TS2339: Property 'code' does not exist on type 'HTMLElement'.
lib/doctrine.ts(177,105): error TS2365: Operator '+' cannot be applied to types 'Number' and 'number'.
lib/doctrine.ts(183,34): error TS2339: Property 'code' does not exist on type 'HTMLElement'.
lib/doctrine.ts(187,17): error TS2365: Operator '+=' cannot be applied to types 'Number' and 'number'.
lib/doctrine.ts(189,13): error TS2322: Type 'Number' is not assignable to type 'String'.
lib/doctrine.ts(196,76): error TS2314: Generic type 'Array<T>' requires 1 type argument(s).
lib/doctrine.ts(202,40): error TS2345: Argument of type 'Number' is not assignable to parameter of type 'number'.
  'number' is a primitive, but 'Number' is a wrapper object. Prefer using 'number' when possible.
lib/doctrine.ts(203,29): error TS2339: Property 'code' does not exist on type 'HTMLElement'.
lib/doctrine.ts(224,40): error TS2345: Argument of type 'Number' is not assignable to parameter of type 'number'.
  'number' is a primitive, but 'Number' is a wrapper object. Prefer using 'number' when possible.
lib/doctrine.ts(225,29): error TS2339: Property 'code' does not exist on type 'HTMLElement'.
lib/doctrine.ts(229,25): error TS2362: The left-hand side of an arithmetic operation must be of type 'any', 'number', 'bigint' or an enum type.
lib/doctrine.ts(235,25): error TS2365: Operator '+=' cannot be applied to types 'Number' and 'number'.
lib/doctrine.ts(240,21): error TS2365: Operator '+=' cannot be applied to types 'String' and 'Number'.
lib/doctrine.ts(246,32): error TS2339: Property 'throwError' does not exist on type 'HTMLElement'.
lib/doctrine.ts(250,30): error TS2339: Property 'parseParamType' does not exist on type 'Element'.
lib/doctrine.ts(250,77): error TS2345: Argument of type 'Number' is not assignable to parameter of type 'String'.
lib/doctrine.ts(250,77): error TS2454: Variable 'startIndex' is used before being assigned.
lib/doctrine.ts(253,26): error TS2339: Property 'parseType' does not exist on type 'Element'.
lib/doctrine.ts(253,68): error TS2345: Argument of type 'Number' is not assignable to parameter of type 'String'.
lib/doctrine.ts(253,68): error TS2454: Variable 'startIndex' is used before being assigned.
lib/doctrine.ts(258,26): error TS2339: Property 'code' does not exist on type 'HTMLElement'.
lib/doctrine.ts(258,70): error TS2345: Argument of type 'Number' is not assignable to parameter of type 'number'.
  'number' is a primitive, but 'Number' is a wrapper object. Prefer using 'number' when possible.
lib/doctrine.ts(258,89): error TS2538: Type 'Number' cannot be used as an index type.
lib/doctrine.ts(259,17): error TS2322: Type 'null' is not assignable to type 'String'.
lib/doctrine.ts(261,13): error TS2322: Type 'Number' is not assignable to type 'String'.
lib/doctrine.ts(262,44): error TS2339: Property 'code' does not exist on type 'HTMLElement'.
lib/doctrine.ts(262,87): error TS2345: Argument of type 'Number' is not assignable to parameter of type 'number'.
  'number' is a primitive, but 'Number' is a wrapper object. Prefer using 'number' when possible.
lib/doctrine.ts(263,17): error TS2365: Operator '+=' cannot be applied to types 'String' and 'Number'.
lib/doctrine.ts(268,48): error TS2304: Cannot find name 'Void'.
lib/doctrine.ts(269,45): error TS2339: Property 'code' does not exist on type 'HTMLElement'.
lib/doctrine.ts(269,81): error TS2345: Argument of type 'Number' is not assignable to parameter of type 'number'.
  'number' is a primitive, but 'Number' is a wrapper object. Prefer using 'number' when possible.
lib/doctrine.ts(269,100): error TS2339: Property 'code' does not exist on type 'HTMLElement'.
lib/doctrine.ts(269,140): error TS2345: Argument of type 'Number' is not assignable to parameter of type 'number'.
  'number' is a primitive, but 'Number' is a wrapper object. Prefer using 'number' when possible.
lib/doctrine.ts(283,17): error TS2322: Type 'null' is not assignable to type 'String'.
lib/doctrine.ts(286,35): error TS2345: Argument of type 'Number' is not assignable to parameter of type 'number'.
  'number' is a primitive, but 'Number' is a wrapper object. Prefer using 'number' when possible.
lib/doctrine.ts(289,21): error TS2322: Type 'Number' is not assignable to type 'String'.
lib/doctrine.ts(291,21): error TS2322: Type 'null' is not assignable to type 'String'.
lib/doctrine.ts(295,13): error TS2365: Operator '+=' cannot be applied to types 'String' and 'String'.
lib/doctrine.ts(298,39): error TS2345: Argument of type 'Number' is not assignable to parameter of type 'number'.
  'number' is a primitive, but 'Number' is a wrapper object. Prefer using 'number' when possible.
lib/doctrine.ts(302,21): error TS2365: Operator '+=' cannot be applied to types 'String' and 'Number'.
lib/doctrine.ts(303,21): error TS2365: Operator '+=' cannot be applied to types 'String' and 'String'.
lib/doctrine.ts(306,38): error TS2345: Argument of type 'Number' is not assignable to parameter of type 'number'.
  'number' is a primitive, but 'Number' is a wrapper object. Prefer using 'number' when possible.
lib/doctrine.ts(306,86): error TS2365: Operator '+' cannot be applied to types 'Number' and 'number'.
lib/doctrine.ts(307,21): error TS2365: Operator '+=' cannot be applied to types 'String' and 'Number'.
lib/doctrine.ts(308,21): error TS2365: Operator '+=' cannot be applied to types 'String' and 'Number'.
lib/doctrine.ts(310,42): error TS2345: Argument of type 'Number' is not assignable to parameter of type 'number'.
  'number' is a primitive, but 'Number' is a wrapper object. Prefer using 'number' when possible.
lib/doctrine.ts(311,43): error TS2345: Argument of type 'Number' is not assignable to parameter of type 'number'.
  'number' is a primitive, but 'Number' is a wrapper object. Prefer using 'number' when possible.
lib/doctrine.ts(312,43): error TS2345: Argument of type 'Number' is not assignable to parameter of type 'number'.
  'number' is a primitive, but 'Number' is a wrapper object. Prefer using 'number' when possible.
lib/doctrine.ts(313,43): error TS2345: Argument of type 'Number' is not assignable to parameter of type 'number'.
  'number' is a primitive, but 'Number' is a wrapper object. Prefer using 'number' when possible.
lib/doctrine.ts(314,43): error TS2345: Argument of type 'Number' is not assignable to parameter of type 'number'.
  'number' is a primitive, but 'Number' is a wrapper object. Prefer using 'number' when possible.
lib/doctrine.ts(315,21): error TS2365: Operator '+=' cannot be applied to types 'String' and 'Number'.
lib/doctrine.ts(316,21): error TS2365: Operator '+=' cannot be applied to types 'String' and 'String'.
lib/doctrine.ts(320,17): error TS2454: Variable 'useBrackets' is used before being assigned.
lib/doctrine.ts(323,39): error TS2345: Argument of type 'Number' is not assignable to parameter of type 'number'.
  'number' is a primitive, but 'Number' is a wrapper object. Prefer using 'number' when possible.
lib/doctrine.ts(325,21): error TS2365: Operator '+=' cannot be applied to types 'String' and 'Number'.
lib/doctrine.ts(333,48): error TS2345: Argument of type 'Number' is not assignable to parameter of type 'number'.
  'number' is a primitive, but 'Number' is a wrapper object. Prefer using 'number' when possible.
lib/doctrine.ts(335,37): error TS2339: Property 'code' does not exist on type 'HTMLElement'.
lib/doctrine.ts(336,34): error TS2454: Variable 'insideString' is used before being assigned.
lib/doctrine.ts(338,56): error TS2345: Argument of type 'Number' is not assignable to parameter of type 'number'.
  'number' is a primitive, but 'Number' is a wrapper object. Prefer using 'number' when possible.
lib/doctrine.ts(343,34): error TS2454: Variable 'insideString' is used before being assigned.
lib/doctrine.ts(344,33): error TS2322: Type 'string' is not assignable to type 'Number'.
lib/doctrine.ts(346,37): error TS2367: This condition will always return 'false' since the types 'Number' and 'string' have no overlap.
lib/doctrine.ts(347,37): error TS2322: Type 'string' is not assignable to type 'Number'.
lib/doctrine.ts(353,34): error TS2454: Variable 'insideString' is used before being assigned.
lib/doctrine.ts(354,33): error TS2322: Type 'string' is not assignable to type 'Number'.
lib/doctrine.ts(356,37): error TS2367: This condition will always return 'false' since the types 'Number' and 'string' have no overlap.
lib/doctrine.ts(357,37): error TS2322: Type 'string' is not assignable to type 'Number'.
lib/doctrine.ts(363,29): error TS2356: An arithmetic operand must be of type 'any', 'number', 'bigint' or an enum type.
lib/doctrine.ts(365,31): error TS2356: An arithmetic operand must be of type 'any', 'number', 'bigint' or an enum type.
lib/doctrine.ts(369,25): error TS2365: Operator '+=' cannot be applied to types 'String' and 'Number'.
lib/doctrine.ts(375,56): error TS2345: Argument of type 'Number' is not assignable to parameter of type 'number'.
  'number' is a primitive, but 'Number' is a wrapper object. Prefer using 'number' when possible.
lib/doctrine.ts(377,21): error TS2322: Type 'null' is not assignable to type 'String'.
lib/doctrine.ts(381,17): error TS2365: Operator '+=' cannot be applied to types 'String' and 'Number'.
lib/doctrine.ts(388,56): error TS2345: Argument of type 'Number' is not assignable to parameter of type 'number'.
  'number' is a primitive, but 'Number' is a wrapper object. Prefer using 'number' when possible.
lib/doctrine.ts(394,21): error TS2339: Property 'assert' does not exist on type 'HTMLElement'.
lib/doctrine.ts(394,46): error TS2345: Argument of type 'Number' is not assignable to parameter of type 'number'.
  'number' is a primitive, but 'Number' is a wrapper object. Prefer using 'number' when possible.
lib/doctrine.ts(399,17): error TS2367: This condition will always return 'false' since the types 'String' and 'Function' have no overlap.
lib/doctrine.ts(400,17): error TS2322: Type 'String' is not assignable to type 'Boolean'.
  The types returned by 'valueOf()' are incompatible between these types.
    Type 'string' is not assignable to type 'boolean'.
lib/doctrine.ts(402,13): error TS2322: Type 'Number' is not assignable to type 'Boolean'.
  The types returned by 'valueOf()' are incompatible between these types.
    Type 'number' is not assignable to type 'boolean'.
lib/doctrine.ts(402,49): error TS2345: Argument of type 'Function' is not assignable to parameter of type 'String'.
  Type 'Function' is missing the following properties from type 'String': charAt, charCodeAt, concat, indexOf, and 43 more.
lib/doctrine.ts(405,63): error TS2304: Cannot find name 'Void'.
lib/doctrine.ts(406,13): error TS2683: 'this' implicitly has type 'any' because it does not have a type annotation.
lib/doctrine.ts(407,13): error TS2683: 'this' implicitly has type 'any' because it does not have a type annotation.
lib/doctrine.ts(408,13): error TS2683: 'this' implicitly has type 'any' because it does not have a type annotation.
lib/doctrine.ts(412,17): error TS2683: 'this' implicitly has type 'any' because it does not have a type annotation.
lib/doctrine.ts(413,17): error TS2683: 'this' implicitly has type 'any' because it does not have a type annotation.
lib/doctrine.ts(415,13): error TS2683: 'this' implicitly has type 'any' because it does not have a type annotation.
lib/doctrine.ts(415,27): error TS2362: The left-hand side of an arithmetic operation must be of type 'any', 'number', 'bigint' or an enum type.
lib/doctrine.ts(416,13): error TS2683: 'this' implicitly has type 'any' because it does not have a type annotation.
lib/doctrine.ts(418,13): error TS2683: 'this' implicitly has type 'any' because it does not have a type annotation.
lib/doctrine.ts(423,23): error TS2314: Generic type 'Array<T>' requires 1 type argument(s).
lib/doctrine.ts(427,33): error TS2339: Property 'assert' does not exist on type 'HTMLElement'.
lib/doctrine.ts(436,25): error TS2339: Property 'throwError' does not exist on type 'HTMLElement'.
lib/doctrine.ts(456,40): error TS2571: Object is of type 'unknown'.
lib/doctrine.ts(495,25): error TS2314: Generic type 'Array<T>' requires 1 type argument(s).
lib/doctrine.ts(546,36): error TS2345: Argument of type 'String' is not assignable to parameter of type 'string'.
  'string' is a primitive, but 'String' is a wrapper object. Prefer using 'string' when possible.
lib/doctrine.ts(558,60): error TS2345: Argument of type 'String' is not assignable to parameter of type 'string'.
  'string' is a primitive, but 'String' is a wrapper object. Prefer using 'string' when possible.
lib/doctrine.ts(559,58): error TS2345: Argument of type 'String' is not assignable to parameter of type 'string'.
  'string' is a primitive, but 'String' is a wrapper object. Prefer using 'string' when possible.
lib/doctrine.ts(562,21): error TS2365: Operator '+' cannot be applied to types 'Number' and 'number'.
lib/doctrine.ts(562,60): error TS2345: Argument of type 'Number' is not assignable to parameter of type 'number'.
  'number' is a primitive, but 'Number' is a wrapper object. Prefer using 'number' when possible.
lib/doctrine.ts(563,63): error TS2365: Operator '+' cannot be applied to types 'Number' and 'number'.
lib/doctrine.ts(627,42): error TS2554: Expected 1 arguments, but got 2.
lib/doctrine.ts(629,23): error TS2345: Argument of type 'Number' is not assignable to parameter of type 'number'.
  'number' is a primitive, but 'Number' is a wrapper object. Prefer using 'number' when possible.
lib/doctrine.ts(676,13): error TS2740: Type 'string[]' is missing the following properties from type 'Function': apply, call, bind, prototype, and 5 more.
lib/doctrine.ts(742,53): error TS2314: Generic type 'Array<T>' requires 1 type argument(s).
lib/doctrine.ts(748,21): error TS2322: Type 'null' is not assignable to type 'HTMLElement'.
lib/doctrine.ts(753,38): error TS2554: Expected 0 arguments, but got 1.
lib/doctrine.ts(760,29): error TS7053: Element implicitly has an 'any' type because expression of type 'any' can't be used to index type 'Object'.
lib/doctrine.ts(766,48): error TS2365: Operator '<' cannot be applied to types 'Number' and 'Function'.
lib/doctrine.ts(766,58): error TS2356: An arithmetic operand must be of type 'any', 'number', 'bigint' or an enum type.
lib/doctrine.ts(768,27): error TS2538: Type 'String' cannot be used as an index type.
lib/doctrine.ts(769,21): error TS2322: Type 'null' is not assignable to type 'HTMLElement'.
lib/doctrine.ts(781,17): error TS2322: Type 'null' is not assignable to type 'Object'.
lib/doctrine.ts(788,22): error TS7009: 'new' expression, whose target lacks a construct signature, implicitly has an 'any' type.
lib/doctrine.ts(788,36): error TS2345: Argument of type 'Object' is not assignable to parameter of type 'Function'.
  The 'Object' type is assignable to very few other types. Did you mean to use the 'any' type instead?
    Type 'Object' is missing the following properties from type 'Function': apply, call, bind, prototype, and 6 more.
lib/doctrine.ts(789,26): error TS2339: Property 'parse' does not exist on type 'HTMLElement'.
lib/doctrine.ts(792,35): error TS2339: Property '_last' does not exist on type 'HTMLElement'.
lib/doctrine.ts(808,40): error TS2345: Argument of type 'Number' is not assignable to parameter of type 'number'.
  'number' is a primitive, but 'Number' is a wrapper object. Prefer using 'number' when possible.
lib/doctrine.ts(814,29): error TS2339: Property 'code' does not exist on type 'HTMLElement'.
lib/doctrine.ts(816,50): error TS2339: Property 'code' does not exist on type 'HTMLElement'.
lib/doctrine.ts(820,17): error TS2365: Operator '+=' cannot be applied to types 'String' and 'Number'.
lib/doctrine.ts(823,13): error TS2322: Type 'string | String' is not assignable to type 'Number'.
  Type 'string' is not assignable to type 'Number'.
lib/doctrine.ts(827,23): error TS2314: Generic type 'Array<T>' requires 1 type argument(s).
lib/doctrine.ts(833,32): error TS2339: Property 'unwrap' does not exist on type 'Object'.
lib/doctrine.ts(833,64): error TS2339: Property 'unwrap' does not exist on type 'Object'.
lib/doctrine.ts(839,13): error TS2740: Type 'String' is missing the following properties from type 'Function': apply, call, bind, prototype, and 5 more.
lib/doctrine.ts(842,25): error TS2339: Property 'tags' does not exist on type 'Object'.
lib/doctrine.ts(843,43): error TS2339: Property 'tags' does not exist on type 'Object'.
lib/doctrine.ts(845,46): error TS2339: Property 'tags' does not exist on type 'Object'.
lib/doctrine.ts(845,59): error TS2365: Operator '<' cannot be applied to types 'Number' and 'Function'.
lib/doctrine.ts(845,67): error TS2356: An arithmetic operand must be of type 'any', 'number', 'bigint' or an enum type.
lib/doctrine.ts(846,44): error TS2339: Property 'tags' does not exist on type 'Object'.
lib/doctrine.ts(847,29): error TS7053: Element implicitly has an 'any' type because expression of type 'any' can't be used to index type 'Object'.
lib/doctrine.ts(847,53): error TS2339: Property 'tags' does not exist on type 'Object'.
lib/doctrine.ts(849,37): error TS2339: Property 'throwError' does not exist on type 'HTMLElement'.
lib/doctrine.ts(849,87): error TS2339: Property 'tags' does not exist on type 'Object'.
lib/doctrine.ts(853,29): error TS2339: Property 'throwError' does not exist on type 'HTMLElement'.
lib/doctrine.ts(853,79): error TS2339: Property 'tags' does not exist on type 'Object'.
lib/doctrine.ts(860,35): error TS2339: Property 'recoverable' does not exist on type 'Object'.
lib/doctrine.ts(861,30): error TS2339: Property 'sloppy' does not exist on type 'Object'.
lib/doctrine.ts(862,30): error TS2339: Property 'strict' does not exist on type 'Object'.
lib/doctrine.ts(864,13): error TS2322: Type 'Number' is not assignable to type 'String'.
lib/doctrine.ts(864,56): error TS2339: Property 'preserveWhitespace' does not exist on type 'Object'.
lib/doctrine.ts(871,22): error TS2454: Variable 'interestingTags' is used before being assigned.
lib/doctrine.ts(871,76): error TS2339: Property 'title' does not exist on type 'Object'.
lib/doctrine.ts(881,17): error TS2339: Property 'parse' does not exist on type 'HTMLElement'.
lib/doctrine.ts(882,7): error TS2740: Type '{}' is missing the following properties from type 'HTMLElement': accessKey, accessKeyLabel, autocapitalize, dir, and 277 more.
lib/doctrine.ts(882,7): error TS2345: Argument of type '{}' is not assignable to parameter of type 'HTMLElement'.
  Type '{}' is missing the following properties from type 'HTMLElement': accessKey, accessKeyLabel, autocapitalize, dir, and 277 more.
lib/doctrine.ts(884,31): error TS2339: Property 'VERSION' does not exist on type 'HTMLElement'.
lib/doctrine.ts(885,27): error TS2339: Property 'parse' does not exist on type 'HTMLElement'.
lib/doctrine.ts(886,31): error TS2339: Property 'parseType' does not exist on type 'Element'.
lib/doctrine.ts(887,36): error TS2339: Property 'parseParamType' does not exist on type 'Element'.
lib/doctrine.ts(889,40): error TS2339: Property 'Syntax' does not exist on type 'Element'.
lib/doctrine.ts(890,29): error TS2339: Property 'DoctrineError' does not exist on type 'HTMLElement'.
lib/doctrine.ts(893,26): error TS2339: Property 'parseType' does not exist on type 'Element'.
lib/doctrine.ts(894,31): error TS2339: Property 'parseParamType' does not exist on type 'Element'.
lib/doctrine.ts(895,26): error TS2339: Property 'stringify' does not exist on type 'Element'.
lib/typed.ts(15,17): error TS2314: Generic type 'Array<T>' requires 1 type argument(s).
lib/typed.ts(78,62): error TS2345: Argument of type 'String' is not assignable to parameter of type 'number'.
lib/typed.ts(78,86): error TS2339: Property 'code' does not exist on type 'HTMLElement'.
lib/typed.ts(78,120): error TS2339: Property 'code' does not exist on type 'HTMLElement'.
lib/typed.ts(81,90): error TS2355: A function whose declared type is neither 'void' nor 'any' must return a value.
lib/typed.ts(82,9): error TS2683: 'this' implicitly has type 'any' because it does not have a type annotation.
lib/typed.ts(83,9): error TS2683: 'this' implicitly has type 'any' because it does not have a type annotation.
lib/typed.ts(84,9): error TS2683: 'this' implicitly has type 'any' because it does not have a type annotation.
lib/typed.ts(85,9): error TS2683: 'this' implicitly has type 'any' because it does not have a type annotation.
lib/typed.ts(96,16): error TS7009: 'new' expression, whose target lacks a construct signature, implicitly has an 'any' type.
lib/typed.ts(96,38): error TS2345: Argument of type 'Number' is not assignable to parameter of type 'String'.
lib/typed.ts(99,49): error TS2314: Generic type 'Promise<T>' requires 1 type argument(s).
lib/typed.ts(101,18): error TS2339: Property 'range' does not exist on type 'Object'.
lib/typed.ts(103,9): error TS2696: The 'Object' type is assignable to very few other types. Did you mean to use the 'any' type instead?
  Type 'Object' is missing the following properties from type 'String': charAt, charCodeAt, concat, indexOf, and 44 more.
lib/typed.ts(108,9): error TS2365: Operator '+=' cannot be applied to types 'Number' and 'number'.
lib/typed.ts(115,16): error TS2367: This condition will always return 'false' since the types 'Number' and 'string' have no overlap.
lib/typed.ts(116,32): error TS2356: An arithmetic operand must be of type 'any', 'number', 'bigint' or an enum type.
lib/typed.ts(117,43): error TS2339: Property 'code' does not exist on type 'HTMLElement'.
lib/typed.ts(119,24): error TS2362: The left-hand side of an arithmetic operation must be of type 'any', 'number', 'bigint' or an enum type.
lib/typed.ts(124,36): error TS2345: Argument of type 'Number' is not assignable to parameter of type 'number'.
  'number' is a primitive, but 'Number' is a wrapper object. Prefer using 'number' when possible.
lib/typed.ts(130,11): error TS2356: An arithmetic operand must be of type 'any', 'number', 'bigint' or an enum type.
lib/typed.ts(140,30): error TS2339: Property 'code' does not exist on type 'HTMLElement'.
lib/typed.ts(154,25): error TS2322: Type 'String' is not assignable to type 'Number'.
lib/typed.ts(154,51): error TS2345: Argument of type 'String' is not assignable to parameter of type 'Number'.
  Type 'String' is missing the following properties from type 'Number': toFixed, toExponential, toPrecision
lib/typed.ts(156,29): error TS2365: Operator '+=' cannot be applied to types 'String' and 'Number'.
lib/typed.ts(159,29): error TS2365: Operator '+=' cannot be applied to types 'String' and 'String'.
lib/typed.ts(173,37): error TS2339: Property 'code' does not exist on type 'HTMLElement'.
lib/typed.ts(174,55): error TS2345: Argument of type 'String' is not assignable to parameter of type 'string'.
  'string' is a primitive, but 'String' is a wrapper object. Prefer using 'string' when possible.
lib/typed.ts(182,59): error TS2339: Property 'code' does not exist on type 'HTMLElement'.
lib/typed.ts(184,40): error TS2362: The left-hand side of an arithmetic operation must be of type 'any', 'number', 'bigint' or an enum type.
lib/typed.ts(184,70): error TS2345: Argument of type 'String' is not assignable to parameter of type 'string'.
  'string' is a primitive, but 'String' is a wrapper object. Prefer using 'string' when possible.
lib/typed.ts(188,52): error TS2345: Argument of type 'String' is not assignable to parameter of type 'string'.
  'string' is a primitive, but 'String' is a wrapper object. Prefer using 'string' when possible.
lib/typed.ts(190,49): error TS2339: Property 'code' does not exist on type 'HTMLElement'.
lib/typed.ts(191,44): error TS2362: The left-hand side of an arithmetic operation must be of type 'any', 'number', 'bigint' or an enum type.
lib/typed.ts(191,74): error TS2345: Argument of type 'String' is not assignable to parameter of type 'string'.
  'string' is a primitive, but 'String' is a wrapper object. Prefer using 'string' when possible.
lib/typed.ts(194,56): error TS2345: Argument of type 'Number' is not assignable to parameter of type 'number'.
  'number' is a primitive, but 'Number' is a wrapper object. Prefer using 'number' when possible.
lib/typed.ts(196,29): error TS2365: Operator '+=' cannot be applied to types 'String' and 'String'.
lib/typed.ts(202,27): error TS2356: An arithmetic operand must be of type 'any', 'number', 'bigint' or an enum type.
lib/typed.ts(205,32): error TS2339: Property 'code' does not exist on type 'HTMLElement'.
lib/typed.ts(208,17): error TS2365: Operator '+=' cannot be applied to types 'String' and 'String'.
lib/typed.ts(213,21): error TS2339: Property 'throwError' does not exist on type 'HTMLElement'.
lib/typed.ts(217,22): error TS2551: Property 'STRING' does not exist on type 'Object'. Did you mean 'toString'?
lib/typed.ts(232,21): error TS2365: Operator '+=' cannot be applied to types 'String' and 'String'.
lib/typed.ts(235,38): error TS2339: Property 'code' does not exist on type 'HTMLElement'.
lib/typed.ts(238,25): error TS2365: Operator '+=' cannot be applied to types 'String' and 'String'.
lib/typed.ts(243,33): error TS2339: Property 'throwError' does not exist on type 'HTMLElement'.
lib/typed.ts(248,37): error TS2339: Property 'code' does not exist on type 'HTMLElement'.
lib/typed.ts(249,37): error TS2339: Property 'throwError' does not exist on type 'HTMLElement'.
lib/typed.ts(252,21): error TS2322: Type 'number' is not assignable to type 'String'.
lib/typed.ts(252,38): error TS2345: Argument of type 'String' is not assignable to parameter of type 'string'.
  'string' is a primitive, but 'String' is a wrapper object. Prefer using 'string' when possible.
lib/typed.ts(253,34): error TS2339: Property 'NUMBER' does not exist on type 'Object'.
lib/typed.ts(256,29): error TS2339: Property 'code' does not exist on type 'HTMLElement'.
lib/typed.ts(257,21): error TS2365: Operator '+=' cannot be applied to types 'String' and 'String'.
lib/typed.ts(260,38): error TS2339: Property 'code' does not exist on type 'HTMLElement'.
lib/typed.ts(263,25): error TS2365: Operator '+=' cannot be applied to types 'String' and 'String'.
lib/typed.ts(268,37): error TS2339: Property 'code' does not exist on type 'HTMLElement'.
lib/typed.ts(268,78): error TS2339: Property 'code' does not exist on type 'HTMLElement'.
lib/typed.ts(269,37): error TS2339: Property 'throwError' does not exist on type 'HTMLElement'.
lib/typed.ts(272,21): error TS2322: Type 'number' is not assignable to type 'String'.
lib/typed.ts(272,38): error TS2345: Argument of type 'String' is not assignable to parameter of type 'string'.
  'string' is a primitive, but 'String' is a wrapper object. Prefer using 'string' when possible.
lib/typed.ts(273,34): error TS2339: Property 'NUMBER' does not exist on type 'Object'.
lib/typed.ts(276,29): error TS2339: Property 'code' does not exist on type 'HTMLElement'.
lib/typed.ts(277,29): error TS2339: Property 'throwError' does not exist on type 'HTMLElement'.
lib/typed.ts(283,30): error TS2339: Property 'code' does not exist on type 'HTMLElement'.
lib/typed.ts(286,17): error TS2365: Operator '+=' cannot be applied to types 'String' and 'String'.
lib/typed.ts(291,13): error TS2365: Operator '+=' cannot be applied to types 'String' and 'String'.
lib/typed.ts(294,30): error TS2339: Property 'code' does not exist on type 'HTMLElement'.
lib/typed.ts(297,17): error TS2365: Operator '+=' cannot be applied to types 'String' and 'String'.
lib/typed.ts(302,13): error TS2365: Operator '+=' cannot be applied to types 'String' and 'String'.
lib/typed.ts(306,17): error TS2365: Operator '+=' cannot be applied to types 'String' and 'String'.
lib/typed.ts(310,25): error TS2339: Property 'code' does not exist on type 'HTMLElement'.
lib/typed.ts(311,17): error TS2365: Operator '+=' cannot be applied to types 'String' and 'String'.
lib/typed.ts(314,34): error TS2339: Property 'code' does not exist on type 'HTMLElement'.
lib/typed.ts(317,21): error TS2365: Operator '+=' cannot be applied to types 'String' and 'String'.
lib/typed.ts(320,25): error TS2339: Property 'throwError' does not exist on type 'HTMLElement'.
lib/typed.ts(326,25): error TS2339: Property 'code' does not exist on type 'HTMLElement'.
lib/typed.ts(327,25): error TS2339: Property 'throwError' does not exist on type 'HTMLElement'.
lib/typed.ts(331,9): error TS2322: Type 'number' is not assignable to type 'String'.
lib/typed.ts(331,28): error TS2345: Argument of type 'String' is not assignable to parameter of type 'string'.
  'string' is a primitive, but 'String' is a wrapper object. Prefer using 'string' when possible.
lib/typed.ts(332,22): error TS2339: Property 'NUMBER' does not exist on type 'Object'.
lib/typed.ts(343,22): error TS2365: Operator '+' cannot be applied to types 'Number' and 'number'.
lib/typed.ts(344,34): error TS2339: Property 'ILLEGAL' does not exist on type 'Object'.
lib/typed.ts(346,41): error TS2365: Operator '+' cannot be applied to types 'Number' and 'number'.
lib/typed.ts(351,13): error TS2365: Operator '+=' cannot be applied to types 'String' and 'String'.
lib/typed.ts(353,22): error TS2339: Property 'NAME' does not exist on type 'Object'.
lib/typed.ts(361,42): error TS2339: Property 'code' does not exist on type 'HTMLElement'.
lib/typed.ts(365,27): error TS2339: Property 'EOF' does not exist on type 'Object'.
lib/typed.ts(378,27): error TS2339: Property 'COLON' does not exist on type 'Object'.
lib/typed.ts(383,27): error TS2339: Property 'COMMA' does not exist on type 'Object'.
lib/typed.ts(388,27): error TS2339: Property 'LPAREN' does not exist on type 'Object'.
lib/typed.ts(393,27): error TS2339: Property 'RPAREN' does not exist on type 'Object'.
lib/typed.ts(398,27): error TS2339: Property 'LBRACK' does not exist on type 'Object'.
lib/typed.ts(403,27): error TS2339: Property 'RBRACK' does not exist on type 'Object'.
lib/typed.ts(408,27): error TS2339: Property 'LBRACE' does not exist on type 'Object'.
lib/typed.ts(413,27): error TS2339: Property 'RBRACE' does not exist on type 'Object'.
lib/typed.ts(417,17): error TS2365: Operator '+' cannot be applied to types 'Number' and 'number'.
lib/typed.ts(418,40): error TS2365: Operator '+' cannot be applied to types 'Number' and 'number'.
lib/typed.ts(422,35): error TS2339: Property 'DOT_LT' does not exist on type 'Object'.
lib/typed.ts(426,47): error TS2365: Operator '+' cannot be applied to types 'Number' and 'number'.
lib/typed.ts(426,87): error TS2365: Operator '+' cannot be applied to types 'Number' and 'number'.
lib/typed.ts(430,35): error TS2339: Property 'REST' does not exist on type 'Object'.
lib/typed.ts(434,29): error TS2339: Property 'code' does not exist on type 'HTMLElement'.
lib/typed.ts(435,21): error TS2322: Type 'String' is not assignable to type 'Number'.
lib/typed.ts(439,27): error TS2339: Property 'ILLEGAL' does not exist on type 'Object'.
lib/typed.ts(444,27): error TS2339: Property 'LT' does not exist on type 'Object'.
lib/typed.ts(449,27): error TS2339: Property 'GT' does not exist on type 'Object'.
lib/typed.ts(454,27): error TS2339: Property 'STAR' does not exist on type 'Object'.
lib/typed.ts(459,27): error TS2339: Property 'PIPE' does not exist on type 'Object'.
lib/typed.ts(464,27): error TS2339: Property 'QUESTION' does not exist on type 'Object'.
lib/typed.ts(469,27): error TS2339: Property 'BANG' does not exist on type 'Object'.
lib/typed.ts(474,27): error TS2339: Property 'EQUAL' does not exist on type 'Object'.
lib/typed.ts(478,13): error TS2322: Type 'String' is not assignable to type 'Number'.
lib/typed.ts(482,25): error TS2339: Property 'code' does not exist on type 'HTMLElement'.
lib/typed.ts(483,17): error TS2322: Type 'String' is not assignable to type 'Number'.
lib/typed.ts(492,21): error TS2339: Property 'assert' does not exist on type 'HTMLElement'.
lib/typed.ts(492,39): error TS2345: Argument of type 'Number' is not assignable to parameter of type 'String'.
  Type 'Number' is missing the following properties from type 'String': charAt, charCodeAt, concat, indexOf, and 44 more.
lib/typed.ts(493,13): error TS2322: Type 'String' is not assignable to type 'Number'.
lib/typed.ts(498,53): error TS2304: Cannot find name 'Void'.
lib/typed.ts(499,17): error TS2339: Property 'assert' does not exist on type 'HTMLElement'.
lib/typed.ts(503,55): error TS2304: Cannot find name 'Void'.
lib/typed.ts(505,21): error TS2339: Property 'throwError' does not exist on type 'HTMLElement'.
lib/typed.ts(519,32): error TS2314: Generic type 'Array<T>' requires 1 type argument(s).
lib/typed.ts(520,23): error TS2314: Generic type 'Array<T>' requires 1 type argument(s).
lib/typed.ts(520,51): error TS2362: The left-hand side of an arithmetic operation must be of type 'any', 'number', 'bigint' or an enum type.
lib/typed.ts(521,23): error TS2339: Property 'LPAREN' does not exist on type 'Object'.
lib/typed.ts(523,29): error TS2339: Property 'RPAREN' does not exist on type 'Object'.
lib/typed.ts(526,37): error TS2339: Property 'RPAREN' does not exist on type 'Object'.
lib/typed.ts(529,17): error TS2554: Expected 2 arguments, but got 1.
lib/typed.ts(529,30): error TS2339: Property 'PIPE' does not exist on type 'Object'.
lib/typed.ts(532,23): error TS2339: Property 'RPAREN' does not exist on type 'Object'.
lib/typed.ts(534,26): error TS2339: Property 'UnionType' does not exist on type 'Object'.
lib/typed.ts(547,23): error TS2314: Generic type 'Array<T>' requires 1 type argument(s).
lib/typed.ts(547,51): error TS2362: The left-hand side of an arithmetic operation must be of type 'any', 'number', 'bigint' or an enum type.
lib/typed.ts(548,23): error TS2339: Property 'LBRACK' does not exist on type 'Object'.
lib/typed.ts(550,32): error TS2339: Property 'RBRACK' does not exist on type 'Object'.
lib/typed.ts(551,33): error TS2339: Property 'REST' does not exist on type 'Object'.
lib/typed.ts(552,34): error TS2362: The left-hand side of an arithmetic operation must be of type 'any', 'number', 'bigint' or an enum type.
lib/typed.ts(553,17): error TS2554: Expected 2 arguments, but got 1.
lib/typed.ts(553,31): error TS2339: Property 'REST' does not exist on type 'Object'.
lib/typed.ts(555,34): error TS2339: Property 'RestType' does not exist on type 'Object'.
lib/typed.ts(562,33): error TS2339: Property 'RBRACK' does not exist on type 'Object'.
lib/typed.ts(563,17): error TS2554: Expected 2 arguments, but got 1.
lib/typed.ts(563,30): error TS2339: Property 'COMMA' does not exist on type 'Object'.
lib/typed.ts(566,9): error TS2554: Expected 2 arguments, but got 1.
lib/typed.ts(566,22): error TS2339: Property 'RBRACK' does not exist on type 'Object'.
lib/typed.ts(568,26): error TS2339: Property 'ArrayType' does not exist on type 'Object'.
lib/typed.ts(573,32): error TS2366: Function lacks ending return statement and return type does not include 'undefined'.
lib/typed.ts(574,13): error TS2322: Type 'String' is not assignable to type 'Number'.
lib/typed.ts(575,29): error TS2339: Property 'NAME' does not exist on type 'Object'.
lib/typed.ts(575,53): error TS2551: Property 'STRING' does not exist on type 'Object'. Did you mean 'toString'?
lib/typed.ts(577,13): error TS2322: Type 'Number' is not assignable to type 'String'.
lib/typed.ts(580,29): error TS2339: Property 'NUMBER' does not exist on type 'Object'.
lib/typed.ts(581,13): error TS2554: Expected 2 arguments, but got 1.
lib/typed.ts(581,27): error TS2339: Property 'NUMBER' does not exist on type 'Object'.
lib/typed.ts(585,17): error TS2339: Property 'throwError' does not exist on type 'HTMLElement'.
lib/typed.ts(597,32): error TS2314: Generic type 'Array<T>' requires 1 type argument(s).
lib/typed.ts(601,29): error TS2339: Property 'COLON' does not exist on type 'Object'.
lib/typed.ts(602,13): error TS2554: Expected 2 arguments, but got 1.
lib/typed.ts(602,27): error TS2339: Property 'COLON' does not exist on type 'Object'.
lib/typed.ts(604,30): error TS2339: Property 'FieldType' does not exist on type 'Object'.
lib/typed.ts(610,26): error TS2339: Property 'FieldType' does not exist on type 'Object'.
lib/typed.ts(622,33): error TS2314: Generic type 'Array<T>' requires 1 type argument(s).
lib/typed.ts(623,21): error TS2314: Generic type 'Array<T>' requires 1 type argument(s).
lib/typed.ts(623,49): error TS2362: The left-hand side of an arithmetic operation must be of type 'any', 'number', 'bigint' or an enum type.
lib/typed.ts(625,23): error TS2339: Property 'LBRACE' does not exist on type 'Object'.
lib/typed.ts(627,29): error TS2339: Property 'COMMA' does not exist on type 'Object'.
lib/typed.ts(628,13): error TS2554: Expected 2 arguments, but got 1.
lib/typed.ts(628,27): error TS2339: Property 'COMMA' does not exist on type 'Object'.
lib/typed.ts(630,36): error TS2339: Property 'RBRACE' does not exist on type 'Object'.
lib/typed.ts(632,37): error TS2339: Property 'RBRACE' does not exist on type 'Object'.
lib/typed.ts(633,21): error TS2554: Expected 2 arguments, but got 1.
lib/typed.ts(633,34): error TS2339: Property 'COMMA' does not exist on type 'Object'.
lib/typed.ts(638,9): error TS2554: Expected 2 arguments, but got 1.
lib/typed.ts(638,22): error TS2339: Property 'RBRACE' does not exist on type 'Object'.
lib/typed.ts(640,26): error TS2339: Property 'RecordType' does not exist on type 'Object'.
lib/typed.ts(652,37): error TS2314: Generic type 'Array<T>' requires 1 type argument(s).
lib/typed.ts(653,56): error TS2362: The left-hand side of an arithmetic operation must be of type 'any', 'number', 'bigint' or an enum type.
lib/typed.ts(654,9): error TS2554: Expected 2 arguments, but got 1.
lib/typed.ts(654,22): error TS2339: Property 'NAME' does not exist on type 'Object'.
lib/typed.ts(656,29): error TS2339: Property 'COLON' does not exist on type 'Object'.
lib/typed.ts(660,13): error TS2554: Expected 2 arguments, but got 1.
lib/typed.ts(660,27): error TS2339: Property 'COLON' does not exist on type 'Object'.
lib/typed.ts(662,13): error TS2554: Expected 2 arguments, but got 1.
lib/typed.ts(662,26): error TS2339: Property 'NAME' does not exist on type 'Object'.
lib/typed.ts(666,26): error TS2339: Property 'NameExpression' does not exist on type 'Object'.
lib/typed.ts(674,41): error TS2314: Generic type 'Array<T>' requires 1 type argument(s).
lib/typed.ts(675,23): error TS2314: Generic type 'Array<T>' requires 1 type argument(s).
lib/typed.ts(678,32): error TS2339: Property 'COMMA' does not exist on type 'Object'.
lib/typed.ts(679,13): error TS2554: Expected 2 arguments, but got 1.
lib/typed.ts(679,27): error TS2339: Property 'COMMA' does not exist on type 'Object'.
lib/typed.ts(692,31): error TS2314: Generic type 'Array<T>' requires 1 type argument(s).
lib/typed.ts(693,19): error TS2314: Generic type 'Array<T>' requires 1 type argument(s).
lib/typed.ts(693,40): error TS2314: Generic type 'Array<T>' requires 1 type argument(s).
lib/typed.ts(693,68): error TS2362: The left-hand side of an arithmetic operation must be of type 'any', 'number', 'bigint' or an enum type.
lib/typed.ts(696,29): error TS2339: Property 'DOT_LT' does not exist on type 'Object'.
lib/typed.ts(696,55): error TS2339: Property 'LT' does not exist on type 'Object'.
lib/typed.ts(699,13): error TS2554: Expected 2 arguments, but got 1.
lib/typed.ts(699,26): error TS2339: Property 'GT' does not exist on type 'Object'.
lib/typed.ts(701,30): error TS2339: Property 'TypeApplication' does not exist on type 'Object'.
lib/typed.ts(717,23): error TS2339: Property 'COLON' does not exist on type 'Object'.
lib/typed.ts(718,29): error TS2339: Property 'NAME' does not exist on type 'Object'.
lib/typed.ts(719,13): error TS2554: Expected 2 arguments, but got 1.
lib/typed.ts(719,27): error TS2339: Property 'NAME' does not exist on type 'Object'.
lib/typed.ts(721,30): error TS2339: Property 'VoidLiteral' does not exist on type 'Object'.
lib/typed.ts(750,37): error TS2314: Generic type 'Array<T>' requires 1 type argument(s).
lib/typed.ts(751,21): error TS2314: Generic type 'Array<T>' requires 1 type argument(s).
lib/typed.ts(751,150): error TS2362: The left-hand side of an arithmetic operation must be of type 'any', 'number', 'bigint' or an enum type.
lib/typed.ts(753,32): error TS2339: Property 'RPAREN' does not exist on type 'Object'.
lib/typed.ts(754,33): error TS2339: Property 'REST' does not exist on type 'Object'.
lib/typed.ts(756,17): error TS2554: Expected 2 arguments, but got 1.
lib/typed.ts(756,31): error TS2339: Property 'REST' does not exist on type 'Object'.
lib/typed.ts(763,22): error TS2339: Property 'type' does not exist on type 'Object'.
lib/typed.ts(763,38): error TS2339: Property 'NameExpression' does not exist on type 'Object'.
lib/typed.ts(763,72): error TS2339: Property 'COLON' does not exist on type 'Object'.
lib/typed.ts(764,17): error TS2322: Type 'number' is not assignable to type 'String'.
lib/typed.ts(764,34): error TS2362: The left-hand side of an arithmetic operation must be of type 'any', 'number', 'bigint' or an enum type.
lib/typed.ts(764,50): error TS2339: Property 'name' does not exist on type 'Object'.
lib/typed.ts(766,17): error TS2554: Expected 2 arguments, but got 1.
lib/typed.ts(766,31): error TS2339: Property 'COLON' does not exist on type 'Object'.
lib/typed.ts(768,34): error TS2339: Property 'ParameterType' does not exist on type 'Object'.
lib/typed.ts(769,32): error TS2339: Property 'name' does not exist on type 'Object'.
lib/typed.ts(773,33): error TS2339: Property 'EQUAL' does not exist on type 'Object'.
lib/typed.ts(774,17): error TS2554: Expected 2 arguments, but got 1.
lib/typed.ts(774,31): error TS2339: Property 'EQUAL' does not exist on type 'Object'.
lib/typed.ts(776,34): error TS2339: Property 'OptionalType' does not exist on type 'Object'.
lib/typed.ts(782,29): error TS2339: Property 'throwError' does not exist on type 'HTMLElement'.
lib/typed.ts(787,34): error TS2339: Property 'RestType' does not exist on type 'Object'.
lib/typed.ts(792,33): error TS2339: Property 'RPAREN' does not exist on type 'Object'.
lib/typed.ts(793,17): error TS2554: Expected 2 arguments, but got 1.
lib/typed.ts(793,30): error TS2339: Property 'COMMA' does not exist on type 'Object'.
lib/typed.ts(807,60): error TS2314: Generic type 'Array<T>' requires 1 type argument(s).
lib/typed.ts(807,75): error TS2314: Generic type 'Array<T>' requires 1 type argument(s).
lib/typed.ts(807,119): error TS2362: The left-hand side of an arithmetic operation must be of type 'any', 'number', 'bigint' or an enum type.
lib/typed.ts(808,17): error TS2339: Property 'assert' does not exist on type 'HTMLElement'.
lib/typed.ts(808,40): error TS2339: Property 'NAME' does not exist on type 'Object'.
lib/typed.ts(809,9): error TS2554: Expected 2 arguments, but got 1.
lib/typed.ts(809,23): error TS2339: Property 'NAME' does not exist on type 'Object'.
lib/typed.ts(813,9): error TS2554: Expected 2 arguments, but got 1.
lib/typed.ts(813,22): error TS2339: Property 'LPAREN' does not exist on type 'Object'.
lib/typed.ts(817,9): error TS2322: Type 'null' is not assignable to type 'Function'.
lib/typed.ts(818,29): error TS2339: Property 'RPAREN' does not exist on type 'Object'.
lib/typed.ts(820,33): error TS2339: Property 'NAME' does not exist on type 'Object'.
lib/typed.ts(825,17): error TS2554: Expected 2 arguments, but got 1.
lib/typed.ts(825,31): error TS2339: Property 'NAME' does not exist on type 'Object'.
lib/typed.ts(826,17): error TS2554: Expected 2 arguments, but got 1.
lib/typed.ts(826,30): error TS2339: Property 'COLON' does not exist on type 'Object'.
lib/typed.ts(828,37): error TS2339: Property 'COMMA' does not exist on type 'Object'.
lib/typed.ts(829,21): error TS2554: Expected 2 arguments, but got 1.
lib/typed.ts(829,35): error TS2339: Property 'COMMA' does not exist on type 'Object'.
lib/typed.ts(837,9): error TS2554: Expected 2 arguments, but got 1.
lib/typed.ts(837,22): error TS2339: Property 'RPAREN' does not exist on type 'Object'.
lib/typed.ts(840,29): error TS2339: Property 'COLON' does not exist on type 'Object'.
lib/typed.ts(845,26): error TS2339: Property 'FunctionType' does not exist on type 'Object'.
lib/typed.ts(851,13): error TS7053: Element implicitly has an 'any' type because expression of type '"this"' can't be used to index type 'Object'.
  Property 'this' does not exist on type 'Object'.
lib/typed.ts(853,17): error TS7053: Element implicitly has an 'any' type because expression of type '"new"' can't be used to index type 'Object'.
  Property 'new' does not exist on type 'Object'.
lib/typed.ts(868,42): error TS2314: Generic type 'Array<T>' requires 1 type argument(s).
lib/typed.ts(871,20): error TS2339: Property 'STAR' does not exist on type 'Object'.
lib/typed.ts(872,13): error TS2554: Expected 2 arguments, but got 1.
lib/typed.ts(872,27): error TS2339: Property 'STAR' does not exist on type 'Object'.
lib/typed.ts(874,30): error TS2339: Property 'AllLiteral' does not exist on type 'Object'.
lib/typed.ts(875,17): error TS2362: The left-hand side of an arithmetic operation must be of type 'any', 'number', 'bigint' or an enum type.
lib/typed.ts(877,20): error TS2339: Property 'LPAREN' does not exist on type 'Object'.
lib/typed.ts(880,20): error TS2339: Property 'LBRACK' does not exist on type 'Object'.
lib/typed.ts(883,20): error TS2339: Property 'LBRACE' does not exist on type 'Object'.
lib/typed.ts(886,20): error TS2339: Property 'NAME' does not exist on type 'Object'.
lib/typed.ts(887,26): error TS2362: The left-hand side of an arithmetic operation must be of type 'any', 'number', 'bigint' or an enum type.
lib/typed.ts(890,17): error TS2554: Expected 2 arguments, but got 1.
lib/typed.ts(890,31): error TS2339: Property 'NAME' does not exist on type 'Object'.
lib/typed.ts(892,34): error TS2339: Property 'NullLiteral' does not exist on type 'Object'.
lib/typed.ts(897,17): error TS2554: Expected 2 arguments, but got 1.
lib/typed.ts(897,31): error TS2339: Property 'NAME' does not exist on type 'Object'.
lib/typed.ts(899,34): error TS2339: Property 'UndefinedLiteral' does not exist on type 'Object'.
lib/typed.ts(904,17): error TS2554: Expected 2 arguments, but got 1.
lib/typed.ts(904,31): error TS2339: Property 'NAME' does not exist on type 'Object'.
lib/typed.ts(906,34): error TS2339: Property 'BooleanLiteralType' does not exist on type 'Object'.
lib/typed.ts(916,29): error TS2339: Property 'restore' does not exist on type 'String'.
lib/typed.ts(922,20): error TS2551: Property 'STRING' does not exist on type 'Object'. Did you mean 'toString'?
lib/typed.ts(925,30): error TS2339: Property 'StringLiteralType' does not exist on type 'Object'.
lib/typed.ts(927,17): error TS2362: The left-hand side of an arithmetic operation must be of type 'any', 'number', 'bigint' or an enum type.
lib/typed.ts(929,20): error TS2339: Property 'NUMBER' does not exist on type 'Object'.
lib/typed.ts(932,30): error TS2339: Property 'NumericLiteralType' does not exist on type 'Object'.
lib/typed.ts(934,17): error TS2362: The left-hand side of an arithmetic operation must be of type 'any', 'number', 'bigint' or an enum type.
lib/typed.ts(937,21): error TS2339: Property 'throwError' does not exist on type 'HTMLElement'.
lib/typed.ts(949,37): error TS2314: Generic type 'Array<T>' requires 1 type argument(s).
lib/typed.ts(950,19): error TS2314: Generic type 'Array<T>' requires 1 type argument(s).
lib/typed.ts(952,29): error TS2339: Property 'QUESTION' does not exist on type 'Object'.
lib/typed.ts(953,26): error TS2362: The left-hand side of an arithmetic operation must be of type 'any', 'number', 'bigint' or an enum type.
lib/typed.ts(954,13): error TS2554: Expected 2 arguments, but got 1.
lib/typed.ts(954,27): error TS2339: Property 'QUESTION' does not exist on type 'Object'.
lib/typed.ts(955,33): error TS2339: Property 'COMMA' does not exist on type 'Object'.
lib/typed.ts(955,58): error TS2339: Property 'EQUAL' does not exist on type 'Object'.
lib/typed.ts(955,83): error TS2339: Property 'RBRACE' does not exist on type 'Object'.
lib/typed.ts(956,37): error TS2339: Property 'RPAREN' does not exist on type 'Object'.
lib/typed.ts(956,63): error TS2339: Property 'PIPE' does not exist on type 'Object'.
lib/typed.ts(956,87): error TS2339: Property 'EOF' does not exist on type 'Object'.
lib/typed.ts(957,37): error TS2339: Property 'RBRACK' does not exist on type 'Object'.
lib/typed.ts(957,63): error TS2339: Property 'GT' does not exist on type 'Object'.
lib/typed.ts(959,34): error TS2339: Property 'NullableLiteral' does not exist on type 'Object'.
lib/typed.ts(963,30): error TS2339: Property 'NullableType' does not exist on type 'Object'.
lib/typed.ts(967,36): error TS2339: Property 'BANG' does not exist on type 'Object'.
lib/typed.ts(968,26): error TS2362: The left-hand side of an arithmetic operation must be of type 'any', 'number', 'bigint' or an enum type.
lib/typed.ts(969,13): error TS2554: Expected 2 arguments, but got 1.
lib/typed.ts(969,27): error TS2339: Property 'BANG' does not exist on type 'Object'.
lib/typed.ts(971,30): error TS2339: Property 'NonNullableType' does not exist on type 'Object'.
lib/typed.ts(980,29): error TS2339: Property 'BANG' does not exist on type 'Object'.
lib/typed.ts(981,13): error TS2554: Expected 2 arguments, but got 1.
lib/typed.ts(981,27): error TS2339: Property 'BANG' does not exist on type 'Object'.
lib/typed.ts(983,30): error TS2339: Property 'NonNullableType' does not exist on type 'Object'.
lib/typed.ts(989,29): error TS2339: Property 'QUESTION' does not exist on type 'Object'.
lib/typed.ts(990,13): error TS2554: Expected 2 arguments, but got 1.
lib/typed.ts(990,27): error TS2339: Property 'QUESTION' does not exist on type 'Object'.
lib/typed.ts(992,30): error TS2339: Property 'NullableType' does not exist on type 'Object'.
lib/typed.ts(998,29): error TS2339: Property 'LBRACK' does not exist on type 'Object'.
lib/typed.ts(999,13): error TS2554: Expected 2 arguments, but got 1.
lib/typed.ts(999,27): error TS2339: Property 'LBRACK' does not exist on type 'Object'.
lib/typed.ts(1000,26): error TS2339: Property 'RBRACK' does not exist on type 'Object'.
lib/typed.ts(1002,30): error TS2339: Property 'TypeApplication' does not exist on type 'Object'.
lib/typed.ts(1004,34): error TS2339: Property 'NameExpression' does not exist on type 'Object'.
lib/typed.ts(1024,37): error TS2314: Generic type 'Array<T>' requires 1 type argument(s).
lib/typed.ts(1027,29): error TS2339: Property 'PIPE' does not exist on type 'Object'.
lib/typed.ts(1032,9): error TS2554: Expected 2 arguments, but got 1.
lib/typed.ts(1032,23): error TS2339: Property 'PIPE' does not exist on type 'Object'.
lib/typed.ts(1035,33): error TS2339: Property 'PIPE' does not exist on type 'Object'.
lib/typed.ts(1038,13): error TS2554: Expected 2 arguments, but got 1.
lib/typed.ts(1038,27): error TS2339: Property 'PIPE' does not exist on type 'Object'.
lib/typed.ts(1042,26): error TS2339: Property 'UnionType' does not exist on type 'Object'.
lib/typed.ts(1047,35): error TS2314: Generic type 'Array<T>' requires 1 type argument(s).
lib/typed.ts(1048,19): error TS2314: Generic type 'Array<T>' requires 1 type argument(s).
lib/typed.ts(1050,29): error TS2339: Property 'REST' does not exist on type 'Object'.
lib/typed.ts(1051,13): error TS2554: Expected 2 arguments, but got 1.
lib/typed.ts(1051,27): error TS2339: Property 'REST' does not exist on type 'Object'.
lib/typed.ts(1053,30): error TS2339: Property 'RestType' does not exist on type 'Object'.
lib/typed.ts(1059,29): error TS2339: Property 'EQUAL' does not exist on type 'Object'.
lib/typed.ts(1060,13): error TS2554: Expected 2 arguments, but got 1.
lib/typed.ts(1060,27): error TS2339: Property 'EQUAL' does not exist on type 'Object'.
lib/typed.ts(1062,30): error TS2339: Property 'OptionalType' does not exist on type 'Object'.
lib/typed.ts(1071,19): error TS2314: Generic type 'Array<T>' requires 1 type argument(s).
lib/typed.ts(1077,31): error TS2339: Property 'range' does not exist on type 'Object'.
lib/typed.ts(1078,34): error TS2339: Property 'startIndex' does not exist on type 'Object'.
lib/typed.ts(1083,24): error TS2339: Property 'midstream' does not exist on type 'Object'.
lib/typed.ts(1090,29): error TS2339: Property 'EOF' does not exist on type 'Object'.
lib/typed.ts(1091,21): error TS2339: Property 'throwError' does not exist on type 'HTMLElement'.
lib/typed.ts(1098,19): error TS2314: Generic type 'Array<T>' requires 1 type argument(s).
lib/typed.ts(1104,31): error TS2339: Property 'range' does not exist on type 'Object'.
lib/typed.ts(1105,34): error TS2339: Property 'startIndex' does not exist on type 'Object'.
lib/typed.ts(1110,24): error TS2339: Property 'midstream' does not exist on type 'Object'.
lib/typed.ts(1117,29): error TS2339: Property 'EOF' does not exist on type 'Object'.
lib/typed.ts(1118,21): error TS2339: Property 'throwError' does not exist on type 'HTMLElement'.
lib/typed.ts(1127,22): error TS2339: Property 'type' does not exist on type 'Object'.
lib/typed.ts(1128,21): error TS2339: Property 'NullableLiteral' does not exist on type 'Object'.
lib/typed.ts(1132,21): error TS2339: Property 'AllLiteral' does not exist on type 'Object'.
lib/typed.ts(1136,21): error TS2339: Property 'NullLiteral' does not exist on type 'Object'.
lib/typed.ts(1140,21): error TS2339: Property 'UndefinedLiteral' does not exist on type 'Object'.
lib/typed.ts(1144,21): error TS2339: Property 'VoidLiteral' does not exist on type 'Object'.
lib/typed.ts(1148,21): error TS2339: Property 'UnionType' does not exist on type 'Object'.
lib/typed.ts(1155,35): error TS2339: Property 'elements' does not exist on type 'Object'.
lib/typed.ts(1155,62): error TS2356: An arithmetic operand must be of type 'any', 'number', 'bigint' or an enum type.
lib/typed.ts(1156,17): error TS2365: Operator '+=' cannot be applied to types 'String' and 'String'.
lib/typed.ts(1156,27): error TS2554: Expected 3 arguments, but got 2.
lib/typed.ts(1156,46): error TS2339: Property 'elements' does not exist on type 'Object'.
lib/typed.ts(1157,22): error TS2365: Operator '+' cannot be applied to types 'Number' and 'number'.
lib/typed.ts(1167,21): error TS2339: Property 'ArrayType' does not exist on type 'Object'.
lib/typed.ts(1169,35): error TS2339: Property 'elements' does not exist on type 'Object'.
lib/typed.ts(1169,62): error TS2356: An arithmetic operand must be of type 'any', 'number', 'bigint' or an enum type.
lib/typed.ts(1170,17): error TS2365: Operator '+=' cannot be applied to types 'String' and 'String'.
lib/typed.ts(1170,27): error TS2554: Expected 3 arguments, but got 2.
lib/typed.ts(1170,46): error TS2339: Property 'elements' does not exist on type 'Object'.
lib/typed.ts(1171,22): error TS2365: Operator '+' cannot be applied to types 'Number' and 'number'.
lib/typed.ts(1178,21): error TS2339: Property 'RecordType' does not exist on type 'Object'.
lib/typed.ts(1180,35): error TS2339: Property 'fields' does not exist on type 'Object'.
lib/typed.ts(1180,60): error TS2356: An arithmetic operand must be of type 'any', 'number', 'bigint' or an enum type.
lib/typed.ts(1181,17): error TS2365: Operator '+=' cannot be applied to types 'String' and 'String'.
lib/typed.ts(1181,27): error TS2554: Expected 3 arguments, but got 2.
lib/typed.ts(1181,46): error TS2339: Property 'fields' does not exist on type 'Object'.
lib/typed.ts(1182,22): error TS2365: Operator '+' cannot be applied to types 'Number' and 'number'.
lib/typed.ts(1189,21): error TS2339: Property 'FieldType' does not exist on type 'Object'.
lib/typed.ts(1190,22): error TS2339: Property 'value' does not exist on type 'Object'.
lib/typed.ts(1191,31): error TS2339: Property 'key' does not exist on type 'Object'.
lib/typed.ts(1191,62): error TS2554: Expected 3 arguments, but got 2.
lib/typed.ts(1191,81): error TS2339: Property 'value' does not exist on type 'Object'.
lib/typed.ts(1193,31): error TS2339: Property 'key' does not exist on type 'Object'.
lib/typed.ts(1197,21): error TS2339: Property 'FunctionType' does not exist on type 'Object'.
lib/typed.ts(1200,17): error TS7053: Element implicitly has an 'any' type because expression of type '"this"' can't be used to index type 'Object'.
  Property 'this' does not exist on type 'Object'.
lib/typed.ts(1201,21): error TS7053: Element implicitly has an 'any' type because expression of type '"new"' can't be used to index type 'Object'.
  Property 'new' does not exist on type 'Object'.
lib/typed.ts(1207,17): error TS2365: Operator '+=' cannot be applied to types 'String' and 'String'.
lib/typed.ts(1207,27): error TS2554: Expected 3 arguments, but got 2.
lib/typed.ts(1207,41): error TS7053: Element implicitly has an 'any' type because expression of type '"this"' can't be used to index type 'Object'.
  Property 'this' does not exist on type 'Object'.
lib/typed.ts(1209,26): error TS2339: Property 'params' does not exist on type 'Object'.
lib/typed.ts(1214,35): error TS2339: Property 'params' does not exist on type 'Object'.
lib/typed.ts(1214,60): error TS2356: An arithmetic operand must be of type 'any', 'number', 'bigint' or an enum type.
lib/typed.ts(1215,17): error TS2365: Operator '+=' cannot be applied to types 'String' and 'String'.
lib/typed.ts(1215,27): error TS2554: Expected 3 arguments, but got 2.
lib/typed.ts(1215,46): error TS2339: Property 'params' does not exist on type 'Object'.
lib/typed.ts(1216,22): error TS2365: Operator '+' cannot be applied to types 'Number' and 'number'.
lib/typed.ts(1223,22): error TS2339: Property 'result' does not exist on type 'Object'.
lib/typed.ts(1224,52): error TS2554: Expected 3 arguments, but got 2.
lib/typed.ts(1224,71): error TS2339: Property 'result' does not exist on type 'Object'.
lib/typed.ts(1228,21): error TS2339: Property 'ParameterType' does not exist on type 'Object'.
lib/typed.ts(1229,27): error TS2339: Property 'name' does not exist on type 'Object'.
lib/typed.ts(1229,59): error TS2554: Expected 3 arguments, but got 2.
lib/typed.ts(1229,78): error TS2339: Property 'expression' does not exist on type 'Object'.
lib/typed.ts(1232,21): error TS2339: Property 'RestType' does not exist on type 'Object'.
lib/typed.ts(1234,22): error TS2339: Property 'expression' does not exist on type 'Object'.
lib/typed.ts(1235,17): error TS2365: Operator '+=' cannot be applied to types 'String' and 'String'.
lib/typed.ts(1235,27): error TS2554: Expected 3 arguments, but got 2.
lib/typed.ts(1235,46): error TS2339: Property 'expression' does not exist on type 'Object'.
lib/typed.ts(1239,21): error TS2339: Property 'NonNullableType' does not exist on type 'Object'.
lib/typed.ts(1240,22): error TS2339: Property 'prefix' does not exist on type 'Object'.
lib/typed.ts(1241,32): error TS2554: Expected 3 arguments, but got 2.
lib/typed.ts(1241,51): error TS2339: Property 'expression' does not exist on type 'Object'.
lib/typed.ts(1243,26): error TS2554: Expected 3 arguments, but got 2.
lib/typed.ts(1243,45): error TS2339: Property 'expression' does not exist on type 'Object'.
lib/typed.ts(1247,21): error TS2339: Property 'OptionalType' does not exist on type 'Object'.
lib/typed.ts(1248,22): error TS2554: Expected 3 arguments, but got 2.
lib/typed.ts(1248,41): error TS2339: Property 'expression' does not exist on type 'Object'.
lib/typed.ts(1251,21): error TS2339: Property 'NullableType' does not exist on type 'Object'.
lib/typed.ts(1252,22): error TS2339: Property 'prefix' does not exist on type 'Object'.
lib/typed.ts(1253,32): error TS2554: Expected 3 arguments, but got 2.
lib/typed.ts(1253,51): error TS2339: Property 'expression' does not exist on type 'Object'.
lib/typed.ts(1255,26): error TS2554: Expected 3 arguments, but got 2.
lib/typed.ts(1255,45): error TS2339: Property 'expression' does not exist on type 'Object'.
lib/typed.ts(1259,21): error TS2339: Property 'NameExpression' does not exist on type 'Object'.
lib/typed.ts(1260,27): error TS2339: Property 'name' does not exist on type 'Object'.
lib/typed.ts(1263,21): error TS2339: Property 'TypeApplication' does not exist on type 'Object'.
lib/typed.ts(1264,22): error TS2554: Expected 3 arguments, but got 2.
lib/typed.ts(1264,41): error TS2339: Property 'expression' does not exist on type 'Object'.
lib/typed.ts(1265,35): error TS2339: Property 'applications' does not exist on type 'Object'.
lib/typed.ts(1265,66): error TS2356: An arithmetic operand must be of type 'any', 'number', 'bigint' or an enum type.
lib/typed.ts(1266,17): error TS2365: Operator '+=' cannot be applied to types 'String' and 'String'.
lib/typed.ts(1266,27): error TS2554: Expected 3 arguments, but got 2.
lib/typed.ts(1266,46): error TS2339: Property 'applications' does not exist on type 'Object'.
lib/typed.ts(1267,22): error TS2365: Operator '+' cannot be applied to types 'Number' and 'number'.
lib/typed.ts(1274,21): error TS2339: Property 'StringLiteralType' does not exist on type 'Object'.
lib/typed.ts(1275,33): error TS2339: Property 'value' does not exist on type 'Object'.
lib/typed.ts(1278,21): error TS2339: Property 'NumericLiteralType' does not exist on type 'Object'.
lib/typed.ts(1279,34): error TS2339: Property 'value' does not exist on type 'Object'.
lib/typed.ts(1282,21): error TS2339: Property 'BooleanLiteralType' does not exist on type 'Object'.
lib/typed.ts(1283,34): error TS2339: Property 'value' does not exist on type 'Object'.
lib/typed.ts(1287,21): error TS2339: Property 'throwError' does not exist on type 'HTMLElement'.
lib/typed.ts(1287,55): error TS2339: Property 'type' does not exist on type 'Object'.
lib/typed.ts(1290,16): error TS2454: Variable 'result' is used before being assigned.
lib/typed.ts(1297,44): error TS2339: Property 'compact' does not exist on type 'Object'.
lib/typed.ts(1297,61): error TS2339: Property 'topLevel' does not exist on type 'Object'.
lib/utility.ts(15,46): error TS2304: Cannot find name 'Void'.
lib/utility.ts(16,9): error TS2683: 'this' implicitly has type 'any' because it does not have a type annotation.
lib/utility.ts(17,9): error TS2683: 'this' implicitly has type 'any' because it does not have a type annotation.
lib/utility.ts(22,20): error TS2351: This expression is not constructable.
  Type 'Function' has no construct signatures.
lib/utility.ts(27,43): error TS2304: Cannot find name 'Void'.
lib/utility.ts(28,15): error TS7009: 'new' expression, whose target lacks a construct signature, implicitly has an 'any' type.

