esquery.ts(3,20): error TS2306: File 'parser.ts' is not a module.
esquery.ts(94,21): error TS2339: Property 'type' does not exist on type 'object'.
esquery.ts(99,29): error TS2339: Property 'value' does not exist on type 'object'.
esquery.ts(99,58): error TS2339: Property 'type' does not exist on type 'object'.
esquery.ts(102,43): error TS2339: Property 'name' does not exist on type 'object'.
esquery.ts(104,33): error TS2345: Argument of type 'string' is not assignable to parameter of type 'object'.
esquery.ts(108,40): error TS2339: Property 'selectors' does not exist on type 'object'.
esquery.ts(114,40): error TS2339: Property 'selectors' does not exist on type 'object'.
esquery.ts(120,40): error TS2339: Property 'selectors' does not exist on type 'object'.
esquery.ts(127,40): error TS2339: Property 'selectors' does not exist on type 'object'.
esquery.ts(129,37): error TS2345: Argument of type 'object' is not assignable to parameter of type 'Node'.
esquery.ts(137,46): error TS2339: Property 'visitorKeys' does not exist on type 'object'.
esquery.ts(138,50): error TS2339: Property 'fallback' does not exist on type 'object'.
esquery.ts(145,40): error TS2339: Property 'right' does not exist on type 'object'.
esquery.ts(146,54): error TS2339: Property 'left' does not exist on type 'object'.
esquery.ts(151,40): error TS2339: Property 'right' does not exist on type 'object'.
esquery.ts(153,55): error TS2339: Property 'left' does not exist on type 'object'.
esquery.ts(161,19): error TS2322: Type 'object' is not assignable to type 'number'.
esquery.ts(161,54): error TS2339: Property 'name' does not exist on type 'object'.
esquery.ts(162,30): error TS2339: Property 'operator' does not exist on type 'object'.
esquery.ts(166,38): error TS2339: Property 'value' does not exist on type 'object'.
esquery.ts(167,81): error TS2339: Property 'value' does not exist on type 'object'.
esquery.ts(168,60): error TS2339: Property 'value' does not exist on type 'object'.
esquery.ts(169,54): error TS2339: Property 'value' does not exist on type 'object'.
esquery.ts(171,78): error TS2339: Property 'value' does not exist on type 'object'.
esquery.ts(173,38): error TS2339: Property 'value' does not exist on type 'object'.
esquery.ts(174,57): error TS2339: Property 'value' does not exist on type 'object'.
esquery.ts(175,60): error TS2339: Property 'value' does not exist on type 'object'.
esquery.ts(176,54): error TS2339: Property 'value' does not exist on type 'object'.
esquery.ts(178,78): error TS2339: Property 'value' does not exist on type 'object'.
esquery.ts(179,49): error TS2339: Property 'value' does not exist on type 'object'.
esquery.ts(180,47): error TS2339: Property 'value' does not exist on type 'object'.
esquery.ts(181,47): error TS2339: Property 'value' does not exist on type 'object'.
esquery.ts(182,49): error TS2339: Property 'value' does not exist on type 'object'.
esquery.ts(184,59): error TS2339: Property 'operator' does not exist on type 'object'.
esquery.ts(187,43): error TS2339: Property 'right' does not exist on type 'object'.
esquery.ts(188,25): error TS2345: Argument of type 'object' is not assignable to parameter of type 'Function'.
esquery.ts(188,40): error TS2339: Property 'left' does not exist on type 'object'.
esquery.ts(189,26): error TS2339: Property 'left' does not exist on type 'object'.
esquery.ts(190,40): error TS2339: Property 'left' does not exist on type 'object'.
esquery.ts(191,25): error TS2345: Argument of type 'object' is not assignable to parameter of type 'Function'.
esquery.ts(191,40): error TS2339: Property 'right' does not exist on type 'object'.
esquery.ts(193,43): error TS2339: Property 'right' does not exist on type 'object'.
esquery.ts(194,26): error TS2345: Argument of type 'object' is not assignable to parameter of type 'Function'.
esquery.ts(194,41): error TS2339: Property 'left' does not exist on type 'object'.
esquery.ts(195,26): error TS2339: Property 'right' does not exist on type 'object'.
esquery.ts(196,40): error TS2339: Property 'left' does not exist on type 'object'.
esquery.ts(197,26): error TS2345: Argument of type 'object' is not assignable to parameter of type 'Function'.
esquery.ts(197,41): error TS2339: Property 'right' does not exist on type 'object'.
esquery.ts(200,43): error TS2339: Property 'right' does not exist on type 'object'.
esquery.ts(201,26): error TS2345: Argument of type 'object' is not assignable to parameter of type 'string'.
esquery.ts(202,37): error TS2339: Property 'index' does not exist on type 'object'.
esquery.ts(206,43): error TS2339: Property 'right' does not exist on type 'object'.
esquery.ts(207,26): error TS2345: Argument of type 'object' is not assignable to parameter of type 'string'.
esquery.ts(208,46): error TS2339: Property 'index' does not exist on type 'object'.
esquery.ts(212,29): error TS2339: Property 'name' does not exist on type 'object'.
esquery.ts(214,29): error TS2339: Property 'type' does not exist on type 'object'.
esquery.ts(217,33): error TS2339: Property 'type' does not exist on type 'object'.
esquery.ts(219,29): error TS2339: Property 'type' does not exist on type 'object'.
esquery.ts(222,33): error TS2339: Property 'type' does not exist on type 'object'.
esquery.ts(223,30): error TS2339: Property 'type' does not exist on type 'object'.
esquery.ts(225,34): error TS2339: Property 'type' does not exist on type 'object'.
esquery.ts(228,30): error TS2339: Property 'type' does not exist on type 'object'.
esquery.ts(230,33): error TS2339: Property 'type' does not exist on type 'object'.
esquery.ts(231,30): error TS2339: Property 'type' does not exist on type 'object'.
esquery.ts(232,30): error TS2339: Property 'type' does not exist on type 'object'.
esquery.ts(234,61): error TS2339: Property 'name' does not exist on type 'object'.
esquery.ts(237,56): error TS2339: Property 'type' does not exist on type 'object'.
esquery.ts(247,35): error TS2339: Property 'type' does not exist on type 'object'.
esquery.ts(248,28): error TS2339: Property 'visitorKeys' does not exist on type 'object'.
esquery.ts(248,51): error TS2339: Property 'visitorKeys' does not exist on type 'object'.
esquery.ts(249,24): error TS2339: Property 'visitorKeys' does not exist on type 'object'.
esquery.ts(254,35): error TS2339: Property 'fallback' does not exist on type 'object'.
esquery.ts(255,24): error TS2339: Property 'fallback' does not exist on type 'object'.
esquery.ts(270,69): error TS2339: Property 'type' does not exist on type 'object'.
esquery.ts(293,17): error TS2367: This condition will always return 'false' since the types 'number' and 'string' have no overlap.
esquery.ts(301,65): error TS2345: Argument of type 'string' is not assignable to parameter of type 'object'.
esquery.ts(329,17): error TS2367: This condition will always return 'false' since the types 'number' and 'string' have no overlap.
esquery.ts(329,106): error TS2345: Argument of type 'string' is not assignable to parameter of type 'object'.
esquery.ts(332,17): error TS2367: This condition will always return 'false' since the types 'number' and 'string' have no overlap.
esquery.ts(332,126): error TS2345: Argument of type 'string' is not assignable to parameter of type 'object'.
esquery.ts(379,37): error TS2339: Property 'subject' does not exist on type 'never'.
esquery.ts(381,34): error TS2345: Argument of type 'unknown' is not assignable to parameter of type 'Function'.
  Type '{}' is missing the following properties from type 'Function': apply, call, bind, prototype, and 6 more.
esquery.ts(402,87): error TS2304: Cannot find name 'Void'.
esquery.ts(405,11): error TS2322: Type 'any[]' is not assignable to type 'Function'.
esquery.ts(405,35): error TS2554: Expected 2 arguments, but got 1.
esquery.ts(406,25): error TS2345: Argument of type 'Function' is not assignable to parameter of type 'Node'.
  Property 'type' is missing in type 'Function' but required in type 'PrivateIdentifier'.
esquery.ts(409,31): error TS2345: Argument of type 'number' is not assignable to parameter of type 'object'.
esquery.ts(413,29): error TS2349: This expression is not callable.
  Type 'String' has no call signatures.
esquery.ts(418,33): error TS2349: This expression is not callable.
  Type 'String' has no call signatures.
esquery.ts(423,21): error TS2349: This expression is not callable.
  Type 'String' has no call signatures.
esquery.ts(428,34): error TS2339: Property 'visitorKeys' does not exist on type 'object'.
esquery.ts(429,38): error TS2339: Property 'fallback' does not exist on type 'object'.
esquery.ts(444,14): error TS2345: Argument of type 'string' is not assignable to parameter of type 'Function'.
esquery.ts(455,35): error TS2304: Cannot find name 'Void'.
esquery.ts(467,5): error TS2322: Type 'any[]' is not assignable to type 'string'.
parser.ts(7,14): error TS2304: Cannot find name 'define'.
parser.ts(7,39): error TS2304: Cannot find name 'define'.
parser.ts(8,5): error TS2304: Cannot find name 'define'.
parser.ts(10,5): error TS1258: A default export must be at the top level of a file or module declaration.
parser.ts(12,4): error TS2345: Argument of type 'typeof globalThis' is not assignable to parameter of type 'Function'.
  Type 'typeof globalThis' is missing the following properties from type 'Function': apply, call, bind, prototype, and 5 more.
parser.ts(15,57): error TS2304: Cannot find name 'Void'.
parser.ts(16,22): error TS2304: Cannot find name 'Void'.
parser.ts(17,29): error TS2339: Property 'prototype' does not exist on type 'object'.
parser.ts(18,11): error TS2339: Property 'prototype' does not exist on type 'object'.
parser.ts(18,23): error TS2350: Only a void function can be called with the 'new' keyword.
parser.ts(21,98): error TS2304: Cannot find name 'Void'.
parser.ts(38,53): error TS2339: Property 'text' does not exist on type 'object'.
parser.ts(45,41): error TS2339: Property 'parts' does not exist on type 'object'.
parser.ts(46,43): error TS2339: Property 'parts' does not exist on type 'object'.
parser.ts(47,43): error TS2339: Property 'parts' does not exist on type 'object'.
parser.ts(47,88): error TS2339: Property 'parts' does not exist on type 'object'.
parser.ts(48,43): error TS2339: Property 'parts' does not exist on type 'object'.
parser.ts(51,39): error TS2339: Property 'inverted' does not exist on type 'object'.
parser.ts(63,32): error TS2339: Property 'description' does not exist on type 'object'.
parser.ts(97,56): error TS2314: Generic type 'Promise<T>' requires 1 type argument(s).
parser.ts(98,51): error TS2339: Property 'type' does not exist on type 'object'.
parser.ts(139,43): error TS2345: Argument of type 'string' is not assignable to parameter of type 'any[]'.
parser.ts(139,79): error TS2345: Argument of type 'any[]' is not assignable to parameter of type 'string'.
parser.ts(145,9): error TS2322: Type '{}' is not assignable to type 'number'.
parser.ts(155,54): error TS2345: Argument of type 'boolean' is not assignable to parameter of type 'string'.
parser.ts(157,9): error TS2740: Type '{}' is missing the following properties from type 'Function': apply, call, bind, prototype, and 6 more.
parser.ts(157,126): error TS2345: Argument of type 'boolean' is not assignable to parameter of type 'number'.
parser.ts(160,9): error TS2322: Type 'object' is not assignable to type 'Function'.
parser.ts(160,56): error TS2345: Argument of type 'boolean' is not assignable to parameter of type 'string'.
parser.ts(163,9): error TS2322: Type 'object' is not assignable to type 'Function'.
parser.ts(163,57): error TS2345: Argument of type 'boolean' is not assignable to parameter of type 'string'.
parser.ts(166,9): error TS2322: Type 'object' is not assignable to type 'Function'.
parser.ts(166,57): error TS2345: Argument of type 'boolean' is not assignable to parameter of type 'string'.
parser.ts(170,9): error TS2322: Type 'object' is not assignable to type 'Function'.
parser.ts(170,57): error TS2345: Argument of type 'boolean' is not assignable to parameter of type 'string'.
parser.ts(172,49): error TS2314: Generic type 'Promise<T>' requires 1 type argument(s).
parser.ts(175,60): error TS2314: Generic type 'Promise<T>' requires 1 type argument(s).
parser.ts(180,9): error TS2322: Type 'object' is not assignable to type 'Function'.
parser.ts(180,57): error TS2345: Argument of type 'boolean' is not assignable to parameter of type 'string'.
parser.ts(183,27): error TS2339: Property 'subject' does not exist on type 'object'.
parser.ts(187,9): error TS2322: Type 'object' is not assignable to type 'Function'.
parser.ts(187,57): error TS2345: Argument of type 'boolean' is not assignable to parameter of type 'string'.
parser.ts(190,9): error TS2322: Type 'object' is not assignable to type 'Function'.
parser.ts(190,57): error TS2345: Argument of type 'boolean' is not assignable to parameter of type 'string'.
parser.ts(193,9): error TS2322: Type 'object' is not assignable to type 'Function'.
parser.ts(193,57): error TS2345: Argument of type 'boolean' is not assignable to parameter of type 'string'.
parser.ts(195,9): error TS2322: Type 'object' is not assignable to type 'Function'.
parser.ts(195,57): error TS2345: Argument of type 'boolean' is not assignable to parameter of type 'string'.
parser.ts(198,9): error TS2322: Type 'object' is not assignable to type 'Function'.
parser.ts(198,67): error TS2345: Argument of type 'boolean' is not assignable to parameter of type 'number'.
parser.ts(200,9): error TS2322: Type 'object' is not assignable to type 'Function'.
parser.ts(200,57): error TS2345: Argument of type 'boolean' is not assignable to parameter of type 'string'.
parser.ts(203,9): error TS2322: Type 'object' is not assignable to type 'Function'.
parser.ts(203,62): error TS2345: Argument of type 'boolean' is not assignable to parameter of type 'number'.
parser.ts(205,9): error TS2322: Type 'object' is not assignable to type 'Function'.
parser.ts(205,57): error TS2345: Argument of type 'boolean' is not assignable to parameter of type 'string'.
parser.ts(214,9): error TS2322: Type 'object' is not assignable to type 'Function'.
parser.ts(214,58): error TS2345: Argument of type 'boolean' is not assignable to parameter of type 'string'.
parser.ts(216,9): error TS2322: Type 'object' is not assignable to type 'Function'.
parser.ts(216,64): error TS2345: Argument of type 'boolean' is not assignable to parameter of type 'number'.
parser.ts(218,9): error TS2322: Type 'object' is not assignable to type 'Function'.
parser.ts(218,58): error TS2345: Argument of type 'boolean' is not assignable to parameter of type 'string'.
parser.ts(219,9): error TS2322: Type 'object' is not assignable to type 'Function'.
parser.ts(225,9): error TS2322: Type 'object' is not assignable to type 'Function'.
parser.ts(225,57): error TS2345: Argument of type 'boolean' is not assignable to parameter of type 'string'.
parser.ts(227,9): error TS2322: Type 'object' is not assignable to type 'Function'.
parser.ts(227,63): error TS2345: Argument of type 'boolean' is not assignable to parameter of type 'number'.
parser.ts(229,9): error TS2322: Type 'object' is not assignable to type 'Function'.
parser.ts(229,64): error TS2345: Argument of type 'boolean' is not assignable to parameter of type 'number'.
parser.ts(237,9): error TS2322: Type 'object' is not assignable to type 'Function'.
parser.ts(237,61): error TS2345: Argument of type 'boolean' is not assignable to parameter of type 'string'.
parser.ts(239,9): error TS2322: Type 'object' is not assignable to type 'Function'.
parser.ts(239,62): error TS2345: Argument of type 'boolean' is not assignable to parameter of type 'number'.
parser.ts(241,55): error TS2345: Argument of type 'boolean' is not assignable to parameter of type 'string'.
parser.ts(244,9): error TS2322: Type 'object' is not assignable to type 'Function'.
parser.ts(244,72): error TS2345: Argument of type 'boolean' is not assignable to parameter of type 'number'.
parser.ts(246,9): error TS2322: Type 'object' is not assignable to type 'Function'.
parser.ts(246,57): error TS2345: Argument of type 'boolean' is not assignable to parameter of type 'string'.
parser.ts(248,9): error TS2322: Type 'object' is not assignable to type 'Function'.
parser.ts(248,57): error TS2345: Argument of type 'boolean' is not assignable to parameter of type 'number'.
parser.ts(253,77): error TS2314: Generic type 'Promise<T>' requires 1 type argument(s).
parser.ts(256,9): error TS2322: Type 'object' is not assignable to type 'Function'.
parser.ts(256,61): error TS2345: Argument of type 'boolean' is not assignable to parameter of type 'string'.
parser.ts(259,9): error TS2322: Type 'object' is not assignable to type 'Function'.
parser.ts(259,65): error TS2345: Argument of type 'boolean' is not assignable to parameter of type 'string'.
parser.ts(262,9): error TS2322: Type 'object' is not assignable to type 'Function'.
parser.ts(262,61): error TS2345: Argument of type 'boolean' is not assignable to parameter of type 'string'.
parser.ts(265,9): error TS2322: Type 'object' is not assignable to type 'Function'.
parser.ts(265,68): error TS2345: Argument of type 'boolean' is not assignable to parameter of type 'string'.
parser.ts(266,53): error TS2345: Argument of type 'number' is not assignable to parameter of type 'string'.
parser.ts(268,9): error TS2322: Type 'object' is not assignable to type 'Function'.
parser.ts(268,67): error TS2345: Argument of type 'boolean' is not assignable to parameter of type 'string'.
parser.ts(269,57): error TS2345: Argument of type 'number' is not assignable to parameter of type 'string'.
parser.ts(271,9): error TS2322: Type 'object' is not assignable to type 'Function'.
parser.ts(271,67): error TS2345: Argument of type 'boolean' is not assignable to parameter of type 'string'.
parser.ts(272,61): error TS2345: Argument of type 'number' is not assignable to parameter of type 'string'.
parser.ts(274,9): error TS2322: Type 'object' is not assignable to type 'Function'.
parser.ts(274,72): error TS2345: Argument of type 'boolean' is not assignable to parameter of type 'string'.
parser.ts(275,65): error TS2345: Argument of type 'number' is not assignable to parameter of type 'string'.
parser.ts(277,56): error TS2345: Argument of type 'boolean' is not assignable to parameter of type 'string'.
parser.ts(279,9): error TS2322: Type 'object' is not assignable to type 'Function'.
parser.ts(279,66): error TS2345: Argument of type 'boolean' is not assignable to parameter of type 'string'.
parser.ts(281,9): error TS2322: Type 'object' is not assignable to type 'Function'.
parser.ts(281,67): error TS2345: Argument of type 'boolean' is not assignable to parameter of type 'string'.
parser.ts(283,9): error TS2322: Type 'object' is not assignable to type 'Function'.
parser.ts(283,68): error TS2345: Argument of type 'boolean' is not assignable to parameter of type 'string'.
parser.ts(285,9): error TS2322: Type 'object' is not assignable to type 'Function'.
parser.ts(285,65): error TS2345: Argument of type 'boolean' is not assignable to parameter of type 'string'.
parser.ts(287,9): error TS2322: Type 'object' is not assignable to type 'Function'.
parser.ts(287,64): error TS2345: Argument of type 'boolean' is not assignable to parameter of type 'string'.
parser.ts(304,21): error TS2339: Property 'startRule' does not exist on type 'object'.
parser.ts(305,70): error TS2339: Property 'startRule' does not exist on type 'object'.
parser.ts(308,62): error TS2339: Property 'startRule' does not exist on type 'object'.
parser.ts(316,7): error TS2322: Type 'object' is not assignable to type 'string'.
parser.ts(316,34): error TS2345: Argument of type 'number' is not assignable to parameter of type 'string'.
parser.ts(319,63): error TS2304: Cannot find name 'Void'.
parser.ts(320,7): error TS2322: Type 'string | object' is not assignable to type 'string'.
  Type 'object' is not assignable to type 'string'.
parser.ts(320,71): error TS2345: Argument of type 'number' is not assignable to parameter of type 'string'.
parser.ts(323,9): error TS2345: Argument of type 'object[]' is not assignable to parameter of type 'string'.
parser.ts(329,56): error TS2304: Cannot find name 'Void'.
parser.ts(330,7): error TS2322: Type 'string | object' is not assignable to type 'string'.
  Type 'object' is not assignable to type 'string'.
parser.ts(330,71): error TS2345: Argument of type 'number' is not assignable to parameter of type 'string'.
parser.ts(368,27): error TS2339: Property 'line' does not exist on type 'object'.
parser.ts(369,27): error TS2339: Property 'column' does not exist on type 'object'.
parser.ts(374,21): error TS2339: Property 'line' does not exist on type 'object'.
parser.ts(375,21): error TS2339: Property 'column' does not exist on type 'object'.
parser.ts(377,21): error TS2339: Property 'column' does not exist on type 'object'.
parser.ts(389,59): error TS2345: Argument of type 'string' is not assignable to parameter of type 'number'.
parser.ts(390,59): error TS2345: Argument of type 'string' is not assignable to parameter of type 'number'.
parser.ts(395,35): error TS2339: Property 'line' does not exist on type 'object'.
parser.ts(396,35): error TS2339: Property 'column' does not exist on type 'object'.
parser.ts(400,33): error TS2339: Property 'line' does not exist on type 'object'.
parser.ts(401,33): error TS2339: Property 'column' does not exist on type 'object'.
parser.ts(406,42): error TS2304: Cannot find name 'Void'.
parser.ts(418,14): error TS2350: Only a void function can be called with the 'new' keyword.
parser.ts(418,55): error TS2345: Argument of type 'string' is not assignable to parameter of type 'Function'.
parser.ts(422,14): error TS2350: Only a void function can be called with the 'new' keyword.
parser.ts(423,48): error TS2345: Argument of type 'Function' is not assignable to parameter of type 'any[]'.
  Type 'Function' is missing the following properties from type 'any[]': pop, push, concat, join, and 28 more.
parser.ts(425,9): error TS2345: Argument of type 'Function' is not assignable to parameter of type 'any[]'.
parser.ts(433,11): error TS2322: Type 'number' is not assignable to type 'string'.
parser.ts(437,30): error TS2339: Property 'nextPos' does not exist on type 'object'.
parser.ts(439,23): error TS2339: Property 'result' does not exist on type 'object'.
parser.ts(443,7): error TS2322: Type 'any[]' is not assignable to type 'boolean'.
parser.ts(444,11): error TS2367: This condition will always return 'true' since the types 'boolean' and 'number' have no overlap.
parser.ts(445,9): error TS2322: Type 'boolean' is not assignable to type 'string'.
parser.ts(446,13): error TS2367: This condition will always return 'true' since the types 'string' and 'number' have no overlap.
parser.ts(447,11): error TS2322: Type 'any[]' is not assignable to type 'string'.
parser.ts(448,15): error TS2367: This condition will always return 'true' since the types 'string' and 'number' have no overlap.
parser.ts(451,13): error TS2322: Type 'boolean' is not assignable to type 'number'.
parser.ts(466,9): error TS2322: Type 'any[]' is not assignable to type 'boolean'.
parser.ts(467,13): error TS2367: This condition will always return 'true' since the types 'boolean' and 'number' have no overlap.
parser.ts(471,9): error TS2322: Type 'boolean' is not assignable to type 'number'.
parser.ts(482,11): error TS2322: Type 'number' is not assignable to type 'string'.
parser.ts(486,30): error TS2339: Property 'nextPos' does not exist on type 'object'.
parser.ts(488,23): error TS2339: Property 'result' does not exist on type 'object'.
parser.ts(496,9): error TS2322: Type 'number' is not assignable to type 'string'.
parser.ts(497,47): error TS2345: Argument of type 'object' is not assignable to parameter of type 'string'.
parser.ts(499,14): error TS2367: This condition will always return 'true' since the types 'string' and 'number' have no overlap.
parser.ts(505,11): error TS2322: Type 'number' is not assignable to type 'string'.
parser.ts(506,49): error TS2345: Argument of type 'object' is not assignable to parameter of type 'string'.
parser.ts(518,11): error TS2322: Type 'number' is not assignable to type 'string'.
parser.ts(522,30): error TS2339: Property 'nextPos' does not exist on type 'object'.
parser.ts(524,23): error TS2339: Property 'result' does not exist on type 'object'.
parser.ts(533,9): error TS2322: Type 'number' is not assignable to type 'string'.
parser.ts(534,47): error TS2345: Argument of type 'Function' is not assignable to parameter of type 'string'.
parser.ts(536,11): error TS2367: This condition will always return 'true' since the types 'string' and 'number' have no overlap.
parser.ts(537,16): error TS2367: This condition will always return 'true' since the types 'string' and 'number' have no overlap.
parser.ts(543,13): error TS2322: Type 'number' is not assignable to type 'string'.
parser.ts(544,51): error TS2345: Argument of type 'Function' is not assignable to parameter of type 'string'.
parser.ts(554,7): error TS2322: Type 'any[]' is not assignable to type 'number'.
parser.ts(564,11): error TS2322: Type 'number' is not assignable to type 'string'.
parser.ts(568,30): error TS2339: Property 'nextPos' does not exist on type 'object'.
parser.ts(570,23): error TS2339: Property 'result' does not exist on type 'object'.
parser.ts(574,7): error TS2322: Type 'any[]' is not assignable to type 'string'.
parser.ts(575,11): error TS2367: This condition will always return 'true' since the types 'string' and 'number' have no overlap.
parser.ts(580,11): error TS2322: Type 'number' is not assignable to type 'string'.
parser.ts(581,49): error TS2345: Argument of type 'Function' is not assignable to parameter of type 'string'.
parser.ts(583,13): error TS2367: This condition will always return 'true' since the types 'string' and 'number' have no overlap.
parser.ts(584,11): error TS2322: Type 'any[]' is not assignable to type 'string'.
parser.ts(585,15): error TS2367: This condition will always return 'true' since the types 'string' and 'number' have no overlap.
parser.ts(588,13): error TS2322: Type 'string' is not assignable to type 'number'.
parser.ts(603,9): error TS2322: Type 'any[]' is not assignable to type 'string'.
parser.ts(604,13): error TS2367: This condition will always return 'true' since the types 'string' and 'number' have no overlap.
parser.ts(609,13): error TS2322: Type 'number' is not assignable to type 'string'.
parser.ts(610,51): error TS2345: Argument of type 'Function' is not assignable to parameter of type 'string'.
parser.ts(612,15): error TS2367: This condition will always return 'true' since the types 'string' and 'number' have no overlap.
parser.ts(613,13): error TS2322: Type 'any[]' is not assignable to type 'string'.
parser.ts(614,17): error TS2367: This condition will always return 'true' since the types 'string' and 'number' have no overlap.
parser.ts(617,15): error TS2322: Type 'string' is not assignable to type 'number'.
parser.ts(632,11): error TS2322: Type 'any[]' is not assignable to type 'string'.
parser.ts(633,15): error TS2367: This condition will always return 'true' since the types 'string' and 'number' have no overlap.
parser.ts(638,15): error TS2322: Type 'number' is not assignable to type 'string'.
parser.ts(639,53): error TS2345: Argument of type 'Function' is not assignable to parameter of type 'string'.
parser.ts(641,17): error TS2367: This condition will always return 'true' since the types 'string' and 'number' have no overlap.
parser.ts(642,15): error TS2322: Type 'any[]' is not assignable to type 'string'.
parser.ts(643,19): error TS2367: This condition will always return 'true' since the types 'string' and 'number' have no overlap.
parser.ts(646,17): error TS2322: Type 'string' is not assignable to type 'number'.
parser.ts(665,15): error TS2322: Type 'number' is not assignable to type 'string'.
parser.ts(666,53): error TS2345: Argument of type 'object' is not assignable to parameter of type 'string'.
parser.ts(668,17): error TS2367: This condition will always return 'true' since the types 'string' and 'number' have no overlap.
parser.ts(669,15): error TS2322: Type 'any[]' is not assignable to type 'string'.
parser.ts(670,19): error TS2367: This condition will always return 'true' since the types 'string' and 'number' have no overlap.
parser.ts(673,17): error TS2322: Type 'string' is not assignable to type 'number'.
parser.ts(688,7): error TS2322: Type 'number' is not assignable to type 'boolean'.
parser.ts(694,11): error TS2322: Type 'number' is not assignable to type 'string'.
parser.ts(698,30): error TS2339: Property 'nextPos' does not exist on type 'object'.
parser.ts(700,23): error TS2339: Property 'result' does not exist on type 'object'.
parser.ts(705,11): error TS2367: This condition will always return 'true' since the types 'boolean' and 'number' have no overlap.
parser.ts(709,13): error TS2367: This condition will always return 'true' since the types 'any[]' and 'number' have no overlap.
parser.ts(714,13): error TS2322: Type 'number' is not assignable to type 'string'.
parser.ts(715,51): error TS2345: Argument of type 'Function' is not assignable to parameter of type 'string'.
parser.ts(717,15): error TS2367: This condition will always return 'true' since the types 'string' and 'number' have no overlap.
parser.ts(718,13): error TS2322: Type 'any[]' is not assignable to type 'string'.
parser.ts(719,17): error TS2367: This condition will always return 'true' since the types 'string' and 'number' have no overlap.
parser.ts(720,15): error TS2322: Type 'boolean' is not assignable to type 'string'.
parser.ts(721,19): error TS2367: This condition will always return 'true' since the types 'string' and 'number' have no overlap.
parser.ts(723,17): error TS2322: Type 'any[]' is not assignable to type 'number'.
parser.ts(744,15): error TS2367: This condition will always return 'true' since the types 'any[]' and 'number' have no overlap.
parser.ts(749,15): error TS2322: Type 'number' is not assignable to type 'string'.
parser.ts(750,53): error TS2345: Argument of type 'Function' is not assignable to parameter of type 'string'.
parser.ts(752,17): error TS2367: This condition will always return 'true' since the types 'string' and 'number' have no overlap.
parser.ts(753,15): error TS2322: Type 'any[]' is not assignable to type 'string'.
parser.ts(754,19): error TS2367: This condition will always return 'true' since the types 'string' and 'number' have no overlap.
parser.ts(755,17): error TS2322: Type 'boolean' is not assignable to type 'string'.
parser.ts(756,21): error TS2367: This condition will always return 'true' since the types 'string' and 'number' have no overlap.
parser.ts(758,19): error TS2322: Type 'any[]' is not assignable to type 'number'.
parser.ts(776,13): error TS2367: This condition will always return 'true' since the types 'any[]' and 'number' have no overlap.
parser.ts(779,11): error TS2322: Type 'boolean' is not assignable to type 'number'.
parser.ts(791,7): error TS2322: Type 'number' is not assignable to type 'boolean'.
parser.ts(797,11): error TS2322: Type 'number' is not assignable to type 'string'.
parser.ts(801,30): error TS2339: Property 'nextPos' does not exist on type 'object'.
parser.ts(803,23): error TS2339: Property 'result' does not exist on type 'object'.
parser.ts(808,11): error TS2367: This condition will always return 'true' since the types 'boolean' and 'number' have no overlap.
parser.ts(811,9): error TS2322: Type 'boolean' is not assignable to type 'any[]'.
parser.ts(812,13): error TS2367: This condition will always return 'true' since the types 'any[]' and 'number' have no overlap.
parser.ts(813,11): error TS2322: Type 'boolean' is not assignable to type 'string'.
parser.ts(814,15): error TS2367: This condition will always return 'true' since the types 'string' and 'number' have no overlap.
parser.ts(816,13): error TS2322: Type 'any[]' is not assignable to type 'number'.
parser.ts(828,11): error TS2322: Type 'boolean' is not assignable to type 'any[]'.
parser.ts(829,15): error TS2367: This condition will always return 'true' since the types 'any[]' and 'number' have no overlap.
parser.ts(830,13): error TS2322: Type 'boolean' is not assignable to type 'string'.
parser.ts(831,17): error TS2367: This condition will always return 'true' since the types 'string' and 'number' have no overlap.
parser.ts(833,15): error TS2322: Type 'any[]' is not assignable to type 'number'.
parser.ts(843,13): error TS2367: This condition will always return 'true' since the types 'any[]' and 'number' have no overlap.
parser.ts(846,11): error TS2322: Type 'boolean' is not assignable to type 'number'.
parser.ts(858,7): error TS2322: Type 'number' is not assignable to type 'boolean'.
parser.ts(864,11): error TS2322: Type 'number' is not assignable to type 'string'.
parser.ts(868,30): error TS2339: Property 'nextPos' does not exist on type 'object'.
parser.ts(870,23): error TS2339: Property 'result' does not exist on type 'object'.
parser.ts(878,9): error TS2322: Type 'number' is not assignable to type 'string'.
parser.ts(879,47): error TS2345: Argument of type 'Function' is not assignable to parameter of type 'string'.
parser.ts(881,11): error TS2367: This condition will always return 'false' since the types 'string' and 'number' have no overlap.
parser.ts(884,11): error TS2367: This condition will always return 'true' since the types 'string' and 'number' have no overlap.
parser.ts(887,13): error TS2367: This condition will always return 'true' since the types 'string' and 'number' have no overlap.
parser.ts(888,18): error TS2367: This condition will always return 'true' since the types 'string' and 'number' have no overlap.
parser.ts(898,11): error TS2322: Type 'string' is not assignable to type 'number'.
parser.ts(910,7): error TS2322: Type 'number' is not assignable to type 'boolean'.
parser.ts(916,11): error TS2322: Type 'number' is not assignable to type 'string'.
parser.ts(920,30): error TS2339: Property 'nextPos' does not exist on type 'object'.
parser.ts(922,23): error TS2339: Property 'result' does not exist on type 'object'.
parser.ts(925,7): error TS2322: Type 'number' is not assignable to type 'string'.
parser.ts(926,11): error TS2367: This condition will always return 'false' since the types 'string' and 'number' have no overlap.
parser.ts(927,9): error TS2322: Type 'boolean' is not assignable to type 'string'.
parser.ts(929,11): error TS2322: Type 'boolean' is not assignable to type 'string'.
parser.ts(931,13): error TS2322: Type 'boolean' is not assignable to type 'string'.
parser.ts(933,15): error TS2322: Type 'boolean' is not assignable to type 'string'.
parser.ts(935,17): error TS2322: Type 'boolean' is not assignable to type 'string'.
parser.ts(937,19): error TS2322: Type 'boolean' is not assignable to type 'string'.
parser.ts(939,21): error TS2322: Type 'boolean' is not assignable to type 'string'.
parser.ts(941,23): error TS2322: Type 'boolean' is not assignable to type 'string'.
parser.ts(943,25): error TS2322: Type 'boolean' is not assignable to type 'string'.
parser.ts(945,27): error TS2322: Type 'boolean' is not assignable to type 'string'.
parser.ts(947,29): error TS2322: Type 'boolean' is not assignable to type 'string'.
parser.ts(968,11): error TS2322: Type 'number' is not assignable to type 'string'.
parser.ts(972,30): error TS2339: Property 'nextPos' does not exist on type 'object'.
parser.ts(974,23): error TS2339: Property 'result' does not exist on type 'object'.
parser.ts(982,9): error TS2322: Type 'number' is not assignable to type 'string'.
parser.ts(983,47): error TS2345: Argument of type 'Function' is not assignable to parameter of type 'string'.
parser.ts(985,11): error TS2367: This condition will always return 'true' since the types 'string' and 'number' have no overlap.
parser.ts(989,7): error TS2322: Type 'string' is not assignable to type 'number'.
parser.ts(999,11): error TS2322: Type 'number' is not assignable to type 'string'.
parser.ts(1003,30): error TS2339: Property 'nextPos' does not exist on type 'object'.
parser.ts(1005,23): error TS2339: Property 'result' does not exist on type 'object'.
parser.ts(1013,9): error TS2322: Type 'number' is not assignable to type 'string'.
parser.ts(1014,47): error TS2345: Argument of type 'Function' is not assignable to parameter of type 'string'.
parser.ts(1016,11): error TS2367: This condition will always return 'false' since the types 'string' and 'number' have no overlap.
parser.ts(1019,11): error TS2367: This condition will always return 'true' since the types 'string' and 'number' have no overlap.
parser.ts(1020,9): error TS2322: Type 'number' is not assignable to type 'string'.
parser.ts(1021,13): error TS2367: This condition will always return 'true' since the types 'string' and 'number' have no overlap.
parser.ts(1024,11): error TS2322: Type 'string' is not assignable to type 'number'.
parser.ts(1036,7): error TS2322: Type 'number' is not assignable to type 'boolean'.
parser.ts(1042,11): error TS2322: Type 'number' is not assignable to type 'string'.
parser.ts(1046,30): error TS2339: Property 'nextPos' does not exist on type 'object'.
parser.ts(1048,23): error TS2339: Property 'result' does not exist on type 'object'.
parser.ts(1056,9): error TS2322: Type 'number' is not assignable to type 'string'.
parser.ts(1057,47): error TS2345: Argument of type 'Function' is not assignable to parameter of type 'string'.
parser.ts(1059,11): error TS2367: This condition will always return 'true' since the types 'string' and 'number' have no overlap.
parser.ts(1060,9): error TS2322: Type 'any[]' is not assignable to type 'string'.
parser.ts(1061,13): error TS2367: This condition will always return 'true' since the types 'string' and 'number' have no overlap.
parser.ts(1062,11): error TS2322: Type 'boolean' is not assignable to type 'string'.
parser.ts(1063,15): error TS2367: This condition will always return 'true' since the types 'string' and 'number' have no overlap.
parser.ts(1064,13): error TS2322: Type 'any[]' is not assignable to type 'string'.
parser.ts(1065,17): error TS2367: This condition will always return 'true' since the types 'string' and 'number' have no overlap.
parser.ts(1070,17): error TS2322: Type 'number' is not assignable to type 'string'.
parser.ts(1071,55): error TS2345: Argument of type 'Function' is not assignable to parameter of type 'string'.
parser.ts(1073,19): error TS2367: This condition will always return 'true' since the types 'string' and 'number' have no overlap.
parser.ts(1076,17): error TS2322: Type 'string' is not assignable to type 'number'.
parser.ts(1100,7): error TS2322: Type 'number' is not assignable to type 'boolean'.
parser.ts(1106,11): error TS2322: Type 'number' is not assignable to type 'string'.
parser.ts(1110,30): error TS2339: Property 'nextPos' does not exist on type 'object'.
parser.ts(1112,23): error TS2339: Property 'result' does not exist on type 'object'.
parser.ts(1117,9): error TS2322: Type 'string' is not assignable to type 'boolean'.
parser.ts(1120,9): error TS2322: Type 'number' is not assignable to type 'boolean'.
parser.ts(1121,47): error TS2345: Argument of type 'Function' is not assignable to parameter of type 'string'.
parser.ts(1123,11): error TS2367: This condition will always return 'false' since the types 'boolean' and 'number' have no overlap.
parser.ts(1126,11): error TS2367: This condition will always return 'true' since the types 'boolean' and 'number' have no overlap.
parser.ts(1131,11): error TS2322: Type 'number' is not assignable to type 'string'.
parser.ts(1132,49): error TS2345: Argument of type 'Function' is not assignable to parameter of type 'string'.
parser.ts(1134,13): error TS2367: This condition will always return 'true' since the types 'string' and 'number' have no overlap.
parser.ts(1137,11): error TS2322: Type 'boolean' is not assignable to type 'number'.
parser.ts(1148,11): error TS2322: Type 'string' is not assignable to type 'number'.
parser.ts(1152,49): error TS2345: Argument of type 'Function' is not assignable to parameter of type 'string'.
parser.ts(1158,7): error TS2322: Type 'number' is not assignable to type 'boolean'.
parser.ts(1164,11): error TS2322: Type 'number' is not assignable to type 'string'.
parser.ts(1168,30): error TS2339: Property 'nextPos' does not exist on type 'object'.
parser.ts(1170,23): error TS2339: Property 'result' does not exist on type 'object'.
parser.ts(1178,9): error TS2322: Type 'number' is not assignable to type 'string'.
parser.ts(1179,47): error TS2345: Argument of type 'Function' is not assignable to parameter of type 'string'.
parser.ts(1181,11): error TS2367: This condition will always return 'false' since the types 'string' and 'number' have no overlap.
parser.ts(1184,11): error TS2367: This condition will always return 'true' since the types 'string' and 'number' have no overlap.
parser.ts(1189,11): error TS2322: Type 'number' is not assignable to type 'string'.
parser.ts(1190,49): error TS2345: Argument of type 'Function' is not assignable to parameter of type 'string'.
parser.ts(1192,13): error TS2367: This condition will always return 'true' since the types 'string' and 'number' have no overlap.
parser.ts(1195,11): error TS2322: Type 'string' is not assignable to type 'number'.
parser.ts(1207,7): error TS2322: Type 'number' is not assignable to type 'boolean'.
parser.ts(1213,11): error TS2322: Type 'number' is not assignable to type 'string'.
parser.ts(1217,30): error TS2339: Property 'nextPos' does not exist on type 'object'.
parser.ts(1219,23): error TS2339: Property 'result' does not exist on type 'object'.
parser.ts(1223,7): error TS2322: Type 'number' is not assignable to type 'boolean'.
parser.ts(1224,11): error TS2367: This condition will always return 'true' since the types 'boolean' and 'number' have no overlap.
parser.ts(1231,11): error TS2322: Type 'number' is not assignable to type 'string'.
parser.ts(1232,49): error TS2345: Argument of type 'Function' is not assignable to parameter of type 'string'.
parser.ts(1234,13): error TS2367: This condition will always return 'true' since the types 'string' and 'number' have no overlap.
parser.ts(1235,11): error TS2322: Type 'number' is not assignable to type 'string'.
parser.ts(1236,15): error TS2367: This condition will always return 'true' since the types 'string' and 'number' have no overlap.
parser.ts(1237,13): error TS2322: Type 'string[]' is not assignable to type 'string'.
parser.ts(1238,13): error TS2322: Type 'string' is not assignable to type 'number'.
parser.ts(1254,13): error TS2322: Type 'number' is not assignable to type 'string'.
parser.ts(1255,51): error TS2345: Argument of type 'Function' is not assignable to parameter of type 'string'.
parser.ts(1257,15): error TS2367: This condition will always return 'true' since the types 'string' and 'number' have no overlap.
parser.ts(1258,13): error TS2322: Type 'number' is not assignable to type 'string'.
parser.ts(1259,17): error TS2367: This condition will always return 'true' since the types 'string' and 'number' have no overlap.
parser.ts(1260,15): error TS2322: Type 'string[]' is not assignable to type 'string'.
parser.ts(1261,15): error TS2322: Type 'string' is not assignable to type 'number'.
parser.ts(1271,13): error TS2367: This condition will always return 'true' since the types 'any[]' and 'number' have no overlap.
parser.ts(1274,11): error TS2322: Type 'boolean' is not assignable to type 'number'.
parser.ts(1286,7): error TS2322: Type 'number' is not assignable to type 'boolean'.
parser.ts(1292,11): error TS2322: Type 'number' is not assignable to type 'string'.
parser.ts(1296,30): error TS2339: Property 'nextPos' does not exist on type 'object'.
parser.ts(1298,23): error TS2339: Property 'result' does not exist on type 'object'.
parser.ts(1303,11): error TS2367: This condition will always return 'true' since the types 'boolean' and 'number' have no overlap.
parser.ts(1304,9): error TS2322: Type 'any[]' is not assignable to type 'string'.
parser.ts(1305,13): error TS2367: This condition will always return 'true' since the types 'string' and 'number' have no overlap.
parser.ts(1306,11): error TS2322: Type 'boolean' is not assignable to type 'string'.
parser.ts(1307,15): error TS2367: This condition will always return 'true' since the types 'string' and 'number' have no overlap.
parser.ts(1308,13): error TS2322: Type 'any[]' is not assignable to type 'string'.
parser.ts(1309,17): error TS2367: This condition will always return 'true' since the types 'string' and 'number' have no overlap.
parser.ts(1310,15): error TS2322: Type 'boolean' is not assignable to type 'string'.
parser.ts(1311,19): error TS2367: This condition will always return 'false' since the types 'string' and 'number' have no overlap.
parser.ts(1312,17): error TS2322: Type 'boolean' is not assignable to type 'string'.
parser.ts(1314,19): error TS2367: This condition will always return 'true' since the types 'string' and 'number' have no overlap.
parser.ts(1317,17): error TS2322: Type 'boolean' is not assignable to type 'number'.
parser.ts(1341,13): error TS2367: This condition will always return 'true' since the types 'boolean' and 'number' have no overlap.
parser.ts(1342,11): error TS2322: Type 'any[]' is not assignable to type 'string'.
parser.ts(1343,15): error TS2367: This condition will always return 'true' since the types 'string' and 'number' have no overlap.
parser.ts(1344,13): error TS2322: Type 'boolean' is not assignable to type 'string'.
parser.ts(1345,17): error TS2367: This condition will always return 'true' since the types 'string' and 'number' have no overlap.
parser.ts(1346,15): error TS2322: Type 'any[]' is not assignable to type 'string'.
parser.ts(1347,19): error TS2367: This condition will always return 'true' since the types 'string' and 'number' have no overlap.
parser.ts(1348,17): error TS2322: Type 'boolean' is not assignable to type 'string'.
parser.ts(1349,21): error TS2367: This condition will always return 'false' since the types 'string' and 'number' have no overlap.
parser.ts(1350,19): error TS2322: Type 'boolean' is not assignable to type 'string'.
parser.ts(1352,21): error TS2322: Type 'number' is not assignable to type 'string'.
parser.ts(1355,21): error TS2367: This condition will always return 'true' since the types 'string' and 'number' have no overlap.
parser.ts(1358,19): error TS2322: Type 'boolean' is not assignable to type 'number'.
parser.ts(1382,15): error TS2367: This condition will always return 'true' since the types 'boolean' and 'number' have no overlap.
parser.ts(1386,11): error TS2322: Type 'boolean' is not assignable to type 'number'.
parser.ts(1392,7): error TS2322: Type 'number' is not assignable to type 'boolean'.
parser.ts(1398,11): error TS2322: Type 'number' is not assignable to type 'string'.
parser.ts(1402,30): error TS2339: Property 'nextPos' does not exist on type 'object'.
parser.ts(1404,23): error TS2339: Property 'result' does not exist on type 'object'.
parser.ts(1412,9): error TS2322: Type 'number' is not assignable to type 'string'.
parser.ts(1413,47): error TS2345: Argument of type 'Function' is not assignable to parameter of type 'string'.
parser.ts(1415,11): error TS2367: This condition will always return 'true' since the types 'string' and 'number' have no overlap.
parser.ts(1418,11): error TS2322: Type 'string' is not assignable to type 'number'.
parser.ts(1422,49): error TS2345: Argument of type 'Function' is not assignable to parameter of type 'string'.
parser.ts(1430,13): error TS2322: Type 'number' is not assignable to type 'string'.
parser.ts(1431,51): error TS2345: Argument of type 'Function' is not assignable to parameter of type 'string'.
parser.ts(1433,15): error TS2367: This condition will always return 'true' since the types 'string' and 'number' have no overlap.
parser.ts(1438,15): error TS2322: Type 'number' is not assignable to type 'string'.
parser.ts(1439,53): error TS2345: Argument of type 'Function' is not assignable to parameter of type 'string'.
parser.ts(1441,17): error TS2367: This condition will always return 'true' since the types 'string' and 'number' have no overlap.
parser.ts(1444,15): error TS2322: Type 'string' is not assignable to type 'number'.
parser.ts(1457,13): error TS2322: Type 'string' is not assignable to type 'number'.
parser.ts(1461,51): error TS2345: Argument of type 'Function' is not assignable to parameter of type 'string'.
parser.ts(1469,15): error TS2322: Type 'number' is not assignable to type 'string'.
parser.ts(1470,53): error TS2345: Argument of type 'Function' is not assignable to parameter of type 'string'.
parser.ts(1472,17): error TS2367: This condition will always return 'true' since the types 'string' and 'number' have no overlap.
parser.ts(1477,17): error TS2322: Type 'number' is not assignable to type 'string'.
parser.ts(1478,55): error TS2345: Argument of type 'Function' is not assignable to parameter of type 'string'.
parser.ts(1480,19): error TS2367: This condition will always return 'true' since the types 'string' and 'number' have no overlap.
parser.ts(1483,17): error TS2322: Type 'string' is not assignable to type 'number'.
parser.ts(1494,13): error TS2367: This condition will always return 'true' since the types 'any[]' and 'number' have no overlap.
parser.ts(1496,13): error TS2322: Type 'string' is not assignable to type 'number'.
parser.ts(1500,51): error TS2345: Argument of type 'Function' is not assignable to parameter of type 'string'.
parser.ts(1505,13): error TS2322: Type 'string' is not assignable to type 'number'.
parser.ts(1524,11): error TS2322: Type 'number' is not assignable to type 'string'.
parser.ts(1525,49): error TS2345: Argument of type 'Function' is not assignable to parameter of type 'string'.
parser.ts(1527,13): error TS2367: This condition will always return 'true' since the types 'string' and 'number' have no overlap.
parser.ts(1530,13): error TS2322: Type 'string' is not assignable to type 'number'.
parser.ts(1534,51): error TS2345: Argument of type 'Function' is not assignable to parameter of type 'string'.
parser.ts(1542,15): error TS2322: Type 'number' is not assignable to type 'string'.
parser.ts(1543,53): error TS2345: Argument of type 'Function' is not assignable to parameter of type 'string'.
parser.ts(1545,17): error TS2367: This condition will always return 'true' since the types 'string' and 'number' have no overlap.
parser.ts(1550,17): error TS2322: Type 'number' is not assignable to type 'string'.
parser.ts(1551,55): error TS2345: Argument of type 'Function' is not assignable to parameter of type 'string'.
parser.ts(1553,19): error TS2367: This condition will always return 'true' since the types 'string' and 'number' have no overlap.
parser.ts(1556,17): error TS2322: Type 'string' is not assignable to type 'number'.
parser.ts(1569,15): error TS2322: Type 'string' is not assignable to type 'number'.
parser.ts(1573,53): error TS2345: Argument of type 'Function' is not assignable to parameter of type 'string'.
parser.ts(1581,17): error TS2322: Type 'number' is not assignable to type 'string'.
parser.ts(1582,55): error TS2345: Argument of type 'Function' is not assignable to parameter of type 'string'.
parser.ts(1584,19): error TS2367: This condition will always return 'true' since the types 'string' and 'number' have no overlap.
parser.ts(1589,19): error TS2322: Type 'number' is not assignable to type 'string'.
parser.ts(1590,57): error TS2345: Argument of type 'Function' is not assignable to parameter of type 'string'.
parser.ts(1592,21): error TS2367: This condition will always return 'true' since the types 'string' and 'number' have no overlap.
parser.ts(1595,19): error TS2322: Type 'string' is not assignable to type 'number'.
parser.ts(1606,15): error TS2367: This condition will always return 'true' since the types 'any[]' and 'number' have no overlap.
parser.ts(1608,15): error TS2322: Type 'string' is not assignable to type 'number'.
parser.ts(1612,53): error TS2345: Argument of type 'Function' is not assignable to parameter of type 'string'.
parser.ts(1617,15): error TS2322: Type 'string' is not assignable to type 'number'.
parser.ts(1634,7): error TS2322: Type 'number' is not assignable to type 'boolean'.
parser.ts(1640,11): error TS2322: Type 'number' is not assignable to type 'string'.
parser.ts(1644,30): error TS2339: Property 'nextPos' does not exist on type 'object'.
parser.ts(1646,23): error TS2339: Property 'result' does not exist on type 'object'.
parser.ts(1656,9): error TS2322: Type 'number' is not assignable to type 'string'.
parser.ts(1657,47): error TS2345: Argument of type 'Function' is not assignable to parameter of type 'string'.
parser.ts(1659,14): error TS2367: This condition will always return 'true' since the types 'string' and 'number' have no overlap.
parser.ts(1665,11): error TS2322: Type 'number' is not assignable to type 'string'.
parser.ts(1666,49): error TS2345: Argument of type 'Function' is not assignable to parameter of type 'string'.
parser.ts(1675,49): error TS2345: Argument of type 'Function' is not assignable to parameter of type 'string'.
parser.ts(1679,11): error TS2322: Type 'any[]' is not assignable to type 'number'.
parser.ts(1698,49): error TS2345: Argument of type 'Function' is not assignable to parameter of type 'string'.
parser.ts(1708,53): error TS2345: Argument of type 'Function' is not assignable to parameter of type 'string'.
parser.ts(1729,7): error TS2322: Type 'number' is not assignable to type 'boolean'.
parser.ts(1735,11): error TS2322: Type 'number' is not assignable to type 'string'.
parser.ts(1739,30): error TS2339: Property 'nextPos' does not exist on type 'object'.
parser.ts(1741,23): error TS2339: Property 'result' does not exist on type 'object'.
parser.ts(1760,11): error TS2322: Type 'number' is not assignable to type 'string'.
parser.ts(1764,30): error TS2339: Property 'nextPos' does not exist on type 'object'.
parser.ts(1766,23): error TS2339: Property 'result' does not exist on type 'object'.
parser.ts(1774,9): error TS2322: Type 'number' is not assignable to type 'string'.
parser.ts(1775,47): error TS2345: Argument of type 'Function' is not assignable to parameter of type 'string'.
parser.ts(1777,11): error TS2367: This condition will always return 'true' since the types 'string' and 'number' have no overlap.
parser.ts(1778,9): error TS2322: Type 'any[]' is not assignable to type 'string'.
parser.ts(1779,13): error TS2367: This condition will always return 'true' since the types 'string' and 'number' have no overlap.
parser.ts(1785,13): error TS2322: Type 'number' is not assignable to type 'string'.
parser.ts(1786,51): error TS2345: Argument of type 'Function' is not assignable to parameter of type 'string'.
parser.ts(1788,15): error TS2367: This condition will always return 'true' since the types 'string' and 'number' have no overlap.
parser.ts(1789,20): error TS2367: This condition will always return 'true' since the types 'string' and 'number' have no overlap.
parser.ts(1795,17): error TS2322: Type 'number' is not assignable to type 'string'.
parser.ts(1796,55): error TS2345: Argument of type 'Function' is not assignable to parameter of type 'string'.
parser.ts(1803,13): error TS2322: Type 'any[]' is not assignable to type 'string'.
parser.ts(1810,55): error TS2345: Argument of type 'object' is not assignable to parameter of type 'string'.
parser.ts(1815,17): error TS2322: Type 'string' is not assignable to type 'number'.
parser.ts(1839,7): error TS2322: Type 'number' is not assignable to type 'boolean'.
parser.ts(1845,11): error TS2322: Type 'number' is not assignable to type 'string'.
parser.ts(1849,30): error TS2339: Property 'nextPos' does not exist on type 'object'.
parser.ts(1851,23): error TS2339: Property 'result' does not exist on type 'object'.
parser.ts(1859,9): error TS2322: Type 'number' is not assignable to type 'string'.
parser.ts(1860,47): error TS2345: Argument of type 'Function' is not assignable to parameter of type 'string'.
parser.ts(1862,11): error TS2367: This condition will always return 'true' since the types 'string' and 'number' have no overlap.
parser.ts(1863,16): error TS2367: This condition will always return 'true' since the types 'string' and 'number' have no overlap.
parser.ts(1869,13): error TS2322: Type 'number' is not assignable to type 'string'.
parser.ts(1870,51): error TS2345: Argument of type 'Function' is not assignable to parameter of type 'string'.
parser.ts(1885,11): error TS2322: Type 'number' is not assignable to type 'string'.
parser.ts(1889,30): error TS2339: Property 'nextPos' does not exist on type 'object'.
parser.ts(1891,23): error TS2339: Property 'result' does not exist on type 'object'.
parser.ts(1899,9): error TS2322: Type 'number' is not assignable to type 'string'.
parser.ts(1900,47): error TS2345: Argument of type 'Function' is not assignable to parameter of type 'string'.
parser.ts(1902,11): error TS2367: This condition will always return 'true' since the types 'string' and 'number' have no overlap.
parser.ts(1908,11): error TS2322: Type 'number' is not assignable to type 'string'.
parser.ts(1909,49): error TS2345: Argument of type 'Function' is not assignable to parameter of type 'string'.
parser.ts(1911,13): error TS2367: This condition will always return 'true' since the types 'string' and 'number' have no overlap.
parser.ts(1912,18): error TS2367: This condition will always return 'true' since the types 'string' and 'number' have no overlap.
parser.ts(1918,15): error TS2322: Type 'number' is not assignable to type 'string'.
parser.ts(1919,53): error TS2345: Argument of type 'Function' is not assignable to parameter of type 'string'.
parser.ts(1931,51): error TS2345: Argument of type 'Function' is not assignable to parameter of type 'string'.
parser.ts(1934,13): error TS2740: Type 'any[]' is missing the following properties from type 'Function': apply, call, bind, prototype, and 5 more.
parser.ts(1941,15): error TS2322: Type 'string' is not assignable to type 'number'.
parser.ts(1961,7): error TS2322: Type 'number' is not assignable to type 'boolean'.
parser.ts(1967,11): error TS2322: Type 'number' is not assignable to type 'string'.
parser.ts(1971,30): error TS2339: Property 'nextPos' does not exist on type 'object'.
parser.ts(1973,23): error TS2339: Property 'result' does not exist on type 'object'.
parser.ts(1981,9): error TS2322: Type 'number' is not assignable to type 'string'.
parser.ts(1982,47): error TS2345: Argument of type 'Function' is not assignable to parameter of type 'string'.
parser.ts(1984,11): error TS2367: This condition will always return 'true' since the types 'string' and 'number' have no overlap.
parser.ts(1985,9): error TS2322: Type 'number' is not assignable to type 'string'.
parser.ts(1986,13): error TS2367: This condition will always return 'true' since the types 'string' and 'number' have no overlap.
parser.ts(1993,13): error TS2322: Type 'number' is not assignable to type 'string'.
parser.ts(1994,51): error TS2345: Argument of type 'Function' is not assignable to parameter of type 'string'.
parser.ts(1996,15): error TS2367: This condition will always return 'true' since the types 'string' and 'number' have no overlap.
parser.ts(1997,13): error TS2322: Type 'number' is not assignable to type 'string'.
parser.ts(1998,17): error TS2367: This condition will always return 'true' since the types 'string' and 'number' have no overlap.
parser.ts(1999,15): error TS2322: Type 'string[]' is not assignable to type 'string'.
parser.ts(2000,15): error TS2322: Type 'string' is not assignable to type 'number'.
parser.ts(2016,15): error TS2322: Type 'number' is not assignable to type 'string'.
parser.ts(2017,53): error TS2345: Argument of type 'Function' is not assignable to parameter of type 'string'.
parser.ts(2019,17): error TS2367: This condition will always return 'true' since the types 'string' and 'number' have no overlap.
parser.ts(2020,15): error TS2322: Type 'number' is not assignable to type 'string'.
parser.ts(2021,19): error TS2367: This condition will always return 'true' since the types 'string' and 'number' have no overlap.
parser.ts(2022,17): error TS2322: Type 'string[]' is not assignable to type 'string'.
parser.ts(2023,17): error TS2322: Type 'string' is not assignable to type 'number'.
parser.ts(2033,15): error TS2367: This condition will always return 'true' since the types 'any[]' and 'number' have no overlap.
parser.ts(2036,13): error TS2322: Type 'string' is not assignable to type 'number'.
parser.ts(2052,7): error TS2322: Type 'number' is not assignable to type 'boolean'.
parser.ts(2058,11): error TS2322: Type 'number' is not assignable to type 'string'.
parser.ts(2062,30): error TS2339: Property 'nextPos' does not exist on type 'object'.
parser.ts(2064,23): error TS2339: Property 'result' does not exist on type 'object'.
parser.ts(2072,9): error TS2322: Type 'number' is not assignable to type 'string'.
parser.ts(2073,47): error TS2345: Argument of type 'Function' is not assignable to parameter of type 'string'.
parser.ts(2075,11): error TS2367: This condition will always return 'true' since the types 'string' and 'number' have no overlap.
parser.ts(2076,9): error TS2322: Type 'any[]' is not assignable to type 'string'.
parser.ts(2077,13): error TS2367: This condition will always return 'true' since the types 'string' and 'number' have no overlap.
parser.ts(2078,11): error TS2322: Type 'boolean' is not assignable to type 'string'.
parser.ts(2079,15): error TS2367: This condition will always return 'true' since the types 'string' and 'number' have no overlap.
parser.ts(2080,13): error TS2322: Type 'any[]' is not assignable to type 'string'.
parser.ts(2081,17): error TS2367: This condition will always return 'true' since the types 'string' and 'number' have no overlap.
parser.ts(2086,17): error TS2322: Type 'number' is not assignable to type 'string'.
parser.ts(2087,55): error TS2345: Argument of type 'object' is not assignable to parameter of type 'string'.
parser.ts(2089,19): error TS2367: This condition will always return 'true' since the types 'string' and 'number' have no overlap.
parser.ts(2092,17): error TS2322: Type 'string' is not assignable to type 'number'.
parser.ts(2116,7): error TS2322: Type 'number' is not assignable to type 'boolean'.
parser.ts(2122,11): error TS2322: Type 'number' is not assignable to type 'string'.
parser.ts(2126,30): error TS2339: Property 'nextPos' does not exist on type 'object'.
parser.ts(2128,23): error TS2339: Property 'result' does not exist on type 'object'.
parser.ts(2136,9): error TS2322: Type 'number' is not assignable to type 'string'.
parser.ts(2137,47): error TS2345: Argument of type 'Function' is not assignable to parameter of type 'string'.
parser.ts(2139,11): error TS2367: This condition will always return 'true' since the types 'string' and 'number' have no overlap.
parser.ts(2140,9): error TS2322: Type 'any[]' is not assignable to type 'string'.
parser.ts(2141,13): error TS2367: This condition will always return 'true' since the types 'string' and 'number' have no overlap.
parser.ts(2142,11): error TS2322: Type 'boolean' is not assignable to type 'string'.
parser.ts(2143,15): error TS2367: This condition will always return 'true' since the types 'string' and 'number' have no overlap.
parser.ts(2144,13): error TS2322: Type 'any[]' is not assignable to type 'string'.
parser.ts(2145,17): error TS2367: This condition will always return 'true' since the types 'string' and 'number' have no overlap.
parser.ts(2150,17): error TS2322: Type 'number' is not assignable to type 'string'.
parser.ts(2151,55): error TS2345: Argument of type 'object' is not assignable to parameter of type 'string'.
parser.ts(2153,19): error TS2367: This condition will always return 'true' since the types 'string' and 'number' have no overlap.
parser.ts(2156,17): error TS2322: Type 'string' is not assignable to type 'number'.
parser.ts(2180,7): error TS2322: Type 'number' is not assignable to type 'boolean'.
parser.ts(2186,11): error TS2322: Type 'number' is not assignable to type 'string'.
parser.ts(2190,30): error TS2339: Property 'nextPos' does not exist on type 'object'.
parser.ts(2192,23): error TS2339: Property 'result' does not exist on type 'object'.
parser.ts(2200,9): error TS2322: Type 'number' is not assignable to type 'string'.
parser.ts(2201,47): error TS2345: Argument of type 'Function' is not assignable to parameter of type 'string'.
parser.ts(2203,11): error TS2367: This condition will always return 'true' since the types 'string' and 'number' have no overlap.
parser.ts(2204,9): error TS2322: Type 'any[]' is not assignable to type 'string'.
parser.ts(2205,13): error TS2367: This condition will always return 'true' since the types 'string' and 'number' have no overlap.
parser.ts(2206,11): error TS2322: Type 'boolean' is not assignable to type 'string'.
parser.ts(2207,15): error TS2367: This condition will always return 'true' since the types 'string' and 'number' have no overlap.
parser.ts(2208,13): error TS2322: Type 'any[]' is not assignable to type 'string'.
parser.ts(2209,17): error TS2367: This condition will always return 'true' since the types 'string' and 'number' have no overlap.
parser.ts(2214,17): error TS2322: Type 'number' is not assignable to type 'string'.
parser.ts(2215,55): error TS2345: Argument of type 'object' is not assignable to parameter of type 'string'.
parser.ts(2217,19): error TS2367: This condition will always return 'true' since the types 'string' and 'number' have no overlap.
parser.ts(2220,17): error TS2322: Type 'string' is not assignable to type 'number'.
parser.ts(2244,7): error TS2322: Type 'number' is not assignable to type 'boolean'.
parser.ts(2250,11): error TS2322: Type 'number' is not assignable to type 'string'.
parser.ts(2254,30): error TS2339: Property 'nextPos' does not exist on type 'object'.
parser.ts(2256,23): error TS2339: Property 'result' does not exist on type 'object'.
parser.ts(2264,9): error TS2322: Type 'number' is not assignable to type 'string'.
parser.ts(2265,47): error TS2345: Argument of type 'Function' is not assignable to parameter of type 'string'.
parser.ts(2267,11): error TS2367: This condition will always return 'true' since the types 'string' and 'number' have no overlap.
parser.ts(2271,7): error TS2322: Type 'string' is not assignable to type 'number'.
parser.ts(2275,7): error TS2322: Type 'number' is not assignable to type 'boolean'.
parser.ts(2281,11): error TS2322: Type 'number' is not assignable to type 'string'.
parser.ts(2285,30): error TS2339: Property 'nextPos' does not exist on type 'object'.
parser.ts(2287,23): error TS2339: Property 'result' does not exist on type 'object'.
parser.ts(2295,9): error TS2322: Type 'number' is not assignable to type 'string'.
parser.ts(2296,47): error TS2345: Argument of type 'Function' is not assignable to parameter of type 'string'.
parser.ts(2298,11): error TS2367: This condition will always return 'true' since the types 'string' and 'number' have no overlap.
parser.ts(2302,7): error TS2322: Type 'string' is not assignable to type 'number'.
parser.ts(2306,7): error TS2322: Type 'number' is not assignable to type 'boolean'.
parser.ts(2312,11): error TS2322: Type 'number' is not assignable to type 'string'.
parser.ts(2316,30): error TS2339: Property 'nextPos' does not exist on type 'object'.
parser.ts(2318,23): error TS2339: Property 'result' does not exist on type 'object'.
parser.ts(2326,9): error TS2322: Type 'number' is not assignable to type 'string'.
parser.ts(2327,47): error TS2345: Argument of type 'Function' is not assignable to parameter of type 'string'.
parser.ts(2329,11): error TS2367: This condition will always return 'true' since the types 'string' and 'number' have no overlap.
parser.ts(2330,9): error TS2322: Type 'any[]' is not assignable to type 'string'.
parser.ts(2331,13): error TS2367: This condition will always return 'true' since the types 'string' and 'number' have no overlap.
parser.ts(2337,13): error TS2322: Type 'number' is not assignable to type 'string'.
parser.ts(2338,51): error TS2345: Argument of type 'Function' is not assignable to parameter of type 'string'.
parser.ts(2340,15): error TS2367: This condition will always return 'true' since the types 'string' and 'number' have no overlap.
parser.ts(2341,20): error TS2367: This condition will always return 'true' since the types 'string' and 'number' have no overlap.
parser.ts(2347,17): error TS2322: Type 'number' is not assignable to type 'string'.
parser.ts(2348,55): error TS2345: Argument of type 'Function' is not assignable to parameter of type 'string'.
parser.ts(2355,13): error TS2322: Type 'any[]' is not assignable to type 'string'.
parser.ts(2362,55): error TS2345: Argument of type 'object' is not assignable to parameter of type 'string'.
parser.ts(2367,17): error TS2322: Type 'string' is not assignable to type 'number'.
parser.ts(2391,7): error TS2322: Type 'number' is not assignable to type 'boolean'.
parser.ts(2397,11): error TS2322: Type 'number' is not assignable to type 'string'.
parser.ts(2401,30): error TS2339: Property 'nextPos' does not exist on type 'object'.
parser.ts(2403,23): error TS2339: Property 'result' does not exist on type 'object'.
parser.ts(2411,9): error TS2322: Type 'number' is not assignable to type 'string'.
parser.ts(2412,47): error TS2345: Argument of type 'Function' is not assignable to parameter of type 'string'.
parser.ts(2414,11): error TS2367: This condition will always return 'true' since the types 'string' and 'number' have no overlap.
parser.ts(2415,9): error TS2322: Type 'any[]' is not assignable to type 'string'.
parser.ts(2416,13): error TS2367: This condition will always return 'true' since the types 'string' and 'number' have no overlap.
parser.ts(2422,13): error TS2322: Type 'number' is not assignable to type 'string'.
parser.ts(2423,51): error TS2345: Argument of type 'Function' is not assignable to parameter of type 'string'.
parser.ts(2425,15): error TS2367: This condition will always return 'true' since the types 'string' and 'number' have no overlap.
parser.ts(2426,20): error TS2367: This condition will always return 'true' since the types 'string' and 'number' have no overlap.
parser.ts(2432,17): error TS2322: Type 'number' is not assignable to type 'string'.
parser.ts(2433,55): error TS2345: Argument of type 'Function' is not assignable to parameter of type 'string'.
parser.ts(2440,13): error TS2322: Type 'any[]' is not assignable to type 'string'.
parser.ts(2447,55): error TS2345: Argument of type 'object' is not assignable to parameter of type 'string'.
parser.ts(2452,17): error TS2322: Type 'string' is not assignable to type 'number'.
parser.ts(2476,7): error TS2322: Type 'number' is not assignable to type 'boolean'.
parser.ts(2482,11): error TS2322: Type 'number' is not assignable to type 'string'.
parser.ts(2486,30): error TS2339: Property 'nextPos' does not exist on type 'object'.
parser.ts(2488,23): error TS2339: Property 'result' does not exist on type 'object'.
parser.ts(2496,9): error TS2322: Type 'number' is not assignable to type 'string'.
parser.ts(2497,47): error TS2345: Argument of type 'object' is not assignable to parameter of type 'string'.
parser.ts(2499,11): error TS2367: This condition will always return 'true' since the types 'string' and 'number' have no overlap.
parser.ts(2504,11): error TS2322: Type 'number' is not assignable to type 'string'.
parser.ts(2505,49): error TS2345: Argument of type 'Function' is not assignable to parameter of type 'string'.
parser.ts(2507,13): error TS2367: This condition will always return 'false' since the types 'string' and 'number' have no overlap.
parser.ts(2513,51): error TS2345: Argument of type 'Function' is not assignable to parameter of type 'string'.
parser.ts(2521,53): error TS2345: Argument of type 'Function' is not assignable to parameter of type 'string'.
parser.ts(2529,55): error TS2345: Argument of type 'Function' is not assignable to parameter of type 'string'.
parser.ts(2537,57): error TS2345: Argument of type 'Function' is not assignable to parameter of type 'string'.
parser.ts(2543,13): error TS2367: This condition will always return 'true' since the types 'string' and 'number' have no overlap.
parser.ts(2546,11): error TS2322: Type 'string' is not assignable to type 'number'.
parser.ts(2558,7): error TS2322: Type 'number' is not assignable to type 'boolean'.
parser.ts(2565,36): error TS2769: No overload matches this call.
  The last overload gave the following error.
    Argument of type '(match: Function, ch: number) => number | "\b" | "\f" | "\n" | "\r" | "\t" | "\v"' is not assignable to parameter of type '(substring: string, ...args: any[]) => string'.
      Types of parameters 'match' and 'substring' are incompatible.
        Type 'string' is not assignable to type 'Function'.
parser.ts(2567,18): error TS2678: Type 'string' is not comparable to type 'number'.
parser.ts(2568,18): error TS2678: Type 'string' is not comparable to type 'number'.
parser.ts(2569,18): error TS2678: Type 'string' is not comparable to type 'number'.
parser.ts(2570,18): error TS2678: Type 'string' is not comparable to type 'number'.
parser.ts(2571,18): error TS2678: Type 'string' is not comparable to type 'number'.
parser.ts(2572,18): error TS2678: Type 'string' is not comparable to type 'number'.
parser.ts(2582,7): error TS2322: Type 'number' is not assignable to type 'string'.
parser.ts(2585,18): error TS2345: Argument of type 'object' is not assignable to parameter of type 'string'.
parser.ts(2589,9): error TS2345: Argument of type 'any[]' is not assignable to parameter of type 'string'.
parser.ts(2592,33): error TS2345: Argument of type 'number' is not assignable to parameter of type 'string'.
parser.ts(2593,33): error TS2345: Argument of type 'number' is not assignable to parameter of type 'string'.
rollup.config.ts(1,24): error TS2307: Cannot find module 'rollup-plugin-terser' or its corresponding type declarations.
rollup.config.ts(3,25): error TS2307: Cannot find module '@rollup/plugin-node-resolve' or its corresponding type declarations.
rollup.config.ts(4,22): error TS2307: Cannot find module '@rollup/plugin-commonjs' or its corresponding type declarations.
rollup.config.ts(5,18): error TS2307: Cannot find module '@rollup/plugin-json' or its corresponding type declarations.
rollup.config.ts(7,19): error TS2307: Cannot find module 'rollup-plugin-babel' or its corresponding type declarations.
rollup.config.ts(8,25): error TS2732: Cannot find module './package.json'. Consider using '--resolveJsonModule' to import module with '.json' extension.
rollup.config.ts(23,86): error TS2304: Cannot find name 'Void'.
rollup.config.ts(49,21): error TS2339: Property 'external' does not exist on type '{ input: string; output: { format: string; sourcemap: boolean; file: string; name: string; globals: { estraverse: string; }; }; plugins: any[]; }'.

