lib/copy/copy-sync.ts(5,10): error TS2614: Module '"../mkdirs"' has no exported member 'mkdirsSync'. Did you mean to use 'import mkdirsSync from "../mkdirs"' instead?
lib/copy/copy-sync.ts(6,10): error TS2614: Module '"../util/utimes"' has no exported member 'utimesMillisSync'. Did you mean to use 'import utimesMillisSync from "../util/utimes"' instead?
lib/copy/copy-sync.ts(9,62): error TS2314: Generic type 'Promise<T>' requires 1 type argument(s).
lib/copy/copy-sync.ts(15,8): error TS2339: Property 'clobber' does not exist on type 'Object'.
lib/copy/copy-sync.ts(15,45): error TS2339: Property 'clobber' does not exist on type 'Object'.
lib/copy/copy-sync.ts(16,8): error TS2339: Property 'overwrite' does not exist on type 'Object'.
lib/copy/copy-sync.ts(16,49): error TS2339: Property 'overwrite' does not exist on type 'Object'.
lib/copy/copy-sync.ts(16,66): error TS2339: Property 'clobber' does not exist on type 'Object'.
lib/copy/copy-sync.ts(19,12): error TS2339: Property 'preserveTimestamps' does not exist on type 'Object'.
lib/copy/copy-sync.ts(27,11): error TS2339: Property 'srcStat' does not exist on type 'Object'.
lib/copy/copy-sync.ts(27,20): error TS2339: Property 'destStat' does not exist on type 'Object'.
lib/copy/copy-sync.ts(27,72): error TS2345: Argument of type 'Object' is not assignable to parameter of type 'String'.
  The 'Object' type is assignable to very few other types. Did you mean to use the 'any' type instead?
lib/copy/copy-sync.ts(33,12): error TS2339: Property 'filter' does not exist on type 'Object'.
lib/copy/copy-sync.ts(33,28): error TS2339: Property 'filter' does not exist on type 'Object'.
lib/copy/copy-sync.ts(34,43): error TS2345: Argument of type 'String' is not assignable to parameter of type 'string'.
  'string' is a primitive, but 'String' is a wrapper object. Prefer using 'string' when possible.
lib/copy/copy-sync.ts(35,22): error TS2345: Argument of type 'String' is not assignable to parameter of type 'PathLike'.
lib/copy/copy-sync.ts(36,19): error TS2345: Argument of type 'Number' is not assignable to parameter of type 'String'.
lib/copy/copy-sync.ts(40,12): error TS2339: Property 'filter' does not exist on type 'Object'.
lib/copy/copy-sync.ts(40,28): error TS2339: Property 'filter' does not exist on type 'Object'.
lib/copy/copy-sync.ts(45,35): error TS2339: Property 'dereference' does not exist on type 'Object'.
lib/copy/copy-sync.ts(48,15): error TS2339: Property 'isDirectory' does not exist on type 'Function'.
lib/copy/copy-sync.ts(48,52): error TS2345: Argument of type 'String' is not assignable to parameter of type 'Boolean'.
  The types returned by 'valueOf()' are incompatible between these types.
    Type 'string' is not assignable to type 'boolean'.
lib/copy/copy-sync.ts(49,20): error TS2339: Property 'isFile' does not exist on type 'Function'.
lib/copy/copy-sync.ts(50,20): error TS2339: Property 'isCharacterDevice' does not exist on type 'Function'.
lib/copy/copy-sync.ts(51,20): error TS2339: Property 'isBlockDevice' does not exist on type 'Function'.
lib/copy/copy-sync.ts(51,51): error TS2345: Argument of type 'Function' is not assignable to parameter of type 'String'.
lib/copy/copy-sync.ts(52,20): error TS2339: Property 'isSymbolicLink' does not exist on type 'Function'.
lib/copy/copy-sync.ts(52,38): error TS2740: Type 'Boolean' is missing the following properties from type 'String': charAt, charCodeAt, concat, indexOf, and 44 more.
lib/copy/copy-sync.ts(52,52): error TS2345: Argument of type 'String' is not assignable to parameter of type 'Boolean'.
lib/copy/copy-sync.ts(53,20): error TS2339: Property 'isSocket' does not exist on type 'Function'.
lib/copy/copy-sync.ts(54,20): error TS2339: Property 'isFIFO' does not exist on type 'Function'.
lib/copy/copy-sync.ts(59,54): error TS2345: Argument of type 'String' is not assignable to parameter of type 'HTMLElement'.
  Type 'String' is missing the following properties from type 'HTMLElement': accessKey, accessKeyLabel, autocapitalize, dir, and 276 more.
lib/copy/copy-sync.ts(60,42): error TS2345: Argument of type 'String' is not assignable to parameter of type 'HTMLElement'.
lib/copy/copy-sync.ts(64,12): error TS2339: Property 'overwrite' does not exist on type 'HTMLElement'.
lib/copy/copy-sync.ts(65,19): error TS2345: Argument of type 'String' is not assignable to parameter of type 'PathLike'.
lib/copy/copy-sync.ts(67,19): error TS2339: Property 'errorOnExist' does not exist on type 'HTMLElement'.
lib/copy/copy-sync.ts(73,19): error TS2345: Argument of type 'String' is not assignable to parameter of type 'PathLike'.
lib/copy/copy-sync.ts(74,12): error TS2339: Property 'preserveTimestamps' does not exist on type 'HTMLElement'.
lib/copy/copy-sync.ts(74,57): error TS2339: Property 'mode' does not exist on type 'Object'.
lib/copy/copy-sync.ts(75,3): error TS2322: Type 'Number' is not assignable to type 'String'.
lib/copy/copy-sync.ts(75,36): error TS2339: Property 'mode' does not exist on type 'Object'.
lib/copy/copy-sync.ts(82,25): error TS2345: Argument of type 'String' is not assignable to parameter of type 'Number'.
lib/copy/copy-sync.ts(82,58): error TS2345: Argument of type 'String' is not assignable to parameter of type 'Number'.
lib/copy/copy-sync.ts(83,33): error TS2345: Argument of type 'String' is not assignable to parameter of type 'Number'.
lib/copy/copy-sync.ts(87,11): error TS2362: The left-hand side of an arithmetic operation must be of type 'any', 'number', 'bigint' or an enum type.
lib/copy/copy-sync.ts(91,3): error TS2322: Type 'Number' is not assignable to type 'String'.
lib/copy/copy-sync.ts(91,28): error TS2362: The left-hand side of an arithmetic operation must be of type 'any', 'number', 'bigint' or an enum type.
lib/copy/copy-sync.ts(91,28): error TS2345: Argument of type 'number' is not assignable to parameter of type 'String'.
lib/copy/copy-sync.ts(95,3): error TS2322: Type 'void' is not assignable to type 'Number'.
lib/copy/copy-sync.ts(95,23): error TS2345: Argument of type 'String' is not assignable to parameter of type 'PathLike'.
lib/copy/copy-sync.ts(102,25): error TS2314: Generic type 'Array<T>' requires 1 type argument(s).
lib/copy/copy-sync.ts(102,45): error TS2769: No overload matches this call.
  The last overload gave the following error.
    Argument of type 'String' is not assignable to parameter of type 'PathLike'.
lib/copy/copy-sync.ts(107,46): error TS2339: Property 'mode' does not exist on type 'Object'.
lib/copy/copy-sync.ts(112,16): error TS2769: No overload matches this call.
  Overload 1 of 3, '(path: PathLike, options?: Mode | (MakeDirectoryOptions & { recursive?: false; })): void', gave the following error.
    Argument of type 'String' is not assignable to parameter of type 'PathLike'.
  Overload 2 of 3, '(path: PathLike, options?: Mode | MakeDirectoryOptions): string', gave the following error.
    Argument of type 'String' is not assignable to parameter of type 'PathLike'.
lib/copy/copy-sync.ts(114,3): error TS2322: Type 'Number' is not assignable to type 'String'.
lib/copy/copy-sync.ts(117,61): error TS2304: Cannot find name 'Void'.
lib/copy/copy-sync.ts(118,18): error TS2769: No overload matches this call.
  Overload 1 of 4, '(path: PathLike, options?: BufferEncoding | { encoding: BufferEncoding; withFileTypes?: false; }): string[]', gave the following error.
    Argument of type 'String' is not assignable to parameter of type 'PathLike'.
  Overload 2 of 4, '(path: PathLike, options?: BufferEncoding | (ObjectEncodingOptions & { withFileTypes?: false; })): string[] | Buffer[]', gave the following error.
    Argument of type 'String' is not assignable to parameter of type 'PathLike'.
lib/copy/copy-sync.ts(122,37): error TS2345: Argument of type 'String' is not assignable to parameter of type 'string'.
  'string' is a primitive, but 'String' is a wrapper object. Prefer using 'string' when possible.
lib/copy/copy-sync.ts(123,38): error TS2345: Argument of type 'String' is not assignable to parameter of type 'string'.
  'string' is a primitive, but 'String' is a wrapper object. Prefer using 'string' when possible.
lib/copy/copy-sync.ts(124,11): error TS2339: Property 'destStat' does not exist on type 'Object'.
lib/copy/copy-sync.ts(129,45): error TS2769: No overload matches this call.
  Overload 1 of 3, '(path: PathLike, options?: EncodingOption): string', gave the following error.
    Argument of type 'String' is not assignable to parameter of type 'PathLike'.
  Overload 2 of 3, '(path: PathLike, options?: EncodingOption): string | Buffer', gave the following error.
    Argument of type 'String' is not assignable to parameter of type 'PathLike'.
lib/copy/copy-sync.ts(130,12): error TS2339: Property 'dereference' does not exist on type 'HTMLElement'.
lib/copy/copy-sync.ts(131,47): error TS2345: Argument of type 'String' is not assignable to parameter of type 'string'.
  'string' is a primitive, but 'String' is a wrapper object. Prefer using 'string' when possible.
lib/copy/copy-sync.ts(135,5): error TS2322: Type 'void' is not assignable to type 'Boolean'.
lib/copy/copy-sync.ts(135,27): error TS2345: Argument of type 'String' is not assignable to parameter of type 'PathLike'.
lib/copy/copy-sync.ts(139,38): error TS2769: No overload matches this call.
  Overload 1 of 3, '(path: PathLike, options?: EncodingOption): string', gave the following error.
    Argument of type 'String' is not assignable to parameter of type 'PathLike'.
  Overload 2 of 3, '(path: PathLike, options?: EncodingOption): string | Buffer', gave the following error.
    Argument of type 'String' is not assignable to parameter of type 'PathLike'.
lib/copy/copy-sync.ts(144,60): error TS2322: Type 'void' is not assignable to type 'Boolean'.
lib/copy/copy-sync.ts(144,82): error TS2345: Argument of type 'String' is not assignable to parameter of type 'PathLike'.
lib/copy/copy-sync.ts(147,14): error TS2339: Property 'dereference' does not exist on type 'HTMLElement'.
lib/copy/copy-sync.ts(148,50): error TS2345: Argument of type 'String' is not assignable to parameter of type 'string'.
  'string' is a primitive, but 'String' is a wrapper object. Prefer using 'string' when possible.
lib/copy/copy-sync.ts(157,21): error TS2769: No overload matches this call.
  The last overload gave the following error.
    Argument of type 'String' is not assignable to parameter of type 'PathLike'.
lib/copy/copy-sync.ts(160,5): error TS2322: Type 'Number' is not assignable to type 'Boolean'.
  The types returned by 'valueOf()' are incompatible between these types.
    Type 'number' is not assignable to type 'boolean'.
lib/copy/copy-sync.ts(165,17): error TS2345: Argument of type 'String' is not assignable to parameter of type 'PathLike'.
lib/copy/copy-sync.ts(166,3): error TS2322: Type 'void' is not assignable to type 'Number'.
lib/copy/copy-sync.ts(166,25): error TS2345: Argument of type 'String' is not assignable to parameter of type 'PathLike'.
lib/copy/copy.ts(5,10): error TS2614: Module '"../mkdirs"' has no exported member 'mkdirs'. Did you mean to use 'import mkdirs from "../mkdirs"' instead?
lib/copy/copy.ts(6,10): error TS2614: Module '"../path-exists"' has no exported member 'pathExists'. Did you mean to use 'import pathExists from "../path-exists"' instead?
lib/copy/copy.ts(7,10): error TS2614: Module '"../util/utimes"' has no exported member 'utimesMillis'. Did you mean to use 'import utimesMillis from "../util/utimes"' instead?
lib/copy/copy.ts(10,72): error TS2304: Cannot find name 'Void'.
lib/copy/copy.ts(21,8): error TS2339: Property 'clobber' does not exist on type 'Object'.
lib/copy/copy.ts(21,45): error TS2339: Property 'clobber' does not exist on type 'Object'.
lib/copy/copy.ts(22,8): error TS2339: Property 'overwrite' does not exist on type 'Object'.
lib/copy/copy.ts(22,49): error TS2339: Property 'overwrite' does not exist on type 'Object'.
lib/copy/copy.ts(22,66): error TS2339: Property 'clobber' does not exist on type 'Object'.
lib/copy/copy.ts(25,12): error TS2339: Property 'preserveTimestamps' does not exist on type 'Object'.
lib/copy/copy.ts(33,38): error TS2345: Argument of type 'Object' is not assignable to parameter of type 'Function'.
  The 'Object' type is assignable to very few other types. Did you mean to use the 'any' type instead?
lib/copy/copy.ts(35,13): error TS2339: Property 'srcStat' does not exist on type 'Object'.
lib/copy/copy.ts(35,22): error TS2339: Property 'destStat' does not exist on type 'Object'.
lib/copy/copy.ts(38,16): error TS2339: Property 'filter' does not exist on type 'Object'.
lib/copy/copy.ts(39,50): error TS2345: Argument of type 'Object' is not assignable to parameter of type 'String'.
  The 'Object' type is assignable to very few other types. Did you mean to use the 'any' type instead?
lib/copy/copy.ts(44,100): error TS2304: Cannot find name 'Void'.
lib/copy/copy.ts(45,43): error TS2345: Argument of type 'String' is not assignable to parameter of type 'string'.
  'string' is a primitive, but 'String' is a wrapper object. Prefer using 'string' when possible.
lib/copy/copy.ts(56,96): error TS2314: Generic type 'Array<T>' requires 1 type argument(s).
lib/copy/copy.ts(56,118): error TS2304: Cannot find name 'Void'.
lib/copy/copy.ts(64,12): error TS2339: Property 'filter' does not exist on type 'Object'.
lib/copy/copy.ts(64,50): error TS2345: Argument of type 'String' is not assignable to parameter of type 'Number'.
lib/copy/copy.ts(65,46): error TS2345: Argument of type 'String' is not assignable to parameter of type 'Function'.
lib/copy/copy.ts(68,94): error TS2304: Cannot find name 'Void'.
lib/copy/copy.ts(69,31): error TS2339: Property 'dereference' does not exist on type 'Object'.
lib/copy/copy.ts(73,17): error TS2339: Property 'isDirectory' does not exist on type 'Function'.
lib/copy/copy.ts(73,54): error TS2345: Argument of type 'String' is not assignable to parameter of type 'Boolean'.
lib/copy/copy.ts(74,22): error TS2339: Property 'isFile' does not exist on type 'Function'.
lib/copy/copy.ts(75,22): error TS2339: Property 'isCharacterDevice' does not exist on type 'Function'.
lib/copy/copy.ts(76,22): error TS2339: Property 'isBlockDevice' does not exist on type 'Function'.
lib/copy/copy.ts(76,53): error TS2345: Argument of type 'Function' is not assignable to parameter of type 'String'.
lib/copy/copy.ts(77,22): error TS2339: Property 'isSymbolicLink' does not exist on type 'Function'.
lib/copy/copy.ts(77,75): error TS2345: Argument of type 'Object' is not assignable to parameter of type 'HTMLElement'.
  The 'Object' type is assignable to very few other types. Did you mean to use the 'any' type instead?
    Type 'Object' is missing the following properties from type 'HTMLElement': accessKey, accessKeyLabel, autocapitalize, dir, and 277 more.
lib/copy/copy.ts(78,22): error TS2339: Property 'isSocket' does not exist on type 'Function'.
lib/copy/copy.ts(79,22): error TS2339: Property 'isFIFO' does not exist on type 'Function'.
lib/copy/copy.ts(85,54): error TS2345: Argument of type 'String' is not assignable to parameter of type 'HTMLElement'.
lib/copy/copy.ts(86,42): error TS2345: Argument of type 'String' is not assignable to parameter of type 'HTMLElement'.
lib/copy/copy.ts(89,101): error TS2304: Cannot find name 'Void'.
lib/copy/copy.ts(90,12): error TS2339: Property 'overwrite' does not exist on type 'HTMLElement'.
lib/copy/copy.ts(91,15): error TS2345: Argument of type 'String' is not assignable to parameter of type 'PathLike'.
lib/copy/copy.ts(95,19): error TS2339: Property 'errorOnExist' does not exist on type 'HTMLElement'.
lib/copy/copy.ts(100,98): error TS2304: Cannot find name 'Void'.
lib/copy/copy.ts(101,15): error TS2345: Argument of type 'String' is not assignable to parameter of type 'PathLike'.
lib/copy/copy.ts(103,14): error TS2339: Property 'preserveTimestamps' does not exist on type 'HTMLElement'.
lib/copy/copy.ts(103,73): error TS2339: Property 'mode' does not exist on type 'Object'.
lib/copy/copy.ts(104,38): error TS2339: Property 'mode' does not exist on type 'Object'.
lib/copy/copy.ts(104,44): error TS2345: Argument of type 'Function' is not assignable to parameter of type 'String'.
lib/copy/copy.ts(112,25): error TS2345: Argument of type 'String' is not assignable to parameter of type 'Number'.
lib/copy/copy.ts(113,5): error TS2322: Type 'String' is not assignable to type 'Boolean'.
lib/copy/copy.ts(113,35): error TS2345: Argument of type 'String' is not assignable to parameter of type 'Number'.
lib/copy/copy.ts(122,11): error TS2362: The left-hand side of an arithmetic operation must be of type 'any', 'number', 'bigint' or an enum type.
lib/copy/copy.ts(126,3): error TS2322: Type 'Boolean' is not assignable to type 'String'.
lib/copy/copy.ts(126,28): error TS2362: The left-hand side of an arithmetic operation must be of type 'any', 'number', 'bigint' or an enum type.
lib/copy/copy.ts(126,28): error TS2345: Argument of type 'number' is not assignable to parameter of type 'String'.
lib/copy/copy.ts(129,95): error TS2304: Cannot find name 'Void'.
lib/copy/copy.ts(132,39): error TS2345: Argument of type 'Function' is not assignable to parameter of type 'String'.
lib/copy/copy.ts(137,3): error TS2322: Type 'void' is not assignable to type 'Boolean'.
lib/copy/copy.ts(137,19): error TS2345: Argument of type 'String' is not assignable to parameter of type 'PathLike'.
lib/copy/copy.ts(140,71): error TS2304: Cannot find name 'Void'.
lib/copy/copy.ts(144,11): error TS2345: Argument of type 'String' is not assignable to parameter of type 'PathLike'.
lib/copy/copy.ts(146,46): error TS2339: Property 'atime' does not exist on type 'Object'.
lib/copy/copy.ts(146,68): error TS2339: Property 'mtime' does not exist on type 'Object'.
lib/copy/copy.ts(151,46): error TS2339: Property 'mode' does not exist on type 'Object'.
lib/copy/copy.ts(151,69): error TS2345: Argument of type 'String' is not assignable to parameter of type 'Function'.
lib/copy/copy.ts(152,35): error TS2345: Argument of type 'String' is not assignable to parameter of type 'Function'.
lib/copy/copy.ts(155,97): error TS2304: Cannot find name 'Void'.
lib/copy/copy.ts(156,12): error TS2345: Argument of type 'String' is not assignable to parameter of type 'PathLike'.
lib/copy/copy.ts(160,41): error TS2345: Argument of type 'Function' is not assignable to parameter of type 'String'.
lib/copy/copy.ts(165,75): error TS2304: Cannot find name 'Void'.
lib/copy/copy.ts(166,14): error TS2345: Argument of type 'String' is not assignable to parameter of type 'PathLike'.
lib/copy/copy.ts(166,40): error TS2314: Generic type 'Array<T>' requires 1 type argument(s).
lib/copy/copy.ts(168,37): error TS2345: Argument of type 'String' is not assignable to parameter of type 'Number'.
lib/copy/copy.ts(172,31): error TS2314: Generic type 'Array<T>' requires 1 type argument(s).
lib/copy/copy.ts(172,94): error TS2304: Cannot find name 'Void'.
lib/copy/copy.ts(175,40): error TS2345: Argument of type 'Number' is not assignable to parameter of type 'String'.
lib/copy/copy.ts(178,108): error TS2304: Cannot find name 'Void'.
lib/copy/copy.ts(179,37): error TS2345: Argument of type 'String' is not assignable to parameter of type 'string'.
  'string' is a primitive, but 'String' is a wrapper object. Prefer using 'string' when possible.
lib/copy/copy.ts(180,38): error TS2345: Argument of type 'String' is not assignable to parameter of type 'string'.
  'string' is a primitive, but 'String' is a wrapper object. Prefer using 'string' when possible.
lib/copy/copy.ts(181,46): error TS2345: Argument of type 'String' is not assignable to parameter of type 'Function'.
lib/copy/copy.ts(183,13): error TS2339: Property 'destStat' does not exist on type 'Object'.
lib/copy/copy.ts(184,50): error TS2345: Argument of type '(err: String) => any' is not assignable to parameter of type 'String'.
lib/copy/copy.ts(186,39): error TS2345: Argument of type 'String' is not assignable to parameter of type 'Number'.
lib/copy/copy.ts(191,28): error TS2314: Generic type 'Array<T>' requires 1 type argument(s).
lib/copy/copy.ts(191,96): error TS2304: Cannot find name 'Void'.
lib/copy/copy.ts(192,15): error TS2345: Argument of type 'String' is not assignable to parameter of type 'PathLike'.
lib/copy/copy.ts(194,14): error TS2339: Property 'dereference' does not exist on type 'HTMLElement'.
lib/copy/copy.ts(195,49): error TS2345: Argument of type 'String' is not assignable to parameter of type 'string'.
  'string' is a primitive, but 'String' is a wrapper object. Prefer using 'string' when possible.
lib/copy/copy.ts(199,25): error TS2345: Argument of type 'String' is not assignable to parameter of type 'PathLike'.
lib/copy/copy.ts(201,19): error TS2345: Argument of type 'String' is not assignable to parameter of type 'PathLike'.
lib/copy/copy.ts(206,19): error TS2339: Property 'code' does not exist on type 'Object'.
lib/copy/copy.ts(206,44): error TS2339: Property 'code' does not exist on type 'Object'.
lib/copy/copy.ts(206,82): error TS2345: Argument of type 'String' is not assignable to parameter of type 'PathLike'.
lib/copy/copy.ts(209,18): error TS2339: Property 'dereference' does not exist on type 'HTMLElement'.
lib/copy/copy.ts(210,54): error TS2345: Argument of type 'String' is not assignable to parameter of type 'string'.
  'string' is a primitive, but 'String' is a wrapper object. Prefer using 'string' when possible.
lib/copy/copy.ts(228,70): error TS2304: Cannot find name 'Void'.
lib/copy/copy.ts(229,13): error TS2345: Argument of type 'String' is not assignable to parameter of type 'PathLike'.
lib/copy/copy.ts(231,23): error TS2345: Argument of type 'String' is not assignable to parameter of type 'PathLike'.
lib/empty/index.ts(4,8): error TS1192: Module '"/mnt/data/mhyee/not-type-inference/data/LambdaNet-out/top1k-typed-with-typed-deps-es6/baseline/fs-extra/lib/fs/index"' has no default export.
lib/empty/index.ts(9,7): error TS2322: Type '(...args: any[]) => void | Promise<any>' is not assignable to type 'String'.
lib/empty/index.ts(9,58): error TS2314: Generic type 'Array<T>' requires 1 type argument(s).
lib/empty/index.ts(9,66): error TS2314: Generic type 'Map<K, V>' requires 2 type argument(s).
lib/empty/index.ts(10,14): error TS2314: Generic type 'Array<T>' requires 1 type argument(s).
lib/empty/index.ts(17,79): error TS2345: Argument of type 'String' is not assignable to parameter of type 'string'.
  'string' is a primitive, but 'String' is a wrapper object. Prefer using 'string' when possible.
lib/empty/index.ts(20,38): error TS2304: Cannot find name 'Void'.
lib/empty/index.ts(21,14): error TS2314: Generic type 'Array<T>' requires 1 type argument(s).
lib/empty/index.ts(29,22): error TS2345: Argument of type 'String' is not assignable to parameter of type 'string'.
  'string' is a primitive, but 'String' is a wrapper object. Prefer using 'string' when possible.
lib/ensure/file.ts(8,57): error TS2304: Cannot find name 'Void'.
lib/ensure/file.ts(9,25): error TS2304: Cannot find name 'Void'.
lib/ensure/file.ts(10,18): error TS2345: Argument of type 'String' is not assignable to parameter of type 'PathOrFileDescriptor'.
lib/ensure/file.ts(16,11): error TS2345: Argument of type 'String' is not assignable to parameter of type 'PathLike'.
lib/ensure/file.ts(16,39): error TS2314: Generic type 'Array<T>' requires 1 type argument(s).
lib/ensure/file.ts(18,38): error TS2345: Argument of type 'String' is not assignable to parameter of type 'string'.
  'string' is a primitive, but 'String' is a wrapper object. Prefer using 'string' when possible.
lib/ensure/file.ts(19,13): error TS2345: Argument of type 'String' is not assignable to parameter of type 'PathLike'.
lib/ensure/file.ts(19,39): error TS2314: Generic type 'Array<T>' requires 1 type argument(s).
lib/ensure/file.ts(22,17): error TS2339: Property 'code' does not exist on type 'Object'.
lib/ensure/file.ts(35,20): error TS2345: Argument of type 'String' is not assignable to parameter of type 'PathLike'.
lib/ensure/file.ts(43,41): error TS2304: Cannot find name 'Void'.
lib/ensure/file.ts(44,14): error TS2314: Generic type 'Array<T>' requires 1 type argument(s).
lib/ensure/file.ts(46,25): error TS2769: No overload matches this call.
  The last overload gave the following error.
    Argument of type 'String' is not assignable to parameter of type 'PathLike'.
lib/ensure/file.ts(50,36): error TS2345: Argument of type 'String' is not assignable to parameter of type 'string'.
  'string' is a primitive, but 'String' is a wrapper object. Prefer using 'string' when possible.
lib/ensure/file.ts(52,22): error TS2769: No overload matches this call.
  The last overload gave the following error.
    Argument of type 'String' is not assignable to parameter of type 'PathLike'.
lib/ensure/file.ts(55,22): error TS2769: No overload matches this call.
  Overload 1 of 4, '(path: PathLike, options?: BufferEncoding | { encoding: BufferEncoding; withFileTypes?: false; }): string[]', gave the following error.
    Argument of type 'String' is not assignable to parameter of type 'PathLike'.
  Overload 2 of 4, '(path: PathLike, options?: BufferEncoding | (ObjectEncodingOptions & { withFileTypes?: false; })): string[] | Buffer[]', gave the following error.
    Argument of type 'String' is not assignable to parameter of type 'PathLike'.
lib/ensure/file.ts(63,20): error TS2345: Argument of type 'String' is not assignable to parameter of type 'PathOrFileDescriptor'.
lib/ensure/index.ts(3,10): error TS2614: Module '"./file"' has no exported member 'createFile'. Did you mean to use 'import createFile from "./file"' instead?
lib/ensure/index.ts(3,22): error TS2614: Module '"./file"' has no exported member 'createFileSync'. Did you mean to use 'import createFileSync from "./file"' instead?
lib/ensure/index.ts(4,10): error TS2614: Module '"./link"' has no exported member 'createLink'. Did you mean to use 'import createLink from "./link"' instead?
lib/ensure/index.ts(4,22): error TS2614: Module '"./link"' has no exported member 'createLinkSync'. Did you mean to use 'import createLinkSync from "./link"' instead?
lib/ensure/index.ts(5,10): error TS2614: Module '"./symlink"' has no exported member 'createSymlink'. Did you mean to use 'import createSymlink from "./symlink"' instead?
lib/ensure/index.ts(5,25): error TS2614: Module '"./symlink"' has no exported member 'createSymlinkSync'. Did you mean to use 'import createSymlinkSync from "./symlink"' instead?
lib/ensure/link.ts(7,10): error TS2614: Module '"../path-exists"' has no exported member 'pathExists'. Did you mean to use 'import pathExists from "../path-exists"' instead?
lib/ensure/link.ts(8,10): error TS2614: Module '"../util/stat"' has no exported member 'areIdentical'. Did you mean to use 'import areIdentical from "../util/stat"' instead?
lib/ensure/link.ts(10,77): error TS2304: Cannot find name 'Void'.
lib/ensure/link.ts(11,57): error TS2304: Cannot find name 'Void'.
lib/ensure/link.ts(12,13): error TS2345: Argument of type 'String' is not assignable to parameter of type 'PathLike'.
lib/ensure/link.ts(18,12): error TS2345: Argument of type 'String' is not assignable to parameter of type 'PathLike'.
lib/ensure/link.ts(19,14): error TS2345: Argument of type 'String' is not assignable to parameter of type 'PathLike'.
lib/ensure/link.ts(19,29): error TS2314: Generic type 'Map<K, V>' requires 2 type argument(s).
lib/ensure/link.ts(26,40): error TS2345: Argument of type 'String' is not assignable to parameter of type 'string'.
  'string' is a primitive, but 'String' is a wrapper object. Prefer using 'string' when possible.
lib/ensure/link.ts(42,5): error TS2739: Type 'Stats & BigIntStats' is missing the following properties from type 'Number': toFixed, toExponential, toPrecision
lib/ensure/link.ts(42,28): error TS2769: No overload matches this call.
  The last overload gave the following error.
    Argument of type 'String' is not assignable to parameter of type 'PathLike'.
lib/ensure/link.ts(46,11): error TS2740: Type 'Stats & BigIntStats' is missing the following properties from type 'String': charAt, charCodeAt, concat, indexOf, and 44 more.
lib/ensure/link.ts(46,42): error TS2769: No overload matches this call.
  The last overload gave the following error.
    Argument of type 'String' is not assignable to parameter of type 'PathLike'.
lib/ensure/link.ts(53,36): error TS2345: Argument of type 'String' is not assignable to parameter of type 'string'.
  'string' is a primitive, but 'String' is a wrapper object. Prefer using 'string' when possible.
lib/ensure/link.ts(54,44): error TS2345: Argument of type 'String' is not assignable to parameter of type 'PathLike'.
lib/ensure/link.ts(55,18): error TS2322: Type 'void' is not assignable to type 'Boolean'.
lib/ensure/link.ts(55,37): error TS2345: Argument of type 'String' is not assignable to parameter of type 'PathLike'.
lib/ensure/link.ts(58,3): error TS2322: Type 'void' is not assignable to type 'Boolean'.
lib/ensure/link.ts(58,22): error TS2345: Argument of type 'String' is not assignable to parameter of type 'PathLike'.
lib/ensure/symlink-paths.ts(5,10): error TS2614: Module '"../path-exists"' has no exported member 'pathExists'. Did you mean to use 'import pathExists from "../path-exists"' instead?
lib/ensure/symlink-paths.ts(29,33): error TS2314: Generic type 'Array<T>' requires 1 type argument(s).
lib/ensure/symlink-paths.ts(31,5): error TS2322: Type 'void' is not assignable to type 'Number'.
lib/ensure/symlink-paths.ts(31,36): error TS2314: Generic type 'Map<K, V>' requires 2 type argument(s).
lib/ensure/symlink-paths.ts(42,41): error TS2345: Argument of type 'String' is not assignable to parameter of type 'string'.
  'string' is a primitive, but 'String' is a wrapper object. Prefer using 'string' when possible.
lib/ensure/symlink-paths.ts(43,45): error TS2345: Argument of type 'String' is not assignable to parameter of type 'string'.
  'string' is a primitive, but 'String' is a wrapper object. Prefer using 'string' when possible.
lib/ensure/symlink-paths.ts(52,40): error TS2314: Generic type 'Map<K, V>' requires 2 type argument(s).
lib/ensure/symlink-paths.ts(59,34): error TS2345: Argument of type 'String' is not assignable to parameter of type 'string'.
  'string' is a primitive, but 'String' is a wrapper object. Prefer using 'string' when possible.
lib/ensure/symlink-paths.ts(67,37): error TS2314: Generic type 'Array<T>' requires 1 type argument(s).
lib/ensure/symlink-paths.ts(70,5): error TS2322: Type 'boolean' is not assignable to type 'Number'.
lib/ensure/symlink-paths.ts(77,41): error TS2345: Argument of type 'String' is not assignable to parameter of type 'string'.
  'string' is a primitive, but 'String' is a wrapper object. Prefer using 'string' when possible.
lib/ensure/symlink-paths.ts(78,45): error TS2345: Argument of type 'String' is not assignable to parameter of type 'string'.
  'string' is a primitive, but 'String' is a wrapper object. Prefer using 'string' when possible.
lib/ensure/symlink-paths.ts(79,5): error TS2322: Type 'boolean' is not assignable to type 'Number'.
lib/ensure/symlink-paths.ts(79,28): error TS2345: Argument of type 'String' is not assignable to parameter of type 'PathLike'.
lib/ensure/symlink-paths.ts(86,7): error TS2322: Type 'boolean' is not assignable to type 'Number'.
lib/ensure/symlink-paths.ts(90,30): error TS2345: Argument of type 'String' is not assignable to parameter of type 'string'.
  'string' is a primitive, but 'String' is a wrapper object. Prefer using 'string' when possible.
lib/ensure/symlink-type.ts(5,75): error TS2304: Cannot find name 'Void'.
lib/ensure/symlink-type.ts(7,3): error TS2322: Type 'false | Number' is not assignable to type 'Number'.
  Type 'boolean' is not assignable to type 'Number'.
lib/ensure/symlink-type.ts(9,12): error TS2345: Argument of type 'String' is not assignable to parameter of type 'PathLike'.
lib/ensure/symlink-type.ts(9,43): error TS2314: Generic type 'Array<T>' requires 1 type argument(s).
lib/ensure/symlink-type.ts(11,5): error TS2322: Type 'string' is not assignable to type 'Number'.
  Type 'string' is not assignable to type 'Number'.
lib/ensure/symlink-type.ts(17,14): error TS2314: Generic type 'Array<T>' requires 1 type argument(s).
lib/ensure/symlink-type.ts(19,13): error TS2322: Type 'Number' is not assignable to type 'String'.
lib/ensure/symlink-type.ts(21,26): error TS2769: No overload matches this call.
  The last overload gave the following error.
    Argument of type 'String' is not assignable to parameter of type 'PathLike'.
lib/ensure/symlink.ts(5,8): error TS1192: Module '"/mnt/data/mhyee/not-type-inference/data/LambdaNet-out/top1k-typed-with-typed-deps-es6/baseline/fs-extra/lib/fs/index"' has no default export.
lib/ensure/symlink.ts(18,10): error TS2614: Module '"../path-exists"' has no exported member 'pathExists'. Did you mean to use 'import pathExists from "../path-exists"' instead?
lib/ensure/symlink.ts(19,10): error TS2614: Module '"../util/stat"' has no exported member 'areIdentical'. Did you mean to use 'import areIdentical from "../util/stat"' instead?
lib/ensure/symlink.ts(21,92): error TS2304: Cannot find name 'Void'.
lib/ensure/symlink.ts(23,3): error TS2322: Type 'false | Number' is not assignable to type 'Number'.
  Type 'boolean' is not assignable to type 'Number'.
lib/ensure/symlink.ts(26,23): error TS2339: Property 'isSymbolicLink' does not exist on type 'String'.
lib/ensure/symlink.ts(31,52): error TS2349: This expression is not callable.
  Type 'String' has no call signatures.
lib/ensure/symlink.ts(32,42): error TS2345: Argument of type 'Number' is not assignable to parameter of type 'String'.
lib/ensure/symlink.ts(34,45): error TS2345: Argument of type 'Number' is not assignable to parameter of type 'String'.
lib/ensure/symlink.ts(38,35): error TS2314: Generic type 'Array<T>' requires 1 type argument(s).
lib/ensure/symlink.ts(38,94): error TS2304: Cannot find name 'Void'.
lib/ensure/symlink.ts(41,24): error TS2339: Property 'toDst' does not exist on type 'Object'.
lib/ensure/symlink.ts(42,26): error TS2339: Property 'toCwd' does not exist on type 'Object'.
lib/ensure/symlink.ts(44,40): error TS2345: Argument of type 'String' is not assignable to parameter of type 'string'.
  'string' is a primitive, but 'String' is a wrapper object. Prefer using 'string' when possible.
lib/ensure/symlink.ts(57,38): error TS2314: Generic type 'Array<T>' requires 1 type argument(s).
lib/ensure/symlink.ts(62,22): error TS2339: Property 'isSymbolicLink' does not exist on type 'String'.
lib/ensure/symlink.ts(69,22): error TS2339: Property 'toDst' does not exist on type 'Object'.
lib/ensure/symlink.ts(70,35): error TS2339: Property 'toCwd' does not exist on type 'Object'.
lib/ensure/symlink.ts(71,36): error TS2345: Argument of type 'String' is not assignable to parameter of type 'string'.
  'string' is a primitive, but 'String' is a wrapper object. Prefer using 'string' when possible.
lib/fs/index.ts(9,12): error TS2314: Generic type 'Array<T>' requires 1 type argument(s).
lib/fs/index.ts(49,20): error TS2538: Type 'String' cannot be used as an index type.
lib/fs/index.ts(56,14): error TS2300: Duplicate identifier 'method'.
lib/fs/index.ts(56,22): error TS2314: Generic type 'Array<T>' requires 1 type argument(s).
lib/fs/index.ts(57,3): error TS1184: Modifiers cannot appear here.
lib/fs/index.ts(57,16): error TS2300: Duplicate identifier 'method'.
lib/fs/index.ts(57,16): error TS2322: Type '(...args: any[]) => void | Promise<any>' is not assignable to type 'String'.
lib/fs/index.ts(64,22): error TS2345: Argument of type 'String' is not assignable to parameter of type 'PathLike'.
  Type 'String' is missing the following properties from type 'Buffer': write, toJSON, equals, compare, and 90 more.
lib/fs/index.ts(66,22): error TS2345: Argument of type '(resolve: String) => void' is not assignable to parameter of type '(resolve: (value: unknown) => void, reject: (reason?: any) => void) => void'.
  Types of parameters 'resolve' and 'resolve' are incompatible.
    Type '(value: unknown) => void' is not assignable to type 'String'.
lib/fs/index.ts(67,22): error TS2345: Argument of type 'String' is not assignable to parameter of type 'PathLike'.
lib/fs/index.ts(75,20): error TS2345: Argument of type 'String' is not assignable to parameter of type 'number'.
lib/fs/index.ts(78,13): error TS2345: Argument of type 'String' is not assignable to parameter of type 'number'.
lib/fs/index.ts(92,33): error TS2556: A spread argument must either have a tuple type or be passed to a rest parameter.
lib/fs/index.ts(96,26): error TS2556: A spread argument must either have a tuple type or be passed to a rest parameter.
lib/fs/index.ts(108,3): error TS1184: Modifiers cannot appear here.
lib/fs/index.ts(110,37): error TS2556: A spread argument must either have a tuple type or be passed to a rest parameter.
lib/fs/index.ts(114,30): error TS2556: A spread argument must either have a tuple type or be passed to a rest parameter.
lib/json/index.ts(6,10): error TS2339: Property 'outputJson' does not exist on type '{ readJson: { (file: Path, options: JFReadOptions, callback: ReadCallback): void; (file: Path, callback: ReadCallback): void; (file: Path, options?: JFReadOptions): Promise<...>; }; readJsonSync: (file: Path, options?: JFReadOptions) => any; writeJson: { ...; }; writeJsonSync: (file: Path, obj: any, options?: JFWrit...'.
lib/json/index.ts(7,10): error TS2339: Property 'outputJsonSync' does not exist on type '{ readJson: { (file: Path, options: JFReadOptions, callback: ReadCallback): void; (file: Path, callback: ReadCallback): void; (file: Path, options?: JFReadOptions): Promise<...>; }; readJsonSync: (file: Path, options?: JFReadOptions) => any; writeJson: { ...; }; writeJsonSync: (file: Path, obj: any, options?: JFWrit...'.
lib/json/index.ts(9,10): error TS2339: Property 'outputJSON' does not exist on type '{ readJson: { (file: Path, options: JFReadOptions, callback: ReadCallback): void; (file: Path, callback: ReadCallback): void; (file: Path, options?: JFReadOptions): Promise<...>; }; readJsonSync: (file: Path, options?: JFReadOptions) => any; writeJson: { ...; }; writeJsonSync: (file: Path, obj: any, options?: JFWrit...'.
lib/json/index.ts(9,32): error TS2339: Property 'outputJson' does not exist on type '{ readJson: { (file: Path, options: JFReadOptions, callback: ReadCallback): void; (file: Path, callback: ReadCallback): void; (file: Path, options?: JFReadOptions): Promise<...>; }; readJsonSync: (file: Path, options?: JFReadOptions) => any; writeJson: { ...; }; writeJsonSync: (file: Path, obj: any, options?: JFWrit...'.
lib/json/index.ts(10,10): error TS2339: Property 'outputJSONSync' does not exist on type '{ readJson: { (file: Path, options: JFReadOptions, callback: ReadCallback): void; (file: Path, callback: ReadCallback): void; (file: Path, options?: JFReadOptions): Promise<...>; }; readJsonSync: (file: Path, options?: JFReadOptions) => any; writeJson: { ...; }; writeJsonSync: (file: Path, obj: any, options?: JFWrit...'.
lib/json/index.ts(10,36): error TS2339: Property 'outputJsonSync' does not exist on type '{ readJson: { (file: Path, options: JFReadOptions, callback: ReadCallback): void; (file: Path, callback: ReadCallback): void; (file: Path, options?: JFReadOptions): Promise<...>; }; readJsonSync: (file: Path, options?: JFReadOptions) => any; writeJson: { ...; }; writeJsonSync: (file: Path, obj: any, options?: JFWrit...'.
lib/json/index.ts(11,10): error TS2551: Property 'writeJSON' does not exist on type '{ readJson: { (file: Path, options: JFReadOptions, callback: ReadCallback): void; (file: Path, callback: ReadCallback): void; (file: Path, options?: JFReadOptions): Promise<...>; }; readJsonSync: (file: Path, options?: JFReadOptions) => any; writeJson: { ...; }; writeJsonSync: (file: Path, obj: any, options?: JFWrit...'. Did you mean 'writeJson'?
lib/json/index.ts(12,10): error TS2551: Property 'writeJSONSync' does not exist on type '{ readJson: { (file: Path, options: JFReadOptions, callback: ReadCallback): void; (file: Path, callback: ReadCallback): void; (file: Path, options?: JFReadOptions): Promise<...>; }; readJsonSync: (file: Path, options?: JFReadOptions) => any; writeJson: { ...; }; writeJsonSync: (file: Path, obj: any, options?: JFWrit...'. Did you mean 'writeJsonSync'?
lib/json/index.ts(13,10): error TS2551: Property 'readJSON' does not exist on type '{ readJson: { (file: Path, options: JFReadOptions, callback: ReadCallback): void; (file: Path, callback: ReadCallback): void; (file: Path, options?: JFReadOptions): Promise<...>; }; readJsonSync: (file: Path, options?: JFReadOptions) => any; writeJson: { ...; }; writeJsonSync: (file: Path, obj: any, options?: JFWrit...'. Did you mean 'readJson'?
lib/json/index.ts(14,10): error TS2551: Property 'readJSONSync' does not exist on type '{ readJson: { (file: Path, options: JFReadOptions, callback: ReadCallback): void; (file: Path, callback: ReadCallback): void; (file: Path, options?: JFReadOptions): Promise<...>; }; readJsonSync: (file: Path, options?: JFReadOptions) => any; writeJson: { ...; }; writeJsonSync: (file: Path, obj: any, options?: JFWrit...'. Did you mean 'readJsonSync'?
lib/json/output-json-sync.ts(4,10): error TS2614: Module '"../output-file"' has no exported member 'outputFileSync'. Did you mean to use 'import outputFileSync from "../output-file"' instead?
lib/json/output-json-sync.ts(6,32): error TS2314: Generic type 'Array<T>' requires 1 type argument(s).
lib/json/output-json-sync.ts(6,71): error TS2314: Generic type 'Promise<T>' requires 1 type argument(s).
lib/json/output-json.ts(4,10): error TS2614: Module '"../output-file"' has no exported member 'outputFile'. Did you mean to use 'import outputFile from "../output-file"' instead?
lib/json/output-json.ts(6,71): error TS2314: Generic type 'Map<K, V>' requires 2 type argument(s).
lib/json/output-json.ts(6,82): error TS2314: Generic type 'Map<K, V>' requires 2 type argument(s).
lib/mkdirs/index.ts(4,29): error TS2345: Argument of type 'Function' is not assignable to parameter of type '(...args: any[]) => any'.
  Type 'Function' provides no match for the signature '(...args: any[]): any'.
lib/mkdirs/make-dir.ts(2,8): error TS1192: Module '"/mnt/data/mhyee/not-type-inference/data/LambdaNet-out/top1k-typed-with-typed-deps-es6/baseline/fs-extra/lib/fs/index"' has no default export.
lib/mkdirs/make-dir.ts(8,40): error TS2339: Property 'mode' does not exist on type '{ constructor: Function; toString(): string; toLocaleString(): string; valueOf(): Object; hasOwnProperty(v: PropertyKey): boolean; isPrototypeOf(v: Object): boolean; propertyIsEnumerable(v: PropertyKey): boolean; abbrev(): { ...; }; }'.
lib/mkdirs/make-dir.ts(11,46): error TS2314: Generic type 'Array<T>' requires 1 type argument(s).
lib/mkdirs/make-dir.ts(12,3): error TS2349: This expression is not callable.
  Type 'String' has no call signatures.
lib/mkdirs/make-dir.ts(21,3): error TS2349: This expression is not callable.
  Type 'String' has no call signatures.
lib/mkdirs/utils.ts(11,14): error TS2322: Type '(pth: String) => Void' is not assignable to type 'String'.
lib/mkdirs/utils.ts(11,68): error TS2304: Cannot find name 'Void'.
lib/mkdirs/utils.ts(13,11): error TS2322: Type 'boolean' is not assignable to type 'Number'.
lib/mkdirs/utils.ts(13,89): error TS2345: Argument of type 'String' is not assignable to parameter of type 'string'.
  'string' is a primitive, but 'String' is a wrapper object. Prefer using 'string' when possible.
lib/mkdirs/utils.ts(17,13): error TS2339: Property 'code' does not exist on type 'Error'.
lib/move/move-sync.ts(5,10): error TS2614: Module '"../copy"' has no exported member 'copySync'. Did you mean to use 'import copySync from "../copy"' instead?
lib/move/move-sync.ts(6,10): error TS2614: Module '"../remove"' has no exported member 'removeSync'. Did you mean to use 'import removeSync from "../remove"' instead?
lib/move/move-sync.ts(7,10): error TS2614: Module '"../mkdirs"' has no exported member 'mkdirpSync'. Did you mean to use 'import mkdirpSync from "../mkdirs"' instead?
lib/move/move-sync.ts(10,62): error TS2314: Generic type 'Promise<T>' requires 1 type argument(s).
lib/move/move-sync.ts(12,34): error TS2339: Property 'overwrite' does not exist on type 'Object'.
lib/move/move-sync.ts(12,52): error TS2339: Property 'clobber' does not exist on type 'Object'.
lib/move/move-sync.ts(14,11): error TS2339: Property 'srcStat' does not exist on type 'Object'.
lib/move/move-sync.ts(14,20): error TS2339: Property 'isChangingCase' does not exist on type 'Object'.
lib/move/move-sync.ts(14,86): error TS2345: Argument of type 'Object' is not assignable to parameter of type 'String'.
  The 'Object' type is assignable to very few other types. Did you mean to use the 'any' type instead?
lib/move/move-sync.ts(16,52): error TS2345: Argument of type 'String' is not assignable to parameter of type 'string'.
  'string' is a primitive, but 'String' is a wrapper object. Prefer using 'string' when possible.
lib/move/move-sync.ts(17,30): error TS2345: Argument of type 'Number' is not assignable to parameter of type 'String'.
  Type 'Number' is missing the following properties from type 'String': charAt, charCodeAt, concat, indexOf, and 44 more.
lib/move/move-sync.ts(21,9): error TS2322: Type 'string' is not assignable to type 'Number'.
lib/move/move-sync.ts(21,39): error TS2345: Argument of type 'String' is not assignable to parameter of type 'string'.
  'string' is a primitive, but 'String' is a wrapper object. Prefer using 'string' when possible.
lib/move/move-sync.ts(22,9): error TS2322: Type 'ParsedPath' is not assignable to type 'String'.
lib/move/move-sync.ts(22,41): error TS2345: Argument of type 'Number' is not assignable to parameter of type 'string'.
lib/move/move-sync.ts(23,21): error TS2339: Property 'root' does not exist on type 'String'.
lib/move/move-sync.ts(27,48): error TS2345: Argument of type 'String' is not assignable to parameter of type 'Function'.
lib/move/move-sync.ts(30,30): error TS2345: Argument of type 'String' is not assignable to parameter of type 'Function'.
lib/move/move-sync.ts(32,21): error TS2345: Argument of type 'String' is not assignable to parameter of type 'PathLike'.
lib/move/move-sync.ts(33,28): error TS2345: Argument of type 'String' is not assignable to parameter of type 'Function'.
lib/move/move-sync.ts(36,67): error TS2304: Cannot find name 'Void'.
lib/move/move-sync.ts(38,19): error TS2345: Argument of type 'String' is not assignable to parameter of type 'PathLike'.
lib/move/move-sync.ts(41,34): error TS2345: Argument of type 'String' is not assignable to parameter of type 'Number'.
lib/move/move-sync.ts(45,75): error TS2314: Generic type 'Promise<T>' requires 1 type argument(s).
lib/move/move.ts(5,10): error TS2614: Module '"../copy"' has no exported member 'copy'. Did you mean to use 'import copy from "../copy"' instead?
lib/move/move.ts(6,10): error TS2614: Module '"../remove"' has no exported member 'remove'. Did you mean to use 'import remove from "../remove"' instead?
lib/move/move.ts(7,10): error TS2614: Module '"../mkdirs"' has no exported member 'mkdirp'. Did you mean to use 'import mkdirp from "../mkdirs"' instead?
lib/move/move.ts(8,10): error TS2614: Module '"../path-exists"' has no exported member 'pathExists'. Did you mean to use 'import pathExists from "../path-exists"' instead?
lib/move/move.ts(11,72): error TS2304: Cannot find name 'Void'.
lib/move/move.ts(19,34): error TS2339: Property 'overwrite' does not exist on type 'Object'.
lib/move/move.ts(19,52): error TS2339: Property 'clobber' does not exist on type 'Object'.
lib/move/move.ts(21,38): error TS2345: Argument of type 'Object' is not assignable to parameter of type 'Function'.
  The 'Object' type is assignable to very few other types. Did you mean to use the 'any' type instead?
    Type 'Object' is missing the following properties from type 'Function': apply, call, bind, prototype, and 6 more.
lib/move/move.ts(23,13): error TS2339: Property 'srcStat' does not exist on type 'Object'.
lib/move/move.ts(23,22): error TS2339: Property 'isChangingCase' does not exist on type 'Object'.
lib/move/move.ts(27,27): error TS2345: Argument of type 'String' is not assignable to parameter of type 'string'.
  'string' is a primitive, but 'String' is a wrapper object. Prefer using 'string' when possible.
lib/move/move.ts(36,9): error TS2322: Type 'string' is not assignable to type 'Number'.
lib/move/move.ts(36,39): error TS2345: Argument of type 'String' is not assignable to parameter of type 'string'.
  'string' is a primitive, but 'String' is a wrapper object. Prefer using 'string' when possible.
lib/move/move.ts(37,9): error TS2740: Type 'ParsedPath' is missing the following properties from type 'String': charAt, charCodeAt, concat, indexOf, and 44 more.
lib/move/move.ts(37,41): error TS2345: Argument of type 'Number' is not assignable to parameter of type 'string'.
lib/move/move.ts(38,21): error TS2339: Property 'root' does not exist on type 'String'.
lib/move/move.ts(41,106): error TS2314: Generic type 'Array<T>' requires 1 type argument(s).
lib/move/move.ts(56,79): error TS2304: Cannot find name 'Void'.
lib/move/move.ts(57,13): error TS2345: Argument of type 'String' is not assignable to parameter of type 'PathLike'.
lib/move/move.ts(59,13): error TS2339: Property 'code' does not exist on type 'Object'.
lib/move/move.ts(60,40): error TS2345: Argument of type 'String' is not assignable to parameter of type 'Number'.
lib/move/move.ts(64,89): error TS2304: Cannot find name 'Void'.
lib/output-file/index.ts(7,10): error TS2614: Module '"../path-exists"' has no exported member 'pathExists'. Did you mean to use 'import pathExists from "../path-exists"' instead?
lib/output-file/index.ts(9,89): error TS2304: Cannot find name 'Void'.
lib/output-file/index.ts(15,36): error TS2345: Argument of type 'String' is not assignable to parameter of type 'string'.
  'string' is a primitive, but 'String' is a wrapper object. Prefer using 'string' when possible.
lib/output-file/index.ts(18,37): error TS2345: Argument of type 'String' is not assignable to parameter of type 'PathOrFileDescriptor'.
  Type 'String' is not assignable to type 'Buffer'.
lib/output-file/index.ts(23,20): error TS2345: Argument of type 'String' is not assignable to parameter of type 'PathOrFileDescriptor'.
lib/output-file/index.ts(29,36): error TS2345: Argument of type 'String' is not assignable to parameter of type 'string'.
  'string' is a primitive, but 'String' is a wrapper object. Prefer using 'string' when possible.
lib/output-file/index.ts(30,21): error TS2345: Argument of type 'String' is not assignable to parameter of type 'PathLike'.
lib/output-file/index.ts(31,5): error TS2322: Type 'void' is not assignable to type 'Number'.
lib/output-file/index.ts(31,35): error TS2556: A spread argument must either have a tuple type or be passed to a rest parameter.
lib/output-file/index.ts(34,26): error TS2556: A spread argument must either have a tuple type or be passed to a rest parameter.
lib/path-exists/index.ts(3,8): error TS1192: Module '"/mnt/data/mhyee/not-type-inference/data/LambdaNet-out/top1k-typed-with-typed-deps-es6/baseline/fs-extra/lib/fs/index"' has no default export.
lib/path-exists/index.ts(5,37): error TS2314: Generic type 'Promise<T>' requires 1 type argument(s).
lib/remove/index.ts(9,14): error TS2322: Type 'void' is not assignable to type 'Boolean'.
lib/remove/index.ts(9,27): error TS2345: Argument of type 'String' is not assignable to parameter of type 'PathLike'.
lib/remove/index.ts(10,3): error TS2554: Expected 3 arguments, but got 2.
lib/remove/index.ts(15,18): error TS2322: Type 'void' is not assignable to type 'Boolean'.
lib/remove/index.ts(15,35): error TS2345: Argument of type 'String' is not assignable to parameter of type 'PathLike'.
lib/remove/index.ts(16,10): error TS2554: Expected 2 arguments, but got 1.
lib/remove/rimraf.ts(9,38): error TS2304: Cannot find name 'Void'.
lib/remove/rimraf.ts(10,18): error TS2314: Generic type 'Array<T>' requires 1 type argument(s).
lib/remove/rimraf.ts(19,13): error TS2538: Type 'Number' cannot be used as an index type.
lib/remove/rimraf.ts(19,26): error TS2538: Type 'Number' cannot be used as an index type.
lib/remove/rimraf.ts(19,35): error TS2538: Type 'Number' cannot be used as an index type.
lib/remove/rimraf.ts(20,5): error TS2322: Type 'string' is not assignable to type 'Number'.
lib/remove/rimraf.ts(21,13): error TS2538: Type 'Number' cannot be used as an index type.
lib/remove/rimraf.ts(21,26): error TS2538: Type 'Number' cannot be used as an index type.
lib/remove/rimraf.ts(21,35): error TS2538: Type 'Number' cannot be used as an index type.
lib/remove/rimraf.ts(24,11): error TS2339: Property 'maxBusyTries' does not exist on type 'Object'.
lib/remove/rimraf.ts(24,34): error TS2339: Property 'maxBusyTries' does not exist on type 'Object'.
lib/remove/rimraf.ts(27,61): error TS2304: Cannot find name 'Void'.
lib/remove/rimraf.ts(45,15): error TS2339: Property 'code' does not exist on type 'HTMLElement'.
lib/remove/rimraf.ts(45,38): error TS2339: Property 'code' does not exist on type 'HTMLElement'.
lib/remove/rimraf.ts(45,65): error TS2339: Property 'code' does not exist on type 'HTMLElement'.
lib/remove/rimraf.ts(46,31): error TS2339: Property 'maxBusyTries' does not exist on type 'Object'.
lib/remove/rimraf.ts(47,9): error TS2356: An arithmetic operand must be of type 'any', 'number', 'bigint' or an enum type.
lib/remove/rimraf.ts(48,30): error TS2362: The left-hand side of an arithmetic operation must be of type 'any', 'number', 'bigint' or an enum type.
lib/remove/rimraf.ts(50,9): error TS2739: Type 'Timeout' is missing the following properties from type 'Number': toFixed, toExponential, toPrecision
lib/remove/rimraf.ts(50,58): error TS2769: No overload matches this call.
  Overload 1 of 3, '(callback: () => void, ms?: number): Timeout', gave the following error.
    Argument of type 'Number' is not assignable to parameter of type 'number'.
      'number' is a primitive, but 'Number' is a wrapper object. Prefer using 'number' when possible.
  Overload 2 of 3, '(callback: (args: void) => void, ms?: number): Timeout', gave the following error.
    Argument of type 'Number' is not assignable to parameter of type 'number'.
      'number' is a primitive, but 'Number' is a wrapper object. Prefer using 'number' when possible.
  Overload 3 of 3, '(handler: TimerHandler, timeout?: number, ...arguments: any[]): number', gave the following error.
    Argument of type 'Number' is not assignable to parameter of type 'number'.
      'number' is a primitive, but 'Number' is a wrapper object. Prefer using 'number' when possible.
lib/remove/rimraf.ts(54,14): error TS2339: Property 'code' does not exist on type 'HTMLElement'.
lib/remove/rimraf.ts(72,62): error TS2304: Cannot find name 'Void'.
lib/remove/rimraf.ts(79,11): error TS2339: Property 'lstat' does not exist on type 'Object'.
lib/remove/rimraf.ts(79,37): error TS2314: Generic type 'Array<T>' requires 1 type argument(s).
lib/remove/rimraf.ts(80,18): error TS2339: Property 'code' does not exist on type 'Object'.
lib/remove/rimraf.ts(85,18): error TS2339: Property 'code' does not exist on type 'Object'.
lib/remove/rimraf.ts(86,26): error TS2345: Argument of type 'Object' is not assignable to parameter of type 'String'.
  The 'Object' type is assignable to very few other types. Did you mean to use the 'any' type instead?
    Type 'Object' is missing the following properties from type 'String': charAt, charCodeAt, concat, indexOf, and 44 more.
lib/remove/rimraf.ts(90,20): error TS2345: Argument of type 'Object' is not assignable to parameter of type 'String'.
  The 'Object' type is assignable to very few other types. Did you mean to use the 'any' type instead?
lib/remove/rimraf.ts(93,13): error TS2339: Property 'unlink' does not exist on type 'Object'.
lib/remove/rimraf.ts(95,16): error TS2339: Property 'code' does not exist on type 'Object'.
lib/remove/rimraf.ts(98,16): error TS2339: Property 'code' does not exist on type 'Object'.
lib/remove/rimraf.ts(100,27): error TS2345: Argument of type 'Object' is not assignable to parameter of type 'String'.
  The 'Object' type is assignable to very few other types. Did you mean to use the 'any' type instead?
lib/remove/rimraf.ts(101,21): error TS2345: Argument of type 'Object' is not assignable to parameter of type 'String'.
  The 'Object' type is assignable to very few other types. Did you mean to use the 'any' type instead?
lib/remove/rimraf.ts(103,16): error TS2339: Property 'code' does not exist on type 'Object'.
lib/remove/rimraf.ts(104,24): error TS2345: Argument of type 'Object' is not assignable to parameter of type 'String'.
  The 'Object' type is assignable to very few other types. Did you mean to use the 'any' type instead?
lib/remove/rimraf.ts(112,78): error TS2304: Cannot find name 'Void'.
lib/remove/rimraf.ts(117,11): error TS2339: Property 'chmod' does not exist on type 'Object'.
lib/remove/rimraf.ts(119,14): error TS2339: Property 'code' does not exist on type 'Object'.
lib/remove/rimraf.ts(121,15): error TS2339: Property 'stat' does not exist on type 'Object'.
lib/remove/rimraf.ts(121,44): error TS2314: Generic type 'Array<T>' requires 1 type argument(s).
lib/remove/rimraf.ts(123,18): error TS2339: Property 'code' does not exist on type 'Object'.
lib/remove/rimraf.ts(125,29): error TS2345: Argument of type 'String' is not assignable to parameter of type 'Number'.
  Type 'String' is missing the following properties from type 'Number': toFixed, toExponential, toPrecision
lib/remove/rimraf.ts(127,19): error TS2339: Property 'unlink' does not exist on type 'Object'.
lib/remove/rimraf.ts(134,68): error TS2314: Generic type 'Promise<T>' requires 1 type argument(s).
lib/remove/rimraf.ts(135,14): error TS2314: Generic type 'Array<T>' requires 1 type argument(s).
lib/remove/rimraf.ts(141,13): error TS2339: Property 'chmodSync' does not exist on type 'Object'.
lib/remove/rimraf.ts(151,21): error TS2339: Property 'statSync' does not exist on type 'Object'.
lib/remove/rimraf.ts(161,15): error TS2345: Argument of type 'String' is not assignable to parameter of type 'Function'.
  Type 'String' is missing the following properties from type 'Function': apply, call, bind, prototype, and 5 more.
lib/remove/rimraf.ts(163,13): error TS2339: Property 'unlinkSync' does not exist on type 'Object'.
lib/remove/rimraf.ts(167,37): error TS2314: Generic type 'Array<T>' requires 1 type argument(s).
lib/remove/rimraf.ts(167,79): error TS2304: Cannot find name 'Void'.
lib/remove/rimraf.ts(176,19): error TS2339: Property 'code' does not exist on type 'Object'.
lib/remove/rimraf.ts(176,46): error TS2339: Property 'code' does not exist on type 'Object'.
lib/remove/rimraf.ts(176,70): error TS2339: Property 'code' does not exist on type 'Object'.
lib/remove/rimraf.ts(178,25): error TS2339: Property 'code' does not exist on type 'Object'.
lib/remove/rimraf.ts(186,61): error TS2304: Cannot find name 'Void'.
lib/remove/rimraf.ts(191,11): error TS2339: Property 'readdir' does not exist on type 'Object'.
lib/remove/rimraf.ts(191,42): error TS2314: Generic type 'Array<T>' requires 1 type argument(s).
lib/remove/rimraf.ts(197,33): error TS2339: Property 'rmdir' does not exist on type 'Object'.
lib/remove/rimraf.ts(200,24): error TS2345: Argument of type 'String' is not assignable to parameter of type 'string'.
  'string' is a primitive, but 'String' is a wrapper object. Prefer using 'string' when possible.
lib/remove/rimraf.ts(205,15): error TS2356: An arithmetic operand must be of type 'any', 'number', 'bigint' or an enum type.
lib/remove/rimraf.ts(206,19): error TS2339: Property 'rmdir' does not exist on type 'Object'.
lib/remove/rimraf.ts(216,51): error TS2304: Cannot find name 'Void'.
lib/remove/rimraf.ts(217,11): error TS2314: Generic type 'Array<T>' requires 1 type argument(s).
lib/remove/rimraf.ts(228,18): error TS2339: Property 'lstatSync' does not exist on type 'Object'.
lib/remove/rimraf.ts(243,17): error TS2345: Argument of type 'String' is not assignable to parameter of type 'Function'.
lib/remove/rimraf.ts(245,15): error TS2339: Property 'unlinkSync' does not exist on type 'Object'.
lib/remove/rimraf.ts(251,70): error TS2345: Argument of type 'String' is not assignable to parameter of type 'Function'.
lib/remove/rimraf.ts(255,15): error TS2345: Argument of type 'String' is not assignable to parameter of type 'Function'.
lib/remove/rimraf.ts(259,74): error TS2304: Cannot find name 'Void'.
lib/remove/rimraf.ts(264,13): error TS2339: Property 'rmdirSync' does not exist on type 'Object'.
lib/remove/rimraf.ts(269,18): error TS2345: Argument of type 'Function' is not assignable to parameter of type 'String'.
  Type 'Function' is missing the following properties from type 'String': charAt, charCodeAt, concat, indexOf, and 43 more.
lib/remove/rimraf.ts(279,11): error TS2339: Property 'readdirSync' does not exist on type 'Object'.
lib/remove/rimraf.ts(279,70): error TS2345: Argument of type 'String' is not assignable to parameter of type 'string'.
  'string' is a primitive, but 'String' is a wrapper object. Prefer using 'string' when possible.
lib/remove/rimraf.ts(291,20): error TS2314: Generic type 'Array<T>' requires 1 type argument(s).
lib/remove/rimraf.ts(291,36): error TS2339: Property 'rmdirSync' does not exist on type 'Object'.
lib/remove/rimraf.ts(294,27): error TS2363: The right-hand side of an arithmetic operation must be of type 'any', 'number', 'bigint' or an enum type.
lib/remove/rimraf.ts(296,16): error TS2314: Generic type 'Array<T>' requires 1 type argument(s).
lib/remove/rimraf.ts(296,32): error TS2339: Property 'rmdirSync' does not exist on type 'Object'.
lib/util/stat.ts(3,8): error TS1192: Module '"/mnt/data/mhyee/not-type-inference/data/LambdaNet-out/top1k-typed-with-typed-deps-es6/baseline/fs-extra/lib/fs/index"' has no default export.
lib/util/stat.ts(7,62): error TS2314: Generic type 'Promise<T>' requires 1 type argument(s).
lib/util/stat.ts(8,35): error TS2339: Property 'dereference' does not exist on type 'Object'.
lib/util/stat.ts(14,15): error TS2339: Property 'code' does not exist on type 'Object'.
lib/util/stat.ts(21,17): error TS2314: Generic type 'Array<T>' requires 1 type argument(s).
lib/util/stat.ts(22,35): error TS2339: Property 'dereference' does not exist on type 'Object'.
lib/util/stat.ts(25,18): error TS2314: Generic type 'Array<T>' requires 1 type argument(s).
lib/util/stat.ts(35,98): error TS2304: Cannot find name 'Void'.
lib/util/stat.ts(36,47): error TS2345: Argument of type '(err: Function, stats: Object) => any' is not assignable to parameter of type '(err: ErrnoException) => void'.
lib/util/stat.ts(38,13): error TS2339: Property 'srcStat' does not exist on type 'Object'.
lib/util/stat.ts(38,22): error TS2339: Property 'destStat' does not exist on type 'Object'.
lib/util/stat.ts(42,51): error TS2345: Argument of type 'String' is not assignable to parameter of type 'string'.
  'string' is a primitive, but 'String' is a wrapper object. Prefer using 'string' when possible.
lib/util/stat.ts(43,52): error TS2345: Argument of type 'String' is not assignable to parameter of type 'string'.
  'string' is a primitive, but 'String' is a wrapper object. Prefer using 'string' when possible.
lib/util/stat.ts(60,27): error TS2345: Argument of type 'String' is not assignable to parameter of type 'string'.
  'string' is a primitive, but 'String' is a wrapper object. Prefer using 'string' when possible.
lib/util/stat.ts(67,11): error TS2339: Property 'srcStat' does not exist on type 'Object'.
lib/util/stat.ts(67,20): error TS2339: Property 'destStat' does not exist on type 'Object'.
lib/util/stat.ts(71,49): error TS2345: Argument of type 'String' is not assignable to parameter of type 'string'.
  'string' is a primitive, but 'String' is a wrapper object. Prefer using 'string' when possible.
lib/util/stat.ts(72,50): error TS2345: Argument of type 'String' is not assignable to parameter of type 'string'.
  'string' is a primitive, but 'String' is a wrapper object. Prefer using 'string' when possible.
lib/util/stat.ts(89,21): error TS2345: Argument of type 'String' is not assignable to parameter of type 'string'.
  'string' is a primitive, but 'String' is a wrapper object. Prefer using 'string' when possible.
lib/util/stat.ts(98,105): error TS2304: Cannot find name 'Void'.
lib/util/stat.ts(99,55): error TS2345: Argument of type 'String' is not assignable to parameter of type 'string'.
  'string' is a primitive, but 'String' is a wrapper object. Prefer using 'string' when possible.
lib/util/stat.ts(100,56): error TS2345: Argument of type 'String' is not assignable to parameter of type 'string'.
  'string' is a primitive, but 'String' is a wrapper object. Prefer using 'string' when possible.
lib/util/stat.ts(101,61): error TS2345: Argument of type 'String' is not assignable to parameter of type 'string'.
  'string' is a primitive, but 'String' is a wrapper object. Prefer using 'string' when possible.
lib/util/stat.ts(104,15): error TS2339: Property 'code' does not exist on type 'Object'.
lib/util/stat.ts(108,27): error TS2345: Argument of type 'String' is not assignable to parameter of type 'string'.
  'string' is a primitive, but 'String' is a wrapper object. Prefer using 'string' when possible.
lib/util/stat.ts(115,55): error TS2345: Argument of type 'String' is not assignable to parameter of type 'string'.
  'string' is a primitive, but 'String' is a wrapper object. Prefer using 'string' when possible.
lib/util/stat.ts(116,56): error TS2345: Argument of type 'String' is not assignable to parameter of type 'string'.
  'string' is a primitive, but 'String' is a wrapper object. Prefer using 'string' when possible.
lib/util/stat.ts(117,61): error TS2345: Argument of type 'String' is not assignable to parameter of type 'string'.
  'string' is a primitive, but 'String' is a wrapper object. Prefer using 'string' when possible.
lib/util/stat.ts(126,21): error TS2345: Argument of type 'String' is not assignable to parameter of type 'string'.
  'string' is a primitive, but 'String' is a wrapper object. Prefer using 'string' when possible.
lib/util/stat.ts(131,33): error TS2314: Generic type 'Array<T>' requires 1 type argument(s).
lib/util/stat.ts(131,50): error TS2314: Generic type 'Array<T>' requires 1 type argument(s).
lib/util/stat.ts(137,51): error TS2314: Generic type 'Array<T>' requires 1 type argument(s).
lib/util/stat.ts(138,17): error TS2314: Generic type 'Array<T>' requires 1 type argument(s).
lib/util/stat.ts(138,38): error TS2345: Argument of type 'String' is not assignable to parameter of type 'string'.
  'string' is a primitive, but 'String' is a wrapper object. Prefer using 'string' when possible.
lib/util/stat.ts(138,66): error TS2769: No overload matches this call.
  Overload 1 of 2, '(predicate: (value: string, index: number, array: string[]) => value is string, thisArg?: any): string[]', gave the following error.
    Argument of type '(i: Function) => Function' is not assignable to parameter of type '(value: string, index: number, array: string[]) => value is string'.
      Types of parameters 'i' and 'value' are incompatible.
        Type 'string' is not assignable to type 'Function'.
  Overload 2 of 2, '(predicate: (value: string, index: number, array: string[]) => unknown, thisArg?: any): string[]', gave the following error.
    Argument of type '(i: Function) => Function' is not assignable to parameter of type '(value: string, index: number, array: string[]) => unknown'.
      Types of parameters 'i' and 'value' are incompatible.
        Type 'string' is not assignable to type 'Function'.
lib/util/stat.ts(139,40): error TS2345: Argument of type 'String' is not assignable to parameter of type 'string'.
  'string' is a primitive, but 'String' is a wrapper object. Prefer using 'string' when possible.
lib/util/stat.ts(139,69): error TS2769: No overload matches this call.
  Overload 1 of 2, '(predicate: (value: string, index: number, array: string[]) => value is string, thisArg?: any): string[]', gave the following error.
    Argument of type '(i: Function) => Function' is not assignable to parameter of type '(value: string, index: number, array: string[]) => value is string'.
      Types of parameters 'i' and 'value' are incompatible.
        Type 'string' is not assignable to type 'Function'.
  Overload 2 of 2, '(predicate: (value: string, index: number, array: string[]) => unknown, thisArg?: any): string[]', gave the following error.
    Argument of type '(i: Function) => Function' is not assignable to parameter of type '(value: string, index: number, array: string[]) => unknown'.
      Types of parameters 'i' and 'value' are incompatible.
        Type 'string' is not assignable to type 'Function'.
lib/util/stat.ts(140,81): error TS2538: Type 'String' cannot be used as an index type.
lib/util/utimes.ts(5,89): error TS2304: Cannot find name 'Void'.
lib/util/utimes.ts(7,11): error TS2345: Argument of type 'String' is not assignable to parameter of type 'PathLike'.
lib/util/utimes.ts(9,16): error TS2345: Argument of type 'String' is not assignable to parameter of type 'number'.
lib/util/utimes.ts(10,16): error TS2345: Argument of type 'String' is not assignable to parameter of type 'number'.
lib/util/utimes.ts(18,34): error TS2345: Argument of type 'String' is not assignable to parameter of type 'PathLike'.
lib/util/utimes.ts(19,18): error TS2345: Argument of type 'Number' is not assignable to parameter of type 'number'.
  'number' is a primitive, but 'Number' is a wrapper object. Prefer using 'number' when possible.
lib/util/utimes.ts(20,3): error TS2322: Type 'void' is not assignable to type 'Number'.
lib/util/utimes.ts(20,23): error TS2345: Argument of type 'Number' is not assignable to parameter of type 'number'.
  'number' is a primitive, but 'Number' is a wrapper object. Prefer using 'number' when possible.

