lib/index.ts(36,49): error TS2304: Cannot find name 'Void'.
lib/index.ts(39,3): error TS2740: Type '{}' is missing the following properties from type 'Function': apply, call, bind, prototype, and 6 more.
lib/index.ts(44,33): error TS2339: Property 'prompt' does not exist on type 'Function'.
lib/index.ts(45,11): error TS2339: Property 'prompt' does not exist on type 'Function'.
lib/index.ts(46,8): error TS2339: Property 'prompt' does not exist on type 'Function'.
lib/index.ts(54,8): error TS2339: Property 'write' does not exist on type 'HTMLElement'.
lib/index.ts(54,19): error TS2339: Property 'prompt' does not exist on type 'Function'.
lib/index.ts(55,8): error TS2339: Property 'resume' does not exist on type 'HTMLElement'.
lib/index.ts(56,8): error TS2339: Property 'setRawMode' does not exist on type 'HTMLElement'.
lib/index.ts(57,8): error TS2339: Property 'resume' does not exist on type 'HTMLElement'.
lib/index.ts(58,8): error TS2339: Property 'setEncoding' does not exist on type 'HTMLElement'.
lib/index.ts(61,8): error TS2339: Property 'on' does not exist on type 'HTMLElement'.
lib/index.ts(63,34): error TS2304: Cannot find name 'Void'.
lib/index.ts(64,36): error TS2554: Expected 0 arguments, but got 1.
lib/index.ts(82,6): error TS2365: Operator '+=' cannot be applied to types 'String' and 'String'.
lib/index.ts(88,23): error TS2304: Cannot find name 'Void'.
lib/index.ts(89,9): error TS2339: Property 'write' does not exist on type 'HTMLElement'.
lib/index.ts(90,9): error TS2339: Property 'setRawMode' does not exist on type 'HTMLElement'.
lib/index.ts(91,9): error TS2339: Property 'pause' does not exist on type 'HTMLElement'.
lib/index.ts(92,9): error TS2339: Property 'removeListener' does not exist on type 'HTMLElement'.
lib/index.ts(94,10): error TS2339: Property 'end' does not exist on type 'HTMLElement'.
lib/index.ts(95,22): error TS2345: Argument of type 'Number' is not assignable to parameter of type 'number'.
  'number' is a primitive, but 'Number' is a wrapper object. Prefer using 'number' when possible.
lib/index.ts(98,10): error TS2339: Property 'end' does not exist on type 'HTMLElement'.
lib/index.ts(99,22): error TS2345: Argument of type 'Number' is not assignable to parameter of type 'number'.
  'number' is a primitive, but 'Number' is a wrapper object. Prefer using 'number' when possible.
lib/index.ts(105,33): error TS2304: Cannot find name 'Void'.
lib/index.ts(106,32): error TS2345: Argument of type '(err: Object, rttyfd: String) => void' is not assignable to parameter of type '(err: ErrnoException, fd: number) => void'.
  Types of parameters 'rttyfd' and 'fd' are incompatible.
    Type 'number' is not assignable to type 'String'.
lib/index.ts(107,20): error TS2339: Property 'code' does not exist on type 'Object'.
lib/index.ts(107,45): error TS2339: Property 'code' does not exist on type 'Object'.
lib/index.ts(113,7): error TS2740: Type 'ReadStream' is missing the following properties from type 'String': charAt, charCodeAt, concat, indexOf, and 44 more.
lib/index.ts(113,45): error TS2345: Argument of type 'String' is not assignable to parameter of type 'number'.
lib/index.ts(114,33): error TS2345: Argument of type '(err3: Function, wttyfd: any) => void' is not assignable to parameter of type '(err: ErrnoException, fd: number) => void'.
  Types of parameters 'err3' and 'err' are incompatible.
    Type 'ErrnoException' is missing the following properties from type 'Function': apply, call, bind, prototype, and 5 more.
lib/index.ts(114,67): error TS2314: Generic type 'Array<T>' requires 1 type argument(s).
lib/index.ts(115,8): error TS2740: Type 'WriteStream' is missing the following properties from type 'String': charAt, charCodeAt, concat, indexOf, and 44 more.

