build/package.ts(4,17): error TS2732: Cannot find module '../package.json'. Consider using '--resolveJsonModule' to import module with '.json' extension.
build/package.ts(7,22): error TS2339: Property 'stringify' does not exist on type 'Object'.
build/package.ts(9,66): error TS2345: Argument of type 'String' is not assignable to parameter of type 'string | ArrayBufferView'.
  Type 'String' is missing the following properties from type 'BigUint64Array': BYTES_PER_ELEMENT, buffer, byteLength, byteOffset, and 20 more.
build/unicode.ts(10,7): error TS2739: Type 'regenerate' is missing the following properties from type 'Number': toFixed, toExponential, toPrecision
build/unicode.ts(14,7): error TS2740: Type 'regenerate' is missing the following properties from type 'String': charAt, charCodeAt, concat, indexOf, and 44 more.
build/unicode.ts(25,7): error TS2322: Type 'regenerate' is not assignable to type 'String'.
build/unicode.ts(26,10): error TS2345: Argument of type 'String' is not assignable to parameter of type 'RegenerateArgValueOrArray'.
  Type 'String' is missing the following properties from type 'readonly RegenerateArgValueOrArray[]': join, every, some, forEach, and 11 more.
build/unicode.ts(37,35): error TS2345: Argument of type 'String' is not assignable to parameter of type 'string'.
  'string' is a primitive, but 'String' is a wrapper object. Prefer using 'string' when possible.
build/unicode.ts(39,20): error TS2345: Argument of type 'String' is not assignable to parameter of type 'PathLike'.
build/unicode.ts(40,18): error TS2769: No overload matches this call.
  Overload 1 of 3, '(path: PathLike, options?: Mode | (MakeDirectoryOptions & { recursive?: false | undefined; }) | null | undefined): void', gave the following error.
    Argument of type 'String' is not assignable to parameter of type 'PathLike'.
  Overload 2 of 3, '(path: PathLike, options?: MakeDirectoryOptions | Mode | null | undefined): string | undefined', gave the following error.
    Argument of type 'String' is not assignable to parameter of type 'PathLike'.
build/unicode.ts(50,80): error TS2538: Type 'String' cannot be used as an index type.
build/unicode.ts(52,18): error TS2345: Argument of type 'String' is not assignable to parameter of type 'PathOrFileDescriptor'.
lib/cli.ts(4,17): error TS2732: Cannot find module '../package.json'. Consider using '--resolveJsonModule' to import module with '.json' extension.
lib/cli.ts(9,10): error TS2339: Property 'version' does not exist on type 'Object'.
lib/cli.ts(11,17): error TS2339: Property 'help' does not exist on type 'Object'.
lib/cli.ts(14,37): error TS2339: Property 'defaults' does not exist on type 'Object'.
lib/cli.ts(16,21): error TS2314: Generic type 'Array<T>' requires 1 type argument(s).
lib/cli.ts(18,42): error TS2345: Argument of type 'String' is not assignable to parameter of type 'PathLike'.
  Type 'String' is not assignable to type 'Buffer'.
lib/cli.ts(25,9): error TS2365: Operator '+=' cannot be applied to types 'String' and 'Number'.
lib/cli.ts(30,18): error TS2339: Property 'space' does not exist on type 'Object'.
lib/cli.ts(30,40): error TS2339: Property 'space' does not exist on type 'Object'.
lib/cli.ts(31,13): error TS2322: Type 'string' is not assignable to type 'Number'.
lib/cli.ts(33,33): error TS2339: Property 'space' does not exist on type 'Object'.
lib/cli.ts(38,27): error TS2339: Property 'parse' does not exist on type 'Object'.
lib/cli.ts(39,23): error TS2339: Property 'validate' does not exist on type 'Object'.
lib/cli.ts(40,38): error TS2769: No overload matches this call.
  Overload 1 of 2, '(value: any, replacer?: ((this: any, key: string, value: any) => any) | undefined, space?: string | number | undefined): string', gave the following error.
    Argument of type 'null' is not assignable to parameter of type '((this: any, key: string, value: any) => any) | undefined'.
  Overload 2 of 2, '(value: any, replacer?: (string | number)[] | null | undefined, space?: string | number | undefined): string', gave the following error.
    Argument of type 'Number' is not assignable to parameter of type 'string | number | undefined'.
lib/cli.ts(47,26): error TS2339: Property 'convert' does not exist on type 'Object'.
lib/cli.ts(47,57): error TS2339: Property 'outFile' does not exist on type 'Object'.
lib/cli.ts(48,63): error TS2345: Argument of type 'String' is not assignable to parameter of type 'string'.
  'string' is a primitive, but 'String' is a wrapper object. Prefer using 'string' when possible.
lib/cli.ts(49,27): error TS2322: Type 'string' is not assignable to type 'Number'.
lib/cli.ts(52,65): error TS2339: Property 'base' does not exist on type 'Object'.
lib/cli.ts(52,86): error TS2339: Property 'ext' does not exist on type 'Object'.
lib/cli.ts(56,21): error TS2739: Type 'WriteStream' is missing the following properties from type 'Number': toFixed, toExponential, toPrecision
lib/cli.ts(56,56): error TS2345: Argument of type 'Number' is not assignable to parameter of type 'PathLike'.
  Type 'Number' is missing the following properties from type 'Buffer': write, toJSON, equals, compare, and 97 more.
lib/cli.ts(57,33): error TS2339: Property 'outFile' does not exist on type 'Object'.
lib/cli.ts(58,21): error TS2322: Type 'WriteStream' is not assignable to type 'Number'.
lib/cli.ts(58,61): error TS2339: Property 'outFile' does not exist on type 'Object'.
lib/cli.ts(60,21): error TS2739: Type 'WriteStream & { fd: 1; }' is missing the following properties from type 'Number': toFixed, toExponential, toPrecision
lib/cli.ts(63,29): error TS2339: Property 'write' does not exist on type 'Number'.
lib/cli.ts(66,27): error TS2571: Object is of type 'unknown'.
lib/cli.ts(79,21): error TS2314: Generic type 'Array<T>' requires 1 type argument(s).
lib/cli.ts(81,17): error TS2314: Generic type 'Array<T>' requires 1 type argument(s).
lib/cli.ts(107,13): error TS2322: Type 'boolean' is not assignable to type 'Number'.
lib/cli.ts(122,9): error TS2454: Variable 'convert' is used before being assigned.
lib/cli.ts(123,9): error TS2454: Variable 'space' is used before being assigned.
lib/cli.ts(124,9): error TS2454: Variable 'validate' is used before being assigned.
lib/cli.ts(125,9): error TS2454: Variable 'outFile' is used before being assigned.
lib/cli.ts(126,9): error TS2454: Variable 'version' is used before being assigned.
lib/cli.ts(127,9): error TS2454: Variable 'help' is used before being assigned.
lib/cli.ts(132,22): error TS2304: Cannot find name 'Void'.
lib/cli.ts(136,20): error TS2304: Cannot find name 'Void'.
lib/parse.ts(3,13): error TS2314: Generic type 'Array<T>' requires 1 type argument(s).
lib/parse.ts(5,12): error TS2314: Generic type 'Array<T>' requires 1 type argument(s).
lib/parse.ts(20,5): error TS2322: Type 'undefined' is not assignable to type 'Object'.
lib/parse.ts(21,5): error TS2322: Type 'undefined' is not assignable to type 'String'.
lib/parse.ts(22,5): error TS2322: Type 'undefined' is not assignable to type 'Function'.
lib/parse.ts(32,21): error TS2538: Type 'String' cannot be used as an index type.
lib/parse.ts(33,20): error TS2339: Property 'type' does not exist on type 'Object'.
lib/parse.ts(43,34): error TS2538: Type 'String' cannot be used as an index type.
lib/parse.ts(48,24): error TS7053: Element implicitly has an 'any' type because expression of type 'string' can't be used to index type 'Object'.
  No index signature with a parameter of type 'string' was found on type 'Object'.
lib/parse.ts(50,17): error TS7053: Element implicitly has an 'any' type because expression of type 'string' can't be used to index type 'Object'.
  No index signature with a parameter of type 'string' was found on type 'Object'.
lib/parse.ts(71,9): error TS2740: Type 'Number' is missing the following properties from type 'Function': apply, call, bind, prototype, and 6 more.
lib/parse.ts(78,22): error TS2314: Generic type 'Array<T>' requires 1 type argument(s).
lib/parse.ts(78,40): error TS2538: Type 'String' cannot be used as an index type.
lib/parse.ts(85,19): error TS2366: Function lacks ending return statement and return type does not include 'undefined'.
lib/parse.ts(87,9): error TS2322: Type 'string' is not assignable to type 'Number'.
lib/parse.ts(92,11): error TS2740: Type 'Number' is missing the following properties from type 'String': charAt, charCodeAt, concat, indexOf, and 44 more.
lib/parse.ts(95,9): error TS2356: An arithmetic operand must be of type 'any', 'number', 'bigint' or an enum type.
lib/parse.ts(98,9): error TS2365: Operator '+=' cannot be applied to types 'Number' and 'number'.
lib/parse.ts(100,9): error TS2356: An arithmetic operand must be of type 'any', 'number', 'bigint' or an enum type.
lib/parse.ts(104,9): error TS2365: Operator '+=' cannot be applied to types 'Number' and 'number'.
lib/parse.ts(113,14): error TS2678: Type 'string' is not comparable to type 'Function'.
lib/parse.ts(114,14): error TS2678: Type 'string' is not comparable to type 'Function'.
lib/parse.ts(115,14): error TS2678: Type 'string' is not comparable to type 'Function'.
lib/parse.ts(116,14): error TS2678: Type 'string' is not comparable to type 'Function'.
lib/parse.ts(117,14): error TS2678: Type 'string' is not comparable to type 'Function'.
lib/parse.ts(118,14): error TS2678: Type 'string' is not comparable to type 'Function'.
lib/parse.ts(119,14): error TS2678: Type 'string' is not comparable to type 'Function'.
lib/parse.ts(120,14): error TS2678: Type 'string' is not comparable to type 'Function'.
lib/parse.ts(121,14): error TS2678: Type 'string' is not comparable to type 'Function'.
lib/parse.ts(122,14): error TS2678: Type 'string' is not comparable to type 'Function'.
lib/parse.ts(126,14): error TS2678: Type 'string' is not comparable to type 'Function'.
lib/parse.ts(133,20): error TS2554: Expected 2 arguments, but got 1.
lib/parse.ts(146,26): error TS2538: Type 'String' cannot be used as an index type.
lib/parse.ts(151,14): error TS2678: Type 'string' is not comparable to type 'Function'.
lib/parse.ts(156,14): error TS2678: Type 'string' is not comparable to type 'Function'.
lib/parse.ts(162,27): error TS2345: Argument of type 'String' is not assignable to parameter of type 'Number'.
lib/parse.ts(167,14): error TS2678: Type 'string' is not comparable to type 'Function'.
lib/parse.ts(173,31): error TS2345: Argument of type 'String' is not assignable to parameter of type 'Number'.
lib/parse.ts(181,14): error TS2678: Type 'string' is not comparable to type 'Function'.
lib/parse.ts(185,14): error TS2678: Type 'string' is not comparable to type 'Function'.
lib/parse.ts(191,31): error TS2345: Argument of type 'String' is not assignable to parameter of type 'Number'.
lib/parse.ts(200,14): error TS2678: Type 'string' is not comparable to type 'Function'.
lib/parse.ts(201,14): error TS2678: Type 'string' is not comparable to type 'Function'.
lib/parse.ts(202,14): error TS2678: Type 'string' is not comparable to type 'Function'.
lib/parse.ts(203,14): error TS2678: Type 'string' is not comparable to type 'Function'.
lib/parse.ts(210,20): error TS2554: Expected 2 arguments, but got 1.
lib/parse.ts(218,14): error TS2678: Type 'string' is not comparable to type 'Function'.
lib/parse.ts(219,14): error TS2678: Type 'string' is not comparable to type 'Function'.
lib/parse.ts(222,14): error TS2678: Type 'string' is not comparable to type 'Function'.
lib/parse.ts(225,37): error TS2345: Argument of type 'null' is not assignable to parameter of type 'String'.
lib/parse.ts(227,14): error TS2678: Type 'string' is not comparable to type 'Function'.
lib/parse.ts(230,40): error TS2345: Argument of type 'boolean' is not assignable to parameter of type 'String'.
lib/parse.ts(232,14): error TS2678: Type 'string' is not comparable to type 'Function'.
lib/parse.ts(235,40): error TS2345: Argument of type 'boolean' is not assignable to parameter of type 'String'.
lib/parse.ts(237,14): error TS2678: Type 'string' is not comparable to type 'Function'.
lib/parse.ts(238,14): error TS2678: Type 'string' is not comparable to type 'Function'.
lib/parse.ts(246,14): error TS2678: Type 'string' is not comparable to type 'Function'.
lib/parse.ts(251,14): error TS2678: Type 'string' is not comparable to type 'Function'.
lib/parse.ts(256,14): error TS2678: Type 'string' is not comparable to type 'Function'.
lib/parse.ts(257,14): error TS2678: Type 'string' is not comparable to type 'Function'.
lib/parse.ts(258,14): error TS2678: Type 'string' is not comparable to type 'Function'.
lib/parse.ts(259,14): error TS2678: Type 'string' is not comparable to type 'Function'.
lib/parse.ts(260,14): error TS2678: Type 'string' is not comparable to type 'Function'.
lib/parse.ts(261,14): error TS2678: Type 'string' is not comparable to type 'Function'.
lib/parse.ts(262,14): error TS2678: Type 'string' is not comparable to type 'Function'.
lib/parse.ts(263,14): error TS2678: Type 'string' is not comparable to type 'Function'.
lib/parse.ts(264,14): error TS2678: Type 'string' is not comparable to type 'Function'.
lib/parse.ts(269,14): error TS2678: Type 'string' is not comparable to type 'Function'.
lib/parse.ts(272,40): error TS2345: Argument of type 'number' is not assignable to parameter of type 'String'.
lib/parse.ts(274,14): error TS2678: Type 'string' is not comparable to type 'Function'.
lib/parse.ts(277,40): error TS2345: Argument of type 'number' is not assignable to parameter of type 'String'.
lib/parse.ts(279,14): error TS2678: Type 'string' is not comparable to type 'Function'.
lib/parse.ts(280,14): error TS2678: Type 'string' is not comparable to type 'Function'.
lib/parse.ts(287,27): error TS2345: Argument of type 'String' is not assignable to parameter of type 'Number'.
lib/parse.ts(291,13): error TS2367: This condition will always return 'true' since the types 'Function' and 'string' have no overlap.
lib/parse.ts(292,31): error TS2345: Argument of type 'String' is not assignable to parameter of type 'Number'.
lib/parse.ts(298,14): error TS2678: Type 'string' is not comparable to type 'Number'.
lib/parse.ts(299,14): error TS2678: Type 'string' is not comparable to type 'Number'.
lib/parse.ts(310,9): error TS2365: Operator '+=' cannot be applied to types 'String' and 'Number'.
lib/parse.ts(316,14): error TS2678: Type 'string' is not comparable to type 'Function'.
lib/parse.ts(317,14): error TS2678: Type 'string' is not comparable to type 'Function'.
lib/parse.ts(318,14): error TS2678: Type 'string' is not comparable to type 'Function'.
lib/parse.ts(319,14): error TS2678: Type 'string' is not comparable to type 'Function'.
lib/parse.ts(320,13): error TS2365: Operator '+=' cannot be applied to types 'String' and 'String'.
lib/parse.ts(323,14): error TS2678: Type 'string' is not comparable to type 'Function'.
lib/parse.ts(330,13): error TS2365: Operator '+=' cannot be applied to types 'String' and 'String'.
lib/parse.ts(338,13): error TS2367: This condition will always return 'true' since the types 'Function' and 'string' have no overlap.
lib/parse.ts(339,31): error TS2345: Argument of type 'String' is not assignable to parameter of type 'Number'.
lib/parse.ts(345,14): error TS2678: Type 'string' is not comparable to type 'Number'.
lib/parse.ts(346,14): error TS2678: Type 'string' is not comparable to type 'Number'.
lib/parse.ts(347,14): error TS2678: Type 'string' is not comparable to type 'Number'.
lib/parse.ts(348,14): error TS2678: Type 'string' is not comparable to type 'Number'.
lib/parse.ts(359,9): error TS2365: Operator '+=' cannot be applied to types 'String' and 'Number'.
lib/parse.ts(365,14): error TS2678: Type 'string' is not comparable to type 'Function'.
lib/parse.ts(370,14): error TS2678: Type 'string' is not comparable to type 'Function'.
lib/parse.ts(375,14): error TS2678: Type 'string' is not comparable to type 'Function'.
lib/parse.ts(376,14): error TS2678: Type 'string' is not comparable to type 'Function'.
lib/parse.ts(377,14): error TS2678: Type 'string' is not comparable to type 'Function'.
lib/parse.ts(378,14): error TS2678: Type 'string' is not comparable to type 'Function'.
lib/parse.ts(379,14): error TS2678: Type 'string' is not comparable to type 'Function'.
lib/parse.ts(380,14): error TS2678: Type 'string' is not comparable to type 'Function'.
lib/parse.ts(381,14): error TS2678: Type 'string' is not comparable to type 'Function'.
lib/parse.ts(382,14): error TS2678: Type 'string' is not comparable to type 'Function'.
lib/parse.ts(383,14): error TS2678: Type 'string' is not comparable to type 'Function'.
lib/parse.ts(388,14): error TS2678: Type 'string' is not comparable to type 'Function'.
lib/parse.ts(391,40): error TS2362: The left-hand side of an arithmetic operation must be of type 'any', 'number', 'bigint' or an enum type.
lib/parse.ts(391,40): error TS2345: Argument of type 'number' is not assignable to parameter of type 'String'.
lib/parse.ts(393,14): error TS2678: Type 'string' is not comparable to type 'Function'.
lib/parse.ts(396,40): error TS2345: Argument of type 'number' is not assignable to parameter of type 'String'.
lib/parse.ts(399,27): error TS2345: Argument of type 'String' is not assignable to parameter of type 'Number'.
lib/parse.ts(404,14): error TS2678: Type 'string' is not comparable to type 'Function'.
lib/parse.ts(405,13): error TS2365: Operator '+=' cannot be applied to types 'String' and 'String'.
lib/parse.ts(409,14): error TS2678: Type 'string' is not comparable to type 'Function'.
lib/parse.ts(410,14): error TS2678: Type 'string' is not comparable to type 'Function'.
lib/parse.ts(411,13): error TS2365: Operator '+=' cannot be applied to types 'String' and 'String'.
lib/parse.ts(415,14): error TS2678: Type 'string' is not comparable to type 'Function'.
lib/parse.ts(416,14): error TS2678: Type 'string' is not comparable to type 'Function'.
lib/parse.ts(417,13): error TS2365: Operator '+=' cannot be applied to types 'String' and 'String'.
lib/parse.ts(422,36): error TS2362: The left-hand side of an arithmetic operation must be of type 'any', 'number', 'bigint' or an enum type.
lib/parse.ts(422,36): error TS2345: Argument of type 'number' is not assignable to parameter of type 'String'.
lib/parse.ts(427,14): error TS2678: Type 'string' is not comparable to type 'Function'.
lib/parse.ts(428,13): error TS2365: Operator '+=' cannot be applied to types 'String' and 'String'.
lib/parse.ts(432,14): error TS2678: Type 'string' is not comparable to type 'Function'.
lib/parse.ts(433,14): error TS2678: Type 'string' is not comparable to type 'Function'.
lib/parse.ts(434,13): error TS2365: Operator '+=' cannot be applied to types 'String' and 'String'.
lib/parse.ts(440,13): error TS2365: Operator '+=' cannot be applied to types 'String' and 'String'.
lib/parse.ts(444,36): error TS2362: The left-hand side of an arithmetic operation must be of type 'any', 'number', 'bigint' or an enum type.
lib/parse.ts(444,36): error TS2345: Argument of type 'number' is not assignable to parameter of type 'String'.
lib/parse.ts(449,13): error TS2365: Operator '+=' cannot be applied to types 'String' and 'String'.
lib/parse.ts(454,27): error TS2345: Argument of type 'String' is not assignable to parameter of type 'Number'.
lib/parse.ts(459,14): error TS2678: Type 'string' is not comparable to type 'Function'.
lib/parse.ts(460,14): error TS2678: Type 'string' is not comparable to type 'Function'.
lib/parse.ts(461,13): error TS2365: Operator '+=' cannot be applied to types 'String' and 'String'.
lib/parse.ts(467,13): error TS2365: Operator '+=' cannot be applied to types 'String' and 'String'.
lib/parse.ts(472,36): error TS2362: The left-hand side of an arithmetic operation must be of type 'any', 'number', 'bigint' or an enum type.
lib/parse.ts(472,36): error TS2345: Argument of type 'number' is not assignable to parameter of type 'String'.
lib/parse.ts(477,14): error TS2678: Type 'string' is not comparable to type 'Function'.
lib/parse.ts(478,14): error TS2678: Type 'string' is not comparable to type 'Function'.
lib/parse.ts(479,13): error TS2365: Operator '+=' cannot be applied to types 'String' and 'String'.
lib/parse.ts(485,13): error TS2365: Operator '+=' cannot be applied to types 'String' and 'String'.
lib/parse.ts(489,36): error TS2362: The left-hand side of an arithmetic operation must be of type 'any', 'number', 'bigint' or an enum type.
lib/parse.ts(489,36): error TS2345: Argument of type 'number' is not assignable to parameter of type 'String'.
lib/parse.ts(494,14): error TS2678: Type 'string' is not comparable to type 'Function'.
lib/parse.ts(495,14): error TS2678: Type 'string' is not comparable to type 'Function'.
lib/parse.ts(496,13): error TS2365: Operator '+=' cannot be applied to types 'String' and 'String'.
lib/parse.ts(502,13): error TS2365: Operator '+=' cannot be applied to types 'String' and 'String'.
lib/parse.ts(507,27): error TS2345: Argument of type 'String' is not assignable to parameter of type 'Number'.
lib/parse.ts(512,13): error TS2365: Operator '+=' cannot be applied to types 'String' and 'String'.
lib/parse.ts(517,27): error TS2345: Argument of type 'String' is not assignable to parameter of type 'Number'.
lib/parse.ts(522,13): error TS2365: Operator '+=' cannot be applied to types 'String' and 'String'.
lib/parse.ts(526,36): error TS2362: The left-hand side of an arithmetic operation must be of type 'any', 'number', 'bigint' or an enum type.
lib/parse.ts(526,36): error TS2345: Argument of type 'number' is not assignable to parameter of type 'String'.
lib/parse.ts(531,13): error TS2365: Operator '+=' cannot be applied to types 'String' and 'String'.
lib/parse.ts(536,27): error TS2345: Argument of type 'String' is not assignable to parameter of type 'Number'.
lib/parse.ts(541,13): error TS2365: Operator '+=' cannot be applied to types 'String' and 'String'.
lib/parse.ts(545,36): error TS2362: The left-hand side of an arithmetic operation must be of type 'any', 'number', 'bigint' or an enum type.
lib/parse.ts(545,36): error TS2345: Argument of type 'number' is not assignable to parameter of type 'String'.
lib/parse.ts(550,14): error TS2678: Type 'string' is not comparable to type 'Function'.
lib/parse.ts(552,13): error TS2365: Operator '+=' cannot be applied to types 'String' and 'String'.
lib/parse.ts(555,14): error TS2678: Type 'string' is not comparable to type 'Function'.
lib/parse.ts(561,13): error TS2365: Operator '+=' cannot be applied to types 'String' and 'String'.
lib/parse.ts(564,14): error TS2678: Type 'string' is not comparable to type 'Function'.
lib/parse.ts(570,13): error TS2365: Operator '+=' cannot be applied to types 'String' and 'String'.
lib/parse.ts(573,14): error TS2678: Type 'string' is not comparable to type 'Function'.
lib/parse.ts(574,14): error TS2678: Type 'string' is not comparable to type 'Function'.
lib/parse.ts(575,31): error TS2345: Argument of type 'String' is not assignable to parameter of type 'Number'.
lib/parse.ts(577,14): error TS2678: Type 'string' is not comparable to type 'Function'.
lib/parse.ts(578,14): error TS2678: Type 'string' is not comparable to type 'Function'.
lib/parse.ts(583,31): error TS2345: Argument of type 'String' is not assignable to parameter of type 'Number'.
lib/parse.ts(586,9): error TS2365: Operator '+=' cannot be applied to types 'String' and 'String'.
lib/parse.ts(591,14): error TS2678: Type 'string' is not comparable to type 'Function'.
lib/parse.ts(592,14): error TS2678: Type 'string' is not comparable to type 'Function'.
lib/parse.ts(605,14): error TS2678: Type 'string' is not comparable to type 'Function'.
lib/parse.ts(606,14): error TS2678: Type 'string' is not comparable to type 'Function'.
lib/parse.ts(611,14): error TS2678: Type 'string' is not comparable to type 'Function'.
lib/parse.ts(616,14): error TS2678: Type 'string' is not comparable to type 'Function'.
lib/parse.ts(619,14): error TS2678: Type 'string' is not comparable to type 'Function'.
lib/parse.ts(620,14): error TS2678: Type 'string' is not comparable to type 'Function'.
lib/parse.ts(627,13): error TS2365: Operator '+=' cannot be applied to types 'String' and 'String'.
lib/parse.ts(632,27): error TS2345: Argument of type 'String' is not assignable to parameter of type 'Number'.
lib/parse.ts(636,13): error TS2367: This condition will always return 'false' since the types 'Function' and 'string' have no overlap.
lib/parse.ts(640,27): error TS2345: Argument of type 'String' is not assignable to parameter of type 'Number'.
lib/parse.ts(649,14): error TS2678: Type 'string' is not comparable to type 'Function'.
lib/parse.ts(650,14): error TS2678: Type 'string' is not comparable to type 'Function'.
lib/parse.ts(654,27): error TS2345: Argument of type 'String' is not assignable to parameter of type 'Number'.
lib/parse.ts(658,13): error TS2367: This condition will always return 'false' since the types 'Function' and 'string' have no overlap.
lib/parse.ts(667,14): error TS2678: Type 'string' is not comparable to type 'Function'.
lib/parse.ts(668,14): error TS2678: Type 'string' is not comparable to type 'Function'.
lib/parse.ts(672,27): error TS2345: Argument of type 'String' is not assignable to parameter of type 'Number'.
lib/parse.ts(682,27): error TS2345: Argument of type 'String' is not assignable to parameter of type 'Number'.
lib/parse.ts(695,22): error TS2314: Generic type 'Array<T>' requires 1 type argument(s).
lib/parse.ts(695,30): error TS2304: Cannot find name 'Void'.
lib/parse.ts(697,15): error TS2322: Type 'Number' is not assignable to type 'String'.
lib/parse.ts(700,31): error TS2345: Argument of type 'String' is not assignable to parameter of type 'Number'.
  Type 'String' is missing the following properties from type 'Number': toFixed, toExponential, toPrecision
lib/parse.ts(708,11): error TS2322: Type 'Number' is not assignable to type 'String'.
lib/parse.ts(737,31): error TS2345: Argument of type 'String' is not assignable to parameter of type 'Number'.
lib/parse.ts(744,9): error TS2322: Type 'Number' is not assignable to type 'String'.
lib/parse.ts(748,9): error TS2322: Type 'Number' is not assignable to type 'String'.
lib/parse.ts(758,13): error TS2367: This condition will always return 'false' since the types 'Number' and 'string' have no overlap.
lib/parse.ts(773,27): error TS2345: Argument of type 'String' is not assignable to parameter of type 'Number'.
lib/parse.ts(776,27): error TS2345: Argument of type 'String' is not assignable to parameter of type 'Number'.
lib/parse.ts(784,9): error TS2322: Type 'Number' is not assignable to type 'String'.
lib/parse.ts(787,27): error TS2345: Argument of type 'String' is not assignable to parameter of type 'Number'.
lib/parse.ts(790,5): error TS2365: Operator '+=' cannot be applied to types 'String' and 'String'.
lib/parse.ts(792,5): error TS2322: Type 'Number' is not assignable to type 'String'.
lib/parse.ts(794,27): error TS2345: Argument of type 'String' is not assignable to parameter of type 'Number'.
lib/parse.ts(797,5): error TS2365: Operator '+=' cannot be applied to types 'String' and 'String'.
lib/parse.ts(799,5): error TS2322: Type 'string' is not assignable to type 'Number'.
lib/parse.ts(799,42): error TS2345: Argument of type 'String' is not assignable to parameter of type 'string'.
  'string' is a primitive, but 'String' is a wrapper object. Prefer using 'string' when possible.
lib/parse.ts(806,12): error TS2356: An arithmetic operand must be of type 'any', 'number', 'bigint' or an enum type.
lib/parse.ts(807,15): error TS2322: Type 'Number' is not assignable to type 'String'.
lib/parse.ts(809,31): error TS2345: Argument of type 'String' is not assignable to parameter of type 'Number'.
lib/parse.ts(812,9): error TS2365: Operator '+=' cannot be applied to types 'String' and 'String'.
lib/parse.ts(815,5): error TS2322: Type 'string' is not assignable to type 'Number'.
lib/parse.ts(815,42): error TS2345: Argument of type 'String' is not assignable to parameter of type 'string'.
  'string' is a primitive, but 'String' is a wrapper object. Prefer using 'string' when possible.
lib/parse.ts(820,19): error TS2339: Property 'type' does not exist on type 'Object'.
lib/parse.ts(828,23): error TS2339: Property 'type' does not exist on type 'Object'.
lib/parse.ts(831,25): error TS2339: Property 'value' does not exist on type 'Object'.
lib/parse.ts(858,19): error TS2339: Property 'type' does not exist on type 'Object'.
lib/parse.ts(866,19): error TS2339: Property 'type' does not exist on type 'Object'.
lib/parse.ts(874,19): error TS2339: Property 'type' does not exist on type 'Object'.
lib/parse.ts(878,19): error TS2339: Property 'type' does not exist on type 'Object'.
lib/parse.ts(878,50): error TS2339: Property 'value' does not exist on type 'Object'.
lib/parse.ts(892,19): error TS2339: Property 'type' does not exist on type 'Object'.
lib/parse.ts(896,23): error TS2339: Property 'value' does not exist on type 'Object'.
lib/parse.ts(915,19): error TS2339: Property 'type' does not exist on type 'Object'.
lib/parse.ts(919,23): error TS2339: Property 'value' does not exist on type 'Object'.
lib/parse.ts(940,19): error TS2304: Cannot find name 'Void'.
lib/parse.ts(941,16): error TS2314: Generic type 'Array<T>' requires 1 type argument(s).
lib/parse.ts(943,19): error TS2339: Property 'type' does not exist on type 'Object'.
lib/parse.ts(945,23): error TS2339: Property 'value' does not exist on type 'Object'.
lib/parse.ts(961,23): error TS2339: Property 'value' does not exist on type 'Object'.
lib/parse.ts(972,23): error TS2314: Generic type 'Array<T>' requires 1 type argument(s).
lib/parse.ts(1000,18): error TS2304: Cannot find name 'Void'.
lib/parse.ts(1025,9): error TS2740: Type 'HTMLElement' is missing the following properties from type 'String': charAt, charCodeAt, concat, indexOf, and 43 more.
lib/parse.ts(1028,5): error TS2322: Type 'HTMLElement' is not assignable to type 'String'.
lib/parse.ts(1028,64): error TS2345: Argument of type 'Number' is not assignable to parameter of type 'String'.
lib/parse.ts(1031,25): error TS2314: Generic type 'Promise<T>' requires 1 type argument(s).
lib/parse.ts(1046,5): error TS2362: The left-hand side of an arithmetic operation must be of type 'any', 'number', 'bigint' or an enum type.
lib/parse.ts(1047,5): error TS2322: Type 'HTMLElement' is not assignable to type 'String'.
lib/parse.ts(1050,37): error TS2314: Generic type 'Promise<T>' requires 1 type argument(s).
lib/parse.ts(1070,22): error TS2538: Type 'String' cannot be used as an index type.
lib/parse.ts(1071,29): error TS2538: Type 'String' cannot be used as an index type.
lib/parse.ts(1083,11): error TS2740: Type 'SyntaxError & Error' is missing the following properties from type 'HTMLElement': accessKey, accessKeyLabel, autocapitalize, dir, and 277 more.
lib/parse.ts(1083,46): error TS2769: No overload matches this call.
  Overload 1 of 2, '(message?: string | undefined): SyntaxError', gave the following error.
    Argument of type 'String' is not assignable to parameter of type 'string'.
      'string' is a primitive, but 'String' is a wrapper object. Prefer using 'string' when possible.
  Overload 2 of 2, '(message?: string | undefined): Error', gave the following error.
    Argument of type 'String' is not assignable to parameter of type 'string'.
      'string' is a primitive, but 'String' is a wrapper object. Prefer using 'string' when possible.
lib/parse.ts(1084,9): error TS2339: Property 'lineNumber' does not exist on type 'HTMLElement'.
lib/parse.ts(1085,9): error TS2339: Property 'columnNumber' does not exist on type 'HTMLElement'.
lib/register.ts(5,1): error TS2322: Type '(module: String, filename: String) => void' is not assignable to type '(m: Module, filename: string) => any'.
  Types of parameters 'module' and 'm' are incompatible.
    Type 'Module' is missing the following properties from type 'String': charAt, charCodeAt, concat, indexOf, and 44 more.
lib/register.ts(6,45): error TS2769: No overload matches this call.
  Overload 1 of 3, '(path: PathOrFileDescriptor, options?: { encoding?: null | undefined; flag?: string | undefined; } | null | undefined): Buffer', gave the following error.
    Argument of type 'String' is not assignable to parameter of type 'PathOrFileDescriptor'.
      Type 'String' is missing the following properties from type 'Buffer': write, toJSON, equals, compare, and 90 more.
  Overload 2 of 3, '(path: PathOrFileDescriptor, options: { encoding: BufferEncoding; flag?: string | undefined; } | BufferEncoding): string', gave the following error.
    Argument of type 'String' is not assignable to parameter of type 'PathOrFileDescriptor'.
  Overload 3 of 3, '(path: PathOrFileDescriptor, options?: BufferEncoding | (ObjectEncodingOptions & { flag?: string | undefined; }) | null | undefined): string | Buffer', gave the following error.
    Argument of type 'String' is not assignable to parameter of type 'PathOrFileDescriptor'.
lib/register.ts(8,9): error TS1258: A default export must be at the top level of a file or module declaration.
lib/register.ts(10,9): error TS2571: Object is of type 'unknown'.
lib/register.ts(10,41): error TS2571: Object is of type 'unknown'.
lib/stringify.ts(4,18): error TS2314: Generic type 'Array<T>' requires 1 type argument(s).
lib/stringify.ts(6,23): error TS2314: Generic type 'Array<T>' requires 1 type argument(s).
lib/stringify.ts(16,26): error TS2339: Property 'space' does not exist on type 'Object'.
lib/stringify.ts(17,26): error TS2339: Property 'quote' does not exist on type 'Object'.
lib/stringify.ts(18,29): error TS2339: Property 'replacer' does not exist on type 'Object'.
lib/stringify.ts(38,17): error TS2454: Variable 'item' is used before being assigned.
lib/stringify.ts(46,16): error TS2358: The left-hand side of an 'instanceof' expression must be of type 'any', an object type or a type parameter.
lib/stringify.ts(47,9): error TS2322: Type 'string' is not assignable to type 'Number'.
lib/stringify.ts(53,42): error TS2345: Argument of type 'Number' is not assignable to parameter of type 'number'.
  'number' is a primitive, but 'Number' is a wrapper object. Prefer using 'number' when possible.
lib/stringify.ts(56,21): error TS2339: Property 'substr' does not exist on type 'never'.
lib/stringify.ts(62,36): error TS2538: Type 'String' cannot be used as an index type.
lib/stringify.ts(64,30): error TS2339: Property 'toJSON5' does not exist on type 'String'.
lib/stringify.ts(65,31): error TS2339: Property 'toJSON5' does not exist on type 'String'.
lib/stringify.ts(66,37): error TS2339: Property 'toJSON' does not exist on type 'String'.
lib/stringify.ts(67,31): error TS2339: Property 'toJSON' does not exist on type 'String'.
lib/stringify.ts(76,13): error TS2322: Type 'number' is not assignable to type 'String'.
lib/stringify.ts(79,20): error TS2358: The left-hand side of an 'instanceof' expression must be of type 'any', an object type or a type parameter.
lib/stringify.ts(80,27): error TS2339: Property 'valueOf' does not exist on type 'never'.
lib/stringify.ts(85,14): error TS2678: Type 'boolean' is not comparable to type 'String'.
lib/stringify.ts(86,14): error TS2678: Type 'boolean' is not comparable to type 'String'.
lib/stringify.ts(90,39): error TS2554: Expected 1 arguments, but got 2.
lib/stringify.ts(101,9): error TS2322: Type 'undefined' is not assignable to type 'String'.
lib/stringify.ts(104,34): error TS2314: Generic type 'Array<T>' requires 1 type argument(s).
lib/stringify.ts(132,24): error TS2538: Type 'String' cannot be used as an index type.
lib/stringify.ts(133,17): error TS2365: Operator '+=' cannot be applied to types 'String' and 'String'.
lib/stringify.ts(143,30): error TS2538: Type 'String' cannot be used as an index type.
lib/stringify.ts(144,41): error TS2538: Type 'String' cannot be used as an index type.
lib/stringify.ts(154,13): error TS2365: Operator '+=' cannot be applied to types 'String' and 'String'.
lib/stringify.ts(157,15): error TS2322: Type 'String' is not assignable to type 'Number'.
lib/stringify.ts(157,71): error TS2345: Argument of type '(a: String, b: Number) => String | Number' is not assignable to parameter of type '(previousValue: string, currentValue: string, currentIndex: number, array: string[]) => string'.
  Types of parameters 'b' and 'currentValue' are incompatible.
    Type 'string' is not assignable to type 'Number'.
lib/stringify.ts(157,105): error TS2538: Type 'String' cannot be used as an index type.
lib/stringify.ts(157,117): error TS2538: Type 'Number' cannot be used as an index type.
lib/stringify.ts(159,46): error TS2769: No overload matches this call.
  Overload 1 of 3, '(pattern: string | RegExp, flags?: string | undefined): RegExp', gave the following error.
    Argument of type 'Number' is not assignable to parameter of type 'string | RegExp'.
  Overload 2 of 3, '(pattern: string, flags?: string | undefined): RegExp', gave the following error.
    Argument of type 'Number' is not assignable to parameter of type 'string'.
lib/stringify.ts(159,76): error TS2538: Type 'Number' cannot be used as an index type.
lib/stringify.ts(161,16): error TS2365: Operator '+' cannot be applied to types 'Number' and 'String'.
lib/stringify.ts(171,13): error TS2322: Type 'String' is not assignable to type 'Number'.
lib/stringify.ts(172,18): error TS2365: Operator '+' cannot be applied to types 'String' and 'String'.
lib/stringify.ts(174,19): error TS2314: Generic type 'Array<T>' requires 1 type argument(s).
lib/stringify.ts(175,22): error TS2314: Generic type 'Array<T>' requires 1 type argument(s).
lib/stringify.ts(177,19): error TS2322: Type 'String' is not assignable to type 'Number'.
lib/stringify.ts(183,17): error TS2365: Operator '+=' cannot be applied to types 'String' and 'Number'.
lib/stringify.ts(204,9): error TS2322: Type 'Number' is not assignable to type 'String'.
lib/stringify.ts(208,42): error TS2314: Generic type 'Array<T>' requires 1 type argument(s).
lib/stringify.ts(210,37): error TS2554: Expected 1 arguments, but got 2.
lib/stringify.ts(213,26): error TS2314: Generic type 'Array<T>' requires 1 type argument(s).
lib/stringify.ts(213,55): error TS2345: Argument of type 'number | undefined' is not assignable to parameter of type 'number'.
  Type 'undefined' is not assignable to type 'number'.
lib/stringify.ts(215,37): error TS2554: Expected 1 arguments, but got 2.
lib/stringify.ts(219,61): error TS2345: Argument of type 'number | undefined' is not assignable to parameter of type 'number'.
  Type 'undefined' is not assignable to type 'number'.
lib/stringify.ts(220,41): error TS2554: Expected 1 arguments, but got 2.
lib/stringify.ts(234,13): error TS2322: Type 'String' is not assignable to type 'Number'.
lib/stringify.ts(235,18): error TS2365: Operator '+' cannot be applied to types 'String' and 'String'.
lib/stringify.ts(237,22): error TS2314: Generic type 'Array<T>' requires 1 type argument(s).
lib/stringify.ts(258,9): error TS2322: Type 'Number' is not assignable to type 'String'.
lib/util.ts(1,8): error TS1192: Module '"/mnt/data/mhyee/not-type-inference/data/LambdaNet-out/top1k-typed-with-typed-deps-es6/baseline/json5/lib/unicode"' has no default export.
lib/util.ts(4,23): error TS7006: Parameter 'c' implicitly has an 'any' type.
lib/util.ts(8,20): error TS7006: Parameter 'c' implicitly has an 'any' type.
lib/util.ts(17,23): error TS7006: Parameter 'c' implicitly has an 'any' type.
lib/util.ts(28,14): error TS7006: Parameter 'c' implicitly has an 'any' type.
lib/util.ts(32,17): error TS7006: Parameter 'c' implicitly has an 'any' type.
rollup.config.ts(1,21): error TS2307: Cannot find module 'rollup-plugin-node-resolve' or its corresponding type declarations.
rollup.config.ts(2,22): error TS2307: Cannot find module 'rollup-plugin-commonjs' or its corresponding type declarations.
rollup.config.ts(3,19): error TS2307: Cannot find module 'rollup-plugin-buble' or its corresponding type declarations.
rollup.config.ts(4,24): error TS2307: Cannot find module 'rollup-plugin-terser' or its corresponding type declarations.
rollup.config.ts(5,17): error TS2732: Cannot find module './package.json'. Consider using '--resolveJsonModule' to import module with '.json' extension.

