index.ts(13,9): error TS2322: Type 'boolean' is not assignable to type 'Number'.
index.ts(13,87): error TS2345: Argument of type 'String' is not assignable to parameter of type 'string'.
  'string' is a primitive, but 'String' is a wrapper object. Prefer using 'string' when possible.
index.ts(17,10): error TS2339: Property 'code' does not exist on type 'Error'.
index.ts(39,8): error TS2339: Property 'code' does not exist on type 'Error'.
index.ts(40,8): error TS2339: Property 'errno' does not exist on type 'Error'.
index.ts(41,8): error TS2339: Property 'path' does not exist on type 'Error'.
index.ts(42,8): error TS2339: Property 'syscall' does not exist on type 'Error'.
index.ts(50,44): error TS2339: Property 'fs' does not exist on type 'Object'.
index.ts(51,8): error TS2740: Type 'Function' is missing the following properties from type 'String': charAt, charCodeAt, concat, indexOf, and 42 more.
index.ts(51,41): error TS2339: Property 'fs' does not exist on type 'Object'.
index.ts(53,42): error TS2339: Property 'fs' does not exist on type 'Object'.
index.ts(54,14): error TS2314: Generic type 'Array<T>' requires 1 type argument(s).
index.ts(54,35): error TS2345: Argument of type 'HTMLElement' is not assignable to parameter of type 'string'.
index.ts(57,18): error TS2339: Property 'mode' does not exist on type 'Object'.
index.ts(66,29): error TS2339: Property 'mode' does not exist on type 'Object'.
index.ts(70,8): error TS2571: Object is of type 'unknown'.
index.ts(74,8): error TS2571: Object is of type 'unknown'.
index.ts(75,9): error TS2367: This condition will always return 'false' since the types 'string' and 'HTMLInputElement' have no overlap.
index.ts(75,22): error TS2345: Argument of type 'HTMLInputElement' is not assignable to parameter of type 'string'.
index.ts(79,9): error TS2571: Object is of type 'unknown'.
index.ts(83,29): error TS2345: Argument of type 'HTMLInputElement' is not assignable to parameter of type 'string'.
index.ts(89,25): error TS2349: This expression is not callable.
  Type 'String' has no call signatures.
index.ts(101,27): error TS2345: Argument of type 'HTMLElement' is not assignable to parameter of type 'string'.
index.ts(110,42): error TS2339: Property 'fs' does not exist on type 'Object'.
index.ts(111,36): error TS2345: Argument of type 'String' is not assignable to parameter of type 'string'.
  'string' is a primitive, but 'String' is a wrapper object. Prefer using 'string' when possible.
index.ts(113,16): error TS2769: No overload matches this call.
  Overload 1 of 3, '(path: PathLike, options: MakeDirectoryOptions & { recursive: true; }): string | undefined', gave the following error.
    Argument of type 'String' is not assignable to parameter of type 'PathLike'.
      Type 'String' is missing the following properties from type 'Buffer': write, toJSON, equals, compare, and 90 more.
  Overload 2 of 3, '(path: PathLike, options?: Mode | (MakeDirectoryOptions & { recursive?: false | undefined; }) | null | undefined): void', gave the following error.
    Argument of type 'String' is not assignable to parameter of type 'PathLike'.
  Overload 3 of 3, '(path: PathLike, options?: MakeDirectoryOptions | Mode | null | undefined): string | undefined', gave the following error.
    Argument of type 'String' is not assignable to parameter of type 'PathLike'.
index.ts(114,18): error TS2339: Property 'mode' does not exist on type 'Object'.
index.ts(121,31): error TS2314: Generic type 'Array<T>' requires 1 type argument(s).
index.ts(123,12): error TS2339: Property 'fs' does not exist on type 'Object'.
index.ts(123,38): error TS2339: Property 'mode' does not exist on type 'Object'.
index.ts(125,8): error TS2571: Object is of type 'unknown'.
index.ts(129,8): error TS2571: Object is of type 'unknown'.
index.ts(134,9): error TS2571: Object is of type 'unknown'.
index.ts(143,18): error TS2339: Property 'fs' does not exist on type 'Object'.
index.ts(154,27): error TS2345: Argument of type 'String' is not assignable to parameter of type 'string'.
  'string' is a primitive, but 'String' is a wrapper object. Prefer using 'string' when possible.
../../../../node_modules/@types/get-intrinsic/internal/intrinsics.d.ts(11,25): error TS2304: Cannot find name 'AggregateErrorConstructor'.
../../../../node_modules/@types/get-intrinsic/internal/intrinsics.d.ts(126,42): error TS2304: Cannot find name 'AggregateError'.
../../../../node_modules/@types/get-intrinsic/internal/intrinsics.d.ts(127,47): error TS2304: Cannot find name 'AggregateError'.
../../../../node_modules/@types/get-intrinsic/internal/intrinsics.d.ts(128,50): error TS2304: Cannot find name 'AggregateError'.
../../../../node_modules/@types/get-intrinsic/internal/intrinsics.d.ts(418,37): error TS2550: Property 'any' does not exist on type 'PromiseConstructor'. Do you need to change your target library? Try changing the 'lib' compiler option to 'es2021' or later.
../../../../node_modules/@types/get-intrinsic/internal/intrinsics.d.ts(514,62): error TS2550: Property 'replaceAll' does not exist on type 'String'. Do you need to change your target library? Try changing the 'lib' compiler option to 'es2021' or later.

