.github/workflows/package-json-repo.ts(4,11): error TS2314: Generic type 'Array<T>' requires 1 type argument(s).
.github/workflows/package-json-repo.ts(4,27): error TS2345: Argument of type 'String' is not assignable to parameter of type 'string'.
  'string' is a primitive, but 'String' is a wrapper object. Prefer using 'string' when possible.
.github/workflows/package-json-repo.ts(11,27): error TS2339: Property 'readFileSync' does not exist on type 'String'.
.github/workflows/package-json-repo.ts(12,9): error TS2322: Type 'RegExpMatchArray | null' is not assignable to type 'Object'.
  Type 'null' is not assignable to type 'Object'.
.github/workflows/package-json-repo.ts(13,17): error TS2304: Cannot find name 'Pipe'.
.github/workflows/package-json-repo.ts(13,24): error TS7053: Element implicitly has an 'any' type because expression of type '1' can't be used to index type 'Object'.
  Property '1' does not exist on type 'Object'.
.github/workflows/package-json-repo.ts(15,6): error TS2339: Property 'writeFileSync' does not exist on type 'String'.
bench/impls/baseline.ts(4,10): error TS2339: Property 'pipeDests' does not exist on type 'BaselineNoOpStream'.
bench/impls/baseline.ts(8,10): error TS2339: Property 'pipeDests' does not exist on type 'BaselineNoOpStream'.
bench/impls/baseline.ts(8,32): error TS2304: Cannot find name 'Pipe'.
bench/impls/baseline.ts(11,9): error TS7006: Parameter 'd' implicitly has an 'any' type.
bench/impls/baseline.ts(12,10): error TS2339: Property 'pipeDests' does not exist on type 'BaselineNoOpStream'.
bench/impls/core-extend-transform.ts(4,16): error TS7006: Parameter 'opts' implicitly has an 'any' type.
bench/impls/core-extend-transform.ts(7,15): error TS7006: Parameter 'data' implicitly has an 'any' type.
bench/impls/core-extend-transform.ts(7,21): error TS7006: Parameter 'enc' implicitly has an 'any' type.
bench/impls/core-extend-transform.ts(7,26): error TS7006: Parameter 'done' implicitly has an 'any' type.
bench/impls/extend-minipass-current.ts(4,16): error TS7006: Parameter 'opts' implicitly has an 'any' type.
bench/impls/extend-minipass-current.ts(7,10): error TS7006: Parameter 'data' implicitly has an 'any' type.
bench/impls/extend-minipass-current.ts(7,16): error TS7006: Parameter 'encoding' implicitly has an 'any' type.
bench/impls/extend-minipass-current.ts(8,18): error TS2554: Expected 3 arguments, but got 2.
bench/impls/extend-minipass.ts(1,22): error TS2307: Cannot find module 'minipass' or its corresponding type declarations.
bench/impls/extend-minipass.ts(4,16): error TS7006: Parameter 'opts' implicitly has an 'any' type.
bench/impls/extend-minipass.ts(7,10): error TS7006: Parameter 'data' implicitly has an 'any' type.
bench/impls/extend-minipass.ts(7,16): error TS7006: Parameter 'encoding' implicitly has an 'any' type.
bench/impls/extend-through2.ts(3,32): error TS2304: Cannot find name 'PushThrough'.
bench/impls/extend-through2.ts(6,3): error TS2304: Cannot find name 's'.
bench/impls/extend-through2.ts(8,5): error TS2304: Cannot find name 's'.
bench/impls/extend-through2.ts(10,10): error TS2304: Cannot find name 's'.
bench/impls/extend-through2.ts(12,62): error TS2304: Cannot find name 'Void'.
bench/impls/extend-through2.ts(13,5): error TS2683: 'this' implicitly has type 'any' because it does not have a type annotation.
bench/impls/minipass-current-async.ts(5,13): error TS2339: Property 'async' does not exist on type '{}'.
bench/impls/push-through.ts(4,16): error TS7006: Parameter 'opt' implicitly has an 'any' type.
bench/impls/push-through.ts(5,10): error TS2339: Property 'dests' does not exist on type 'PushThrough'.
bench/impls/push-through.ts(6,10): error TS2551: Property 'paused' does not exist on type 'PushThrough'. Did you mean 'pause'?
bench/impls/push-through.ts(7,10): error TS2339: Property 'buffer' does not exist on type 'PushThrough'.
bench/impls/push-through.ts(8,10): error TS2339: Property 'ended' does not exist on type 'PushThrough'.
bench/impls/push-through.ts(9,10): error TS2339: Property 'ondrain' does not exist on type 'PushThrough'.
bench/impls/push-through.ts(10,10): error TS2339: Property 'onfinish' does not exist on type 'PushThrough'.
bench/impls/push-through.ts(13,7): error TS7006: Parameter 'ev' implicitly has an 'any' type.
bench/impls/push-through.ts(13,11): error TS7006: Parameter 'fn' implicitly has an 'any' type.
bench/impls/push-through.ts(17,14): error TS2339: Property 'onfinish' does not exist on type 'PushThrough'.
bench/impls/push-through.ts(20,14): error TS2339: Property 'ondrain' does not exist on type 'PushThrough'.
bench/impls/push-through.ts(27,9): error TS7006: Parameter 'ev' implicitly has an 'any' type.
bench/impls/push-through.ts(27,13): error TS7006: Parameter 'fn' implicitly has an 'any' type.
bench/impls/push-through.ts(30,7): error TS7053: Element implicitly has an 'any' type because expression of type '`on${any}`' can't be used to index type 'PushThrough'.
bench/impls/push-through.ts(30,25): error TS7053: Element implicitly has an 'any' type because expression of type '`on${any}`' can't be used to index type 'PushThrough'.
bench/impls/push-through.ts(30,64): error TS2367: This condition will always return 'true' since the types 'Number' and 'Function' have no overlap.
bench/impls/push-through.ts(35,9): error TS7006: Parameter 'ev' implicitly has an 'any' type.
bench/impls/push-through.ts(38,14): error TS2339: Property 'onfinish' does not exist on type 'PushThrough'.
bench/impls/push-through.ts(41,14): error TS2339: Property 'ondrain' does not exist on type 'PushThrough'.
bench/impls/push-through.ts(48,9): error TS7006: Parameter 'dest' implicitly has an 'any' type.
bench/impls/push-through.ts(49,10): error TS2339: Property 'dests' does not exist on type 'PushThrough'.
bench/impls/push-through.ts(55,10): error TS2551: Property 'paused' does not exist on type 'PushThrough'. Did you mean 'pause'?
bench/impls/push-through.ts(56,14): error TS2339: Property 'buffer' does not exist on type 'PushThrough'.
bench/impls/push-through.ts(57,16): error TS2314: Generic type 'Array<T>' requires 1 type argument(s).
bench/impls/push-through.ts(57,29): error TS2339: Property 'buffer' does not exist on type 'PushThrough'.
bench/impls/push-through.ts(58,12): error TS2339: Property 'buffer' does not exist on type 'PushThrough'.
bench/impls/push-through.ts(60,33): error TS2339: Property 'dests' does not exist on type 'PushThrough'.
bench/impls/push-through.ts(62,16): error TS2551: Property 'paused' does not exist on type 'PushThrough'. Did you mean 'pause'?
bench/impls/push-through.ts(62,30): error TS2551: Property 'paused' does not exist on type 'PushThrough'. Did you mean 'pause'?
bench/impls/push-through.ts(62,40): error TS2367: This condition will always return 'false' since the types 'Number' and 'boolean' have no overlap.
bench/impls/push-through.ts(66,14): error TS2339: Property 'buffer' does not exist on type 'PushThrough'.
bench/impls/push-through.ts(67,14): error TS2339: Property 'ended' does not exist on type 'PushThrough'.
bench/impls/push-through.ts(67,28): error TS2339: Property 'buffer' does not exist on type 'PushThrough'.
bench/impls/push-through.ts(68,28): error TS2339: Property 'dests' does not exist on type 'PushThrough'.
bench/impls/push-through.ts(76,10): error TS2551: Property 'paused' does not exist on type 'PushThrough'. Did you mean 'pause'?
bench/impls/push-through.ts(79,10): error TS7006: Parameter 'chunk' implicitly has an 'any' type.
bench/impls/push-through.ts(80,14): error TS2339: Property 'ended' does not exist on type 'PushThrough'.
bench/impls/push-through.ts(83,15): error TS2339: Property 'dests' does not exist on type 'PushThrough'.
bench/impls/push-through.ts(83,36): error TS2551: Property 'paused' does not exist on type 'PushThrough'. Did you mean 'pause'?
bench/impls/push-through.ts(84,12): error TS2339: Property 'buffer' does not exist on type 'PushThrough'.
bench/impls/push-through.ts(87,29): error TS2339: Property 'dests' does not exist on type 'PushThrough'.
bench/impls/push-through.ts(89,12): error TS2551: Property 'paused' does not exist on type 'PushThrough'. Did you mean 'pause'?
bench/impls/push-through.ts(89,26): error TS2551: Property 'paused' does not exist on type 'PushThrough'. Did you mean 'pause'?
bench/impls/push-through.ts(89,36): error TS2367: This condition will always return 'false' since the types 'Number' and 'boolean' have no overlap.
bench/impls/push-through.ts(91,18): error TS2551: Property 'paused' does not exist on type 'PushThrough'. Did you mean 'pause'?
bench/impls/push-through.ts(95,10): error TS2339: Property 'ended' does not exist on type 'PushThrough'.
bench/impls/through2.ts(3,32): error TS2304: Cannot find name 'PushThrough'.
bench/impls/through2.ts(6,3): error TS2304: Cannot find name 's'.
bench/impls/through2.ts(8,5): error TS2304: Cannot find name 's'.
bench/impls/through2.ts(10,10): error TS2304: Cannot find name 's'.
bench/index.ts(7,14): error TS2314: Generic type 'Array<T>' requires 1 type argument(s).
bench/index.ts(17,26): error TS2307: Cannot find module '@npmcli/promise-spawn' or its corresponding type declarations.
bench/index.ts(25,14): error TS2314: Generic type 'Array<T>' requires 1 type argument(s).
bench/index.ts(27,18): error TS2304: Cannot find name 'Minipass'.
bench/index.ts(28,20): error TS2304: Cannot find name 'Pipe'.
bench/index.ts(30,9): error TS7053: Element implicitly has an 'any' type because expression of type 'any' can't be used to index type 'Object'.
bench/index.ts(32,9): error TS7053: Element implicitly has an 'any' type because expression of type 'any' can't be used to index type 'Object'.
bench/index.ts(36,14): error TS2314: Generic type 'Array<T>' requires 1 type argument(s).
bench/index.ts(38,18): error TS2304: Cannot find name 'Minipass'.
bench/index.ts(39,20): error TS2304: Cannot find name 'Pipe'.
bench/index.ts(41,9): error TS7053: Element implicitly has an 'any' type because expression of type 'any' can't be used to index type 'Object'.
bench/index.ts(43,9): error TS7053: Element implicitly has an 'any' type because expression of type 'any' can't be used to index type 'Object'.
bench/index.ts(47,14): error TS2314: Generic type 'Array<T>' requires 1 type argument(s).
bench/index.ts(49,18): error TS2304: Cannot find name 'Minipass'.
bench/index.ts(50,20): error TS2304: Cannot find name 'Pipe'.
bench/index.ts(52,9): error TS7053: Element implicitly has an 'any' type because expression of type 'any' can't be used to index type 'Object'.
bench/index.ts(54,9): error TS7053: Element implicitly has an 'any' type because expression of type 'any' can't be used to index type 'Object'.
bench/index.ts(60,8): error TS2339: Property 'mkdirSync' does not exist on type 'String'.
bench/index.ts(68,21): error TS2314: Generic type 'Array<T>' requires 1 type argument(s).
bench/index.ts(68,44): error TS7053: Element implicitly has an 'any' type because expression of type 'string' can't be used to index type 'Object'.
  No index signature with a parameter of type 'string' was found on type 'Object'.
bench/index.ts(74,54): error TS2363: The right-hand side of an arithmetic operation must be of type 'any', 'number', 'bigint' or an enum type.
bench/index.ts(75,11): error TS7053: Element implicitly has an 'any' type because expression of type 'any' can't be used to index type 'Object'.
bench/index.ts(100,33): error TS7053: Element implicitly has an 'any' type because expression of type 'any' can't be used to index type 'Object'.
bench/index.ts(102,8): error TS2339: Property 'writeFileSync' does not exist on type 'String'.
bench/index.ts(103,31): error TS2769: No overload matches this call.
  Overload 1 of 2, '(value: any, replacer?: ((this: any, key: string, value: any) => any) | undefined, space?: string | number | undefined): string', gave the following error.
    Argument of type 'number' is not assignable to parameter of type '(this: any, key: string, value: any) => any'.
  Overload 2 of 2, '(value: any, replacer?: (string | number)[] | null | undefined, space?: string | number | undefined): string', gave the following error.
    Argument of type 'number' is not assignable to parameter of type '(string | number)[]'.
bench/index.ts(106,39): error TS2769: No overload matches this call.
  Overload 1 of 2, '(value: any, replacer?: ((this: any, key: string, value: any) => any) | undefined, space?: string | number | undefined): string', gave the following error.
    Argument of type 'number' is not assignable to parameter of type '(this: any, key: string, value: any) => any'.
  Overload 2 of 2, '(value: any, replacer?: (string | number)[] | null | undefined, space?: string | number | undefined): string', gave the following error.
    Argument of type 'number' is not assignable to parameter of type '(string | number)[]'.
bench/index.ts(107,60): error TS2769: No overload matches this call.
  Overload 1 of 2, '(value: any, replacer?: ((this: any, key: string, value: any) => any) | undefined, space?: string | number | undefined): string', gave the following error.
    Argument of type 'number' is not assignable to parameter of type '(this: any, key: string, value: any) => any'.
  Overload 2 of 2, '(value: any, replacer?: (string | number)[] | null | undefined, space?: string | number | undefined): string', gave the following error.
    Argument of type 'number' is not assignable to parameter of type '(string | number)[]'.
bench/index.ts(111,19): error TS2314: Generic type 'Array<T>' requires 1 type argument(s).
bench/index.ts(112,17): error TS2314: Generic type 'Array<T>' requires 1 type argument(s).
bench/index.ts(116,50): error TS2769: No overload matches this call.
  Overload 1 of 2, '(o: { [s: string]: unknown; } | ArrayLike<unknown>): [string, unknown][]', gave the following error.
    Argument of type 'unknown' is not assignable to parameter of type '{ [s: string]: unknown; } | ArrayLike<unknown>'.
  Overload 2 of 2, '(o: {}): [string, any][]', gave the following error.
    Argument of type 'unknown' is not assignable to parameter of type '{}'.
bench/index.ts(117,53): error TS2769: No overload matches this call.
  Overload 1 of 2, '(o: { [s: string]: unknown; } | ArrayLike<unknown>): [string, unknown][]', gave the following error.
    Argument of type 'unknown' is not assignable to parameter of type '{ [s: string]: unknown; } | ArrayLike<unknown>'.
  Overload 2 of 2, '(o: {}): [string, any][]', gave the following error.
    Argument of type 'unknown' is not assignable to parameter of type '{}'.
bench/index.ts(118,28): error TS2345: Argument of type 'Number' is not assignable to parameter of type 'number'.
  'number' is a primitive, but 'Number' is a wrapper object. Prefer using 'number' when possible.
bench/index.ts(125,16): error TS2362: The left-hand side of an arithmetic operation must be of type 'any', 'number', 'bigint' or an enum type.
bench/index.ts(127,58): error TS2314: Generic type 'Array<T>' requires 1 type argument(s).
bench/index.ts(127,68): error TS2314: Generic type 'Array<T>' requires 1 type argument(s).
bench/index.ts(128,18): error TS2314: Generic type 'Array<T>' requires 1 type argument(s).
bench/index.ts(130,50): error TS2345: Argument of type 'String' is not assignable to parameter of type 'string | ArrayBufferView'.
  Type 'String' is missing the following properties from type 'BigUint64Array': BYTES_PER_ELEMENT, buffer, byteLength, byteOffset, and 20 more.
bench/index.ts(135,14): error TS2314: Generic type 'Array<T>' requires 1 type argument(s).
bench/index.ts(144,16): error TS2314: Generic type 'Array<T>' requires 1 type argument(s).
bench/index.ts(149,14): error TS2314: Generic type 'Array<T>' requires 1 type argument(s).
bench/index.ts(150,10): error TS2304: Cannot find name 'Minipass'.
bench/index.ts(154,5): error TS2356: An arithmetic operand must be of type 'any', 'number', 'bigint' or an enum type.
bench/index.ts(157,12): error TS2304: Cannot find name 'PushThrough'.
bench/index.ts(158,13): error TS2304: Cannot find name 'PushThrough'.
bench/index.ts(159,14): error TS2304: Cannot find name 'PushThrough'.
bench/index.ts(163,27): error TS2554: Expected 0 arguments, but got 1.
bench/index.ts(167,27): error TS2554: Expected 0 arguments, but got 1.
bench/index.ts(171,27): error TS2554: Expected 0 arguments, but got 1.
bench/index.ts(175,27): error TS2554: Expected 0 arguments, but got 1.
bench/index.ts(179,27): error TS2554: Expected 0 arguments, but got 1.
bench/index.ts(180,28): error TS2554: Expected 0 arguments, but got 1.
bench/index.ts(193,16): error TS7006: Parameter 'options' implicitly has an 'any' type.
bench/index.ts(195,10): error TS2339: Property 'chunk' does not exist on type 'Src'.
bench/index.ts(196,39): error TS2345: Argument of type 'Number' is not assignable to parameter of type 'number'.
  'number' is a primitive, but 'Number' is a wrapper object. Prefer using 'number' when possible.
bench/index.ts(197,32): error TS2345: Argument of type 'Number' is not assignable to parameter of type 'number'.
  'number' is a primitive, but 'Number' is a wrapper object. Prefer using 'number' when possible.
bench/index.ts(198,10): error TS2339: Property 'n' does not exist on type 'Src'.
bench/index.ts(199,10): error TS2339: Property 'flowing' does not exist on type 'Src'.
bench/index.ts(200,10): error TS2339: Property 'readable' does not exist on type 'Src'.
bench/index.ts(201,10): error TS2339: Property 'writable' does not exist on type 'Src'.
bench/index.ts(203,9): error TS7006: Parameter 'dest' implicitly has an 'any' type.
bench/index.ts(204,33): error TS2339: Property 'resume' does not exist on type 'Src'.
bench/index.ts(207,10): error TS2339: Property 'resume' does not exist on type 'Src'.
bench/index.ts(211,10): error TS2339: Property 'flowing' does not exist on type 'Src'.
bench/index.ts(216,14): error TS2339: Property 'flowing' does not exist on type 'FastSrc'.
bench/index.ts(219,10): error TS2339: Property 'flowing' does not exist on type 'FastSrc'.
bench/index.ts(220,17): error TS2339: Property 'n' does not exist on type 'FastSrc'.
bench/index.ts(220,31): error TS2339: Property 'flowing' does not exist on type 'FastSrc'.
bench/index.ts(221,30): error TS2339: Property 'chunk' does not exist on type 'FastSrc'.
bench/index.ts(222,12): error TS2339: Property 'n' does not exist on type 'FastSrc'.
bench/index.ts(224,14): error TS2339: Property 'flowing' does not exist on type 'FastSrc'.
bench/index.ts(224,30): error TS2339: Property 'n' does not exist on type 'FastSrc'.
bench/index.ts(231,14): error TS2339: Property 'flowing' does not exist on type 'SlowSrc'.
bench/index.ts(234,10): error TS2339: Property 'flowing' does not exist on type 'SlowSrc'.
bench/index.ts(236,17): error TS2339: Property 'flowing' does not exist on type 'SlowSrc'.
bench/index.ts(239,16): error TS2339: Property 'flowing' does not exist on type 'SlowSrc'.
bench/index.ts(239,32): error TS2339: Property 'n' does not exist on type 'SlowSrc'.
bench/index.ts(240,32): error TS2339: Property 'chunk' does not exist on type 'SlowSrc'.
bench/index.ts(241,14): error TS2339: Property 'n' does not exist on type 'SlowSrc'.
bench/index.ts(242,39): error TS2345: Argument of type 'Function' is not assignable to parameter of type '(value: void) => void | PromiseLike<void>'.
bench/index.ts(244,16): error TS2339: Property 'flowing' does not exist on type 'SlowSrc'.
bench/index.ts(244,32): error TS2339: Property 'n' does not exist on type 'SlowSrc'.
bench/index.ts(249,28): error TS2345: Argument of type 'Function' is not assignable to parameter of type '(value: void) => void | PromiseLike<void>'.
  Type 'Function' provides no match for the signature '(value: void): void | PromiseLike<void>'.
bench/index.ts(256,10): error TS2339: Property 'writable' does not exist on type 'Dest'.
bench/index.ts(257,10): error TS2339: Property 'readable' does not exist on type 'Dest'.
bench/index.ts(258,10): error TS2339: Property 'ended' does not exist on type 'Dest'.
bench/index.ts(259,10): error TS2339: Property 'buffering' does not exist on type 'Dest'.
bench/index.ts(263,10): error TS7006: Parameter 'c' implicitly has an 'any' type.
bench/index.ts(264,14): error TS2339: Property 'ended' does not exist on type 'FastDest'.
bench/index.ts(270,10): error TS2339: Property 'ended' does not exist on type 'FastDest'.
bench/index.ts(275,10): error TS7006: Parameter 'c' implicitly has an 'any' type.
bench/index.ts(276,14): error TS2339: Property 'ended' does not exist on type 'SlowDest'.
bench/index.ts(279,10): error TS2339: Property 'buffering' does not exist on type 'SlowDest'.
bench/index.ts(281,12): error TS2339: Property 'buffering' does not exist on type 'SlowDest'.
bench/index.ts(287,10): error TS2339: Property 'ended' does not exist on type 'SlowDest'.
bench/index.ts(288,14): error TS2339: Property 'buffering' does not exist on type 'SlowDest'.
index.ts(10,7): error TS2322: Type 'typeof EOF' is not assignable to type 'String'.
index.ts(11,7): error TS2322: Type 'typeof MAYBE_EMIT_END' is not assignable to type 'String'.
index.ts(12,7): error TS2322: Type 'typeof EMITTED_END' is not assignable to type 'String'.
index.ts(13,7): error TS2322: Type 'typeof EMITTING_END' is not assignable to type 'Number'.
index.ts(14,7): error TS2322: Type 'typeof EMITTED_ERROR' is not assignable to type 'String'.
index.ts(15,7): error TS2322: Type 'typeof CLOSED' is not assignable to type 'String'.
index.ts(16,7): error TS2322: Type 'typeof READ' is not assignable to type 'String'.
index.ts(17,7): error TS2322: Type 'typeof FLUSH' is not assignable to type 'String'.
index.ts(18,7): error TS2322: Type 'typeof FLUSHCHUNK' is not assignable to type 'Number'.
index.ts(19,7): error TS2322: Type 'typeof ENCODING' is not assignable to type 'String'.
index.ts(20,7): error TS2322: Type 'typeof DECODER' is not assignable to type 'String'.
index.ts(21,7): error TS2322: Type 'typeof FLOWING' is not assignable to type 'String'.
index.ts(22,7): error TS2322: Type 'typeof PAUSED' is not assignable to type 'String'.
index.ts(23,7): error TS2322: Type 'typeof RESUME' is not assignable to type 'String'.
index.ts(24,7): error TS2322: Type 'typeof BUFFERLENGTH' is not assignable to type 'String'.
index.ts(25,7): error TS2322: Type 'typeof BUFFERPUSH' is not assignable to type 'String'.
index.ts(26,7): error TS2322: Type 'typeof BUFFERSHIFT' is not assignable to type 'Number'.
index.ts(27,7): error TS2322: Type 'typeof OBJECTMODE' is not assignable to type 'String'.
index.ts(28,7): error TS2322: Type 'typeof DESTROYED' is not assignable to type 'String'.
index.ts(29,7): error TS2322: Type 'typeof EMITDATA' is not assignable to type 'String'.
index.ts(30,7): error TS2322: Type 'typeof EMITEND' is not assignable to type 'Number'.
index.ts(31,7): error TS2322: Type 'typeof EMITEND2' is not assignable to type 'Number'.
index.ts(32,7): error TS2322: Type 'typeof ASYNC' is not assignable to type 'String'.
index.ts(34,64): error TS2345: Argument of type 'String' is not assignable to parameter of type '(value: void) => void | PromiseLike<void>'.
  Type 'String' provides no match for the signature '(value: void): void | PromiseLike<void>'.
index.ts(37,32): error TS7017: Element implicitly has an 'any' type because type 'typeof globalThis' has no index signature.
index.ts(38,7): error TS2322: Type 'typeof Symbol.asyncIterator' is not assignable to type 'Boolean'.
index.ts(40,7): error TS2322: Type 'typeof Symbol.iterator' is not assignable to type 'Boolean'.
index.ts(47,3): error TS2367: This condition will always return 'false' since the types 'Number' and 'string' have no overlap.
index.ts(48,3): error TS2367: This condition will always return 'false' since the types 'Number' and 'string' have no overlap.
index.ts(49,3): error TS2367: This condition will always return 'false' since the types 'Number' and 'string' have no overlap.
index.ts(55,5): error TS2339: Property 'byteLength' does not exist on type 'Object'.
index.ts(57,41): error TS2314: Generic type 'Array<T>' requires 1 type argument(s).
index.ts(60,16): error TS7006: Parameter 'src' implicitly has an 'any' type.
index.ts(60,21): error TS7006: Parameter 'dest' implicitly has an 'any' type.
index.ts(60,27): error TS7006: Parameter 'opts' implicitly has an 'any' type.
index.ts(61,10): error TS2339: Property 'src' does not exist on type 'Pipe'.
index.ts(62,10): error TS2339: Property 'dest' does not exist on type 'Pipe'.
index.ts(63,10): error TS2339: Property 'opts' does not exist on type 'Pipe'.
index.ts(64,10): error TS2339: Property 'ondrain' does not exist on type 'Pipe'.
index.ts(64,30): error TS2538: Type 'String' cannot be used as an index type.
index.ts(65,27): error TS2339: Property 'ondrain' does not exist on type 'Pipe'.
index.ts(68,10): error TS2339: Property 'dest' does not exist on type 'Pipe'.
index.ts(68,44): error TS2339: Property 'ondrain' does not exist on type 'Pipe'.
index.ts(74,14): error TS2339: Property 'opts' does not exist on type 'Pipe'.
index.ts(75,12): error TS2339: Property 'dest' does not exist on type 'Pipe'.
index.ts(81,10): error TS2339: Property 'src' does not exist on type 'PipeProxyErrors'.
index.ts(84,16): error TS7006: Parameter 'src' implicitly has an 'any' type.
index.ts(84,21): error TS7006: Parameter 'dest' implicitly has an 'any' type.
index.ts(84,27): error TS7006: Parameter 'opts' implicitly has an 'any' type.
index.ts(86,5): error TS2322: Type '(er: String) => any' is not assignable to type '() => void'.
index.ts(92,16): error TS7006: Parameter 'options' implicitly has an 'any' type.
index.ts(94,10): error TS2538: Type 'String' cannot be used as an index type.
index.ts(96,10): error TS2538: Type 'String' cannot be used as an index type.
index.ts(97,10): error TS2551: Property 'pipes' does not exist on type 'Minipass'. Did you mean 'pipe'?
index.ts(98,10): error TS2339: Property 'buffer' does not exist on type 'Minipass'.
index.ts(99,10): error TS2538: Type 'String' cannot be used as an index type.
index.ts(100,14): error TS2538: Type 'String' cannot be used as an index type.
index.ts(101,12): error TS2538: Type 'String' cannot be used as an index type.
index.ts(103,12): error TS2538: Type 'String' cannot be used as an index type.
index.ts(104,14): error TS2538: Type 'String' cannot be used as an index type.
index.ts(105,12): error TS2538: Type 'String' cannot be used as an index type.
index.ts(106,10): error TS2538: Type 'String' cannot be used as an index type.
index.ts(107,10): error TS2538: Type 'String' cannot be used as an index type.
index.ts(107,26): error TS2538: Type 'String' cannot be used as an index type.
index.ts(107,50): error TS2538: Type 'String' cannot be used as an index type.
index.ts(108,10): error TS2538: Type 'String' cannot be used as an index type.
index.ts(109,10): error TS2538: Type 'String' cannot be used as an index type.
index.ts(110,10): error TS2538: Type 'Number' cannot be used as an index type.
index.ts(111,10): error TS2538: Type 'String' cannot be used as an index type.
index.ts(112,10): error TS2538: Type 'String' cannot be used as an index type.
index.ts(113,10): error TS2339: Property 'writable' does not exist on type 'Minipass'.
index.ts(114,10): error TS2339: Property 'readable' does not exist on type 'Minipass'.
index.ts(115,10): error TS2538: Type 'String' cannot be used as an index type.
index.ts(116,10): error TS2538: Type 'String' cannot be used as an index type.
index.ts(119,7): error TS1056: Accessors are only available when targeting ECMAScript 5 and higher.
index.ts(119,37): error TS2538: Type 'String' cannot be used as an index type.
index.ts(121,7): error TS1056: Accessors are only available when targeting ECMAScript 5 and higher.
index.ts(121,33): error TS2538: Type 'String' cannot be used as an index type.
index.ts(122,7): error TS1056: Accessors are only available when targeting ECMAScript 5 and higher.
index.ts(123,14): error TS2538: Type 'String' cannot be used as an index type.
index.ts(126,14): error TS2538: Type 'String' cannot be used as an index type.
index.ts(126,40): error TS2538: Type 'String' cannot be used as an index type.
index.ts(127,15): error TS2538: Type 'String' cannot be used as an index type.
index.ts(127,32): error TS2538: Type 'String' cannot be used as an index type.
index.ts(127,58): error TS2538: Type 'String' cannot be used as an index type.
index.ts(130,14): error TS2538: Type 'String' cannot be used as an index type.
index.ts(131,12): error TS2538: Type 'String' cannot be used as an index type.
index.ts(132,16): error TS2339: Property 'buffer' does not exist on type 'Minipass'.
index.ts(133,14): error TS2339: Property 'buffer' does not exist on type 'Minipass'.
index.ts(133,28): error TS2339: Property 'buffer' does not exist on type 'Minipass'.
index.ts(133,63): error TS2538: Type 'String' cannot be used as an index type.
index.ts(136,10): error TS2538: Type 'String' cannot be used as an index type.
index.ts(139,16): error TS7006: Parameter 'enc' implicitly has an 'any' type.
index.ts(143,7): error TS1056: Accessors are only available when targeting ECMAScript 5 and higher.
index.ts(143,35): error TS2538: Type 'String' cannot be used as an index type.
index.ts(144,7): error TS1056: Accessors are only available when targeting ECMAScript 5 and higher.
index.ts(144,30): error TS2538: Type 'String' cannot be used as an index type.
index.ts(144,49): error TS2538: Type 'String' cannot be used as an index type.
index.ts(146,7): error TS1056: Accessors are only available when targeting ECMAScript 5 and higher.
index.ts(146,34): error TS2538: Type 'String' cannot be used as an index type.
index.ts(147,7): error TS1056: Accessors are only available when targeting ECMAScript 5 and higher.
index.ts(147,28): error TS2538: Type 'String' cannot be used as an index type.
index.ts(147,42): error TS2538: Type 'String' cannot be used as an index type.
index.ts(149,10): error TS7006: Parameter 'chunk' implicitly has an 'any' type.
index.ts(149,17): error TS7006: Parameter 'encoding' implicitly has an 'any' type.
index.ts(149,27): error TS7006: Parameter 'cb' implicitly has an 'any' type.
index.ts(150,14): error TS2538: Type 'String' cannot be used as an index type.
index.ts(153,14): error TS2538: Type 'String' cannot be used as an index type.
index.ts(167,31): error TS2538: Type 'String' cannot be used as an index type.
index.ts(173,15): error TS2538: Type 'String' cannot be used as an index type.
index.ts(185,14): error TS2538: Type 'String' cannot be used as an index type.
index.ts(187,32): error TS2538: Type 'String' cannot be used as an index type.
index.ts(188,14): error TS2538: Type 'String' cannot be used as an index type.
index.ts(193,14): error TS2538: Type 'String' cannot be used as an index type.
index.ts(195,16): error TS2538: Type 'String' cannot be used as an index type.
index.ts(196,14): error TS2555: Expected at least 2 arguments, but got 1.
index.ts(207,16): error TS2538: Type 'String' cannot be used as an index type.
index.ts(208,14): error TS2555: Expected at least 2 arguments, but got 1.
index.ts(218,29): error TS2538: Type 'String' cannot be used as an index type.
index.ts(218,48): error TS2538: Type 'String' cannot be used as an index type.
index.ts(222,40): error TS2538: Type 'String' cannot be used as an index type.
index.ts(223,20): error TS2538: Type 'String' cannot be used as an index type.
index.ts(226,30): error TS2538: Type 'String' cannot be used as an index type.
index.ts(227,12): error TS2538: Type 'String' cannot be used as an index type.
index.ts(232,12): error TS2538: Type 'String' cannot be used as an index type.
index.ts(234,14): error TS2538: Type 'String' cannot be used as an index type.
index.ts(235,12): error TS2555: Expected at least 2 arguments, but got 1.
index.ts(243,9): error TS7006: Parameter 'n' implicitly has an 'any' type.
index.ts(244,14): error TS2538: Type 'String' cannot be used as an index type.
index.ts(247,14): error TS2538: Type 'String' cannot be used as an index type.
index.ts(247,57): error TS2538: Type 'String' cannot be used as an index type.
index.ts(248,12): error TS2538: Type 'String' cannot be used as an index type.
index.ts(252,14): error TS2538: Type 'String' cannot be used as an index type.
index.ts(255,14): error TS2339: Property 'buffer' does not exist on type 'Minipass'.
index.ts(255,41): error TS2538: Type 'String' cannot be used as an index type.
index.ts(257,14): error TS2339: Property 'buffer' does not exist on type 'Minipass'.
index.ts(257,29): error TS2339: Property 'buffer' does not exist on type 'Minipass'.
index.ts(259,14): error TS2339: Property 'buffer' does not exist on type 'Minipass'.
index.ts(259,43): error TS2339: Property 'buffer' does not exist on type 'Minipass'.
index.ts(259,56): error TS2538: Type 'String' cannot be used as an index type.
index.ts(262,32): error TS2538: Type 'String' cannot be used as an index type.
index.ts(262,54): error TS2339: Property 'buffer' does not exist on type 'Minipass'.
index.ts(263,10): error TS2538: Type 'String' cannot be used as an index type.
index.ts(267,3): error TS2464: A computed property name must be of type 'string', 'number', 'symbol', or 'any'.
index.ts(267,11): error TS7006: Parameter 'n' implicitly has an 'any' type.
index.ts(267,14): error TS7006: Parameter 'chunk' implicitly has an 'any' type.
index.ts(269,12): error TS2538: Type 'Number' cannot be used as an index type.
index.ts(271,12): error TS2339: Property 'buffer' does not exist on type 'Minipass'.
index.ts(273,12): error TS2538: Type 'String' cannot be used as an index type.
index.ts(278,15): error TS2339: Property 'buffer' does not exist on type 'Minipass'.
index.ts(278,38): error TS2538: Type 'String' cannot be used as an index type.
index.ts(279,12): error TS2555: Expected at least 2 arguments, but got 1.
index.ts(284,8): error TS7006: Parameter 'chunk' implicitly has an 'any' type.
index.ts(284,15): error TS7006: Parameter 'encoding' implicitly has an 'any' type.
index.ts(284,25): error TS7006: Parameter 'cb' implicitly has an 'any' type.
index.ts(290,12): error TS2554: Expected 3 arguments, but got 2.
index.ts(293,10): error TS2538: Type 'String' cannot be used as an index type.
index.ts(294,10): error TS2339: Property 'writable' does not exist on type 'Minipass'.
index.ts(300,31): error TS2538: Type 'String' cannot be used as an index type.
index.ts(301,12): error TS2538: Type 'String' cannot be used as an index type.
index.ts(306,3): error TS2464: A computed property name must be of type 'string', 'number', 'symbol', or 'any'.
index.ts(307,14): error TS2538: Type 'String' cannot be used as an index type.
index.ts(310,10): error TS2538: Type 'String' cannot be used as an index type.
index.ts(311,10): error TS2538: Type 'String' cannot be used as an index type.
index.ts(312,10): error TS2555: Expected at least 2 arguments, but got 1.
index.ts(313,14): error TS2339: Property 'buffer' does not exist on type 'Minipass'.
index.ts(314,12): error TS2538: Type 'String' cannot be used as an index type.
index.ts(315,19): error TS2538: Type 'String' cannot be used as an index type.
index.ts(316,12): error TS2538: Type 'String' cannot be used as an index type.
index.ts(318,12): error TS2555: Expected at least 2 arguments, but got 1.
index.ts(322,17): error TS2538: Type 'String' cannot be used as an index type.
index.ts(326,10): error TS2538: Type 'String' cannot be used as an index type.
index.ts(327,10): error TS2538: Type 'String' cannot be used as an index type.
index.ts(330,7): error TS1056: Accessors are only available when targeting ECMAScript 5 and higher.
index.ts(331,17): error TS2538: Type 'String' cannot be used as an index type.
index.ts(334,7): error TS1056: Accessors are only available when targeting ECMAScript 5 and higher.
index.ts(335,17): error TS2538: Type 'String' cannot be used as an index type.
index.ts(338,7): error TS1056: Accessors are only available when targeting ECMAScript 5 and higher.
index.ts(339,17): error TS2538: Type 'String' cannot be used as an index type.
index.ts(342,3): error TS2464: A computed property name must be of type 'string', 'number', 'symbol', or 'any'.
index.ts(342,17): error TS7006: Parameter 'chunk' implicitly has an 'any' type.
index.ts(343,14): error TS2538: Type 'String' cannot be used as an index type.
index.ts(344,12): error TS2538: Type 'String' cannot be used as an index type.
index.ts(346,12): error TS2538: Type 'String' cannot be used as an index type.
index.ts(347,10): error TS2339: Property 'buffer' does not exist on type 'Minipass'.
index.ts(350,3): error TS2464: A computed property name must be of type 'string', 'number', 'symbol', or 'any'.
index.ts(351,14): error TS2339: Property 'buffer' does not exist on type 'Minipass'.
index.ts(352,16): error TS2538: Type 'String' cannot be used as an index type.
index.ts(353,14): error TS2538: Type 'String' cannot be used as an index type.
index.ts(355,14): error TS2538: Type 'String' cannot be used as an index type.
index.ts(355,36): error TS2339: Property 'buffer' does not exist on type 'Minipass'.
index.ts(357,17): error TS2339: Property 'buffer' does not exist on type 'Minipass'.
index.ts(360,3): error TS2464: A computed property name must be of type 'string', 'number', 'symbol', or 'any'.
index.ts(360,12): error TS7006: Parameter 'noDrain' implicitly has an 'any' type.
index.ts(361,23): error TS2538: Type 'Number' cannot be used as an index type.
index.ts(361,40): error TS2538: Type 'Number' cannot be used as an index type.
index.ts(363,27): error TS2339: Property 'buffer' does not exist on type 'Minipass'.
index.ts(363,50): error TS2538: Type 'String' cannot be used as an index type.
index.ts(364,12): error TS2555: Expected at least 2 arguments, but got 1.
index.ts(367,3): error TS2464: A computed property name must be of type 'string', 'number', 'symbol', or 'any'.
index.ts(367,17): error TS7006: Parameter 'chunk' implicitly has an 'any' type.
index.ts(371,9): error TS7006: Parameter 'dest' implicitly has an 'any' type.
index.ts(371,15): error TS7006: Parameter 'opts' implicitly has an 'any' type.
index.ts(372,14): error TS2538: Type 'String' cannot be used as an index type.
index.ts(375,32): error TS2538: Type 'String' cannot be used as an index type.
index.ts(377,23): error TS2339: Property 'stdout' does not exist on type 'Object'.
index.ts(377,47): error TS2339: Property 'stderr' does not exist on type 'Object'.
index.ts(388,12): error TS2551: Property 'pipes' does not exist on type 'Minipass'. Did you mean 'pipe'?
index.ts(390,16): error TS2538: Type 'String' cannot be used as an index type.
index.ts(391,26): error TS2538: Type 'String' cannot be used as an index type.
index.ts(393,14): error TS2538: Type 'String' cannot be used as an index type.
index.ts(399,11): error TS7006: Parameter 'dest' implicitly has an 'any' type.
index.ts(400,26): error TS2551: Property 'pipes' does not exist on type 'Minipass'. Did you mean 'pipe'?
index.ts(400,54): error TS2339: Property 'dest' does not exist on type 'Object'.
index.ts(402,12): error TS2551: Property 'pipes' does not exist on type 'Minipass'. Did you mean 'pipe'?
index.ts(402,30): error TS2551: Property 'pipes' does not exist on type 'Minipass'. Did you mean 'pipe'?
index.ts(407,3): error TS2416: Property 'addListener' in type 'Minipass' is not assignable to the same property in base type 'internal'.
  Type '(ev: any, fn: any) => Pipe' is not assignable to type '(eventName: string | symbol, listener: (...args: any[]) => void) => this'.
    Type 'Pipe' is not assignable to type 'this'.
      'this' could be instantiated with an arbitrary type which could be unrelated to 'Pipe'.
index.ts(407,16): error TS7006: Parameter 'ev' implicitly has an 'any' type.
index.ts(407,20): error TS7006: Parameter 'fn' implicitly has an 'any' type.
index.ts(411,3): error TS2416: Property 'on' in type 'Minipass' is not assignable to the same property in base type 'internal'.
  Type '(ev: any, fn: any) => Pipe' is not assignable to type '(eventName: string | symbol, listener: (...args: any[]) => void) => this'.
    Type 'Pipe' is not assignable to type 'this'.
      'this' could be instantiated with an arbitrary type which could be unrelated to 'Pipe'.
index.ts(411,7): error TS7006: Parameter 'ev' implicitly has an 'any' type.
index.ts(411,11): error TS7006: Parameter 'fn' implicitly has an 'any' type.
index.ts(412,11): error TS2322: Type 'this' is not assignable to type 'Pipe'.
  Property 'proxyErrors' is missing in type 'Minipass' but required in type 'Pipe'.
index.ts(413,32): error TS2551: Property 'pipes' does not exist on type 'Minipass'. Did you mean 'pipe'?
index.ts(414,12): error TS2538: Type 'String' cannot be used as an index type.
index.ts(415,40): error TS2538: Type 'String' cannot be used as an index type.
index.ts(417,35): error TS2538: Type 'String' cannot be used as an index type.
index.ts(420,39): error TS2538: Type 'String' cannot be used as an index type.
index.ts(421,16): error TS2538: Type 'String' cannot be used as an index type.
index.ts(422,40): error TS2538: Type 'String' cannot be used as an index type.
index.ts(424,28): error TS2538: Type 'String' cannot be used as an index type.
index.ts(429,7): error TS1056: Accessors are only available when targeting ECMAScript 5 and higher.
index.ts(430,17): error TS2538: Type 'String' cannot be used as an index type.
index.ts(433,3): error TS2464: A computed property name must be of type 'string', 'number', 'symbol', or 'any'.
index.ts(434,15): error TS2538: Type 'Number' cannot be used as an index type.
index.ts(435,15): error TS2538: Type 'String' cannot be used as an index type.
index.ts(436,15): error TS2538: Type 'String' cannot be used as an index type.
index.ts(437,14): error TS2339: Property 'buffer' does not exist on type 'Minipass'.
index.ts(438,14): error TS2538: Type 'String' cannot be used as an index type.
index.ts(439,12): error TS2538: Type 'Number' cannot be used as an index type.
index.ts(440,12): error TS2555: Expected at least 2 arguments, but got 1.
index.ts(441,12): error TS2555: Expected at least 2 arguments, but got 1.
index.ts(442,12): error TS2555: Expected at least 2 arguments, but got 1.
index.ts(443,16): error TS2538: Type 'String' cannot be used as an index type.
index.ts(444,14): error TS2555: Expected at least 2 arguments, but got 1.
index.ts(445,12): error TS2538: Type 'Number' cannot be used as an index type.
index.ts(449,9): error TS7006: Parameter 'ev' implicitly has an 'any' type.
index.ts(449,13): error TS7006: Parameter 'data' implicitly has an 'any' type.
index.ts(449,19): error TS7019: Rest parameter 'extra' implicitly has an 'any[]' type.
index.ts(451,70): error TS2538: Type 'String' cannot be used as an index type.
index.ts(455,16): error TS2538: Type 'String' cannot be used as an index type.
index.ts(455,42): error TS2538: Type 'String' cannot be used as an index type.
index.ts(456,16): error TS2538: Type 'String' cannot be used as an index type.
index.ts(458,19): error TS2538: Type 'Number' cannot be used as an index type.
index.ts(460,12): error TS2538: Type 'String' cannot be used as an index type.
index.ts(462,17): error TS2538: Type 'String' cannot be used as an index type.
index.ts(462,39): error TS2538: Type 'String' cannot be used as an index type.
index.ts(464,13): error TS2322: Type 'boolean' is not assignable to type 'Number'.
index.ts(468,12): error TS2538: Type 'String' cannot be used as an index type.
index.ts(469,13): error TS2322: Type 'boolean' is not assignable to type 'Number'.
index.ts(470,12): error TS2538: Type 'String' cannot be used as an index type.
index.ts(473,13): error TS2322: Type 'boolean' is not assignable to type 'Number'.
index.ts(474,12): error TS2538: Type 'String' cannot be used as an index type.
index.ts(477,13): error TS2322: Type 'boolean' is not assignable to type 'Number'.
index.ts(483,11): error TS2322: Type 'boolean' is not assignable to type 'String'.
index.ts(484,10): error TS2538: Type 'String' cannot be used as an index type.
index.ts(488,3): error TS2464: A computed property name must be of type 'string', 'number', 'symbol', or 'any'.
index.ts(488,15): error TS7006: Parameter 'data' implicitly has an 'any' type.
index.ts(489,26): error TS2551: Property 'pipes' does not exist on type 'Minipass'. Did you mean 'pipe'?
index.ts(493,11): error TS2322: Type 'boolean' is not assignable to type 'Function'.
index.ts(494,10): error TS2538: Type 'String' cannot be used as an index type.
index.ts(498,3): error TS2464: A computed property name must be of type 'string', 'number', 'symbol', or 'any'.
index.ts(499,14): error TS2538: Type 'String' cannot be used as an index type.
index.ts(502,10): error TS2538: Type 'String' cannot be used as an index type.
index.ts(503,10): error TS2339: Property 'readable' does not exist on type 'Minipass'.
index.ts(504,14): error TS2538: Type 'String' cannot be used as an index type.
index.ts(505,24): error TS2538: Type 'Number' cannot be used as an index type.
index.ts(507,12): error TS2538: Type 'Number' cannot be used as an index type.
index.ts(510,3): error TS2464: A computed property name must be of type 'string', 'number', 'symbol', or 'any'.
index.ts(511,14): error TS2538: Type 'String' cannot be used as an index type.
index.ts(512,33): error TS2538: Type 'String' cannot be used as an index type.
index.ts(514,30): error TS2551: Property 'pipes' does not exist on type 'Minipass'. Did you mean 'pipe'?
index.ts(521,26): error TS2551: Property 'pipes' does not exist on type 'Minipass'. Did you mean 'pipe'?
index.ts(524,11): error TS2322: Type 'boolean' is not assignable to type 'Function'.
index.ts(531,16): error TS2314: Generic type 'Array<T>' requires 1 type argument(s).
index.ts(532,15): error TS2538: Type 'String' cannot be used as an index type.
index.ts(536,14): error TS2314: Generic type 'Promise<T>' requires 1 type argument(s).
index.ts(537,25): error TS2314: Generic type 'Array<T>' requires 1 type argument(s).
index.ts(539,17): error TS2538: Type 'String' cannot be used as an index type.
index.ts(547,17): error TS2538: Type 'String' cannot be used as an index type.
index.ts(549,35): error TS2314: Generic type 'Array<T>' requires 1 type argument(s).
index.ts(550,16): error TS2538: Type 'String' cannot be used as an index type.
index.ts(552,20): error TS2538: Type 'String' cannot be used as an index type.
index.ts(565,3): error TS2464: A computed property name must be of type 'string', 'number', 'symbol', or 'any'.
index.ts(567,13): error TS2322: Type 'Minipass | null' is not assignable to type 'Function'.
  Type 'null' is not assignable to type 'Function'.
index.ts(567,34): error TS2554: Expected 1 arguments, but got 0.
index.ts(571,16): error TS2538: Type 'String' cannot be used as an index type.
index.ts(574,11): error TS2322: Type 'null' is not assignable to type 'Function'.
index.ts(575,11): error TS2322: Type 'null' is not assignable to type 'Function'.
index.ts(577,37): error TS2345: Argument of type 'Function' is not assignable to parameter of type '(...args: any[]) => void'.
  Type 'Function' provides no match for the signature '(...args: any[]): void'.
index.ts(578,36): error TS2345: Argument of type 'Function' is not assignable to parameter of type '(...args: any[]) => void'.
index.ts(582,38): error TS2345: Argument of type 'Function' is not assignable to parameter of type '(...args: any[]) => void'.
index.ts(583,36): error TS2345: Argument of type 'Function' is not assignable to parameter of type '(...args: any[]) => void'.
index.ts(585,46): error TS2538: Type 'String' cannot be used as an index type.
index.ts(588,38): error TS2345: Argument of type 'Function' is not assignable to parameter of type '(...args: any[]) => void'.
index.ts(589,37): error TS2345: Argument of type 'Function' is not assignable to parameter of type '(...args: any[]) => void'.
index.ts(596,19): error TS2345: Argument of type 'String' is not assignable to parameter of type 'string | symbol'.
index.ts(597,28): error TS2345: Argument of type 'Function' is not assignable to parameter of type '(...args: any[]) => void'.
  Type 'Function' provides no match for the signature '(...args: any[]): void'.
index.ts(598,26): error TS2345: Argument of type 'Function' is not assignable to parameter of type '(...args: any[]) => void'.
index.ts(599,27): error TS2345: Argument of type 'Function' is not assignable to parameter of type '(...args: any[]) => void'.
index.ts(607,3): error TS2464: A computed property name must be of type 'string', 'number', 'symbol', or 'any'.
index.ts(609,13): error TS2322: Type 'Minipass | null' is not assignable to type 'Number'.
  Type 'null' is not assignable to type 'Number'.
index.ts(609,34): error TS2554: Expected 1 arguments, but got 0.
index.ts(616,12): error TS7006: Parameter 'er' implicitly has an 'any' type.
index.ts(617,14): error TS2538: Type 'String' cannot be used as an index type.
index.ts(621,14): error TS2555: Expected at least 2 arguments, but got 1.
index.ts(625,10): error TS2538: Type 'String' cannot be used as an index type.
index.ts(628,10): error TS2339: Property 'buffer' does not exist on type 'Minipass'.
index.ts(629,10): error TS2538: Type 'String' cannot be used as an index type.
index.ts(631,21): error TS2339: Property 'close' does not exist on type 'Minipass'.
index.ts(631,51): error TS2538: Type 'String' cannot be used as an index type.
index.ts(632,12): error TS2339: Property 'close' does not exist on type 'Minipass'.
index.ts(637,12): error TS2555: Expected at least 2 arguments, but got 1.
index.ts(642,20): error TS7006: Parameter 's' implicitly has an 'any' type.
index.ts(645,18): error TS2339: Property 'pipe' does not exist on type 'EventEmitter'.
index.ts(646,19): error TS2339: Property 'write' does not exist on type 'EventEmitter'.
index.ts(646,52): error TS2339: Property 'end' does not exist on type 'EventEmitter'.
../../../../node_modules/@types/get-intrinsic/internal/intrinsics.d.ts(11,25): error TS2304: Cannot find name 'AggregateErrorConstructor'.
../../../../node_modules/@types/get-intrinsic/internal/intrinsics.d.ts(126,42): error TS2304: Cannot find name 'AggregateError'.
../../../../node_modules/@types/get-intrinsic/internal/intrinsics.d.ts(127,47): error TS2304: Cannot find name 'AggregateError'.
../../../../node_modules/@types/get-intrinsic/internal/intrinsics.d.ts(128,50): error TS2304: Cannot find name 'AggregateError'.
../../../../node_modules/@types/get-intrinsic/internal/intrinsics.d.ts(418,37): error TS2550: Property 'any' does not exist on type 'PromiseConstructor'. Do you need to change your target library? Try changing the 'lib' compiler option to 'es2021' or later.
../../../../node_modules/@types/get-intrinsic/internal/intrinsics.d.ts(514,62): error TS2550: Property 'replaceAll' does not exist on type 'String'. Do you need to change your target library? Try changing the 'lib' compiler option to 'es2021' or later.

