index.ts(6,63): error TS2314: Generic type 'Array<T>' requires 1 type argument(s).
index.ts(8,7): error TS2322: Type 'null' is not assignable to type 'Object'.
index.ts(13,10): error TS2339: Property 'on' does not exist on type 'Function'.
index.ts(16,15): error TS2345: Argument of type 'Function' is not assignable to parameter of type 'Stream'.
  Type 'Function' is missing the following properties from type 'WritableStream': writable, write, end, addListener, and 13 more.
index.ts(19,32): error TS2304: Cannot find name 'Void'.
index.ts(25,27): error TS2304: Cannot find name 'Void'.
index.ts(29,37): error TS2304: Cannot find name 'Void'.
index.ts(35,14): error TS2339: Property 'destroy' does not exist on type 'Function'.
index.ts(42,21): error TS2304: Cannot find name 'Void'.
index.ts(46,11): error TS2322: Type 'string | Buffer | null' is not assignable to type 'String'.
  Type 'null' is not assignable to type 'String'.
index.ts(46,32): error TS2345: Argument of type 'Function' is not assignable to parameter of type 'ReadableStream'.
  Type 'Function' is missing the following properties from type 'ReadableStream': readable, read, setEncoding, pause, and 21 more.
../../../../node_modules/@types/get-intrinsic/internal/intrinsics.d.ts(11,25): error TS2304: Cannot find name 'AggregateErrorConstructor'.
../../../../node_modules/@types/get-intrinsic/internal/intrinsics.d.ts(126,42): error TS2304: Cannot find name 'AggregateError'.
../../../../node_modules/@types/get-intrinsic/internal/intrinsics.d.ts(127,47): error TS2304: Cannot find name 'AggregateError'.
../../../../node_modules/@types/get-intrinsic/internal/intrinsics.d.ts(128,50): error TS2304: Cannot find name 'AggregateError'.
../../../../node_modules/@types/get-intrinsic/internal/intrinsics.d.ts(418,37): error TS2550: Property 'any' does not exist on type 'PromiseConstructor'. Do you need to change your target library? Try changing the 'lib' compiler option to 'es2021' or later.
../../../../node_modules/@types/get-intrinsic/internal/intrinsics.d.ts(514,62): error TS2550: Property 'replaceAll' does not exist on type 'String'. Do you need to change your target library? Try changing the 'lib' compiler option to 'es2021' or later.

