through2.ts(3,46): error TS2304: Cannot find name 'Void'.
through2.ts(4,6): error TS2339: Property 'super_' does not exist on type 'Object'.
through2.ts(5,6): error TS2339: Property 'prototype' does not exist on type 'Object'.
through2.ts(5,36): error TS2339: Property 'prototype' does not exist on type 'Object'.
through2.ts(15,7): error TS2322: Type 'Function' is not assignable to type 'String'.
through2.ts(26,7): error TS2322: Type 'null' is not assignable to type 'String'.
through2.ts(34,7): error TS2322: Type 'Function' is not assignable to type 'Boolean'.
  The types returned by 'valueOf()' are incompatible between these types.
    Type 'Object' is not assignable to type 'boolean'.
through2.ts(35,9): error TS2740: Type 'Transform' is missing the following properties from type 'HTMLElement': accessKey, accessKeyLabel, autocapitalize, dir, and 277 more.
through2.ts(37,6): error TS2339: Property '_transform' does not exist on type 'HTMLElement'.
through2.ts(40,8): error TS2339: Property '_flush' does not exist on type 'HTMLElement'.
through2.ts(48,7): error TS2740: Type 'Function' is missing the following properties from type 'String': charAt, charCodeAt, concat, indexOf, and 43 more.
through2.ts(49,41): error TS2366: Function lacks ending return statement and return type does not include 'undefined'.
through2.ts(50,11): error TS2683: 'this' implicitly has type 'any' because it does not have a type annotation.
through2.ts(51,14): error TS7009: 'new' expression, whose target lacks a construct signature, implicitly has an 'any' type.
through2.ts(54,5): error TS2683: 'this' implicitly has type 'any' because it does not have a type annotation.
through2.ts(56,20): error TS2683: 'this' implicitly has type 'any' because it does not have a type annotation.
through2.ts(56,26): error TS2683: 'this' implicitly has type 'any' because it does not have a type annotation.
through2.ts(58,5): error TS2683: 'this' implicitly has type 'any' because it does not have a type annotation.
through2.ts(60,7): error TS2683: 'this' implicitly has type 'any' because it does not have a type annotation.
through2.ts(70,9): error TS2322: Type 'Transform' is not assignable to type 'HTMLElement'.
through2.ts(72,6): error TS2339: Property '_transform' does not exist on type 'HTMLElement'.
through2.ts(75,8): error TS2339: Property '_flush' does not exist on type 'HTMLElement'.

