index.ts(3,10): error TS2395: Individual declarations in merged declaration 'URL' must be all exported or all local.
index.ts(3,10): error TS2459: Module '"./webidl2js-wrapper"' declares 'URL' locally, but it is not exported.
index.ts(3,15): error TS2395: Individual declarations in merged declaration 'URLSearchParams' must be all exported or all local.
index.ts(3,15): error TS2459: Module '"./webidl2js-wrapper"' declares 'URLSearchParams' locally, but it is not exported.
index.ts(4,8): error TS1192: Module '"/work/arjunguha-research-group/mhyee/not-type-inference/data/LambdaNet-out/top1k-typed-with-typed-deps-es6/baseline/whatwg-url/lib/url-state-machine"' has no default export.
index.ts(8,1): error TS2448: Block-scoped variable 'URL' used before its declaration.
index.ts(8,5): error TS2339: Property 'install' does not exist on type 'String'.
index.ts(9,1): error TS2448: Block-scoped variable 'URLSearchParams' used before its declaration.
index.ts(9,17): error TS2339: Property 'install' does not exist on type 'Function'.
index.ts(11,14): error TS2395: Individual declarations in merged declaration 'URL' must be all exported or all local.
index.ts(11,47): error TS2339: Property 'URL' does not exist on type 'Object'.
index.ts(12,14): error TS2395: Individual declarations in merged declaration 'URLSearchParams' must be all exported or all local.
index.ts(12,61): error TS2339: Property 'URLSearchParams' does not exist on type 'Object'.
index.ts(24,35): error TS2314: Generic type 'Array<T>' requires 1 type argument(s).
lib/URL-impl.ts(2,8): error TS1192: Module '"/work/arjunguha-research-group/mhyee/not-type-inference/data/LambdaNet-out/top1k-typed-with-typed-deps-es6/baseline/whatwg-url/lib/url-state-machine"' has no default export.
lib/URL-impl.ts(4,29): error TS2307: Cannot find module './URLSearchParams' or its corresponding type declarations.
lib/URL-impl.ts(6,30): error TS2314: Generic type 'Array<T>' requires 1 type argument(s).
lib/URL-impl.ts(26,10): error TS2339: Property '_url' does not exist on type 'URLImpl'.
lib/URL-impl.ts(30,10): error TS2339: Property '_query' does not exist on type 'URLImpl'.
lib/URL-impl.ts(31,10): error TS2339: Property '_query' does not exist on type 'URLImpl'.
lib/URL-impl.ts(35,34): error TS2339: Property '_url' does not exist on type 'URLImpl'.
lib/URL-impl.ts(44,10): error TS2339: Property '_url' does not exist on type 'URLImpl'.
lib/URL-impl.ts(46,10): error TS2339: Property '_query' does not exist on type 'URLImpl'.
lib/URL-impl.ts(49,12): error TS2339: Property '_query' does not exist on type 'URLImpl'.
lib/URL-impl.ts(54,40): error TS2339: Property '_url' does not exist on type 'URLImpl'.
lib/URL-impl.ts(58,20): error TS2339: Property '_url' does not exist on type 'URLImpl'.
lib/URL-impl.ts(62,44): error TS2339: Property '_url' does not exist on type 'URLImpl'.
lib/URL-impl.ts(66,17): error TS2339: Property '_url' does not exist on type 'URLImpl'.
lib/URL-impl.ts(70,50): error TS2339: Property '_url' does not exist on type 'URLImpl'.
lib/URL-impl.ts(74,29): error TS2339: Property '_url' does not exist on type 'URLImpl'.
lib/URL-impl.ts(78,17): error TS2339: Property '_url' does not exist on type 'URLImpl'.
lib/URL-impl.ts(82,50): error TS2339: Property '_url' does not exist on type 'URLImpl'.
lib/URL-impl.ts(86,29): error TS2339: Property '_url' does not exist on type 'URLImpl'.
lib/URL-impl.ts(90,22): error TS2339: Property '_url' does not exist on type 'URLImpl'.
lib/URL-impl.ts(104,34): error TS2339: Property '_url' does not exist on type 'URLImpl'.
lib/URL-impl.ts(108,38): error TS2339: Property '_url' does not exist on type 'URLImpl'.
lib/URL-impl.ts(112,14): error TS2339: Property '_url' does not exist on type 'URLImpl'.
lib/URL-impl.ts(116,35): error TS2339: Property '_url' does not exist on type 'URLImpl'.
lib/URL-impl.ts(120,34): error TS2339: Property '_url' does not exist on type 'URLImpl'.
lib/URL-impl.ts(124,38): error TS2339: Property '_url' does not exist on type 'URLImpl'.
lib/URL-impl.ts(128,14): error TS2339: Property '_url' does not exist on type 'URLImpl'.
lib/URL-impl.ts(132,38): error TS2339: Property '_url' does not exist on type 'URLImpl'.
lib/URL-impl.ts(136,50): error TS2339: Property '_url' does not exist on type 'URLImpl'.
lib/URL-impl.ts(141,12): error TS2339: Property '_url' does not exist on type 'URLImpl'.
lib/URL-impl.ts(143,40): error TS2339: Property '_url' does not exist on type 'URLImpl'.
lib/URL-impl.ts(148,35): error TS2339: Property '_url' does not exist on type 'URLImpl'.
lib/URL-impl.ts(152,34): error TS2339: Property '_url' does not exist on type 'URLImpl'.
lib/URL-impl.ts(156,10): error TS2339: Property '_url' does not exist on type 'URLImpl'.
lib/URL-impl.ts(157,38): error TS2339: Property '_url' does not exist on type 'URLImpl'.
lib/URL-impl.ts(161,14): error TS2339: Property '_url' does not exist on type 'URLImpl'.
lib/URL-impl.ts(161,42): error TS2339: Property '_url' does not exist on type 'URLImpl'.
lib/URL-impl.ts(165,21): error TS2339: Property '_url' does not exist on type 'URLImpl'.
lib/URL-impl.ts(169,22): error TS2339: Property '_url' does not exist on type 'URLImpl'.
lib/URL-impl.ts(173,12): error TS2339: Property '_query' does not exist on type 'URLImpl'.
lib/URL-impl.ts(180,10): error TS2339: Property '_query' does not exist on type 'URLImpl'.
lib/URL-impl.ts(180,58): error TS2345: Argument of type 'string' is not assignable to parameter of type 'Element'.
lib/URL-impl.ts(184,17): error TS2339: Property '_query' does not exist on type 'URLImpl'.
lib/URL-impl.ts(188,14): error TS2339: Property '_url' does not exist on type 'URLImpl'.
lib/URL-impl.ts(188,45): error TS2339: Property '_url' does not exist on type 'URLImpl'.
lib/URL-impl.ts(192,21): error TS2339: Property '_url' does not exist on type 'URLImpl'.
lib/URL-impl.ts(197,12): error TS2339: Property '_url' does not exist on type 'URLImpl'.
lib/URL-impl.ts(202,10): error TS2339: Property '_url' does not exist on type 'URLImpl'.
lib/URL-impl.ts(203,42): error TS2339: Property '_url' does not exist on type 'URLImpl'.
lib/URLSearchParams-impl.ts(4,30): error TS2314: Generic type 'Array<T>' requires 1 type argument(s).
lib/URLSearchParams-impl.ts(7,10): error TS2339: Property '_list' does not exist on type 'URLSearchParamsImpl'.
lib/URLSearchParams-impl.ts(8,10): error TS2339: Property '_url' does not exist on type 'URLSearchParamsImpl'.
lib/URLSearchParams-impl.ts(20,14): error TS2339: Property '_list' does not exist on type 'URLSearchParamsImpl'.
lib/URLSearchParams-impl.ts(25,14): error TS2339: Property '_list' does not exist on type 'URLSearchParamsImpl'.
lib/URLSearchParams-impl.ts(28,12): error TS2339: Property '_list' does not exist on type 'URLSearchParamsImpl'.
lib/URLSearchParams-impl.ts(33,14): error TS2339: Property '_url' does not exist on type 'URLSearchParamsImpl'.
lib/URLSearchParams-impl.ts(34,55): error TS2339: Property '_list' does not exist on type 'URLSearchParamsImpl'.
lib/URLSearchParams-impl.ts(38,12): error TS2339: Property '_url' does not exist on type 'URLSearchParamsImpl'.
lib/URLSearchParams-impl.ts(43,10): error TS2339: Property '_list' does not exist on type 'URLSearchParamsImpl'.
lib/URLSearchParams-impl.ts(49,21): error TS2339: Property '_list' does not exist on type 'URLSearchParamsImpl'.
lib/URLSearchParams-impl.ts(50,16): error TS2339: Property '_list' does not exist on type 'URLSearchParamsImpl'.
lib/URLSearchParams-impl.ts(51,14): error TS2339: Property '_list' does not exist on type 'URLSearchParamsImpl'.
lib/URLSearchParams-impl.ts(60,30): error TS2339: Property '_list' does not exist on type 'URLSearchParamsImpl'.
lib/URLSearchParams-impl.ts(70,30): error TS2339: Property '_list' does not exist on type 'URLSearchParamsImpl'.
lib/URLSearchParams-impl.ts(79,30): error TS2339: Property '_list' does not exist on type 'URLSearchParamsImpl'.
lib/URLSearchParams-impl.ts(90,21): error TS2339: Property '_list' does not exist on type 'URLSearchParamsImpl'.
lib/URLSearchParams-impl.ts(91,16): error TS2339: Property '_list' does not exist on type 'URLSearchParamsImpl'.
lib/URLSearchParams-impl.ts(93,16): error TS2339: Property '_list' does not exist on type 'URLSearchParamsImpl'.
lib/URLSearchParams-impl.ts(96,16): error TS2339: Property '_list' does not exist on type 'URLSearchParamsImpl'.
lib/URLSearchParams-impl.ts(104,12): error TS2339: Property '_list' does not exist on type 'URLSearchParamsImpl'.
lib/URLSearchParams-impl.ts(110,10): error TS2339: Property '_list' does not exist on type 'URLSearchParamsImpl'.
lib/URLSearchParams-impl.ts(124,17): error TS2339: Property '_list' does not exist on type 'URLSearchParamsImpl'.
lib/URLSearchParams-impl.ts(128,48): error TS2339: Property '_list' does not exist on type 'URLSearchParamsImpl'.
lib/encoding.ts(2,7): error TS2740: Type 'TextEncoder' is missing the following properties from type 'HTMLElement': accessKey, accessKeyLabel, autocapitalize, dir, and 277 more.
lib/encoding.ts(3,7): error TS2740: Type 'TextDecoder' is missing the following properties from type 'HTMLElement': accessKey, accessKeyLabel, autocapitalize, dir, and 277 more.
lib/encoding.ts(5,38): error TS2314: Generic type 'Array<T>' requires 1 type argument(s).
lib/encoding.ts(6,22): error TS2339: Property 'encode' does not exist on type 'HTMLElement'.
lib/encoding.ts(9,47): error TS2314: Generic type 'Promise<T>' requires 1 type argument(s).
lib/encoding.ts(10,22): error TS2339: Property 'decode' does not exist on type 'HTMLElement'.
lib/infra.ts(14,23): error TS2345: Argument of type 'String' is not assignable to parameter of type 'Number'.
  Type 'String' is missing the following properties from type 'Number': toFixed, toExponential, toPrecision
lib/infra.ts(14,42): error TS2345: Argument of type 'String' is not assignable to parameter of type 'Number'.
lib/percent-encoding.ts(2,10): error TS2614: Module '"./infra"' has no exported member 'isASCIIHex'. Did you mean to use 'import isASCIIHex from "./infra"' instead?
lib/percent-encoding.ts(3,10): error TS2614: Module '"./encoding"' has no exported member 'utf8Encode'. Did you mean to use 'import utf8Encode from "./encoding"' instead?
lib/percent-encoding.ts(11,32): error TS2554: Expected 0 arguments, but got 1.
lib/percent-encoding.ts(20,45): error TS2314: Generic type 'Array<T>' requires 1 type argument(s).
lib/percent-encoding.ts(21,17): error TS2314: Generic type 'Array<T>' requires 1 type argument(s).
lib/percent-encoding.ts(21,46): error TS2339: Property 'byteLength' does not exist on type 'Object'.
lib/percent-encoding.ts(23,29): error TS2339: Property 'byteLength' does not exist on type 'Object'.
lib/percent-encoding.ts(25,9): error TS2367: This condition will always return 'true' since the types 'String' and 'number' have no overlap.
lib/percent-encoding.ts(26,14): error TS2356: An arithmetic operand must be of type 'any', 'number', 'bigint' or an enum type.
lib/percent-encoding.ts(28,14): error TS2356: An arithmetic operand must be of type 'any', 'number', 'bigint' or an enum type.
lib/percent-encoding.ts(31,14): error TS2356: An arithmetic operand must be of type 'any', 'number', 'bigint' or an enum type.
lib/percent-encoding.ts(51,7): error TS2739: Type 'Set<Number>' is missing the following properties from type 'Error': name, message
lib/percent-encoding.ts(53,35): error TS2345: Argument of type 'String' is not assignable to parameter of type 'Number'.
lib/percent-encoding.ts(53,71): error TS2339: Property 'has' does not exist on type 'Error'.
lib/percent-encoding.ts(57,7): error TS2322: Type 'Set<Number>' is not assignable to type 'Error'.
lib/percent-encoding.ts(59,35): error TS2345: Argument of type 'String' is not assignable to parameter of type 'Number'.
lib/percent-encoding.ts(59,68): error TS2339: Property 'has' does not exist on type 'Error'.
lib/percent-encoding.ts(64,37): error TS2367: This condition will always return 'false' since the types 'String' and 'Number' have no overlap.
lib/percent-encoding.ts(68,34): error TS2314: Generic type 'Map<K, V>' requires 2 type argument(s).
lib/percent-encoding.ts(74,7): error TS2322: Type 'Set<Number>' is not assignable to type 'Error'.
lib/percent-encoding.ts(77,66): error TS2339: Property 'has' does not exist on type 'Error'.
lib/percent-encoding.ts(81,7): error TS2322: Type 'Set<Number>' is not assignable to type 'Error'.
lib/percent-encoding.ts(83,71): error TS2339: Property 'has' does not exist on type 'Error'.
lib/percent-encoding.ts(89,73): error TS2339: Property 'has' does not exist on type 'Object'.
lib/percent-encoding.ts(98,16): error TS2314: Generic type 'Array<T>' requires 1 type argument(s).
lib/percent-encoding.ts(105,7): error TS2365: Operator '+=' cannot be applied to types 'String' and 'String'.
lib/percent-encoding.ts(113,3): error TS2322: Type 'String' is not assignable to type 'Boolean'.
  The types returned by 'valueOf()' are incompatible between these types.
    Type 'string' is not assignable to type 'boolean'.
lib/percent-encoding.ts(113,66): error TS2345: Argument of type 'String' is not assignable to parameter of type 'number'.
lib/percent-encoding.ts(113,78): error TS2345: Argument of type 'Boolean' is not assignable to parameter of type 'Function'.
  Type 'Boolean' is missing the following properties from type 'Function': apply, call, bind, prototype, and 6 more.
lib/percent-encoding.ts(118,41): error TS2314: Generic type 'Array<T>' requires 1 type argument(s).
lib/percent-encoding.ts(124,7): error TS2365: Operator '+=' cannot be applied to types 'String' and 'String'.
lib/percent-encoding.ts(124,63): error TS2345: Argument of type 'Boolean' is not assignable to parameter of type 'Function'.
lib/url-state-machine.ts(4,10): error TS2614: Module '"./encoding"' has no exported member 'utf8DecodeWithoutBOM'. Did you mean to use 'import utf8DecodeWithoutBOM from "./encoding"' instead?
lib/url-state-machine.ts(7,3): error TS2614: Module '"./percent-encoding"' has no exported member 'percentDecodeString'. Did you mean to use 'import percentDecodeString from "./percent-encoding"' instead?
lib/url-state-machine.ts(8,3): error TS2614: Module '"./percent-encoding"' has no exported member 'utf8PercentEncodeCodePoint'. Did you mean to use 'import utf8PercentEncodeCodePoint from "./percent-encoding"' instead?
lib/url-state-machine.ts(9,3): error TS2614: Module '"./percent-encoding"' has no exported member 'utf8PercentEncodeString'. Did you mean to use 'import utf8PercentEncodeString from "./percent-encoding"' instead?
lib/url-state-machine.ts(10,3): error TS2614: Module '"./percent-encoding"' has no exported member 'isC0ControlPercentEncode'. Did you mean to use 'import isC0ControlPercentEncode from "./percent-encoding"' instead?
lib/url-state-machine.ts(11,3): error TS2614: Module '"./percent-encoding"' has no exported member 'isFragmentPercentEncode'. Did you mean to use 'import isFragmentPercentEncode from "./percent-encoding"' instead?
lib/url-state-machine.ts(12,3): error TS2614: Module '"./percent-encoding"' has no exported member 'isQueryPercentEncode'. Did you mean to use 'import isQueryPercentEncode from "./percent-encoding"' instead?
lib/url-state-machine.ts(13,3): error TS2614: Module '"./percent-encoding"' has no exported member 'isSpecialQueryPercentEncode'. Did you mean to use 'import isSpecialQueryPercentEncode from "./percent-encoding"' instead?
lib/url-state-machine.ts(14,3): error TS2614: Module '"./percent-encoding"' has no exported member 'isPathPercentEncode'. Did you mean to use 'import isPathPercentEncode from "./percent-encoding"' instead?
lib/url-state-machine.ts(15,3): error TS2614: Module '"./percent-encoding"' has no exported member 'isUserinfoPercentEncode'. Did you mean to use 'import isUserinfoPercentEncode from "./percent-encoding"' instead?
lib/url-state-machine.ts(31,7): error TS2322: Type 'typeof failure' is not assignable to type 'Number'.
lib/url-state-machine.ts(33,28): error TS2314: Generic type 'Array<T>' requires 1 type argument(s).
lib/url-state-machine.ts(38,27): error TS2538: Type 'String' cannot be used as an index type.
lib/url-state-machine.ts(39,16): error TS2345: Argument of type 'String' is not assignable to parameter of type 'number'.
lib/url-state-machine.ts(39,54): error TS2345: Argument of type 'String' is not assignable to parameter of type 'number'.
lib/url-state-machine.ts(43,35): error TS2339: Property 'toLowerCase' does not exist on type 'Object'.
lib/url-state-machine.ts(47,19): error TS2339: Property 'toLowerCase' does not exist on type 'Number'.
lib/url-state-machine.ts(48,10): error TS2367: This condition will always return 'false' since the types 'Number' and 'string' have no overlap.
lib/url-state-machine.ts(48,29): error TS2367: This condition will always return 'false' since the types 'Number' and 'string' have no overlap.
lib/url-state-machine.ts(48,50): error TS2367: This condition will always return 'false' since the types 'Number' and 'string' have no overlap.
lib/url-state-machine.ts(48,71): error TS2367: This condition will always return 'false' since the types 'Number' and 'string' have no overlap.
lib/url-state-machine.ts(52,29): error TS2345: Argument of type 'String' is not assignable to parameter of type 'Number'.
lib/url-state-machine.ts(55,45): error TS2314: Generic type 'Array<T>' requires 1 type argument(s).
lib/url-state-machine.ts(72,25): error TS2538: Type 'String' cannot be used as an index type.
lib/url-state-machine.ts(76,30): error TS2339: Property 'scheme' does not exist on type 'String'.
lib/url-state-machine.ts(80,31): error TS2339: Property 'scheme' does not exist on type 'String'.
lib/url-state-machine.ts(84,25): error TS2538: Type 'String' cannot be used as an index type.
lib/url-state-machine.ts(114,18): error TS2345: Argument of type 'String' is not assignable to parameter of type 'string'.
  'string' is a primitive, but 'String' is a wrapper object. Prefer using 'string' when possible.
lib/url-state-machine.ts(118,19): error TS2345: Argument of type 'String' is not assignable to parameter of type 'string'.
  'string' is a primitive, but 'String' is a wrapper object. Prefer using 'string' when possible.
lib/url-state-machine.ts(122,16): error TS2314: Generic type 'Array<T>' requires 1 type argument(s).
lib/url-state-machine.ts(122,30): error TS2339: Property 'split' does not exist on type 'HTMLElement'.
lib/url-state-machine.ts(133,18): error TS2314: Generic type 'Array<T>' requires 1 type argument(s).
lib/url-state-machine.ts(135,11): error TS2740: Type 'Number' is missing the following properties from type 'String': charAt, charCodeAt, concat, indexOf, and 44 more.
lib/url-state-machine.ts(136,9): error TS2367: This condition will always return 'false' since the types 'String' and 'Number' have no overlap.
lib/url-state-machine.ts(156,5): error TS2365: Operator '+=' cannot be applied to types 'String' and 'number'.
lib/url-state-machine.ts(156,29): error TS2363: The right-hand side of an arithmetic operation must be of type 'any', 'number', 'bigint' or an enum type.
lib/url-state-machine.ts(157,7): error TS2356: An arithmetic operand must be of type 'any', 'number', 'bigint' or an enum type.
lib/url-state-machine.ts(160,3): error TS2322: Type 'String' is not assignable to type 'Number'.
lib/url-state-machine.ts(168,21): error TS2362: The left-hand side of an arithmetic operation must be of type 'any', 'number', 'bigint' or an enum type.
lib/url-state-machine.ts(172,20): error TS2362: The left-hand side of an arithmetic operation must be of type 'any', 'number', 'bigint' or an enum type.
lib/url-state-machine.ts(184,22): error TS2769: No overload matches this call.
  Overload 1 of 4, '(iterable: Iterable<any> | ArrayLike<any>, mapfn: (v: any, k: number) => any, thisArg?: any): any[]', gave the following error.
    Argument of type 'Object' is not assignable to parameter of type 'Iterable<any> | ArrayLike<any>'.
      The 'Object' type is assignable to very few other types. Did you mean to use the 'any' type instead?
  Overload 2 of 4, '(arrayLike: ArrayLike<any>, mapfn: (v: any, k: number) => any, thisArg?: any): any[]', gave the following error.
    Argument of type 'Object' is not assignable to parameter of type 'ArrayLike<any>'.
      The 'Object' type is assignable to very few other types. Did you mean to use the 'any' type instead?
        Property 'length' is missing in type 'Object' but required in type 'ArrayLike<any>'.
lib/url-state-machine.ts(184,33): error TS2314: Generic type 'Array<T>' requires 1 type argument(s).
lib/url-state-machine.ts(186,13): error TS2538: Type 'Number' cannot be used as an index type.
lib/url-state-machine.ts(187,15): error TS2365: Operator '+' cannot be applied to types 'Number' and 'number'.
lib/url-state-machine.ts(191,5): error TS2365: Operator '+=' cannot be applied to types 'Number' and 'number'.
lib/url-state-machine.ts(192,7): error TS2356: An arithmetic operand must be of type 'any', 'number', 'bigint' or an enum type.
lib/url-state-machine.ts(196,26): error TS2339: Property 'length' does not exist on type 'Object'.
lib/url-state-machine.ts(201,15): error TS2538: Type 'Number' cannot be used as an index type.
lib/url-state-machine.ts(205,9): error TS2356: An arithmetic operand must be of type 'any', 'number', 'bigint' or an enum type.
lib/url-state-machine.ts(206,9): error TS2356: An arithmetic operand must be of type 'any', 'number', 'bigint' or an enum type.
lib/url-state-machine.ts(214,49): error TS2538: Type 'Number' cannot be used as an index type.
lib/url-state-machine.ts(215,15): error TS2362: The left-hand side of an arithmetic operation must be of type 'any', 'number', 'bigint' or an enum type.
lib/url-state-machine.ts(215,39): error TS2345: Argument of type 'String' is not assignable to parameter of type 'string'.
  'string' is a primitive, but 'String' is a wrapper object. Prefer using 'string' when possible.
lib/url-state-machine.ts(215,49): error TS2345: Argument of type 'Number' is not assignable to parameter of type 'String'.
lib/url-state-machine.ts(216,9): error TS2356: An arithmetic operand must be of type 'any', 'number', 'bigint' or an enum type.
lib/url-state-machine.ts(217,9): error TS2356: An arithmetic operand must be of type 'any', 'number', 'bigint' or an enum type.
lib/url-state-machine.ts(220,15): error TS2538: Type 'Number' cannot be used as an index type.
lib/url-state-machine.ts(225,7): error TS2362: The left-hand side of an arithmetic operation must be of type 'any', 'number', 'bigint' or an enum type.
lib/url-state-machine.ts(225,18): error TS2363: The right-hand side of an arithmetic operation must be of type 'any', 'number', 'bigint' or an enum type.
lib/url-state-machine.ts(233,20): error TS2538: Type 'Number' cannot be used as an index type.
lib/url-state-machine.ts(237,21): error TS2538: Type 'Number' cannot be used as an index type.
lib/url-state-machine.ts(238,15): error TS2356: An arithmetic operand must be of type 'any', 'number', 'bigint' or an enum type.
lib/url-state-machine.ts(244,39): error TS2538: Type 'Number' cannot be used as an index type.
lib/url-state-machine.ts(248,41): error TS2538: Type 'Number' cannot be used as an index type.
lib/url-state-machine.ts(249,43): error TS2345: Argument of type 'String' is not assignable to parameter of type 'string'.
  'string' is a primitive, but 'String' is a wrapper object. Prefer using 'string' when possible.
lib/url-state-machine.ts(249,53): error TS2345: Argument of type 'Number' is not assignable to parameter of type 'String'.
lib/url-state-machine.ts(255,25): error TS2362: The left-hand side of an arithmetic operation must be of type 'any', 'number', 'bigint' or an enum type.
lib/url-state-machine.ts(255,25): error TS2365: Operator '+' cannot be applied to types 'number' and 'Number'.
lib/url-state-machine.ts(260,13): error TS2356: An arithmetic operand must be of type 'any', 'number', 'bigint' or an enum type.
lib/url-state-machine.ts(263,17): error TS2538: Type 'Number' cannot be used as an index type.
lib/url-state-machine.ts(263,31): error TS2365: Operator '+' cannot be applied to types 'number' and 'Number'.
lib/url-state-machine.ts(263,39): error TS2538: Type 'Number' cannot be used as an index type.
lib/url-state-machine.ts(265,11): error TS2356: An arithmetic operand must be of type 'any', 'number', 'bigint' or an enum type.
lib/url-state-machine.ts(268,13): error TS2356: An arithmetic operand must be of type 'any', 'number', 'bigint' or an enum type.
lib/url-state-machine.ts(277,22): error TS2538: Type 'Number' cannot be used as an index type.
lib/url-state-machine.ts(278,9): error TS2356: An arithmetic operand must be of type 'any', 'number', 'bigint' or an enum type.
lib/url-state-machine.ts(279,17): error TS2538: Type 'Number' cannot be used as an index type.
lib/url-state-machine.ts(282,22): error TS2538: Type 'Number' cannot be used as an index type.
lib/url-state-machine.ts(286,13): error TS2538: Type 'Number' cannot be used as an index type.
lib/url-state-machine.ts(287,7): error TS2356: An arithmetic operand must be of type 'any', 'number', 'bigint' or an enum type.
lib/url-state-machine.ts(291,25): error TS2362: The left-hand side of an arithmetic operation must be of type 'any', 'number', 'bigint' or an enum type.
lib/url-state-machine.ts(291,38): error TS2363: The right-hand side of an arithmetic operation must be of type 'any', 'number', 'bigint' or an enum type.
lib/url-state-machine.ts(294,36): error TS2365: Operator '+' cannot be applied to types 'Number' and 'Number'.
lib/url-state-machine.ts(295,15): error TS2365: Operator '+' cannot be applied to types 'Number' and 'Number'.
lib/url-state-machine.ts(295,47): error TS2538: Type 'Number' cannot be used as an index type.
lib/url-state-machine.ts(296,15): error TS2538: Type 'Number' cannot be used as an index type.
lib/url-state-machine.ts(297,9): error TS2356: An arithmetic operand must be of type 'any', 'number', 'bigint' or an enum type.
lib/url-state-machine.ts(298,9): error TS2356: An arithmetic operand must be of type 'any', 'number', 'bigint' or an enum type.
lib/url-state-machine.ts(321,7): error TS2365: Operator '+=' cannot be applied to types 'String' and 'String'.
lib/url-state-machine.ts(336,27): error TS2314: Generic type 'Array<T>' requires 1 type argument(s).
lib/url-state-machine.ts(342,5): error TS2696: The 'Object' type is assignable to very few other types. Did you mean to use the 'any' type instead?
  Type 'Object' is missing the following properties from type 'Number': toFixed, toExponential, toPrecision
lib/url-state-machine.ts(346,5): error TS2739: Type 'Boolean' is missing the following properties from type 'Number': toFixed, toExponential, toPrecision
lib/url-state-machine.ts(350,9): error TS2740: Type 'Boolean' is missing the following properties from type 'String': charAt, charCodeAt, concat, indexOf, and 44 more.
lib/url-state-machine.ts(351,7): error TS2367: This condition will always return 'false' since the types 'String' and 'Number' have no overlap.
lib/url-state-machine.ts(360,22): error TS2345: Argument of type 'String' is not assignable to parameter of type 'HTMLElement'.
  Type 'String' is missing the following properties from type 'HTMLElement': accessKey, accessKeyLabel, autocapitalize, dir, and 276 more.
lib/url-state-machine.ts(363,3): error TS2322: Type 'String' is not assignable to type 'Number'.
lib/url-state-machine.ts(366,31): error TS2314: Generic type 'Array<T>' requires 1 type argument(s).
lib/url-state-machine.ts(367,16): error TS2314: Generic type 'Array<T>' requires 1 type argument(s).
lib/url-state-machine.ts(380,24): error TS2345: Argument of type 'String' is not assignable to parameter of type 'string'.
  'string' is a primitive, but 'String' is a wrapper object. Prefer using 'string' when possible.
lib/url-state-machine.ts(388,38): error TS2345: Argument of type 'Element' is not assignable to parameter of type 'String'.
  Type 'Element' is missing the following properties from type 'String': charAt, charCodeAt, concat, indexOf, and 43 more.
lib/url-state-machine.ts(389,5): error TS2322: Type 'Number' is not assignable to type 'Boolean'.
  The types returned by 'valueOf()' are incompatible between these types.
    Type 'number' is not assignable to type 'boolean'.
lib/url-state-machine.ts(395,39): error TS2314: Generic type 'Array<T>' requires 1 type argument(s).
lib/url-state-machine.ts(404,9): error TS2322: Type 'Number' is not assignable to type 'String'.
lib/url-state-machine.ts(414,9): error TS2356: An arithmetic operand must be of type 'any', 'number', 'bigint' or an enum type.
lib/url-state-machine.ts(423,3): error TS2322: Type 'String' is not assignable to type 'Number'.
lib/url-state-machine.ts(439,40): error TS2322: Type 'boolean' is not assignable to type 'String'.
lib/url-state-machine.ts(440,9): error TS2322: Type 'string' is not assignable to type 'Number'.
lib/url-state-machine.ts(440,39): error TS2345: Argument of type 'String' is not assignable to parameter of type 'string'.
  'string' is a primitive, but 'String' is a wrapper object. Prefer using 'string' when possible.
lib/url-state-machine.ts(447,26): error TS2367: This condition will always return 'false' since the types 'Number' and 'string' have no overlap.
lib/url-state-machine.ts(448,5): error TS2322: Type 'Number' is not assignable to type 'Boolean'.
lib/url-state-machine.ts(450,3): error TS2322: Type 'Number' is not assignable to type 'Boolean'.
lib/url-state-machine.ts(454,3): error TS2322: Type 'string' is not assignable to type 'Boolean'.
lib/url-state-machine.ts(458,3): error TS2322: Type 'string' is not assignable to type 'Boolean'.
lib/url-state-machine.ts(461,36): error TS2304: Cannot find name 'Void'.
lib/url-state-machine.ts(462,11): error TS2339: Property 'path' does not exist on type 'String'.
lib/url-state-machine.ts(466,11): error TS2339: Property 'scheme' does not exist on type 'String'.
lib/url-state-machine.ts(474,14): error TS2339: Property 'username' does not exist on type 'String'.
lib/url-state-machine.ts(474,37): error TS2339: Property 'password' does not exist on type 'String'.
lib/url-state-machine.ts(478,14): error TS2339: Property 'host' does not exist on type 'String'.
lib/url-state-machine.ts(478,35): error TS2339: Property 'host' does not exist on type 'String'.
lib/url-state-machine.ts(478,54): error TS2339: Property 'scheme' does not exist on type 'String'.
lib/url-state-machine.ts(482,21): error TS2339: Property 'path' does not exist on type 'String'.
lib/url-state-machine.ts(486,30): error TS2345: Argument of type 'String' is not assignable to parameter of type 'string'.
  'string' is a primitive, but 'String' is a wrapper object. Prefer using 'string' when possible.
lib/url-state-machine.ts(489,119): error TS2304: Cannot find name 'Void'.
lib/url-state-machine.ts(511,11): error TS2322: Type 'Boolean' is not assignable to type 'String'.
lib/url-state-machine.ts(518,9): error TS2322: Type 'Boolean' is not assignable to type 'String'.
lib/url-state-machine.ts(531,43): error TS2314: Generic type 'Array<T>' requires 1 type argument(s).
lib/url-state-machine.ts(535,32): error TS2345: Argument of type 'String' is not assignable to parameter of type 'number'.
lib/url-state-machine.ts(535,70): error TS2345: Argument of type 'String' is not assignable to parameter of type 'number'.
lib/url-state-machine.ts(541,16): error TS2367: This condition will always return 'false' since the types 'Boolean' and 'Number' have no overlap.
lib/url-state-machine.ts(557,5): error TS2322: Type 'Number' is not assignable to type 'Boolean'.
lib/url-state-machine.ts(564,33): error TS2345: Argument of type 'Number' is not assignable to parameter of type 'String'.
lib/url-state-machine.ts(614,5): error TS2322: Type 'Number' is not assignable to type 'Boolean'.
lib/url-state-machine.ts(622,5): error TS2322: Type 'Number' is not assignable to type 'Boolean'.
lib/url-state-machine.ts(684,23): error TS2345: Argument of type 'Number' is not assignable to parameter of type 'number'.
  'number' is a primitive, but 'Number' is a wrapper object. Prefer using 'number' when possible.
lib/url-state-machine.ts(748,11): error TS2322: Type 'Number' is not assignable to type 'String'.
lib/url-state-machine.ts(749,27): error TS2365: Operator '<' cannot be applied to types 'number' and 'String'.
lib/url-state-machine.ts(752,11): error TS2367: This condition will always return 'false' since the types 'String' and 'Number' have no overlap.
lib/url-state-machine.ts(764,20): error TS2345: Argument of type 'Number' is not assignable to parameter of type 'number'.
  'number' is a primitive, but 'Number' is a wrapper object. Prefer using 'number' when possible.
lib/url-state-machine.ts(768,7): error TS2322: Type 'Number' is not assignable to type 'Boolean'.
lib/url-state-machine.ts(770,21): error TS2365: Operator '+' cannot be applied to types 'Number' and 'number'.
lib/url-state-machine.ts(788,7): error TS2322: Type 'Number' is not assignable to type 'Boolean'.
lib/url-state-machine.ts(795,11): error TS2322: Type 'Number' is not assignable to type 'String'.
lib/url-state-machine.ts(796,9): error TS2367: This condition will always return 'false' since the types 'String' and 'Number' have no overlap.
lib/url-state-machine.ts(803,20): error TS2345: Argument of type 'Number' is not assignable to parameter of type 'number'.
  'number' is a primitive, but 'Number' is a wrapper object. Prefer using 'number' when possible.
lib/url-state-machine.ts(808,7): error TS2322: Type 'Number' is not assignable to type 'Boolean'.
lib/url-state-machine.ts(815,11): error TS2322: Type 'Number' is not assignable to type 'String'.
lib/url-state-machine.ts(816,9): error TS2367: This condition will always return 'false' since the types 'String' and 'Number' have no overlap.
lib/url-state-machine.ts(841,20): error TS2345: Argument of type 'Number' is not assignable to parameter of type 'number'.
  'number' is a primitive, but 'Number' is a wrapper object. Prefer using 'number' when possible.
lib/url-state-machine.ts(848,9): error TS2322: Type 'Number' is not assignable to type 'Boolean'.
lib/url-state-machine.ts(850,23): error TS2367: This condition will always return 'false' since the types 'Number' and 'String' have no overlap.
lib/url-state-machine.ts(860,5): error TS2322: Type 'Number' is not assignable to type 'Boolean'.
lib/url-state-machine.ts(866,32): error TS2314: Generic type 'Map<K, V>' requires 2 type argument(s).
lib/url-state-machine.ts(868,46): error TS2314: Generic type 'Array<T>' requires 1 type argument(s).
lib/url-state-machine.ts(869,41): error TS2363: The right-hand side of an arithmetic operation must be of type 'any', 'number', 'bigint' or an enum type.
lib/url-state-machine.ts(871,58): error TS2365: Operator '+' cannot be applied to types 'Number' and 'number'.
lib/url-state-machine.ts(872,56): error TS2365: Operator '+' cannot be applied to types 'Number' and 'number'.
lib/url-state-machine.ts(894,23): error TS2345: Argument of type 'Number' is not assignable to parameter of type 'number'.
  'number' is a primitive, but 'Number' is a wrapper object. Prefer using 'number' when possible.
lib/url-state-machine.ts(936,13): error TS2345: Argument of type 'Number' is not assignable to parameter of type 'number'.
  'number' is a primitive, but 'Number' is a wrapper object. Prefer using 'number' when possible.
lib/url-state-machine.ts(948,11): error TS2322: Type 'Number' is not assignable to type 'String'.
lib/url-state-machine.ts(949,11): error TS2367: This condition will always return 'false' since the types 'String' and 'Number' have no overlap.
lib/url-state-machine.ts(1000,13): error TS2345: Argument of type 'Number' is not assignable to parameter of type 'number'.
  'number' is a primitive, but 'Number' is a wrapper object. Prefer using 'number' when possible.
lib/url-state-machine.ts(1053,16): error TS2345: Argument of type 'Number' is not assignable to parameter of type 'number'.
  'number' is a primitive, but 'Number' is a wrapper object. Prefer using 'number' when possible.
lib/url-state-machine.ts(1063,16): error TS2345: Argument of type 'Number' is not assignable to parameter of type 'number'.
  'number' is a primitive, but 'Number' is a wrapper object. Prefer using 'number' when possible.
lib/url-state-machine.ts(1076,54): error TS2345: Argument of type 'Number' is not assignable to parameter of type 'number'.
  'number' is a primitive, but 'Number' is a wrapper object. Prefer using 'number' when possible.
lib/url-state-machine.ts(1086,21): error TS2345: Argument of type 'Number' is not assignable to parameter of type 'number'.
  'number' is a primitive, but 'Number' is a wrapper object. Prefer using 'number' when possible.
lib/url-state-machine.ts(1102,14): error TS2345: Argument of type 'Number' is not assignable to parameter of type 'number'.
  'number' is a primitive, but 'Number' is a wrapper object. Prefer using 'number' when possible.
lib/url-state-machine.ts(1117,31): error TS2339: Property 'scheme' does not exist on type 'String'.
lib/url-state-machine.ts(1118,11): error TS2339: Property 'host' does not exist on type 'String'.
lib/url-state-machine.ts(1121,13): error TS2339: Property 'username' does not exist on type 'String'.
lib/url-state-machine.ts(1121,36): error TS2339: Property 'password' does not exist on type 'String'.
lib/url-state-machine.ts(1122,21): error TS2339: Property 'username' does not exist on type 'String'.
lib/url-state-machine.ts(1123,15): error TS2339: Property 'password' does not exist on type 'String'.
lib/url-state-machine.ts(1124,27): error TS2339: Property 'password' does not exist on type 'String'.
lib/url-state-machine.ts(1129,5): error TS2365: Operator '+=' cannot be applied to types 'String' and 'String'.
lib/url-state-machine.ts(1129,33): error TS2339: Property 'host' does not exist on type 'String'.
lib/url-state-machine.ts(1131,13): error TS2339: Property 'port' does not exist on type 'String'.
lib/url-state-machine.ts(1132,25): error TS2339: Property 'port' does not exist on type 'String'.
lib/url-state-machine.ts(1136,11): error TS2339: Property 'host' does not exist on type 'String'.
lib/url-state-machine.ts(1136,57): error TS2339: Property 'path' does not exist on type 'String'.
lib/url-state-machine.ts(1136,80): error TS2339: Property 'path' does not exist on type 'String'.
lib/url-state-machine.ts(1139,3): error TS2365: Operator '+=' cannot be applied to types 'String' and 'String'.
lib/url-state-machine.ts(1141,11): error TS2339: Property 'query' does not exist on type 'String'.
lib/url-state-machine.ts(1142,23): error TS2339: Property 'query' does not exist on type 'String'.
lib/url-state-machine.ts(1145,31): error TS2339: Property 'fragment' does not exist on type 'String'.
lib/url-state-machine.ts(1146,23): error TS2339: Property 'fragment' does not exist on type 'String'.
lib/url-state-machine.ts(1153,33): error TS2339: Property 'scheme' does not exist on type 'Object'.
lib/url-state-machine.ts(1154,3): error TS2365: Operator '+=' cannot be applied to types 'String' and 'String'.
lib/url-state-machine.ts(1154,33): error TS2339: Property 'host' does not exist on type 'Object'.
lib/url-state-machine.ts(1156,13): error TS2339: Property 'port' does not exist on type 'Object'.
lib/url-state-machine.ts(1157,25): error TS2339: Property 'port' does not exist on type 'Object'.
lib/url-state-machine.ts(1165,16): error TS2339: Property 'path' does not exist on type 'String'.
lib/url-state-machine.ts(1169,29): error TS2339: Property 'path' does not exist on type 'String'.
lib/url-state-machine.ts(1181,15): error TS2339: Property 'scheme' does not exist on type 'String'.
lib/url-state-machine.ts(1195,21): error TS2339: Property 'scheme' does not exist on type 'String'.
lib/url-state-machine.ts(1196,19): error TS2339: Property 'host' does not exist on type 'String'.
lib/url-state-machine.ts(1197,19): error TS2339: Property 'port' does not exist on type 'String'.
lib/url-state-machine.ts(1219,28): error TS2350: Only a void function can be called with the 'new' keyword.
lib/url-state-machine.ts(1219,63): error TS2339: Property 'baseURL' does not exist on type 'Object'.
lib/url-state-machine.ts(1219,80): error TS2339: Property 'encodingOverride' does not exist on type 'Object'.
lib/url-state-machine.ts(1219,106): error TS2339: Property 'url' does not exist on type 'Object'.
lib/url-state-machine.ts(1219,119): error TS2339: Property 'stateOverride' does not exist on type 'Object'.
lib/url-state-machine.ts(1220,11): error TS2339: Property 'failure' does not exist on type 'HTMLElement'.
lib/url-state-machine.ts(1224,14): error TS2339: Property 'url' does not exist on type 'HTMLElement'.
lib/url-state-machine.ts(1228,7): error TS2339: Property 'username' does not exist on type 'String'.
lib/url-state-machine.ts(1232,7): error TS2339: Property 'password' does not exist on type 'String'.
lib/url-state-machine.ts(1251,65): error TS2339: Property 'baseURL' does not exist on type 'Object'.
lib/url-state-machine.ts(1251,100): error TS2339: Property 'encodingOverride' does not exist on type 'Object'.
lib/urlencoded.ts(2,10): error TS2614: Module '"./encoding"' has no exported member 'utf8Encode'. Did you mean to use 'import utf8Encode from "./encoding"' instead?
lib/urlencoded.ts(2,22): error TS2614: Module '"./encoding"' has no exported member 'utf8DecodeWithoutBOM'. Did you mean to use 'import utf8DecodeWithoutBOM from "./encoding"' instead?
lib/urlencoded.ts(3,10): error TS2614: Module '"./percent-encoding"' has no exported member 'percentDecodeBytes'. Did you mean to use 'import percentDecodeBytes from "./percent-encoding"' instead?
lib/urlencoded.ts(3,30): error TS2614: Module '"./percent-encoding"' has no exported member 'utf8PercentEncodeString'. Did you mean to use 'import utf8PercentEncodeString from "./percent-encoding"' instead?
lib/urlencoded.ts(3,55): error TS2614: Module '"./percent-encoding"' has no exported member 'isURLEncodedPercentEncode'. Did you mean to use 'import isURLEncodedPercentEncode from "./percent-encoding"' instead?
lib/urlencoded.ts(6,3): error TS2322: Type 'number' is not assignable to type 'String'.
lib/urlencoded.ts(10,43): error TS2314: Generic type 'Array<T>' requires 1 type argument(s).
lib/urlencoded.ts(11,20): error TS2314: Generic type 'Array<T>' requires 1 type argument(s).
lib/urlencoded.ts(11,54): error TS2345: Argument of type 'Element' is not assignable to parameter of type 'String'.
lib/urlencoded.ts(12,17): error TS2314: Generic type 'Array<T>' requires 1 type argument(s).
lib/urlencoded.ts(18,30): error TS2314: Generic type 'Array<T>' requires 1 type argument(s).
lib/urlencoded.ts(23,27): error TS2365: Operator '+' cannot be applied to types 'Number' and 'number'.
lib/urlencoded.ts(29,44): error TS2345: Argument of type 'number' is not assignable to parameter of type 'String'.
lib/urlencoded.ts(30,46): error TS2345: Argument of type 'number' is not assignable to parameter of type 'String'.
lib/urlencoded.ts(46,38): error TS2314: Generic type 'Map<K, V>' requires 2 type argument(s).
lib/urlencoded.ts(65,23): error TS2339: Property 'name' does not exist on type 'String'.
lib/urlencoded.ts(79,62): error TS2314: Generic type 'Array<T>' requires 1 type argument(s).
lib/urlencoded.ts(80,15): error TS2314: Generic type 'Array<T>' requires 1 type argument(s).
lib/urlencoded.ts(82,31): error TS2345: Argument of type 'String' is not assignable to parameter of type 'string'.
  'string' is a primitive, but 'String' is a wrapper object. Prefer using 'string' when possible.
lib/urlencoded.ts(84,25): error TS2345: Argument of type 'Number' is not assignable to parameter of type 'number'.
  'number' is a primitive, but 'Number' is a wrapper object. Prefer using 'number' when possible.
lib/urlencoded.ts(85,12): error TS2365: Operator '+' cannot be applied to types 'Number' and 'number'.
lib/urlencoded.ts(86,21): error TS2345: Argument of type 'String' is not assignable to parameter of type 'string'.
  'string' is a primitive, but 'String' is a wrapper object. Prefer using 'string' when possible.
lib/urlencoded.ts(89,25): error TS2345: Argument of type 'Number' is not assignable to parameter of type 'number'.
  'number' is a primitive, but 'Number' is a wrapper object. Prefer using 'number' when possible.
lib/urlencoded.ts(94,41): error TS2314: Generic type 'Array<T>' requires 1 type argument(s).
lib/urlencoded.ts(94,75): error TS2314: Generic type 'Array<T>' requires 1 type argument(s).
lib/urlencoded.ts(98,27): error TS2365: Operator '+' cannot be applied to types 'Number' and 'number'.
live-viewer/live-viewer.ts(3,9): error TS2739: Type 'Element' is missing the following properties from type 'Error': name, message
live-viewer/live-viewer.ts(6,9): error TS2322: Type 'TextEncoder' is not assignable to type 'HTMLElement'.
live-viewer/live-viewer.ts(7,9): error TS2322: Type 'TextDecoder' is not assignable to type 'HTMLElement'.
live-viewer/live-viewer.ts(11,88): error TS2551: Property 'contentDocument' does not exist on type 'Element'. Did you mean 'ownerDocument'?
live-viewer/live-viewer.ts(12,60): error TS2339: Property 'createElement' does not exist on type 'HTMLElement'.
live-viewer/live-viewer.ts(13,53): error TS2339: Property 'createElement' does not exist on type 'HTMLElement'.
live-viewer/live-viewer.ts(14,25): error TS2339: Property 'head' does not exist on type 'HTMLElement'.
live-viewer/live-viewer.ts(15,25): error TS2339: Property 'body' does not exist on type 'HTMLElement'.
live-viewer/live-viewer.ts(17,21): error TS2314: Generic type 'Array<T>' requires 1 type argument(s).
live-viewer/live-viewer.ts(29,12): error TS2339: Property 'addEventListener' does not exist on type 'Error'.
live-viewer/live-viewer.ts(34,22): error TS2304: Cannot find name 'Void'.
live-viewer/live-viewer.ts(35,26): error TS2314: Generic type 'Array<T>' requires 1 type argument(s).
live-viewer/live-viewer.ts(37,11): error TS2696: The 'Object' type is assignable to very few other types. Did you mean to use the 'any' type instead?
  Type 'Object' is missing the following properties from type 'Function': apply, call, bind, prototype, and 6 more.
live-viewer/live-viewer.ts(44,44): error TS2314: Generic type 'Array<T>' requires 1 type argument(s).
live-viewer/live-viewer.ts(44,73): error TS2314: Generic type 'Map<K, V>' requires 2 type argument(s).
live-viewer/live-viewer.ts(44,79): error TS2304: Cannot find name 'Void'.
live-viewer/live-viewer.ts(46,11): error TS2322: Type 'Element' is not assignable to type 'Error'.
live-viewer/live-viewer.ts(49,14): error TS2339: Property 'hidden' does not exist on type 'EventTarget'.
live-viewer/live-viewer.ts(50,13): error TS2339: Property 'hidden' does not exist on type 'Error'.
live-viewer/live-viewer.ts(51,13): error TS2339: Property 'textContent' does not exist on type 'Error'.
live-viewer/live-viewer.ts(53,14): error TS2339: Property 'hidden' does not exist on type 'EventTarget'.
live-viewer/live-viewer.ts(54,13): error TS2339: Property 'hidden' does not exist on type 'Error'.
live-viewer/live-viewer.ts(56,44): error TS2339: Property 'querySelector' does not exist on type 'EventTarget'.
live-viewer/live-viewer.ts(57,29): error TS2345: Argument of type 'String' is not assignable to parameter of type 'HTMLElement'.
live-viewer/live-viewer.ts(58,32): error TS2345: Argument of type 'String' is not assignable to parameter of type 'HTMLElement'.
live-viewer/live-viewer.ts(63,74): error TS2304: Cannot find name 'Void'.
live-viewer/live-viewer.ts(68,5): error TS2322: Type 'String | "(empty string)"' is not assignable to type 'string'.
  Type 'String' is not assignable to type 'string'.
    'string' is a primitive, but 'String' is a wrapper object. Prefer using 'string' when possible.
live-viewer/live-viewer.ts(69,50): error TS2345: Argument of type 'Boolean' is not assignable to parameter of type 'boolean'.
  'boolean' is a primitive, but 'Boolean' is a wrapper object. Prefer using 'boolean' when possible.
live-viewer/live-viewer.ts(70,48): error TS2345: Argument of type 'Boolean' is not assignable to parameter of type 'boolean'.
  'boolean' is a primitive, but 'Boolean' is a wrapper object. Prefer using 'boolean' when possible.
live-viewer/live-viewer.ts(73,85): error TS2304: Cannot find name 'Void'.
live-viewer/live-viewer.ts(75,42): error TS2345: Argument of type 'Boolean' is not assignable to parameter of type 'boolean'.
  'boolean' is a primitive, but 'Boolean' is a wrapper object. Prefer using 'boolean' when possible.
live-viewer/live-viewer.ts(79,11): error TS2739: Type 'Set<unknown>' is missing the following properties from type 'Error': name, message
live-viewer/live-viewer.ts(82,20): error TS2339: Property 'add' does not exist on type 'Error'.
live-viewer/live-viewer.ts(90,17): error TS2339: Property 'href' does not exist on type 'Object'.
live-viewer/live-viewer.ts(91,19): error TS2339: Property 'href' does not exist on type 'HTMLElement'.
live-viewer/live-viewer.ts(91,36): error TS2339: Property 'value' does not exist on type 'HTMLElement'.
live-viewer/live-viewer.ts(92,23): error TS2339: Property 'protocol' does not exist on type 'HTMLElement'.
live-viewer/live-viewer.ts(97,19): error TS2339: Property 'href' does not exist on type 'HTMLElement'.
live-viewer/live-viewer.ts(97,35): error TS2339: Property 'value' does not exist on type 'Error'.
live-viewer/live-viewer.ts(98,17): error TS2339: Property 'href' does not exist on type 'Object'.
live-viewer/live-viewer.ts(98,34): error TS2339: Property 'value' does not exist on type 'HTMLElement'.
live-viewer/live-viewer.ts(99,23): error TS2339: Property 'protocol' does not exist on type 'HTMLElement'.
live-viewer/live-viewer.ts(106,30): error TS2314: Generic type 'Promise<T>' requires 1 type argument(s).
live-viewer/live-viewer.ts(108,18): error TS2304: Cannot find name 'whatwgURL'.
live-viewer/live-viewer.ts(108,41): error TS2339: Property 'value' does not exist on type 'Error'.
live-viewer/live-viewer.ts(108,58): error TS2339: Property 'value' does not exist on type 'HTMLElement'.
live-viewer/live-viewer.ts(114,40): error TS2314: Generic type 'Promise<T>' requires 1 type argument(s).
live-viewer/live-viewer.ts(115,52): error TS2339: Property 'value' does not exist on type 'Error'.
live-viewer/live-viewer.ts(115,92): error TS2339: Property 'value' does not exist on type 'HTMLElement'.
live-viewer/live-viewer.ts(118,31): error TS2304: Cannot find name 'Void'.
live-viewer/live-viewer.ts(119,19): error TS2314: Generic type 'Array<T>' requires 1 type argument(s).
live-viewer/live-viewer.ts(125,16): error TS2339: Property 'value' does not exist on type 'Error'.
live-viewer/live-viewer.ts(132,17): error TS2339: Property 'value' does not exist on type 'HTMLElement'.
live-viewer/live-viewer.ts(145,18): error TS2314: Generic type 'Array<T>' requires 1 type argument(s).
live-viewer/live-viewer.ts(145,29): error TS2339: Property 'encode' does not exist on type 'HTMLElement'.
live-viewer/live-viewer.ts(146,88): error TS2345: Argument of type 'String' is not assignable to parameter of type 'number'.
live-viewer/live-viewer.ts(147,34): error TS2769: No overload matches this call.
  Overload 1 of 2, '(data: string): string', gave the following error.
    Argument of type 'String' is not assignable to parameter of type 'string'.
      'string' is a primitive, but 'String' is a wrapper object. Prefer using 'string' when possible.
  Overload 2 of 2, '(data: string): string', gave the following error.
    Argument of type 'String' is not assignable to parameter of type 'string'.
      'string' is a primitive, but 'String' is a wrapper object. Prefer using 'string' when possible.
live-viewer/live-viewer.ts(148,5): error TS2322: Type 'String' is not assignable to type 'Number'.
live-viewer/live-viewer.ts(151,47): error TS2314: Generic type 'Array<T>' requires 1 type argument(s).
live-viewer/live-viewer.ts(152,37): error TS2769: No overload matches this call.
  Overload 1 of 2, '(data: string): string', gave the following error.
    Argument of type 'String' is not assignable to parameter of type 'string'.
      'string' is a primitive, but 'String' is a wrapper object. Prefer using 'string' when possible.
  Overload 2 of 2, '(data: string): string', gave the following error.
    Argument of type 'String' is not assignable to parameter of type 'string'.
      'string' is a primitive, but 'String' is a wrapper object. Prefer using 'string' when possible.
live-viewer/live-viewer.ts(153,11): error TS2740: Type 'Uint8Array' is missing the following properties from type 'String': charAt, charCodeAt, concat, localeCompare, and 37 more.
live-viewer/live-viewer.ts(154,39): error TS2339: Property 'decode' does not exist on type 'HTMLElement'.
scripts/benchmark.ts(3,23): error TS2307: Cannot find module 'benchmark' or its corresponding type declarations.
scripts/benchmark.ts(4,22): error TS2732: Cannot find module '../test/web-platform-tests/resources/urltestdata.json'. Consider using '--resolveJsonModule' to import module with '.json' extension.
scripts/benchmark.ts(6,19): error TS2314: Generic type 'Array<T>' requires 1 type argument(s).
scripts/benchmark.ts(6,102): error TS2339: Property 'input' does not exist on type 'Object'.
scripts/benchmark.ts(12,11): error TS2351: This expression is not constructable.
  Type 'String' has no construct signatures.
scripts/benchmark.ts(19,11): error TS2339: Property 'on' does not exist on type 'HTMLElement'.
scripts/benchmark.ts(19,57): error TS2339: Property 'target' does not exist on type 'HTMLElement'.
scripts/benchmark.ts(20,11): error TS2339: Property 'run' does not exist on type 'HTMLElement'.
scripts/get-latest-platform-tests.ts(11,17): error TS2307: Cannot find module 'got' or its corresponding type declarations.
scripts/get-latest-platform-tests.ts(30,29): error TS2345: Argument of type 'String' is not assignable to parameter of type 'PathLike'.
  Type 'String' is missing the following properties from type 'Buffer': write, toJSON, equals, compare, and 90 more.
scripts/get-latest-platform-tests.ts(31,27): error TS2345: Argument of type 'String' is not assignable to parameter of type 'string'.
  'string' is a primitive, but 'String' is a wrapper object. Prefer using 'string' when possible.
scripts/get-latest-platform-tests.ts(55,39): error TS2345: Argument of type 'String' is not assignable to parameter of type 'string'.
  'string' is a primitive, but 'String' is a wrapper object. Prefer using 'string' when possible.
scripts/transform.ts(3,23): error TS2307: Cannot find module 'webidl2js' or its corresponding type declarations.
scripts/transform.ts(9,13): error TS2339: Property 'addSource' does not exist on type 'HTMLElement'.
scripts/transform.ts(10,13): error TS2339: Property 'generate' does not exist on type 'HTMLElement'.
scripts/transform.ts(12,23): error TS2339: Property 'stack' does not exist on type 'Object'.
webidl2js-wrapper.ts(3,17): error TS2307: Cannot find module './lib/URL' or its corresponding type declarations.
webidl2js-wrapper.ts(4,29): error TS2307: Cannot find module './lib/URLSearchParams' or its corresponding type declarations.

