events.ts(37,15): error TS2769: No overload matches this call.
  Overload 1 of 2, '(...items: ConcatArray<string>[]): string[]', gave the following error.
    Argument of type 'symbol[]' is not assignable to parameter of type 'ConcatArray<string>'.
      The types returned by 'slice(...)' are incompatible between these types.
        Type 'symbol[]' is not assignable to type 'string[]'.
          Type 'symbol' is not assignable to type 'string'.
  Overload 2 of 2, '(...items: (string | ConcatArray<string>)[]): string[]', gave the following error.
    Argument of type 'symbol[]' is not assignable to parameter of type 'string | ConcatArray<string>'.
      Type 'symbol[]' is not assignable to type 'ConcatArray<string>'.
events.ts(49,63): error TS2552: Cannot find name 'umber'. Did you mean 'number'?
events.ts(70,34): error TS2304: Cannot find name 'Listener'.
events.ts(70,34): error TS4078: Parameter 'listener' of exported function has or is using private name 'Listener'.
events.ts(110,33): error TS2709: Cannot use namespace 'EventEmitter' as a type.
events.ts(110,33): error TS4078: Parameter 'that' of exported function has or is using private name 'EventEmitter'.
events.ts(112,25): error TS2339: Property 'defaultMaxListeners' does not exist on type 'typeof EventEmitter'.
events.ts(143,9): error TS2339: Property 'context' does not exist on type 'Error'.
events.ts(180,28): error TS2339: Property 'listener' does not exist on type 'Function'.
events.ts(180,48): error TS2339: Property 'listener' does not exist on type 'Function'.
events.ts(216,9): error TS2339: Property 'emitter' does not exist on type 'Error'.
events.ts(217,9): error TS2339: Property 'type' does not exist on type 'Error'.
events.ts(218,9): error TS2339: Property 'count' does not exist on type 'Error'.
events.ts(227,35): error TS2345: Argument of type 'EventListenerOrEventListenerObject' is not assignable to parameter of type 'Function'.
  Type 'EventListenerObject' is missing the following properties from type 'Function': apply, call, bind, prototype, and 6 more.
events.ts(257,33): error TS2345: Argument of type 'string' is not assignable to parameter of type 'Function'.
events.ts(264,50): error TS2345: Argument of type 'string' is not assignable to parameter of type 'Function'.
events.ts(399,48): error TS2709: Cannot use namespace 'EventEmitter' as a type.
events.ts(428,26): error TS2314: Generic type 'Array<T>' requires 1 type argument(s).
events.ts(437,5): error TS2542: Index signature in type 'readonly any[]' only permits reading.
events.ts(438,8): error TS2339: Property 'pop' does not exist on type 'readonly any[]'.
events.ts(449,24): error TS2709: Cannot use namespace 'EventEmitter' as a type.
events.ts(449,24): error TS4078: Parameter 'emitter' of exported function has or is using private name 'EventEmitter'.
events.ts(463,61): error TS2345: Argument of type '{ once: boolean; }' is not assignable to parameter of type 'number'.
events.ts(465,61): error TS2345: Argument of type '{ once: boolean; }' is not assignable to parameter of type 'number'.
events.ts(470,49): error TS2709: Cannot use namespace 'EventEmitter' as a type.
events.ts(470,49): error TS4078: Parameter 'emitter' of exported function has or is using private name 'EventEmitter'.
events.ts(476,50): error TS2709: Cannot use namespace 'EventEmitter' as a type.
events.ts(476,50): error TS4078: Parameter 'emitter' of exported function has or is using private name 'EventEmitter'.
events.ts(478,15): error TS2339: Property 'once' does not exist on type 'number'.
events.ts(486,63): error TS2304: Cannot find name 'Listener'.
events.ts(489,17): error TS2339: Property 'once' does not exist on type 'number'.

