index.ts(11,49): error TS2339: Property 'pre' does not exist on type 'never'.
index.ts(12,17): error TS2339: Property 'post' does not exist on type 'Function'.
index.ts(14,3): error TS2554: Expected 10 arguments, but got 6.
index.ts(18,10): error TS2339: Property 'keywords' does not exist on type '(schema: any, opts: any, cb: Function) => void'.
index.ts(30,10): error TS2339: Property 'arrayKeywords' does not exist on type '(schema: any, opts: any, cb: Function) => void'.
index.ts(37,10): error TS2339: Property 'propsKeywords' does not exist on type '(schema: any, opts: any, cb: Function) => void'.
index.ts(45,10): error TS2339: Property 'skipKeywords' does not exist on type '(schema: any, opts: any, cb: Function) => void'.
index.ts(67,26): error TS2304: Cannot find name 'SchemaOpts'.
index.ts(67,26): error TS4078: Parameter 'opts' of exported function has or is using private name 'SchemaOpts'.
index.ts(67,44): error TS2304: Cannot find name 'SchemaOpts'.
index.ts(67,44): error TS4078: Parameter 'pre' of exported function has or is using private name 'SchemaOpts'.
index.ts(67,63): error TS2304: Cannot find name 'SchemaOpts'.
index.ts(67,63): error TS4078: Parameter 'post' of exported function has or is using private name 'SchemaOpts'.
index.ts(67,84): error TS2304: Cannot find name 'SchemaOpts'.
index.ts(67,84): error TS4078: Parameter 'schema' of exported function has or is using private name 'SchemaOpts'.
index.ts(67,106): error TS2304: Cannot find name 'JsonPtr'.
index.ts(67,106): error TS4078: Parameter 'jsonPtr' of exported function has or is using private name 'JsonPtr'.
index.ts(67,128): error TS2304: Cannot find name 'JsonPtr'.
index.ts(67,128): error TS4078: Parameter 'rootSchema' of exported function has or is using private name 'JsonPtr'.
index.ts(67,153): error TS2304: Cannot find name 'JsonPtr'.
index.ts(67,153): error TS4078: Parameter 'parentJsonPtr' of exported function has or is using private name 'JsonPtr'.
index.ts(67,178): error TS2304: Cannot find name 'JsonPtr'.
index.ts(67,178): error TS4078: Parameter 'parentKeyword' of exported function has or is using private name 'JsonPtr'.
index.ts(67,202): error TS2304: Cannot find name 'JsonPtr'.
index.ts(67,202): error TS4078: Parameter 'parentSchema' of exported function has or is using private name 'JsonPtr'.
index.ts(73,29): error TS2339: Property 'arrayKeywords' does not exist on type '(schema: any, opts: any, cb: Function) => void'.
index.ts(77,34): error TS2339: Property 'propsKeywords' does not exist on type '(schema: any, opts: any, cb: Function) => void'.
index.ts(80,134): error TS2345: Argument of type 'string' is not assignable to parameter of type 'number'.
index.ts(82,34): error TS2339: Property 'keywords' does not exist on type '(schema: any, opts: any, cb: Function) => void'.
index.ts(82,81): error TS2339: Property 'skipKeywords' does not exist on type '(schema: any, opts: any, cb: Function) => void'.
index.ts(83,9): error TS2554: Expected 10 arguments, but got 9.
index.ts(92,14): error TS2339: Property 'replace' does not exist on type 'string | number'.
  Property 'replace' does not exist on type 'number'.

