bin/cmd.ts(27,5): error TS2451: Cannot redeclare block-scoped variable 'print'.
bin/cmd.ts(44,5): error TS2630: Cannot assign to 'print' because it is a function.
bin/cmd.ts(51,10): error TS2339: Property 'mode' does not exist on type '{}'.
index.ts(1,7): error TS2451: Cannot redeclare block-scoped variable 'optsArg'.
index.ts(2,7): error TS2451: Cannot redeclare block-scoped variable 'pathArg'.
index.ts(4,8): error TS2451: Cannot redeclare block-scoped variable 'mkdirpNative'.
index.ts(4,22): error TS2451: Cannot redeclare block-scoped variable 'mkdirpNativeSync'.
index.ts(5,8): error TS2451: Cannot redeclare block-scoped variable 'mkdirpManual'.
index.ts(5,22): error TS2451: Cannot redeclare block-scoped variable 'mkdirpManualSync'.
index.ts(6,8): error TS2451: Cannot redeclare block-scoped variable 'useNative'.
index.ts(6,19): error TS2451: Cannot redeclare block-scoped variable 'useNativeSync'.
lib/find-made.ts(1,8): error TS2451: Cannot redeclare block-scoped variable 'dirname'.
lib/find-made.ts(3,7): error TS2451: Cannot redeclare block-scoped variable 'findMade'.
lib/find-made.ts(16,7): error TS2451: Cannot redeclare block-scoped variable 'findMadeSync'.
lib/mkdirp-manual.ts(1,8): error TS2451: Cannot redeclare block-scoped variable 'dirname'.
lib/mkdirp-manual.ts(3,7): error TS2451: Cannot redeclare block-scoped variable 'mkdirpManual'.
lib/mkdirp-manual.ts(30,7): error TS2451: Cannot redeclare block-scoped variable 'mkdirpManualSync'.
lib/mkdirp-native.ts(1,8): error TS2451: Cannot redeclare block-scoped variable 'dirname'.
lib/mkdirp-native.ts(2,8): error TS2451: Cannot redeclare block-scoped variable 'findMade'.
lib/mkdirp-native.ts(2,18): error TS2451: Cannot redeclare block-scoped variable 'findMadeSync'.
lib/mkdirp-native.ts(3,8): error TS2451: Cannot redeclare block-scoped variable 'mkdirpManual'.
lib/mkdirp-native.ts(3,22): error TS2451: Cannot redeclare block-scoped variable 'mkdirpManualSync'.
lib/mkdirp-native.ts(5,7): error TS2451: Cannot redeclare block-scoped variable 'mkdirpNative'.
lib/mkdirp-native.ts(21,7): error TS2451: Cannot redeclare block-scoped variable 'mkdirpNativeSync'.
lib/opts-arg.ts(2,7): error TS2451: Cannot redeclare block-scoped variable 'fs'.
lib/opts-arg.ts(3,7): error TS2451: Cannot redeclare block-scoped variable 'optsArg'.
lib/path-arg.ts(3,7): error TS2451: Cannot redeclare block-scoped variable 'pathArg'.
lib/use-native.ts(1,7): error TS2451: Cannot redeclare block-scoped variable 'fs'.
lib/use-native.ts(7,7): error TS2451: Cannot redeclare block-scoped variable 'useNative'.
lib/use-native.ts(8,7): error TS2451: Cannot redeclare block-scoped variable 'useNativeSync'.
../../../../../tools/node_modules/typescript/lib/lib.dom.d.ts(17768,18): error TS2451: Cannot redeclare block-scoped variable 'print'.

