bench.ts(11,23): error TS2307: Cannot find module 'benchmark' or its corresponding type declarations.
bench.ts(14,13): error TS2314: Generic type 'Array<T>' requires 1 type argument(s).
bench.ts(18,3): error TS2365: Operator '+=' cannot be applied to types 'Number' and 'number'.
bench.ts(24,2): error TS2339: Property 'add' does not exist on type 'HTMLElement'.
bench.ts(24,38): error TS2314: Generic type 'Array<T>' requires 1 type argument(s).
bench.ts(33,7): error TS2365: Operator '+=' cannot be applied to types 'Number' and 'String'.
bench.ts(37,35): error TS2314: Generic type 'Array<T>' requires 1 type argument(s).
bench.ts(46,46): error TS2314: Generic type 'Array<T>' requires 1 type argument(s).
bench.ts(55,7): error TS2365: Operator '+=' cannot be applied to types 'Number' and 'String'.
bench.ts(59,35): error TS2314: Generic type 'Array<T>' requires 1 type argument(s).
bench.ts(71,25): error TS2339: Property 'target' does not exist on type 'HTMLElement'.
lib/abort.ts(9,31): error TS2304: Cannot find name 'Void'.
lib/abort.ts(11,21): error TS2339: Property 'jobs' does not exist on type 'Error'.
lib/abort.ts(14,9): error TS2339: Property 'jobs' does not exist on type 'Error'.
lib/abort.ts(23,30): error TS2304: Cannot find name 'Void'.
lib/abort.ts(25,24): error TS2538: Type 'String' cannot be used as an index type.
lib/abort.ts(27,15): error TS2538: Type 'String' cannot be used as an index type.
lib/async.ts(18,9): error TS2345: Argument of type '() => void' is not assignable to parameter of type 'Number'.
lib/async.ts(20,64): error TS2304: Cannot find name 'Void'.
lib/async.ts(28,22): error TS2345: Argument of type '() => Void' is not assignable to parameter of type 'Number'.
lib/async.ts(28,43): error TS2304: Cannot find name 'Void'.
lib/defer.ts(8,29): error TS2304: Cannot find name 'Void'.
lib/defer.ts(24,16): error TS2769: No overload matches this call.
  Overload 1 of 3, '(callback: () => void, ms?: number): Timeout', gave the following error.
    Argument of type 'Number' is not assignable to parameter of type '() => void'.
      Type 'Number' provides no match for the signature '(): void'.
  Overload 2 of 3, '(callback: (args: void) => void, ms?: number): Timeout', gave the following error.
    Argument of type 'Number' is not assignable to parameter of type '(args: void) => void'.
      Type 'Number' provides no match for the signature '(args: void): void'.
  Overload 3 of 3, '(handler: TimerHandler, timeout?: number, ...arguments: any[]): number', gave the following error.
    Argument of type 'Number' is not assignable to parameter of type 'TimerHandler'.
      Type 'Number' is missing the following properties from type 'Function': apply, call, bind, prototype, and 6 more.
lib/iterate.ts(15,88): error TS2304: Cannot find name 'Void'.
lib/iterate.ts(18,67): error TS2339: Property 'index' does not exist on type 'Object'.
lib/iterate.ts(18,82): error TS2339: Property 'index' does not exist on type 'Object'.
lib/iterate.ts(20,9): error TS2339: Property 'jobs' does not exist on type 'Object'.
lib/iterate.ts(20,48): error TS2538: Type 'String' cannot be used as an index type.
lib/iterate.ts(24,11): error TS2360: The left-hand side of an 'in' expression must be a private identifier or of type 'any', 'string', 'number', or 'symbol'.
lib/iterate.ts(24,24): error TS2339: Property 'jobs' does not exist on type 'Object'.
lib/iterate.ts(30,18): error TS2339: Property 'jobs' does not exist on type 'Object'.
lib/iterate.ts(37,13): error TS2345: Argument of type 'Object' is not assignable to parameter of type 'Error'.
  The 'Object' type is assignable to very few other types. Did you mean to use the 'any' type instead?
    Type 'Object' is missing the following properties from type 'Error': name, message
lib/iterate.ts(41,13): error TS2339: Property 'results' does not exist on type 'Object'.
lib/iterate.ts(45,27): error TS2339: Property 'results' does not exist on type 'Object'.
lib/iterate.ts(60,16): error TS2314: Generic type 'Array<T>' requires 1 type argument(s).
lib/readable_asynckit.ts(11,30): error TS2304: Cannot find name 'Void'.
lib/readable_asynckit.ts(13,20): error TS2339: Property 'super_' does not exist on type '() => Void'.
lib/readable_asynckit.ts(30,21): error TS2304: Cannot find name 'Void'.
lib/readable_asynckit.ts(50,20): error TS2304: Cannot find name 'Void'.
lib/readable_asynckit.ts(55,13): error TS2314: Generic type 'Array<T>' requires 1 type argument(s).
lib/readable_asynckit.ts(71,32): error TS2339: Property 'apply' does not exist on type 'Object'.
lib/readable_asynckit.ts(87,19): error TS2304: Cannot find name 'Void'.
lib/readable_parallel.ts(18,12): error TS2350: Only a void function can be called with the 'new' keyword.
lib/readable_parallel.ts(22,20): error TS2339: Property 'super_' does not exist on type '(list: Object, iterator: Function, callback: Function) => Object'.
lib/readable_serial.ts(18,12): error TS2350: Only a void function can be called with the 'new' keyword.
lib/readable_serial.ts(22,18): error TS2339: Property 'super_' does not exist on type '(list: Object, iterator: Function, callback: Function) => Object'.
lib/readable_serial_ordered.ts(1,8): error TS1192: Module '"/mnt/data/mhyee/not-type-inference/data/LambdaNet-out/top1k-untyped-nodeps-es6/baseline/asynckit/serialOrdered"' has no default export.
lib/readable_serial_ordered.ts(24,12): error TS2350: Only a void function can be called with the 'new' keyword.
lib/readable_serial_ordered.ts(28,25): error TS2339: Property 'super_' does not exist on type '(list: Object, iterator: Function, sortMethod: String, callback: Object) => Object'.
lib/state.ts(13,22): error TS2314: Generic type 'Array<T>' requires 1 type argument(s).
lib/state.ts(30,15): error TS2339: Property 'keyedList' does not exist on type 'Object'.
lib/state.ts(30,69): error TS2314: Generic type 'Array<T>' requires 1 type argument(s).
lib/state.ts(30,79): error TS2314: Generic type 'Array<T>' requires 1 type argument(s).
lib/streamify.ts(18,15): error TS2314: Generic type 'Array<T>' requires 1 type argument(s).
lib/streamify.ts(23,20): error TS2314: Generic type 'Array<T>' requires 1 type argument(s).
lib/streamify.ts(54,15): error TS2314: Generic type 'Array<T>' requires 1 type argument(s).
lib/streamify.ts(76,15): error TS2314: Generic type 'Array<T>' requires 1 type argument(s).
lib/streamify.ts(81,11): error TS2360: The left-hand side of an 'in' expression must be a private identifier or of type 'any', 'string', 'number', or 'symbol'.
lib/streamify.ts(102,71): error TS2304: Cannot find name 'Void'.
lib/streamify.ts(110,38): error TS2339: Property 'value' does not exist on type 'Object'.
lib/streamify.ts(119,36): error TS2339: Property 'value' does not exist on type 'Object'.
lib/streamify.ts(130,71): error TS2304: Cannot find name 'Void'.
lib/terminator.ts(13,42): error TS2304: Cannot find name 'Void'.
parallel.ts(16,74): error TS2314: Generic type 'Promise<T>' requires 1 type argument(s).
parallel.ts(18,23): error TS2554: Expected 2 arguments, but got 1.
parallel.ts(20,16): error TS2339: Property 'index' does not exist on type 'Object'.
parallel.ts(22,68): error TS2314: Generic type 'Array<T>' requires 1 type argument(s).
parallel.ts(31,29): error TS2339: Property 'jobs' does not exist on type 'Object'.
parallel.ts(33,30): error TS2339: Property 'results' does not exist on type 'Object'.
parallel.ts(38,11): error TS2339: Property 'index' does not exist on type 'Object'.
serial.ts(1,8): error TS1192: Module '"/mnt/data/mhyee/not-type-inference/data/LambdaNet-out/top1k-untyped-nodeps-es6/baseline/asynckit/serialOrdered"' has no default export.
serialOrdered.ts(20,99): error TS2314: Generic type 'Promise<T>' requires 1 type argument(s).
serialOrdered.ts(22,39): error TS2345: Argument of type 'String' is not assignable to parameter of type 'Function'.
  Type 'String' is missing the following properties from type 'Function': apply, call, bind, prototype, and 5 more.
serialOrdered.ts(24,93): error TS2304: Cannot find name 'Void'.
serialOrdered.ts(32,11): error TS2339: Property 'index' does not exist on type 'Object'.
serialOrdered.ts(35,15): error TS2339: Property 'index' does not exist on type 'Object'.
serialOrdered.ts(42,26): error TS2339: Property 'results' does not exist on type 'Object'.
serialOrdered.ts(73,15): error TS2363: The right-hand side of an arithmetic operation must be of type 'any', 'number', 'bigint' or an enum type.
serialOrdered.ts(73,25): error TS2345: Argument of type 'String' is not assignable to parameter of type 'Number'.
  Type 'String' is missing the following properties from type 'Number': toFixed, toExponential, toPrecision

