example/index.ts(10,10): error TS2314: Generic type 'Array<T>' requires 1 type argument(s).
example/index.ts(10,18): error TS7009: 'new' expression, whose target lacks a construct signature, implicitly has an 'any' type.
example/index.ts(11,16): error TS2314: Generic type 'Array<T>' requires 1 type argument(s).
example/index.ts(13,29): error TS2314: Generic type 'Promise<T>' requires 1 type argument(s).
example/index.ts(14,22): error TS2345: Argument of type '(resolve: Number) => NodeJS.Timeout' is not assignable to parameter of type '(resolve: (value: unknown) => void, reject: (reason?: any) => void) => void'.
  Types of parameters 'resolve' and 'resolve' are incompatible.
    Type '(value: unknown) => void' is not assignable to type 'Number'.
example/index.ts(14,54): error TS2769: No overload matches this call.
  Overload 1 of 3, '(callback: () => void, ms?: number | undefined): Timeout', gave the following error.
    Argument of type 'Number' is not assignable to parameter of type '() => void'.
      Type 'Number' provides no match for the signature '(): void'.
  Overload 2 of 3, '(callback: (args: void) => void, ms?: number | undefined): Timeout', gave the following error.
    Argument of type 'Number' is not assignable to parameter of type '(args: void) => void'.
      Type 'Number' provides no match for the signature '(args: void): void'.
  Overload 3 of 3, '(handler: TimerHandler, timeout?: number | undefined, ...arguments: any[]): number', gave the following error.
    Argument of type 'Number' is not assignable to parameter of type 'TimerHandler'.
      Type 'Number' is missing the following properties from type 'Function': apply, call, bind, prototype, and 6 more.
example/index.ts(18,10): error TS2365: Operator '+' cannot be applied to types 'number' and 'Number'.
example/index.ts(21,32): error TS2304: Cannot find name 'Void'.
example/index.ts(28,15): error TS2345: Argument of type 'String' is not assignable to parameter of type 'Number'.
  Type 'String' is missing the following properties from type 'Number': toFixed, toExponential, toPrecision
example/index.ts(28,22): error TS2345: Argument of type 'number' is not assignable to parameter of type 'Function'.
example/index.ts(30,3): error TS2349: This expression is not callable.
  Type 'HTMLElement' has no call signatures.
example/index.ts(35,17): error TS2345: Argument of type 'String' is not assignable to parameter of type 'Number'.
example/index.ts(35,24): error TS2345: Argument of type 'number' is not assignable to parameter of type 'Function'.
example/index.ts(37,5): error TS2349: This expression is not callable.
  Type 'HTMLElement' has no call signatures.
example/index.ts(40,17): error TS2345: Argument of type 'String' is not assignable to parameter of type 'Number'.
example/index.ts(40,24): error TS2345: Argument of type 'number' is not assignable to parameter of type 'Function'.
example/index.ts(42,5): error TS2349: This expression is not callable.
  Type 'HTMLElement' has no call signatures.
example/index.ts(47,15): error TS2345: Argument of type 'String' is not assignable to parameter of type 'Number'.
example/index.ts(47,22): error TS2345: Argument of type 'number' is not assignable to parameter of type 'Function'.
example/index.ts(49,3): error TS2349: This expression is not callable.
  Type 'HTMLElement' has no call signatures.
example/index.ts(53,15): error TS2345: Argument of type 'String' is not assignable to parameter of type 'Number'.
example/index.ts(53,22): error TS2345: Argument of type 'number' is not assignable to parameter of type 'Function'.
example/index.ts(55,3): error TS2349: This expression is not callable.
  Type 'HTMLElement' has no call signatures.
index.ts(3,34): error TS2366: Function lacks ending return statement and return type does not include 'undefined'.
index.ts(4,9): error TS2683: 'this' implicitly has type 'any' because it does not have a type annotation.
index.ts(5,12): error TS7009: 'new' expression, whose target lacks a construct signature, implicitly has an 'any' type.
index.ts(9,3): error TS2683: 'this' implicitly has type 'any' because it does not have a type annotation.
index.ts(9,30): error TS2339: Property 'concurrency' does not exist on type 'Object'.
index.ts(10,3): error TS2683: 'this' implicitly has type 'any' because it does not have a type annotation.
index.ts(11,3): error TS2683: 'this' implicitly has type 'any' because it does not have a type annotation.
index.ts(12,3): error TS2683: 'this' implicitly has type 'any' because it does not have a type annotation.
index.ts(13,3): error TS2683: 'this' implicitly has type 'any' because it does not have a type annotation.
index.ts(13,26): error TS2683: 'this' implicitly has type 'any' because it does not have a type annotation.
index.ts(14,3): error TS2683: 'this' implicitly has type 'any' because it does not have a type annotation.
index.ts(14,24): error TS2683: 'this' implicitly has type 'any' because it does not have a type annotation.
index.ts(19,18): error TS2304: Cannot find name 'Void'.
index.ts(20,3): error TS2683: 'this' implicitly has type 'any' because it does not have a type annotation.
index.ts(21,3): error TS2683: 'this' implicitly has type 'any' because it does not have a type annotation.
index.ts(24,17): error TS2304: Cannot find name 'Void'.
index.ts(27,10): error TS2683: 'this' implicitly has type 'any' because it does not have a type annotation.
index.ts(27,25): error TS2683: 'this' implicitly has type 'any' because it does not have a type annotation.
index.ts(27,45): error TS2683: 'this' implicitly has type 'any' because it does not have a type annotation.
index.ts(28,5): error TS2683: 'this' implicitly has type 'any' because it does not have a type annotation.
index.ts(29,25): error TS2683: 'this' implicitly has type 'any' because it does not have a type annotation.
index.ts(30,9): error TS2683: 'this' implicitly has type 'any' because it does not have a type annotation.
index.ts(34,10): error TS2683: 'this' implicitly has type 'any' because it does not have a type annotation.
index.ts(34,31): error TS2683: 'this' implicitly has type 'any' because it does not have a type annotation.
index.ts(35,24): error TS2683: 'this' implicitly has type 'any' because it does not have a type annotation.
index.ts(42,19): error TS2538: Type 'String' cannot be used as an index type.
index.ts(43,23): error TS2314: Generic type 'Array<T>' requires 1 type argument(s).
index.ts(43,47): error TS2538: Type 'String' cannot be used as an index type.
../../../../node_modules/@types/get-intrinsic/internal/intrinsics.d.ts(11,25): error TS2304: Cannot find name 'AggregateErrorConstructor'.
../../../../node_modules/@types/get-intrinsic/internal/intrinsics.d.ts(126,42): error TS2304: Cannot find name 'AggregateError'.
../../../../node_modules/@types/get-intrinsic/internal/intrinsics.d.ts(127,47): error TS2304: Cannot find name 'AggregateError'.
../../../../node_modules/@types/get-intrinsic/internal/intrinsics.d.ts(128,50): error TS2304: Cannot find name 'AggregateError'.
../../../../node_modules/@types/get-intrinsic/internal/intrinsics.d.ts(418,37): error TS2550: Property 'any' does not exist on type 'PromiseConstructor'. Do you need to change your target library? Try changing the 'lib' compiler option to 'es2021' or later.
../../../../node_modules/@types/get-intrinsic/internal/intrinsics.d.ts(514,62): error TS2550: Property 'replaceAll' does not exist on type 'String'. Do you need to change your target library? Try changing the 'lib' compiler option to 'es2021' or later.

