demo/fs-1.ts(1,19): error TS2307: Cannot find module 'memfs' or its corresponding type declarations.
demo/fs-1.ts(2,23): error TS2307: Cannot find module 'fs-monkey' or its corresponding type declarations.
demo/require-1.ts(1,19): error TS2307: Cannot find module 'memfs' or its corresponding type declarations.
demo/require-1.ts(2,28): error TS2307: Cannot find module 'fs-monkey' or its corresponding type declarations.
demo/require-2.ts(1,19): error TS2307: Cannot find module 'memfs' or its corresponding type declarations.
demo/require-2.ts(2,28): error TS2307: Cannot find module 'fs-monkey' or its corresponding type declarations.
demo/require-2.ts(3,19): error TS2307: Cannot find module 'unionfs' or its corresponding type declarations.
demo/yolo-1.ts(1,23): error TS2307: Cannot find module 'fs-monkey' or its corresponding type declarations.
src/correctPath.ts(13,3): error TS2322: Type 'string' is not assignable to type 'any[]'.
src/correctPath.ts(15,21): error TS2345: Argument of type 'string' is not assignable to parameter of type 'object'.
src/correctPath.ts(18,2): error TS2322: Type 'string' is not assignable to type 'any[]'.
src/correctPath.ts(38,7): error TS2367: This condition will always return 'true' since the types 'number' and 'boolean' have no overlap.
src/correctPath.ts(39,5): error TS2322: Type 'any[]' is not assignable to type 'string'.
src/correctPath.ts(51,43): error TS2322: Type 'boolean' is not assignable to type 'string'.
src/correctPath.ts(53,40): error TS2345: Argument of type 'string' is not assignable to parameter of type 'number'.
src/correctPath.ts(63,5): error TS2322: Type 'string' is not assignable to type 'object'.
src/patchFs.ts(23,19): error TS2339: Property 'StatWatcher' does not exist on type 'object'.
src/patchFs.ts(24,34): error TS2339: Property 'FSWatcher' does not exist on type 'object'.
src/patchFs.ts(26,19): error TS2339: Property 'FSWatcher' does not exist on type 'object'.
src/patchFs.ts(27,32): error TS2339: Property 'StatWatcher' does not exist on type 'object'.
src/patchFs.ts(29,19): error TS2339: Property 'ReadStream' does not exist on type 'object'.
src/patchFs.ts(30,33): error TS2339: Property 'ReadStream' does not exist on type 'object'.
src/patchFs.ts(32,19): error TS2339: Property 'WriteStream' does not exist on type 'object'.
src/patchFs.ts(33,34): error TS2339: Property 'WriteStream' does not exist on type 'object'.
src/patchFs.ts(38,19): error TS2339: Property '_toUnixTimestamp' does not exist on type 'object'.
src/patchRequire.ts(15,5): error TS2322: Type 'string' is not assignable to type 'any[]'.
src/patchRequire.ts(44,33): error TS2339: Property 'readFileSync' does not exist on type 'object'.
src/patchRequire.ts(48,33): error TS2339: Property 'realpathSync' does not exist on type 'object'.
src/patchRequire.ts(52,33): error TS2339: Property 'statSync' does not exist on type 'object'.
src/patchRequire.ts(60,52): error TS2314: Generic type 'Promise<T>' requires 1 type argument(s).
src/patchRequire.ts(62,24): error TS2339: Property 'readFileSync' does not exist on type 'object'.
src/patchRequire.ts(73,13): error TS2322: Type 'number' is not assignable to type 'boolean'.
  Type 'number' is not assignable to type 'boolean'.
src/patchRequire.ts(73,24): error TS2339: Property 'statSync' does not exist on type 'object'.
src/patchRequire.ts(75,13): error TS2322: Type 'number' is not assignable to type 'boolean'.
src/patchRequire.ts(80,25): error TS2339: Property '_makeLong' does not exist on type 'PlatformPath'.
src/patchRequire.ts(83,42): error TS2339: Property 'get' does not exist on type 'object'.
src/patchRequire.ts(86,15): error TS2322: Type 'boolean' is not assignable to type 'object'.
src/patchRequire.ts(86,51): error TS2345: Argument of type 'string' is not assignable to parameter of type 'number'.
src/patchRequire.ts(87,35): error TS2339: Property 'set' does not exist on type 'object'.
src/patchRequire.ts(88,9): error TS2322: Type 'object' is not assignable to type 'string'.
src/patchRequire.ts(96,47): error TS2314: Generic type 'Promise<T>' requires 1 type argument(s).
src/patchRequire.ts(97,20): error TS2339: Property 'realpathSync' does not exist on type 'object'.
src/patchRequire.ts(108,58): error TS2339: Property '_makeLong' does not exist on type 'PlatformPath'.
src/patchRequire.ts(116,62): error TS2345: Argument of type 'number' is not assignable to parameter of type 'string'.
src/patchRequire.ts(127,15): error TS2322: Type 'string' is not assignable to type 'number'.
src/patchRequire.ts(129,13): error TS2322: Type 'string' is not assignable to type 'boolean'.
src/patchRequire.ts(149,13): error TS2322: Type 'boolean' is not assignable to type 'number'.
src/patchRequire.ts(153,58): error TS2345: Argument of type 'number' is not assignable to parameter of type 'string'.
src/patchRequire.ts(155,37): error TS2345: Argument of type 'string' is not assignable to parameter of type 'any[]'.
src/patchRequire.ts(156,60): error TS2345: Argument of type 'string' is not assignable to parameter of type 'any[]'.
src/patchRequire.ts(161,12): error TS2339: Property '_extensions' does not exist on type 'HTMLElement'.
src/patchRequire.ts(162,35): error TS2339: Property 'readFileSync' does not exist on type 'object'.
src/patchRequire.ts(163,16): error TS2339: Property '_compile' does not exist on type 'string'.
src/patchRequire.ts(167,12): error TS2339: Property '_extensions' does not exist on type 'HTMLElement'.
src/patchRequire.ts(168,35): error TS2339: Property 'readFileSync' does not exist on type 'object'.
src/patchRequire.ts(170,13): error TS1258: A default export must be at the top level of a file or module declaration.
src/patchRequire.ts(178,12): error TS2339: Property '_findPath' does not exist on type 'HTMLElement'.
src/patchRequire.ts(187,37): error TS2339: Property '_pathCache' does not exist on type 'HTMLElement'.
src/patchRequire.ts(199,28): error TS2365: Operator '<' cannot be applied to types 'string' and 'number'.
src/patchRequire.ts(203,17): error TS2322: Type 'string' is not assignable to type 'number'.
src/patchRequire.ts(207,25): error TS2322: Type 'string' is not assignable to type 'number'.
src/patchRequire.ts(213,25): error TS2322: Type 'string[]' is not assignable to type 'string'.
src/patchRequire.ts(213,51): error TS2339: Property '_extensions' does not exist on type 'HTMLElement'.
src/patchRequire.ts(214,21): error TS2322: Type 'boolean' is not assignable to type 'number'.
src/patchRequire.ts(220,25): error TS2322: Type 'string[]' is not assignable to type 'string'.
src/patchRequire.ts(220,51): error TS2339: Property '_extensions' does not exist on type 'HTMLElement'.
src/patchRequire.ts(221,21): error TS2322: Type 'boolean' is not assignable to type 'number'.
src/patchRequire.ts(221,56): error TS2345: Argument of type 'string' is not assignable to parameter of type 'any[]'.
src/patchRequire.ts(227,21): error TS2322: Type 'string[]' is not assignable to type 'string'.
src/patchRequire.ts(227,47): error TS2339: Property '_extensions' does not exist on type 'HTMLElement'.
src/patchRequire.ts(228,17): error TS2322: Type 'boolean' is not assignable to type 'number'.
src/patchRequire.ts(234,21): error TS2322: Type 'string[]' is not assignable to type 'string'.
src/patchRequire.ts(234,47): error TS2339: Property '_extensions' does not exist on type 'HTMLElement'.
src/patchRequire.ts(235,17): error TS2322: Type 'boolean' is not assignable to type 'number'.
src/patchRequire.ts(235,75): error TS2345: Argument of type 'string' is not assignable to parameter of type 'any[]'.
src/patchRequire.ts(251,24): error TS2339: Property '_pathCache' does not exist on type 'HTMLElement'.

