index.ts(6,36): error TS2304: Cannot find name 'Void'.
index.ts(17,7): error TS2322: Type 'boolean' is not assignable to type 'Number'.
index.ts(37,24): error TS2345: Argument of type 'Number' is not assignable to parameter of type 'number'.
  'number' is a primitive, but 'Number' is a wrapper object. Prefer using 'number' when possible.
index.ts(62,13): error TS2322: Type 'Number' is not assignable to type 'Boolean'.
  The types returned by 'valueOf()' are incompatible between these types.
    Type 'number' is not assignable to type 'boolean'.
index.ts(64,27): error TS2356: An arithmetic operand must be of type 'any', 'number', 'bigint' or an enum type.
index.ts(65,34): error TS2345: Argument of type 'Number' is not assignable to parameter of type 'number'.
  'number' is a primitive, but 'Number' is a wrapper object. Prefer using 'number' when possible.
index.ts(69,24): error TS2367: This condition will always return 'true' since the types 'Number' and 'Boolean' have no overlap.
index.ts(71,11): error TS2322: Type 'Number' is not assignable to type 'Boolean'.
index.ts(73,29): error TS2356: An arithmetic operand must be of type 'any', 'number', 'bigint' or an enum type.
index.ts(74,36): error TS2345: Argument of type 'Number' is not assignable to parameter of type 'number'.
  'number' is a primitive, but 'Number' is a wrapper object. Prefer using 'number' when possible.
index.ts(78,26): error TS2367: This condition will always return 'true' since the types 'Number' and 'Boolean' have no overlap.
index.ts(80,13): error TS2322: Type 'Number' is not assignable to type 'Boolean'.
index.ts(82,31): error TS2356: An arithmetic operand must be of type 'any', 'number', 'bigint' or an enum type.
index.ts(83,38): error TS2345: Argument of type 'Number' is not assignable to parameter of type 'number'.
  'number' is a primitive, but 'Number' is a wrapper object. Prefer using 'number' when possible.
index.ts(91,17): error TS2367: This condition will always return 'true' since the types 'Number' and 'Boolean' have no overlap.
index.ts(96,34): error TS2365: Operator '+' cannot be applied to types 'Number' and 'number'.
index.ts(119,16): error TS2362: The left-hand side of an arithmetic operation must be of type 'any', 'number', 'bigint' or an enum type.
index.ts(138,24): error TS2345: Argument of type 'Number' is not assignable to parameter of type 'number'.
  'number' is a primitive, but 'Number' is a wrapper object. Prefer using 'number' when possible.
../../../../node_modules/@types/get-intrinsic/internal/intrinsics.d.ts(11,25): error TS2304: Cannot find name 'AggregateErrorConstructor'.
../../../../node_modules/@types/get-intrinsic/internal/intrinsics.d.ts(126,42): error TS2304: Cannot find name 'AggregateError'.
../../../../node_modules/@types/get-intrinsic/internal/intrinsics.d.ts(127,47): error TS2304: Cannot find name 'AggregateError'.
../../../../node_modules/@types/get-intrinsic/internal/intrinsics.d.ts(128,50): error TS2304: Cannot find name 'AggregateError'.
../../../../node_modules/@types/get-intrinsic/internal/intrinsics.d.ts(418,37): error TS2550: Property 'any' does not exist on type 'PromiseConstructor'. Do you need to change your target library? Try changing the 'lib' compiler option to 'es2021' or later.
../../../../node_modules/@types/get-intrinsic/internal/intrinsics.d.ts(514,62): error TS2550: Property 'replaceAll' does not exist on type 'String'. Do you need to change your target library? Try changing the 'lib' compiler option to 'es2021' or later.

