index.ts(7,3): error TS1258: A default export must be at the top level of a file or module declaration.
index.ts(9,3): error TS1258: A default export must be at the top level of a file or module declaration.
index.ts(17,13): error TS2314: Generic type 'Array<T>' requires 1 type argument(s).
index.ts(21,5): error TS2322: Type 'void' is not assignable to type 'Boolean'.
index.ts(23,5): error TS2322: Type 'void' is not assignable to type 'Boolean'.
index.ts(23,54): error TS2304: Cannot find name 'Void'.
index.ts(27,5): error TS2322: Type 'void' is not assignable to type 'Boolean'.
index.ts(27,54): error TS2304: Cannot find name 'Void'.
index.ts(31,5): error TS2322: Type 'void' is not assignable to type 'Boolean'.
index.ts(31,56): error TS2304: Cannot find name 'Void'.
index.ts(35,22): error TS2362: The left-hand side of an arithmetic operation must be of type 'any', 'number', 'bigint' or an enum type.
index.ts(38,12): error TS2356: An arithmetic operand must be of type 'any', 'number', 'bigint' or an enum type.
index.ts(38,29): error TS2538: Type 'Number' cannot be used as an index type.
index.ts(40,5): error TS2322: Type 'void' is not assignable to type 'Boolean'.
index.ts(40,51): error TS2304: Cannot find name 'Void'.
../../../../node_modules/@types/get-intrinsic/internal/intrinsics.d.ts(11,25): error TS2304: Cannot find name 'AggregateErrorConstructor'.
../../../../node_modules/@types/get-intrinsic/internal/intrinsics.d.ts(126,42): error TS2304: Cannot find name 'AggregateError'.
../../../../node_modules/@types/get-intrinsic/internal/intrinsics.d.ts(127,47): error TS2304: Cannot find name 'AggregateError'.
../../../../node_modules/@types/get-intrinsic/internal/intrinsics.d.ts(128,50): error TS2304: Cannot find name 'AggregateError'.
../../../../node_modules/@types/get-intrinsic/internal/intrinsics.d.ts(418,37): error TS2550: Property 'any' does not exist on type 'PromiseConstructor'. Do you need to change your target library? Try changing the 'lib' compiler option to 'es2021' or later.
../../../../node_modules/@types/get-intrinsic/internal/intrinsics.d.ts(514,62): error TS2550: Property 'replaceAll' does not exist on type 'String'. Do you need to change your target library? Try changing the 'lib' compiler option to 'es2021' or later.

