bench/_measure.ts(6,15): error TS2314: Generic type 'Array<T>' requires 1 type argument(s).
bench/_measure.ts(7,31): error TS2345: Argument of type 'number' is not assignable to parameter of type 'string'.
bench/_measure.ts(13,44): error TS2363: The right-hand side of an arithmetic operation must be of type 'any', 'number', 'bigint' or an enum type.
bench/_measure.ts(18,38): error TS2363: The right-hand side of an arithmetic operation must be of type 'any', 'number', 'bigint' or an enum type.
bench/_measure.ts(22,37): error TS2363: The right-hand side of an arithmetic operation must be of type 'any', 'number', 'bigint' or an enum type.
bench/_measure.ts(23,34): error TS2345: Argument of type 'number' is not assignable to parameter of type 'string'.
bench/require-babel-core.ts(4,7): error TS2451: Cannot redeclare block-scoped variable 'WITH_CACHE'.
bench/require-flow-parser.ts(4,7): error TS2451: Cannot redeclare block-scoped variable 'WITH_CACHE'.
bench/require-rxjs-bundle.ts(4,7): error TS2451: Cannot redeclare block-scoped variable 'WITH_CACHE'.
bench/require-rxjs-module.ts(4,7): error TS2451: Cannot redeclare block-scoped variable 'WITH_CACHE'.
bench/require-yarn.ts(4,7): error TS2451: Cannot redeclare block-scoped variable 'WITH_CACHE'.
v8-compile-cache.ts(19,10): error TS2339: Property '_blobFilename' does not exist on type 'FileSystemBlobStore'.
v8-compile-cache.ts(20,10): error TS2339: Property '_mapFilename' does not exist on type 'FileSystemBlobStore'.
v8-compile-cache.ts(21,10): error TS2339: Property '_lockFilename' does not exist on type 'FileSystemBlobStore'.
v8-compile-cache.ts(22,10): error TS2339: Property '_directory' does not exist on type 'FileSystemBlobStore'.
v8-compile-cache.ts(27,34): error TS2339: Property '_memoryBlobs' does not exist on type 'FileSystemBlobStore'.
v8-compile-cache.ts(28,19): error TS2339: Property '_invalidationKeys' does not exist on type 'FileSystemBlobStore'.
v8-compile-cache.ts(29,41): error TS2339: Property '_storedMap' does not exist on type 'FileSystemBlobStore'.
v8-compile-cache.ts(30,19): error TS2339: Property '_storedMap' does not exist on type 'FileSystemBlobStore'.
v8-compile-cache.ts(36,34): error TS2339: Property '_memoryBlobs' does not exist on type 'FileSystemBlobStore'.
v8-compile-cache.ts(37,16): error TS2339: Property '_invalidationKeys' does not exist on type 'FileSystemBlobStore'.
v8-compile-cache.ts(38,21): error TS2339: Property '_memoryBlobs' does not exist on type 'FileSystemBlobStore'.
v8-compile-cache.ts(40,41): error TS2339: Property '_storedMap' does not exist on type 'FileSystemBlobStore'.
v8-compile-cache.ts(41,36): error TS2339: Property '_storedMap' does not exist on type 'FileSystemBlobStore'.
v8-compile-cache.ts(43,21): error TS2339: Property '_storedBlob' does not exist on type 'FileSystemBlobStore'.
v8-compile-cache.ts(49,10): error TS2339: Property '_invalidationKeys' does not exist on type 'FileSystemBlobStore'.
v8-compile-cache.ts(50,10): error TS2339: Property '_memoryBlobs' does not exist on type 'FileSystemBlobStore'.
v8-compile-cache.ts(51,10): error TS2339: Property '_dirty' does not exist on type 'FileSystemBlobStore'.
v8-compile-cache.ts(55,34): error TS2339: Property '_memoryBlobs' does not exist on type 'FileSystemBlobStore'.
v8-compile-cache.ts(56,12): error TS2339: Property '_dirty' does not exist on type 'FileSystemBlobStore'.
v8-compile-cache.ts(57,19): error TS2339: Property '_memoryBlobs' does not exist on type 'FileSystemBlobStore'.
v8-compile-cache.ts(59,34): error TS2339: Property '_invalidationKeys' does not exist on type 'FileSystemBlobStore'.
v8-compile-cache.ts(60,12): error TS2339: Property '_dirty' does not exist on type 'FileSystemBlobStore'.
v8-compile-cache.ts(61,19): error TS2339: Property '_invalidationKeys' does not exist on type 'FileSystemBlobStore'.
v8-compile-cache.ts(63,34): error TS2339: Property '_storedMap' does not exist on type 'FileSystemBlobStore'.
v8-compile-cache.ts(64,12): error TS2339: Property '_dirty' does not exist on type 'FileSystemBlobStore'.
v8-compile-cache.ts(65,19): error TS2339: Property '_storedMap' does not exist on type 'FileSystemBlobStore'.
v8-compile-cache.ts(70,17): error TS2339: Property '_dirty' does not exist on type 'FileSystemBlobStore'.
v8-compile-cache.ts(74,17): error TS2314: Generic type 'Promise<T>' requires 1 type argument(s).
v8-compile-cache.ts(75,24): error TS2314: Generic type 'Array<T>' requires 1 type argument(s).
v8-compile-cache.ts(79,23): error TS2339: Property '_directory' does not exist on type 'FileSystemBlobStore'.
v8-compile-cache.ts(80,29): error TS2339: Property '_lockFilename' does not exist on type 'FileSystemBlobStore'.
v8-compile-cache.ts(87,29): error TS2339: Property '_blobFilename' does not exist on type 'FileSystemBlobStore'.
v8-compile-cache.ts(88,29): error TS2339: Property '_mapFilename' does not exist on type 'FileSystemBlobStore'.
v8-compile-cache.ts(88,43): error TS2345: Argument of type 'String' is not assignable to parameter of type 'string | ArrayBufferView'.
  Type 'String' is missing the following properties from type 'BigUint64Array': BYTES_PER_ELEMENT, buffer, byteLength, byteOffset, and 20 more.
v8-compile-cache.ts(90,26): error TS2339: Property '_lockFilename' does not exist on type 'FileSystemBlobStore'.
v8-compile-cache.ts(98,12): error TS2339: Property '_storedBlob' does not exist on type 'FileSystemBlobStore'.
v8-compile-cache.ts(98,47): error TS2339: Property '_blobFilename' does not exist on type 'FileSystemBlobStore'.
v8-compile-cache.ts(99,12): error TS2339: Property '_storedMap' does not exist on type 'FileSystemBlobStore'.
v8-compile-cache.ts(99,36): error TS2345: Argument of type 'Buffer' is not assignable to parameter of type 'string'.
v8-compile-cache.ts(99,57): error TS2339: Property '_mapFilename' does not exist on type 'FileSystemBlobStore'.
v8-compile-cache.ts(101,12): error TS2339: Property '_storedBlob' does not exist on type 'FileSystemBlobStore'.
v8-compile-cache.ts(102,12): error TS2339: Property '_storedMap' does not exist on type 'FileSystemBlobStore'.
v8-compile-cache.ts(104,10): error TS2339: Property '_dirty' does not exist on type 'FileSystemBlobStore'.
v8-compile-cache.ts(105,10): error TS2339: Property '_memoryBlobs' does not exist on type 'FileSystemBlobStore'.
v8-compile-cache.ts(106,10): error TS2339: Property '_invalidationKeys' does not exist on type 'FileSystemBlobStore'.
v8-compile-cache.ts(110,20): error TS2314: Generic type 'Array<T>' requires 1 type argument(s).
v8-compile-cache.ts(114,76): error TS2304: Cannot find name 'Void'.
v8-compile-cache.ts(116,14): error TS2538: Type 'String' cannot be used as an index type.
v8-compile-cache.ts(116,47): error TS2365: Operator '+' cannot be applied to types 'Number' and 'number'.
v8-compile-cache.ts(117,7): error TS2365: Operator '+=' cannot be applied to types 'Number' and 'number'.
v8-compile-cache.ts(120,40): error TS2339: Property '_memoryBlobs' does not exist on type 'FileSystemBlobStore'.
v8-compile-cache.ts(121,36): error TS2339: Property '_memoryBlobs' does not exist on type 'FileSystemBlobStore'.
v8-compile-cache.ts(122,44): error TS2339: Property '_invalidationKeys' does not exist on type 'FileSystemBlobStore'.
v8-compile-cache.ts(123,34): error TS2345: Argument of type 'Element' is not assignable to parameter of type 'Function'.
  Type 'Element' is missing the following properties from type 'Function': apply, call, bind, prototype, and 6 more.
v8-compile-cache.ts(126,40): error TS2339: Property '_storedMap' does not exist on type 'FileSystemBlobStore'.
v8-compile-cache.ts(128,36): error TS2339: Property '_storedMap' does not exist on type 'FileSystemBlobStore'.
v8-compile-cache.ts(129,21): error TS2314: Generic type 'Array<T>' requires 1 type argument(s).
v8-compile-cache.ts(129,34): error TS2339: Property '_storedBlob' does not exist on type 'FileSystemBlobStore'.
v8-compile-cache.ts(143,10): error TS2551: Property '_cacheStore' does not exist on type 'NativeCompileCache'. Did you mean 'setCacheStore'?
v8-compile-cache.ts(144,10): error TS2339: Property '_previousModuleCompile' does not exist on type 'NativeCompileCache'.
v8-compile-cache.ts(148,10): error TS2551: Property '_cacheStore' does not exist on type 'NativeCompileCache'. Did you mean 'setCacheStore'?
v8-compile-cache.ts(154,10): error TS2339: Property '_previousModuleCompile' does not exist on type 'NativeCompileCache'.
v8-compile-cache.ts(154,52): error TS2339: Property '_compile' does not exist on type 'Module'.
v8-compile-cache.ts(155,22): error TS2339: Property '_compile' does not exist on type 'Module'.
v8-compile-cache.ts(158,37): error TS2314: Generic type 'Array<T>' requires 1 type argument(s).
v8-compile-cache.ts(159,20): error TS2339: Property 'require' does not exist on type 'FileSystemBlobStore'.
v8-compile-cache.ts(164,23): error TS2339: Property '_resolveFilename' does not exist on type 'typeof Module'.
v8-compile-cache.ts(171,58): error TS2314: Generic type 'Promise<T>' requires 1 type argument(s).
v8-compile-cache.ts(172,25): error TS2339: Property '_resolveLookupPaths' does not exist on type 'typeof Module'.
v8-compile-cache.ts(179,35): error TS2339: Property '_extensions' does not exist on type 'typeof Module'.
v8-compile-cache.ts(180,30): error TS2339: Property '_cache' does not exist on type 'typeof Module'.
v8-compile-cache.ts(182,44): error TS2345: Argument of type 'String' is not assignable to parameter of type 'string'.
  'string' is a primitive, but 'String' is a wrapper object. Prefer using 'string' when possible.
v8-compile-cache.ts(191,19): error TS2314: Generic type 'Array<T>' requires 1 type argument(s).
v8-compile-cache.ts(191,32): error TS2339: Property 'exports' does not exist on type 'FileSystemBlobStore'.
v8-compile-cache.ts(192,40): error TS2339: Property 'exports' does not exist on type 'FileSystemBlobStore'.
v8-compile-cache.ts(197,22): error TS2339: Property '_compile' does not exist on type 'Module'.
v8-compile-cache.ts(197,38): error TS2339: Property '_previousModuleCompile' does not exist on type 'NativeCompileCache'.
v8-compile-cache.ts(214,33): error TS2356: An arithmetic operand must be of type 'any', 'number', 'bigint' or an enum type.
v8-compile-cache.ts(231,18): error TS2314: Generic type 'Array<T>' requires 1 type argument(s).
v8-compile-cache.ts(238,44): error TS2551: Property '_cacheStore' does not exist on type 'NativeCompileCache'. Did you mean 'setCacheStore'?
v8-compile-cache.ts(240,9): error TS2740: Type 'Script' is missing the following properties from type 'FileSystemBlobStore': has, get, set, delete, and 4 more.
v8-compile-cache.ts(244,7): error TS2740: Type 'FileSystemBlobStore' is missing the following properties from type 'Buffer': write, toJSON, equals, compare, and 96 more.
v8-compile-cache.ts(248,16): error TS2339: Property 'cachedDataProduced' does not exist on type 'FileSystemBlobStore'.
v8-compile-cache.ts(249,12): error TS2551: Property '_cacheStore' does not exist on type 'NativeCompileCache'. Did you mean 'setCacheStore'?
v8-compile-cache.ts(249,62): error TS2339: Property 'cachedData' does not exist on type 'FileSystemBlobStore'.
v8-compile-cache.ts(250,23): error TS2339: Property 'cachedDataRejected' does not exist on type 'FileSystemBlobStore'.
v8-compile-cache.ts(251,12): error TS2551: Property '_cacheStore' does not exist on type 'NativeCompileCache'. Did you mean 'setCacheStore'?
v8-compile-cache.ts(254,26): error TS2314: Generic type 'Array<T>' requires 1 type argument(s).
v8-compile-cache.ts(254,41): error TS2339: Property 'runInThisContext' does not exist on type 'FileSystemBlobStore'.
v8-compile-cache.ts(272,34): error TS2304: Cannot find name 'Void'.
v8-compile-cache.ts(273,28): error TS2345: Argument of type 'String' is not assignable to parameter of type 'string'.
  'string' is a primitive, but 'String' is a wrapper object. Prefer using 'string' when possible.
v8-compile-cache.ts(273,33): error TS2345: Argument of type 'number' is not assignable to parameter of type 'String'.
v8-compile-cache.ts(276,48): error TS2304: Cannot find name 'Void'.
v8-compile-cache.ts(278,18): error TS2769: No overload matches this call.
  Overload 1 of 3, '(path: PathLike, options: MakeDirectoryOptions & { recursive: true; }): string', gave the following error.
    Argument of type 'String' is not assignable to parameter of type 'PathLike'.
      Type 'String' is missing the following properties from type 'Buffer': write, toJSON, equals, compare, and 90 more.
  Overload 2 of 3, '(path: PathLike, options?: Mode | (MakeDirectoryOptions & { recursive?: false; })): void', gave the following error.
    Argument of type 'String' is not assignable to parameter of type 'PathLike'.
  Overload 3 of 3, '(path: PathLike, options?: Mode | MakeDirectoryOptions): string', gave the following error.
    Argument of type 'String' is not assignable to parameter of type 'PathLike'.
v8-compile-cache.ts(281,7): error TS2554: Expected 2 arguments, but got 1.
v8-compile-cache.ts(281,32): error TS2345: Argument of type 'String' is not assignable to parameter of type 'string'.
  'string' is a primitive, but 'String' is a wrapper object. Prefer using 'string' when possible.
v8-compile-cache.ts(282,7): error TS2554: Expected 2 arguments, but got 1.
v8-compile-cache.ts(285,34): error TS2769: No overload matches this call.
  The last overload gave the following error.
    Argument of type 'String' is not assignable to parameter of type 'PathLike'.
v8-compile-cache.ts(303,69): error TS2538: Type 'String' cannot be used as an index type.
v8-compile-cache.ts(307,17): error TS2314: Generic type 'Array<T>' requires 1 type argument(s).
v8-compile-cache.ts(313,9): error TS2322: Type 'string' is not assignable to type 'Function'.
v8-compile-cache.ts(315,5): error TS2740: Type 'Function' is missing the following properties from type 'String': charAt, charCodeAt, concat, indexOf, and 43 more.
v8-compile-cache.ts(327,51): error TS2345: Argument of type 'String' is not assignable to parameter of type 'string'.
  'string' is a primitive, but 'String' is a wrapper object. Prefer using 'string' when possible.
v8-compile-cache.ts(347,19): error TS2314: Generic type 'Array<T>' requires 1 type argument(s).
v8-compile-cache.ts(351,9): error TS2740: Type 'NativeCompileCache' is missing the following properties from type 'HTMLInputElement': accept, align, alt, autocomplete, and 333 more.
v8-compile-cache.ts(352,22): error TS2339: Property 'setCacheStore' does not exist on type 'HTMLInputElement'.
v8-compile-cache.ts(353,22): error TS2339: Property 'install' does not exist on type 'HTMLInputElement'.
v8-compile-cache.ts(359,24): error TS2339: Property 'uninstall' does not exist on type 'HTMLInputElement'.

