index.ts(22,34): error TS2339: Property 'extensions' does not exist on type 'HTMLElement'.
index.ts(25,15): error TS2339: Property 'include' does not exist on type 'HTMLElement'.
index.ts(25,34): error TS2339: Property 'include' does not exist on type 'HTMLElement'.
index.ts(25,72): error TS2339: Property 'include' does not exist on type 'HTMLElement'.
index.ts(28,15): error TS2339: Property 'include' does not exist on type 'HTMLElement'.
index.ts(28,41): error TS2339: Property 'include' does not exist on type 'HTMLElement'.
index.ts(28,76): error TS2339: Property 'include' does not exist on type 'HTMLElement'.
index.ts(31,15): error TS2339: Property 'exclude' does not exist on type 'HTMLElement'.
index.ts(31,34): error TS2339: Property 'exclude' does not exist on type 'HTMLElement'.
index.ts(31,71): error TS2339: Property 'exclude' does not exist on type 'HTMLElement'.
index.ts(34,15): error TS2339: Property 'exclude' does not exist on type 'HTMLElement'.
index.ts(34,41): error TS2339: Property 'exclude' does not exist on type 'HTMLElement'.
index.ts(34,75): error TS2339: Property 'exclude' does not exist on type 'HTMLElement'.
index.ts(48,3): error TS2322: Type 'any[] | {}' is not assignable to type 'any[]'.
  Type '{}' is missing the following properties from type 'any[]': length, pop, push, concat, and 29 more.
index.ts(57,28): error TS2339: Property 'filename' does not exist on type 'HTMLElement'.
index.ts(57,58): error TS2339: Property 'filename' does not exist on type 'HTMLElement'.
index.ts(66,54): error TS2339: Property 'recurse' does not exist on type 'any[]'.
index.ts(68,7): error TS2740: Type '{}' is missing the following properties from type 'Function': apply, call, bind, prototype, and 6 more.
index.ts(71,24): error TS2339: Property 'rename' does not exist on type 'any[]'.
index.ts(74,24): error TS2339: Property 'filename' does not exist on type 'HTMLElement'.
index.ts(74,73): error TS2345: Argument of type 'any[]' is not assignable to parameter of type 'HTMLElement'.
  Type 'any[]' is missing the following properties from type 'HTMLElement': accessKey, accessKeyLabel, autocapitalize, dir, and 277 more.
index.ts(77,17): error TS2339: Property 'require' does not exist on type 'HTMLElement'.
index.ts(78,24): error TS2339: Property 'rename' does not exist on type 'any[]'.
index.ts(78,65): error TS2339: Property 'visit' does not exist on type 'any[]'.

