index.ts(21,44): error TS2339: Property 'isNode' does not exist on type 'Node'.
index.ts(54,30): error TS2552: Cannot find name 'ode'. Did you mean 'Node'?
index.ts(120,10): error TS2339: Property 'nodes' does not exist on type 'Node'.
index.ts(122,17): error TS2339: Property 'nodes' does not exist on type 'Node'.
index.ts(123,10): error TS2339: Property 'type' does not exist on type 'Node'.
index.ts(124,10): error TS2339: Property 'value' does not exist on type 'Node'.
index.ts(149,3): error TS2554: Expected 3 arguments, but got 2.
index.ts(151,15): error TS2339: Property 'nodes' does not exist on type 'Node'.
index.ts(176,3): error TS2554: Expected 3 arguments, but got 2.
index.ts(177,23): error TS2339: Property 'nodes' does not exist on type 'Node'.
index.ts(179,28): error TS2339: Property 'nodes' does not exist on type 'Node'.
index.ts(180,22): error TS2339: Property 'nodes' does not exist on type 'Node'.
index.ts(213,73): error TS2552: Cannot find name 'Filter'. Did you mean 'File'?
index.ts(214,3): error TS2554: Expected 3 arguments, but got 2.
index.ts(223,18): error TS2351: This expression is not constructable.
  Type 'Node' has no construct signatures.
index.ts(223,36): error TS2339: Property 'type' does not exist on type 'Node'.
index.ts(224,22): error TS2339: Property 'unshift' does not exist on type 'Node'.
index.ts(224,38): error TS2339: Property 'unshiftNode' does not exist on type 'Node'.
index.ts(263,74): error TS2552: Cannot find name 'Filter'. Did you mean 'File'?
index.ts(273,19): error TS2351: This expression is not constructable.
  Type 'Node' has no construct signatures.
index.ts(273,37): error TS2339: Property 'type' does not exist on type 'Node'.
index.ts(274,19): error TS2339: Property 'push' does not exist on type 'Node'.
index.ts(274,32): error TS2339: Property 'pushNode' does not exist on type 'Node'.
index.ts(318,35): error TS2304: Cannot find name 'TreeNode'.
index.ts(318,52): error TS2304: Cannot find name 'TreeNode'.
index.ts(348,38): error TS2304: Cannot find name 'TreeNode'.
index.ts(348,55): error TS2304: Cannot find name 'TreeNode'.
index.ts(383,19): error TS2339: Property 'pop' does not exist on type 'Node'.
index.ts(384,17): error TS2339: Property 'pop' does not exist on type 'Node'.
index.ts(386,15): error TS2339: Property 'nodes' does not exist on type 'Node'.
index.ts(386,29): error TS2339: Property 'nodes' does not exist on type 'Node'.
index.ts(411,19): error TS2339: Property 'shift' does not exist on type 'Node'.
index.ts(412,17): error TS2339: Property 'shift' does not exist on type 'Node'.
index.ts(414,15): error TS2339: Property 'nodes' does not exist on type 'Node'.
index.ts(414,29): error TS2339: Property 'nodes' does not exist on type 'Node'.
index.ts(436,37): error TS2304: Cannot find name 'TreeNode'.
index.ts(436,54): error TS2304: Cannot find name 'TreeNode'.
index.ts(467,31): error TS2304: Cannot find name 'ASTNode'.
index.ts(473,19): error TS2339: Property 'test' does not exist on type 'string'.
index.ts(509,32): error TS2304: Cannot find name 'ASTNode'.
index.ts(578,49): error TS2304: Cannot find name 'Type'.
index.ts(602,31): error TS2304: Cannot find name 'ASTNode'.
index.ts(631,32): error TS2304: Cannot find name 'ASTNode'.
index.ts(662,32): error TS2304: Cannot find name 'ode'.
index.ts(693,19): error TS2339: Property 'has' does not exist on type 'Node'.
index.ts(694,17): error TS2339: Property 'has' does not exist on type 'Node'.
index.ts(696,12): error TS2339: Property 'nodes' does not exist on type 'Node'.
index.ts(697,17): error TS2339: Property 'nodes' does not exist on type 'Node'.
index.ts(725,20): error TS2339: Property 'first' does not exist on type 'Node'.
index.ts(725,34): error TS2339: Property 'nodes' does not exist on type 'Node'.
index.ts(725,47): error TS2339: Property 'nodes' does not exist on type 'Node'.
index.ts(727,12): error TS2339: Property 'isOpen' does not exist on type 'Node'.
index.ts(728,17): error TS2339: Property 'isOpen' does not exist on type 'Node'.
index.ts(730,30): error TS2339: Property 'type' does not exist on type 'Node'.
index.ts(756,19): error TS2339: Property 'last' does not exist on type 'Node'.
index.ts(756,32): error TS2339: Property 'nodes' does not exist on type 'Node'.
index.ts(756,45): error TS2339: Property 'nodes' does not exist on type 'Node'.
index.ts(756,56): error TS2339: Property 'nodes' does not exist on type 'Node'.
index.ts(758,19): error TS2339: Property 'isClose' does not exist on type 'Node'.
index.ts(759,17): error TS2339: Property 'isClose' does not exist on type 'Node'.
index.ts(761,29): error TS2339: Property 'type' does not exist on type 'Node'.
index.ts(811,33): error TS2304: Cannot find name 'State'.
index.ts(815,19): error TS2339: Property 'parent' does not exist on type 'Node'.
index.ts(816,12): error TS2339: Property 'parent' does not exist on type 'Node'.
index.ts(817,12): error TS2339: Property 'type' does not exist on type 'Node'.
index.ts(851,36): error TS2304: Cannot find name 'State'.
index.ts(855,19): error TS2339: Property 'parent' does not exist on type 'Node'.
index.ts(856,12): error TS2339: Property 'parent' does not exist on type 'Node'.
index.ts(857,12): error TS2339: Property 'type' does not exist on type 'Node'.
index.ts(883,27): error TS2339: Property 'nodes' does not exist on type 'Node'.
index.ts(890,12): error TS2339: Property 'nodes' does not exist on type 'Node'.
index.ts(894,28): error TS2339: Property 'nodes' does not exist on type 'Node'.
index.ts(922,38): error TS2304: Cannot find name 'State'.
index.ts(956,34): error TS2304: Cannot find name 'State'.
index.ts(969,21): error TS2339: Property 'parent' does not exist on type 'Node'.
index.ts(975,39): error TS2339: Property 'test' does not exist on type 'never'.
index.ts(986,62): error TS2339: Property 'test' does not exist on type 'never'.
index.ts(1009,29): error TS2339: Property 'nodes' does not exist on type 'Node'.
index.ts(1009,54): error TS2339: Property 'nodes' does not exist on type 'Node'.
index.ts(1028,34): error TS2304: Cannot find name 'y'.
index.ts(1060,28): error TS2304: Cannot find name 'y'.
index.ts(1076,26): error TS2304: Cannot find name 'ny'.
index.ts(1100,27): error TS2304: Cannot find name 'Compiler'.
index.ts(1100,45): error TS2304: Cannot find name 'Expression'.
index.ts(1115,32): error TS2339: Property 'isNode' does not exist on type 'Node'.
index.ts(1115,47): error TS2339: Property 'isNode' does not exist on type 'Node'.

