example/enroll/js/browserify.ts(1,43): error TS2304: Cannot find name 'Directory'.
example/enroll/js/browserify.ts(2,28): error TS2339: Property 'resolve' does not exist on type '(file: File, cwd: Directory) => any'.
example/enroll/js/browserify.ts(3,23): error TS2339: Property 'modules' does not exist on type '(file: File, cwd: Directory) => any'.
example/enroll/js/browserify.ts(11,9): error TS2339: Property 'paths' does not exist on type '(file: File, cwd: Directory) => any'.
example/enroll/js/browserify.ts(12,9): error TS2339: Property 'modules' does not exist on type '(file: File, cwd: Directory) => any'.
example/enroll/js/browserify.ts(13,9): error TS2339: Property 'extensions' does not exist on type '(file: File, cwd: Directory) => any'.
example/enroll/js/browserify.ts(15,9): error TS2339: Property '_core' does not exist on type '(file: File, cwd: Directory) => any'.
example/enroll/js/browserify.ts(23,9): error TS2339: Property 'resolve' does not exist on type '(file: File, cwd: Directory) => any'.
example/enroll/js/browserify.ts(27,21): error TS2339: Property '_core' does not exist on type '(file: File, cwd: Directory) => any'.
example/enroll/js/browserify.ts(28,28): error TS2339: Property 'modules' does not exist on type '(file: File, cwd: Directory) => any'.
example/enroll/js/browserify.ts(44,25): error TS2339: Property 'modules' does not exist on type '(file: File, cwd: Directory) => any'.
example/enroll/js/browserify.ts(48,41): error TS2339: Property 'extensions' does not exist on type '(file: File, cwd: Directory) => any'.
example/enroll/js/browserify.ts(49,35): error TS2339: Property 'extensions' does not exist on type '(file: File, cwd: Directory) => any'.
example/enroll/js/browserify.ts(50,29): error TS2339: Property 'modules' does not exist on type '(file: File, cwd: Directory) => any'.
example/enroll/js/browserify.ts(57,25): error TS2339: Property 'modules' does not exist on type '(file: File, cwd: Directory) => any'.
example/enroll/js/browserify.ts(58,35): error TS2339: Property 'modules' does not exist on type '(file: File, cwd: Directory) => any'.
example/enroll/js/browserify.ts(93,17): error TS2367: This condition will always return 'false' since the types 'number' and 'string' have no overlap.
example/enroll/js/browserify.ts(108,9): error TS2339: Property 'alias' does not exist on type '(file: File, cwd: Directory) => any'.
example/enroll/js/browserify.ts(109,24): error TS2339: Property 'modules' does not exist on type '(file: File, cwd: Directory) => any'.
example/enroll/js/browserify.ts(112,23): error TS2339: Property 'resolve' does not exist on type '(file: File, cwd: Directory) => any'.
example/enroll/js/browserify.ts(115,23): error TS2339: Property 'resolve' does not exist on type '(file: File, cwd: Directory) => any'.
example/enroll/js/browserify.ts(123,16): error TS2339: Property 'modules' does not exist on type '(file: File, cwd: Directory) => any'.
example/enroll/js/browserify.ts(129,21): error TS2339: Property 'modules' does not exist on type '(file: File, cwd: Directory) => any'.
example/enroll/js/browserify.ts(129,47): error TS2339: Property 'modules' does not exist on type '(file: File, cwd: Directory) => any'.
example/enroll/js/browserify.ts(132,21): error TS2339: Property 'modules' does not exist on type '(file: File, cwd: Directory) => any'.
example/enroll/js/browserify.ts(132,43): error TS2339: Property 'modules' does not exist on type '(file: File, cwd: Directory) => any'.
example/enroll/js/browserify.ts(137,9): error TS2339: Property 'define' does not exist on type '(file: File, cwd: Directory) => any'.
example/enroll/js/browserify.ts(138,27): error TS2339: Property '_core' does not exist on type '(file: File, cwd: Directory) => any'.
example/enroll/js/browserify.ts(140,19): error TS2339: Property 'modules' does not exist on type '(file: File, cwd: Directory) => any'.
example/enroll/js/browserify.ts(144,24): error TS2345: Argument of type 'string | string[]' is not assignable to parameter of type 'File'.
  Type 'string' is not assignable to type 'File'.
example/enroll/js/browserify.ts(146,14): error TS2339: Property 'resolve' does not exist on type '(file: string | string[]) => any'.
example/enroll/js/browserify.ts(147,24): error TS2339: Property 'resolve' does not exist on type '(file: File, cwd: Directory) => any'.
example/enroll/js/browserify.ts(149,14): error TS2339: Property 'modules' does not exist on type '(file: string | string[]) => any'.
example/enroll/js/browserify.ts(149,32): error TS2339: Property 'modules' does not exist on type '(file: File, cwd: Directory) => any'.
example/enroll/js/browserify.ts(150,14): error TS2339: Property 'define' does not exist on type '(file: string | string[]) => any'.
example/enroll/js/browserify.ts(150,31): error TS2339: Property 'define' does not exist on type '(file: File, cwd: Directory) => any'.
example/enroll/js/browserify.ts(153,13): error TS2339: Property 'modules' does not exist on type '(file: File, cwd: Directory) => any'.
example/enroll/js/browserify.ts(154,17): error TS2339: Property 'modules' does not exist on type '(file: File, cwd: Directory) => any'.
example/enroll/js/browserify.ts(163,17): error TS2339: Property 'modules' does not exist on type '(file: File, cwd: Directory) => any'.
example/enroll/js/browserify.ts(168,37): error TS2740: Type '{}' is missing the following properties from type 'Process': stdout, stderr, stdin, openStdin, and 50 more.
example/enroll/js/browserify.ts(178,20): error TS2339: Property 'source' does not exist on type 'Event'.
example/enroll/js/browserify.ts(178,44): error TS2339: Property 'data' does not exist on type 'Event'.
example/enroll/js/browserify.ts(199,14): error TS2339: Property 'binding' does not exist on type 'Process'.
example/enroll/js/browserify.ts(199,31): error TS2339: Property 'binding' does not exist on type 'Process'.
example/enroll/js/browserify.ts(200,34): error TS2554: Expected 2 arguments, but got 1.
example/enroll/js/browserify.ts(209,9): error TS2339: Property 'define' does not exist on type '(file: File, cwd: Directory) => any'.
example/enroll/js/browserify.ts(210,5): error TS2345: Argument of type 'string[]' is not assignable to parameter of type 'string'.
example/enroll/js/browserify.ts(214,9): error TS2339: Property 'define' does not exist on type '(file: File, cwd: Directory) => any'.
example/enroll/js/browserify.ts(215,5): error TS2345: Argument of type 'string[]' is not assignable to parameter of type 'string'.
example/enroll/js/browserify.ts(219,9): error TS2339: Property 'define' does not exist on type '(file: File, cwd: Directory) => any'.
example/enroll/js/browserify.ts(220,5): error TS2345: Argument of type 'string[]' is not assignable to parameter of type 'string'.
example/enroll/js/browserify.ts(224,9): error TS2339: Property 'define' does not exist on type '(file: File, cwd: Directory) => any'.
example/enroll/js/browserify.ts(225,5): error TS2345: Argument of type 'string[]' is not assignable to parameter of type 'string'.
example/enroll/js/browserify.ts(229,9): error TS2339: Property 'define' does not exist on type '(file: File, cwd: Directory) => any'.
example/enroll/js/browserify.ts(230,5): error TS2345: Argument of type 'string[]' is not assignable to parameter of type 'string'.
example/enroll/js/browserify.ts(233,1): error TS2554: Expected 2 arguments, but got 1.
example/enroll/js/main.ts(1,14): error TS2554: Expected 2 arguments, but got 1.
example/enroll/js/main.ts(5,65): error TS2339: Property 'now' does not exist on type '{ _onTimeout: () => void; start: () => void; }'.
example/enroll/server.ts(1,15): error TS2554: Expected 2 arguments, but got 1.
example/enroll/server.ts(5,18): error TS2554: Expected 2 arguments, but got 1.
example/enroll/server.ts(9,21): error TS2345: Argument of type 'string | 8080' is not assignable to parameter of type 'string'.
  Type 'number' is not assignable to type 'string'.
main.ts(17,13): error TS2339: Property 'close' does not exist on type 'Timeout'.
main.ts(31,33): error TS2304: Cannot find name 'Item'.
main.ts(36,35): error TS2304: Cannot find name 'Item'.
main.ts(41,56): error TS2304: Cannot find name 'Item'.
main.ts(54,1): error TS2554: Expected 2 arguments, but got 1.

