lib/ber/reader.ts(12,5): error TS2322: Type '(msg: string) => Error' is not assignable to type 'number'.
lib/ber/reader.ts(100,13): error TS2349: This expression is not callable.
  Type 'Number' has no call signatures.
lib/ber/reader.ts(103,13): error TS2349: This expression is not callable.
  Type 'Number' has no call signatures.
lib/ber/reader.ts(133,11): error TS2349: This expression is not callable.
  Type 'Number' has no call signatures.
lib/ber/reader.ts(169,11): error TS2349: This expression is not callable.
  Type 'Number' has no call signatures.
lib/ber/reader.ts(188,38): error TS2554: Expected 0 arguments, but got 1.
lib/ber/reader.ts(230,11): error TS2349: This expression is not callable.
  Type 'Number' has no call signatures.
lib/ber/reader.ts(238,11): error TS2349: This expression is not callable.
  Type 'Number' has no call signatures.
lib/ber/writer.ts(12,5): error TS2322: Type '(msg: string) => Error' is not assignable to type 'number'.
lib/ber/writer.ts(37,3): error TS2322: Type 'string' is not assignable to type 'void'.
lib/ber/writer.ts(60,13): error TS2349: This expression is not callable.
  Type 'Number' has no call signatures.
lib/ber/writer.ts(90,11): error TS2349: This expression is not callable.
  Type 'Number' has no call signatures.
lib/ber/writer.ts(165,8): error TS2358: The left-hand side of an 'instanceof' expression must be of type 'any', an object type or a type parameter.
lib/ber/writer.ts(168,13): error TS2526: A 'this' type is available only in a non-static member of a class or interface.
lib/ber/writer.ts(215,13): error TS2526: A 'this' type is available only in a non-static member of a class or interface.
lib/ber/writer.ts(246,11): error TS2349: This expression is not callable.
  Type 'Number' has no call signatures.
lib/ber/writer.ts(284,11): error TS2349: This expression is not callable.
  Type 'Number' has no call signatures.

