examples/custom-option-arrayOfCommaSepString.ts(18,5): error TS2322: Type 'string[]' is not assignable to type 'string'.
examples/custom-option-arrayOfCommaSepString.ts(47,68): error TS2571: Object is of type 'unknown'.
examples/custom-option-duration.ts(28,9): error TS2322: Type 'RegExpExecArray | null' is not assignable to type 'RegExpExecArray'.
  Type 'null' is not assignable to type 'RegExpExecArray'.
examples/custom-option-duration.ts(33,9): error TS2322: Type 'string' is not assignable to type 'number'.
examples/custom-option-duration.ts(69,68): error TS2571: Object is of type 'unknown'.
examples/custom-option-fruit.ts(54,68): error TS2571: Object is of type 'unknown'.
examples/custom-option-intGteZero.ts(40,68): error TS2571: Object is of type 'unknown'.
examples/custom-option-time-ago.ts(23,9): error TS2322: Type 'RegExpExecArray | null' is not assignable to type 'RegExpExecArray'.
  Type 'null' is not assignable to type 'RegExpExecArray'.
examples/custom-option-time-ago.ts(25,13): error TS2322: Type 'string' is not assignable to type 'number'.
examples/custom-option-time-ago.ts(45,26): error TS2554: Expected 3 arguments, but got 1.
examples/custom-option-time-ago.ts(73,68): error TS2571: Object is of type 'unknown'.
examples/date.ts(16,41): error TS2571: Object is of type 'unknown'.
examples/ddcompletion.ts(54,5): error TS2322: Type 'string' is not assignable to type 'string[]'.
examples/ddcompletion.ts(74,37): error TS2571: Object is of type 'unknown'.
examples/foo.ts(53,37): error TS2571: Object is of type 'unknown'.
examples/hello.ts(21,39): error TS2571: Object is of type 'unknown'.
examples/help.ts(27,38): error TS2571: Object is of type 'unknown'.
examples/option-groups.ts(29,37): error TS2571: Object is of type 'unknown'.
lib/dashdash.ts(30,55): error TS2355: A function whose declared type is neither 'void' nor 'any' must return a value.
lib/dashdash.ts(31,9): error TS7053: Element implicitly has an 'any' type because expression of type 'string' can't be used to index type '{}'.
  No index signature with a parameter of type 'string' was found on type '{}'.
lib/dashdash.ts(44,62): error TS2366: Function lacks ending return statement and return type does not include 'undefined'.
lib/dashdash.ts(52,16): error TS2554: Expected 4 arguments, but got 1.
lib/dashdash.ts(65,44): error TS2355: A function whose declared type is neither 'void' nor 'any' must return a value.
lib/dashdash.ts(70,13): error TS2365: Operator '>' cannot be applied to types 'number' and 'string'.
lib/dashdash.ts(80,5): error TS2322: Type 'string[]' is not assignable to type 'string'.
lib/dashdash.ts(115,5): error TS2322: Type 'number' is not assignable to type 'string'.
lib/dashdash.ts(126,5): error TS2322: Type 'number' is not assignable to type 'string'.
lib/dashdash.ts(137,5): error TS2322: Type 'number' is not assignable to type 'string'.
lib/dashdash.ts(171,5): error TS2322: Type 'Date' is not assignable to type 'string'.
lib/dashdash.ts(263,15): error TS2526: A 'this' type is available only in a non-static member of a class or interface.
lib/dashdash.ts(263,22): error TS2683: 'this' implicitly has type 'any' because it does not have a type annotation.
lib/dashdash.ts(266,5): error TS2683: 'this' implicitly has type 'any' because it does not have a type annotation.
lib/dashdash.ts(270,5): error TS2683: 'this' implicitly has type 'any' because it does not have a type annotation.
lib/dashdash.ts(273,5): error TS2683: 'this' implicitly has type 'any' because it does not have a type annotation.
lib/dashdash.ts(276,5): error TS2683: 'this' implicitly has type 'any' because it does not have a type annotation.
lib/dashdash.ts(277,5): error TS2683: 'this' implicitly has type 'any' because it does not have a type annotation.
lib/dashdash.ts(278,25): error TS2683: 'this' implicitly has type 'any' because it does not have a type annotation.
lib/dashdash.ts(279,22): error TS2683: 'this' implicitly has type 'any' because it does not have a type annotation.
lib/dashdash.ts(373,15): error TS2526: A 'this' type is available only in a non-static member of a class or interface.
lib/dashdash.ts(393,70): error TS7006: Parameter 'from' implicitly has an 'any' type.
lib/dashdash.ts(629,9): error TS2322: Type 'string' is not assignable to type 'number'.
lib/dashdash.ts(629,52): error TS2345: Argument of type 'number' is not assignable to parameter of type 'string'.
lib/dashdash.ts(632,9): error TS2345: Argument of type 'number' is not assignable to parameter of type 'string'.
lib/dashdash.ts(632,27): error TS2339: Property 'length' does not exist on type 'number'.
lib/dashdash.ts(671,21): error TS2322: Type 'number' is not assignable to type 'string'.
lib/dashdash.ts(673,21): error TS2322: Type 'number' is not assignable to type 'string'.
lib/dashdash.ts(675,21): error TS2322: Type 'number' is not assignable to type 'string'.
lib/dashdash.ts(702,37): error TS2339: Property 'length' does not exist on type 'number'.
lib/dashdash.ts(780,36): error TS2345: Argument of type 'number' is not assignable to parameter of type 'string'.
lib/dashdash.ts(780,54): error TS2339: Property 'join' does not exist on type 'string'.
lib/dashdash.ts(952,5): error TS2322: Type 'string' is not assignable to type 'void'.
lib/dashdash.ts(995,5): error TS2322: Type 'string' is not assignable to type 'void'.
lib/dashdash.ts(1001,12): error TS7009: 'new' expression, whose target lacks a construct signature, implicitly has an 'any' type.
lib/dashdash.ts(1022,23): error TS7009: 'new' expression, whose target lacks a construct signature, implicitly has an 'any' type.
lib/dashdash.ts(1085,9): error TS2322: Type 'null' is not assignable to type 'void'.
lib/dashdash.ts(1091,51): error TS2339: Property 'helpArg' does not exist on type 'string'.
lib/dashdash.ts(1093,50): error TS2355: A function whose declared type is neither 'void' nor 'any' must return a value.
lib/dashdash.ts(1095,26): error TS2339: Property 'takesArg' does not exist on type 'string'.
lib/dashdash.ts(1100,5): error TS2322: Type 'string' is not assignable to type 'void'.

