src/browser.ts(119,73): error TS2339: Property 'type' does not exist on type 'Process'.
src/browser.ts(119,111): error TS2339: Property '__nwjs' does not exist on type 'Process'.
src/browser.ts(130,138): error TS2551: Property 'WebkitAppearance' does not exist on type 'CSSStyleDeclaration'. Did you mean 'webkitAppearance'?
src/browser.ts(132,71): error TS2339: Property 'firebug' does not exist on type 'Console'.
src/browser.ts(132,98): error TS2339: Property 'exception' does not exist on type 'Console'.
src/browser.ts(248,3): error TS2322: Type 'Storage' is not assignable to type 'boolean'.
src/common.ts(49,22): error TS2339: Property 'colors' does not exist on type '{ (namespace: any): any; debug: ...; default: ...; coerce: (val: any) => any; disable: () => void; enable: (namespaces: any) => void; enabled: (name: any) => boolean; humanize: any; destroy: () => void; names: any[]; skips: any[]; formatters: {}; selectColor: (namespace: any) => any; }'.
src/common.ts(49,58): error TS2339: Property 'colors' does not exist on type '{ (namespace: any): any; debug: ...; default: ...; coerce: (val: any) => any; disable: () => void; enable: (namespaces: any) => void; enabled: (name: any) => boolean; humanize: any; destroy: () => void; names: any[]; skips: any[]; formatters: {}; selectColor: (namespace: any) => any; }'.
src/common.ts(68,15): error TS2339: Property 'enabled' does not exist on type '{ (...args: any[]): void; namespace: any; useColors: any; color: any; extend: (namespace: any, delimiter: string) => any; destroy: () => void; }'.
src/common.ts(110,16): error TS2551: Property 'formatArgs' does not exist on type '{ (namespace: any): any; debug: ...; default: ...; coerce: (val: any) => any; disable: () => void; enable: (namespaces: any) => void; enabled: (name: any) => boolean; humanize: any; destroy: () => void; names: any[]; skips: any[]; formatters: {}; selectColor: (namespace: any) => any; }'. Did you mean 'formatters'?
src/common.ts(112,47): error TS2339: Property 'log' does not exist on type '{ (namespace: any): any; debug: ...; default: ...; coerce: (val: any) => any; disable: () => void; enable: (namespaces: any) => void; enabled: (name: any) => boolean; humanize: any; destroy: () => void; names: any[]; skips: any[]; formatters: {}; selectColor: (namespace: any) => any; }'.
src/common.ts(117,33): error TS2339: Property 'useColors' does not exist on type '{ (namespace: any): any; debug: ...; default: ...; coerce: (val: any) => any; disable: () => void; enable: (namespaces: any) => void; enabled: (name: any) => boolean; humanize: any; destroy: () => void; names: any[]; skips: any[]; formatters: {}; selectColor: (namespace: any) => any; }'.
src/common.ts(129,41): error TS2339: Property 'namespaces' does not exist on type '{ (namespace: any): any; debug: ...; default: ...; coerce: (val: any) => any; disable: () => void; enable: (namespaces: any) => void; enabled: (name: any) => boolean; humanize: any; destroy: () => void; names: any[]; skips: any[]; formatters: {}; selectColor: (namespace: any) => any; }'.
src/common.ts(130,36): error TS2339: Property 'namespaces' does not exist on type '{ (namespace: any): any; debug: ...; default: ...; coerce: (val: any) => any; disable: () => void; enable: (namespaces: any) => void; enabled: (name: any) => boolean; humanize: any; destroy: () => void; names: any[]; skips: any[]; formatters: {}; selectColor: (namespace: any) => any; }'.
src/common.ts(142,26): error TS2339: Property 'init' does not exist on type '{ (namespace: any): any; debug: ...; default: ...; coerce: (val: any) => any; disable: () => void; enable: (namespaces: any) => void; enabled: (name: any) => boolean; humanize: any; destroy: () => void; names: any[]; skips: any[]; formatters: {}; selectColor: (namespace: any) => any; }'.
src/common.ts(143,16): error TS2339: Property 'init' does not exist on type '{ (namespace: any): any; debug: ...; default: ...; coerce: (val: any) => any; disable: () => void; enable: (namespaces: any) => void; enabled: (name: any) => boolean; humanize: any; destroy: () => void; names: any[]; skips: any[]; formatters: {}; selectColor: (namespace: any) => any; }'.
src/common.ts(163,15): error TS2339: Property 'save' does not exist on type '{ (namespace: any): any; debug: ...; default: ...; coerce: (val: any) => any; disable: () => void; enable: (namespaces: any) => void; enabled: (name: any) => boolean; humanize: any; destroy: () => void; names: any[]; skips: any[]; formatters: {}; selectColor: (namespace: any) => any; }'.
src/common.ts(164,15): error TS2339: Property 'namespaces' does not exist on type '{ (namespace: any): any; debug: ...; default: ...; coerce: (val: any) => any; disable: () => void; enable: (namespaces: any) => void; enabled: (name: any) => boolean; humanize: any; destroy: () => void; names: any[]; skips: any[]; formatters: {}; selectColor: (namespace: any) => any; }'.
src/common.ts(269,33): error TS2339: Property 'load' does not exist on type '{ (namespace: any): any; debug: ...; default: ...; coerce: (val: any) => any; disable: () => void; enable: (namespaces: any) => void; enabled: (name: any) => boolean; humanize: any; destroy: () => void; names: any[]; skips: any[]; formatters: {}; selectColor: (namespace: any) => any; }'.
src/common.ts(271,2): error TS2322: Type '{ (namespace: any): any; debug: ...; default: ...; coerce: (val: any) => any; disable: () => void; enable: (namespaces: any) => void; enabled: (name: any) => boolean; humanize: any; destroy: () => void; names: any[]; skips: any[]; formatters: {}; selectColor: (namespace: any) => any; }' is not assignable to type 'void'.
src/index.ts(6,47): error TS2339: Property 'type' does not exist on type 'Process'.
src/index.ts(6,78): error TS2339: Property 'browser' does not exist on type 'Process'.
src/index.ts(6,106): error TS2339: Property '__nwjs' does not exist on type 'Process'.
src/index.ts(7,5): error TS1258: A default export must be at the top level of a file or module declaration.
src/index.ts(9,5): error TS1258: A default export must be at the top level of a file or module declaration.
src/node.ts(173,43): error TS2365: Operator '<' cannot be applied to types 'string' and 'number'.

