index.ts(10,22): error TS2322: Type '(self: any, fn: any) => void' is not assignable to type 'void'.
index.ts(15,25): error TS2322: Type '(self: any, err: any) => void' is not assignable to type 'void'.
index.ts(19,5): error TS2322: Type '(self: any, end: any) => (err: any) => void' is not assignable to type 'void'.
index.ts(21,14): error TS2349: This expression is not callable.
  Type 'void' has no call signatures.
index.ts(34,18): error TS2322: Type '() => void' is not assignable to type 'void'.
index.ts(40,5): error TS2322: Type '(writable: any, readable: any, opts: any) => any' is not assignable to type 'void'.
index.ts(41,25): error TS2359: The right-hand side of an 'instanceof' expression must be of type 'any' or of a type assignable to the 'Function' interface type.
index.ts(41,48): error TS2351: This expression is not constructable.
  Type 'void' has no construct signatures.
index.ts(67,11): error TS2339: Property 'obj' does not exist on type 'void'.
index.ts(71,14): error TS2351: This expression is not constructable.
  Type 'void' has no construct signatures.
index.ts(74,11): error TS2339: Property 'prototype' does not exist on type 'void'.
index.ts(78,11): error TS2339: Property 'prototype' does not exist on type 'void'.
index.ts(82,11): error TS2339: Property 'prototype' does not exist on type 'void'.
index.ts(96,67): error TS2349: This expression is not callable.
  Type 'void' has no call signatures.
index.ts(98,23): error TS2322: Type '() => void' is not assignable to type 'void'.
index.ts(104,21): error TS2322: Type '() => void' is not assignable to type 'void'.
index.ts(109,39): error TS2345: Argument of type 'void' is not assignable to parameter of type 'Function'.
index.ts(118,11): error TS2339: Property 'prototype' does not exist on type 'void'.
index.ts(132,13): error TS2526: A 'this' type is available only in a non-static member of a class or interface.
index.ts(133,67): error TS2349: This expression is not callable.
  Type 'void' has no call signatures.
index.ts(135,26): error TS2322: Type '() => void' is not assignable to type 'void'.
index.ts(139,21): error TS2322: Type '() => void' is not assignable to type 'void'.
index.ts(143,21): error TS2322: Type '() => void' is not assignable to type 'void'.
index.ts(159,11): error TS2339: Property 'prototype' does not exist on type 'void'.
index.ts(164,11): error TS2339: Property 'prototype' does not exist on type 'void'.
index.ts(178,11): error TS2339: Property 'prototype' does not exist on type 'void'.
index.ts(190,11): error TS2339: Property 'prototype' does not exist on type 'void'.
index.ts(206,11): error TS2339: Property 'prototype' does not exist on type 'void'.
index.ts(208,28): error TS2349: This expression is not callable.
  Type 'void' has no call signatures.
index.ts(216,11): error TS2339: Property 'prototype' does not exist on type 'void'.
index.ts(219,3): error TS2349: This expression is not callable.
  Type 'void' has no call signatures.
index.ts(224,7): error TS2349: This expression is not callable.
  Type 'void' has no call signatures.
index.ts(229,11): error TS2339: Property 'prototype' does not exist on type 'void'.

