benchmark.ts(2,5): error TS2322: Type 'string' is not assignable to type 'RegExp'.
minimatch.ts(1,25): error TS7006: Parameter 'p' implicitly has an 'any' type.
minimatch.ts(1,28): error TS7006: Parameter 'pattern' implicitly has an 'any' type.
minimatch.ts(5,16): error TS2339: Property 'nocomment' does not exist on type '{}'.
minimatch.ts(12,16): error TS2528: A module cannot have multiple default exports.
minimatch.ts(13,16): error TS2528: A module cannot have multiple default exports.
minimatch.ts(32,7): error TS2322: Type 'string' is not assignable to type 'RegExp'.
minimatch.ts(40,7): error TS2322: Type 'string' is not assignable to type 'RegExp'.
minimatch.ts(44,7): error TS2322: Type 'string' is not assignable to type 'RegExp'.
minimatch.ts(47,7): error TS2322: Type '(s: string) => {}' is not assignable to type 'string[]'.
minimatch.ts(48,3): error TS7053: Element implicitly has an 'any' type because expression of type 'string' can't be used to index type '{}'.
  No index signature with a parameter of type 'string' was found on type '{}'.
minimatch.ts(53,28): error TS2349: This expression is not callable.
  Type 'string[]' has no call signatures.
minimatch.ts(56,36): error TS2349: This expression is not callable.
  Type 'string[]' has no call signatures.
minimatch.ts(59,7): error TS2322: Type 'RegExp' is not assignable to type 'string'.
minimatch.ts(61,21): error TS7006: Parameter 'pattern' implicitly has an 'any' type.
minimatch.ts(64,19): error TS7006: Parameter 'a' implicitly has an 'any' type.
minimatch.ts(66,41): error TS7053: Element implicitly has an 'any' type because expression of type 'string' can't be used to index type '{}'.
  No index signature with a parameter of type 'string' was found on type '{}'.
minimatch.ts(67,41): error TS7053: Element implicitly has an 'any' type because expression of type 'string' can't be used to index type '{}'.
  No index signature with a parameter of type 'string' was found on type '{}'.
minimatch.ts(67,48): error TS7053: Element implicitly has an 'any' type because expression of type 'string' can't be used to index type '{}'.
  No index signature with a parameter of type 'string' was found on type '{}'.
minimatch.ts(80,18): error TS7006: Parameter 'pattern' implicitly has an 'any' type.
minimatch.ts(80,27): error TS7006: Parameter 'options' implicitly has an 'any' type.
minimatch.ts(110,27): error TS7006: Parameter 'pattern' implicitly has an 'any' type.
minimatch.ts(115,15): error TS2339: Property 'nobrace' does not exist on type '{}'.
minimatch.ts(150,20): error TS7006: Parameter 'list' implicitly has an 'any' type.
minimatch.ts(150,26): error TS7006: Parameter 'pattern' implicitly has an 'any' type.
minimatch.ts(164,16): error TS7006: Parameter 'pattern' implicitly has an 'any' type.
minimatch.ts(164,25): error TS7006: Parameter 'options' implicitly has an 'any' type.
minimatch.ts(169,10): error TS2339: Property 'options' does not exist on type 'Minimatch'.
minimatch.ts(170,10): error TS2339: Property 'set' does not exist on type 'Minimatch'.
minimatch.ts(171,10): error TS2339: Property 'pattern' does not exist on type 'Minimatch'.
minimatch.ts(172,10): error TS2339: Property 'windowsPathsNoEscape' does not exist on type 'Minimatch'.
minimatch.ts(174,14): error TS2339: Property 'windowsPathsNoEscape' does not exist on type 'Minimatch'.
minimatch.ts(175,12): error TS2339: Property 'pattern' does not exist on type 'Minimatch'.
minimatch.ts(175,27): error TS2339: Property 'pattern' does not exist on type 'Minimatch'.
minimatch.ts(177,10): error TS2339: Property 'regexp' does not exist on type 'Minimatch'.
minimatch.ts(178,10): error TS2339: Property 'negate' does not exist on type 'Minimatch'.
minimatch.ts(179,10): error TS2339: Property 'comment' does not exist on type 'Minimatch'.
minimatch.ts(180,10): error TS2339: Property 'empty' does not exist on type 'Minimatch'.
minimatch.ts(181,10): error TS2339: Property 'partial' does not exist on type 'Minimatch'.
minimatch.ts(190,34): error TS2339: Property 'pattern' does not exist on type 'Minimatch'.
minimatch.ts(191,31): error TS2339: Property 'options' does not exist on type 'Minimatch'.
minimatch.ts(195,12): error TS2339: Property 'comment' does not exist on type 'Minimatch'.
minimatch.ts(199,12): error TS2339: Property 'empty' does not exist on type 'Minimatch'.
minimatch.ts(207,20): error TS2339: Property 'globSet' does not exist on type 'Minimatch'.
minimatch.ts(211,16): error TS2554: Expected 0 arguments, but got 2.
minimatch.ts(211,21): error TS2339: Property 'pattern' does not exist on type 'Minimatch'.
minimatch.ts(218,16): error TS2339: Property 'globParts' does not exist on type 'Minimatch'.
minimatch.ts(220,16): error TS2554: Expected 0 arguments, but got 2.
minimatch.ts(220,21): error TS2339: Property 'pattern' does not exist on type 'Minimatch'.
minimatch.ts(223,40): error TS7006: Parameter 'set' implicitly has an 'any' type.
minimatch.ts(223,50): error TS2339: Property 'map' does not exist on type 'string'.
minimatch.ts(225,16): error TS2554: Expected 0 arguments, but got 2.
minimatch.ts(225,21): error TS2339: Property 'pattern' does not exist on type 'Minimatch'.
minimatch.ts(228,47): error TS2345: Argument of type 'boolean' is not assignable to parameter of type 'string'.
minimatch.ts(230,16): error TS2554: Expected 0 arguments, but got 2.
minimatch.ts(230,21): error TS2339: Property 'pattern' does not exist on type 'Minimatch'.
minimatch.ts(232,10): error TS2339: Property 'set' does not exist on type 'Minimatch'.
minimatch.ts(236,14): error TS2339: Property 'options' does not exist on type 'Minimatch'.
minimatch.ts(238,34): error TS2339: Property 'pattern' does not exist on type 'Minimatch'.
minimatch.ts(247,28): error TS2339: Property 'pattern' does not exist on type 'Minimatch'.
minimatch.ts(248,10): error TS2339: Property 'negate' does not exist on type 'Minimatch'.
minimatch.ts(256,13): error TS7006: Parameter 'file' implicitly has an 'any' type.
minimatch.ts(256,19): error TS7006: Parameter 'pattern' implicitly has an 'any' type.
minimatch.ts(256,28): error TS7006: Parameter 'partial' implicitly has an 'any' type.
minimatch.ts(257,29): error TS2339: Property 'options' does not exist on type 'Minimatch'.
minimatch.ts(259,16): error TS2554: Expected 0 arguments, but got 2.
minimatch.ts(262,16): error TS2554: Expected 0 arguments, but got 3.
minimatch.ts(270,18): error TS2554: Expected 0 arguments, but got 1.
minimatch.ts(274,18): error TS2554: Expected 0 arguments, but got 3.
minimatch.ts(279,11): error TS2367: This condition will always return 'false' since the types 'string' and 'boolean' have no overlap.
minimatch.ts(281,11): error TS2367: This condition will always return 'false' since the types 'string' and 'symbol' have no overlap.
minimatch.ts(282,20): error TS2554: Expected 0 arguments, but got 2.
minimatch.ts(309,22): error TS2554: Expected 0 arguments, but got 1.
minimatch.ts(327,22): error TS2554: Expected 0 arguments, but got 6.
minimatch.ts(331,24): error TS2554: Expected 0 arguments, but got 4.
minimatch.ts(339,26): error TS2554: Expected 0 arguments, but got 5.
minimatch.ts(344,24): error TS2554: Expected 0 arguments, but got 1.
minimatch.ts(355,22): error TS2554: Expected 0 arguments, but got 5.
minimatch.ts(367,20): error TS2554: Expected 0 arguments, but got 4.
minimatch.ts(370,20): error TS2554: Expected 0 arguments, but got 4.
minimatch.ts(411,29): error TS2339: Property 'pattern' does not exist on type 'Minimatch'.
minimatch.ts(411,43): error TS2339: Property 'options' does not exist on type 'Minimatch'.
minimatch.ts(414,10): error TS7006: Parameter 'pattern' implicitly has an 'any' type.
minimatch.ts(414,19): error TS7006: Parameter 'isSub' implicitly has an 'any' type.
minimatch.ts(417,31): error TS2339: Property 'options' does not exist on type 'Minimatch'.
minimatch.ts(428,9): error TS2322: Type 'string' is not assignable to type 'RegExp'.
minimatch.ts(453,16): error TS2678: Type 'string' is not comparable to type 'number'.
minimatch.ts(454,13): error TS2322: Type 'string' is not assignable to type 'RegExp'.
minimatch.ts(457,16): error TS2678: Type 'string' is not comparable to type 'number'.
minimatch.ts(458,13): error TS2365: Operator '+=' cannot be applied to types 'RegExp' and 'RegExp'.
minimatch.ts(462,13): error TS2322: Type 'string' is not assignable to type 'RegExp'.
minimatch.ts(465,20): error TS2554: Expected 0 arguments, but got 3.
minimatch.ts(466,9): error TS2322: Type 'boolean' is not assignable to type 'number'.
minimatch.ts(471,18): error TS2554: Expected 0 arguments, but got 5.
minimatch.ts(481,11): error TS2322: Type 'string' is not assignable to type 'RegExp'.
minimatch.ts(507,22): error TS2554: Expected 0 arguments, but got 5.
minimatch.ts(512,24): error TS2554: Expected 0 arguments, but got 1.
minimatch.ts(521,22): error TS2554: Expected 0 arguments, but got 2.
minimatch.ts(521,48): error TS2454: Variable 'stateChar' is used before being assigned.
minimatch.ts(532,13): error TS2322: Type 'string' is not assignable to type 'RegExp'.
minimatch.ts(536,16): error TS2454: Variable 'stateChar' is used before being assigned.
minimatch.ts(537,13): error TS2322: Type 'string' is not assignable to type 'RegExp'.
minimatch.ts(544,25): error TS2339: Property 'length' does not exist on type 'RegExp'.
minimatch.ts(549,11): error TS2322: Type 'string' is not assignable to type 'RegExp'.
minimatch.ts(549,17): error TS2367: This condition will always return 'false' since the types 'number' and 'string' have no overlap.
minimatch.ts(550,22): error TS2554: Expected 0 arguments, but got 3.
minimatch.ts(551,11): error TS2322: Type 'boolean' is not assignable to type 'number'.
minimatch.ts(556,13): error TS2322: Type 'string' is not assignable to type 'RegExp'.
minimatch.ts(569,25): error TS2339: Property 'length' does not exist on type 'RegExp'.
minimatch.ts(574,13): error TS2322: Type 'string' is not assignable to type 'RegExp'.
minimatch.ts(579,11): error TS2322: Type 'string' is not assignable to type 'RegExp'.
minimatch.ts(588,13): error TS2322: Type 'string' is not assignable to type 'RegExp'.
minimatch.ts(594,29): error TS2339: Property 'length' does not exist on type 'RegExp'.
minimatch.ts(604,13): error TS2322: Type 'string' is not assignable to type 'RegExp'.
minimatch.ts(623,13): error TS2322: Type 'string' is not assignable to type 'RegExp'.
minimatch.ts(623,21): error TS2339: Property 'substr' does not exist on type 'RegExp'.
minimatch.ts(624,13): error TS2322: Type 'string | true' is not assignable to type 'boolean'.
  Type 'string' is not assignable to type 'boolean'.
minimatch.ts(640,13): error TS2322: Type 'string' is not assignable to type 'RegExp'.
minimatch.ts(658,7): error TS2322: Type 'string' is not assignable to type 'RegExp'.
minimatch.ts(658,15): error TS2339: Property 'substr' does not exist on type 'RegExp'.
minimatch.ts(659,7): error TS2322: Type 'string | true' is not assignable to type 'boolean'.
minimatch.ts(670,17): error TS2339: Property 'slice' does not exist on type 'RegExp'.
minimatch.ts(671,18): error TS2554: Expected 0 arguments, but got 3.
minimatch.ts(689,18): error TS2554: Expected 0 arguments, but got 5.
minimatch.ts(695,7): error TS2322: Type 'string' is not assignable to type 'RegExp'.
minimatch.ts(695,15): error TS2339: Property 'slice' does not exist on type 'RegExp'.
minimatch.ts(702,7): error TS2322: Type 'string' is not assignable to type 'RegExp'.
minimatch.ts(707,56): error TS2339: Property 'charAt' does not exist on type 'RegExp'.
minimatch.ts(717,35): error TS2339: Property 'slice' does not exist on type 'RegExp'.
minimatch.ts(718,34): error TS2339: Property 'slice' does not exist on type 'RegExp'.
minimatch.ts(719,32): error TS2339: Property 'slice' does not exist on type 'RegExp'.
minimatch.ts(720,33): error TS2339: Property 'slice' does not exist on type 'RegExp'.
minimatch.ts(732,13): error TS2322: Type 'string' is not assignable to type 'boolean'.
  Type 'string' is not assignable to type 'boolean'.
minimatch.ts(733,7): error TS2322: Type 'string' is not assignable to type 'RegExp'.
minimatch.ts(739,9): error TS2367: This condition will always return 'true' since the types 'RegExp' and 'string' have no overlap.
minimatch.ts(740,7): error TS2322: Type 'string' is not assignable to type 'RegExp'.
minimatch.ts(744,7): error TS2322: Type 'string' is not assignable to type 'RegExp'.
minimatch.ts(775,14): error TS2339: Property 'regexp' does not exist on type 'Minimatch'.
minimatch.ts(775,29): error TS2339: Property 'regexp' does not exist on type 'Minimatch'.
minimatch.ts(775,59): error TS2339: Property 'regexp' does not exist on type 'Minimatch'.
minimatch.ts(783,22): error TS2339: Property 'set' does not exist on type 'Minimatch'.
minimatch.ts(786,12): error TS2339: Property 'regexp' does not exist on type 'Minimatch'.
minimatch.ts(787,19): error TS2339: Property 'regexp' does not exist on type 'Minimatch'.
minimatch.ts(789,31): error TS2339: Property 'options' does not exist on type 'Minimatch'.
minimatch.ts(806,13): error TS2339: Property '_src' does not exist on type 'never'.
minimatch.ts(807,17): error TS7006: Parameter 'set' implicitly has an 'any' type.
minimatch.ts(808,51): error TS2367: This condition will always return 'false' since the types 'string' and 'symbol' have no overlap.
minimatch.ts(814,13): error TS2367: This condition will always return 'true' since the types 'string' and 'symbol' have no overlap.
minimatch.ts(830,44): error TS2367: This condition will always return 'true' since the types 'string' and 'symbol' have no overlap.
minimatch.ts(838,14): error TS2339: Property 'negate' does not exist on type 'Minimatch'.
minimatch.ts(841,12): error TS2339: Property 'regexp' does not exist on type 'Minimatch'.
minimatch.ts(843,12): error TS2339: Property 'regexp' does not exist on type 'Minimatch'.
minimatch.ts(845,17): error TS2339: Property 'regexp' does not exist on type 'Minimatch'.
minimatch.ts(848,10): error TS7006: Parameter 'f' implicitly has an 'any' type.
minimatch.ts(848,28): error TS2339: Property 'partial' does not exist on type 'Minimatch'.
minimatch.ts(849,16): error TS2554: Expected 0 arguments, but got 3.
minimatch.ts(849,33): error TS2339: Property 'pattern' does not exist on type 'Minimatch'.
minimatch.ts(852,14): error TS2339: Property 'comment' does not exist on type 'Minimatch'.
minimatch.ts(853,14): error TS2339: Property 'empty' does not exist on type 'Minimatch'.
minimatch.ts(857,31): error TS2339: Property 'options' does not exist on type 'Minimatch'.
minimatch.ts(866,16): error TS2554: Expected 0 arguments, but got 3.
minimatch.ts(866,21): error TS2339: Property 'pattern' does not exist on type 'Minimatch'.
minimatch.ts(873,22): error TS2339: Property 'set' does not exist on type 'Minimatch'.
minimatch.ts(874,16): error TS2554: Expected 0 arguments, but got 3.
minimatch.ts(874,21): error TS2339: Property 'pattern' does not exist on type 'Minimatch'.
minimatch.ts(892,22): error TS2339: Property 'negate' does not exist on type 'Minimatch'.
minimatch.ts(899,17): error TS2339: Property 'negate' does not exist on type 'Minimatch'.
minimatch.ts(902,20): error TS7006: Parameter 'def' implicitly has an 'any' type.
../../../../node_modules/@types/get-intrinsic/internal/intrinsics.d.ts(11,25): error TS2304: Cannot find name 'AggregateErrorConstructor'.
../../../../node_modules/@types/get-intrinsic/internal/intrinsics.d.ts(126,42): error TS2304: Cannot find name 'AggregateError'.
../../../../node_modules/@types/get-intrinsic/internal/intrinsics.d.ts(127,47): error TS2304: Cannot find name 'AggregateError'.
../../../../node_modules/@types/get-intrinsic/internal/intrinsics.d.ts(128,50): error TS2304: Cannot find name 'AggregateError'.
../../../../node_modules/@types/get-intrinsic/internal/intrinsics.d.ts(418,37): error TS2550: Property 'any' does not exist on type 'PromiseConstructor'. Do you need to change your target library? Try changing the 'lib' compiler option to 'es2021' or later.
../../../../node_modules/@types/get-intrinsic/internal/intrinsics.d.ts(514,62): error TS2550: Property 'replaceAll' does not exist on type 'String'. Do you need to change your target library? Try changing the 'lib' compiler option to 'es2021' or later.

