build.ts(5,19): error TS2307: Cannot find module 'acorn' or its corresponding type declarations.
build.ts(6,18): error TS2307: Cannot find module 'acorn/dist/walk' or its corresponding type declarations.
build.ts(24,3): error TS2322: Type 'string[]' is not assignable to type 'string'.
build.ts(35,7): error TS2542: Index signature in type 'String' only permits reading.
build.ts(37,5): error TS2542: Index signature in type 'String' only permits reading.
build.ts(39,14): error TS2339: Property 'join' does not exist on type 'string'.
polyfill-done.ts(3,30): error TS2339: Property 'done' does not exist on type 'Promise<any>'.
polyfill-done.ts(4,21): error TS2339: Property 'done' does not exist on type 'Promise<any>'.
src/core.ts(76,18): error TS2350: Only a void function can be called with the 'new' keyword.
src/core.ts(77,16): error TS2350: Only a void function can be called with the 'new' keyword.
src/core.ts(83,20): error TS2350: Only a void function can be called with the 'new' keyword.
src/core.ts(85,18): error TS2350: Only a void function can be called with the 'new' keyword.
src/es6-extensions.ts(11,30): error TS2345: Argument of type 'boolean' is not assignable to parameter of type 'string'.
src/es6-extensions.ts(12,5): error TS2322: Type 'Promise<{}>' is not assignable to type 'string'.
src/es6-extensions.ts(12,34): error TS2345: Argument of type 'boolean' is not assignable to parameter of type 'string'.
src/es6-extensions.ts(15,30): error TS2345: Argument of type 'number' is not assignable to parameter of type 'string'.
src/es6-extensions.ts(19,24): error TS2350: Only a void function can be called with the 'new' keyword.
src/es6-extensions.ts(20,5): error TS2339: Property '_state' does not exist on type 'Promise<{}>'.
src/es6-extensions.ts(21,5): error TS2339: Property '_value' does not exist on type 'Promise<{}>'.
src/es6-extensions.ts(24,9): error TS2339: Property 'resolve' does not exist on type 'typeof Promise'.
src/es6-extensions.ts(38,16): error TS2350: Only a void function can be called with the 'new' keyword.
src/es6-extensions.ts(41,14): error TS2350: Only a void function can be called with the 'new' keyword.
src/es6-extensions.ts(42,9): error TS2349: This expression is not callable.
  Type 'void' has no call signatures.
src/es6-extensions.ts(61,9): error TS2339: Property 'all' does not exist on type 'typeof Promise'.
src/es6-extensions.ts(64,10): error TS2350: Only a void function can be called with the 'new' keyword.
src/es6-extensions.ts(65,35): error TS2349: This expression is not callable.
  Type 'void' has no call signatures.
src/es6-extensions.ts(69,43): error TS2339: Property 'then' does not exist on type '{}'.
src/es6-extensions.ts(74,33): error TS2349: This expression is not callable.
  Type 'void' has no call signatures.
src/es6-extensions.ts(82,34): error TS2350: Only a void function can be called with the 'new' keyword.
src/es6-extensions.ts(83,20): error TS2345: Argument of type '(val: any) => void' is not assignable to parameter of type '(value: {}) => {} | PromiseLike<{}>'.
  Type 'void' is not assignable to type '{} | PromiseLike<{}>'.
src/es6-extensions.ts(92,9): error TS2349: This expression is not callable.
  Type 'void' has no call signatures.
src/es6-extensions.ts(109,40): error TS2339: Property 'then' does not exist on type '{}'.
src/es6-extensions.ts(110,19): error TS2339: Property 'then' does not exist on type '{}'.
src/es6-extensions.ts(114,14): error TS2350: Only a void function can be called with the 'new' keyword.
src/es6-extensions.ts(120,9): error TS2339: Property 'allSettled' does not exist on type 'typeof Promise'.
src/es6-extensions.ts(121,18): error TS2339: Property 'all' does not exist on type 'typeof Promise'.
src/es6-extensions.ts(124,9): error TS2339: Property 'reject' does not exist on type 'typeof Promise'.
src/es6-extensions.ts(125,10): error TS2350: Only a void function can be called with the 'new' keyword.
src/es6-extensions.ts(126,5): error TS2349: This expression is not callable.
  Type 'void' has no call signatures.
src/es6-extensions.ts(130,9): error TS2339: Property 'race' does not exist on type 'typeof Promise'.
src/es6-extensions.ts(131,10): error TS2350: Only a void function can be called with the 'new' keyword.
src/es6-extensions.ts(133,15): error TS2339: Property 'resolve' does not exist on type 'typeof Promise'.
src/finally.ts(8,20): error TS2339: Property 'resolve' does not exist on type 'typeof Promise'.
src/finally.ts(8,28): error TS2349: This expression is not callable.
  Type 'String' has no call signatures.
src/finally.ts(12,20): error TS2339: Property 'resolve' does not exist on type 'typeof Promise'.
src/finally.ts(12,28): error TS2349: This expression is not callable.
  Type 'String' has no call signatures.
src/node-extensions.ts(14,9): error TS2339: Property 'denodeify' does not exist on type 'typeof Promise'.
src/node-extensions.ts(24,5): error TS2322: Type 'string' is not assignable to type 'void'.
src/node-extensions.ts(34,7): error TS2322: Type 'string' is not assignable to type 'string[]'.
src/node-extensions.ts(39,35): error TS2769: No overload matches this call.
  Overload 1 of 2, '(...items: ConcatArray<string>[]): string[]', gave the following error.
    Type 'void' is not assignable to type 'string'.
  Overload 2 of 2, '(...items: (string | ConcatArray<string>)[]): string[]', gave the following error.
    Type 'void' is not assignable to type 'string'.
src/node-extensions.ts(48,19): error TS2345: Argument of type 'string[]' is not assignable to parameter of type 'string'.
src/node-extensions.ts(56,7): error TS2322: Type 'string' is not assignable to type 'string[]'.
src/node-extensions.ts(92,5): error TS2345: Argument of type 'string[]' is not assignable to parameter of type 'string'.
src/node-extensions.ts(97,9): error TS2339: Property 'nodeify' does not exist on type 'typeof Promise'.
src/node-extensions.ts(107,16): error TS2350: Only a void function can be called with the 'new' keyword.
src/node-extensions.ts(108,11): error TS2349: This expression is not callable.
  Type 'void' has no call signatures.
src/rejection-tracking.ts(103,7): error TS2322: Type 'string' is not assignable to type 'boolean'.
src/rejection-tracking.ts(104,10): error TS2339: Property 'split' does not exist on type 'boolean'.
src/synchronous.ts(6,9): error TS2339: Property 'enableSynchronous' does not exist on type 'typeof Promise'.
src/synchronous.ts(55,9): error TS2339: Property 'disableSynchronous' does not exist on type 'typeof Promise'.

