bench.ts(4,5): error TS2300: Duplicate identifier 'async'.
bench.ts(44,46): error TS2503: Cannot find namespace 'asynckit'.
lib/abort.ts(9,10): error TS2300: Duplicate identifier 'abort'.
lib/abort.ts(9,23): error TS2304: Cannot find name 'State'.
lib/abort.ts(9,23): error TS4078: Parameter 'state' of exported function has or is using private name 'State'.
lib/async.ts(1,5): error TS2300: Duplicate identifier 'defer'.
lib/async.ts(13,10): error TS2300: Duplicate identifier 'async'.
lib/defer.ts(8,10): error TS2300: Duplicate identifier 'defer'.
lib/iterate.ts(2,5): error TS2300: Duplicate identifier 'abort'.
lib/iterate.ts(16,10): error TS2300: Duplicate identifier 'iterate'.
lib/readable_asynckit.ts(12,10): error TS2300: Duplicate identifier 'ReadableAsyncKit'.
lib/readable_parallel.ts(1,5): error TS2300: Duplicate identifier 'parallel'.
lib/readable_parallel.ts(14,10): error TS2300: Duplicate identifier 'ReadableParallel'.
lib/readable_serial.ts(1,5): error TS2300: Duplicate identifier 'serial'.
lib/readable_serial.ts(14,10): error TS2300: Duplicate identifier 'ReadableSerial'.
lib/readable_serial_ordered.ts(18,10): error TS2300: Duplicate identifier 'ReadableSerialOrdered'.
lib/streamify.ts(16,33): error TS2707: Generic type 'Iterator<T, TReturn, TNext>' requires between 1 and 3 type arguments.
lib/streamify.ts(102,41): error TS2304: Cannot find name 'Output'.
lib/streamify.ts(102,41): error TS4078: Parameter 'output' of exported function has or is using private name 'Output'.
lib/terminator.ts(1,5): error TS2300: Duplicate identifier 'abort'.
lib/terminator.ts(14,10): error TS2300: Duplicate identifier 'terminator'.
parallel.ts(1,5): error TS2300: Duplicate identifier 'iterate'.
parallel.ts(3,5): error TS2300: Duplicate identifier 'terminator'.
parallel.ts(17,10): error TS2300: Duplicate identifier 'parallel'.
serial.ts(1,5): error TS2300: Duplicate identifier 'serialOrdered'.
serial.ts(14,10): error TS2300: Duplicate identifier 'serial'.
serialOrdered.ts(1,5): error TS2300: Duplicate identifier 'iterate'.
serialOrdered.ts(3,5): error TS2300: Duplicate identifier 'terminator'.
serialOrdered.ts(21,10): error TS2300: Duplicate identifier 'serialOrdered'.
stream.ts(3,5): error TS2300: Duplicate identifier 'ReadableAsyncKit'.
stream.ts(4,5): error TS2300: Duplicate identifier 'ReadableParallel'.
stream.ts(5,5): error TS2300: Duplicate identifier 'ReadableSerial'.
stream.ts(6,5): error TS2300: Duplicate identifier 'ReadableSerialOrdered'.

