benchmarks/run/add-remove.ts(3,23): error TS2307: Cannot find module 'benchmark' or its corresponding type declarations.
benchmarks/run/add-remove.ts(4,31): error TS2307: Cannot find module 'eventemitter2' or its corresponding type declarations.
benchmarks/run/add-remove.ts(6,27): error TS2307: Cannot find module 'eventemitter3' or its corresponding type declarations.
benchmarks/run/add-remove.ts(7,38): error TS2307: Cannot find module 'drip' or its corresponding type declarations.
benchmarks/run/add-remove.ts(8,16): error TS2307: Cannot find module 'contra/emitter' or its corresponding type declarations.
benchmarks/run/add-remove.ts(9,16): error TS2307: Cannot find module 'event-emitter' or its corresponding type declarations.
benchmarks/run/add-remove.ts(10,16): error TS2307: Cannot find module 'fastemitter' or its corresponding type declarations.
benchmarks/run/add-remove.ts(11,20): error TS2306: File 'index.ts' is not a module.
benchmarks/run/context.ts(3,23): error TS2307: Cannot find module 'benchmark' or its corresponding type declarations.
benchmarks/run/context.ts(4,31): error TS2307: Cannot find module 'eventemitter2' or its corresponding type declarations.
benchmarks/run/context.ts(6,27): error TS2307: Cannot find module 'eventemitter3' or its corresponding type declarations.
benchmarks/run/context.ts(7,38): error TS2307: Cannot find module 'drip' or its corresponding type declarations.
benchmarks/run/context.ts(8,16): error TS2307: Cannot find module 'contra/emitter' or its corresponding type declarations.
benchmarks/run/context.ts(9,16): error TS2307: Cannot find module 'event-emitter' or its corresponding type declarations.
benchmarks/run/context.ts(10,16): error TS2307: Cannot find module 'fastemitter' or its corresponding type declarations.
benchmarks/run/context.ts(11,20): error TS2306: File 'index.ts' is not a module.
benchmarks/run/emit-multiple-listeners.ts(3,23): error TS2307: Cannot find module 'benchmark' or its corresponding type declarations.
benchmarks/run/emit-multiple-listeners.ts(4,31): error TS2307: Cannot find module 'eventemitter2' or its corresponding type declarations.
benchmarks/run/emit-multiple-listeners.ts(6,27): error TS2307: Cannot find module 'eventemitter3' or its corresponding type declarations.
benchmarks/run/emit-multiple-listeners.ts(7,16): error TS2307: Cannot find module 'contra/emitter' or its corresponding type declarations.
benchmarks/run/emit-multiple-listeners.ts(8,16): error TS2307: Cannot find module 'event-emitter' or its corresponding type declarations.
benchmarks/run/emit-multiple-listeners.ts(9,16): error TS2307: Cannot find module 'fastemitter' or its corresponding type declarations.
benchmarks/run/emit-multiple-listeners.ts(10,20): error TS2306: File 'index.ts' is not a module.
benchmarks/run/emit.ts(3,23): error TS2307: Cannot find module 'benchmark' or its corresponding type declarations.
benchmarks/run/emit.ts(4,31): error TS2307: Cannot find module 'eventemitter2' or its corresponding type declarations.
benchmarks/run/emit.ts(6,27): error TS2307: Cannot find module 'eventemitter3' or its corresponding type declarations.
benchmarks/run/emit.ts(7,38): error TS2307: Cannot find module 'drip' or its corresponding type declarations.
benchmarks/run/emit.ts(8,16): error TS2307: Cannot find module 'contra/emitter' or its corresponding type declarations.
benchmarks/run/emit.ts(9,16): error TS2307: Cannot find module 'event-emitter' or its corresponding type declarations.
benchmarks/run/emit.ts(10,16): error TS2307: Cannot find module 'fastemitter' or its corresponding type declarations.
benchmarks/run/emit.ts(11,20): error TS2306: File 'index.ts' is not a module.
benchmarks/run/hundreds.ts(3,23): error TS2307: Cannot find module 'benchmark' or its corresponding type declarations.
benchmarks/run/hundreds.ts(4,31): error TS2307: Cannot find module 'eventemitter2' or its corresponding type declarations.
benchmarks/run/hundreds.ts(6,27): error TS2307: Cannot find module 'eventemitter3' or its corresponding type declarations.
benchmarks/run/hundreds.ts(7,38): error TS2307: Cannot find module 'drip' or its corresponding type declarations.
benchmarks/run/hundreds.ts(8,16): error TS2307: Cannot find module 'contra/emitter' or its corresponding type declarations.
benchmarks/run/hundreds.ts(9,16): error TS2307: Cannot find module 'event-emitter' or its corresponding type declarations.
benchmarks/run/hundreds.ts(10,16): error TS2307: Cannot find module 'fastemitter' or its corresponding type declarations.
benchmarks/run/hundreds.ts(11,20): error TS2306: File 'index.ts' is not a module.
benchmarks/run/init.ts(3,23): error TS2307: Cannot find module 'benchmark' or its corresponding type declarations.
benchmarks/run/init.ts(4,31): error TS2307: Cannot find module 'eventemitter2' or its corresponding type declarations.
benchmarks/run/init.ts(6,27): error TS2307: Cannot find module 'eventemitter3' or its corresponding type declarations.
benchmarks/run/init.ts(7,38): error TS2307: Cannot find module 'drip' or its corresponding type declarations.
benchmarks/run/init.ts(8,16): error TS2307: Cannot find module 'contra/emitter' or its corresponding type declarations.
benchmarks/run/init.ts(9,16): error TS2307: Cannot find module 'event-emitter' or its corresponding type declarations.
benchmarks/run/init.ts(10,16): error TS2307: Cannot find module 'fastemitter' or its corresponding type declarations.
benchmarks/run/init.ts(11,20): error TS2306: File 'index.ts' is not a module.
benchmarks/run/listeners.ts(3,23): error TS2307: Cannot find module 'benchmark' or its corresponding type declarations.
benchmarks/run/listeners.ts(5,27): error TS2307: Cannot find module 'eventemitter3' or its corresponding type declarations.
benchmarks/run/listeners.ts(6,16): error TS2307: Cannot find module 'fastemitter' or its corresponding type declarations.
benchmarks/run/listeners.ts(7,20): error TS2306: File 'index.ts' is not a module.
benchmarks/run/once.ts(3,23): error TS2307: Cannot find module 'benchmark' or its corresponding type declarations.
benchmarks/run/once.ts(4,31): error TS2307: Cannot find module 'eventemitter2' or its corresponding type declarations.
benchmarks/run/once.ts(6,27): error TS2307: Cannot find module 'eventemitter3' or its corresponding type declarations.
benchmarks/run/once.ts(7,38): error TS2307: Cannot find module 'drip' or its corresponding type declarations.
benchmarks/run/once.ts(8,16): error TS2307: Cannot find module 'contra/emitter' or its corresponding type declarations.
benchmarks/run/once.ts(9,16): error TS2307: Cannot find module 'event-emitter' or its corresponding type declarations.
benchmarks/run/once.ts(10,16): error TS2307: Cannot find module 'fastemitter' or its corresponding type declarations.
benchmarks/run/once.ts(11,20): error TS2306: File 'index.ts' is not a module.
benchmarks/run/remove-emit.ts(3,23): error TS2307: Cannot find module 'benchmark' or its corresponding type declarations.
benchmarks/run/remove-emit.ts(4,31): error TS2307: Cannot find module 'eventemitter2' or its corresponding type declarations.
benchmarks/run/remove-emit.ts(6,27): error TS2307: Cannot find module 'eventemitter3' or its corresponding type declarations.
benchmarks/run/remove-emit.ts(7,38): error TS2307: Cannot find module 'drip' or its corresponding type declarations.
benchmarks/run/remove-emit.ts(8,16): error TS2307: Cannot find module 'contra/emitter' or its corresponding type declarations.
benchmarks/run/remove-emit.ts(9,16): error TS2307: Cannot find module 'event-emitter' or its corresponding type declarations.
benchmarks/run/remove-emit.ts(10,20): error TS2306: File 'index.ts' is not a module.
benchmarks/run/remove-emit.ts(24,70): error TS2709: Cannot use namespace 'EventEmitter' as a type.
benchmarks/template.ts(6,23): error TS2307: Cannot find module 'benchmark' or its corresponding type declarations.
index.ts(29,32): error TS2322: Type 'boolean' is not assignable to type 'string'.
index.ts(58,31): error TS2709: Cannot use namespace 'EventEmitter' as a type.
index.ts(58,31): error TS4078: Parameter 'emitter' of exported function has or is using private name 'EventEmitter'.
index.ts(64,31): error TS2469: The '+' operator cannot be applied to type 'symbol'.
index.ts(80,30): error TS2709: Cannot use namespace 'EventEmitter' as a type.
index.ts(80,30): error TS4078: Parameter 'emitter' of exported function has or is using private name 'EventEmitter'.
index.ts(131,31): error TS2538: Type 'Event' cannot be used as an index type.
index.ts(152,32): error TS2538: Type 'Event' cannot be used as an index type.
index.ts(167,31): error TS2469: The '+' operator cannot be applied to type 'symbol'.
index.ts(255,31): error TS2469: The '+' operator cannot be applied to type 'symbol'.
index.ts(259,22): error TS2345: Argument of type 'string | symbol' is not assignable to parameter of type 'Event'.
  Type 'string' is not assignable to type 'Event'.
index.ts(271,24): error TS2345: Argument of type 'string | symbol' is not assignable to parameter of type 'Event'.
  Type 'string' is not assignable to type 'Event'.
index.ts(288,27): error TS2345: Argument of type 'string | symbol' is not assignable to parameter of type 'Event'.
  Type 'string' is not assignable to type 'Event'.
index.ts(335,3): error TS1258: A default export must be at the top level of a file or module declaration.

