Source directory: .
Dataset: top1k-typed-nodeps
Inferring types with LambdaNet: /work/arjunguha-research-group/mhyee/not-type-inference/LambdaNet
Input directory: /work/arjunguha-research-group/mhyee/not-type-inference/data/original/top1k-typed-nodeps
Output directory: /work/arjunguha-research-group/mhyee/not-type-inference/data/LambdaNet-out/top1k-typed-nodeps/predictions
Found 287 packages
[1/287] @xtuc_long ... [ OK ]
[2/287] abab ... [ OK ]
[3/287] abbrev ... [ OK ]
[4/287] acorn ... [ OK ]
[5/287] acorn-jsx ... [ OK ]
[6/287] ansi-colors ... [ OK ]
[7/287] ansi-regex ... [ OK ]
[8/287] ansi-styles ... [ OK ]
[9/287] arg ... [FAIL]
[10/287] argparse ... [ OK ]
[11/287] arr-diff ... [ OK ]
[12/287] arr-union ... [ OK ]
[13/287] array-union ... [ OK ]
[14/287] array-uniq ... [ OK ]
[15/287] array-unique ... [ OK ]
[16/287] arrify ... [ OK ]
[17/287] assert-plus ... [ OK ]
[18/287] astral-regex ... [ OK ]
[19/287] async ... [FAIL]
[20/287] atob ... [ OK ]
[21/287] aws4 ... [ OK ]
[22/287] balanced-match ... [ OK ]
[23/287] base64-js ... [ OK ]
[24/287] big.js ... [FAIL]
[25/287] binary-extensions ... [FAIL]
[26/287] bn.js ... [FAIL]
[27/287] boolbase ... [ OK ]
[28/287] brorand ... [ OK ]
[29/287] browser-process-hrtime ... [FAIL]
[30/287] buffer-crc32 ... [ OK ]
[31/287] buffer-from ... [ OK ]
[32/287] bytes ... [ OK ]
[33/287] cacheable-lookup ... [ OK ]
[34/287] callsites ... [ OK ]
[35/287] camelcase ... [ OK ]
[36/287] caniuse-lite ... [FAIL]
[37/287] caseless ... [FAIL]
[38/287] char-regex ... [FAIL]
[39/287] chownr ... [FAIL]
[40/287] ci-info ... [ OK ]
[41/287] cjs-module-lexer ... [ OK ]
[42/287] cli-boxes ... [ OK ]
[43/287] cli-spinners ... [FAIL]
[44/287] clone ... [ OK ]
[45/287] co ... [ OK ]
[46/287] collect-v8-coverage ... [ OK ]
[47/287] color-name ... [FAIL]
[48/287] color-support ... [ OK ]
[49/287] colorette ... [ OK ]
[50/287] colors ... [ OK ]
[51/287] component-emitter ... [FAIL]
[52/287] content-type ... [ OK ]
[53/287] cookie ... [ OK ]
[54/287] cookie-signature ... [ OK ]
[55/287] create-require ... [ OK ]
[56/287] cssesc ... [ OK ]
[57/287] cssom ... [ OK ]
[58/287] decamelize ... [ OK ]
[59/287] decimal.js ... [ OK ]
[60/287] decode-uri-component ... [ OK ]
[61/287] dedent ... [ OK ]
[62/287] deep-extend ... [FAIL]
[63/287] deepmerge ... [ OK ]
[64/287] define-lazy-prop ... [ OK ]
[65/287] delegates ... [ OK ]
[66/287] depd ... [ OK ]
[67/287] destroy ... [ OK ]
[68/287] detect-newline ... [ OK ]
[69/287] detect-node ... [FAIL]
[70/287] diff ... [ OK ]
[71/287] dotenv ... [ OK ]
[72/287] duplexer3 ... [ OK ]
[73/287] ee-first ... [ OK ]
[74/287] emittery ... [ OK ]
[75/287] emoji-regex ... [ OK ]
[76/287] encodeurl ... [ OK ]
[77/287] escalade ... [ OK ]
[78/287] escape-html ... [ OK ]
[79/287] escape-string-regexp ... [ OK ]
[80/287] eslint-visitor-keys ... [ OK ]
[81/287] estraverse ... [ OK ]
[82/287] esutils ... [ OK ]
[83/287] etag ... [ OK ]
[84/287] eventemitter3 ... [ OK ]
[85/287] events ... [ OK ]
[86/287] eventsource ... [ OK ]
[87/287] exec-sh ... [ OK ]
[88/287] exit ... [ OK ]
[89/287] extend ... [ OK ]
[90/287] extsprintf ... [ OK ]
[91/287] fast-deep-equal ... [ OK ]
[92/287] fast-json-stable-stringify ... [ OK ]
[93/287] filesize ... [FAIL]
[94/287] filter-obj ... [ OK ]
[95/287] flatted ... [ OK ]
[96/287] follow-redirects ... [ OK ]
[97/287] forever-agent ... [FAIL]
[98/287] forwarded ... [ OK ]
[99/287] fraction.js ... [ OK ]
[100/287] fresh ... [ OK ]
[101/287] fsevents ... [ OK ]
[102/287] function-bind ... [ OK ]
[103/287] functional-red-black-tree ... [ OK ]
[104/287] gensync ... [ OK ]
[105/287] get-stdin ... [ OK ]
[106/287] get-stream ... [ OK ]
[107/287] glob-to-regexp ... [ OK ]
[108/287] graceful-fs ... [ OK ]
[109/287] hard-rejection ... [ OK ]
[110/287] has-flag ... [ OK ]
[111/287] has-symbols ... [FAIL]
[112/287] html-escaper ... [ OK ]
[113/287] http-cache-semantics ... [ OK ]
[114/287] human-signals ... [ OK ]
[115/287] icss-utils ... [ OK ]
[116/287] ieee754 ... [ OK ]
[117/287] iferr ... [ OK ]
[118/287] ignore ... [ OK ]
[119/287] import-from ... [ OK ]
[120/287] import-lazy ... [ OK ]
[121/287] imurmurhash ... [ OK ]
[122/287] indent-string ... [ OK ]
[123/287] inherits ... [ OK ]
[124/287] ini ... [FAIL]
[125/287] interpret ... [ OK ]
[126/287] invert-kv ... [FAIL]
[127/287] ip ... [ OK ]
[128/287] ip-regex ... [ OK ]
[129/287] ipaddr.js ... [ OK ]
[130/287] is-absolute-url ... [ OK ]
[131/287] is-buffer ... [ OK ]
[132/287] is-callable ... [ OK ]
[133/287] is-directory ... [ OK ]
[134/287] is-docker ... [ OK ]
[135/287] is-fullwidth-code-point ... [ OK ]
[136/287] is-generator-fn ... [ OK ]
[137/287] is-interactive ... [ OK ]
[138/287] is-number ... [ OK ]
[139/287] is-obj ... [ OK ]
[140/287] is-path-cwd ... [ OK ]
[141/287] is-path-inside ... [ OK ]
[142/287] is-plain-obj ... [FAIL]
[143/287] is-plain-object ... [ OK ]
[144/287] is-promise ... [ OK ]
[145/287] is-stream ... [ OK ]
[146/287] is-typedarray ... [ OK ]
[147/287] is-unicode-supported ... [ OK ]
[148/287] is-windows ... [ OK ]
[149/287] isarray ... [FAIL]
[150/287] isexe ... [FAIL]
[151/287] isobject ... [ OK ]
[152/287] isstream ... [ OK ]
[153/287] jest-pnp-resolver ... [ OK ]
[154/287] jquery ... [ OK ]
[155/287] jsbn ... [ OK ]
[156/287] jsesc ... [ OK ]
[157/287] json-buffer ... [ OK ]
[158/287] json-parse-better-errors ... [ OK ]
[159/287] json-schema ... [ OK ]
[160/287] json-schema-traverse ... [ OK ]
[161/287] json-stringify-safe ... [ OK ]
[162/287] kind-of ... [ OK ]
[163/287] kleur ... [ OK ]
[164/287] klona ... [ OK ]
[165/287] leven ... [ OK ]
[166/287] load-json-file ... [ OK ]
[167/287] loader-runner ... [ OK ]
[168/287] lodash ... [ OK ]
[169/287] loglevel ... [ OK ]
[170/287] lowercase-keys ... [ OK ]
[171/287] make-error ... [ OK ]
[172/287] map-obj ... [ OK ]
[173/287] media-typer ... [ OK ]
[174/287] merge-descriptors ... [ OK ]
[175/287] merge-stream ... [ OK ]
[176/287] merge2 ... [ OK ]
[177/287] methods ... [ OK ]
[178/287] mime ... [ OK ]
[179/287] mime-db ... [ OK ]
[180/287] mimic-fn ... [ OK ]
[181/287] mimic-response ... [ OK ]
[182/287] min-indent ... [ OK ]
[183/287] minimalistic-assert ... [ OK ]
[184/287] mkdirp ... [ OK ]
[185/287] mute-stream ... [ OK ]
[186/287] nanocolors ... [ OK ]
[187/287] nanoid ... [ OK ]
[188/287] natural-compare ... [ OK ]
[189/287] negotiator ... [ OK ]
[190/287] next-tick ... [ OK ]
[191/287] nice-try ... [ OK ]
[192/287] node-int64 ... [ OK ]
[193/287] normalize-path ... [ OK ]
[194/287] normalize-url ... [ OK ]
[195/287] number-is-nan ... [ OK ]
[196/287] nwsapi ... [ OK ]
[197/287] object-assign ... [ OK ]
[198/287] object-inspect ... [ OK ]
[199/287] object-keys ... [ OK ]
[200/287] on-headers ... [ OK ]
[201/287] os-homedir ... [ OK ]
[202/287] os-tmpdir ... [ OK ]
[203/287] p-cancelable ... [FAIL]
[204/287] p-each-series ... [ OK ]
[205/287] p-timeout ... [FAIL]
[206/287] p-try ... [ OK ]
[207/287] parseurl ... [ OK ]
[208/287] pascalcase ... [FAIL]
[209/287] path-browserify ... [ OK ]
[210/287] path-exists ... [ OK ]
[211/287] path-is-absolute ... [ OK ]
[212/287] path-is-inside ... [ OK ]
[213/287] path-key ... [ OK ]
[214/287] path-parse ... [ OK ]
[215/287] path-type ... [ OK ]
[216/287] picomatch ... [ OK ]
[217/287] pify ... [ OK ]
[218/287] postcss-modules-extract-imports ... [ OK ]
[219/287] postcss-value-parser ... [ OK ]
[220/287] prelude-ls ... [ OK ]
[221/287] prepend-http ... [ OK ]
[222/287] progress ... [ OK ]
[223/287] promise-inflight ... [FAIL]
[224/287] punycode ... [ OK ]
[225/287] querystring ... [FAIL]
[226/287] querystringify ... [FAIL]
[227/287] queue-microtask ... [ OK ]
[228/287] quick-lru ... [FAIL]
[229/287] range-parser ... [ OK ]
[230/287] regenerate ... [ OK ]
[231/287] regexp-tree ... [ OK ]
[232/287] repeat-element ... [ OK ]
[233/287] repeat-string ... [ OK ]
[234/287] require-directory ... [ OK ]
[235/287] require-from-string ... [FAIL]
[236/287] requires-port ... [ OK ]
[237/287] resolve-from ... [ OK ]
[238/287] retry ... [ OK ]
[239/287] rsvp ... [ OK ]
[240/287] safe-buffer ... [ OK ]
[241/287] safer-buffer ... [ OK ]
[242/287] sax ... [ OK ]
[243/287] setimmediate ... [ OK ]
[244/287] setprototypeof ... [ OK ]
[245/287] shebang-regex ... [ OK ]
[246/287] signal-exit ... [FAIL]
[247/287] sisteransi ... [ OK ]
[248/287] slash ... [ OK ]
[249/287] source-list-map ... [ OK ]
[250/287] split-on-first ... [ OK ]
[251/287] split-string ... [ OK ]
[252/287] sprintf-js ... [ OK ]
[253/287] stable ... [ OK ]
[254/287] statuses ... [ OK ]
[255/287] stream-shift ... [ OK ]
[256/287] strict-uri-encode ... [ OK ]
[257/287] strip-bom ... [ OK ]
[258/287] strip-final-newline ... [ OK ]
[259/287] strip-json-comments ... [ OK ]
[260/287] symbol-observable ... [ OK ]
[261/287] symbol-tree ... [ OK ]
[262/287] tapable ... [ OK ]
[263/287] throat ... [ OK ]
[264/287] through ... [ OK ]
[265/287] tmpl ... [ OK ]
[266/287] to-fast-properties ... [ OK ]
[267/287] trim-newlines ... [ OK ]
[268/287] tslib ... [ OK ]
[269/287] tweetnacl ... [ OK ]
[270/287] type ... [ OK ]
[271/287] typedarray-to-buffer ... [ OK ]
[272/287] universalify ... [ OK ]
[273/287] urix ... [ OK ]
[274/287] util-deprecate ... [ OK ]
[275/287] utils-merge ... [ OK ]
[276/287] uuid ... [ OK ]
[277/287] vary ... [ OK ]
[278/287] webidl-conversions ... [ OK ]
[279/287] webpack-sources ... [ OK ]
[280/287] whatwg-mimetype ... [ OK ]
[281/287] word-wrap ... [FAIL]
[282/287] ws ... [FAIL]
[283/287] xml-name-validator ... [FAIL]
[284/287] xtend ... [FAIL]
[285/287] yallist ... [ OK ]
[286/287] yn ... [ OK ]
[287/287] yocto-queue ... [FAIL]
Number of successes: 250
Number of fails: 37
Number of skips: 0
Time for type inference: 1:08:19
