acorn-loose/node_modules/acorn/src/expression.ts(701,52): error TS1005: ',' expected.
acorn-loose/node_modules/acorn/src/lval.ts(248,77): error TS1005: ',' expected.
acorn-loose/node_modules/acorn/src/lval.ts(284,78): error TS1005: ',' expected.
acorn-loose/node_modules/acorn/src/lval.ts(303,83): error TS1005: ',' expected.
acorn-loose/node_modules/acorn/src/regexp.ts(249,66): error TS1005: ',' expected.
acorn-loose/node_modules/acorn/src/regexp.ts(643,82): error TS1005: ',' expected.
acorn-loose/node_modules/acorn/src/statement.ts(425,54): error TS1005: ',' expected.
acorn-loose/node_modules/acorn/src/statement.ts(425,88): error TS1135: Argument expression expected.
acorn-loose/node_modules/acorn/src/tokentype.ts(49,51): error TS1005: ',' expected.
acorn-loose/node_modules/acorn/src/whitespace.ts(11,78): error TS1005: ',' expected.
acorn/src/expression.ts(701,52): error TS1005: ',' expected.
acorn/src/lval.ts(248,77): error TS1005: ',' expected.
acorn/src/lval.ts(284,78): error TS1005: ',' expected.
acorn/src/lval.ts(303,83): error TS1005: ',' expected.
acorn/src/regexp.ts(249,66): error TS1005: ',' expected.
acorn/src/regexp.ts(643,82): error TS1005: ',' expected.
acorn/src/statement.ts(425,54): error TS1005: ',' expected.
acorn/src/statement.ts(425,88): error TS1135: Argument expression expected.
acorn/src/tokentype.ts(49,51): error TS1005: ',' expected.
acorn/src/whitespace.ts(11,78): error TS1005: ',' expected.

