bench/colors.ts(3,23): error TS2307: Cannot find module 'benchmark' or its corresponding type declarations.
bench/colors.ts(4,19): error TS2307: Cannot find module 'chalk' or its corresponding type declarations.
bench/colors.ts(5,20): error TS2306: File 'index.ts' is not a module.
bench/colors.ts(45,23): error TS2554: Expected 2 arguments, but got 1.
bench/colors.ts(78,23): error TS2304: Cannot find name 'Lib'.
bench/dryrun.ts(2,19): error TS2307: Cannot find module 'chalk' or its corresponding type declarations.
bench/dryrun.ts(3,20): error TS2306: File 'index.ts' is not a module.
examples/alias.ts(1,20): error TS2306: File 'index.ts' is not a module.
examples/chained.ts(4,20): error TS2306: File 'index.ts' is not a module.
examples/colors.ts(2,20): error TS2306: File 'index.ts' is not a module.
examples/nested.ts(3,20): error TS2306: File 'index.ts' is not a module.
examples/nesting-bug.ts(3,55): error TS2307: Cannot find module './' or its corresponding type declarations.
examples/nesting-bug.ts(9,23): error TS2307: Cannot find module 'colorette' or its corresponding type declarations.
examples/nesting-bug.ts(12,19): error TS2307: Cannot find module 'kleur' or its corresponding type declarations.
examples/nesting-bug.ts(15,19): error TS2307: Cannot find module 'chalk' or its corresponding type declarations.
examples/ok.ts(2,17): error TS2306: File 'index.ts' is not a module.
examples/readme-examples.ts(3,15): error TS2306: File 'index.ts' is not a module.
examples/screenshot-table.ts(3,19): error TS2307: Cannot find module 'text-table' or its corresponding type declarations.
examples/screenshot-table.ts(4,20): error TS2306: File 'index.ts' is not a module.
examples/screenshot.ts(3,20): error TS2306: File 'index.ts' is not a module.
examples/screenshot.ts(4,23): error TS2307: Cannot find module 'justified' or its corresponding type declarations.
examples/styles.ts(3,15): error TS2306: File 'index.ts' is not a module.
examples/theme-custom-fn.ts(1,20): error TS2306: File 'index.ts' is not a module.
examples/theme.ts(1,20): error TS2306: File 'index.ts' is not a module.
examples/theme2.ts(1,20): error TS2306: File 'index.ts' is not a module.
examples/unstyle.ts(1,20): error TS2306: File 'index.ts' is not a module.
index.ts(66,16): error TS2339: Property 'alias' does not exist on type '{ enabled: boolean; visible: boolean; styles: {}; keys: {}; }'.
index.ts(69,49): error TS2339: Property 'stack' does not exist on type '(input: any) => any'.
index.ts(71,15): error TS2339: Property 'stack' does not exist on type '(input: any) => any'.
index.ts(124,10): error TS2339: Property 'ansiRegex' does not exist on type '{ enabled: boolean; visible: boolean; styles: {}; keys: {}; }'.
index.ts(125,10): error TS2339: Property 'hasColor' does not exist on type '{ enabled: boolean; visible: boolean; styles: {}; keys: {}; }'.
index.ts(125,28): error TS2339: Property 'hasAnsi' does not exist on type '{ enabled: boolean; visible: boolean; styles: {}; keys: {}; }'.
index.ts(126,12): error TS2339: Property 'ansiRegex' does not exist on type '{ enabled: boolean; visible: boolean; styles: {}; keys: {}; }'.
index.ts(127,60): error TS2339: Property 'ansiRegex' does not exist on type '{ enabled: boolean; visible: boolean; styles: {}; keys: {}; }'.
index.ts(130,10): error TS2339: Property 'alias' does not exist on type '{ enabled: boolean; visible: boolean; styles: {}; keys: {}; }'.
index.ts(147,16): error TS2339: Property 'alias' does not exist on type '{ enabled: boolean; visible: boolean; styles: {}; keys: {}; }'.
index.ts(150,49): error TS2339: Property 'stack' does not exist on type '(input: any) => any'.
index.ts(152,15): error TS2339: Property 'stack' does not exist on type '(input: any) => any'.
index.ts(158,10): error TS2339: Property 'theme' does not exist on type '{ enabled: boolean; visible: boolean; styles: {}; keys: {}; }'.
index.ts(161,14): error TS2339: Property 'alias' does not exist on type '{ enabled: boolean; visible: boolean; styles: {}; keys: {}; }'.
index.ts(166,10): error TS2339: Property 'alias' does not exist on type '{ enabled: boolean; visible: boolean; styles: {}; keys: {}; }'.
index.ts(168,14): error TS2339: Property 'ansiRegex' does not exist on type '{ enabled: boolean; visible: boolean; styles: {}; keys: {}; }'.
index.ts(169,33): error TS2339: Property 'ansiRegex' does not exist on type '{ enabled: boolean; visible: boolean; styles: {}; keys: {}; }'.
index.ts(174,10): error TS2339: Property 'alias' does not exist on type '{ enabled: boolean; visible: boolean; styles: {}; keys: {}; }'.
index.ts(175,10): error TS2339: Property 'none' does not exist on type '{ enabled: boolean; visible: boolean; styles: {}; keys: {}; }'.
index.ts(175,24): error TS2339: Property 'clear' does not exist on type '{ enabled: boolean; visible: boolean; styles: {}; keys: {}; }'.
index.ts(175,39): error TS2339: Property 'noop' does not exist on type '{ enabled: boolean; visible: boolean; styles: {}; keys: {}; }'.
index.ts(177,10): error TS2339: Property 'stripColor' does not exist on type '{ enabled: boolean; visible: boolean; styles: {}; keys: {}; }'.
index.ts(177,30): error TS2339: Property 'unstyle' does not exist on type '{ enabled: boolean; visible: boolean; styles: {}; keys: {}; }'.
index.ts(178,10): error TS2339: Property 'symbols' does not exist on type '{ enabled: boolean; visible: boolean; styles: {}; keys: {}; }'.
index.ts(179,10): error TS2339: Property 'define' does not exist on type '{ enabled: boolean; visible: boolean; styles: {}; keys: {}; }'.

