benchmark/code/arr-diff-3.0.0.ts(3,21): error TS2307: Cannot find module 'arr-flatten' or its corresponding type declarations.
benchmark/code/arr-diff-3.0.0.ts(6,30): error TS2314: Generic type 'Array<T>' requires 1 type argument(s).
benchmark/code/arr-diff-3.0.0.ts(6,46): error TS2314: Generic type 'Array<T>' requires 1 type argument(s).
benchmark/code/filter.ts(3,35): error TS2314: Generic type 'Array<T>' requires 1 type argument(s).
benchmark/code/filter.ts(3,51): error TS2314: Generic type 'Array<T>' requires 1 type argument(s).
benchmark/code/for-negative.ts(3,35): error TS2314: Generic type 'Array<T>' requires 1 type argument(s).
benchmark/code/for-negative.ts(3,51): error TS2314: Generic type 'Array<T>' requires 1 type argument(s).
benchmark/code/for.ts(3,35): error TS2314: Generic type 'Array<T>' requires 1 type argument(s).
benchmark/code/for.ts(3,51): error TS2314: Generic type 'Array<T>' requires 1 type argument(s).
benchmark/code/forEach.ts(3,35): error TS2314: Generic type 'Array<T>' requires 1 type argument(s).
benchmark/code/forEach.ts(3,51): error TS2314: Generic type 'Array<T>' requires 1 type argument(s).
benchmark/code/forEach.ts(6,7): error TS7034: Variable 'result' implicitly has type 'any[]' in some locations where its type cannot be determined.
benchmark/code/forEach.ts(14,10): error TS7005: Variable 'result' implicitly has an 'any[]' type.
benchmark/code/reduce-concat.ts(3,35): error TS2314: Generic type 'Array<T>' requires 1 type argument(s).
benchmark/code/reduce-concat.ts(3,51): error TS2314: Generic type 'Array<T>' requires 1 type argument(s).
benchmark/code/reduce-push.ts(3,35): error TS2314: Generic type 'Array<T>' requires 1 type argument(s).
benchmark/code/reduce-push.ts(3,51): error TS2314: Generic type 'Array<T>' requires 1 type argument(s).
benchmark/code/while-arguments.ts(5,49): error TS2304: Cannot find name 'T'.
benchmark/code/while-arguments.ts(14,25): error TS2314: Generic type 'Array<T>' requires 1 type argument(s).
benchmark/code/while-arguments.ts(14,38): error TS2314: Generic type 'Array<T>' requires 1 type argument(s).
benchmark/code/while-indexof.ts(3,35): error TS2314: Generic type 'Array<T>' requires 1 type argument(s).
benchmark/code/while-indexof.ts(3,51): error TS2314: Generic type 'Array<T>' requires 1 type argument(s).
benchmark/code/while-multi-unshift.ts(3,33): error TS2314: Generic type 'Array<T>' requires 1 type argument(s).
benchmark/code/while-multi-unshift.ts(3,44): error TS2314: Generic type 'Array<T>' requires 1 type argument(s).
benchmark/code/while-multi-unshift.ts(3,55): error TS2314: Generic type 'Array<T>' requires 1 type argument(s).
benchmark/code/while-multi-unshift.ts(19,9): error TS7022: 'ele' implicitly has type 'any' because it does not have a type annotation and is referenced directly or indirectly in its own initializer.
benchmark/code/while-multi.ts(3,33): error TS2314: Generic type 'Array<T>' requires 1 type argument(s).
benchmark/code/while-multi.ts(3,44): error TS2314: Generic type 'Array<T>' requires 1 type argument(s).
benchmark/code/while-multi.ts(3,55): error TS2314: Generic type 'Array<T>' requires 1 type argument(s).
benchmark/code/while-push.ts(3,35): error TS2314: Generic type 'Array<T>' requires 1 type argument(s).
benchmark/code/while-push.ts(3,51): error TS2314: Generic type 'Array<T>' requires 1 type argument(s).
benchmark/code/while-splice-args.ts(3,30): error TS2314: Generic type 'Array<T>' requires 1 type argument(s).
benchmark/code/while-splice-args.ts(3,46): error TS2314: Generic type 'Array<T>' requires 1 type argument(s).
benchmark/code/while-splice-args.ts(19,10): error TS7023: 'remove' implicitly has return type 'any' because it does not have a return type annotation and is referenced directly or indirectly in one of its return expressions.
benchmark/code/while-splice-for.ts(3,21): error TS2307: Cannot find module 'arr-flatten' or its corresponding type declarations.
benchmark/code/while-splice-for.ts(5,35): error TS2314: Generic type 'Array<T>' requires 1 type argument(s).
benchmark/code/while-splice-for.ts(5,51): error TS2314: Generic type 'Array<T>' requires 1 type argument(s).
benchmark/code/while-splice-pop-flatten.ts(3,21): error TS2307: Cannot find module 'arr-flatten' or its corresponding type declarations.
benchmark/code/while-splice-pop-flatten.ts(5,35): error TS2314: Generic type 'Array<T>' requires 1 type argument(s).
benchmark/code/while-splice-pop-flatten.ts(5,51): error TS2314: Generic type 'Array<T>' requires 1 type argument(s).
benchmark/code/while-splice-pop.ts(3,35): error TS2314: Generic type 'Array<T>' requires 1 type argument(s).
benchmark/code/while-splice-pop.ts(3,51): error TS2314: Generic type 'Array<T>' requires 1 type argument(s).
benchmark/code/while-splice-recurse.ts(3,35): error TS2314: Generic type 'Array<T>' requires 1 type argument(s).
benchmark/code/while-splice-recurse.ts(3,51): error TS2314: Generic type 'Array<T>' requires 1 type argument(s).
benchmark/code/while-splice-recurse.ts(12,10): error TS7023: 'remove' implicitly has return type 'any' because it does not have a return type annotation and is referenced directly or indirectly in one of its return expressions.
benchmark/code/while-splice.ts(3,35): error TS2314: Generic type 'Array<T>' requires 1 type argument(s).
benchmark/code/while-splice.ts(3,51): error TS2314: Generic type 'Array<T>' requires 1 type argument(s).
benchmark/code/while-unshift.ts(3,35): error TS2314: Generic type 'Array<T>' requires 1 type argument(s).
benchmark/code/while-unshift.ts(3,51): error TS2314: Generic type 'Array<T>' requires 1 type argument(s).
benchmark/index.ts(4,25): error TS2307: Cannot find module 'minimist' or its corresponding type declarations.
benchmark/index.ts(7,19): error TS2307: Cannot find module 'benchmarked' or its corresponding type declarations.
index.ts(10,64): error TS2304: Cannot find name 'T'.
index.ts(19,25): error TS2314: Generic type 'Array<T>' requires 1 type argument(s).
index.ts(19,38): error TS2314: Generic type 'Array<T>' requires 1 type argument(s).

