lib/code.ts(29,9): error TS7034: Variable 'ES6Regex' implicitly has type 'any' in some locations where its type cannot be determined.
lib/code.ts(29,19): error TS7034: Variable 'ES5Regex' implicitly has type 'any' in some locations where its type cannot be determined.
lib/code.ts(29,29): error TS7034: Variable 'NON_ASCII_WHITESPACES' implicitly has type 'any' in some locations where its type cannot be determined.
lib/code.ts(29,52): error TS7034: Variable 'IDENTIFIER_START' implicitly has type 'any' in some locations where its type cannot be determined.
lib/code.ts(29,70): error TS7034: Variable 'IDENTIFIER_PART' implicitly has type 'any' in some locations where its type cannot be determined.
lib/code.ts(72,29): error TS7005: Variable 'NON_ASCII_WHITESPACES' implicitly has an 'any' type.
lib/code.ts(108,28): error TS7005: Variable 'IDENTIFIER_START' implicitly has an 'any' type.
lib/code.ts(108,51): error TS7005: Variable 'ES5Regex' implicitly has an 'any' type.
lib/code.ts(112,28): error TS7005: Variable 'IDENTIFIER_PART' implicitly has an 'any' type.
lib/code.ts(112,50): error TS7005: Variable 'ES5Regex' implicitly has an 'any' type.
lib/code.ts(116,28): error TS7005: Variable 'IDENTIFIER_START' implicitly has an 'any' type.
lib/code.ts(116,51): error TS7005: Variable 'ES6Regex' implicitly has an 'any' type.
lib/code.ts(120,28): error TS7005: Variable 'IDENTIFIER_PART' implicitly has an 'any' type.
lib/code.ts(120,50): error TS7005: Variable 'ES6Regex' implicitly has an 'any' type.
lib/code.ts(123,5): error TS1258: A default export must be at the top level of a file or module declaration.
lib/keyword.ts(32,14): error TS2678: Type 'string' is not comparable to type 'number'.
lib/keyword.ts(33,14): error TS2678: Type 'string' is not comparable to type 'number'.
lib/keyword.ts(34,14): error TS2678: Type 'string' is not comparable to type 'number'.
lib/keyword.ts(35,14): error TS2678: Type 'string' is not comparable to type 'number'.
lib/keyword.ts(36,14): error TS2678: Type 'string' is not comparable to type 'number'.
lib/keyword.ts(37,14): error TS2678: Type 'string' is not comparable to type 'number'.
lib/keyword.ts(38,14): error TS2678: Type 'string' is not comparable to type 'number'.
lib/keyword.ts(39,14): error TS2678: Type 'string' is not comparable to type 'number'.
lib/keyword.ts(48,24): error TS2367: This condition will always return 'false' since the types 'number' and 'string' have no overlap.
lib/keyword.ts(59,20): error TS2339: Property 'length' does not exist on type 'number'.
lib/keyword.ts(61,21): error TS2367: This condition will always return 'false' since the types 'number' and 'string' have no overlap.
lib/keyword.ts(61,38): error TS2367: This condition will always return 'false' since the types 'number' and 'string' have no overlap.
lib/keyword.ts(61,55): error TS2367: This condition will always return 'false' since the types 'number' and 'string' have no overlap.
lib/keyword.ts(63,21): error TS2367: This condition will always return 'false' since the types 'number' and 'string' have no overlap.
lib/keyword.ts(63,39): error TS2367: This condition will always return 'false' since the types 'number' and 'string' have no overlap.
lib/keyword.ts(63,57): error TS2367: This condition will always return 'false' since the types 'number' and 'string' have no overlap.
lib/keyword.ts(63,75): error TS2367: This condition will always return 'false' since the types 'number' and 'string' have no overlap.
lib/keyword.ts(65,21): error TS2367: This condition will always return 'false' since the types 'number' and 'string' have no overlap.
lib/keyword.ts(65,40): error TS2367: This condition will always return 'false' since the types 'number' and 'string' have no overlap.
lib/keyword.ts(65,59): error TS2367: This condition will always return 'false' since the types 'number' and 'string' have no overlap.
lib/keyword.ts(66,18): error TS2367: This condition will always return 'false' since the types 'number' and 'string' have no overlap.
lib/keyword.ts(66,37): error TS2367: This condition will always return 'false' since the types 'number' and 'string' have no overlap.
lib/keyword.ts(66,56): error TS2367: This condition will always return 'false' since the types 'number' and 'string' have no overlap.
lib/keyword.ts(68,21): error TS2367: This condition will always return 'false' since the types 'number' and 'string' have no overlap.
lib/keyword.ts(68,41): error TS2367: This condition will always return 'false' since the types 'number' and 'string' have no overlap.
lib/keyword.ts(68,61): error TS2367: This condition will always return 'false' since the types 'number' and 'string' have no overlap.
lib/keyword.ts(69,18): error TS2367: This condition will always return 'false' since the types 'number' and 'string' have no overlap.
lib/keyword.ts(69,38): error TS2367: This condition will always return 'false' since the types 'number' and 'string' have no overlap.
lib/keyword.ts(69,58): error TS2367: This condition will always return 'false' since the types 'number' and 'string' have no overlap.
lib/keyword.ts(70,18): error TS2367: This condition will always return 'false' since the types 'number' and 'string' have no overlap.
lib/keyword.ts(70,38): error TS2367: This condition will always return 'false' since the types 'number' and 'string' have no overlap.
lib/keyword.ts(72,21): error TS2367: This condition will always return 'false' since the types 'number' and 'string' have no overlap.
lib/keyword.ts(72,42): error TS2367: This condition will always return 'false' since the types 'number' and 'string' have no overlap.
lib/keyword.ts(72,63): error TS2367: This condition will always return 'false' since the types 'number' and 'string' have no overlap.
lib/keyword.ts(73,18): error TS2367: This condition will always return 'false' since the types 'number' and 'string' have no overlap.
lib/keyword.ts(73,39): error TS2367: This condition will always return 'false' since the types 'number' and 'string' have no overlap.
lib/keyword.ts(73,60): error TS2367: This condition will always return 'false' since the types 'number' and 'string' have no overlap.
lib/keyword.ts(75,21): error TS2367: This condition will always return 'false' since the types 'number' and 'string' have no overlap.
lib/keyword.ts(75,43): error TS2367: This condition will always return 'false' since the types 'number' and 'string' have no overlap.
lib/keyword.ts(75,65): error TS2367: This condition will always return 'false' since the types 'number' and 'string' have no overlap.
lib/keyword.ts(77,21): error TS2367: This condition will always return 'false' since the types 'number' and 'string' have no overlap.
lib/keyword.ts(77,44): error TS2367: This condition will always return 'false' since the types 'number' and 'string' have no overlap.
lib/keyword.ts(77,67): error TS2367: This condition will always return 'false' since the types 'number' and 'string' have no overlap.
lib/keyword.ts(79,21): error TS2367: This condition will always return 'false' since the types 'number' and 'string' have no overlap.
lib/keyword.ts(86,16): error TS2367: This condition will always return 'false' since the types 'number' and 'string' have no overlap.
lib/keyword.ts(86,33): error TS2367: This condition will always return 'false' since the types 'number' and 'string' have no overlap.
lib/keyword.ts(86,50): error TS2367: This condition will always return 'false' since the types 'number' and 'string' have no overlap.
lib/keyword.ts(90,16): error TS2367: This condition will always return 'false' since the types 'number' and 'string' have no overlap.
lib/keyword.ts(90,33): error TS2367: This condition will always return 'false' since the types 'number' and 'string' have no overlap.
lib/keyword.ts(90,50): error TS2367: This condition will always return 'false' since the types 'number' and 'string' have no overlap.
lib/keyword.ts(94,16): error TS2367: This condition will always return 'false' since the types 'number' and 'string' have no overlap.
lib/keyword.ts(94,33): error TS2367: This condition will always return 'false' since the types 'number' and 'string' have no overlap.
lib/keyword.ts(97,38): error TS2304: Cannot find name 'IdentifierName'.
lib/keyword.ts(120,38): error TS2304: Cannot find name 'IdentifierName'.
lib/keyword.ts(145,34): error TS2304: Cannot find name 'Identifier'.
lib/keyword.ts(149,34): error TS2304: Cannot find name 'Identifier'.
lib/keyword.ts(153,5): error TS1258: A default export must be at the top level of a file or module declaration.
lib/utils.ts(29,3): error TS1184: Modifiers cannot appear here.
lib/utils.ts(30,3): error TS1184: Modifiers cannot appear here.
lib/utils.ts(31,3): error TS1184: Modifiers cannot appear here.

