rbtree.ts(18,26): error TS2339: Property '_color' does not exist on type 'Node'.
rbtree.ts(18,39): error TS2339: Property 'key' does not exist on type 'Node'.
rbtree.ts(18,49): error TS2339: Property 'value' does not exist on type 'Node'.
rbtree.ts(18,61): error TS2339: Property 'left' does not exist on type 'Node'.
rbtree.ts(18,72): error TS2339: Property 'right' does not exist on type 'Node'.
rbtree.ts(18,84): error TS2339: Property '_count' does not exist on type 'Node'.
rbtree.ts(21,25): error TS2304: Cannot find name 'Color'.
rbtree.ts(22,33): error TS2339: Property 'key' does not exist on type 'Node'.
rbtree.ts(22,43): error TS2339: Property 'value' does not exist on type 'Node'.
rbtree.ts(22,55): error TS2339: Property 'left' does not exist on type 'Node'.
rbtree.ts(22,66): error TS2339: Property 'right' does not exist on type 'Node'.
rbtree.ts(22,78): error TS2339: Property '_count' does not exist on type 'Node'.
rbtree.ts(26,8): error TS2339: Property '_count' does not exist on type 'Node'.
rbtree.ts(26,27): error TS2339: Property 'left' does not exist on type 'Node'.
rbtree.ts(26,39): error TS2339: Property 'left' does not exist on type 'Node'.
rbtree.ts(26,64): error TS2339: Property 'right' does not exist on type 'Node'.
rbtree.ts(26,77): error TS2339: Property 'right' does not exist on type 'Node'.
rbtree.ts(29,32): error TS2503: Cannot find namespace 'RedBlackTree'.
rbtree.ts(29,61): error TS2304: Cannot find name 'RedBlackTreeNode'.
rbtree.ts(67,30): error TS2304: Cannot find name 'K'.
rbtree.ts(67,41): error TS2304: Cannot find name 'V'.
rbtree.ts(84,27): error TS2345: Argument of type 'number' is not assignable to parameter of type 'null'.
rbtree.ts(233,29): error TS2304: Cannot find name 'VisitFull'.
rbtree.ts(234,11): error TS2339: Property 'left' does not exist on type 'Node'.
rbtree.ts(235,37): error TS2339: Property 'left' does not exist on type 'Node'.
rbtree.ts(238,22): error TS2339: Property 'key' does not exist on type 'Node'.
rbtree.ts(238,32): error TS2339: Property 'value' does not exist on type 'Node'.
rbtree.ts(240,11): error TS2339: Property 'right' does not exist on type 'Node'.
rbtree.ts(241,36): error TS2339: Property 'right' does not exist on type 'Node'.
rbtree.ts(247,11): error TS2349: This expression is not callable.
  Type 'Number' has no call signatures.
rbtree.ts(247,28): error TS2339: Property 'key' does not exist on type 'HTMLElement'.
rbtree.ts(249,13): error TS2339: Property 'left' does not exist on type 'HTMLElement'.
rbtree.ts(250,52): error TS2339: Property 'left' does not exist on type 'HTMLElement'.
rbtree.ts(253,24): error TS2339: Property 'key' does not exist on type 'HTMLElement'.
rbtree.ts(253,34): error TS2339: Property 'value' does not exist on type 'HTMLElement'.
rbtree.ts(256,11): error TS2339: Property 'right' does not exist on type 'HTMLElement'.
rbtree.ts(257,49): error TS2339: Property 'right' does not exist on type 'HTMLElement'.
rbtree.ts(362,26): error TS2304: Cannot find name 'Key'.
rbtree.ts(383,26): error TS2304: Cannot find name 'Key'.
rbtree.ts(404,26): error TS2304: Cannot find name 'Key'.
rbtree.ts(425,26): error TS2304: Cannot find name 'Key'.
rbtree.ts(447,28): error TS2304: Cannot find name 'Key'.
rbtree.ts(476,27): error TS2304: Cannot find name 'Key'.
rbtree.ts(526,5): error TS2339: Property 'key' does not exist on type 'Node'.
rbtree.ts(526,13): error TS2339: Property 'key' does not exist on type 'Node'.
rbtree.ts(527,5): error TS2339: Property 'value' does not exist on type 'Node'.
rbtree.ts(527,15): error TS2339: Property 'value' does not exist on type 'Node'.
rbtree.ts(528,5): error TS2339: Property 'left' does not exist on type 'Node'.
rbtree.ts(528,14): error TS2339: Property 'left' does not exist on type 'Node'.
rbtree.ts(529,5): error TS2339: Property 'right' does not exist on type 'Node'.
rbtree.ts(529,15): error TS2339: Property 'right' does not exist on type 'Node'.
rbtree.ts(530,5): error TS2339: Property '_color' does not exist on type 'Node'.
rbtree.ts(530,16): error TS2339: Property '_color' does not exist on type 'Node'.
rbtree.ts(531,5): error TS2339: Property '_count' does not exist on type 'Node'.
rbtree.ts(531,16): error TS2339: Property '_count' does not exist on type 'Node'.
rbtree.ts(535,32): error TS2304: Cannot find name 'Stack'.

