clone.ts(6,14): error TS2339: Property '__proto__' does not exist on type 'Object'.
clone.ts(9,22): error TS2304: Cannot find name 'bject'.
clone.ts(16,9): error TS2403: Subsequent variable declarations must have the same type.  Variable 'copy' must be of type '{ __proto__: any; }', but here has type 'any'.
graceful-fs.ts(23,32): error TS2304: Cannot find name 'Context'.
graceful-fs.ts(23,49): error TS2304: Cannot find name 'Queue'.
graceful-fs.ts(33,3): error TS2322: Type 'DebugLogger' is not assignable to type '() => void'.
graceful-fs.ts(51,3): error TS2741: Property '__promisify__' is missing in type '(fd: number, cb: Function) => any' but required in type 'typeof close'.
graceful-fs.ts(85,13): error TS2554: Expected 0 arguments, but got 1.
graceful-fs.ts(95,1): error TS2528: A module cannot have multiple default exports.
graceful-fs.ts(96,54): error TS2339: Property '__patched' does not exist on type 'typeof import("fs")'.
graceful-fs.ts(97,3): error TS1258: A default export must be at the top level of a file or module declaration.
graceful-fs.ts(97,3): error TS2528: A module cannot have multiple default exports.
graceful-fs.ts(98,6): error TS2339: Property '__patched' does not exist on type 'typeof import("fs")'.
graceful-fs.ts(101,28): error TS2694: Namespace 'NodeJS' has no exported member 'ReadWrite'.
graceful-fs.ts(114,12): error TS2554: Expected 4 arguments, but got 3.
graceful-fs.ts(118,25): error TS2339: Property 'code' does not exist on type 'Error'.
graceful-fs.ts(118,50): error TS2339: Property 'code' does not exist on type 'Error'.
graceful-fs.ts(119,19): error TS2345: Argument of type '(number | Error | any[] | ((path: string | Buffer, options: any, cb: Function, startTime: number) => any))[]' is not assignable to parameter of type 'Element'.
  Type '(number | Error | any[] | ((path: string | Buffer, options: any, cb: Function, startTime: number) => any))[]' is missing the following properties from type 'Element': attributes, classList, className, clientHeight, and 160 more.
graceful-fs.ts(134,12): error TS2554: Expected 5 arguments, but got 4.
graceful-fs.ts(138,25): error TS2339: Property 'code' does not exist on type 'Error'.
graceful-fs.ts(138,50): error TS2339: Property 'code' does not exist on type 'Error'.
graceful-fs.ts(139,19): error TS2345: Argument of type '(number | Error | any[] | ((path: string | Buffer, data: string | Buffer, options: any, cb: Function, startTime: number) => any))[]' is not assignable to parameter of type 'Element'.
  Type '(number | Error | any[] | ((path: string | Buffer, data: string | Buffer, options: any, cb: Function, startTime: number) => any))[]' is missing the following properties from type 'Element': attributes, classList, className, clientHeight, and 160 more.
graceful-fs.ts(155,12): error TS2554: Expected 5 arguments, but got 4.
graceful-fs.ts(159,25): error TS2339: Property 'code' does not exist on type 'Error'.
graceful-fs.ts(159,50): error TS2339: Property 'code' does not exist on type 'Error'.
graceful-fs.ts(160,19): error TS2345: Argument of type '(number | Error | any[] | ((path: string | Buffer, data: string | Buffer, options: any, cb: Function, startTime: number) => any))[]' is not assignable to parameter of type 'Element'.
  Type '(number | Error | any[] | ((path: string | Buffer, data: string | Buffer, options: any, cb: Function, startTime: number) => any))[]' is missing the following properties from type 'Element': attributes, classList, className, clientHeight, and 160 more.
graceful-fs.ts(177,12): error TS2554: Expected 5 arguments, but got 4.
graceful-fs.ts(181,25): error TS2339: Property 'code' does not exist on type 'Error'.
graceful-fs.ts(181,50): error TS2339: Property 'code' does not exist on type 'Error'.
graceful-fs.ts(182,19): error TS2345: Argument of type '(number | Error | any[] | ((src: any, dest: any, flags: any, cb: Function, startTime: number) => any))[]' is not assignable to parameter of type 'Element'.
  Type '(number | Error | any[] | ((src: any, dest: any, flags: any, cb: Function, startTime: number) => any))[]' is missing the following properties from type 'Element': attributes, classList, className, clientHeight, and 160 more.
graceful-fs.ts(201,30): error TS2345: Argument of type 'number' is not assignable to parameter of type '15774889'.
graceful-fs.ts(206,30): error TS2345: Argument of type 'number' is not assignable to parameter of type '15774889'.
graceful-fs.ts(210,12): error TS2554: Expected 4 arguments, but got 3.
graceful-fs.ts(212,58): error TS2304: Cannot find name 'fs$ReaddirOption'.
graceful-fs.ts(212,81): error TS2304: Cannot find name 'fs$ReaddirCallback'.
graceful-fs.ts(214,25): error TS2339: Property 'code' does not exist on type 'Error'.
graceful-fs.ts(214,50): error TS2339: Property 'code' does not exist on type 'Error'.
graceful-fs.ts(215,19): error TS2345: Argument of type '(number | Error | any[] | ((path: string, options: any, cb: Function, startTime: number) => any))[]' is not assignable to parameter of type 'Element'.
  Type '(number | Error | any[] | ((path: string, options: any, cb: Function, startTime: number) => any))[]' is missing the following properties from type 'Element': attributes, classList, className, clientHeight, and 160 more.
graceful-fs.ts(235,5): error TS2630: Cannot assign to 'ReadStream' because it is a function.
graceful-fs.ts(236,5): error TS2630: Cannot assign to 'WriteStream' because it is a function.
graceful-fs.ts(256,7): error TS2630: Cannot assign to 'ReadStream' because it is a function.
graceful-fs.ts(266,7): error TS2630: Cannot assign to 'WriteStream' because it is a function.
graceful-fs.ts(278,25): error TS2749: 'FileReadStream' refers to a value, but is being used as a type here. Did you mean 'typeof FileReadStream'?
graceful-fs.ts(289,25): error TS2749: 'FileWriteStream' refers to a value, but is being used as a type here. Did you mean 'typeof FileWriteStream'?
graceful-fs.ts(319,31): error TS2304: Cannot find name 'Path'.
graceful-fs.ts(319,47): error TS2304: Cannot find name 'WriteStreamOptions'.
graceful-fs.ts(353,12): error TS2554: Expected 5 arguments, but got 4.
graceful-fs.ts(357,25): error TS2339: Property 'code' does not exist on type 'Error'.
graceful-fs.ts(357,50): error TS2339: Property 'code' does not exist on type 'Error'.
graceful-fs.ts(358,19): error TS2345: Argument of type '(number | Error | ((path: String, flags: number, mode: number, cb: Function, startTime: number) => any) | (number | Function | String)[])[]' is not assignable to parameter of type 'Element'.
  Type '(number | Error | ((path: String, flags: number, mode: number, cb: Function, startTime: number) => any) | (number | Function | String)[])[]' is missing the following properties from type 'Element': attributes, classList, className, clientHeight, and 160 more.
graceful-fs.ts(371,9): error TS2554: Expected 0 arguments, but got 3.
graceful-fs.ts(415,11): error TS2554: Expected 0 arguments, but got 3.
graceful-fs.ts(419,11): error TS2554: Expected 0 arguments, but got 3.
graceful-fs.ts(434,13): error TS2554: Expected 0 arguments, but got 3.
legacy-streams.ts(12,47): error TS2350: Only a void function can be called with the 'new' keyword.
legacy-streams.ts(14,5): error TS2684: The 'this' context of type 'typeof Stream' is not assignable to method's 'this' of type 'Function'.
  Types of property 'once' are incompatible.
    Type '{ (emitter: _NodeEventTarget, eventName: string | symbol, options?: StaticEventEmitterOptions): Promise<any[]>; (emitter: _DOMEventTarget, eventName: string, options?: StaticEventEmitterOptions): Promise<...>; }' is not assignable to type '() => Function & FnProps<any>'.
legacy-streams.ts(75,31): error TS2304: Cannot find name 'Path'.
legacy-streams.ts(75,47): error TS2304: Cannot find name 'WriteStreamOptions'.
legacy-streams.ts(76,48): error TS2350: Only a void function can be called with the 'new' keyword.
legacy-streams.ts(78,5): error TS2684: The 'this' context of type 'typeof Stream' is not assignable to method's 'this' of type 'Function'.
polyfills.ts(29,28): error TS2694: Namespace 'NodeJS' has no exported member 'ReadWrite'.
polyfills.ts(104,22): error TS2339: Property 'code' does not exist on type 'Error'.
polyfills.ts(104,46): error TS2339: Property 'code' does not exist on type 'Error'.
polyfills.ts(107,45): error TS2304: Cannot find name 'Stater'.
polyfills.ts(107,58): error TS2304: Cannot find name 'Stats'.
polyfills.ts(150,16): error TS2502: 'fs$readSync' is referenced directly or indirectly in its own type annotation.
polyfills.ts(166,8): error TS2339: Property 'lchmod' does not exist on type 'TypedArray'.
  Property 'lchmod' does not exist on type 'Int8Array'.
polyfills.ts(167,10): error TS2339: Property 'open' does not exist on type 'TypedArray'.
  Property 'open' does not exist on type 'Int8Array'.
polyfills.ts(177,12): error TS2339: Property 'fchmod' does not exist on type 'TypedArray'.
  Property 'fchmod' does not exist on type 'Int8Array'.
polyfills.ts(178,14): error TS2339: Property 'close' does not exist on type 'TypedArray'.
  Property 'close' does not exist on type 'Int8Array'.
polyfills.ts(185,8): error TS2339: Property 'lchmodSync' does not exist on type 'TypedArray'.
  Property 'lchmodSync' does not exist on type 'Int8Array'.
polyfills.ts(185,37): error TS2304: Cannot find name 'Path'.
polyfills.ts(185,50): error TS2304: Cannot find name 'Mode'.
polyfills.ts(186,19): error TS2339: Property 'openSync' does not exist on type 'TypedArray'.
  Property 'openSync' does not exist on type 'Int8Array'.
polyfills.ts(193,18): error TS2339: Property 'fchmodSync' does not exist on type 'TypedArray'.
  Property 'fchmodSync' does not exist on type 'Int8Array'.
polyfills.ts(198,16): error TS2339: Property 'closeSync' does not exist on type 'TypedArray'.
  Property 'closeSync' does not exist on type 'Int8Array'.
polyfills.ts(201,14): error TS2339: Property 'closeSync' does not exist on type 'TypedArray'.
  Property 'closeSync' does not exist on type 'Int8Array'.
polyfills.ts(209,53): error TS2339: Property 'futimes' does not exist on type 'FileSystem'.
polyfills.ts(210,10): error TS2339: Property 'lutimes' does not exist on type 'FileSystem'.
polyfills.ts(210,36): error TS2304: Cannot find name 'Path'.
polyfills.ts(211,12): error TS2339: Property 'open' does not exist on type 'FileSystem'.
polyfills.ts(216,14): error TS2339: Property 'futimes' does not exist on type 'FileSystem'.
polyfills.ts(217,16): error TS2339: Property 'close' does not exist on type 'FileSystem'.
polyfills.ts(224,10): error TS2339: Property 'lutimesSync' does not exist on type 'FileSystem'.
polyfills.ts(224,40): error TS2304: Cannot find name 'Path'.
polyfills.ts(224,51): error TS2304: Cannot find name 'Position'.
polyfills.ts(224,66): error TS2304: Cannot find name 'Marker'.
polyfills.ts(225,21): error TS2339: Property 'openSync' does not exist on type 'FileSystem'.
polyfills.ts(229,20): error TS2339: Property 'futimesSync' does not exist on type 'FileSystem'.
polyfills.ts(234,18): error TS2339: Property 'closeSync' does not exist on type 'FileSystem'.
polyfills.ts(237,16): error TS2339: Property 'closeSync' does not exist on type 'FileSystem'.
polyfills.ts(243,19): error TS2339: Property 'futimes' does not exist on type 'FileSystem'.
polyfills.ts(244,10): error TS2339: Property 'lutimes' does not exist on type 'FileSystem'.
polyfills.ts(245,10): error TS2339: Property 'lutimesSync' does not exist on type 'FileSystem'.
polyfills.ts(252,19): error TS2339: Property 'call' does not exist on type 'number'.
polyfills.ts(263,21): error TS2339: Property 'call' does not exist on type 'number'.
polyfills.ts(281,39): error TS2694: Namespace 'NodeJS' has no exported member 'Errno'.
polyfills.ts(301,45): error TS2503: Cannot find namespace 'fs'.
polyfills.ts(313,31): error TS2304: Cannot find name 'Stat'.
polyfills.ts(344,12): error TS2339: Property 'code' does not exist on type 'Error'.
polyfills.ts(349,14): error TS2339: Property 'code' does not exist on type 'Error'.
polyfills.ts(349,38): error TS2339: Property 'code' does not exist on type 'Error'.

