index.ts(298,62): error TS2339: Property 'bind' does not exist on type 'RegExp | ((match: any, leadEscape: any, range: any, endEscape: any, close: any) => string)'.
  Property 'bind' does not exist on type 'RegExp'.
index.ts(328,10): error TS2339: Property 'origin' does not exist on type 'IgnoreRule'.
index.ts(329,10): error TS2339: Property 'pattern' does not exist on type 'IgnoreRule'.
index.ts(330,10): error TS2339: Property 'negative' does not exist on type 'IgnoreRule'.
index.ts(331,10): error TS2339: Property 'regex' does not exist on type 'IgnoreRule'.
index.ts(394,11): error TS2300: Duplicate identifier 'isNotRelative'.
index.ts(405,10): error TS2339: Property '_rules' does not exist on type 'Ignore'.
index.ts(406,10): error TS2339: Property '_ignoreCase' does not exist on type 'Ignore'.
index.ts(407,10): error TS2339: Property '_allowRelativePaths' does not exist on type 'Ignore'.
index.ts(412,10): error TS2339: Property '_ignoreCache' does not exist on type 'Ignore'.
index.ts(413,10): error TS2339: Property '_testCache' does not exist on type 'Ignore'.
index.ts(419,12): error TS2339: Property '_rules' does not exist on type 'Ignore'.
index.ts(419,26): error TS2339: Property '_rules' does not exist on type 'Ignore'.
index.ts(420,12): error TS2339: Property '_added' does not exist on type 'Ignore'.
index.ts(425,45): error TS2339: Property '_ignoreCase' does not exist on type 'Ignore'.
index.ts(426,12): error TS2339: Property '_added' does not exist on type 'Ignore'.
index.ts(427,12): error TS2339: Property '_rules' does not exist on type 'Ignore'.
index.ts(433,10): error TS2339: Property '_added' does not exist on type 'Ignore'.
index.ts(443,14): error TS2339: Property '_added' does not exist on type 'Ignore'.
index.ts(475,10): error TS2339: Property '_rules' does not exist on type 'Ignore'.
index.ts(507,12): error TS2339: Property '_allowRelativePaths' does not exist on type 'Ignore'.
index.ts(549,17): error TS2554: Expected 4 arguments, but got 3.
index.ts(549,34): error TS2339: Property '_ignoreCache' does not exist on type 'Ignore'.
index.ts(562,17): error TS2554: Expected 4 arguments, but got 3.
index.ts(562,34): error TS2339: Property '_testCache' does not exist on type 'Ignore'.
index.ts(600,13): error TS2300: Duplicate identifier 'isNotRelative'.

