lib/retry_operation.ts(1,53): error TS2304: Cannot find name 'RetryOptions'.
lib/retry_operation.ts(7,3): error TS2683: 'this' implicitly has type 'any' because it does not have a type annotation.
lib/retry_operation.ts(8,3): error TS2683: 'this' implicitly has type 'any' because it does not have a type annotation.
lib/retry_operation.ts(9,3): error TS2683: 'this' implicitly has type 'any' because it does not have a type annotation.
lib/retry_operation.ts(10,3): error TS2683: 'this' implicitly has type 'any' because it does not have a type annotation.
lib/retry_operation.ts(11,3): error TS2683: 'this' implicitly has type 'any' because it does not have a type annotation.
lib/retry_operation.ts(12,3): error TS2683: 'this' implicitly has type 'any' because it does not have a type annotation.
lib/retry_operation.ts(13,3): error TS2683: 'this' implicitly has type 'any' because it does not have a type annotation.
lib/retry_operation.ts(14,3): error TS2683: 'this' implicitly has type 'any' because it does not have a type annotation.
lib/retry_operation.ts(15,3): error TS2683: 'this' implicitly has type 'any' because it does not have a type annotation.
lib/retry_operation.ts(16,3): error TS2683: 'this' implicitly has type 'any' because it does not have a type annotation.
lib/retry_operation.ts(17,3): error TS2683: 'this' implicitly has type 'any' because it does not have a type annotation.
lib/retry_operation.ts(18,3): error TS2683: 'this' implicitly has type 'any' because it does not have a type annotation.
lib/retry_operation.ts(20,7): error TS2683: 'this' implicitly has type 'any' because it does not have a type annotation.
lib/retry_operation.ts(21,5): error TS2683: 'this' implicitly has type 'any' because it does not have a type annotation.
lib/retry_operation.ts(21,28): error TS2683: 'this' implicitly has type 'any' because it does not have a type annotation.
lib/retry_operation.ts(99,20): error TS2339: Property 'timeout' does not exist on type 'number'.
lib/retry_operation.ts(100,43): error TS2339: Property 'timeout' does not exist on type 'number'.
lib/retry_operation.ts(102,20): error TS2339: Property 'cb' does not exist on type 'number'.
lib/retry_operation.ts(103,45): error TS2339: Property 'cb' does not exist on type 'number'.
lib/retry_operation.ts(151,18): error TS7053: Element implicitly has an 'any' type because expression of type 'any' can't be used to index type '{}'.
lib/retry_operation.ts(153,5): error TS7053: Element implicitly has an 'any' type because expression of type 'any' can't be used to index type '{}'.

