rollup.config.ts(2,17): error TS2732: Cannot find module './package.json'. Consider using '--resolveJsonModule' to import module with '.json' extension.
src/stable.ts(4,29): error TS2314: Generic type 'Array<T>' requires 1 type argument(s).
src/stable.ts(8,8): error TS2339: Property 'inplace' does not exist on type '(arr: any, comp: Function) => rray'.
src/stable.ts(8,33): error TS2314: Generic type 'Array<T>' requires 1 type argument(s).
src/stable.ts(22,20): error TS2552: Cannot find name 'rray'. Did you mean 'Array'?
src/stable.ts(40,21): error TS2345: Argument of type 'number' is not assignable to parameter of type 'Function'.
src/stable.ts(51,27): error TS2314: Generic type 'Array<T>' requires 1 type argument(s).
src/stable.ts(51,76): error TS2314: Generic type 'Array<T>' requires 1 type argument(s).
src/stable.ts(55,13): error TS2362: The left-hand side of an arithmetic operation must be of type 'any', 'number', 'bigint' or an enum type.
stable.min.ts(3,2): error TS1345: An expression of type 'void' cannot be tested for truthiness.
stable.min.ts(3,31): error TS2694: Namespace 'NodeJS' has no exported member 'Errno'.
stable.min.ts(3,129): error TS2304: Cannot find name 'define'.
stable.min.ts(3,137): error TS2304: Cannot find name 'define'.
stable.min.ts(3,148): error TS2304: Cannot find name 'define'.
stable.min.ts(3,160): error TS2339: Property 'stable' does not exist on type 'Error'.
stable.min.ts(3,172): error TS2345: Argument of type 'typeof globalThis' is not assignable to parameter of type 'Error'.
  Type 'typeof globalThis' is missing the following properties from type 'Error': name, message
stable.min.ts(3,442): error TS2339: Property 'inplace' does not exist on type '(e: any, n: any) => any'.
stable.ts(6,10): error TS2304: Cannot find name 'define'.
stable.ts(6,35): error TS2304: Cannot find name 'define'.
stable.ts(6,48): error TS2304: Cannot find name 'define'.
stable.ts(13,31): error TS2314: Generic type 'Array<T>' requires 1 type argument(s).
stable.ts(17,10): error TS2339: Property 'inplace' does not exist on type '(arr: any, comp: Function) => rray'.
stable.ts(17,35): error TS2314: Generic type 'Array<T>' requires 1 type argument(s).
stable.ts(31,22): error TS2552: Cannot find name 'rray'. Did you mean 'Array'?
stable.ts(49,23): error TS2345: Argument of type 'number' is not assignable to parameter of type 'Function'.
stable.ts(60,29): error TS2314: Generic type 'Array<T>' requires 1 type argument(s).
stable.ts(60,78): error TS2314: Generic type 'Array<T>' requires 1 type argument(s).
stable.ts(64,15): error TS2362: The left-hand side of an arithmetic operation must be of type 'any', 'number', 'bigint' or an enum type.

