index.ts(15,19): error TS2732: Cannot find module './codes.json'. Consider using '--resolveJsonModule' to import module with '.json' extension.
index.ts(66,39): error TS2345: Argument of type '(code: number) => void' is not assignable to parameter of type '(value: string, index: number, array: string[]) => void'.
  Types of parameters 'code' and 'value' are incompatible.
    Type 'string' is not assignable to type 'number'.
index.ts(71,17): error TS2339: Property 'toLowerCase' does not exist on type 'number'.
index.ts(83,42): error TS2345: Argument of type '(code: number) => number' is not assignable to parameter of type '(value: string, index: number, array: string[]) => number'.
  Types of parameters 'code' and 'value' are incompatible.
    Type 'string' is not assignable to type 'number'.
scripts/build.ts(22,7): error TS2345: Argument of type 'string' is not assignable to parameter of type 'Buffer'.
scripts/fetch-apache.ts(3,21): error TS2307: Cannot find module 'raw-body' or its corresponding type declarations.
scripts/fetch-apache.ts(11,47): error TS2345: Argument of type '(res: Response) => void' is not assignable to parameter of type '(res: IncomingMessage) => void'.
  Types of parameters 'res' and 'res' are incompatible.
    Type 'IncomingMessage' is missing the following properties from type 'Response': ok, redirected, status, statusText, and 9 more.
scripts/fetch-apache.ts(15,65): error TS2345: Argument of type 'Object' is not assignable to parameter of type 'string'.
scripts/fetch-apache.ts(24,11): error TS2345: Argument of type 'string' is not assignable to parameter of type 'Buffer'.
scripts/fetch-iana.ts(4,20): error TS2307: Cannot find module 'csv-parse' or its corresponding type declarations.
scripts/fetch-iana.ts(6,21): error TS2307: Cannot find module 'stream-to-array' or its corresponding type declarations.
scripts/fetch-iana.ts(12,47): error TS2345: Argument of type '(res: Response) => void' is not assignable to parameter of type '(res: IncomingMessage) => void'.
  Types of parameters 'res' and 'res' are incompatible.
    Type 'IncomingMessage' is not assignable to type 'Response'.
scripts/fetch-iana.ts(13,15): error TS2339: Property 'pipe' does not exist on type 'Response'.
scripts/fetch-iana.ts(20,33): error TS2304: Cannot find name 'Row'.
scripts/fetch-iana.ts(36,11): error TS2345: Argument of type 'string' is not assignable to parameter of type 'Buffer'.
scripts/fetch-iana.ts(41,36): error TS2304: Cannot find name 'ny'.
scripts/fetch-iana.ts(41,46): error TS2304: Cannot find name 'ny'.
scripts/fetch-iana.ts(51,14): error TS2339: Property 'substr' does not exist on type 'string | string[]'.
  Property 'substr' does not exist on type 'string[]'.
scripts/fetch-iana.ts(51,47): error TS2339: Property 'substr' does not exist on type 'string | string[]'.
  Property 'substr' does not exist on type 'string[]'.
scripts/fetch-iana.ts(52,14): error TS2339: Property 'toUpperCase' does not exist on type 'number'.
scripts/fetch-nginx.ts(3,21): error TS2307: Cannot find module 'raw-body' or its corresponding type declarations.
scripts/fetch-nginx.ts(11,47): error TS2345: Argument of type '(res: Response) => void' is not assignable to parameter of type '(res: IncomingMessage) => void'.
  Types of parameters 'res' and 'res' are incompatible.
    Type 'IncomingMessage' is not assignable to type 'Response'.
scripts/fetch-nginx.ts(15,63): error TS2345: Argument of type 'Object' is not assignable to parameter of type 'string'.
scripts/fetch-nginx.ts(24,11): error TS2345: Argument of type 'string' is not assignable to parameter of type 'Buffer'.
scripts/fetch-node.ts(3,21): error TS2307: Cannot find module 'raw-body' or its corresponding type declarations.
scripts/fetch-node.ts(11,47): error TS2345: Argument of type '(res: Response) => void' is not assignable to parameter of type '(res: IncomingMessage) => void'.
  Types of parameters 'res' and 'res' are incompatible.
    Type 'IncomingMessage' is not assignable to type 'Response'.
scripts/fetch-node.ts(15,55): error TS2345: Argument of type 'Object' is not assignable to parameter of type 'string'.
scripts/fetch-node.ts(24,11): error TS2345: Argument of type 'string' is not assignable to parameter of type 'Buffer'.

