iterator.ts(3,35): error TS2749: 'Yallist' refers to a value, but is being used as a type here. Did you mean 'typeof Yallist'?
yallist.ts(7,25): error TS2709: Cannot use namespace 'Yallist' as a type.
yallist.ts(10,12): error TS2350: Only a void function can be called with the 'new' keyword.
yallist.ts(10,12): error TS2554: Expected 1 arguments, but got 0.
yallist.ts(18,34): error TS2304: Cannot find name 'Item'.
yallist.ts(30,48): error TS2552: Cannot find name 'ode'. Did you mean 'Node'?
yallist.ts(66,12): error TS2339: Property 'list' does not exist on type 'Node'.
yallist.ts(67,10): error TS2339: Property 'list' does not exist on type 'Node'.
yallist.ts(71,8): error TS2339: Property 'list' does not exist on type 'Node'.
yallist.ts(72,8): error TS2339: Property 'next' does not exist on type 'Node'.
yallist.ts(89,12): error TS2339: Property 'list' does not exist on type 'Node'.
yallist.ts(90,10): error TS2339: Property 'list' does not exist on type 'Node'.
yallist.ts(94,8): error TS2339: Property 'list' does not exist on type 'Node'.
yallist.ts(95,8): error TS2339: Property 'prev' does not exist on type 'Node'.
yallist.ts(191,13): error TS2350: Only a void function can be called with the 'new' keyword.
yallist.ts(191,13): error TS2554: Expected 1 arguments, but got 0.
yallist.ts(201,13): error TS2350: Only a void function can be called with the 'new' keyword.
yallist.ts(201,13): error TS2554: Expected 1 arguments, but got 0.
yallist.ts(276,13): error TS2350: Only a void function can be called with the 'new' keyword.
yallist.ts(276,13): error TS2554: Expected 1 arguments, but got 0.
yallist.ts(304,13): error TS2350: Only a void function can be called with the 'new' keyword.
yallist.ts(304,13): error TS2554: Expected 1 arguments, but got 0.
yallist.ts(323,45): error TS2552: Cannot find name 'umber'. Did you mean 'number'?
yallist.ts(323,66): error TS2552: Cannot find name 'umber'. Did you mean 'number'?
yallist.ts(323,84): error TS2552: Cannot find name 'rray'. Did you mean 'Array'?
yallist.ts(367,24): error TS2304: Cannot find name 'IListView'.
yallist.ts(369,5): error TS2350: Only a void function can be called with the 'new' keyword.
yallist.ts(370,5): error TS2350: Only a void function can be called with the 'new' keyword.
yallist.ts(370,32): error TS2339: Property 'next' does not exist on type 'Node'.
yallist.ts(385,15): error TS2350: Only a void function can be called with the 'new' keyword.
yallist.ts(392,25): error TS2304: Cannot find name 'IList'.
yallist.ts(392,39): error TS2304: Cannot find name 'T'.
yallist.ts(393,15): error TS2350: Only a void function can be called with the 'new' keyword.
yallist.ts(400,61): error TS2304: Cannot find name 'List'.
yallist.ts(400,66): error TS2304: Cannot find name 'T'.
yallist.ts(402,12): error TS2350: Only a void function can be called with the 'new' keyword.
yallist.ts(409,10): error TS2339: Property 'next' does not exist on type 'Node'.
yallist.ts(416,10): error TS2339: Property 'prev' does not exist on type 'Node'.

