bench/bench.ts(2,7): error TS2451: Cannot redeclare block-scoped variable 'expand'.
bench/bench.ts(7,1): error TS2304: Cannot find name 'bench'.
bench/bench.ts(9,5): error TS2554: Expected 2 arguments, but got 1.
example.ts(1,7): error TS2451: Cannot redeclare block-scoped variable 'expand'.
example.ts(3,13): error TS2554: Expected 2 arguments, but got 1.
example.ts(4,13): error TS2554: Expected 2 arguments, but got 1.
example.ts(5,13): error TS2554: Expected 2 arguments, but got 1.
example.ts(6,13): error TS2554: Expected 2 arguments, but got 1.
example.ts(7,13): error TS2554: Expected 2 arguments, but got 1.
index.ts(13,10): error TS2367: This condition will always return 'false' since the types 'number' and 'string' have no overlap.
index.ts(48,5): error TS2322: Type 'string[]' is not assignable to type 'string'.
index.ts(54,5): error TS2322: Type 'string[]' is not assignable to type 'string'.
index.ts(62,32): error TS2339: Property 'shift' does not exist on type 'string'.
index.ts(63,21): error TS2345: Argument of type 'string' is not assignable to parameter of type 'string[]'.
index.ts(68,3): error TS2322: Type 'any[]' is not assignable to type 'string'.
index.ts(76,5): error TS2322: Type 'never[]' is not assignable to type 'string'.
index.ts(88,3): error TS2322: Type 'string[]' is not assignable to type 'string'.
index.ts(88,36): error TS2345: Argument of type 'boolean' is not assignable to parameter of type 'string'.
index.ts(125,10): error TS2451: Cannot redeclare block-scoped variable 'expand'.
index.ts(135,22): error TS2345: Argument of type 'boolean' is not assignable to parameter of type 'string'.
index.ts(152,16): error TS2554: Expected 2 arguments, but got 1.
index.ts(164,26): error TS2345: Argument of type 'boolean' is not assignable to parameter of type 'string'.
index.ts(184,27): error TS2322: Type '(i: number, y: number) => boolean' is not assignable to type 'boolean'.
index.ts(185,13): error TS2322: Type 'boolean' is not assignable to type 'number'.
index.ts(188,16): error TS2322: Type '(i: number, y: number) => boolean' is not assignable to type 'boolean'.
index.ts(194,23): error TS2349: This expression is not callable.
  Type 'Boolean' has no call signatures.
index.ts(219,38): error TS2345: Argument of type 'boolean' is not assignable to parameter of type 'string'.

