index.ts(3,18): error TS2322: Type '() => void' is not assignable to type 'void'.
index.ts(5,26): error TS2322: Type '(stream: any) => boolean' is not assignable to type 'boolean'.
index.ts(9,31): error TS2322: Type '(stream: any) => boolean' is not assignable to type 'boolean'.
index.ts(13,5): error TS2322: Type '(stream: any, opts: any, callback: any) => any' is not assignable to type 'boolean'.
index.ts(14,41): error TS2349: This expression is not callable.
  Type 'Boolean' has no call signatures.
index.ts(25,29): error TS2322: Type '() => void' is not assignable to type 'void'.
index.ts(26,25): error TS2349: This expression is not callable.
  Type 'void' has no call signatures.
index.ts(29,23): error TS2322: Type '() => void' is not assignable to type 'void'.
index.ts(34,20): error TS2322: Type '() => void' is not assignable to type 'void'.
index.ts(39,21): error TS2322: Type '(exitCode: number) => void' is not assignable to type 'void'.
index.ts(43,22): error TS2322: Type '(err: any) => void' is not assignable to type 'void'.
index.ts(47,22): error TS2322: Type '() => void' is not assignable to type 'void'.
index.ts(48,20): error TS2345: Argument of type 'void' is not assignable to parameter of type 'Function'.
index.ts(51,6): error TS2322: Type '() => any' is not assignable to type 'void'.
index.ts(57,24): error TS2322: Type '() => void' is not assignable to type 'void'.
index.ts(61,6): error TS2349: This expression is not callable.
  Type 'Boolean' has no call signatures.
index.ts(64,19): error TS2349: This expression is not callable.
  Type 'void' has no call signatures.
index.ts(71,6): error TS2349: This expression is not callable.
  Type 'Boolean' has no call signatures.

