watchman/integration/capabilities.ts(36,3): error TS2304: Cannot find name 'resp'.
watchman/integration/capabilities.ts(38,16): error TS2304: Cannot find name 'resp'.
watchman/integration/capabilities.ts(40,3): error TS2304: Cannot find name 'resp'.
watchman/integration/capabilities.ts(42,16): error TS2304: Cannot find name 'resp'.
watchman/integration/capabilities.ts(44,3): error TS2304: Cannot find name 'resp'.
watchman/integration/capabilities.ts(46,16): error TS2304: Cannot find name 'resp'.
watchman/integration/capabilities.ts(48,3): error TS2304: Cannot find name 'resp'.
watchman/integration/capabilities.ts(51,45): error TS2304: Cannot find name 'resp'.
watchman/integration/case.ts(12,7): error TS2451: Cannot redeclare block-scoped variable 'os'.
watchman/integration/node_basic.ts(12,5): error TS2322: Type 'Timeout' is not assignable to type 'number'.
watchman/node/bser/index.ts(10,5): error TS2451: Cannot redeclare block-scoped variable 'os'.
watchman/node/bser/index.ts(26,3): error TS2683: 'this' implicitly has type 'any' because it does not have a type annotation.
watchman/node/bser/index.ts(27,3): error TS2683: 'this' implicitly has type 'any' because it does not have a type annotation.
watchman/node/bser/index.ts(28,3): error TS2683: 'this' implicitly has type 'any' because it does not have a type annotation.
watchman/node/bser/index.ts(127,7): error TS2358: The left-hand side of an 'instanceof' expression must be of type 'any', an object type or a type parameter.
watchman/node/bser/index.ts(221,11): error TS2683: 'this' implicitly has type 'any' because it does not have a type annotation.
watchman/node/bser/index.ts(222,3): error TS2683: 'this' implicitly has type 'any' because it does not have a type annotation.
watchman/node/bser/index.ts(222,14): error TS2554: Expected 1 arguments, but got 0.
watchman/node/bser/index.ts(222,14): error TS7009: 'new' expression, whose target lacks a construct signature, implicitly has an 'any' type.
watchman/node/bser/index.ts(223,3): error TS2683: 'this' implicitly has type 'any' because it does not have a type annotation.
watchman/node/bser/index.ts(248,13): error TS2526: A 'this' type is available only in a non-static member of a class or interface.
watchman/node/bser/index.ts(370,5): error TS7053: Element implicitly has an 'any' type because expression of type 'any' can't be used to index type '{}'.
watchman/node/bser/index.ts(388,7): error TS7053: Element implicitly has an 'any' type because expression of type 'string' can't be used to index type '{}'.
  No index signature with a parameter of type 'string' was found on type '{}'.
watchman/node/bser/index.ts(440,18): error TS7009: 'new' expression, whose target lacks a construct signature, implicitly has an 'any' type.
watchman/node/bser/index.ts(558,13): error TS2571: Object is of type 'unknown'.
watchman/node/bser/index.ts(571,18): error TS2554: Expected 1 arguments, but got 0.
watchman/node/bser/index.ts(571,18): error TS7009: 'new' expression, whose target lacks a construct signature, implicitly has an 'any' type.
watchman/node/index.ts(26,13): error TS2526: A 'this' type is available only in a non-static member of a class or interface.
watchman/node/index.ts(26,20): error TS2683: 'this' implicitly has type 'any' because it does not have a type annotation.
watchman/node/index.ts(27,11): error TS2683: 'this' implicitly has type 'any' because it does not have a type annotation.
watchman/node/index.ts(29,3): error TS2683: 'this' implicitly has type 'any' because it does not have a type annotation.
watchman/node/index.ts(31,5): error TS2683: 'this' implicitly has type 'any' because it does not have a type annotation.
watchman/node/index.ts(33,3): error TS2683: 'this' implicitly has type 'any' because it does not have a type annotation.
watchman/node/index.ts(75,13): error TS2526: A 'this' type is available only in a non-static member of a class or interface.
watchman/node/index.ts(100,17): error TS2339: Property 'watchmanResponse' does not exist on type 'Error'.
watchman/node/index.ts(212,15): error TS2339: Property 'watchmanResponse' does not exist on type 'Error'.
watchman/node/index.ts(254,3): error TS2322: Type 'string[]' is not assignable to type 'string'.
watchman/node/index.ts(255,3): error TS2322: Type 'string[]' is not assignable to type 'string'.
watchman/node/index.ts(259,7): error TS2322: Type 'number' is not assignable to type 'string'.
watchman/node/index.ts(262,3): error TS2322: Type 'number' is not assignable to type 'string'.
watchman/node/index.ts(267,12): error TS2365: Operator '>=' cannot be applied to types 'string' and 'number'.
watchman/node/index.ts(277,12): error TS2339: Property 'forEach' does not exist on type 'boolean'.
watchman/node/index.ts(280,12): error TS2339: Property 'forEach' does not exist on type 'boolean'.
watchman/node/index.ts(294,13): error TS2526: A 'this' type is available only in a non-static member of a class or interface.
../../../../node_modules/@types/get-intrinsic/internal/intrinsics.d.ts(11,25): error TS2304: Cannot find name 'AggregateErrorConstructor'.
../../../../node_modules/@types/get-intrinsic/internal/intrinsics.d.ts(126,42): error TS2304: Cannot find name 'AggregateError'.
../../../../node_modules/@types/get-intrinsic/internal/intrinsics.d.ts(127,47): error TS2304: Cannot find name 'AggregateError'.
../../../../node_modules/@types/get-intrinsic/internal/intrinsics.d.ts(128,50): error TS2304: Cannot find name 'AggregateError'.
../../../../node_modules/@types/get-intrinsic/internal/intrinsics.d.ts(418,37): error TS2550: Property 'any' does not exist on type 'PromiseConstructor'. Do you need to change your target library? Try changing the 'lib' compiler option to 'es2021' or later.
../../../../node_modules/@types/get-intrinsic/internal/intrinsics.d.ts(514,62): error TS2550: Property 'replaceAll' does not exist on type 'String'. Do you need to change your target library? Try changing the 'lib' compiler option to 'es2021' or later.

