index.ts(3,5): error TS2397: Declaration name conflicts with built-in global identifier 'undefined'.
index.ts(3,5): error TS7034: Variable 'undefined' implicitly has type 'any' in some locations where its type cannot be determined.
index.ts(21,3): error TS2322: Type 'null' is not assignable to type '(o: any, p: PropertyKey) => PropertyDescriptor | undefined'.
index.ts(37,12): error TS2532: Object is possibly 'undefined'.
index.ts(208,5): error TS2322: Type 'RegExp' is not assignable to type 'string'.
index.ts(209,5): error TS2322: Type 'RegExp' is not assignable to type 'string'.
index.ts(210,47): error TS7006: Parameter 'string' implicitly has an 'any' type.
index.ts(219,53): error TS7006: Parameter 'number' implicitly has an 'any' type.
index.ts(229,6): error TS2349: This expression is not callable.
  Type 'Boolean' has no call signatures.
index.ts(234,6): error TS2349: This expression is not callable.
  Type 'Boolean' has no call signatures.
index.ts(268,41): error TS2339: Property 'name' does not exist on type 'string'.
index.ts(269,29): error TS2339: Property 'value' does not exist on type 'string'.
index.ts(272,29): error TS2339: Property 'alias' does not exist on type 'string'.
index.ts(298,7): error TS2349: This expression is not callable.
  Type 'Boolean' has no call signatures.
index.ts(305,17): error TS7005: Variable 'undefined' implicitly has an 'any' type.
index.ts(324,13): error TS2349: This expression is not callable.
  Type 'Boolean' has no call signatures.

