encodings/dbcs-codec.ts(23,5): error TS2683: 'this' implicitly has type 'any' because it does not have a type annotation.
encodings/dbcs-codec.ts(27,40): error TS2683: 'this' implicitly has type 'any' because it does not have a type annotation.
encodings/dbcs-codec.ts(42,5): error TS2683: 'this' implicitly has type 'any' because it does not have a type annotation.
encodings/dbcs-codec.ts(43,5): error TS2683: 'this' implicitly has type 'any' because it does not have a type annotation.
encodings/dbcs-codec.ts(46,5): error TS2683: 'this' implicitly has type 'any' because it does not have a type annotation.
encodings/dbcs-codec.ts(50,9): error TS2683: 'this' implicitly has type 'any' because it does not have a type annotation.
encodings/dbcs-codec.ts(54,9): error TS2683: 'this' implicitly has type 'any' because it does not have a type annotation.
encodings/dbcs-codec.ts(57,46): error TS2683: 'this' implicitly has type 'any' because it does not have a type annotation.
encodings/dbcs-codec.ts(58,9): error TS2683: 'this' implicitly has type 'any' because it does not have a type annotation.
encodings/dbcs-codec.ts(60,47): error TS2683: 'this' implicitly has type 'any' because it does not have a type annotation.
encodings/dbcs-codec.ts(61,9): error TS2683: 'this' implicitly has type 'any' because it does not have a type annotation.
encodings/dbcs-codec.ts(64,34): error TS2683: 'this' implicitly has type 'any' because it does not have a type annotation.
encodings/dbcs-codec.ts(66,39): error TS2683: 'this' implicitly has type 'any' because it does not have a type annotation.
encodings/dbcs-codec.ts(74,42): error TS2683: 'this' implicitly has type 'any' because it does not have a type annotation.
encodings/dbcs-codec.ts(84,47): error TS2683: 'this' implicitly has type 'any' because it does not have a type annotation.
encodings/dbcs-codec.ts(94,5): error TS2683: 'this' implicitly has type 'any' because it does not have a type annotation.
encodings/dbcs-codec.ts(104,5): error TS2683: 'this' implicitly has type 'any' because it does not have a type annotation.
encodings/dbcs-codec.ts(110,5): error TS2683: 'this' implicitly has type 'any' because it does not have a type annotation.
encodings/dbcs-codec.ts(120,26): error TS2403: Subsequent variable declarations must have the same type.  Variable 'j' must be of type 'number', but here has type 'any'.
encodings/dbcs-codec.ts(125,5): error TS2683: 'this' implicitly has type 'any' because it does not have a type annotation.
encodings/dbcs-codec.ts(131,17): error TS2683: 'this' implicitly has type 'any' because it does not have a type annotation.
encodings/dbcs-codec.ts(134,5): error TS2683: 'this' implicitly has type 'any' because it does not have a type annotation.
encodings/dbcs-codec.ts(134,23): error TS2683: 'this' implicitly has type 'any' because it does not have a type annotation.
encodings/dbcs-codec.ts(135,9): error TS2683: 'this' implicitly has type 'any' because it does not have a type annotation.
encodings/dbcs-codec.ts(135,40): error TS2683: 'this' implicitly has type 'any' because it does not have a type annotation.
encodings/dbcs-codec.ts(135,57): error TS2683: 'this' implicitly has type 'any' because it does not have a type annotation.
encodings/dbcs-codec.ts(136,9): error TS2683: 'this' implicitly has type 'any' because it does not have a type annotation.
encodings/dbcs-codec.ts(136,40): error TS2683: 'this' implicitly has type 'any' because it does not have a type annotation.
encodings/dbcs-codec.ts(185,25): error TS7053: Element implicitly has an 'any' type because expression of type 'number' can't be used to index type 'Number'.
  No index signature with a parameter of type 'number' was found on type 'Number'.
encodings/dbcs-codec.ts(195,21): error TS7053: Element implicitly has an 'any' type because expression of type 'number' can't be used to index type 'Number'.
  No index signature with a parameter of type 'number' was found on type 'Number'.
encodings/dbcs-codec.ts(199,21): error TS7053: Element implicitly has an 'any' type because expression of type 'number' can't be used to index type 'Number'.
  No index signature with a parameter of type 'number' was found on type 'Number'.
encodings/dbcs-codec.ts(203,36): error TS7053: Element implicitly has an 'any' type because expression of type 'number' can't be used to index type 'Number'.
  No index signature with a parameter of type 'number' was found on type 'Number'.
encodings/dbcs-codec.ts(205,17): error TS7053: Element implicitly has an 'any' type because expression of type 'number' can't be used to index type 'Number'.
  No index signature with a parameter of type 'number' was found on type 'Number'.
encodings/dbcs-codec.ts(283,18): error TS7053: Element implicitly has an 'any' type because expression of type 'number' can't be used to index type '{}'.
  No index signature with a parameter of type 'number' was found on type '{}'.
encodings/dbcs-codec.ts(288,21): error TS7053: Element implicitly has an 'any' type because expression of type 'number' can't be used to index type '{}'.
  No index signature with a parameter of type 'number' was found on type '{}'.
encodings/dbcs-codec.ts(304,5): error TS2683: 'this' implicitly has type 'any' because it does not have a type annotation.
encodings/dbcs-codec.ts(305,5): error TS2683: 'this' implicitly has type 'any' because it does not have a type annotation.
encodings/dbcs-codec.ts(308,5): error TS2683: 'this' implicitly has type 'any' because it does not have a type annotation.
encodings/dbcs-codec.ts(309,5): error TS2683: 'this' implicitly has type 'any' because it does not have a type annotation.
encodings/dbcs-codec.ts(310,5): error TS2683: 'this' implicitly has type 'any' because it does not have a type annotation.
encodings/dbcs-codec.ts(311,5): error TS2683: 'this' implicitly has type 'any' because it does not have a type annotation.
encodings/dbcs-codec.ts(478,5): error TS2683: 'this' implicitly has type 'any' because it does not have a type annotation.
encodings/dbcs-codec.ts(479,5): error TS2683: 'this' implicitly has type 'any' because it does not have a type annotation.
encodings/dbcs-codec.ts(482,5): error TS2683: 'this' implicitly has type 'any' because it does not have a type annotation.
encodings/dbcs-codec.ts(483,5): error TS2683: 'this' implicitly has type 'any' because it does not have a type annotation.
encodings/dbcs-codec.ts(484,5): error TS2683: 'this' implicitly has type 'any' because it does not have a type annotation.
encodings/dbcs-codec.ts(485,5): error TS2683: 'this' implicitly has type 'any' because it does not have a type annotation.
encodings/dbcs-codec.ts(527,37): error TS2339: Property 'length' does not exist on type 'number'.
encodings/dbcs-codec.ts(528,25): error TS7053: Element implicitly has an 'any' type because expression of type 'number' can't be used to index type 'Number'.
  No index signature with a parameter of type 'number' was found on type 'Number'.
encodings/dbcs-codec.ts(532,21): error TS7053: Element implicitly has an 'any' type because expression of type 'number' can't be used to index type 'Number'.
  No index signature with a parameter of type 'number' was found on type 'Number'.
encodings/dbcs-codec.ts(532,29): error TS2339: Property 'length' does not exist on type 'number'.
encodings/internal.ts(26,5): error TS2683: 'this' implicitly has type 'any' because it does not have a type annotation.
encodings/internal.ts(26,29): error TS2339: Property 'encodingName' does not exist on type 'string'.
encodings/internal.ts(27,5): error TS2683: 'this' implicitly has type 'any' because it does not have a type annotation.
encodings/internal.ts(27,34): error TS2339: Property 'bomAware' does not exist on type 'string'.
encodings/internal.ts(29,9): error TS2683: 'this' implicitly has type 'any' because it does not have a type annotation.
encodings/internal.ts(30,9): error TS2683: 'this' implicitly has type 'any' because it does not have a type annotation.
encodings/internal.ts(31,14): error TS2683: 'this' implicitly has type 'any' because it does not have a type annotation.
encodings/internal.ts(32,9): error TS2683: 'this' implicitly has type 'any' because it does not have a type annotation.
encodings/internal.ts(33,14): error TS2683: 'this' implicitly has type 'any' because it does not have a type annotation.
encodings/internal.ts(34,9): error TS2683: 'this' implicitly has type 'any' because it does not have a type annotation.
encodings/internal.ts(35,9): error TS2683: 'this' implicitly has type 'any' because it does not have a type annotation.
encodings/internal.ts(39,13): error TS2683: 'this' implicitly has type 'any' because it does not have a type annotation.
encodings/internal.ts(40,13): error TS2683: 'this' implicitly has type 'any' because it does not have a type annotation.
encodings/internal.ts(58,5): error TS2683: 'this' implicitly has type 'any' because it does not have a type annotation.
encodings/internal.ts(58,44): error TS2339: Property 'enc' does not exist on type 'string'.
encodings/internal.ts(78,5): error TS2683: 'this' implicitly has type 'any' because it does not have a type annotation.
encodings/internal.ts(78,22): error TS2339: Property 'enc' does not exist on type 'string'.
encodings/internal.ts(93,5): error TS2683: 'this' implicitly has type 'any' because it does not have a type annotation.
encodings/internal.ts(144,5): error TS2683: 'this' implicitly has type 'any' because it does not have a type annotation.
encodings/internal.ts(145,5): error TS2683: 'this' implicitly has type 'any' because it does not have a type annotation.
encodings/internal.ts(146,5): error TS2683: 'this' implicitly has type 'any' because it does not have a type annotation.
encodings/internal.ts(147,5): error TS2683: 'this' implicitly has type 'any' because it does not have a type annotation.
encodings/internal.ts(147,37): error TS2339: Property 'defaultCharUnicode' does not exist on type 'string'.
encodings/internal.ts(206,5): error TS2683: 'this' implicitly has type 'any' because it does not have a type annotation.
encodings/sbcs-codec.ts(23,5): error TS2683: 'this' implicitly has type 'any' because it does not have a type annotation.
encodings/sbcs-codec.ts(31,5): error TS2683: 'this' implicitly has type 'any' because it does not have a type annotation.
encodings/sbcs-codec.ts(39,5): error TS2683: 'this' implicitly has type 'any' because it does not have a type annotation.
encodings/sbcs-codec.ts(39,28): error TS2339: Property 'encodeBuf' does not exist on type 'string'.
encodings/sbcs-codec.ts(55,5): error TS2683: 'this' implicitly has type 'any' because it does not have a type annotation.
encodings/utf16.ts(37,5): error TS2683: 'this' implicitly has type 'any' because it does not have a type annotation.
encodings/utf16.ts(78,5): error TS2683: 'this' implicitly has type 'any' because it does not have a type annotation.
encodings/utf16.ts(91,5): error TS2683: 'this' implicitly has type 'any' because it does not have a type annotation.
encodings/utf16.ts(91,26): error TS2339: Property 'iconv' does not exist on type 'string'.
encodings/utf16.ts(106,5): error TS2683: 'this' implicitly has type 'any' because it does not have a type annotation.
encodings/utf16.ts(107,5): error TS2683: 'this' implicitly has type 'any' because it does not have a type annotation.
encodings/utf16.ts(108,5): error TS2683: 'this' implicitly has type 'any' because it does not have a type annotation.
encodings/utf16.ts(110,5): error TS2683: 'this' implicitly has type 'any' because it does not have a type annotation.
encodings/utf16.ts(111,5): error TS2683: 'this' implicitly has type 'any' because it does not have a type annotation.
encodings/utf16.ts(111,24): error TS2339: Property 'iconv' does not exist on type 'string'.
encodings/utf16.ts(157,10): error TS2393: Duplicate function implementation.
encodings/utf32.ts(10,5): error TS2683: 'this' implicitly has type 'any' because it does not have a type annotation.
encodings/utf32.ts(11,5): error TS2683: 'this' implicitly has type 'any' because it does not have a type annotation.
encodings/utf32.ts(12,5): error TS2683: 'this' implicitly has type 'any' because it does not have a type annotation.
encodings/utf32.ts(28,5): error TS2683: 'this' implicitly has type 'any' because it does not have a type annotation.
encodings/utf32.ts(28,23): error TS2339: Property 'isLE' does not exist on type 'string'.
encodings/utf32.ts(29,5): error TS2683: 'this' implicitly has type 'any' because it does not have a type annotation.
encodings/utf32.ts(40,13): error TS2322: Type 'boolean' is not assignable to type 'number'.
encodings/utf32.ts(48,25): error TS2339: Property 'call' does not exist on type 'number'.
encodings/utf32.ts(55,25): error TS2339: Property 'call' does not exist on type 'number'.
encodings/utf32.ts(69,21): error TS2339: Property 'call' does not exist on type 'number'.
encodings/utf32.ts(101,5): error TS2683: 'this' implicitly has type 'any' because it does not have a type annotation.
encodings/utf32.ts(101,23): error TS2339: Property 'isLE' does not exist on type 'string'.
encodings/utf32.ts(102,5): error TS2683: 'this' implicitly has type 'any' because it does not have a type annotation.
encodings/utf32.ts(102,26): error TS2339: Property 'iconv' does not exist on type 'string'.
encodings/utf32.ts(103,5): error TS2683: 'this' implicitly has type 'any' because it does not have a type annotation.
encodings/utf32.ts(196,5): error TS2683: 'this' implicitly has type 'any' because it does not have a type annotation.
encodings/utf32.ts(210,5): error TS2683: 'this' implicitly has type 'any' because it does not have a type annotation.
encodings/utf32.ts(210,26): error TS2339: Property 'iconv' does not exist on type 'string'.
encodings/utf32.ts(224,5): error TS2683: 'this' implicitly has type 'any' because it does not have a type annotation.
encodings/utf32.ts(225,5): error TS2683: 'this' implicitly has type 'any' because it does not have a type annotation.
encodings/utf32.ts(226,5): error TS2683: 'this' implicitly has type 'any' because it does not have a type annotation.
encodings/utf32.ts(227,5): error TS2683: 'this' implicitly has type 'any' because it does not have a type annotation.
encodings/utf32.ts(228,5): error TS2683: 'this' implicitly has type 'any' because it does not have a type annotation.
encodings/utf32.ts(228,24): error TS2339: Property 'iconv' does not exist on type 'string'.
encodings/utf32.ts(275,10): error TS2393: Duplicate function implementation.
encodings/utf7.ts(10,5): error TS2683: 'this' implicitly has type 'any' because it does not have a type annotation.
encodings/utf7.ts(20,5): error TS2322: Type 'RegExp' is not assignable to type 'string'.
encodings/utf7.ts(22,52): error TS2355: A function whose declared type is neither 'void' nor 'any' must return a value.
encodings/utf7.ts(23,5): error TS2683: 'this' implicitly has type 'any' because it does not have a type annotation.
encodings/utf7.ts(23,24): error TS2339: Property 'iconv' does not exist on type 'string'.
encodings/utf7.ts(31,13): error TS2683: 'this' implicitly has type 'any' because it does not have a type annotation.
encodings/utf7.ts(43,5): error TS2683: 'this' implicitly has type 'any' because it does not have a type annotation.
encodings/utf7.ts(43,24): error TS2339: Property 'iconv' does not exist on type 'string'.
encodings/utf7.ts(44,5): error TS2683: 'this' implicitly has type 'any' because it does not have a type annotation.
encodings/utf7.ts(45,5): error TS2683: 'this' implicitly has type 'any' because it does not have a type annotation.
encodings/utf7.ts(48,5): error TS2322: Type 'RegExp' is not assignable to type 'string'.
encodings/utf7.ts(51,34): error TS2339: Property 'test' does not exist on type 'string'.
encodings/utf7.ts(134,5): error TS2683: 'this' implicitly has type 'any' because it does not have a type annotation.
encodings/utf7.ts(145,5): error TS2683: 'this' implicitly has type 'any' because it does not have a type annotation.
encodings/utf7.ts(145,24): error TS2339: Property 'iconv' does not exist on type 'string'.
encodings/utf7.ts(146,5): error TS2683: 'this' implicitly has type 'any' because it does not have a type annotation.
encodings/utf7.ts(147,5): error TS2683: 'this' implicitly has type 'any' because it does not have a type annotation.
encodings/utf7.ts(148,5): error TS2683: 'this' implicitly has type 'any' because it does not have a type annotation.
encodings/utf7.ts(219,5): error TS2683: 'this' implicitly has type 'any' because it does not have a type annotation.
encodings/utf7.ts(219,24): error TS2339: Property 'iconv' does not exist on type 'string'.
encodings/utf7.ts(220,5): error TS2683: 'this' implicitly has type 'any' because it does not have a type annotation.
encodings/utf7.ts(221,5): error TS2683: 'this' implicitly has type 'any' because it does not have a type annotation.
generation/gen-dbcs.ts(24,17): error TS7053: Element implicitly has an 'any' type because expression of type 'number' can't be used to index type '{}'.
  No index signature with a parameter of type 'number' was found on type '{}'.
generation/gen-dbcs.ts(41,13): error TS7053: Element implicitly has an 'any' type because expression of type 'number' can't be used to index type '{}'.
  No index signature with a parameter of type 'number' was found on type '{}'.
generation/gen-dbcs.ts(48,31): error TS7053: Element implicitly has an 'any' type because expression of type 'number' can't be used to index type '{}'.
  No index signature with a parameter of type 'number' was found on type '{}'.
generation/gen-dbcs.ts(48,59): error TS7053: Element implicitly has an 'any' type because expression of type 'number' can't be used to index type '{}'.
  No index signature with a parameter of type 'number' was found on type '{}'.
generation/gen-dbcs.ts(50,13): error TS7053: Element implicitly has an 'any' type because expression of type 'any' can't be used to index type '{}'.
generation/gen-dbcs.ts(54,31): error TS7053: Element implicitly has an 'any' type because expression of type 'number' can't be used to index type '{}'.
  No index signature with a parameter of type 'number' was found on type '{}'.
generation/gen-dbcs.ts(54,59): error TS7053: Element implicitly has an 'any' type because expression of type 'number' can't be used to index type '{}'.
  No index signature with a parameter of type 'number' was found on type '{}'.
generation/gen-dbcs.ts(55,40): error TS7053: Element implicitly has an 'any' type because expression of type 'any' can't be used to index type '{}'.
generation/gen-dbcs.ts(61,13): error TS2454: Variable 'lead' is used before being assigned.
generation/gen-dbcs.ts(62,17): error TS2304: Cannot find name 'd'.
generation/gen-dbcs.ts(63,53): error TS2454: Variable 'pointer' is used before being assigned.
generation/gen-dbcs.ts(65,13): error TS2304: Cannot find name 'd'.
generation/gen-dbcs.ts(66,20): error TS2304: Cannot find name 'd'.
generation/gen-dbcs.ts(67,34): error TS2304: Cannot find name 'd'.
generation/gen-dbcs.ts(74,5): error TS7053: Element implicitly has an 'any' type because expression of type 'number' can't be used to index type '{}'.
  No index signature with a parameter of type 'number' was found on type '{}'.
generation/gen-dbcs.ts(75,5): error TS7053: Element implicitly has an 'any' type because expression of type 'number' can't be used to index type '{}'.
  No index signature with a parameter of type 'number' was found on type '{}'.
generation/gen-dbcs.ts(76,5): error TS7053: Element implicitly has an 'any' type because expression of type 'number' can't be used to index type '{}'.
  No index signature with a parameter of type 'number' was found on type '{}'.
generation/gen-dbcs.ts(77,5): error TS7053: Element implicitly has an 'any' type because expression of type 'number' can't be used to index type '{}'.
  No index signature with a parameter of type 'number' was found on type '{}'.
generation/gen-dbcs.ts(96,13): error TS7053: Element implicitly has an 'any' type because expression of type 'number' can't be used to index type '{}'.
  No index signature with a parameter of type 'number' was found on type '{}'.
generation/gen-dbcs.ts(100,5): error TS2304: Cannot find name 'gbk2005add'.
generation/gen-dbcs.ts(102,70): error TS2304: Cannot find name 'gbk2005add'.
generation/gen-dbcs.ts(116,9): error TS7053: Element implicitly has an 'any' type because expression of type 'number' can't be used to index type '{}'.
  No index signature with a parameter of type 'number' was found on type '{}'.
generation/gen-dbcs.ts(118,9): error TS7053: Element implicitly has an 'any' type because expression of type 'number' can't be used to index type '{}'.
  No index signature with a parameter of type 'number' was found on type '{}'.
generation/gen-dbcs.ts(128,25): error TS7053: Element implicitly has an 'any' type because expression of type 'number' can't be used to index type '{}'.
  No index signature with a parameter of type 'number' was found on type '{}'.
generation/gen-dbcs.ts(130,25): error TS7053: Element implicitly has an 'any' type because expression of type 'number' can't be used to index type '{}'.
  No index signature with a parameter of type 'number' was found on type '{}'.
generation/gen-dbcs.ts(139,9): error TS7053: Element implicitly has an 'any' type because expression of type 'number' can't be used to index type '{}'.
  No index signature with a parameter of type 'number' was found on type '{}'.
generation/gen-dbcs.ts(141,9): error TS7053: Element implicitly has an 'any' type because expression of type 'number' can't be used to index type '{}'.
  No index signature with a parameter of type 'number' was found on type '{}'.
generation/gen-dbcs.ts(144,13): error TS7053: Element implicitly has an 'any' type because expression of type 'number' can't be used to index type '{}'.
  No index signature with a parameter of type 'number' was found on type '{}'.
generation/gen-dbcs.ts(145,13): error TS7053: Element implicitly has an 'any' type because expression of type 'number' can't be used to index type '{}'.
  No index signature with a parameter of type 'number' was found on type '{}'.
generation/gen-dbcs.ts(154,9): error TS7053: Element implicitly has an 'any' type because expression of type 'number' can't be used to index type '{}'.
  No index signature with a parameter of type 'number' was found on type '{}'.
generation/gen-dbcs.ts(160,13): error TS7053: Element implicitly has an 'any' type because expression of type 'number' can't be used to index type '{}'.
  No index signature with a parameter of type 'number' was found on type '{}'.
generation/gen-dbcs.ts(163,31): error TS7053: Element implicitly has an 'any' type because expression of type 'number' can't be used to index type '{}'.
  No index signature with a parameter of type 'number' was found on type '{}'.
generation/gen-dbcs.ts(164,129): error TS7053: Element implicitly has an 'any' type because expression of type 'number' can't be used to index type '{}'.
  No index signature with a parameter of type 'number' was found on type '{}'.
generation/gen-sbcs.ts(114,17): error TS2571: Object is of type 'unknown'.
generation/gen-sbcs.ts(133,5): error TS2322: Type 'string' is not assignable to type 'void'.
generation/research/gen-normalization.ts(33,13): error TS7053: Element implicitly has an 'any' type because expression of type 'number' can't be used to index type '{}'.
  No index signature with a parameter of type 'number' was found on type '{}'.
generation/research/gen-normalization.ts(44,9): error TS7053: Element implicitly has an 'any' type because expression of type 'number' can't be used to index type '{}'.
  No index signature with a parameter of type 'number' was found on type '{}'.
generation/research/gen-normalization.ts(49,25): error TS7053: Element implicitly has an 'any' type because expression of type 'string' can't be used to index type '{}'.
  No index signature with a parameter of type 'string' was found on type '{}'.
generation/research/gen-normalization.ts(50,83): error TS7053: Element implicitly has an 'any' type because expression of type 'any' can't be used to index type '{}'.
generation/research/gen-normalization.ts(63,13): error TS7053: Element implicitly has an 'any' type because expression of type 'number' can't be used to index type '{}'.
  No index signature with a parameter of type 'number' was found on type '{}'.
generation/research/gen-normalization.ts(70,17): error TS7053: Element implicitly has an 'any' type because expression of type 'number' can't be used to index type '{}'.
  No index signature with a parameter of type 'number' was found on type '{}'.
generation/research/gen-normalization.ts(79,42): error TS7053: Element implicitly has an 'any' type because expression of type 'string' can't be used to index type '{}'.
  No index signature with a parameter of type 'string' was found on type '{}'.
generation/research/get-iconv-encodings.ts(7,5): error TS2403: Subsequent variable declarations must have the same type.  Variable 'crypto' must be of type 'Crypto', but here has type 'any'.
generation/research/get-iconv-encodings.ts(25,17): error TS7053: Element implicitly has an 'any' type because expression of type 'any' can't be used to index type '{}'.
generation/research/get-iconv-encodings.ts(40,32): error TS2339: Property 'createHash' does not exist on type 'Crypto'.
generation/research/get-iconv-encodings.ts(76,13): error TS7053: Element implicitly has an 'any' type because expression of type 'any' can't be used to index type '{}'.
generation/research/get-iconv-encodings.ts(77,13): error TS7053: Element implicitly has an 'any' type because expression of type 'any' can't be used to index type '{}'.
generation/research/get-iconv-encodings.ts(79,13): error TS7053: Element implicitly has an 'any' type because expression of type 'any' can't be used to index type '{}'.
generation/research/get-iconv-encodings.ts(86,68): error TS7053: Element implicitly has an 'any' type because expression of type 'string' can't be used to index type '{}'.
  No index signature with a parameter of type 'string' was found on type '{}'.
generation/research/get-iconv-encodings.ts(102,17): error TS2571: Object is of type 'unknown'.
generation/research/get-iconv-encodings.ts(106,22): error TS2571: Object is of type 'unknown'.
generation/utils.ts(81,17): error TS2532: Object is possibly 'undefined'.
generation/utils.ts(84,21): error TS2532: Object is possibly 'undefined'.
generation/utils.ts(86,21): error TS2454: Variable 'range' is used before being assigned.
generation/utils.ts(86,41): error TS2532: Object is possibly 'undefined'.
generation/utils.ts(86,57): error TS2532: Object is possibly 'undefined'.
generation/utils.ts(92,13): error TS2454: Variable 'block' is used before being assigned.
generation/utils.ts(95,17): error TS2532: Object is possibly 'undefined'.
generation/utils.ts(96,37): error TS2532: Object is possibly 'undefined'.
generation/utils.ts(96,53): error TS2532: Object is possibly 'undefined'.
generation/utils.ts(96,63): error TS2345: Argument of type 'number | undefined' is not assignable to parameter of type 'string'.
  Type 'undefined' is not assignable to type 'string'.
lib/bom-handling.ts(7,5): error TS2683: 'this' implicitly has type 'any' because it does not have a type annotation.
lib/bom-handling.ts(8,5): error TS2683: 'this' implicitly has type 'any' because it does not have a type annotation.
lib/bom-handling.ts(29,5): error TS2683: 'this' implicitly has type 'any' because it does not have a type annotation.
lib/bom-handling.ts(30,5): error TS2683: 'this' implicitly has type 'any' because it does not have a type annotation.
lib/bom-handling.ts(31,5): error TS2683: 'this' implicitly has type 'any' because it does not have a type annotation.
lib/index.ts(84,21): error TS7053: Element implicitly has an 'any' type because expression of type 'string' can't be used to index type '{}'.
  No index signature with a parameter of type 'string' was found on type '{}'.
lib/index.ts(86,35): error TS2339: Property 'encodingName' does not exist on type '{}'.
lib/index.ts(87,34): error TS2339: Property 'encodingName' does not exist on type '{}'.
lib/index.ts(93,35): error TS2339: Property 'encodingName' does not exist on type '{}'.
lib/index.ts(94,34): error TS2339: Property 'encodingName' does not exist on type '{}'.
lib/index.ts(100,52): error TS2339: Property 'encodingName' does not exist on type '{}'.
lib/index.ts(139,80): error TS2366: Function lacks ending return statement and return type does not include 'undefined'.
lib/index.ts(141,9): error TS2322: Type 'undefined' is not assignable to type 'string'.
lib/streams.ts(13,9): error TS2683: 'this' implicitly has type 'any' because it does not have a type annotation.
lib/streams.ts(16,24): error TS2683: 'this' implicitly has type 'any' because it does not have a type annotation.
lib/streams.ts(61,9): error TS2683: 'this' implicitly has type 'any' because it does not have a type annotation.
lib/streams.ts(63,28): error TS2683: 'this' implicitly has type 'any' because it does not have a type annotation.
lib/streams.ts(64,24): error TS2683: 'this' implicitly has type 'any' because it does not have a type annotation.
../../../../node_modules/@types/node/ts4.8/buffer.d.ts(98,14): error TS2661: Cannot export 'Buffer'. Only local declarations can be exported from a module.
../../../../node_modules/@types/node/ts4.8/buffer.d.ts(2209,13): error TS2403: Subsequent variable declarations must have the same type.  Variable 'Buffer' must be of type 'any', but here has type 'BufferConstructor'.
../../../../node_modules/@types/node/ts4.8/globals.d.ts(34,13): error TS2403: Subsequent variable declarations must have the same type.  Variable 'module' must be of type 'any', but here has type 'NodeModule'.

