bench/index.ts(13,21): error TS2322: Type '(e: any, newline: string) => void' is not assignable to type 'void'.
bench/index.ts(17,7): error TS2322: Type '(name: string, options: any) => any' is not assignable to type 'void'.
bench/index.ts(33,28): error TS2349: This expression is not callable.
  Type 'void' has no call signatures.
bench/index.ts(34,31): error TS2349: This expression is not callable.
  Type 'void' has no call signatures.
bench/index.ts(44,1): error TS2349: This expression is not callable.
  Type 'void' has no call signatures.
bench/index.ts(49,1): error TS2349: This expression is not callable.
  Type 'void' has no call signatures.
bench/index.ts(54,1): error TS2349: This expression is not callable.
  Type 'void' has no call signatures.
bench/index.ts(59,1): error TS2349: This expression is not callable.
  Type 'void' has no call signatures.
bench/index.ts(64,1): error TS2349: This expression is not callable.
  Type 'void' has no call signatures.
bench/index.ts(69,1): error TS2349: This expression is not callable.
  Type 'void' has no call signatures.
bench/index.ts(74,1): error TS2349: This expression is not callable.
  Type 'void' has no call signatures.
bench/index.ts(79,1): error TS2349: This expression is not callable.
  Type 'void' has no call signatures.
bench/index.ts(84,1): error TS2349: This expression is not callable.
  Type 'void' has no call signatures.
bench/index.ts(89,1): error TS2349: This expression is not callable.
  Type 'void' has no call signatures.
bench/index.ts(94,1): error TS2349: This expression is not callable.
  Type 'void' has no call signatures.
bench/index.ts(99,1): error TS2349: This expression is not callable.
  Type 'void' has no call signatures.
examples/micromatch.braces.ts(3,9): error TS2451: Cannot redeclare block-scoped variable 'braces'.
examples/option-expandRange.ts(6,15): error TS7006: Parameter 'a' implicitly has an 'any' type.
examples/option-expandRange.ts(6,18): error TS7006: Parameter 'b' implicitly has an 'any' type.
examples/option-ignore.ts(5,7): error TS2451: Cannot redeclare block-scoped variable 'isMatch'.
examples/option-onIgnore.ts(5,26): error TS7031: Binding element 'glob' implicitly has an 'any' type.
examples/option-onIgnore.ts(5,32): error TS7031: Binding element 'regex' implicitly has an 'any' type.
examples/option-onIgnore.ts(5,39): error TS7031: Binding element 'input' implicitly has an 'any' type.
examples/option-onIgnore.ts(5,46): error TS7031: Binding element 'output' implicitly has an 'any' type.
examples/option-onIgnore.ts(10,7): error TS2451: Cannot redeclare block-scoped variable 'isMatch'.
examples/option-onMatch.ts(5,25): error TS7031: Binding element 'glob' implicitly has an 'any' type.
examples/option-onMatch.ts(5,31): error TS7031: Binding element 'regex' implicitly has an 'any' type.
examples/option-onMatch.ts(5,38): error TS7031: Binding element 'input' implicitly has an 'any' type.
examples/option-onMatch.ts(5,45): error TS7031: Binding element 'output' implicitly has an 'any' type.
examples/option-onMatch.ts(12,7): error TS2451: Cannot redeclare block-scoped variable 'isMatch'.
examples/option-onResult.ts(5,24): error TS2322: Type '({ glob, regex, input, output }: { glob: any; regex: any; input: any; output: any; }) => void' is not assignable to type 'void'.
examples/option-onResult.ts(5,27): error TS7031: Binding element 'glob' implicitly has an 'any' type.
examples/option-onResult.ts(5,33): error TS7031: Binding element 'regex' implicitly has an 'any' type.
examples/option-onResult.ts(5,40): error TS7031: Binding element 'input' implicitly has an 'any' type.
examples/option-onResult.ts(5,47): error TS7031: Binding element 'output' implicitly has an 'any' type.
examples/option-onResult.ts(9,7): error TS2451: Cannot redeclare block-scoped variable 'isMatch'.
index.ts(4,7): error TS2451: Cannot redeclare block-scoped variable 'braces'.
index.ts(45,36): error TS2339: Property 'state' does not exist on type 'boolean'.
index.ts(45,61): error TS2339: Property 'state' does not exist on type 'boolean'.
index.ts(49,30): error TS2349: This expression is not callable.
  Type 'Boolean' has no call signatures.
index.ts(51,47): error TS2339: Property 'isMatch' does not exist on type 'boolean'.
index.ts(51,65): error TS2339: Property 'isMatch' does not exist on type 'boolean'.
index.ts(55,26): error TS2339: Property 'output' does not exist on type 'boolean'.
index.ts(57,29): error TS2339: Property 'output' does not exist on type 'boolean'.
index.ts(58,26): error TS2339: Property 'output' does not exist on type 'boolean'.
index.ts(63,57): error TS2802: Type 'Set<any>' can only be iterated through when using the '--downlevelIteration' flag or with a '--target' of 'es2015' or higher.
index.ts(63,70): error TS2802: Type 'Set<any>' can only be iterated through when using the '--downlevelIteration' flag or with a '--target' of 'es2015' or higher.
index.ts(148,19): error TS7006: Parameter 'list' implicitly has an 'any' type.
index.ts(148,25): error TS7006: Parameter 'patterns' implicitly has an 'any' type.
index.ts(154,17): error TS2339: Property 'onResult' does not exist on type '{}'.
index.ts(154,35): error TS2339: Property 'onResult' does not exist on type '{}'.
index.ts(165,14): error TS2802: Type 'Set<any>' can only be iterated through when using the '--downlevelIteration' flag or with a '--target' of 'es2015' or higher.
index.ts(236,25): error TS7053: Element implicitly has an 'any' type because expression of type 'any' can't be used to index type '{}'.
index.ts(264,35): error TS2349: This expression is not callable.
  Type 'Boolean' has no call signatures.
index.ts(300,37): error TS2349: This expression is not callable.
  Type 'Boolean' has no call signatures.
index.ts(387,22): error TS7019: Rest parameter 'args' implicitly has an 'any[]' type.
index.ts(403,20): error TS7019: Rest parameter 'args' implicitly has an 'any[]' type.

