lib/extract_description.ts(4,10): error TS2300: Duplicate identifier 'extractDescription'.
lib/extract_description.ts(6,5): error TS2322: Type 'undefined' is not assignable to type 'string'.
lib/extract_description.ts(9,5): error TS2322: Type 'undefined' is not assignable to type 'string'.
lib/extract_description.ts(14,7): error TS2322: Type 'number' is not assignable to type 'string'.
lib/extract_description.ts(16,5): error TS2356: An arithmetic operand must be of type 'any', 'number', 'bigint' or an enum type.
lib/fixer.ts(7,5): error TS2300: Duplicate identifier 'extractDescription'.
lib/fixer.ts(11,24): error TS2322: Type '(str: string) => boolean' is not assignable to type 'boolean'.
lib/fixer.ts(48,9): error TS2683: 'this' implicitly has type 'any' because it does not have a type annotation.
lib/fixer.ts(64,9): error TS2683: 'this' implicitly has type 'any' because it does not have a type annotation.
lib/fixer.ts(67,9): error TS2683: 'this' implicitly has type 'any' because it does not have a type annotation.
lib/fixer.ts(80,11): error TS2683: 'this' implicitly has type 'any' because it does not have a type annotation.
lib/fixer.ts(97,9): error TS7053: Element implicitly has an 'any' type because expression of type 'any' can't be used to index type '{}'.
lib/fixer.ts(99,9): error TS7053: Element implicitly has an 'any' type because expression of type 'any' can't be used to index type '{}'.
lib/fixer.ts(115,13): error TS2304: Cannot find name 'IBoard'.
lib/fixer.ts(126,11): error TS2683: 'this' implicitly has type 'any' because it does not have a type annotation.
lib/fixer.ts(133,13): error TS2683: 'this' implicitly has type 'any' because it does not have a type annotation.
lib/fixer.ts(152,9): error TS2683: 'this' implicitly has type 'any' because it does not have a type annotation.
lib/fixer.ts(159,11): error TS2683: 'this' implicitly has type 'any' because it does not have a type annotation.
lib/fixer.ts(166,10): error TS2683: 'this' implicitly has type 'any' because it does not have a type annotation.
lib/fixer.ts(187,11): error TS2683: 'this' implicitly has type 'any' because it does not have a type annotation.
lib/fixer.ts(270,13): error TS2349: This expression is not callable.
  Type 'Boolean' has no call signatures.
lib/fixer.ts(291,54): error TS2349: This expression is not callable.
  Type 'Boolean' has no call signatures.
lib/fixer.ts(430,37): error TS7006: Parameter 'type' implicitly has an 'any' type.
lib/fixer.ts(435,17): error TS2339: Property 'trim' does not exist on type 'never'.
lib/normalize.ts(46,19): error TS7006: Parameter 'string' implicitly has an 'any' type.
../../../../node_modules/@types/get-intrinsic/internal/intrinsics.d.ts(11,25): error TS2304: Cannot find name 'AggregateErrorConstructor'.
../../../../node_modules/@types/get-intrinsic/internal/intrinsics.d.ts(126,42): error TS2304: Cannot find name 'AggregateError'.
../../../../node_modules/@types/get-intrinsic/internal/intrinsics.d.ts(127,47): error TS2304: Cannot find name 'AggregateError'.
../../../../node_modules/@types/get-intrinsic/internal/intrinsics.d.ts(128,50): error TS2304: Cannot find name 'AggregateError'.
../../../../node_modules/@types/get-intrinsic/internal/intrinsics.d.ts(418,37): error TS2550: Property 'any' does not exist on type 'PromiseConstructor'. Do you need to change your target library? Try changing the 'lib' compiler option to 'es2021' or later.
../../../../node_modules/@types/get-intrinsic/internal/intrinsics.d.ts(514,62): error TS2550: Property 'replaceAll' does not exist on type 'String'. Do you need to change your target library? Try changing the 'lib' compiler option to 'es2021' or later.

