lib/portfinder.ts(24,11): error TS2339: Property 'testPort' does not exist on type '{}'.
lib/portfinder.ts(61,15): error TS2339: Property 'testPort' does not exist on type '{}'.
lib/portfinder.ts(150,30): error TS7034: Variable 'currentHost' implicitly has type 'any' in some locations where its type cannot be determined.
lib/portfinder.ts(154,22): error TS2339: Property 'testPort' does not exist on type '{}'.
lib/portfinder.ts(173,30): error TS7005: Variable 'currentHost' implicitly has an 'any' type.
lib/portfinder.ts(182,56): error TS7005: Variable 'currentHost' implicitly has an 'any' type.
lib/portfinder.ts(229,22): error TS2345: Argument of type '(resolve: void, reject: void) => void' is not assignable to parameter of type '(resolve: (value: unknown) => void, reject: (reason?: any) => void) => void'.
  Types of parameters 'resolve' and 'resolve' are incompatible.
    Type '(value: unknown) => void' is not assignable to type 'void'.
lib/portfinder.ts(232,16): error TS2349: This expression is not callable.
  Type 'void' has no call signatures.
lib/portfinder.ts(234,7): error TS2349: This expression is not callable.
  Type 'void' has no call signatures.
lib/portfinder.ts(282,45): error TS2345: Argument of type 'number' is not assignable to parameter of type 'string'.
lib/portfinder.ts(478,9): error TS2571: Object is of type 'unknown'.
lib/portfinder.ts(490,27): error TS7053: Element implicitly has an 'any' type because expression of type 'string' can't be used to index type '{}'.
  No index signature with a parameter of type 'string' was found on type '{}'.
lib/portfinder.ts(498,16): error TS2345: Argument of type 'null' is not assignable to parameter of type 'string'.
../../../../node_modules/@types/get-intrinsic/internal/intrinsics.d.ts(11,25): error TS2304: Cannot find name 'AggregateErrorConstructor'.
../../../../node_modules/@types/get-intrinsic/internal/intrinsics.d.ts(126,42): error TS2304: Cannot find name 'AggregateError'.
../../../../node_modules/@types/get-intrinsic/internal/intrinsics.d.ts(127,47): error TS2304: Cannot find name 'AggregateError'.
../../../../node_modules/@types/get-intrinsic/internal/intrinsics.d.ts(128,50): error TS2304: Cannot find name 'AggregateError'.
../../../../node_modules/@types/get-intrinsic/internal/intrinsics.d.ts(418,37): error TS2550: Property 'any' does not exist on type 'PromiseConstructor'. Do you need to change your target library? Try changing the 'lib' compiler option to 'es2021' or later.
../../../../node_modules/@types/get-intrinsic/internal/intrinsics.d.ts(514,62): error TS2550: Property 'replaceAll' does not exist on type 'String'. Do you need to change your target library? Try changing the 'lib' compiler option to 'es2021' or later.

