bin.ts(5,7): error TS2451: Cannot redeclare block-scoped variable 'path'.
bin.ts(7,25): error TS2322: Type '(arg: any) => boolean' is not assignable to type 'boolean'.
bin.ts(8,32): error TS2322: Type '(arg: any) => boolean' is not assignable to type 'boolean'.
bin.ts(9,50): error TS2349: This expression is not callable.
  Type 'Boolean' has no call signatures.
bin.ts(38,42): error TS2349: This expression is not callable.
  Type 'Boolean' has no call signatures.
bin.ts(40,7): error TS2322: Type '(n: number) => void' is not assignable to type 'number'.
bin.ts(47,5): error TS2349: This expression is not callable.
  Type 'Number' has no call signatures.
bin.ts(68,3): error TS2349: This expression is not callable.
  Type 'Number' has no call signatures.
rimraf.ts(2,7): error TS2451: Cannot redeclare block-scoped variable 'path'.
rimraf.ts(66,9): error TS2322: Type '(er: any) => void' is not assignable to type 'boolean'.
rimraf.ts(72,9): error TS2322: Type '(er: any, results: any) => any' is not assignable to type 'boolean'.
rimraf.ts(81,13): error TS2322: Type '(er: any) => NodeJS.Timeout | undefined' is not assignable to type 'boolean'.
rimraf.ts(87,37): error TS2349: This expression is not callable.
  Type 'void' has no call signatures.
rimraf.ts(92,37): error TS2349: This expression is not callable.
  Type 'void' has no call signatures.
rimraf.ts(100,9): error TS2349: This expression is not callable.
  Type 'Boolean' has no call signatures.
rimraf.ts(102,7): error TS2349: This expression is not callable.
  Type 'void' has no call signatures.
rimraf.ts(107,12): error TS2349: This expression is not callable.
  Type 'Boolean' has no call signatures.
rimraf.ts(111,14): error TS2349: This expression is not callable.
  Type 'Boolean' has no call signatures.
rimraf.ts(129,23): error TS2322: Type '(p: string, options: any, cb: any) => void' is not assignable to type 'void'.
rimraf.ts(142,7): error TS2349: This expression is not callable.
  Type 'void' has no call signatures.
rimraf.ts(145,14): error TS2349: This expression is not callable.
  Type 'void' has no call signatures.
rimraf.ts(153,15): error TS2349: This expression is not callable.
  Type 'void' has no call signatures.
rimraf.ts(154,15): error TS2349: This expression is not callable.
  Type 'void' has no call signatures.
rimraf.ts(156,18): error TS2349: This expression is not callable.
  Type 'void' has no call signatures.
rimraf.ts(163,27): error TS2322: Type '(p: any, options: any, er: any, cb: any) => void' is not assignable to type 'void'.
rimraf.ts(176,11): error TS2349: This expression is not callable.
  Type 'void' has no call signatures.
rimraf.ts(183,31): error TS2322: Type '(p: any, options: any, er: any) => void' is not assignable to type 'void'.
rimraf.ts(190,9): error TS2571: Object is of type 'unknown'.
rimraf.ts(200,9): error TS2571: Object is of type 'unknown'.
rimraf.ts(207,5): error TS2349: This expression is not callable.
  Type 'void' has no call signatures.
rimraf.ts(212,21): error TS2322: Type '(p: string, options: any, originalEr: any, cb: any) => void' is not assignable to type 'void'.
rimraf.ts(222,7): error TS2349: This expression is not callable.
  Type 'void' has no call signatures.
rimraf.ts(230,22): error TS2322: Type '(p: any, options: any, cb: any) => void' is not assignable to type 'void'.
rimraf.ts(258,7): error TS2322: Type '(p: any, options: any) => any' is not assignable to type 'void'.
rimraf.ts(290,11): error TS2571: Object is of type 'unknown'.
rimraf.ts(294,11): error TS2571: Object is of type 'unknown'.
rimraf.ts(295,9): error TS2349: This expression is not callable.
  Type 'void' has no call signatures.
rimraf.ts(301,9): error TS2349: This expression is not callable.
  Type 'void' has no call signatures.
rimraf.ts(305,11): error TS2571: Object is of type 'unknown'.
rimraf.ts(307,11): error TS2571: Object is of type 'unknown'.
rimraf.ts(308,28): error TS2349: This expression is not callable.
  Type 'void' has no call signatures.
rimraf.ts(308,62): error TS2349: This expression is not callable.
  Type 'void' has no call signatures.
rimraf.ts(309,11): error TS2571: Object is of type 'unknown'.
rimraf.ts(312,7): error TS2349: This expression is not callable.
  Type 'void' has no call signatures.
rimraf.ts(317,25): error TS2322: Type '(p: string, options: any, originalEr: boolean) => void' is not assignable to type 'void'.
rimraf.ts(324,9): error TS2571: Object is of type 'unknown'.
rimraf.ts(326,9): error TS2571: Object is of type 'unknown'.
rimraf.ts(328,9): error TS2571: Object is of type 'unknown'.
rimraf.ts(328,36): error TS2571: Object is of type 'unknown'.
rimraf.ts(328,60): error TS2571: Object is of type 'unknown'.
rimraf.ts(329,7): error TS2349: This expression is not callable.
  Type 'void' has no call signatures.
rimraf.ts(333,7): error TS2322: Type '(p: string, options: any) => any' is not assignable to type 'void'.
rimraf.ts(336,46): error TS2349: This expression is not callable.
  Type 'void' has no call signatures.

