docs/scripts/linenumber.ts(3,11): error TS2740: Type 'HTMLCollectionOf<Element>' is missing the following properties from type 'string[]': pop, push, concat, join, and 28 more.
docs/scripts/linenumber.ts(13,27): error TS2339: Property 'getElementsByTagName' does not exist on type 'string'.
docs/scripts/linenumber.ts(18,13): error TS2322: Type 'string' is not assignable to type 'number'.
docs/scripts/linenumber.ts(19,22): error TS2339: Property 'id' does not exist on type 'string'.
docs/scripts/linenumber.ts(21,26): error TS2339: Property 'className' does not exist on type 'string'.
docs/scripts/prettify/lang-css.ts(1,1): error TS2304: Cannot find name 'PR'.
docs/scripts/prettify/lang-css.ts(1,24): error TS2304: Cannot find name 'PR'.
docs/scripts/prettify/lang-css.ts(2,184): error TS2304: Cannot find name 'PR'.
docs/scripts/prettify/lang-css.ts(2,207): error TS2304: Cannot find name 'PR'.
docs/scripts/prettify/lang-css.ts(2,309): error TS2304: Cannot find name 'PR'.
docs/scripts/prettify/lang-css.ts(2,332): error TS2304: Cannot find name 'PR'.
docs/scripts/prettify/prettify.ts(1,24): error TS2339: Property 'PR_SHOULD_USE_CONTINUATION' does not exist on type 'Window & typeof globalThis'.
docs/scripts/prettify/prettify.ts(2,558): error TS2403: Subsequent variable declarations must have the same type.  Variable 'a' must be of type 'any', but here has type 'any[]'.
docs/scripts/prettify/prettify.ts(5,244): error TS2322: Type 'number' is not assignable to type 'string'.
docs/scripts/prettify/prettify.ts(5,292): error TS2362: The left-hand side of an arithmetic operation must be of type 'any', 'number', 'bigint' or an enum type.
docs/scripts/prettify/prettify.ts(5,298): error TS2362: The left-hand side of an arithmetic operation must be of type 'any', 'number', 'bigint' or an enum type.
docs/scripts/prettify/prettify.ts(7,264): error TS2322: Type '{ a: string; c: any[]; }' is not assignable to type 'void'.
docs/scripts/prettify/prettify.ts(9,209): error TS2322: Type '(a: any) => any' is not assignable to type 'void'.
docs/scripts/prettify/prettify.ts(12,490): error TS2339: Property 'test' does not exist on type 'string'.
docs/scripts/prettify/prettify.ts(14,133): error TS2322: Type 'RegExp' is not assignable to type 'string'.
docs/scripts/prettify/prettify.ts(15,550): error TS2355: A function whose declared type is neither 'void' nor 'any' must return a value.
docs/scripts/prettify/prettify.ts(16,53): error TS2349: This expression is not callable.
  Type 'void' has no call signatures.
docs/scripts/prettify/prettify.ts(16,111): error TS2403: Subsequent variable declarations must have the same type.  Variable 'm' must be of type 'any', but here has type 'RegExp'.
docs/scripts/prettify/prettify.ts(16,136): error TS2403: Subsequent variable declarations must have the same type.  Variable 'e' must be of type 'any', but here has type 'number'.
docs/scripts/prettify/prettify.ts(16,157): error TS2403: Subsequent variable declarations must have the same type.  Variable 'h' must be of type 'any', but here has type 'number'.
docs/scripts/prettify/prettify.ts(16,178): error TS2403: Subsequent variable declarations must have the same type.  Variable 'a' must be of type 'any', but here has type 'number'.
docs/scripts/prettify/prettify.ts(16,420): error TS2403: Subsequent variable declarations must have the same type.  Variable 'b' must be of type 'any', but here has type 'number'.
docs/scripts/prettify/prettify.ts(19,272): error TS2403: Subsequent variable declarations must have the same type.  Variable 'w' must be of type '(string | (string | string[])[])[]', but here has type '(string | (string | (string | string[])[])[])[]'.
docs/scripts/prettify/prettify.ts(20,176): error TS2403: Subsequent variable declarations must have the same type.  Variable 'v' must be of type 'string[]', but here has type '(string | string[])[]'.
docs/scripts/prettify/prettify.ts(25,155): error TS2339: Property 'prettyPrintOne' does not exist on type 'Window & typeof globalThis'.
docs/scripts/prettify/prettify.ts(25,205): error TS2741: Property 'align' is missing in type 'HTMLElement' but required in type 'HTMLDivElement'.
docs/scripts/prettify/prettify.ts(25,321): error TS2339: Property 'prettyPrint' does not exist on type 'Window & typeof globalThis'.
docs/scripts/prettify/prettify.ts(25,386): error TS2339: Property 'PR_SHOULD_USE_CONTINUATION' does not exist on type 'Window & typeof globalThis'.
docs/scripts/prettify/prettify.ts(25,484): error TS2339: Property 'className' does not exist on type 'number'.
docs/scripts/prettify/prettify.ts(26,224): error TS2339: Property 'parentNode' does not exist on type 'number'.
docs/scripts/prettify/prettify.ts(26,390): error TS2339: Property 'className' does not exist on type 'number'.
docs/scripts/prettify/prettify.ts(27,215): error TS2403: Subsequent variable declarations must have the same type.  Variable 'e' must be of type 'HTMLCollectionOf<Element>[]', but here has type 'any'.
docs/scripts/prettify/prettify.ts(27,239): error TS2739: Type '{ now: () => number; }' is missing the following properties from type 'DateConstructor': prototype, parse, UTC
docs/scripts/prettify/prettify.ts(27,341): error TS2339: Property 'PR' does not exist on type 'Window & typeof globalThis'.
lib/tmp.ts(15,7): error TS2451: Cannot redeclare block-scoped variable 'crypto'.
lib/tmp.ts(24,3): error TS2322: Type 'string' is not assignable to type 'RegExp'.
lib/tmp.ts(102,17): error TS2554: Expected 2 arguments, but got 1.
lib/tmp.ts(113,7): error TS2322: Type 'string' is not assignable to type 'void'.
lib/tmp.ts(166,17): error TS2554: Expected 2 arguments, but got 1.
lib/tmp.ts(170,9): error TS2322: Type 'void' is not assignable to type 'string'.
lib/tmp.ts(221,19): error TS2554: Expected 2 arguments, but got 1.
lib/tmp.ts(224,9): error TS2322: Type 'void' is not assignable to type 'string'.
lib/tmp.ts(297,35): error TS2554: Expected 4 arguments, but got 3.
lib/tmp.ts(320,35): error TS2554: Expected 4 arguments, but got 3.
lib/tmp.ts(344,19): error TS2322: Type '(next: any) => boolean' is not assignable to type 'boolean'.
lib/tmp.ts(399,18): error TS2339: Property 'randomBytes' does not exist on type 'Crypto'.
lib/tmp.ts(401,18): error TS2339: Property 'pseudoRandomBytes' does not exist on type 'Crypto'.
lib/tmp.ts(405,51): error TS2339: Property 'length' does not exist on type 'RegExp'.
lib/tmp.ts(598,3): error TS2322: Type 'boolean' is not assignable to type 'string'.
lib/tmp.ts(598,34): error TS2345: Argument of type 'number' is not assignable to parameter of type 'string'.
lib/tmp.ts(607,3): error TS2322: Type 'boolean' is not assignable to type 'string'.
lib/tmp.ts(607,34): error TS2345: Argument of type 'number' is not assignable to parameter of type 'string'.
lib/tmp.ts(629,27): error TS2339: Property 'code' does not exist on type 'Error'.
lib/tmp.ts(629,49): error TS2339: Property 'code' does not exist on type 'Error'.
lib/tmp.ts(629,72): error TS2339: Property 'errno' does not exist on type 'Error'.
lib/tmp.ts(752,12): error TS2554: Expected 1 arguments, but got 0.
../../../../../tools/node_modules/typescript/lib/lib.dom.d.ts(18084,13): error TS2451: Cannot redeclare block-scoped variable 'crypto'.

