index.ts(271,22): error TS2554: Expected 2 arguments, but got 1.
index.ts(278,19): error TS2554: Expected 2 arguments, but got 1.
index.ts(279,38): error TS2554: Expected 2 arguments, but got 1.
index.ts(282,27): error TS2554: Expected 2 arguments, but got 1.
index.ts(310,12): error TS2554: Expected 3 arguments, but got 2.
index.ts(312,23): error TS2339: Property 'low' does not exist on type 'never'.
index.ts(312,32): error TS2339: Property 'high' does not exist on type 'never'.
index.ts(312,85): error TS2339: Property 'unsigned' does not exist on type 'never'.
index.ts(367,18): error TS2554: Expected 2 arguments, but got 1.
index.ts(373,12): error TS2554: Expected 2 arguments, but got 1.
index.ts(397,11): error TS2554: Expected 2 arguments, but got 1.
index.ts(421,15): error TS2554: Expected 2 arguments, but got 1.
index.ts(509,23): error TS2554: Expected 2 arguments, but got 1.
index.ts(645,47): error TS2709: Cannot use namespace 'Long' as a type.
index.ts(647,13): error TS2554: Expected 2 arguments, but got 1.
index.ts(782,49): error TS2709: Cannot use namespace 'Long' as a type.
index.ts(784,13): error TS2554: Expected 2 arguments, but got 1.
index.ts(835,14): error TS2554: Expected 2 arguments, but got 1.
index.ts(844,20): error TS2339: Property 'high' does not exist on type 'number'.
index.ts(845,20): error TS2339: Property 'high' does not exist on type 'number'.
index.ts(846,20): error TS2339: Property 'low' does not exist on type 'number'.
index.ts(847,20): error TS2339: Property 'low' does not exist on type 'number'.
index.ts(870,56): error TS2552: Cannot find name 'BigNumber'. Did you mean 'Number'?
index.ts(872,18): error TS2554: Expected 2 arguments, but got 1.
index.ts(890,56): error TS2552: Cannot find name 'BigNumber'. Did you mean 'Number'?
index.ts(894,18): error TS2554: Expected 2 arguments, but got 1.
index.ts(978,15): error TS2554: Expected 2 arguments, but got 1.
index.ts(979,15): error TS2339: Property 'isZero' does not exist on type 'number'.
index.ts(989,15): error TS2339: Property 'low' does not exist on type 'number'.
index.ts(989,37): error TS2339: Property 'high' does not exist on type 'number'.
index.ts(996,15): error TS2339: Property 'low' does not exist on type 'number'.
index.ts(997,15): error TS2339: Property 'high' does not exist on type 'number'.
index.ts(1009,19): error TS2339: Property 'eq' does not exist on type 'number'.
index.ts(1009,38): error TS2339: Property 'eq' does not exist on type 'number'.
index.ts(1011,24): error TS2339: Property 'eq' does not exist on type 'number'.
index.ts(1018,26): error TS2339: Property 'isNegative' does not exist on type 'number'.
index.ts(1020,34): error TS2339: Property 'mul' does not exist on type 'number'.
index.ts(1025,24): error TS2339: Property 'eq' does not exist on type 'number'.
index.ts(1028,19): error TS2339: Property 'isNegative' does not exist on type 'number'.
index.ts(1029,39): error TS2339: Property 'neg' does not exist on type 'number'.
index.ts(1031,24): error TS2339: Property 'isNegative' does not exist on type 'number'.
index.ts(1032,31): error TS2339: Property 'neg' does not exist on type 'number'.
index.ts(1037,18): error TS2339: Property 'unsigned' does not exist on type 'number'.
index.ts(1038,25): error TS2339: Property 'toUnsigned' does not exist on type 'number'.
index.ts(1039,17): error TS2339: Property 'gt' does not exist on type 'number'.
index.ts(1041,17): error TS2339: Property 'gt' does not exist on type 'number'.
index.ts(1055,62): error TS2339: Property 'toNumber' does not exist on type 'number'.
index.ts(1064,19): error TS2554: Expected 2 arguments, but got 1.
index.ts(1097,49): error TS2709: Cannot use namespace 'Long' as a type.
index.ts(1099,15): error TS2554: Expected 2 arguments, but got 1.
index.ts(1180,41): error TS2709: Cannot use namespace 'Long' as a type.
index.ts(1182,13): error TS2554: Expected 2 arguments, but got 1.
index.ts(1192,39): error TS2709: Cannot use namespace 'Long' as a type.
index.ts(1194,13): error TS2554: Expected 2 arguments, but got 1.
index.ts(1204,41): error TS2709: Cannot use namespace 'Long' as a type.
index.ts(1206,13): error TS2554: Expected 2 arguments, but got 1.
index.ts(1218,23): error TS2339: Property 'toInt' does not exist on type 'number'.
index.ts(1243,23): error TS2339: Property 'toInt' does not exist on type 'number'.
index.ts(1267,42): error TS2339: Property 'toInt' does not exist on type 'number'.
index.ts(1298,42): error TS2339: Property 'toInt' does not exist on type 'number'.
index.ts(1325,42): error TS2339: Property 'toInt' does not exist on type 'number'.

