estraverse.ts(242,32): error TS2749: 'Reference' refers to a value, but is being used as a type here. Did you mean 'typeof Reference'?
estraverse.ts(261,40): error TS2304: Cannot find name 'Path'.
estraverse.ts(261,66): error TS2749: 'Reference' refers to a value, but is being used as a type here. Did you mean 'typeof Reference'?
estraverse.ts(278,28): error TS2339: Property 'push' does not exist on type 'string'.
estraverse.ts(281,24): error TS2339: Property 'push' does not exist on type 'string'.
estraverse.ts(367,70): error TS2304: Cannot find name 'IVisitor'.
estraverse.ts(394,35): error TS2304: Cannot find name 'NodeType'.
estraverse.ts(398,52): error TS2304: Cannot find name 'CandidateList'.
estraverse.ts(398,78): error TS2304: Cannot find name 'Candidate'.
estraverse.ts(407,61): error TS2304: Cannot find name 'ITreeNode'.
estraverse.ts(407,81): error TS2304: Cannot find name 'ITreeNodeVisitor'.
estraverse.ts(493,93): error TS2345: Argument of type 'string' is not assignable to parameter of type 'boolean'.
estraverse.ts(513,74): error TS2304: Cannot find name 'ReplaceVisitor'.
estraverse.ts(534,25): error TS2339: Property 'ref' does not exist on type 'HTMLElement'.
estraverse.ts(536,31): error TS2339: Property 'ref' does not exist on type 'HTMLElement'.
estraverse.ts(537,34): error TS2339: Property 'ref' does not exist on type 'HTMLElement'.
estraverse.ts(651,89): error TS2345: Argument of type 'string' is not assignable to parameter of type 'boolean'.
estraverse.ts(668,29): error TS2304: Cannot find name 'AST'.
estraverse.ts(668,43): error TS2304: Cannot find name 'ASTVisitor'.
estraverse.ts(673,28): error TS2503: Cannot find namespace 'AST'.
estraverse.ts(673,47): error TS2503: Cannot find namespace 'AST'.
estraverse.ts(673,59): error TS2503: Cannot find namespace 'AST'.
estraverse.ts(678,42): error TS2304: Cannot find name 'CommentRange'.
estraverse.ts(678,64): error TS2304: Cannot find name 'CommentRange'.
estraverse.ts(682,26): error TS2339: Property 'range' does not exist on type 'string'.
estraverse.ts(699,35): error TS2304: Cannot find name 'Tree'.
estraverse.ts(699,78): error TS2304: Cannot find name 'Token'.
estraverse.ts(732,57): error TS2339: Property 'range' does not exist on type 'Node'.
estraverse.ts(736,59): error TS2339: Property 'range' does not exist on type 'Node'.
estraverse.ts(737,35): error TS2339: Property 'leadingComments' does not exist on type 'Node'.
estraverse.ts(738,34): error TS2339: Property 'leadingComments' does not exist on type 'Node'.
estraverse.ts(740,30): error TS2339: Property 'leadingComments' does not exist on type 'Node'.
estraverse.ts(752,62): error TS2339: Property 'range' does not exist on type 'Node'.
estraverse.ts(765,30): error TS2339: Property 'range' does not exist on type 'Node'.
estraverse.ts(769,30): error TS2339: Property 'range' does not exist on type 'Node'.
estraverse.ts(770,35): error TS2339: Property 'trailingComments' does not exist on type 'Node'.
estraverse.ts(771,34): error TS2339: Property 'trailingComments' does not exist on type 'Node'.
estraverse.ts(773,30): error TS2339: Property 'trailingComments' does not exist on type 'Node'.
estraverse.ts(785,62): error TS2339: Property 'range' does not exist on type 'Node'.
gulpfile.ts(27,18): error TS2307: Cannot find module 'gulp' or its corresponding type declarations.
gulpfile.ts(28,17): error TS2307: Cannot find module 'gulp-git' or its corresponding type declarations.
gulpfile.ts(29,18): error TS2307: Cannot find module 'gulp-bump' or its corresponding type declarations.
gulpfile.ts(30,20): error TS2307: Cannot find module 'gulp-filter' or its corresponding type declarations.
gulpfile.ts(31,24): error TS2307: Cannot find module 'gulp-tag-version' or its corresponding type declarations.
gulpfile.ts(68,50): error TS2345: Argument of type 'string' is not assignable to parameter of type 'number'.
gulpfile.ts(69,50): error TS2345: Argument of type 'string' is not assignable to parameter of type 'number'.
gulpfile.ts(70,50): error TS2345: Argument of type 'string' is not assignable to parameter of type 'number'.

