lib/ast.ts(30,22): error TS2339: Property 'type' does not exist on type 'Node'.
lib/ast.ts(54,22): error TS2339: Property 'type' does not exist on type 'Node'.
lib/ast.ts(66,22): error TS2339: Property 'type' does not exist on type 'Node'.
lib/ast.ts(91,56): error TS2339: Property 'type' does not exist on type 'Node'.
lib/ast.ts(95,22): error TS2339: Property 'type' does not exist on type 'Node'.
lib/ast.ts(97,22): error TS2339: Property 'alternate' does not exist on type 'Node'.
lib/ast.ts(98,29): error TS2339: Property 'alternate' does not exist on type 'Node'.
lib/ast.ts(100,25): error TS2339: Property 'consequent' does not exist on type 'Node'.
lib/ast.ts(107,25): error TS2339: Property 'body' does not exist on type 'Node'.
lib/ast.ts(112,45): error TS2304: Cannot find name 'IfStatement'.
lib/ast.ts(134,5): error TS1258: A default export must be at the top level of a file or module declaration.
lib/code.ts(47,16): error TS2365: Operator '<=' cannot be applied to types 'number' and 'string'.
lib/code.ts(47,30): error TS2365: Operator '<=' cannot be applied to types 'string' and 'number'.
lib/code.ts(51,16): error TS2365: Operator '<=' cannot be applied to types 'number' and 'string'.
lib/code.ts(51,30): error TS2365: Operator '<=' cannot be applied to types 'string' and 'number'.
lib/code.ts(52,13): error TS2365: Operator '<=' cannot be applied to types 'number' and 'string'.
lib/code.ts(52,27): error TS2365: Operator '<=' cannot be applied to types 'string' and 'number'.
lib/code.ts(53,13): error TS2365: Operator '<=' cannot be applied to types 'number' and 'string'.
lib/code.ts(53,27): error TS2365: Operator '<=' cannot be applied to types 'string' and 'number'.
lib/code.ts(57,16): error TS2365: Operator '>=' cannot be applied to types 'string' and 'number'.
lib/code.ts(57,30): error TS2365: Operator '<=' cannot be applied to types 'string' and 'number'.
lib/code.ts(71,16): error TS2367: This comparison appears to be unintentional because the types 'string' and 'number' have no overlap.
lib/code.ts(71,31): error TS2367: This comparison appears to be unintentional because the types 'string' and 'number' have no overlap.
lib/code.ts(71,46): error TS2367: This comparison appears to be unintentional because the types 'string' and 'number' have no overlap.
lib/code.ts(71,61): error TS2367: This comparison appears to be unintentional because the types 'string' and 'number' have no overlap.
lib/code.ts(71,76): error TS2367: This comparison appears to be unintentional because the types 'string' and 'number' have no overlap.
lib/code.ts(72,13): error TS2365: Operator '>=' cannot be applied to types 'string' and 'number'.
lib/code.ts(78,16): error TS2367: This comparison appears to be unintentional because the types 'string' and 'number' have no overlap.
lib/code.ts(78,31): error TS2367: This comparison appears to be unintentional because the types 'string' and 'number' have no overlap.
lib/code.ts(78,46): error TS2367: This comparison appears to be unintentional because the types 'string' and 'number' have no overlap.
lib/code.ts(78,63): error TS2367: This comparison appears to be unintentional because the types 'string' and 'number' have no overlap.
lib/code.ts(108,16): error TS2365: Operator '<' cannot be applied to types 'string' and 'number'.
lib/code.ts(108,103): error TS2345: Argument of type 'string' is not assignable to parameter of type 'number'.
lib/code.ts(112,16): error TS2365: Operator '<' cannot be applied to types 'string' and 'number'.
lib/code.ts(112,101): error TS2345: Argument of type 'string' is not assignable to parameter of type 'number'.
lib/code.ts(116,16): error TS2365: Operator '<' cannot be applied to types 'string' and 'number'.
lib/code.ts(116,103): error TS2345: Argument of type 'string' is not assignable to parameter of type 'number'.
lib/code.ts(120,16): error TS2365: Operator '<' cannot be applied to types 'string' and 'number'.
lib/code.ts(120,101): error TS2345: Argument of type 'string' is not assignable to parameter of type 'number'.
lib/code.ts(123,5): error TS1258: A default export must be at the top level of a file or module declaration.
lib/keyword.ts(32,14): error TS2678: Type 'string' is not comparable to type 'number'.
lib/keyword.ts(33,14): error TS2678: Type 'string' is not comparable to type 'number'.
lib/keyword.ts(34,14): error TS2678: Type 'string' is not comparable to type 'number'.
lib/keyword.ts(35,14): error TS2678: Type 'string' is not comparable to type 'number'.
lib/keyword.ts(36,14): error TS2678: Type 'string' is not comparable to type 'number'.
lib/keyword.ts(37,14): error TS2678: Type 'string' is not comparable to type 'number'.
lib/keyword.ts(38,14): error TS2678: Type 'string' is not comparable to type 'number'.
lib/keyword.ts(39,14): error TS2678: Type 'string' is not comparable to type 'number'.
lib/keyword.ts(48,24): error TS2367: This comparison appears to be unintentional because the types 'number' and 'string' have no overlap.
lib/keyword.ts(51,29): error TS2345: Argument of type 'number' is not assignable to parameter of type 'string'.
lib/keyword.ts(55,51): error TS2345: Argument of type 'string' is not assignable to parameter of type 'number'.
lib/keyword.ts(86,81): error TS2345: Argument of type 'string' is not assignable to parameter of type 'number'.
lib/keyword.ts(146,36): error TS2345: Argument of type 'Node' is not assignable to parameter of type 'string'.
lib/keyword.ts(146,62): error TS2345: Argument of type 'Node' is not assignable to parameter of type 'string'.
lib/keyword.ts(149,34): error TS2304: Cannot find name 'Identifier'.
lib/keyword.ts(153,5): error TS1258: A default export must be at the top level of a file or module declaration.
lib/utils.ts(29,3): error TS1184: Modifiers cannot appear here.
lib/utils.ts(30,3): error TS1184: Modifiers cannot appear here.
lib/utils.ts(31,3): error TS1184: Modifiers cannot appear here.

