lib/filesize.es6.min.ts(5,742): error TS1005: ',' expected.
lib/filesize.es6.min.ts(5,759): error TS1005: ',' expected.
lib/filesize.es6.min.ts(5,777): error TS1005: ',' expected.
lib/filesize.es6.min.ts(5,795): error TS1005: ',' expected.
lib/filesize.es6.min.ts(5,815): error TS1005: ',' expected.
lib/filesize.es6.min.ts(5,842): error TS1005: ',' expected.
lib/filesize.es6.min.ts(5,862): error TS1005: ',' expected.
lib/filesize.es6.min.ts(5,880): error TS1005: ',' expected.
lib/filesize.es6.min.ts(5,898): error TS1005: ',' expected.
lib/filesize.es6.min.ts(5,917): error TS1005: ',' expected.
lib/filesize.es6.min.ts(5,940): error TS1005: ',' expected.
lib/filesize.es6.min.ts(5,959): error TS1005: ',' expected.
lib/filesize.es6.min.ts(5,979): error TS1005: ',' expected.
lib/filesize.es6.min.ts(5,998): error TS1005: ',' expected.
lib/filesize.es6.min.ts(5,1028): error TS1005: ',' expected.
lib/filesize.es6.min.ts(5,1051): error TS1005: ',' expected.
lib/filesize.esm.min.ts(5,467): error TS1005: ',' expected.
lib/filesize.esm.min.ts(5,484): error TS1005: ',' expected.
lib/filesize.esm.min.ts(5,502): error TS1005: ',' expected.
lib/filesize.esm.min.ts(5,520): error TS1005: ',' expected.
lib/filesize.esm.min.ts(5,540): error TS1005: ',' expected.
lib/filesize.esm.min.ts(5,567): error TS1005: ',' expected.
lib/filesize.esm.min.ts(5,569): error TS1180: Property destructuring pattern expected.
lib/filesize.esm.min.ts(5,623): error TS1005: ',' expected.
lib/filesize.esm.min.ts(5,664): error TS1005: ',' expected.
lib/filesize.esm.min.ts(5,681): error TS1005: ',' expected.
lib/filesize.esm.min.ts(5,699): error TS1005: ',' expected.
lib/filesize.esm.min.ts(5,721): error TS1005: ',' expected.
lib/filesize.esm.min.ts(5,723): error TS1003: Identifier expected.
lib/filesize.esm.min.ts(5,725): error TS1138: Parameter declaration expected.
lib/filesize.esm.min.ts(5,739): error TS1005: ',' expected.
lib/filesize.esm.min.ts(5,741): error TS1003: Identifier expected.
lib/filesize.esm.min.ts(5,743): error TS1138: Parameter declaration expected.
lib/filesize.esm.min.ts(5,758): error TS1005: ',' expected.
lib/filesize.esm.min.ts(5,776): error TS1005: ',' expected.
lib/filesize.esm.min.ts(5,806): error TS1005: ',' expected.
lib/filesize.esm.min.ts(5,825): error TS1005: ',' expected.
lib/filesize.esm.min.ts(5,826): error TS1138: Parameter declaration expected.

