lib/ip.ts(43,23): error TS2556: A spread argument must either have a tuple type or be passed to a rest parameter.
lib/ip.ts(71,5): error TS2322: Type 'string' is not assignable to type 'any[]'.
lib/ip.ts(77,5): error TS2322: Type 'string' is not assignable to type 'any[]'.
lib/ip.ts(78,21): error TS2339: Property 'replace' does not exist on type 'any[]'.
lib/ip.ts(79,21): error TS2339: Property 'replace' does not exist on type 'any[]'.
lib/ip.ts(103,26): error TS2339: Property 'toLowerCase' does not exist on type 'number'.
lib/ip.ts(108,5): error TS2322: Type 'string' is not assignable to type 'number'.
lib/ip.ts(114,7): error TS2367: This comparison appears to be unintentional because the types 'number' and 'string' have no overlap.
lib/ip.ts(136,58): error TS2339: Property 'length' does not exist on type 'number'.
lib/ip.ts(140,28): error TS2339: Property 'length' does not exist on type 'number'.
lib/ip.ts(142,19): error TS2362: The left-hand side of an arithmetic operation must be of type 'any', 'number', 'bigint' or an enum type.
lib/ip.ts(144,19): error TS2339: Property 'length' does not exist on type 'number'.
lib/ip.ts(147,26): error TS2339: Property 'length' does not exist on type 'number'.
lib/ip.ts(148,19): error TS2362: The left-hand side of an arithmetic operation must be of type 'any', 'number', 'bigint' or an enum type.
lib/ip.ts(160,24): error TS2362: The left-hand side of an arithmetic operation must be of type 'any', 'number', 'bigint' or an enum type.
lib/ip.ts(253,7): error TS2362: The left-hand side of an arithmetic operation must be of type 'any', 'number', 'bigint' or an enum type.
lib/ip.ts(253,7): error TS2542: Index signature in type 'String' only permits reading.
lib/ip.ts(253,15): error TS2363: The right-hand side of an arithmetic operation must be of type 'any', 'number', 'bigint' or an enum type.
lib/ip.ts(268,5): error TS2362: The left-hand side of an arithmetic operation must be of type 'any', 'number', 'bigint' or an enum type.
lib/ip.ts(268,5): error TS2542: Index signature in type 'String' only permits reading.
lib/ip.ts(268,16): error TS2363: The right-hand side of an arithmetic operation must be of type 'any', 'number', 'bigint' or an enum type.
lib/ip.ts(295,9): error TS2367: This comparison appears to be unintentional because the types 'string' and 'number' have no overlap.
lib/ip.ts(298,18): error TS2339: Property 'readUInt16BE' does not exist on type 'string'.
lib/ip.ts(338,29): error TS2345: Argument of type 'string' is not assignable to parameter of type 'number'.
lib/ip.ts(368,29): error TS2345: Argument of type 'string' is not assignable to parameter of type 'number'.
lib/ip.ts(376,43): error TS2345: Argument of type 'string' is not assignable to parameter of type 'number'.
  Type 'string' is not assignable to type 'number'.
lib/ip.ts(391,41): error TS2345: Argument of type 'string' is not assignable to parameter of type 'number'.
  Type 'string' is not assignable to type 'number'.

