index.ts(25,12): error TS2554: Expected 3 arguments, but got 1.
index.ts(119,7): error TS2339: Property 't' does not exist on type 'Uint8Array'.
index.ts(120,7): error TS2339: Property 's' does not exist on type 'Uint8Array'.
index.ts(182,24): error TS2362: The left-hand side of an arithmetic operation must be of type 'any', 'number', 'bigint' or an enum type.
index.ts(196,20): error TS2362: The left-hand side of an arithmetic operation must be of type 'any', 'number', 'bigint' or an enum type.
index.ts(211,26): error TS2552: Cannot find name 'BigNumber'. Did you mean 'Number'?
index.ts(262,27): error TS2304: Cannot find name 'BigNumberish'.
index.ts(308,28): error TS2552: Cannot find name 'BigNumber'. Did you mean 'Number'?
index.ts(308,42): error TS2552: Cannot find name 'BigNumber'. Did you mean 'Number'?
index.ts(317,28): error TS2552: Cannot find name 'BigNumber'. Did you mean 'Number'?
index.ts(317,42): error TS2552: Cannot find name 'BigNumber'. Did you mean 'Number'?
index.ts(337,7): error TS2339: Property 't' does not exist on type 'number'.
index.ts(338,7): error TS2339: Property 's' does not exist on type 'number'.
index.ts(339,7): error TS2339: Property 'clamp' does not exist on type 'number'.
index.ts(343,27): error TS2304: Cannot find name 'BigNumberish'.
index.ts(343,44): error TS2304: Cannot find name 'BigNumberish'.
index.ts(364,24): error TS2304: Cannot find name 'BigNumberish'.
index.ts(364,41): error TS2304: Cannot find name 'BigNumberish'.
index.ts(399,29): error TS2304: Cannot find name 'BigNumberish'.
index.ts(399,46): error TS2304: Cannot find name 'BigNumberish'.
index.ts(412,27): error TS2304: Cannot find name 'BigNumber'.
index.ts(433,27): error TS2304: Cannot find name 'BigNumber'.
index.ts(433,41): error TS2304: Cannot find name 'BigNumber'.
index.ts(433,55): error TS2304: Cannot find name 'BigNumber'.
index.ts(494,21): error TS2304: Cannot find name 'BigNumber'.
index.ts(506,11): error TS2339: Property 's' does not exist on type 'number'.
index.ts(506,22): error TS2339: Property 'compareTo' does not exist on type 'number'.
index.ts(506,55): error TS2339: Property 'mod' does not exist on type 'number'.
index.ts(512,23): error TS2304: Cannot find name 'BigNumber'.
index.ts(515,22): error TS2304: Cannot find name 'BigNumber'.
index.ts(515,36): error TS2304: Cannot find name 'BigNumber'.
index.ts(515,50): error TS2304: Cannot find name 'BigNumber'.
index.ts(519,22): error TS2304: Cannot find name 'Matrix4'.
index.ts(519,34): error TS2304: Cannot find name 'Matrix4'.
index.ts(558,17): error TS2339: Property 'invDigit' does not exist on type 'number'.
index.ts(561,24): error TS2339: Property 'DB' does not exist on type 'number'.
index.ts(562,22): error TS2339: Property 't' does not exist on type 'number'.
index.ts(568,7): error TS2339: Property 'abs' does not exist on type 'number'.
index.ts(570,11): error TS2339: Property 's' does not exist on type 'number'.
index.ts(575,26): error TS2304: Cannot find name 'BigNumber'.
index.ts(610,25): error TS2304: Cannot find name 'BigNumber'.
index.ts(610,39): error TS2304: Cannot find name 'BigNumber'.
index.ts(616,25): error TS2304: Cannot find name 'BigNumber'.
index.ts(616,39): error TS2304: Cannot find name 'BigNumber'.
index.ts(616,53): error TS2304: Cannot find name 'BigNumber'.
index.ts(633,22): error TS2304: Cannot find name 'BigNumber'.
index.ts(633,36): error TS2304: Cannot find name 'BigNumber'.
index.ts(653,27): error TS2304: Cannot find name 'BigNumber'.
index.ts(653,41): error TS2304: Cannot find name 'BigNumber'.
index.ts(809,9): error TS2339: Property 'nextBytes' does not exist on type 'never'.
index.ts(846,24): error TS2304: Cannot find name 'BigNumberish'.
index.ts(849,21): error TS2304: Cannot find name 'BigNumber'.
index.ts(852,21): error TS2304: Cannot find name 'BigNumber'.
index.ts(857,28): error TS2304: Cannot find name 'BigNumberish'.
index.ts(857,54): error TS2304: Cannot find name 'BigNumberish'.
index.ts(861,36): error TS2349: This expression is not callable.
  Type 'String' has no call signatures.
index.ts(864,43): error TS2349: This expression is not callable.
  Type 'String' has no call signatures.
index.ts(868,40): error TS2349: This expression is not callable.
  Type 'String' has no call signatures.
index.ts(871,11): error TS2349: This expression is not callable.
  Type 'String' has no call signatures.
index.ts(879,21): error TS2304: Cannot find name 'BigNumberish'.
index.ts(889,20): error TS2304: Cannot find name 'BigNumberish'.
index.ts(896,22): error TS2304: Cannot find name 'BigNumber'.
index.ts(896,36): error TS2304: Cannot find name 'BigNumber'.
index.ts(899,21): error TS2304: Cannot find name 'BigNumberish'.
index.ts(909,24): error TS2304: Cannot find name 'BigNumberish'.
index.ts(1020,24): error TS2304: Cannot find name 'BigNumber'.
index.ts(1020,38): error TS2304: Cannot find name 'BigNumber'.
index.ts(1054,21): error TS2304: Cannot find name 'BigNumberish'.
index.ts(1061,26): error TS2304: Cannot find name 'BigNumber'.
index.ts(1068,26): error TS2304: Cannot find name 'BigNumber'.
index.ts(1082,24): error TS2304: Cannot find name 'BigNumber'.
index.ts(1089,27): error TS2304: Cannot find name 'BigNumber'.
index.ts(1096,36): error TS2304: Cannot find name 'BigNumber'.
index.ts(1104,28): error TS2304: Cannot find name 'BigNumber'.
index.ts(1111,29): error TS2304: Cannot find name 'BigNumber'.
index.ts(1111,43): error TS2304: Cannot find name 'BigNumber'.
index.ts(1127,22): error TS2304: Cannot find name 'BigNumber'.
index.ts(1127,36): error TS2304: Cannot find name 'BigNumber'.
index.ts(1127,50): error TS2304: Cannot find name 'BigNumber'.
index.ts(1131,7): error TS2339: Property 'squareTo' does not exist on type 'number'.
index.ts(1140,21): error TS2304: Cannot find name 'BigNumber'.
index.ts(1146,34): error TS2304: Cannot find name 'BigNumberish'.
index.ts(1146,51): error TS2304: Cannot find name 'BigNumberish'.
index.ts(1146,68): error TS2304: Cannot find name 'BigNumberish'.
index.ts(1160,34): error TS2304: Cannot find name 'BigNumber'.
index.ts(1160,48): error TS2304: Cannot find name 'BigNumber'.
index.ts(1160,62): error TS2304: Cannot find name 'BigNumber'.
index.ts(1176,36): error TS2339: Property 't' does not exist on type 'number'.
index.ts(1182,11): error TS2339: Property 's' does not exist on type 'number'.
index.ts(1182,22): error TS2339: Property 't' does not exist on type 'number'.
index.ts(1182,49): error TS2339: Property 'mod' does not exist on type 'number'.
index.ts(1183,16): error TS2339: Property 'compareTo' does not exist on type 'number'.
index.ts(1186,9): error TS2339: Property 'copyTo' does not exist on type 'number'.
index.ts(1197,29): error TS2304: Cannot find name 'Monoid'.
index.ts(1211,28): error TS2304: Cannot find name 'Matrix4'.
index.ts(1211,40): error TS2304: Cannot find name 'Matrix4'.
index.ts(1217,28): error TS2304: Cannot find name 'BigNumber'.
index.ts(1217,42): error TS2304: Cannot find name 'BigNumber'.
index.ts(1217,56): error TS2304: Cannot find name 'BigNumber'.
index.ts(1229,24): error TS2304: Cannot find name 'BigNumber'.
index.ts(1229,38): error TS2304: Cannot find name 'BigNumber'.
index.ts(1316,21): error TS2304: Cannot find name 'BigNumber'.
index.ts(1359,28): error TS2304: Cannot find name 'BigNumber'.
index.ts(1582,33): error TS2304: Cannot find name 'BigNumber'.
index.ts(1732,31): error TS2339: Property 'random' does not exist on type 'Crypto'.
index.ts(1786,40): error TS2339: Property 'length' does not exist on type 'number'.
index.ts(1818,5): error TS1258: A default export must be at the top level of a file or module declaration.

