benchmark/code/new-array-for.ts(7,19): error TS2345: Argument of type 'number' is not assignable to parameter of type 'string'.
benchmark/code/new-array-join.ts(5,34): error TS2345: Argument of type 'number' is not assignable to parameter of type 'string'.
benchmark/code/repeating.ts(3,23): error TS2307: Cannot find module 'repeating' or its corresponding type declarations.
benchmark/code/while-array-3.ts(4,17): error TS2345: Argument of type 'string' is not assignable to parameter of type 'number'.
benchmark/helper.ts(5,20): error TS2307: Cannot find module 'repeat-string' or its corresponding type declarations.
benchmark/helper.ts(6,22): error TS2307: Cannot find module 'isobject' or its corresponding type declarations.
benchmark/helper.ts(7,18): error TS2307: Cannot find module 'text-table' or its corresponding type declarations.
benchmark/helper.ts(39,27): error TS2345: Argument of type 'string[]' is not assignable to parameter of type 'number'.
benchmark/helper.ts(42,27): error TS2304: Cannot find name 'Token'.
benchmark/helper.ts(43,19): error TS2339: Property 'length' does not exist on type 'number'.
benchmark/helper.ts(49,13): error TS2339: Property 'name' does not exist on type '{ num: number; val: string; }'.
benchmark/helper.ts(65,22): error TS2304: Cannot find name 'Token'.
benchmark/helper.ts(66,42): error TS2554: Expected 2 arguments, but got 3.
benchmark/helper.ts(74,7): error TS2339: Property 'name' does not exist on type '{ num: number; val: string; }'.
benchmark/helper.ts(76,3): error TS2322: Type 'string' is not assignable to type 'number'.
benchmark/helper.ts(89,19): error TS2304: Cannot find name 'Token'.
benchmark/index.ts(4,18): error TS2307: Cannot find module 'ansi-cyan' or its corresponding type declarations.
benchmark/index.ts(5,25): error TS2307: Cannot find module 'yargs-parser' or its corresponding type declarations.
benchmark/index.ts(7,19): error TS2307: Cannot find module 'benchmarked' or its corresponding type declarations.
benchmark/index.ts(18,39): error TS2339: Property 'key' does not exist on type 'number'.
benchmark/index.ts(18,52): error TS2339: Property 'key' does not exist on type 'string'.
benchmark/index.ts(19,32): error TS2339: Property 'path' does not exist on type 'string'.
benchmark/index.ts(20,20): error TS2339: Property 'run' does not exist on type 'number'.

