dangerous.ts(8,19): error TS2339: Property 'Buffer' does not exist on type '{}'.
dangerous.ts(19,28): error TS2339: Property 'Buffer' does not exist on type '{}'.
dangerous.ts(34,17): error TS2339: Property 'allocUnsafe' does not exist on type '{}'.
dangerous.ts(35,14): error TS2339: Property 'allocUnsafe' does not exist on type '{}'.
dangerous.ts(42,12): error TS2348: Value of type 'BufferConstructor' is not callable. Did you mean to include 'new'?
dangerous.ts(46,17): error TS2339: Property 'allocUnsafeSlow' does not exist on type '{}'.
dangerous.ts(47,14): error TS2339: Property 'allocUnsafeSlow' does not exist on type '{}'.
dangerous.ts(54,12): error TS2348: Value of type '{ new (size: number): Buffer; prototype: Buffer; }' is not callable. Did you mean to include 'new'?
safer.ts(18,19): error TS2339: Property 'Buffer' does not exist on type '{}'.
safer.ts(25,7): error TS2339: Property 'Buffer' does not exist on type '{}'.
safer.ts(27,12): error TS2339: Property 'from' does not exist on type '{}'.
safer.ts(27,26): error TS2339: Property 'from' does not exist on type '{}'.
safer.ts(28,9): error TS2339: Property 'from' does not exist on type '{}'.
safer.ts(35,12): error TS2348: Value of type 'BufferConstructor' is not callable. Did you mean to include 'new'?
safer.ts(39,12): error TS2339: Property 'alloc' does not exist on type '{}'.
safer.ts(40,9): error TS2339: Property 'alloc' does not exist on type '{}'.
safer.ts(47,15): error TS2348: Value of type 'BufferConstructor' is not callable. Did you mean to include 'new'?
safer.ts(59,12): error TS2339: Property 'kStringMaxLength' does not exist on type '{}'.
safer.ts(61,11): error TS2339: Property 'kStringMaxLength' does not exist on type '{}'.
safer.ts(61,38): error TS2339: Property 'binding' does not exist on type 'Process'.
safer.ts(68,12): error TS2339: Property 'constants' does not exist on type '{}'.
safer.ts(69,9): error TS2339: Property 'constants' does not exist on type '{}'.
safer.ts(70,23): error TS2339: Property 'kMaxLength' does not exist on type '{}'.
safer.ts(72,13): error TS2339: Property 'kStringMaxLength' does not exist on type '{}'.
safer.ts(73,11): error TS2339: Property 'constants' does not exist on type '{}'.
safer.ts(73,47): error TS2339: Property 'kStringMaxLength' does not exist on type '{}'.

