index.ts(9,10): error TS2451: Cannot redeclare block-scoped variable 'name'.
index.ts(11,27): error TS2538: Type 'void' cannot be used as an index type.
index.ts(20,4): error TS2339: Property 'get' does not exist on type 'object'.
index.ts(26,13): error TS2339: Property 'get' does not exist on type 'object'.
index.ts(30,13): error TS2339: Property 'get' does not exist on type 'object'.
index.ts(34,13): error TS2339: Property 'get' does not exist on type 'object'.
index.ts(46,4): error TS2339: Property 'get' does not exist on type 'object'.
index.ts(69,22): error TS2345: Argument of type 'any[]' is not assignable to parameter of type 'string'.
index.ts(135,4): error TS2339: Property 'get' does not exist on type 'object'.
index.ts(146,7): error TS2322: Type 'number' is not assignable to type 'string'.
index.ts(147,7): error TS2322: Type 'number' is not assignable to type 'string'.
index.ts(148,7): error TS2322: Type 'number' is not assignable to type 'string'.
index.ts(156,4): error TS2339: Property 'get' does not exist on type 'object'.
index.ts(167,7): error TS2322: Type 'number' is not assignable to type 'string'.
index.ts(168,7): error TS2322: Type 'number' is not assignable to type 'string'.
index.ts(169,7): error TS2322: Type 'number' is not assignable to type 'string'.
index.ts(176,4): error TS2339: Property 'to' does not exist on type 'object'.
index.ts(190,4): error TS2339: Property 'to' does not exist on type 'object'.
index.ts(193,14): error TS2339: Property 'length' does not exist on type 'object'.
index.ts(198,4): error TS2339: Property 'to' does not exist on type 'object'.
index.ts(210,4): error TS2339: Property 'to' does not exist on type 'object'.
index.ts(212,14): error TS2339: Property 'length' does not exist on type 'object'.
index.ts(219,4): error TS2339: Property 'to' does not exist on type 'object'.
index.ts(223,11): error TS2339: Property 'length' does not exist on type 'object'.
index.ts(230,4): error TS2339: Property 'to' does not exist on type 'object'.
index.ts(231,22): error TS2538: Type 'any[]' cannot be used as an index type.
index.ts(241,2): error TS2322: Type 'string' is not assignable to type 'number'.
../../../../../tools/node_modules/typescript/lib/lib.dom.d.ts(17694,15): error TS2451: Cannot redeclare block-scoped variable 'name'.

