automated-update.ts(3,6): error TS2304: Cannot find name 'which'.
automated-update.ts(4,3): error TS2304: Cannot find name 'echo'.
automated-update.ts(5,3): error TS2304: Cannot find name 'exit'.
automated-update.ts(7,6): error TS2304: Cannot find name 'which'.
automated-update.ts(8,3): error TS2304: Cannot find name 'echo'.
automated-update.ts(9,3): error TS2304: Cannot find name 'exit'.
automated-update.ts(12,1): error TS2304: Cannot find name 'exec'.
automated-update.ts(15,5): error TS2304: Cannot find name 'exec'.
automated-update.ts(16,5): error TS2304: Cannot find name 'echo'.
automated-update.ts(17,5): error TS2304: Cannot find name 'exit'.
automated-update.ts(21,5): error TS2304: Cannot find name 'exec'.
automated-update.ts(22,5): error TS2304: Cannot find name 'exec'.
automated-update.ts(23,5): error TS2304: Cannot find name 'exec'.
automated-update.ts(25,5): error TS2304: Cannot find name 'exec'.
automated-update.ts(28,9): error TS2304: Cannot find name 'exec'.
automated-update.ts(29,9): error TS2304: Cannot find name 'exec'.
automated-update.ts(30,9): error TS2304: Cannot find name 'exec'.
automated-update.ts(31,9): error TS2304: Cannot find name 'exec'.
automated-update.ts(32,9): error TS2304: Cannot find name 'exec'.
automated-update.ts(33,9): error TS2304: Cannot find name 'exec'.
automated-update.ts(34,9): error TS2304: Cannot find name 'echo'.
automated-update.ts(35,11): error TS2304: Cannot find name 'exit'.
automated-update.ts(37,9): error TS2304: Cannot find name 'echo'.
automated-update.ts(38,9): error TS2304: Cannot find name 'exit'.
build.ts(1,21): error TS2307: Cannot find module 'request' or its corresponding type declarations.
build.ts(2,33): error TS2307: Cannot find module 'electron-releases' or its corresponding type declarations.
index.ts(23,7): error TS2367: This comparison appears to be unintentional because the types 'string' and 'number' have no overlap.

