index.ts(5,10): error TS2339: Property '__specs' does not exist on type 'FiggyPudding'.
index.ts(6,22): error TS2339: Property '__specs' does not exist on type 'FiggyPudding'.
index.ts(7,23): error TS2339: Property '__specs' does not exist on type 'FiggyPudding'.
index.ts(8,26): error TS2339: Property '__specs' does not exist on type 'FiggyPudding'.
index.ts(9,31): error TS2339: Property '__specs' does not exist on type 'FiggyPudding'.
index.ts(14,16): error TS2339: Property '__specs' does not exist on type 'FiggyPudding'.
index.ts(20,10): error TS2339: Property '__opts' does not exist on type 'FiggyPudding'.
index.ts(21,10): error TS2339: Property '__providers' does not exist on type 'FiggyPudding'.
index.ts(24,10): error TS2339: Property '__isFiggyPudding' does not exist on type 'FiggyPudding'.
index.ts(31,35): error TS2554: Expected 1 arguments, but got 0.
index.ts(43,38): error TS2339: Property '__specs' does not exist on type 'FiggyPudding'.
index.ts(46,38): error TS2339: Property '__opts' does not exist on type 'FiggyPudding'.
index.ts(49,26): error TS2339: Property '__providers' does not exist on type 'FiggyPudding'.
index.ts(61,35): error TS2554: Expected 1 arguments, but got 0.
index.ts(66,28): error TS2554: Expected 1 arguments, but got 0.
index.ts(71,32): error TS2554: Expected 1 arguments, but got 0.
index.ts(77,12): error TS2339: Property '__specs' does not exist on type 'FiggyPudding'.
index.ts(78,12): error TS2339: Property '__opts' does not exist on type 'FiggyPudding'.
index.ts(79,20): error TS2339: Property '__providers' does not exist on type 'FiggyPudding'.
index.ts(85,80): error TS2304: Cannot find name 'IOptions'.
index.ts(98,23): error TS2304: Cannot find name 'Pud'.
index.ts(178,31): error TS2304: Cannot find name 'Specifications'.
index.ts(178,53): error TS2304: Cannot find name 'FiggyPuddingOptions'.

