browser.ts(136,9): error TS2339: Property 'nextTick' does not exist on type '{}'.
browser.ts(157,9): error TS2339: Property 'title' does not exist on type '{}'.
browser.ts(158,9): error TS2339: Property 'browser' does not exist on type '{}'.
browser.ts(159,9): error TS2339: Property 'env' does not exist on type '{}'.
browser.ts(160,9): error TS2339: Property 'argv' does not exist on type '{}'.
browser.ts(161,9): error TS2339: Property 'version' does not exist on type '{}'.
browser.ts(162,9): error TS2339: Property 'versions' does not exist on type '{}'.
browser.ts(166,9): error TS2339: Property 'on' does not exist on type '{}'.
browser.ts(167,9): error TS2339: Property 'addListener' does not exist on type '{}'.
browser.ts(168,9): error TS2339: Property 'once' does not exist on type '{}'.
browser.ts(169,9): error TS2339: Property 'off' does not exist on type '{}'.
browser.ts(170,9): error TS2339: Property 'removeListener' does not exist on type '{}'.
browser.ts(171,9): error TS2339: Property 'removeAllListeners' does not exist on type '{}'.
browser.ts(172,9): error TS2339: Property 'emit' does not exist on type '{}'.
browser.ts(173,9): error TS2339: Property 'prependListener' does not exist on type '{}'.
browser.ts(174,9): error TS2339: Property 'prependOnceListener' does not exist on type '{}'.
browser.ts(176,9): error TS2339: Property 'listeners' does not exist on type '{}'.
browser.ts(178,9): error TS2339: Property 'binding' does not exist on type '{}'.
browser.ts(182,9): error TS2339: Property 'cwd' does not exist on type '{}'.
browser.ts(183,9): error TS2339: Property 'chdir' does not exist on type '{}'.
browser.ts(186,9): error TS2339: Property 'umask' does not exist on type '{}'.

