ammonite.ops.ShelloutException: CommandResult 1
Failure occurred at line 3: module.exports = {
  // Export promiseified graceful-fs:
  ...require('./fs'),
  // Export extra methods:
  ...require('./copy'),
  ...require('./empty'),
  ...require('./ensure'),
  ...require('./json'),
  ...require('./mkdirs'),
  ...require('./move'),
  ...require('./output-file'),
  ...require('./path-exists'),
  ...require('./remove')
}
Error message: Debug Failure. False expression.
Parsing failed for file: lib/index.js

/work/typeweaver/LambdaNet/scripts/ts/node_modules/typescript/lib/typescript.js:1087
        Debug.assert(array.length !== 0);
              ^
Error: Debug Failure. False expression.
    at Object.first (/work/typeweaver/LambdaNet/scripts/ts/node_modules/typescript/lib/typescript.js:1087:15)
    at getArgumentArityError (/work/typeweaver/LambdaNet/scripts/ts/node_modules/typescript/lib/typescript.js:50157:32)
    at resolveCall (/work/typeweaver/LambdaNet/scripts/ts/node_modules/typescript/lib/typescript.js:50297:41)
    at resolveCallExpression (/work/typeweaver/LambdaNet/scripts/ts/node_modules/typescript/lib/typescript.js:50583:20)
    at resolveSignature (/work/typeweaver/LambdaNet/scripts/ts/node_modules/typescript/lib/typescript.js:50874:28)
    at getResolvedSignature (/work/typeweaver/LambdaNet/scripts/ts/node_modules/typescript/lib/typescript.js:50905:26)
    at checkCallExpression (/work/typeweaver/LambdaNet/scripts/ts/node_modules/typescript/lib/typescript.js:50992:29)
    at checkExpressionWorker (/work/typeweaver/LambdaNet/scripts/ts/node_modules/typescript/lib/typescript.js:53047:28)
    at checkExpression (/work/typeweaver/LambdaNet/scripts/ts/node_modules/typescript/lib/typescript.js:52969:38)
    at checkExpressionCached (/work/typeweaver/LambdaNet/scripts/ts/node_modules/typescript/lib/typescript.js:52711:38)

	at ammonite.ops.Shellout$.executeStream(Shellout.scala:101)
	at ammonite.ops.Shellout$.$anonfun$$percent$percent$1(Shellout.scala:15)
	at ammonite.ops.Command.applyDynamic(Shellout.scala:118)
	at lambdanet.utils.ProgramParsing$.$anonfun$parseGModulesFromFiles$2(ProgramParsing.scala:216)
	at funcdiff.SimpleMath$.withErrorMessage(SimpleMath.scala:483)
	at lambdanet.utils.ProgramParsing$.parseGModulesFromFiles(ProgramParsing.scala:208)
	at lambdanet.utils.ProgramParsing$.parseGProjectFromRoot(ProgramParsing.scala:168)
	at lambdanet.PrepareRepos$.$anonfun$parseProject$2(PrepareRepos.scala:607)
	at funcdiff.SimpleMath$.withErrorMessage(SimpleMath.scala:483)
	at lambdanet.PrepareRepos$.parseProject(PrepareRepos.scala:602)
	at lambdanet.Model$PredictionService.predictOnProject(Model.scala:247)
	at lambdanet.TypeInferenceService$.$anonfun$main$1(TypeInferenceService.scala:119)
	at scala.concurrent.Future$.$anonfun$apply$1(Future.scala:659)
	at scala.util.Success.$anonfun$map$1(Try.scala:255)
	at scala.util.Success.map(Try.scala:213)
	at scala.concurrent.Future.$anonfun$map$1(Future.scala:292)
	at scala.concurrent.impl.Promise.liftedTree1$1(Promise.scala:33)
	at scala.concurrent.impl.Promise.$anonfun$transform$1(Promise.scala:33)
	at scala.concurrent.impl.CallbackRunnable.run(Promise.scala:64)
	at java.base/java.util.concurrent.ForkJoinTask$RunnableExecuteAction.exec(ForkJoinTask.java:1426)
	at java.base/java.util.concurrent.ForkJoinTask.doExec(ForkJoinTask.java:290)
	at java.base/java.util.concurrent.ForkJoinPool$WorkQueue.topLevelExec(ForkJoinPool.java:1020)
	at java.base/java.util.concurrent.ForkJoinPool.scan(ForkJoinPool.java:1656)
	at java.base/java.util.concurrent.ForkJoinPool.runWorker(ForkJoinPool.java:1594)
	at java.base/java.util.concurrent.ForkJoinWorkerThread.run(ForkJoinWorkerThread.java:183)
