browser/type-check.ts(7,1): error TS2739: Type '(i: any, f: any) => any' is missing the following properties from type 'NodeRequire': resolve, cache, extensions, main
browser/type-check.ts(7,137): error TS2554: Expected 1 arguments, but got 2.
browser/type-check.ts(7,157): error TS2554: Expected 1 arguments, but got 2.
browser/type-check.ts(7,215): error TS2339: Property 'code' does not exist on type 'Error'.
browser/type-check.ts(7,324): error TS2554: Expected 2 arguments, but got 1.
browser/type-check.ts(7,439): error TS2554: Expected 2 arguments, but got 1.
browser/type-check.ts(48,37): error TS2339: Property 'of' does not exist on type 'string'.
browser/type-check.ts(54,38): error TS2339: Property 'of' does not exist on type 'string'.
browser/type-check.ts(72,29): error TS2339: Property 'of' does not exist on type 'string'.
browser/type-check.ts(81,17): error TS2551: Property 'subset' does not exist on type 'string'. Did you mean 'substr'?
browser/type-check.ts(87,18): error TS2339: Property 'structure' does not exist on type 'string'.
browser/type-check.ts(120,67): error TS2304: Cannot find name 'CheckMultipleOptions'.
browser/type-check.ts(128,41): error TS2304: Cannot find name 'IParsedType'.
browser/type-check.ts(128,61): error TS2304: Cannot find name 'IInput'.
browser/type-check.ts(128,78): error TS2304: Cannot find name 'IParseOptions'.
browser/type-check.ts(142,25): error TS2304: Cannot find name 'Token'.
browser/type-check.ts(150,33): error TS2552: Cannot find name 'TokenList'. Did you mean 'DOMTokenList'?
browser/type-check.ts(158,30): error TS2304: Cannot find name 'Token'.
browser/type-check.ts(166,35): error TS2304: Cannot find name 'Token'.
browser/type-check.ts(188,33): error TS2304: Cannot find name 'Token'.
browser/type-check.ts(208,34): error TS2304: Cannot find name 'Token'.
browser/type-check.ts(232,33): error TS2304: Cannot find name 'IToken'.
browser/type-check.ts(239,42): error TS2304: Cannot find name 'Token'.
browser/type-check.ts(249,32): error TS2304: Cannot find name 'Token'.
browser/type-check.ts(273,33): error TS2304: Cannot find name 'Token'.
browser/type-check.ts(340,9): error TS2554: Expected 2 arguments, but got 1.
browser/type-check.ts(344,10): error TS2554: Expected 2 arguments, but got 1.
browser/type-check.ts(346,8): error TS2554: Expected 2 arguments, but got 1.
browser/type-check.ts(360,8): error TS2554: Expected 2 arguments, but got 1.
browser/type-check.ts(405,10): error TS2554: Expected 1 arguments, but got 0.
browser/type-check.ts(410,8): error TS2554: Expected 2 arguments, but got 1.
browser/type-check.ts(418,7): error TS2554: Expected 2 arguments, but got 1.
browser/type-check.ts(436,10): error TS2554: Expected 2 arguments, but got 1.
browser/type-check.ts(446,10): error TS2554: Expected 2 arguments, but got 1.
browser/type-check.ts(456,10): error TS2554: Expected 2 arguments, but got 1.
browser/type-check.ts(465,13): error TS2554: Expected 2 arguments, but got 1.
browser/type-check.ts(475,8): error TS2554: Expected 2 arguments, but got 1.
browser/type-check.ts(519,12): error TS2554: Expected 2 arguments, but got 1.
browser/type-check.ts(533,16): error TS2554: Expected 2 arguments, but got 1.
browser/type-check.ts(541,18): error TS2554: Expected 2 arguments, but got 1.
browser/type-check.ts(544,9): error TS2554: Expected 2 arguments, but got 1.
browser/type-check.ts(552,10): error TS2554: Expected 2 arguments, but got 1.
browser/type-check.ts(555,11): error TS2554: Expected 2 arguments, but got 1.
browser/type-check.ts(568,13): error TS2554: Expected 2 arguments, but got 1.
browser/type-check.ts(653,11): error TS2554: Expected 2 arguments, but got 1.
browser/type-check.ts(667,11): error TS2554: Expected 2 arguments, but got 1.
browser/type-check.ts(701,7): error TS2554: Expected 2 arguments, but got 1.
browser/type-check.ts(711,7): error TS2554: Expected 2 arguments, but got 1.
browser/type-check.ts(732,12): error TS2554: Expected 2 arguments, but got 1.
browser/type-check.ts(735,10): error TS2554: Expected 2 arguments, but got 1.
browser/type-check.ts(795,13): error TS2554: Expected 2 arguments, but got 1.
browser/type-check.ts(806,13): error TS2554: Expected 2 arguments, but got 1.
browser/type-check.ts(817,16): error TS2554: Expected 2 arguments, but got 1.
browser/type-check.ts(829,18): error TS2554: Expected 2 arguments, but got 1.
browser/type-check.ts(835,9): error TS2554: Expected 2 arguments, but got 1.
browser/type-check.ts(839,10): error TS2554: Expected 2 arguments, but got 1.
browser/type-check.ts(846,9): error TS2554: Expected 2 arguments, but got 1.
browser/type-check.ts(849,8): error TS2554: Expected 2 arguments, but got 1.
browser/type-check.ts(856,8): error TS2554: Expected 2 arguments, but got 1.
browser/type-check.ts(863,11): error TS2554: Expected 2 arguments, but got 1.
browser/type-check.ts(866,13): error TS2554: Expected 2 arguments, but got 1.
browser/type-check.ts(873,21): error TS2349: This expression is not callable.
  Type 'Number' has no call signatures.
browser/type-check.ts(878,13): error TS2554: Expected 2 arguments, but got 1.
browser/type-check.ts(885,21): error TS2349: This expression is not callable.
  Type 'Number' has no call signatures.
browser/type-check.ts(890,8): error TS2554: Expected 2 arguments, but got 1.
browser/type-check.ts(893,13): error TS2554: Expected 2 arguments, but got 1.
browser/type-check.ts(894,24): error TS2554: Expected 0 arguments, but got 2.
browser/type-check.ts(896,7): error TS2554: Expected 2 arguments, but got 1.
browser/type-check.ts(910,11): error TS2554: Expected 2 arguments, but got 1.
browser/type-check.ts(973,6): error TS2554: Expected 2 arguments, but got 1.
browser/type-check.ts(980,13): error TS2554: Expected 2 arguments, but got 1.
browser/type-check.ts(990,15): error TS2554: Expected 2 arguments, but got 1.
browser/type-check.ts(1001,13): error TS2554: Expected 2 arguments, but got 1.
browser/type-check.ts(1011,15): error TS2554: Expected 2 arguments, but got 1.
browser/type-check.ts(1105,10): error TS2554: Expected 1 arguments, but got 0.
browser/type-check.ts(1127,7): error TS2554: Expected 2 arguments, but got 1.
browser/type-check.ts(1130,7): error TS2554: Expected 2 arguments, but got 1.
browser/type-check.ts(1146,8): error TS2554: Expected 2 arguments, but got 1.
browser/type-check.ts(1149,7): error TS2554: Expected 2 arguments, but got 1.
browser/type-check.ts(1152,7): error TS2554: Expected 2 arguments, but got 1.
browser/type-check.ts(1155,7): error TS2554: Expected 2 arguments, but got 1.
browser/type-check.ts(1167,7): error TS2554: Expected 2 arguments, but got 1.
browser/type-check.ts(1176,9): error TS2554: Expected 2 arguments, but got 1.
browser/type-check.ts(1194,7): error TS2554: Expected 2 arguments, but got 1.
browser/type-check.ts(1205,7): error TS2554: Expected 2 arguments, but got 1.
browser/type-check.ts(1253,10): error TS2554: Expected 1 arguments, but got 0.
browser/type-check.ts(1289,14): error TS2554: Expected 2 arguments, but got 1.
browser/type-check.ts(1316,8): error TS2554: Expected 2 arguments, but got 1.
browser/type-check.ts(1324,7): error TS2554: Expected 2 arguments, but got 1.
browser/type-check.ts(1342,10): error TS2554: Expected 2 arguments, but got 1.
browser/type-check.ts(1352,10): error TS2554: Expected 2 arguments, but got 1.
browser/type-check.ts(1362,13): error TS2554: Expected 2 arguments, but got 1.
browser/type-check.ts(1372,8): error TS2554: Expected 2 arguments, but got 1.
browser/type-check.ts(1408,10): error TS2554: Expected 1 arguments, but got 0.
browser/type-check.ts(1413,9): error TS2554: Expected 2 arguments, but got 1.
browser/type-check.ts(1416,8): error TS2554: Expected 2 arguments, but got 1.
browser/type-check.ts(1426,13): error TS2339: Property 'join' does not exist on type 'string'.
browser/type-check.ts(1435,13): error TS2339: Property 'join' does not exist on type 'string'.
browser/type-check.ts(1441,13): error TS2339: Property 'join' does not exist on type 'string'.
browser/type-check.ts(1446,10): error TS2554: Expected 2 arguments, but got 1.
browser/type-check.ts(1464,33): error TS2339: Property 'length' does not exist on type 'number'.
browser/type-check.ts(1466,15): error TS2339: Property 'toLowerCase' does not exist on type 'number'.
browser/type-check.ts(1468,15): error TS2339: Property 'length' does not exist on type 'number'.
browser/type-check.ts(1471,20): error TS2339: Property 'toLowerCase' does not exist on type 'number'.
browser/type-check.ts(1501,10): error TS2554: Expected 1 arguments, but got 0.
browser/type-check.ts(1514,10): error TS2554: Expected 2 arguments, but got 1.
browser/type-check.ts(1517,13): error TS2554: Expected 2 arguments, but got 1.
browser/type-check.ts(1680,10): error TS2554: Expected 1 arguments, but got 0.
lib/check.ts(41,37): error TS2339: Property 'of' does not exist on type 'string'.
lib/check.ts(47,38): error TS2339: Property 'of' does not exist on type 'string'.
lib/check.ts(65,29): error TS2339: Property 'of' does not exist on type 'string'.
lib/check.ts(74,17): error TS2551: Property 'subset' does not exist on type 'string'. Did you mean 'substr'?
lib/check.ts(76,65): error TS2304: Cannot find name 'ICheckStructureOptions'.
lib/check.ts(77,11): error TS2358: The left-hand side of an 'instanceof' expression must be of type 'any', an object type or a type parameter.
lib/check.ts(80,18): error TS2339: Property 'structure' does not exist on type 'string'.
lib/check.ts(113,67): error TS2304: Cannot find name 'CheckMultipleOptions'.
lib/check.ts(121,41): error TS2304: Cannot find name 'IParsedType'.
lib/check.ts(121,61): error TS2304: Cannot find name 'IInput'.
lib/check.ts(121,78): error TS2304: Cannot find name 'IParseOptions'.
lib/parse-type.ts(5,25): error TS2304: Cannot find name 'Token'.
lib/parse-type.ts(13,33): error TS2304: Cannot find name 'Token'.
lib/parse-type.ts(21,30): error TS2304: Cannot find name 'Token'.
lib/parse-type.ts(29,35): error TS2304: Cannot find name 'Token'.
lib/parse-type.ts(38,33): error TS2304: Cannot find name 'IToken'.
lib/parse-type.ts(51,33): error TS2304: Cannot find name 'TokenList'.
lib/parse-type.ts(71,34): error TS2304: Cannot find name 'Token'.
lib/parse-type.ts(102,42): error TS2304: Cannot find name 'Token'.
lib/parse-type.ts(112,32): error TS2304: Cannot find name 'Token'.
lib/parse-type.ts(136,33): error TS2304: Cannot find name 'Token'.

