benchmark/body0-100b.ts(6,23): error TS2307: Cannot find module 'benchmark' or its corresponding type declarations.
benchmark/body0-100b.ts(8,24): error TS2307: Cannot find module 'beautify-benchmark' or its corresponding type declarations.
benchmark/body0-100b.ts(10,24): error TS2307: Cannot find module 'seedrandom' or its corresponding type declarations.
benchmark/body0-100b.ts(50,44): error TS2304: Cannot find name 'BenchmarkEvent'.
benchmark/body1-1kb.ts(6,23): error TS2307: Cannot find module 'benchmark' or its corresponding type declarations.
benchmark/body1-1kb.ts(8,24): error TS2307: Cannot find module 'beautify-benchmark' or its corresponding type declarations.
benchmark/body1-1kb.ts(10,24): error TS2307: Cannot find module 'seedrandom' or its corresponding type declarations.
benchmark/body1-1kb.ts(50,44): error TS2304: Cannot find name 'BenchmarkEvent'.
benchmark/body2-5kb.ts(6,23): error TS2307: Cannot find module 'benchmark' or its corresponding type declarations.
benchmark/body2-5kb.ts(8,24): error TS2307: Cannot find module 'beautify-benchmark' or its corresponding type declarations.
benchmark/body2-5kb.ts(10,24): error TS2307: Cannot find module 'seedrandom' or its corresponding type declarations.
benchmark/body2-5kb.ts(50,44): error TS2304: Cannot find name 'BenchmarkEvent'.
benchmark/body3-10kb.ts(6,23): error TS2307: Cannot find module 'benchmark' or its corresponding type declarations.
benchmark/body3-10kb.ts(8,24): error TS2307: Cannot find module 'beautify-benchmark' or its corresponding type declarations.
benchmark/body3-10kb.ts(10,24): error TS2307: Cannot find module 'seedrandom' or its corresponding type declarations.
benchmark/body3-10kb.ts(50,44): error TS2304: Cannot find name 'BenchmarkEvent'.
benchmark/body4-100kb.ts(6,23): error TS2307: Cannot find module 'benchmark' or its corresponding type declarations.
benchmark/body4-100kb.ts(8,24): error TS2307: Cannot find module 'beautify-benchmark' or its corresponding type declarations.
benchmark/body4-100kb.ts(10,24): error TS2307: Cannot find module 'seedrandom' or its corresponding type declarations.
benchmark/body4-100kb.ts(50,44): error TS2304: Cannot find name 'BenchmarkEvent'.
benchmark/stats.ts(6,23): error TS2307: Cannot find module 'benchmark' or its corresponding type declarations.
benchmark/stats.ts(8,24): error TS2307: Cannot find module 'beautify-benchmark' or its corresponding type declarations.
benchmark/stats.ts(49,44): error TS2304: Cannot find name 'BenchmarkEvent'.
index.ts(40,29): error TS2304: Cannot find name 'Entity'.
index.ts(127,25): error TS2552: Cannot find name 'Stat'. Did you mean 'Stats'?

