.gh-pages/libs/base64.ts(2,620): error TS2403: Subsequent variable declarations must have the same type.  Variable 'cc' must be of type 'any', but here has type 'number'.
.gh-pages/libs/cssbeautify.ts(35,60): error TS2304: Cannot find name 'Options'.
.gh-pages/libs/cssbeautify.ts(55,21): error TS2367: This condition will always return 'false' since the types 'number' and 'string' have no overlap.
.gh-pages/libs/cssbeautify.ts(55,36): error TS2367: This condition will always return 'false' since the types 'number' and 'string' have no overlap.
.gh-pages/libs/cssbeautify.ts(55,52): error TS2367: This condition will always return 'false' since the types 'number' and 'string' have no overlap.
.gh-pages/libs/cssbeautify.ts(55,68): error TS2367: This condition will always return 'false' since the types 'number' and 'string' have no overlap.
.gh-pages/libs/cssbeautify.ts(55,84): error TS2367: This condition will always return 'false' since the types 'number' and 'string' have no overlap.
.gh-pages/libs/cssbeautify.ts(59,21): error TS2367: This condition will always return 'false' since the types 'number' and 'string' have no overlap.
.gh-pages/libs/cssbeautify.ts(59,37): error TS2367: This condition will always return 'false' since the types 'number' and 'string' have no overlap.
.gh-pages/libs/cssbeautify.ts(67,36): error TS2345: Argument of type 'number' is not assignable to parameter of type 'string'.
.gh-pages/libs/cssbeautify.ts(140,23): error TS2339: Property 'replace' does not exist on type 'CSSStyleDeclaration'.
.gh-pages/libs/cssbeautify.ts(143,24): error TS2339: Property 'charAt' does not exist on type 'CSSStyleDeclaration'.
.gh-pages/libs/cssbeautify.ts(144,25): error TS2339: Property 'charAt' does not exist on type 'CSSStyleDeclaration'.
.gh-pages/libs/cssbeautify.ts(445,52): error TS2345: Argument of type 'boolean' is not assignable to parameter of type 'number'.
.gh-pages/libs/cssbeautify.ts(445,52): error TS2367: This condition will always return 'true' since the types 'number' and 'string' have no overlap.
.gh-pages/libs/cssbeautify.ts(467,16): error TS2339: Property 'cssbeautify' does not exist on type 'Window & typeof globalThis'.
.gh-pages/libs/diff.ts(38,2): error TS1345: An expression of type 'void' cannot be tested for truthiness.
.gh-pages/libs/diff.ts(38,115): error TS2304: Cannot find name 'define'.
.gh-pages/libs/diff.ts(38,123): error TS2304: Cannot find name 'define'.
.gh-pages/libs/diff.ts(38,134): error TS2304: Cannot find name 'define'.
.gh-pages/libs/diff.ts(38,2763): error TS1345: An expression of type 'void' cannot be tested for truthiness.
.gh-pages/libs/diff.ts(38,6400): error TS2554: Expected 3 arguments, but got 1.
.gh-pages/libs/diff.ts(38,7840): error TS2554: Expected 2 arguments, but got 3.
.gh-pages/libs/diff.ts(38,8222): error TS2339: Property 'index' does not exist on type '{}'.
.gh-pages/libs/diff.ts(38,8254): error TS2339: Property 'hunks' does not exist on type '{}'.
.gh-pages/libs/diff.ts(38,8356): error TS2339: Property 'hunks' does not exist on type '{}'.
.gh-pages/libs/diff.ts(38,9537): error TS1313: The body of an 'if' statement cannot be the empty statement.
lib/clean/Atrule.ts(4,43): error TS2304: Cannot find name 'Atrule'.
lib/clean/Atrule.ts(4,58): error TS2304: Cannot find name 'AtruleItem'.
lib/clean/Atrule.ts(4,77): error TS2304: Cannot find name 'AtruleList'.
lib/clean/Atrule.ts(40,54): error TS2304: Cannot find name 'Rule'.
lib/clean/Comment.ts(2,10): error TS2339: Property 'remove' does not exist on type 'any[]'.
lib/clean/Declaration.ts(3,47): error TS2503: Cannot find namespace 'ts'.
lib/clean/Declaration.ts(3,63): error TS2503: Cannot find namespace 'ts'.
lib/clean/Declaration.ts(3,90): error TS2503: Cannot find namespace 'ts'.
lib/clean/Raw.ts(3,53): error TS2304: Cannot find name 'Item'.
lib/clean/Raw.ts(3,66): error TS2304: Cannot find name 'List'.
lib/clean/Rule.ts(7,36): error TS2304: Cannot find name 'SelectorList'.
lib/clean/Rule.ts(7,62): error TS2304: Cannot find name 'UsageData'.
lib/clean/Rule.ts(11,24): error TS2345: Argument of type '(this: WalkContext, node: Node) => void' is not assignable to parameter of type 'EnterOrLeaveFn<CssNode> | WalkOptions'.
  Type '(this: WalkContext, node: Node) => void' is not assignable to type 'EnterOrLeaveFn<CssNode>'.
    Types of parameters 'node' and 'node' are incompatible.
      Type 'CssNode' is not assignable to type 'Node'.
        Type 'AnPlusB' is missing the following properties from type 'Node': baseURI, childNodes, firstChild, isConnected, and 46 more.
lib/clean/Rule.ts(14,30): error TS2339: Property 'type' does not exist on type 'Node'.
lib/clean/Rule.ts(28,84): error TS2339: Property 'name' does not exist on type 'Node'.
lib/clean/Rule.ts(33,83): error TS2339: Property 'name' does not exist on type 'Node'.
lib/clean/Rule.ts(41,80): error TS2339: Property 'name' does not exist on type 'Node'.
lib/clean/Rule.ts(46,79): error TS2339: Property 'name' does not exist on type 'Node'.
lib/clean/Rule.ts(54,34): error TS2339: Property 'name' does not exist on type 'Node'.
lib/clean/Rule.ts(54,51): error TS2339: Property 'name' does not exist on type 'Node'.
lib/clean/Rule.ts(57,85): error TS2339: Property 'name' does not exist on type 'Node'.
lib/clean/Rule.ts(62,84): error TS2339: Property 'name' does not exist on type 'Node'.
lib/clean/Rule.ts(79,41): error TS2304: Cannot find name 'Rule'.
lib/clean/Rule.ts(79,54): error TS2304: Cannot find name 'RuleItem'.
lib/clean/Rule.ts(79,71): error TS2304: Cannot find name 'RuleList'.
lib/clean/Rule.ts(79,91): error TS2304: Cannot find name 'RuleOptions'.
lib/clean/TypeSelector.ts(2,62): error TS2304: Cannot find name 'Item'.
lib/clean/TypeSelector.ts(2,75): error TS2304: Cannot find name 'List'.
lib/clean/WhiteSpace.ts(1,60): error TS2304: Cannot find name 'Item'.
lib/clean/WhiteSpace.ts(1,73): error TS2304: Cannot find name 'List'.
lib/clean/index.ts(20,30): error TS2304: Cannot find name 'AST'.
lib/clean/utils.ts(2,27): error TS2339: Property 'children' does not exist on type 'Node'.
lib/clean/utils.ts(2,44): error TS2339: Property 'children' does not exist on type 'Node'.
lib/clean/utils.ts(5,55): error TS2304: Cannot find name 'List'.
lib/clean/utils.ts(6,34): error TS2339: Property 'children' does not exist on type 'Node'.
lib/compress.ts(12,11): error TS2339: Property 'nextUntil' does not exist on type 'Node'.
lib/compress.ts(12,27): error TS2339: Property 'head' does not exist on type 'Node'.
lib/compress.ts(33,18): error TS2554: Expected 2 arguments, but got 1.
lib/compress.ts(46,29): error TS2304: Cannot find name 'AST'.
lib/compress.ts(47,13): error TS2339: Property 'logger' does not exist on type 'number'.
lib/compress.ts(60,28): error TS2339: Property 'id' does not exist on type 'Block'.
lib/compress.ts(64,13): error TS2339: Property 'logger' does not exist on type 'number'.
lib/compress.ts(68,13): error TS2339: Property 'logger' does not exist on type 'number'.
lib/compress.ts(71,18): error TS2554: Expected 1 arguments, but got 2.
lib/compress.ts(72,13): error TS2339: Property 'logger' does not exist on type 'number'.
lib/compress.ts(75,17): error TS2339: Property 'restructuring' does not exist on type 'number'.
lib/compress.ts(82,37): error TS2304: Cannot find name 'CommentsOption'.
lib/compress.ts(102,27): error TS2304: Cannot find name 'Block'.
lib/compress.ts(123,39): error TS2304: Cannot find name 'AST'.
lib/compress.ts(123,54): error TS2304: Cannot find name 'CompressOptions'.
lib/compress.ts(154,41): error TS2345: Argument of type 'boolean' is not assignable to parameter of type 'number'.
lib/compress.ts(160,24): error TS2554: Expected 2 arguments, but got 1.
lib/compress.ts(160,36): error TS2339: Property 'createItem' does not exist on type 'typeof List'.
lib/compress.ts(166,20): error TS2554: Expected 2 arguments, but got 1.
lib/compress.ts(166,32): error TS2339: Property 'createItem' does not exist on type 'typeof List'.
lib/compress.ts(170,24): error TS2554: Expected 2 arguments, but got 1.
lib/compress.ts(170,36): error TS2339: Property 'createItem' does not exist on type 'typeof List'.
lib/index.ts(7,46): error TS2304: Cannot find name 'DebugOptions'.
lib/index.ts(15,37): error TS2304: Cannot find name 'LogLevel'.
lib/index.ts(18,49): error TS2304: Cannot find name 'AST'.
lib/index.ts(51,26): error TS2304: Cannot find name 'AST'.
lib/index.ts(51,41): error TS2304: Cannot find name 'CompilerOptions'.
lib/index.ts(51,69): error TS2304: Cannot find name 'HandlerFn'.
lib/index.ts(62,30): error TS2339: Property 'filename' does not exist on type 'Object'.
lib/index.ts(70,40): error TS2339: Property 'sourceMap' does not exist on type 'Object'.
lib/index.ts(75,17): error TS2339: Property 'beforeCompress' does not exist on type 'Object'.
lib/index.ts(77,46): error TS2339: Property 'beforeCompress' does not exist on type 'Object'.
lib/index.ts(87,17): error TS2339: Property 'afterCompress' does not exist on type 'Object'.
lib/index.ts(89,57): error TS2339: Property 'afterCompress' does not exist on type 'Object'.
lib/index.ts(94,17): error TS2339: Property 'sourceMap' does not exist on type 'Object'.
lib/index.ts(113,64): error TS2304: Cannot find name 'MinifyOptions'.
lib/index.ts(117,57): error TS2304: Cannot find name 'MinifyOptions'.
lib/replace/Atrule.ts(6,29): error TS2339: Property 'name' does not exist on type 'Node'.
lib/replace/AttributeSelector.ts(15,28): error TS2339: Property 'value' does not exist on type 'Node'.
lib/replace/AttributeSelector.ts(22,14): error TS2339: Property 'value' does not exist on type 'Node'.
lib/replace/Dimension.ts(32,62): error TS2304: Cannot find name 'Dimension'.
lib/replace/Dimension.ts(33,19): error TS2554: Expected 2 arguments, but got 1.
lib/replace/Dimension.ts(33,35): error TS2339: Property 'value' does not exist on type 'Node'.
lib/replace/Dimension.ts(35,10): error TS2339: Property 'value' does not exist on type 'Node'.
lib/replace/Dimension.ts(37,9): error TS2367: This condition will always return 'false' since the types 'number' and 'string' have no overlap.
lib/replace/Dimension.ts(38,27): error TS2339: Property 'unit' does not exist on type 'Node'.
lib/replace/Dimension.ts(59,23): error TS2339: Property 'loc' does not exist on type 'Node'.
lib/replace/Number.ts(14,33): error TS2339: Property 'prev' does not exist on type 'number'.
lib/replace/Number.ts(14,87): error TS2339: Property 'prev' does not exist on type 'number'.
lib/replace/Number.ts(27,5): error TS2322: Type 'string' is not assignable to type 'number'.
lib/replace/Number.ts(29,9): error TS2367: This condition will always return 'false' since the types 'number' and 'string' have no overlap.
lib/replace/Number.ts(29,25): error TS2367: This condition will always return 'false' since the types 'number' and 'string' have no overlap.
lib/replace/Number.ts(30,9): error TS2322: Type 'string' is not assignable to type 'number'.
lib/replace/Number.ts(39,10): error TS2339: Property 'value' does not exist on type 'Node'.
lib/replace/Number.ts(39,18): error TS2554: Expected 2 arguments, but got 1.
lib/replace/Number.ts(39,34): error TS2339: Property 'value' does not exist on type 'Node'.
lib/replace/Percentage.ts(1,10): error TS2305: Module '"css-tree"' has no exported member 'lexer'.
lib/replace/Percentage.ts(21,10): error TS2339: Property 'value' does not exist on type 'Node'.
lib/replace/Percentage.ts(21,18): error TS2554: Expected 2 arguments, but got 1.
lib/replace/Percentage.ts(21,34): error TS2339: Property 'value' does not exist on type 'Node'.
lib/replace/Percentage.ts(23,14): error TS2339: Property 'value' does not exist on type 'Node'.
lib/replace/Percentage.ts(25,14): error TS2339: Property 'data' does not exist on type 'Node'.
lib/replace/Percentage.ts(27,23): error TS2339: Property 'loc' does not exist on type 'Node'.
lib/replace/Percentage.ts(28,25): error TS2339: Property 'value' does not exist on type 'Node'.
lib/replace/Percentage.ts(32,67): error TS2339: Property 'data' does not exist on type 'Node'.
lib/replace/Percentage.ts(34,18): error TS2339: Property 'data' does not exist on type 'Node'.
lib/replace/Url.ts(3,10): error TS2339: Property 'value' does not exist on type 'Node'.
lib/replace/Url.ts(3,23): error TS2339: Property 'value' does not exist on type 'Node'.
lib/replace/atrule/keyframes.ts(1,31): error TS2304: Cannot find name 'Block'.
lib/replace/color.ts(1,10): error TS2305: Module '"css-tree"' has no exported member 'lexer'.
lib/replace/color.ts(241,5): error TS2322: Type 'string' is not assignable to type 'number'.
lib/replace/color.ts(243,18): error TS2339: Property 'length' does not exist on type 'number'.
lib/replace/color.ts(246,42): error TS2304: Cannot find name 'CursorArgs'.
lib/replace/color.ts(324,37): error TS2339: Property 'value' does not exist on type 'number'.
lib/replace/color.ts(326,21): error TS2339: Property 'type' does not exist on type 'number'.
lib/replace/color.ts(361,39): error TS2339: Property 'children' does not exist on type 'Function'.
lib/replace/color.ts(361,52): error TS2345: Argument of type 'boolean' is not assignable to parameter of type 'number'.
lib/replace/color.ts(369,29): error TS2556: A spread argument must either have a tuple type or be passed to a rest parameter.
lib/replace/color.ts(370,18): error TS2540: Cannot assign to 'name' because it is a read-only property.
lib/replace/color.ts(383,22): error TS2339: Property 'data' does not exist on type 'Function'.
lib/replace/color.ts(385,31): error TS2339: Property 'loc' does not exist on type 'Function'.
lib/replace/color.ts(395,18): error TS2339: Property 'children' does not exist on type 'Function'.
lib/replace/color.ts(406,28): error TS2554: Expected 2 arguments, but got 1.
lib/replace/color.ts(418,47): error TS2339: Property 'children' does not exist on type 'Function'.
lib/replace/color.ts(418,60): error TS2345: Argument of type 'boolean' is not assignable to parameter of type 'number'.
lib/replace/color.ts(426,25): error TS2556: A spread argument must either have a tuple type or be passed to a rest parameter.
lib/replace/color.ts(431,47): error TS2339: Property 'children' does not exist on type 'Function'.
lib/replace/color.ts(431,60): error TS2345: Argument of type 'boolean' is not assignable to parameter of type 'number'.
lib/replace/color.ts(438,14): error TS2339: Property 'data' does not exist on type 'Function'.
lib/replace/color.ts(440,23): error TS2339: Property 'loc' does not exist on type 'Function'.
lib/replace/color.ts(441,20): error TS2365: Operator '+' cannot be applied to types 'string | number' and 'string | number'.
lib/replace/color.ts(444,26): error TS2339: Property 'data' does not exist on type 'Function'.
lib/replace/color.ts(444,32): error TS2345: Argument of type 'Function' is not assignable to parameter of type 'Node'.
  Type 'Function' is missing the following properties from type 'Node': baseURI, childNodes, firstChild, isConnected, and 46 more.
lib/replace/color.ts(448,37): error TS2503: Cannot find namespace 'ts'.
lib/replace/color.ts(448,53): error TS2503: Cannot find namespace 'ts'.
lib/replace/color.ts(479,22): error TS2339: Property 'value' does not exist on type 'Node'.
lib/replace/color.ts(490,14): error TS2339: Property 'data' does not exist on type 'Node'.
lib/replace/color.ts(492,23): error TS2339: Property 'loc' does not exist on type 'Node'.
lib/replace/color.ts(496,14): error TS2339: Property 'value' does not exist on type 'Node'.
lib/replace/index.ts(24,30): error TS2304: Cannot find name 'AST'.
lib/replace/property/background.ts(28,10): error TS2339: Property 'children' does not exist on type 'Node'.
lib/replace/property/background.ts(49,10): error TS2339: Property 'children' does not exist on type 'Node'.
lib/replace/property/border.ts(2,10): error TS2339: Property 'children' does not exist on type 'Node'.
lib/replace/property/font-weight.ts(2,24): error TS2339: Property 'children' does not exist on type 'Node'.
lib/replace/property/font-weight.ts(7,22): error TS2339: Property 'children' does not exist on type 'Node'.
lib/replace/property/font-weight.ts(14,22): error TS2339: Property 'children' does not exist on type 'Node'.
lib/replace/property/font.ts(2,23): error TS2339: Property 'children' does not exist on type 'Node'.
lib/replace/property/font.ts(4,51): error TS2304: Cannot find name 'Item'.
lib/replace/property/font.ts(5,18): error TS2339: Property 'type' does not exist on type 'Node'.
lib/replace/property/font.ts(6,22): error TS2339: Property 'name' does not exist on type 'Node'.
lib/replace/property/font.ts(9,31): error TS2339: Property 'loc' does not exist on type 'Node'.
lib/replace/property/font.ts(12,29): error TS2339: Property 'name' does not exist on type 'Node'.
lib/restructure/1-mergeAtrule.ts(5,40): error TS2304: Cannot find name 'Rule'.
lib/restructure/1-mergeAtrule.ts(5,54): error TS2304: Cannot find name 'Rule'.
lib/restructure/1-mergeAtrule.ts(5,72): error TS2304: Cannot find name 'Rule'.
lib/restructure/1-mergeAtrule.ts(5,88): error TS2304: Cannot find name 'SingleRule'.
lib/restructure/1-mergeAtrule.ts(25,31): error TS2304: Cannot find name 'AST'.
lib/restructure/1-mergeAtrule.ts(25,46): error TS2304: Cannot find name 'IOptions'.
lib/restructure/1-mergeAtrule.ts(29,54): error TS2304: Cannot find name 'Item'.
lib/restructure/1-mergeAtrule.ts(29,67): error TS2314: Generic type 'List<TData>' requires 1 type argument(s).
lib/restructure/1-mergeAtrule.ts(30,18): error TS2339: Property 'type' does not exist on type 'Node'.
lib/restructure/1-mergeAtrule.ts(31,46): error TS2339: Property 'name' does not exist on type 'Node'.
lib/restructure/1-mergeAtrule.ts(69,17): error TS2339: Property 'type' does not exist on type 'Node'.
lib/restructure/1-mergeAtrule.ts(69,43): error TS2339: Property 'name' does not exist on type 'Node'.
lib/restructure/1-mergeAtrule.ts(72,43): error TS2304: Cannot find name 'Atrule'.
lib/restructure/1-mergeAtrule.ts(72,58): error TS2314: Generic type 'List<TData>' requires 1 type argument(s).
lib/restructure/1-mergeAtrule.ts(84,14): error TS2339: Property 'prelude' does not exist on type 'Node'.
lib/restructure/1-mergeAtrule.ts(86,14): error TS2339: Property 'prelude' does not exist on type 'Node'.
lib/restructure/1-mergeAtrule.ts(87,45): error TS2339: Property 'block' does not exist on type 'Node'.
lib/restructure/1-mergeAtrule.ts(98,43): error TS2304: Cannot find name 'Atrule'.
lib/restructure/1-mergeAtrule.ts(98,61): error TS2304: Cannot find name 'AtruleOptions'.
lib/restructure/1-mergeAtrule.ts(104,9): error TS2322: Type '(node: Node, item: Atrule, list: any) => void' is not assignable to type 'EnterOrLeaveFn<Atrule>'.
  Types of parameters 'node' and 'node' are incompatible.
    Type 'Atrule' is missing the following properties from type 'Node': baseURI, childNodes, firstChild, isConnected, and 46 more.
lib/restructure/2-initialMergeRuleset.ts(10,28): error TS2304: Cannot find name 'RuleNode'.
lib/restructure/2-initialMergeRuleset.ts(10,45): error TS2304: Cannot find name 'RuleItem'.
lib/restructure/2-initialMergeRuleset.ts(10,62): error TS2304: Cannot find name 'ListNode'.
lib/restructure/2-initialMergeRuleset.ts(16,18): error TS2339: Property 'type' does not exist on type 'Node'.
lib/restructure/2-initialMergeRuleset.ts(20,36): error TS2339: Property 'prelude' does not exist on type 'Node'.
lib/restructure/2-initialMergeRuleset.ts(21,39): error TS2339: Property 'block' does not exist on type 'Node'.
lib/restructure/2-initialMergeRuleset.ts(24,43): error TS2339: Property 'pseudoSignature' does not exist on type 'Node'.
lib/restructure/2-initialMergeRuleset.ts(48,47): error TS2304: Cannot find name 'AST'.
lib/restructure/3-disjoinRuleset.ts(3,28): error TS2304: Cannot find name 'RuleNode'.
lib/restructure/3-disjoinRuleset.ts(3,45): error TS2304: Cannot find name 'RuleItem'.
lib/restructure/3-disjoinRuleset.ts(3,62): error TS2304: Cannot find name 'ListNode'.
lib/restructure/3-disjoinRuleset.ts(16,22): error TS2554: Expected 2 arguments, but got 1.
lib/restructure/3-disjoinRuleset.ts(36,42): error TS2304: Cannot find name 'AST'.
lib/restructure/4-restructShorthand.ts(66,14): error TS2339: Property 'name' does not exist on type 'TRBL'.
lib/restructure/4-restructShorthand.ts(67,14): error TS2339: Property 'loc' does not exist on type 'TRBL'.
lib/restructure/4-restructShorthand.ts(68,14): error TS2339: Property 'iehack' does not exist on type 'TRBL'.
lib/restructure/4-restructShorthand.ts(69,14): error TS2339: Property 'sides' does not exist on type 'TRBL'.
lib/restructure/4-restructShorthand.ts(80,116): error TS2503: Cannot find namespace 'PIXI'.
lib/restructure/4-restructShorthand.ts(145,25): error TS2339: Property 'iehack' does not exist on type 'TRBL'.
lib/restructure/4-restructShorthand.ts(145,53): error TS2339: Property 'iehack' does not exist on type 'TRBL'.
lib/restructure/4-restructShorthand.ts(149,14): error TS2339: Property 'iehack' does not exist on type 'TRBL'.
lib/restructure/4-restructShorthand.ts(155,35): error TS2339: Property 'sides' does not exist on type 'TRBL'.
lib/restructure/4-restructShorthand.ts(246,19): error TS2339: Property 'loc' does not exist on type 'TRBL'.
lib/restructure/4-restructShorthand.ts(247,18): error TS2339: Property 'loc' does not exist on type 'TRBL'.
lib/restructure/4-restructShorthand.ts(254,26): error TS2339: Property 'sides' does not exist on type 'TRBL'.
lib/restructure/4-restructShorthand.ts(255,28): error TS2339: Property 'sides' does not exist on type 'TRBL'.
lib/restructure/4-restructShorthand.ts(256,29): error TS2339: Property 'sides' does not exist on type 'TRBL'.
lib/restructure/4-restructShorthand.ts(257,27): error TS2339: Property 'sides' does not exist on type 'TRBL'.
lib/restructure/4-restructShorthand.ts(274,28): error TS2339: Property 'sides' does not exist on type 'TRBL'.
lib/restructure/4-restructShorthand.ts(302,18): error TS2339: Property 'iehack' does not exist on type 'TRBL'.
lib/restructure/4-restructShorthand.ts(306,28): error TS2339: Property 'iehack' does not exist on type 'TRBL'.
lib/restructure/4-restructShorthand.ts(320,23): error TS2339: Property 'loc' does not exist on type 'TRBL'.
lib/restructure/4-restructShorthand.ts(321,29): error TS2339: Property 'sides' does not exist on type 'TRBL'.
lib/restructure/4-restructShorthand.ts(322,28): error TS2339: Property 'name' does not exist on type 'TRBL'.
lib/restructure/4-restructShorthand.ts(328,28): error TS2304: Cannot find name 'Rule'.
lib/restructure/4-restructShorthand.ts(332,60): error TS2503: Cannot find namespace 'ts'.
lib/restructure/4-restructShorthand.ts(332,83): error TS2503: Cannot find namespace 'ts'.
lib/restructure/4-restructShorthand.ts(344,24): error TS2361: The right-hand side of an 'in' expression must not be a primitive.
lib/restructure/4-restructShorthand.ts(362,27): error TS2339: Property 'push' does not exist on type 'boolean'.
lib/restructure/4-restructShorthand.ts(375,47): error TS2304: Cannot find name 'ShorthandDeclaration'.
lib/restructure/4-restructShorthand.ts(375,89): error TS2304: Cannot find name 'MarkDeclaration'.
lib/restructure/4-restructShorthand.ts(376,46): error TS2304: Cannot find name 'Item'.
lib/restructure/4-restructShorthand.ts(391,44): error TS2503: Cannot find namespace 'ts'.
lib/restructure/4-restructShorthand.ts(391,63): error TS2503: Cannot find namespace 'ts'.
lib/restructure/4-restructShorthand.ts(400,34): error TS2339: Property 'pseudoSignature' does not exist on type 'Rule'.
lib/restructure/4-restructShorthand.ts(400,78): error TS2339: Property 'children' does not exist on type 'Raw | SelectorList'.
  Property 'children' does not exist on type 'Raw'.
lib/restructure/4-restructShorthand.ts(404,58): error TS2339: Property 'id' does not exist on type 'Block | StyleSheet'.
  Property 'id' does not exist on type 'Block'.
lib/restructure/4-restructShorthand.ts(408,42): error TS2339: Property 'id' does not exist on type 'Block | StyleSheet'.
  Property 'id' does not exist on type 'Block'.
lib/restructure/4-restructShorthand.ts(410,52): error TS2339: Property 'id' does not exist on type 'Block | StyleSheet'.
  Property 'id' does not exist on type 'Block'.
lib/restructure/6-restructBlock.ts(74,47): error TS2304: Cannot find name 'PropertyName'.
lib/restructure/6-restructBlock.ts(74,75): error TS2304: Cannot find name 'Declaration'.
lib/restructure/6-restructBlock.ts(74,103): error TS2304: Cannot find name 'FingerprintList'.
lib/restructure/6-restructBlock.ts(93,34): error TS2339: Property 'type' does not exist on type 'Node'.
lib/restructure/6-restructBlock.ts(97,34): error TS2339: Property 'children' does not exist on type 'Node'.
lib/restructure/6-restructBlock.ts(105,37): error TS2339: Property 'name' does not exist on type 'Node'.
lib/restructure/6-restructBlock.ts(129,35): error TS2339: Property 'name' does not exist on type 'Node'.
lib/restructure/6-restructBlock.ts(140,55): error TS2339: Property 'children' does not exist on type 'Node'.
lib/restructure/6-restructBlock.ts(152,34): error TS2339: Property 'children' does not exist on type 'Node'.
lib/restructure/6-restructBlock.ts(158,37): error TS2339: Property 'unit' does not exist on type 'Node'.
lib/restructure/6-restructBlock.ts(220,28): error TS2304: Cannot find name 'Rule'.
lib/restructure/6-restructBlock.ts(220,41): error TS2304: Cannot find name 'Item'.
lib/restructure/6-restructBlock.ts(220,54): error TS2304: Cannot find name 'List'.
lib/restructure/6-restructBlock.ts(220,68): error TS2304: Cannot find name 'Props'.
lib/restructure/6-restructBlock.ts(220,90): error TS2304: Cannot find name 'Fingerprints'.
lib/restructure/6-restructBlock.ts(223,53): error TS2503: Cannot find namespace 'ts'.
lib/restructure/6-restructBlock.ts(223,87): error TS2503: Cannot find namespace 'ts'.
lib/restructure/6-restructBlock.ts(278,44): error TS2304: Cannot find name 'BlockStatement'.
lib/restructure/6-restructBlock.ts(287,34): error TS2339: Property 'pseudoSignature' does not exist on type 'Rule'.
lib/restructure/6-restructBlock.ts(287,78): error TS2339: Property 'children' does not exist on type 'Raw | SelectorList'.
  Property 'children' does not exist on type 'Raw'.
lib/restructure/6-restructBlock.ts(291,58): error TS2339: Property 'id' does not exist on type 'Block | StyleSheet'.
  Property 'id' does not exist on type 'Block'.
lib/restructure/6-restructBlock.ts(293,42): error TS2339: Property 'id' does not exist on type 'Block | StyleSheet'.
  Property 'id' does not exist on type 'Block'.
lib/restructure/6-restructBlock.ts(295,52): error TS2339: Property 'id' does not exist on type 'Block | StyleSheet'.
  Property 'id' does not exist on type 'Block'.
lib/restructure/7-mergeRuleset.ts(16,28): error TS2304: Cannot find name 'RuleNode'.
lib/restructure/7-mergeRuleset.ts(16,45): error TS2304: Cannot find name 'RuleItem'.
lib/restructure/7-mergeRuleset.ts(16,62): error TS2304: Cannot find name 'ListNode'.
lib/restructure/7-mergeRuleset.ts(81,40): error TS2304: Cannot find name 'Rule'.
lib/restructure/8-restructRuleset.ts(10,50): error TS2339: Property 'id' does not exist on type 'string'.
lib/restructure/8-restructRuleset.ts(13,41): error TS2304: Cannot find name 'Token'.
lib/restructure/8-restructRuleset.ts(26,28): error TS2304: Cannot find name 'RuleNode'.
lib/restructure/8-restructRuleset.ts(26,45): error TS2304: Cannot find name 'RuleItem'.
lib/restructure/8-restructRuleset.ts(26,62): error TS2304: Cannot find name 'ListNode'.
lib/restructure/8-restructRuleset.ts(34,46): error TS2304: Cannot find name 'Block'.
lib/restructure/8-restructRuleset.ts(34,64): error TS2304: Cannot find name 'Block'.
lib/restructure/8-restructRuleset.ts(45,38): error TS2339: Property 'children' does not exist on type 'Raw | SelectorList'.
  Property 'children' does not exist on type 'Raw'.
lib/restructure/8-restructRuleset.ts(170,43): error TS2304: Cannot find name 'AST'.
lib/restructure/index.ts(10,30): error TS2304: Cannot find name 'AST'.
lib/restructure/index.ts(10,45): error TS2304: Cannot find name 'CompilerOptions'.
lib/restructure/prepare/createDeclarationIndexer.ts(5,14): error TS2339: Property 'map' does not exist on type 'Index'.
lib/restructure/prepare/createDeclarationIndexer.ts(8,26): error TS2339: Property 'map' does not exist on type 'Index'.
lib/restructure/prepare/createDeclarationIndexer.ts(11,26): error TS2339: Property 'map' does not exist on type 'Index'.
lib/restructure/prepare/createDeclarationIndexer.ts(12,18): error TS2339: Property 'map' does not exist on type 'Index'.
lib/restructure/prepare/createDeclarationIndexer.ts(22,43): error TS2503: Cannot find namespace 'ts'.
lib/restructure/prepare/index.ts(5,38): error TS2304: Cannot find name 'AST'.
lib/restructure/prepare/index.ts(5,53): error TS2304: Cannot find name 'CompilerOptions'.
lib/restructure/prepare/index.ts(20,30): error TS2339: Property 'id' does not exist on type 'AtrulePrelude | Raw'.
  Property 'id' does not exist on type 'AtrulePrelude'.
lib/restructure/prepare/index.ts(21,30): error TS2339: Property 'id' does not exist on type 'AtrulePrelude | Raw'.
  Property 'id' does not exist on type 'AtrulePrelude'.
lib/restructure/prepare/index.ts(27,28): error TS2339: Property 'avoidRulesMerge' does not exist on type 'Block'.
lib/restructure/prepare/index.ts(29,60): error TS2304: Cannot find name 'Rule'.
lib/restructure/prepare/index.ts(30,76): error TS2304: Cannot find name 'SimpleSelector'.
lib/restructure/prepare/processSelector.ts(21,47): error TS2552: Cannot find name 'SelectorNode'. Did you mean 'SelectionMode'?
lib/restructure/prepare/processSelector.ts(21,73): error TS2304: Cannot find name 'UsageData'.
lib/restructure/prepare/processSelector.ts(28,24): error TS2339: Property 'children' does not exist on type 'string | RegExp'.
  Property 'children' does not exist on type 'string'.
lib/restructure/prepare/processSelector.ts(29,26): error TS2339: Property 'type' does not exist on type 'Node'.
lib/restructure/prepare/processSelector.ts(32,66): error TS2339: Property 'name' does not exist on type 'Node'.
lib/restructure/prepare/processSelector.ts(35,110): error TS2345: Argument of type 'string | RegExp' is not assignable to parameter of type 'CssNode'.
lib/restructure/prepare/processSelector.ts(44,39): error TS2339: Property 'name' does not exist on type 'Node'.
lib/restructure/prepare/processSelector.ts(54,39): error TS2339: Property 'name' does not exist on type 'Node'.
lib/restructure/prepare/processSelector.ts(64,36): error TS2339: Property 'name' does not exist on type 'Node'.
lib/restructure/prepare/processSelector.ts(68,30): error TS2339: Property 'flags' does not exist on type 'Node'.
lib/restructure/prepare/processSelector.ts(69,46): error TS2339: Property 'flags' does not exist on type 'Node'.
lib/restructure/prepare/processSelector.ts(80,24): error TS2339: Property 'compareMarker' does not exist on type 'string | RegExp'.
  Property 'compareMarker' does not exist on type 'string'.
lib/restructure/prepare/processSelector.ts(81,24): error TS2339: Property 'id' does not exist on type 'string | RegExp'.
  Property 'id' does not exist on type 'string'.
lib/restructure/prepare/processSelector.ts(82,24): error TS2339: Property 'id' does not exist on type 'string | RegExp'.
  Property 'id' does not exist on type 'string'.
lib/restructure/prepare/processSelector.ts(82,38): error TS2345: Argument of type 'string | RegExp' is not assignable to parameter of type 'CssNode'.
  Type 'string' is not assignable to type 'CssNode'.
lib/restructure/prepare/processSelector.ts(85,28): error TS2339: Property 'compareMarker' does not exist on type 'string | RegExp'.
  Property 'compareMarker' does not exist on type 'string'.
lib/restructure/prepare/processSelector.ts(89,28): error TS2339: Property 'compareMarker' does not exist on type 'string | RegExp'.
  Property 'compareMarker' does not exist on type 'string'.
lib/restructure/prepare/specificity.ts(4,14): error TS2339: Property 'type' does not exist on type 'Node'.
lib/restructure/prepare/specificity.ts(5,27): error TS2339: Property 'value' does not exist on type 'Node'.
lib/restructure/prepare/specificity.ts(21,51): error TS2304: Cannot find name 'SelectorList'.
lib/restructure/prepare/specificity.ts(22,45): error TS2339: Property 'children' does not exist on type 'Node | CssNode'.
  Property 'children' does not exist on type 'Node'.
lib/restructure/prepare/specificity.ts(23,42): error TS2345: Argument of type 'number[]' is not assignable to parameter of type 'number'.
lib/restructure/prepare/specificity.ts(30,38): error TS2552: Cannot find name 'Selector'. Did you mean 'Selection'?
lib/restructure/utils.ts(3,37): error TS2552: Cannot find name 'Selector'. Did you mean 'Selection'?
lib/restructure/utils.ts(3,51): error TS2552: Cannot find name 'Selector'. Did you mean 'Selection'?
lib/restructure/utils.ts(15,40): error TS2304: Cannot find name 'Declaration'.
lib/restructure/utils.ts(15,57): error TS2304: Cannot find name 'Declaration'.
lib/restructure/utils.ts(27,52): error TS2304: Cannot find name 'Declaration'.
lib/restructure/utils.ts(27,83): error TS2304: Cannot find name 'Declaration'.
lib/restructure/utils.ts(38,37): error TS2339: Property 'head' does not exist on type 'Declaration[]'.
lib/restructure/utils.ts(42,37): error TS2339: Property 'head' does not exist on type 'Declaration[]'.
lib/restructure/utils.ts(57,37): error TS2339: Property 'head' does not exist on type 'Declaration[]'.
lib/restructure/utils.ts(78,27): error TS2339: Property 'head' does not exist on type 'any[]'.
lib/restructure/utils.ts(94,14): error TS2339: Property 'insert' does not exist on type 'any[]'.
lib/restructure/utils.ts(94,26): error TS2339: Property 'createItem' does not exist on type 'any[]'.
lib/restructure/utils.ts(102,30): error TS2339: Property 'head' does not exist on type 'string[]'.
lib/restructure/utils.ts(105,34): error TS2339: Property 'head' does not exist on type 'string[]'.
lib/restructure/utils.ts(123,18): error TS2339: Property 'type' does not exist on type 'Node'.
lib/restructure/utils.ts(126,45): error TS2339: Property 'prelude' does not exist on type 'Node'.
lib/restructure/utils.ts(130,22): error TS2339: Property 'block' does not exist on type 'Node'.
lib/restructure/utils.ts(132,29): error TS2339: Property 'block' does not exist on type 'Node'.
lib/syntax.ts(1,10): error TS2305: Module '"css-tree"' has no exported member 'fork'.
lib/syntax.ts(1,29): error TS2305: Module '"css-tree"' has no exported member 'tokenTypes'.
lib/usage.ts(26,32): error TS2339: Property 'tags' does not exist on type 'any[]'.
lib/usage.ts(27,17): error TS2554: Expected 2 arguments, but got 1.
lib/usage.ts(27,31): error TS2339: Property 'ids' does not exist on type 'any[]'.
lib/usage.ts(28,21): error TS2554: Expected 2 arguments, but got 1.
lib/usage.ts(28,35): error TS2339: Property 'classes' does not exist on type 'any[]'.
lib/usage.ts(46,14): error TS2339: Property 'scopes' does not exist on type 'any[]'.
lib/usage.ts(46,43): error TS2339: Property 'scopes' does not exist on type 'any[]'.
lib/usage.ts(49,34): error TS2339: Property 'scopes' does not exist on type 'any[]'.
lib/usage.ts(50,31): error TS2339: Property 'scopes' does not exist on type 'any[]'.
lib/usage.ts(68,35): error TS2339: Property 'blacklist' does not exist on type 'any[]'.
lib/version.ts(3,31): error TS1343: The 'import.meta' meta-property is only allowed when the '--module' option is 'es2020', 'es2022', 'esnext', 'system', 'node16', or 'nodenext'.
scripts/bundle.ts(3,21): error TS2307: Cannot find module 'esbuild' or its corresponding type declarations.
scripts/bundle.ts(6,35): error TS1343: The 'import.meta' meta-property is only allowed when the '--module' option is 'es2020', 'es2022', 'esnext', 'system', 'node16', or 'nodenext'.

