karma.conf.ts(1,36): error TS2304: Cannot find name 'Config'.
src/browser.ts(115,10): error TS2393: Duplicate function implementation.
src/browser.ts(119,73): error TS2339: Property 'type' does not exist on type 'Process'.
src/browser.ts(119,111): error TS2339: Property '__nwjs' does not exist on type 'Process'.
src/browser.ts(130,138): error TS2551: Property 'WebkitAppearance' does not exist on type 'CSSStyleDeclaration'. Did you mean 'webkitAppearance'?
src/browser.ts(132,71): error TS2339: Property 'firebug' does not exist on type 'Console'.
src/browser.ts(132,98): error TS2339: Property 'exception' does not exist on type 'Console'.
src/browser.ts(146,10): error TS2393: Duplicate function implementation.
src/browser.ts(146,27): error TS2552: Cannot find name 'tring'. Did you mean 'string'?
src/browser.ts(197,10): error TS2393: Duplicate function implementation.
src/browser.ts(216,10): error TS2393: Duplicate function implementation.
src/browser.ts(257,8): error TS2451: Cannot redeclare block-scoped variable 'formatters'.
src/common.ts(7,21): error TS2304: Cannot find name 'Env'.
src/common.ts(49,22): error TS2339: Property 'colors' does not exist on type '{ (namespace: string): { (...args: any[]): void; namespace: string; useColors: any; color: any; extend: (namespace: any, delimiter: string) => ...; destroy: () => void; }; debug: ...; default: ...; coerce: (val: any) => any; ... 8 more ...; selectColor: (namespace: string) => any; }'.
src/common.ts(49,58): error TS2339: Property 'colors' does not exist on type '{ (namespace: string): { (...args: any[]): void; namespace: string; useColors: any; color: any; extend: (namespace: any, delimiter: string) => ...; destroy: () => void; }; debug: ...; default: ...; coerce: (val: any) => any; ... 8 more ...; selectColor: (namespace: string) => any; }'.
src/common.ts(68,15): error TS2339: Property 'enabled' does not exist on type '{ (...args: any[]): void; namespace: string; useColors: any; color: any; extend: (namespace: any, delimiter: string) => ...; destroy: () => void; }'.
src/common.ts(77,9): error TS2339: Property 'diff' does not exist on type '{ (...args: any[]): void; namespace: string; useColors: any; color: any; extend: (namespace: any, delimiter: string) => ...; destroy: () => void; }'.
src/common.ts(78,9): error TS2339: Property 'prev' does not exist on type '{ (...args: any[]): void; namespace: string; useColors: any; color: any; extend: (namespace: any, delimiter: string) => ...; destroy: () => void; }'.
src/common.ts(79,9): error TS2339: Property 'curr' does not exist on type '{ (...args: any[]): void; namespace: string; useColors: any; color: any; extend: (namespace: any, delimiter: string) => ...; destroy: () => void; }'.
src/common.ts(110,16): error TS2551: Property 'formatArgs' does not exist on type '{ (namespace: string): { (...args: any[]): void; namespace: string; useColors: any; color: any; extend: (namespace: any, delimiter: string) => ...; destroy: () => void; }; debug: ...; default: ...; coerce: (val: any) => any; ... 8 more ...; selectColor: (namespace: string) => any; }'. Did you mean 'formatters'?
src/common.ts(112,23): error TS2339: Property 'log' does not exist on type '{ (...args: any[]): void; namespace: string; useColors: any; color: any; extend: (namespace: any, delimiter: string) => ...; destroy: () => void; }'.
src/common.ts(112,42): error TS2339: Property 'log' does not exist on type '{ (namespace: string): { (...args: any[]): void; namespace: string; useColors: any; color: any; extend: (namespace: any, delimiter: string) => ...; destroy: () => void; }; debug: ...; default: ...; coerce: (val: any) => any; ... 8 more ...; selectColor: (namespace: string) => any; }'.
src/common.ts(117,33): error TS2339: Property 'useColors' does not exist on type '{ (namespace: string): { (...args: any[]): void; namespace: string; useColors: any; color: any; extend: (namespace: any, delimiter: string) => ...; destroy: () => void; }; debug: ...; default: ...; coerce: (val: any) => any; ... 8 more ...; selectColor: (namespace: string) => any; }'.
src/common.ts(129,41): error TS2339: Property 'namespaces' does not exist on type '{ (namespace: string): { (...args: any[]): void; namespace: string; useColors: any; color: any; extend: (namespace: any, delimiter: string) => ...; destroy: () => void; }; debug: ...; default: ...; coerce: (val: any) => any; ... 8 more ...; selectColor: (namespace: string) => any; }'.
src/common.ts(130,36): error TS2339: Property 'namespaces' does not exist on type '{ (namespace: string): { (...args: any[]): void; namespace: string; useColors: any; color: any; extend: (namespace: any, delimiter: string) => ...; destroy: () => void; }; debug: ...; default: ...; coerce: (val: any) => any; ... 8 more ...; selectColor: (namespace: string) => any; }'.
src/common.ts(142,26): error TS2339: Property 'init' does not exist on type '{ (namespace: string): { (...args: any[]): void; namespace: string; useColors: any; color: any; extend: (namespace: any, delimiter: string) => ...; destroy: () => void; }; debug: ...; default: ...; coerce: (val: any) => any; ... 8 more ...; selectColor: (namespace: string) => any; }'.
src/common.ts(143,16): error TS2339: Property 'init' does not exist on type '{ (namespace: string): { (...args: any[]): void; namespace: string; useColors: any; color: any; extend: (namespace: any, delimiter: string) => ...; destroy: () => void; }; debug: ...; default: ...; coerce: (val: any) => any; ... 8 more ...; selectColor: (namespace: string) => any; }'.
src/common.ts(151,12): error TS2339: Property 'log' does not exist on type '{ (...args: any[]): void; namespace: string; useColors: any; color: any; extend: (namespace: any, delimiter: string) => ...; destroy: () => void; }'.
src/common.ts(163,15): error TS2339: Property 'save' does not exist on type '{ (namespace: string): { (...args: any[]): void; namespace: string; useColors: any; color: any; extend: (namespace: any, delimiter: string) => ...; destroy: () => void; }; debug: ...; default: ...; coerce: (val: any) => any; ... 8 more ...; selectColor: (namespace: string) => any; }'.
src/common.ts(164,15): error TS2339: Property 'namespaces' does not exist on type '{ (namespace: string): { (...args: any[]): void; namespace: string; useColors: any; color: any; extend: (namespace: any, delimiter: string) => ...; destroy: () => void; }; debug: ...; default: ...; coerce: (val: any) => any; ... 8 more ...; selectColor: (namespace: string) => any; }'.
src/common.ts(269,33): error TS2339: Property 'load' does not exist on type '{ (namespace: string): { (...args: any[]): void; namespace: string; useColors: any; color: any; extend: (namespace: any, delimiter: string) => ...; destroy: () => void; }; debug: ...; default: ...; coerce: (val: any) => any; ... 8 more ...; selectColor: (namespace: string) => any; }'.
src/index.ts(6,47): error TS2339: Property 'type' does not exist on type 'Process'.
src/index.ts(6,78): error TS2339: Property 'browser' does not exist on type 'Process'.
src/index.ts(6,106): error TS2339: Property '__nwjs' does not exist on type 'Process'.
src/node.ts(138,3): error TS2322: Type 'boolean' is not assignable to type 'string'.
src/node.ts(140,3): error TS2322: Type 'boolean' is not assignable to type 'string'.
src/node.ts(144,3): error TS2322: Type 'number' is not assignable to type 'string'.
src/node.ts(155,10): error TS2393: Duplicate function implementation.
src/node.ts(167,10): error TS2393: Duplicate function implementation.
src/node.ts(203,10): error TS2393: Duplicate function implementation.
src/node.ts(220,10): error TS2393: Duplicate function implementation.
src/node.ts(231,22): error TS2304: Cannot find name 'Debug'.
src/node.ts(242,8): error TS2451: Cannot redeclare block-scoped variable 'formatters'.

