lib/hash/common.ts(6,10): error TS2300: Duplicate identifier 'BlockHash'.
lib/hash/hmac.ts(8,12): error TS2350: Only a void function can be called with the 'new' keyword.
lib/hash/hmac.ts(19,43): error TS2304: Cannot find name 'Key'.
lib/hash/hmac.ts(44,46): error TS2304: Cannot find name 'BinaryEncoder'.
lib/hash/ripemd.ts(6,5): error TS2300: Duplicate identifier 'rotl32'.
lib/hash/ripemd.ts(7,5): error TS2300: Duplicate identifier 'sum32'.
lib/hash/ripemd.ts(8,5): error TS2300: Duplicate identifier 'sum32_3'.
lib/hash/ripemd.ts(9,5): error TS2300: Duplicate identifier 'sum32_4'.
lib/hash/ripemd.ts(10,5): error TS2300: Duplicate identifier 'BlockHash'.
lib/hash/ripemd.ts(14,12): error TS2350: Only a void function can be called with the 'new' keyword.
lib/hash/sha/1.ts(9,5): error TS2300: Duplicate identifier 'sum32_5'.
lib/hash/sha/1.ts(10,5): error TS2300: Duplicate identifier 'ft_1'.
lib/hash/sha/1.ts(11,5): error TS2300: Duplicate identifier 'BlockHash'.
lib/hash/sha/1.ts(20,12): error TS2350: Only a void function can be called with the 'new' keyword.
lib/hash/sha/224.ts(8,12): error TS2350: Only a void function can be called with the 'new' keyword.
lib/hash/sha/256.ts(10,5): error TS2300: Duplicate identifier 'sum32_5'.
lib/hash/sha/256.ts(11,5): error TS2300: Duplicate identifier 'ch32'.
lib/hash/sha/256.ts(12,5): error TS2300: Duplicate identifier 'maj32'.
lib/hash/sha/256.ts(13,5): error TS2300: Duplicate identifier 's0_256'.
lib/hash/sha/256.ts(14,5): error TS2300: Duplicate identifier 's1_256'.
lib/hash/sha/256.ts(15,5): error TS2300: Duplicate identifier 'g0_256'.
lib/hash/sha/256.ts(16,5): error TS2300: Duplicate identifier 'g1_256'.
lib/hash/sha/256.ts(18,5): error TS2300: Duplicate identifier 'BlockHash'.
lib/hash/sha/384.ts(9,12): error TS2350: Only a void function can be called with the 'new' keyword.
lib/hash/sha/512.ts(1,1): error TS6200: Definitions of the following identifiers conflict with those in another file: rotr64_hi, rotr64_lo, shr64_hi, shr64_lo, sum64, sum64_hi, sum64_lo, sum64_4_hi, sum64_4_lo, sum64_5_hi, sum64_5_lo
lib/hash/sha/512.ts(19,5): error TS2300: Duplicate identifier 'BlockHash'.
lib/hash/sha/512.ts(118,50): error TS2552: Cannot find name 'Block'. Did you mean 'Lock'?
lib/hash/sha/512.ts(146,45): error TS2554: Expected 5 arguments, but got 6.
lib/hash/sha/512.ts(168,42): error TS2554: Expected 5 arguments, but got 6.
lib/hash/sha/common.ts(4,5): error TS2300: Duplicate identifier 'rotr32'.
lib/hash/sha/common.ts(6,10): error TS2300: Duplicate identifier 'ft_1'.
lib/hash/sha/common.ts(16,10): error TS2300: Duplicate identifier 'ch32'.
lib/hash/sha/common.ts(21,10): error TS2300: Duplicate identifier 'maj32'.
lib/hash/sha/common.ts(31,10): error TS2300: Duplicate identifier 's0_256'.
lib/hash/sha/common.ts(36,10): error TS2300: Duplicate identifier 's1_256'.
lib/hash/sha/common.ts(41,10): error TS2300: Duplicate identifier 'g0_256'.
lib/hash/sha/common.ts(46,10): error TS2300: Duplicate identifier 'g1_256'.
lib/hash/utils.ts(1,1): error TS6200: Definitions of the following identifiers conflict with those in another file: rotr64_hi, rotr64_lo, shr64_hi, shr64_lo, sum64, sum64_hi, sum64_lo, sum64_4_hi, sum64_4_lo, sum64_5_hi, sum64_5_lo
lib/hash/utils.ts(68,18): error TS2345: Argument of type 'string' is not assignable to parameter of type 'Uint8Array'.
lib/hash/utils.ts(86,9): error TS2367: This condition will always return 'false' since the types 'number' and 'string' have no overlap.
lib/hash/utils.ts(88,18): error TS2345: Argument of type 'string' is not assignable to parameter of type 'Uint8Array'.
lib/hash/utils.ts(128,9): error TS2367: This condition will always return 'false' since the types 'number' and 'string' have no overlap.
lib/hash/utils.ts(139,27): error TS2339: Property 'length' does not exist on type 'number'.
lib/hash/utils.ts(140,34): error TS2339: Property 'length' does not exist on type 'number'.
lib/hash/utils.ts(142,9): error TS2367: This condition will always return 'false' since the types 'number' and 'string' have no overlap.
lib/hash/utils.ts(158,10): error TS2300: Duplicate identifier 'rotr32'.
lib/hash/utils.ts(163,10): error TS2300: Duplicate identifier 'rotl32'.
lib/hash/utils.ts(168,10): error TS2300: Duplicate identifier 'sum32'.
lib/hash/utils.ts(173,10): error TS2300: Duplicate identifier 'sum32_3'.
lib/hash/utils.ts(178,10): error TS2300: Duplicate identifier 'sum32_4'.
lib/hash/utils.ts(183,10): error TS2300: Duplicate identifier 'sum32_5'.
lib/hash/utils.ts(212,25): error TS2749: 'ah' refers to a value, but is being used as a type here. Did you mean 'typeof ah'?
lib/hash/utils.ts(212,34): error TS2749: 'al' refers to a value, but is being used as a type here. Did you mean 'typeof al'?
lib/hash/utils.ts(212,43): error TS2749: 'bh' refers to a value, but is being used as a type here. Did you mean 'typeof bh'?
lib/hash/utils.ts(212,52): error TS2749: 'bl' refers to a value, but is being used as a type here. Did you mean 'typeof bl'?
lib/hash/utils.ts(212,61): error TS2749: 'ch' refers to a value, but is being used as a type here. Did you mean 'typeof ch'?
lib/hash/utils.ts(212,70): error TS2749: 'cl' refers to a value, but is being used as a type here. Did you mean 'typeof cl'?
lib/hash/utils.ts(212,79): error TS2749: 'dh' refers to a value, but is being used as a type here. Did you mean 'typeof dh'?
lib/hash/utils.ts(212,88): error TS2749: 'dl' refers to a value, but is being used as a type here. Did you mean 'typeof dl'?
lib/hash/utils.ts(227,25): error TS2749: 'ah' refers to a value, but is being used as a type here. Did you mean 'typeof ah'?
lib/hash/utils.ts(227,34): error TS2749: 'al' refers to a value, but is being used as a type here. Did you mean 'typeof al'?
lib/hash/utils.ts(227,43): error TS2749: 'bh' refers to a value, but is being used as a type here. Did you mean 'typeof bh'?
lib/hash/utils.ts(227,52): error TS2749: 'bl' refers to a value, but is being used as a type here. Did you mean 'typeof bl'?
lib/hash/utils.ts(227,61): error TS2749: 'ch' refers to a value, but is being used as a type here. Did you mean 'typeof ch'?
lib/hash/utils.ts(227,70): error TS2749: 'cl' refers to a value, but is being used as a type here. Did you mean 'typeof cl'?
lib/hash/utils.ts(227,79): error TS2749: 'dh' refers to a value, but is being used as a type here. Did you mean 'typeof dh'?
lib/hash/utils.ts(227,88): error TS2749: 'dl' refers to a value, but is being used as a type here. Did you mean 'typeof dl'?
lib/hash/utils.ts(233,25): error TS2749: 'ah' refers to a value, but is being used as a type here. Did you mean 'typeof ah'?
lib/hash/utils.ts(233,34): error TS2749: 'al' refers to a value, but is being used as a type here. Did you mean 'typeof al'?
lib/hash/utils.ts(233,43): error TS2749: 'bh' refers to a value, but is being used as a type here. Did you mean 'typeof bh'?
lib/hash/utils.ts(233,52): error TS2749: 'bl' refers to a value, but is being used as a type here. Did you mean 'typeof bl'?
lib/hash/utils.ts(233,61): error TS2749: 'ch' refers to a value, but is being used as a type here. Did you mean 'typeof ch'?
lib/hash/utils.ts(233,70): error TS2749: 'cl' refers to a value, but is being used as a type here. Did you mean 'typeof cl'?
lib/hash/utils.ts(233,79): error TS2749: 'dh' refers to a value, but is being used as a type here. Did you mean 'typeof dh'?
lib/hash/utils.ts(233,88): error TS2749: 'dl' refers to a value, but is being used as a type here. Did you mean 'typeof dl'?
lib/hash/utils.ts(233,97): error TS2749: 'eh' refers to a value, but is being used as a type here. Did you mean 'typeof eh'?
lib/hash/utils.ts(233,106): error TS2749: 'el' refers to a value, but is being used as a type here. Did you mean 'typeof el'?
lib/hash/utils.ts(250,25): error TS2749: 'ah' refers to a value, but is being used as a type here. Did you mean 'typeof ah'?
lib/hash/utils.ts(250,34): error TS2749: 'al' refers to a value, but is being used as a type here. Did you mean 'typeof al'?
lib/hash/utils.ts(250,43): error TS2749: 'bh' refers to a value, but is being used as a type here. Did you mean 'typeof bh'?
lib/hash/utils.ts(250,52): error TS2749: 'bl' refers to a value, but is being used as a type here. Did you mean 'typeof bl'?
lib/hash/utils.ts(250,61): error TS2749: 'ch' refers to a value, but is being used as a type here. Did you mean 'typeof ch'?
lib/hash/utils.ts(250,70): error TS2749: 'cl' refers to a value, but is being used as a type here. Did you mean 'typeof cl'?
lib/hash/utils.ts(250,79): error TS2749: 'dh' refers to a value, but is being used as a type here. Did you mean 'typeof dh'?
lib/hash/utils.ts(250,88): error TS2749: 'dl' refers to a value, but is being used as a type here. Did you mean 'typeof dl'?
lib/hash/utils.ts(250,97): error TS2749: 'eh' refers to a value, but is being used as a type here. Did you mean 'typeof eh'?
lib/hash/utils.ts(250,106): error TS2749: 'el' refers to a value, but is being used as a type here. Did you mean 'typeof el'?

