bench/impls/baseline.ts(4,10): error TS2339: Property 'pipeDests' does not exist on type 'BaselineNoOpStream'.
bench/impls/baseline.ts(8,10): error TS2339: Property 'pipeDests' does not exist on type 'BaselineNoOpStream'.
bench/impls/baseline.ts(12,10): error TS2339: Property 'pipeDests' does not exist on type 'BaselineNoOpStream'.
bench/impls/extend-minipass-current.ts(1,7): error TS2451: Cannot redeclare block-scoped variable 'Minipass'.
bench/impls/extend-minipass.ts(1,7): error TS2451: Cannot redeclare block-scoped variable 'Minipass'.
bench/impls/extend-through2.ts(1,7): error TS2451: Cannot redeclare block-scoped variable 'through2'.
bench/impls/extend-through2.ts(5,3): error TS2304: Cannot find name 's'.
bench/impls/extend-through2.ts(7,5): error TS2304: Cannot find name 's'.
bench/impls/extend-through2.ts(9,10): error TS2304: Cannot find name 's'.
bench/impls/extend-through2.ts(11,38): error TS2552: Cannot find name 'BufferEncoder'. Did you mean 'BufferEncoding'?
bench/impls/minipass-current-async.ts(1,7): error TS2451: Cannot redeclare block-scoped variable 'Minipass'.
bench/impls/minipass-current-async.ts(4,13): error TS2339: Property 'async' does not exist on type '{}'.
bench/impls/push-through.ts(5,10): error TS2339: Property 'dests' does not exist on type 'PushThrough'.
bench/impls/push-through.ts(6,10): error TS2551: Property 'paused' does not exist on type 'PushThrough'. Did you mean 'pause'?
bench/impls/push-through.ts(7,10): error TS2339: Property 'buffer' does not exist on type 'PushThrough'.
bench/impls/push-through.ts(8,10): error TS2339: Property 'ended' does not exist on type 'PushThrough'.
bench/impls/push-through.ts(9,10): error TS2339: Property 'ondrain' does not exist on type 'PushThrough'.
bench/impls/push-through.ts(10,10): error TS2339: Property 'onfinish' does not exist on type 'PushThrough'.
bench/impls/push-through.ts(17,14): error TS2339: Property 'onfinish' does not exist on type 'PushThrough'.
bench/impls/push-through.ts(20,14): error TS2339: Property 'ondrain' does not exist on type 'PushThrough'.
bench/impls/push-through.ts(38,14): error TS2339: Property 'onfinish' does not exist on type 'PushThrough'.
bench/impls/push-through.ts(41,14): error TS2339: Property 'ondrain' does not exist on type 'PushThrough'.
bench/impls/push-through.ts(49,10): error TS2339: Property 'dests' does not exist on type 'PushThrough'.
bench/impls/push-through.ts(55,10): error TS2551: Property 'paused' does not exist on type 'PushThrough'. Did you mean 'pause'?
bench/impls/push-through.ts(56,14): error TS2339: Property 'buffer' does not exist on type 'PushThrough'.
bench/impls/push-through.ts(57,22): error TS2339: Property 'buffer' does not exist on type 'PushThrough'.
bench/impls/push-through.ts(58,12): error TS2339: Property 'buffer' does not exist on type 'PushThrough'.
bench/impls/push-through.ts(60,33): error TS2339: Property 'dests' does not exist on type 'PushThrough'.
bench/impls/push-through.ts(62,16): error TS2551: Property 'paused' does not exist on type 'PushThrough'. Did you mean 'pause'?
bench/impls/push-through.ts(62,30): error TS2551: Property 'paused' does not exist on type 'PushThrough'. Did you mean 'pause'?
bench/impls/push-through.ts(66,14): error TS2339: Property 'buffer' does not exist on type 'PushThrough'.
bench/impls/push-through.ts(67,14): error TS2339: Property 'ended' does not exist on type 'PushThrough'.
bench/impls/push-through.ts(67,28): error TS2339: Property 'buffer' does not exist on type 'PushThrough'.
bench/impls/push-through.ts(68,28): error TS2339: Property 'dests' does not exist on type 'PushThrough'.
bench/impls/push-through.ts(76,10): error TS2551: Property 'paused' does not exist on type 'PushThrough'. Did you mean 'pause'?
bench/impls/push-through.ts(80,14): error TS2339: Property 'ended' does not exist on type 'PushThrough'.
bench/impls/push-through.ts(83,15): error TS2339: Property 'dests' does not exist on type 'PushThrough'.
bench/impls/push-through.ts(83,36): error TS2551: Property 'paused' does not exist on type 'PushThrough'. Did you mean 'pause'?
bench/impls/push-through.ts(84,12): error TS2339: Property 'buffer' does not exist on type 'PushThrough'.
bench/impls/push-through.ts(87,29): error TS2339: Property 'dests' does not exist on type 'PushThrough'.
bench/impls/push-through.ts(89,12): error TS2551: Property 'paused' does not exist on type 'PushThrough'. Did you mean 'pause'?
bench/impls/push-through.ts(89,26): error TS2551: Property 'paused' does not exist on type 'PushThrough'. Did you mean 'pause'?
bench/impls/push-through.ts(91,18): error TS2551: Property 'paused' does not exist on type 'PushThrough'. Did you mean 'pause'?
bench/impls/push-through.ts(95,10): error TS2339: Property 'ended' does not exist on type 'PushThrough'.
bench/impls/through2.ts(1,7): error TS2451: Cannot redeclare block-scoped variable 'through2'.
bench/impls/through2.ts(5,3): error TS2304: Cannot find name 's'.
bench/impls/through2.ts(7,5): error TS2304: Cannot find name 's'.
bench/impls/through2.ts(9,10): error TS2304: Cannot find name 's'.
bench/index.ts(77,11): error TS2794: Expected 1 arguments, but got 0. Did you forget to include 'void' in your type argument to 'Promise'?
bench/index.ts(103,31): error TS2769: No overload matches this call.
  Overload 1 of 2, '(value: any, replacer?: (this: any, key: string, value: any) => any, space?: string | number): string', gave the following error.
    Argument of type 'number' is not assignable to parameter of type '(this: any, key: string, value: any) => any'.
  Overload 2 of 2, '(value: any, replacer?: (string | number)[], space?: string | number): string', gave the following error.
    Argument of type 'number' is not assignable to parameter of type '(string | number)[]'.
bench/index.ts(106,39): error TS2769: No overload matches this call.
  Overload 1 of 2, '(value: any, replacer?: (this: any, key: string, value: any) => any, space?: string | number): string', gave the following error.
    Argument of type 'number' is not assignable to parameter of type '(this: any, key: string, value: any) => any'.
  Overload 2 of 2, '(value: any, replacer?: (string | number)[], space?: string | number): string', gave the following error.
    Argument of type 'number' is not assignable to parameter of type '(string | number)[]'.
bench/index.ts(107,60): error TS2769: No overload matches this call.
  Overload 1 of 2, '(value: any, replacer?: (this: any, key: string, value: any) => any, space?: string | number): string', gave the following error.
    Argument of type 'number' is not assignable to parameter of type '(this: any, key: string, value: any) => any'.
  Overload 2 of 2, '(value: any, replacer?: (string | number)[], space?: string | number): string', gave the following error.
    Argument of type 'number' is not assignable to parameter of type '(string | number)[]'.
bench/index.ts(146,7): error TS2451: Cannot redeclare block-scoped variable 'EE'.
bench/index.ts(163,27): error TS2554: Expected 0 arguments, but got 1.
bench/index.ts(167,27): error TS2554: Expected 0 arguments, but got 1.
bench/index.ts(171,27): error TS2554: Expected 0 arguments, but got 1.
bench/index.ts(175,27): error TS2554: Expected 0 arguments, but got 1.
bench/index.ts(179,27): error TS2554: Expected 0 arguments, but got 1.
bench/index.ts(180,28): error TS2554: Expected 0 arguments, but got 1.
index.ts(6,7): error TS2451: Cannot redeclare block-scoped variable 'EE'.
index.ts(61,10): error TS2339: Property 'src' does not exist on type 'Pipe'.
index.ts(62,10): error TS2339: Property 'dest' does not exist on type 'Pipe'.
index.ts(63,10): error TS2339: Property 'opts' does not exist on type 'Pipe'.
index.ts(64,10): error TS2339: Property 'ondrain' does not exist on type 'Pipe'.
index.ts(65,27): error TS2339: Property 'ondrain' does not exist on type 'Pipe'.
index.ts(68,10): error TS2339: Property 'dest' does not exist on type 'Pipe'.
index.ts(68,44): error TS2339: Property 'ondrain' does not exist on type 'Pipe'.
index.ts(74,14): error TS2339: Property 'opts' does not exist on type 'Pipe'.
index.ts(75,12): error TS2339: Property 'dest' does not exist on type 'Pipe'.
index.ts(81,10): error TS2339: Property 'src' does not exist on type 'PipeProxyErrors'.
index.ts(86,5): error TS2322: Type '(er: any) => any' is not assignable to type '() => void'.
index.ts(94,10): error TS2538: Type 'unique symbol' cannot be used as an index type.
index.ts(96,10): error TS2538: Type 'unique symbol' cannot be used as an index type.
index.ts(99,10): error TS2538: Type 'unique symbol' cannot be used as an index type.
index.ts(100,14): error TS2538: Type 'unique symbol' cannot be used as an index type.
index.ts(101,12): error TS2538: Type 'unique symbol' cannot be used as an index type.
index.ts(103,12): error TS2538: Type 'unique symbol' cannot be used as an index type.
index.ts(104,14): error TS2538: Type 'unique symbol' cannot be used as an index type.
index.ts(105,12): error TS2538: Type 'unique symbol' cannot be used as an index type.
index.ts(106,10): error TS2538: Type 'unique symbol' cannot be used as an index type.
index.ts(107,10): error TS2538: Type 'unique symbol' cannot be used as an index type.
index.ts(107,26): error TS2538: Type 'unique symbol' cannot be used as an index type.
index.ts(107,50): error TS2538: Type 'unique symbol' cannot be used as an index type.
index.ts(108,10): error TS2538: Type 'unique symbol' cannot be used as an index type.
index.ts(109,10): error TS2538: Type 'unique symbol' cannot be used as an index type.
index.ts(110,10): error TS2538: Type 'unique symbol' cannot be used as an index type.
index.ts(111,10): error TS2538: Type 'unique symbol' cannot be used as an index type.
index.ts(112,10): error TS2538: Type 'unique symbol' cannot be used as an index type.
index.ts(115,10): error TS2538: Type 'unique symbol' cannot be used as an index type.
index.ts(116,10): error TS2538: Type 'unique symbol' cannot be used as an index type.
index.ts(119,37): error TS2538: Type 'unique symbol' cannot be used as an index type.
index.ts(121,33): error TS2538: Type 'unique symbol' cannot be used as an index type.
index.ts(123,14): error TS2538: Type 'unique symbol' cannot be used as an index type.
index.ts(126,14): error TS2538: Type 'unique symbol' cannot be used as an index type.
index.ts(126,40): error TS2538: Type 'unique symbol' cannot be used as an index type.
index.ts(127,15): error TS2538: Type 'unique symbol' cannot be used as an index type.
index.ts(127,32): error TS2538: Type 'unique symbol' cannot be used as an index type.
index.ts(127,58): error TS2538: Type 'unique symbol' cannot be used as an index type.
index.ts(130,14): error TS2538: Type 'unique symbol' cannot be used as an index type.
index.ts(131,12): error TS2538: Type 'unique symbol' cannot be used as an index type.
index.ts(133,53): error TS2538: Type 'unique symbol' cannot be used as an index type.
index.ts(136,10): error TS2538: Type 'unique symbol' cannot be used as an index type.
index.ts(143,35): error TS2538: Type 'unique symbol' cannot be used as an index type.
index.ts(144,30): error TS2538: Type 'unique symbol' cannot be used as an index type.
index.ts(144,49): error TS2538: Type 'unique symbol' cannot be used as an index type.
index.ts(146,34): error TS2538: Type 'unique symbol' cannot be used as an index type.
index.ts(147,28): error TS2538: Type 'unique symbol' cannot be used as an index type.
index.ts(147,42): error TS2538: Type 'unique symbol' cannot be used as an index type.
index.ts(150,14): error TS2538: Type 'unique symbol' cannot be used as an index type.
index.ts(153,14): error TS2538: Type 'unique symbol' cannot be used as an index type.
index.ts(167,21): error TS2538: Type 'unique symbol' cannot be used as an index type.
index.ts(173,15): error TS2538: Type 'unique symbol' cannot be used as an index type.
index.ts(185,14): error TS2538: Type 'unique symbol' cannot be used as an index type.
index.ts(187,32): error TS2538: Type 'unique symbol' cannot be used as an index type.
index.ts(195,16): error TS2538: Type 'unique symbol' cannot be used as an index type.
index.ts(196,14): error TS2555: Expected at least 2 arguments, but got 1.
index.ts(207,16): error TS2538: Type 'unique symbol' cannot be used as an index type.
index.ts(208,14): error TS2555: Expected at least 2 arguments, but got 1.
index.ts(218,29): error TS2538: Type 'unique symbol' cannot be used as an index type.
index.ts(218,48): error TS2538: Type 'unique symbol' cannot be used as an index type.
index.ts(222,40): error TS2538: Type 'unique symbol' cannot be used as an index type.
index.ts(223,20): error TS2538: Type 'unique symbol' cannot be used as an index type.
index.ts(226,30): error TS2538: Type 'unique symbol' cannot be used as an index type.
index.ts(234,14): error TS2538: Type 'unique symbol' cannot be used as an index type.
index.ts(235,12): error TS2555: Expected at least 2 arguments, but got 1.
index.ts(244,14): error TS2538: Type 'unique symbol' cannot be used as an index type.
index.ts(247,14): error TS2538: Type 'unique symbol' cannot be used as an index type.
index.ts(247,57): error TS2538: Type 'unique symbol' cannot be used as an index type.
index.ts(252,14): error TS2538: Type 'unique symbol' cannot be used as an index type.
index.ts(255,41): error TS2538: Type 'unique symbol' cannot be used as an index type.
index.ts(259,56): error TS2538: Type 'unique symbol' cannot be used as an index type.
index.ts(273,12): error TS2538: Type 'unique symbol' cannot be used as an index type.
index.ts(278,38): error TS2538: Type 'unique symbol' cannot be used as an index type.
index.ts(279,12): error TS2555: Expected at least 2 arguments, but got 1.
index.ts(290,12): error TS2554: Expected 3 arguments, but got 2.
index.ts(293,10): error TS2538: Type 'unique symbol' cannot be used as an index type.
index.ts(300,31): error TS2538: Type 'unique symbol' cannot be used as an index type.
index.ts(307,14): error TS2538: Type 'unique symbol' cannot be used as an index type.
index.ts(310,10): error TS2538: Type 'unique symbol' cannot be used as an index type.
index.ts(311,10): error TS2538: Type 'unique symbol' cannot be used as an index type.
index.ts(312,10): error TS2555: Expected at least 2 arguments, but got 1.
index.ts(314,7): error TS2554: Expected 1 arguments, but got 0.
index.ts(315,19): error TS2538: Type 'unique symbol' cannot be used as an index type.
index.ts(318,12): error TS2555: Expected at least 2 arguments, but got 1.
index.ts(326,10): error TS2538: Type 'unique symbol' cannot be used as an index type.
index.ts(327,10): error TS2538: Type 'unique symbol' cannot be used as an index type.
index.ts(331,17): error TS2538: Type 'unique symbol' cannot be used as an index type.
index.ts(335,17): error TS2538: Type 'unique symbol' cannot be used as an index type.
index.ts(339,17): error TS2538: Type 'unique symbol' cannot be used as an index type.
index.ts(343,14): error TS2538: Type 'unique symbol' cannot be used as an index type.
index.ts(344,12): error TS2538: Type 'unique symbol' cannot be used as an index type.
index.ts(346,12): error TS2538: Type 'unique symbol' cannot be used as an index type.
index.ts(352,16): error TS2538: Type 'unique symbol' cannot be used as an index type.
index.ts(353,14): error TS2538: Type 'unique symbol' cannot be used as an index type.
index.ts(355,14): error TS2538: Type 'unique symbol' cannot be used as an index type.
index.ts(363,50): error TS2538: Type 'unique symbol' cannot be used as an index type.
index.ts(364,12): error TS2555: Expected at least 2 arguments, but got 1.
index.ts(372,14): error TS2538: Type 'unique symbol' cannot be used as an index type.
index.ts(375,24): error TS2538: Type 'unique symbol' cannot be used as an index type.
index.ts(390,16): error TS2538: Type 'unique symbol' cannot be used as an index type.
index.ts(415,40): error TS2538: Type 'unique symbol' cannot be used as an index type.
index.ts(417,35): error TS2538: Type 'unique symbol' cannot be used as an index type.
index.ts(420,39): error TS2538: Type 'unique symbol' cannot be used as an index type.
index.ts(421,16): error TS2538: Type 'unique symbol' cannot be used as an index type.
index.ts(422,40): error TS2538: Type 'unique symbol' cannot be used as an index type.
index.ts(424,28): error TS2538: Type 'unique symbol' cannot be used as an index type.
index.ts(430,17): error TS2538: Type 'unique symbol' cannot be used as an index type.
index.ts(434,15): error TS2538: Type 'unique symbol' cannot be used as an index type.
index.ts(435,15): error TS2538: Type 'unique symbol' cannot be used as an index type.
index.ts(436,15): error TS2538: Type 'unique symbol' cannot be used as an index type.
index.ts(438,14): error TS2538: Type 'unique symbol' cannot be used as an index type.
index.ts(439,12): error TS2538: Type 'unique symbol' cannot be used as an index type.
index.ts(440,12): error TS2555: Expected at least 2 arguments, but got 1.
index.ts(441,12): error TS2555: Expected at least 2 arguments, but got 1.
index.ts(442,12): error TS2555: Expected at least 2 arguments, but got 1.
index.ts(443,16): error TS2538: Type 'unique symbol' cannot be used as an index type.
index.ts(444,14): error TS2555: Expected at least 2 arguments, but got 1.
index.ts(445,12): error TS2538: Type 'unique symbol' cannot be used as an index type.
index.ts(451,70): error TS2538: Type 'unique symbol' cannot be used as an index type.
index.ts(455,16): error TS2538: Type 'unique symbol' cannot be used as an index type.
index.ts(460,12): error TS2538: Type 'unique symbol' cannot be used as an index type.
index.ts(462,17): error TS2538: Type 'unique symbol' cannot be used as an index type.
index.ts(462,39): error TS2538: Type 'unique symbol' cannot be used as an index type.
index.ts(468,12): error TS2538: Type 'unique symbol' cannot be used as an index type.
index.ts(499,14): error TS2538: Type 'unique symbol' cannot be used as an index type.
index.ts(502,10): error TS2538: Type 'unique symbol' cannot be used as an index type.
index.ts(504,14): error TS2538: Type 'unique symbol' cannot be used as an index type.
index.ts(511,14): error TS2538: Type 'unique symbol' cannot be used as an index type.
index.ts(512,25): error TS2538: Type 'unique symbol' cannot be used as an index type.
index.ts(532,15): error TS2538: Type 'unique symbol' cannot be used as an index type.
index.ts(533,11): error TS2339: Property 'dataLength' does not exist on type 'any[]'.
index.ts(539,17): error TS2538: Type 'unique symbol' cannot be used as an index type.
index.ts(540,13): error TS2339: Property 'dataLength' does not exist on type 'any[]'.
index.ts(547,17): error TS2538: Type 'unique symbol' cannot be used as an index type.
index.ts(550,16): error TS2538: Type 'unique symbol' cannot be used as an index type.
index.ts(552,20): error TS2538: Type 'unique symbol' cannot be used as an index type.
index.ts(552,70): error TS2339: Property 'dataLength' does not exist on type 'any[]'.
index.ts(560,28): error TS2794: Expected 1 arguments, but got 0. Did you forget to include 'void' in your type argument to 'Promise'?
index.ts(567,24): error TS2554: Expected 1 arguments, but got 0.
index.ts(571,16): error TS2538: Type 'unique symbol' cannot be used as an index type.
index.ts(585,46): error TS2538: Type 'unique symbol' cannot be used as an index type.
index.ts(609,26): error TS2554: Expected 1 arguments, but got 0.
index.ts(617,14): error TS2538: Type 'unique symbol' cannot be used as an index type.
index.ts(621,14): error TS2555: Expected at least 2 arguments, but got 1.
index.ts(625,10): error TS2538: Type 'unique symbol' cannot be used as an index type.
index.ts(629,10): error TS2538: Type 'unique symbol' cannot be used as an index type.
index.ts(631,51): error TS2538: Type 'unique symbol' cannot be used as an index type.
index.ts(637,12): error TS2555: Expected at least 2 arguments, but got 1.

