demo/main.ts(8,28): error TS2339: Property 'regjsparser' does not exist on type 'Window'.
demo/main.ts(16,47): error TS2345: Argument of type 'Date' is not assignable to parameter of type 'string'.
demo/main.ts(25,31): error TS2345: Argument of type 'string | Uint8Array' is not assignable to parameter of type 'string | number | boolean'.
  Type 'Uint8Array' is not assignable to type 'string | number | boolean'.
demo/main.ts(25,79): error TS2304: Cannot find name 'Character'.
demo/main.ts(47,15): error TS2339: Property 'hash' does not exist on type 'HTMLElement'.
demo/main.ts(67,12): error TS2554: Expected 1 arguments, but got 0.
demo/main.ts(70,3): error TS2345: Argument of type 'typeof globalThis' is not assignable to parameter of type 'Window'.
  Property 'name' is missing in type 'typeof globalThis' but required in type 'Window'.
parser.ts(272,7): error TS2322: Type '{}' is not assignable to type 'number'.
parser.ts(275,12): error TS2339: Property 'raw' does not exist on type 'Node'.
parser.ts(275,22): error TS2339: Property 'substring' does not exist on type 'string | Buffer'.
  Property 'substring' does not exist on type 'Buffer'.
parser.ts(275,37): error TS2339: Property 'range' does not exist on type 'Node'.
parser.ts(275,52): error TS2339: Property 'range' does not exist on type 'Node'.
parser.ts(279,35): error TS2552: Cannot find name 'VNode'. Did you mean 'Node'?
parser.ts(284,33): error TS2304: Cannot find name 'AnchorKind'.
parser.ts(286,9): error TS2345: Argument of type '{ type: string; kind: AnchorKind; range: number[]; }' is not assignable to parameter of type 'Node'.
  Object literal may only specify known properties, and 'type' does not exist in type 'Node'.
parser.ts(295,32): error TS2304: Cannot find name 'SyntaxKind'.
parser.ts(297,9): error TS2345: Argument of type '{ type: string; kind: SyntaxKind; codePoint: number; range: number[]; }' is not assignable to parameter of type 'Node'.
  Object literal may only specify known properties, and 'type' does not exist in type 'Node'.
parser.ts(306,56): error TS2339: Property 'length' does not exist on type 'number'.
parser.ts(315,32): error TS2339: Property 'charCodeAt' does not exist on type 'string | number'.
  Property 'charCodeAt' does not exist on type 'number'.
parser.ts(331,9): error TS2345: Argument of type '{ type: string; body: any[]; range: number[]; }' is not assignable to parameter of type 'Node'.
  Object literal may only specify known properties, and 'type' does not exist in type 'Node'.
parser.ts(342,9): error TS2345: Argument of type '{ type: string; range: number[]; }' is not assignable to parameter of type 'Node'.
  Object literal may only specify known properties, and 'type' does not exist in type 'Node'.
parser.ts(352,9): error TS2345: Argument of type '{ type: string; value: string | RegExp; range: number[]; }' is not assignable to parameter of type 'Node'.
  Object literal may only specify known properties, and 'type' does not exist in type 'Node'.
parser.ts(363,9): error TS2345: Argument of type '{ type: string; matchIndex: number; range: number[]; }' is not assignable to parameter of type 'Node'.
  Object literal may only specify known properties, and 'type' does not exist in type 'Node'.
parser.ts(364,30): error TS2345: Argument of type 'number' is not assignable to parameter of type 'string'.
parser.ts(366,32): error TS2339: Property 'length' does not exist on type 'number'.
parser.ts(372,50): error TS2304: Cannot find name 'Identifier'.
parser.ts(374,9): error TS2345: Argument of type '{ type: string; name: any; range: number[]; }' is not assignable to parameter of type 'Node'.
  Object literal may only specify known properties, and 'type' does not exist in type 'Node'.
parser.ts(383,36): error TS2304: Cannot find name 'Behavior'.
parser.ts(383,60): error TS2304: Cannot find name 'Disjunction'.
parser.ts(383,80): error TS2749: 'from' refers to a value, but is being used as a type here. Did you mean 'typeof from'?
parser.ts(383,91): error TS2749: 'to' refers to a value, but is being used as a type here. Did you mean 'typeof to'?
parser.ts(385,9): error TS2345: Argument of type '{ type: string; behavior: Behavior; body: Disjunction; range: any[]; }' is not assignable to parameter of type 'Node'.
  Object literal may only specify known properties, and 'type' does not exist in type 'Node'.
parser.ts(402,9): error TS2345: Argument of type '{ type: string; min: number; max: number; greedy: boolean; body: null; symbol: string; range: number[]; }' is not assignable to parameter of type 'Node'.
  Object literal may only specify known properties, and 'type' does not exist in type 'Node'.
parser.ts(417,9): error TS2345: Argument of type '{ type: string; body: any[]; range: number[]; }' is not assignable to parameter of type 'Node'.
  Object literal may only specify known properties, and 'type' does not exist in type 'Node'.
parser.ts(428,9): error TS2345: Argument of type '{ type: string; kind: any; body: any; negative: boolean; range: number[]; }' is not assignable to parameter of type 'Node'.
  Object literal may only specify known properties, and 'type' does not exist in type 'Node'.
parser.ts(429,24): error TS2339: Property 'kind' does not exist on type 'string'.
parser.ts(430,24): error TS2339: Property 'body' does not exist on type 'string'.
parser.ts(441,15): error TS2339: Property 'codePoint' does not exist on type 'number'.
parser.ts(441,31): error TS2339: Property 'codePoint' does not exist on type 'number'.
parser.ts(442,54): error TS2339: Property 'raw' does not exist on type 'number'.
parser.ts(442,70): error TS2339: Property 'raw' does not exist on type 'number'.
parser.ts(446,9): error TS2345: Argument of type '{ type: string; min: number; max: number; range: number[]; }' is not assignable to parameter of type 'Node'.
  Object literal may only specify known properties, and 'type' does not exist in type 'Node'.
parser.ts(458,9): error TS2345: Argument of type '{ type: string; strings: string[]; range: number[]; }' is not assignable to parameter of type 'Node'.
  Object literal may only specify known properties, and 'type' does not exist in type 'Node'.
parser.ts(466,9): error TS2345: Argument of type '{ type: string; characters: string; range: number[]; }' is not assignable to parameter of type 'Node'.
  Object literal may only specify known properties, and 'type' does not exist in type 'Node'.
parser.ts(473,16): error TS2339: Property 'type' does not exist on type 'Body'.
parser.ts(482,21): error TS2339: Property 'substring' does not exist on type 'string | Buffer'.
  Property 'substring' does not exist on type 'Buffer'.
parser.ts(489,9): error TS2554: Expected 4 arguments, but got 2.
parser.ts(494,23): error TS2345: Argument of type 'string | RegExp' is not assignable to parameter of type 'string'.
  Type 'RegExp' is not assignable to type 'string'.
parser.ts(495,27): error TS2339: Property 'length' does not exist on type 'string | RegExp'.
  Property 'length' does not exist on type 'RegExp'.
parser.ts(512,24): error TS2339: Property 'substring' does not exist on type 'string | Buffer'.
  Property 'substring' does not exist on type 'Buffer'.
parser.ts(584,11): error TS2554: Expected 4 arguments, but got 1.
parser.ts(593,11): error TS2554: Expected 4 arguments, but got 1.
parser.ts(624,9): error TS2554: Expected 4 arguments, but got 1.
parser.ts(658,27): error TS2345: Argument of type 'string' is not assignable to parameter of type 'RegExp'.
parser.ts(690,22): error TS2554: Expected 5 arguments, but got 4.
parser.ts(694,22): error TS2554: Expected 5 arguments, but got 4.
parser.ts(702,22): error TS2554: Expected 5 arguments, but got 4.
parser.ts(756,15): error TS2554: Expected 1 arguments, but got 0.
parser.ts(763,11): error TS2554: Expected 4 arguments, but got 1.
parser.ts(770,25): error TS2339: Property 'lookbehind' does not exist on type 'number'.
parser.ts(770,57): error TS2345: Argument of type 'string' is not assignable to parameter of type 'RegExp'.
parser.ts(773,25): error TS2339: Property 'namedGroups' does not exist on type 'number'.
parser.ts(776,48): error TS2339: Property 'range' does not exist on type 'Node'.
parser.ts(777,15): error TS2339: Property 'name' does not exist on type 'Node'.
parser.ts(780,25): error TS2339: Property 'modifiers' does not exist on type 'number'.
parser.ts(786,27): error TS2345: Argument of type 'string' is not assignable to parameter of type 'RegExp'.
parser.ts(810,11): error TS2554: Expected 4 arguments, but got 1.
parser.ts(813,9): error TS2554: Expected 4 arguments, but got 1.
parser.ts(821,9): error TS2554: Expected 4 arguments, but got 1.
parser.ts(828,22): error TS2339: Property 'modifierFlags' does not exist on type 'Node'.
parser.ts(839,25): error TS2339: Property 'kind' does not exist on type 'number'.
parser.ts(840,32): error TS2339: Property 'codePoint' does not exist on type 'number'.
parser.ts(848,25): error TS2339: Property 'range' does not exist on type 'number'.
parser.ts(849,25): error TS2339: Property 'codePoint' does not exist on type 'number'.
parser.ts(850,25): error TS2339: Property 'type' does not exist on type 'number'.
parser.ts(851,25): error TS2339: Property 'kind' does not exist on type 'number'.
parser.ts(852,20): error TS2345: Argument of type 'number' is not assignable to parameter of type 'Node'.
parser.ts(863,30): error TS2345: Argument of type 'boolean' is not assignable to parameter of type 'RegExp'.
parser.ts(887,18): error TS2554: Expected 4 arguments, but got 3.
parser.ts(889,11): error TS2554: Expected 4 arguments, but got 3.
parser.ts(893,32): error TS2345: Argument of type 'string' is not assignable to parameter of type 'number'.
parser.ts(897,32): error TS2345: Argument of type 'string' is not assignable to parameter of type 'number'.
parser.ts(901,18): error TS2554: Expected 4 arguments, but got 3.
parser.ts(949,34): error TS2345: Argument of type 'string' is not assignable to parameter of type 'number'.
parser.ts(975,32): error TS2345: Argument of type 'string' is not assignable to parameter of type 'number'.
parser.ts(977,32): error TS2345: Argument of type 'string' is not assignable to parameter of type 'number'.
parser.ts(994,27): error TS2339: Property 'unicodePropertyEscape' does not exist on type 'number'.
parser.ts(997,11): error TS2345: Argument of type '{ type: string; negative: boolean; value: any; range: any[]; raw: any; }' is not assignable to parameter of type 'Node'.
  Object literal may only specify known properties, and 'type' does not exist in type 'Node'.
parser.ts(1003,27): error TS2339: Property 'unicodeSet' does not exist on type 'number'.
parser.ts(1010,20): error TS2339: Property 'namedGroups' does not exist on type 'number'.
parser.ts(1022,11): error TS2345: Argument of type 'Node' is not assignable to parameter of type 'number'.
parser.ts(1022,25): error TS2345: Argument of type 'string' is not assignable to parameter of type 'number'.
parser.ts(1026,30): error TS2345: Argument of type 'string' is not assignable to parameter of type 'number'.
parser.ts(1050,16): error TS2554: Expected 4 arguments, but got 3.
parser.ts(1053,30): error TS2345: Argument of type 'string' is not assignable to parameter of type 'number'.
parser.ts(1056,30): error TS2345: Argument of type 'string' is not assignable to parameter of type 'number'.
parser.ts(1068,41): error TS2304: Cannot find name 'Check'.
parser.ts(1072,9): error TS2554: Expected 1 arguments, but got 0.
parser.ts(1074,32): error TS2339: Property 'codePoint' does not exist on type 'number | Node'.
  Property 'codePoint' does not exist on type 'number'.
parser.ts(1077,34): error TS2339: Property 'codePoint' does not exist on type 'number | Node'.
  Property 'codePoint' does not exist on type 'number'.
parser.ts(1079,21): error TS2339: Property 'charCodeAt' does not exist on type 'string | number'.
  Property 'charCodeAt' does not exist on type 'number'.
parser.ts(1081,9): error TS2365: Operator '+=' cannot be applied to types 'string | number' and 'string | number'.
parser.ts(1082,25): error TS2339: Property 'charCodeAt' does not exist on type 'string | number'.
  Property 'charCodeAt' does not exist on type 'number'.
parser.ts(1089,7): error TS2554: Expected 1 arguments, but got 0.
parser.ts(1090,26): error TS2554: Expected 1 arguments, but got 0.
parser.ts(1116,9): error TS2554: Expected 4 arguments, but got 1.
parser.ts(1125,9): error TS2345: Argument of type '{ type: string; value: string | number; range: number[]; }' is not assignable to parameter of type 'Node'.
  Object literal may only specify known properties, and 'type' does not exist in type 'Node'.
parser.ts(1165,67): error TS2345: Argument of type 'string | number' is not assignable to parameter of type 'string'.
  Type 'number' is not assignable to type 'string'.
parser.ts(1168,35): error TS2339: Property 'lookbehind' does not exist on type 'number'.
parser.ts(1171,15): error TS2554: Expected 1 arguments, but got 0.
parser.ts(1172,30): error TS2345: Argument of type 'string' is not assignable to parameter of type 'number'.
parser.ts(1212,11): error TS2554: Expected 4 arguments, but got 1.
parser.ts(1218,43): error TS2304: Cannot find name 'Atom'.
parser.ts(1227,11): error TS2554: Expected 4 arguments, but got 1.
parser.ts(1234,11): error TS2554: Expected 4 arguments, but got 1.
parser.ts(1253,13): error TS2554: Expected 4 arguments, but got 1.
parser.ts(1259,25): error TS2339: Property 'type' does not exist on type '{ kind: any; body: any[]; } | { kind: string; body: any; }'.
  Property 'type' does not exist on type '{ kind: any; body: any[]; }'.
parser.ts(1267,9): error TS2554: Expected 4 arguments, but got 1.
parser.ts(1281,9): error TS2554: Expected 4 arguments, but got 1.
parser.ts(1302,9): error TS2554: Expected 4 arguments, but got 1.
parser.ts(1319,32): error TS2345: Argument of type 'string' is not assignable to parameter of type 'string[]'.
parser.ts(1336,11): error TS2554: Expected 4 arguments, but got 1.
parser.ts(1382,13): error TS2554: Expected 4 arguments, but got 1.
parser.ts(1436,11): error TS2554: Expected 4 arguments, but got 3.
parser.ts(1451,9): error TS2554: Expected 4 arguments, but got 2.
parser.ts(1463,9): error TS2554: Expected 4 arguments, but got 2.
parser.ts(1484,11): error TS2554: Expected 4 arguments, but got 3.
parser.ts(1511,16): error TS2554: Expected 4 arguments, but got 3.
parser.ts(1513,9): error TS2554: Expected 4 arguments, but got 3.
parser.ts(1515,16): error TS2554: Expected 4 arguments, but got 3.
parser.ts(1555,32): error TS2345: Argument of type 'any[]' is not assignable to parameter of type 'string'.
parser.ts(1568,34): error TS2339: Property 'substring' does not exist on type 'string | Buffer'.
  Property 'substring' does not exist on type 'Buffer'.
parser.ts(1578,40): error TS2339: Property 'indexOf' does not exist on type 'number | ""'.
  Property 'indexOf' does not exist on type 'number'.
parser.ts(1579,43): error TS2339: Property 'indexOf' does not exist on type 'number | ""'.
  Property 'indexOf' does not exist on type 'number'.
parser.ts(1583,40): error TS2339: Property 'unicodeSet' does not exist on type 'number'.
parser.ts(1600,7): error TS2554: Expected 4 arguments, but got 3.
parser.ts(1631,12): error TS2339: Property 'regjsparser' does not exist on type 'Window & typeof globalThis'.

