index.ts(83,37): error TS2304: Cannot find name 'Path'.
index.ts(83,37): error TS4078: Parameter 'path' of exported function has or is using private name 'Path'.
index.ts(96,27): error TS2503: Cannot find namespace 'http'.
index.ts(96,27): error TS4078: Parameter 'req' of exported function has or is using private name 'http'.
index.ts(96,65): error TS2503: Cannot find namespace 'url'.
index.ts(96,65): error TS4078: Parameter 'path' of exported function has or is using private name 'url'.
index.ts(281,18): error TS2339: Property 'headers' does not exist on type 'Error'.
index.ts(282,25): error TS2339: Property 'headers' does not exist on type 'Error'.
index.ts(335,32): error TS2367: This comparison appears to be unintentional because the types 'RegExp' and 'string' have no overlap.
index.ts(413,17): error TS2339: Property 'code' does not exist on type 'Error'.
index.ts(521,13): error TS2339: Property 'indexOf' does not exist on type 'string | number'.
  Property 'indexOf' does not exist on type 'number'.
index.ts(534,29): error TS2345: Argument of type 'string | number' is not assignable to parameter of type 'string'.
  Type 'number' is not assignable to type 'string'.
index.ts(541,18): error TS2339: Property 'split' does not exist on type 'string | number'.
  Property 'split' does not exist on type 'number'.
index.ts(547,29): error TS2345: Argument of type 'string | number' is not assignable to parameter of type 'string'.
  Type 'number' is not assignable to type 'string'.
index.ts(602,50): error TS2304: Cannot find name 'Path'.
index.ts(602,63): error TS2304: Cannot find name 'Stats'.
index.ts(663,38): error TS2554: Expected 3 arguments, but got 2.
index.ts(691,8): error TS2339: Property 'start' does not exist on type '{}'.
index.ts(692,8): error TS2339: Property 'end' does not exist on type '{}'.
index.ts(717,53): error TS2503: Cannot find namespace 'fs'.
index.ts(718,20): error TS2339: Property 'code' does not exist on type 'Error'.
index.ts(738,45): error TS2503: Cannot find namespace 'fs'.
index.ts(740,38): error TS2554: Expected 1 arguments, but got 0.
index.ts(766,45): error TS2503: Cannot find namespace 'fs'.
index.ts(768,38): error TS2554: Expected 1 arguments, but got 0.
index.ts(774,3): error TS2554: Expected 1 arguments, but got 0.
index.ts(785,54): error TS2749: 'path' refers to a value, but is being used as a type here. Did you mean 'typeof path'?
index.ts(825,50): error TS2304: Cannot find name 'Path'.
index.ts(852,75): error TS2304: Cannot find name 'Stats'.
index.ts(897,9): error TS2339: Property 'removeHeader' does not exist on type 'Response'.
index.ts(945,38): error TS2339: Property 'start' does not exist on type 'Range'.
index.ts(945,58): error TS2339: Property 'end' does not exist on type 'Range'.
index.ts(999,31): error TS2345: Argument of type 'string | Buffer' is not assignable to parameter of type 'string'.
  Type 'Buffer' is not assignable to type 'string'.
index.ts(1014,21): error TS2339: Property 'getHeaderNames' does not exist on type 'Response'.
index.ts(1015,23): error TS2551: Property '_headers' does not exist on type 'Response'. Did you mean 'headers'?
index.ts(1016,11): error TS2339: Property 'getHeaderNames' does not exist on type 'Response'.
index.ts(1031,33): error TS2304: Cannot find name 'EventEmitter'.
index.ts(1031,33): error TS4078: Parameter 'emitter' of exported function has or is using private name 'EventEmitter'.
index.ts(1047,28): error TS2503: Cannot find namespace 'http'.
index.ts(1047,28): error TS4078: Parameter 'res' of exported function has or is using private name 'http'.
index.ts(1081,38): error TS2345: Argument of type 'string | Date' is not assignable to parameter of type 'string'.
  Type 'Date' is not assignable to type 'string'.
index.ts(1141,9): error TS2339: Property 'setHeader' does not exist on type 'Response'.

