browser/type-check.ts(314,36): error TS1110: Type expected.
browser/type-check.ts(533,70): error TS1005: '{' expected.
browser/type-check.ts(533,71): error TS1128: Declaration or statement expected.
browser/type-check.ts(533,76): error TS1005: ',' expected.
browser/type-check.ts(533,88): error TS1005: ',' expected.
browser/type-check.ts(533,89): error TS1005: ';' expected.
browser/type-check.ts(540,2): error TS1128: Declaration or statement expected.
browser/type-check.ts(835,65): error TS1128: Declaration or statement expected.
browser/type-check.ts(835,82): error TS1005: ';' expected.
browser/type-check.ts(835,83): error TS1005: ';' expected.
browser/type-check.ts(838,2): error TS1128: Declaration or statement expected.
browser/type-check.ts(1107,27): error TS1128: Declaration or statement expected.
browser/type-check.ts(1107,42): error TS1005: ';' expected.
browser/type-check.ts(1123,29): error TS1110: Type expected.
browser/type-check.ts(1123,30): error TS1109: Expression expected.
browser/type-check.ts(1124,2): error TS1128: Declaration or statement expected.
browser/type-check.ts(1124,5): error TS1128: Declaration or statement expected.
browser/type-check.ts(1124,6): error TS1128: Declaration or statement expected.
browser/type-check.ts(1124,8): error TS1005: ';' expected.
browser/type-check.ts(1255,8): error TS1005: ';' expected.
browser/type-check.ts(1410,8): error TS1005: ';' expected.
browser/type-check.ts(1416,29): error TS1110: Type expected.
browser/type-check.ts(1419,23): error TS1110: Type expected.
browser/type-check.ts(1428,23): error TS1110: Type expected.
browser/type-check.ts(1443,25): error TS1110: Type expected.
browser/type-check.ts(1454,28): error TS1110: Type expected.
browser/type-check.ts(1457,25): error TS1110: Type expected.
browser/type-check.ts(1458,60): error TS1110: Type expected.
browser/type-check.ts(1458,61): error TS1109: Expression expected.
browser/type-check.ts(1458,65): error TS1005: ',' expected.
browser/type-check.ts(1458,77): error TS1109: Expression expected.
browser/type-check.ts(1458,78): error TS1109: Expression expected.
browser/type-check.ts(1458,80): error TS1005: ';' expected.
browser/type-check.ts(1460,4): error TS1128: Declaration or statement expected.
browser/type-check.ts(1503,8): error TS1005: ';' expected.
browser/type-check.ts(1682,85): error TS1005: ';' expected.
browser/type-check.ts(1700,34): error TS1128: Declaration or statement expected.
browser/type-check.ts(1700,35): error TS1128: Declaration or statement expected.
browser/type-check.ts(1700,38): error TS1128: Declaration or statement expected.
browser/type-check.ts(1700,41): error TS1005: ';' expected.
lib/parse-type.ts(177,36): error TS1110: Type expected.

