karma.conf.ts(3,21): error TS2307: Cannot find module 'webpack' or its corresponding type declarations.
karma.conf.ts(5,26): error TS7006: Parameter 'config' implicitly has an 'any' type.
karma.conf.ts(5,35): error TS2304: Cannot find name 'Config'.
lib/atob.ts(33,5): error TS2322: Type 'null' is not assignable to type 'string'.
lib/atob.ts(57,15): error TS2363: The right-hand side of an arithmetic operation must be of type 'any', 'number', 'bigint' or an enum type.
lib/atob.ts(98,3): error TS2322: Type 'number | undefined' is not assignable to type 'string'.
  Type 'undefined' is not assignable to type 'string'.
lib/btoa.ts(19,7): error TS2322: Type 'null' is not assignable to type 'string'.
lib/btoa.ts(24,36): error TS2322: Type 'undefined' is not assignable to type 'string'.
lib/btoa.ts(24,47): error TS2322: Type 'undefined' is not assignable to type 'string'.
lib/btoa.ts(24,58): error TS2322: Type 'undefined' is not assignable to type 'string'.
lib/btoa.ts(24,69): error TS2322: Type 'undefined' is not assignable to type 'string'.
lib/btoa.ts(25,5): error TS2322: Type 'number' is not assignable to type 'string'.
lib/btoa.ts(26,5): error TS2322: Type 'number' is not assignable to type 'string'.
lib/btoa.ts(28,7): error TS2362: The left-hand side of an arithmetic operation must be of type 'any', 'number', 'bigint' or an enum type.
lib/btoa.ts(29,7): error TS2322: Type 'number' is not assignable to type 'string'.
lib/btoa.ts(32,7): error TS2362: The left-hand side of an arithmetic operation must be of type 'any', 'number', 'bigint' or an enum type.
lib/btoa.ts(33,7): error TS2322: Type 'number' is not assignable to type 'string'.
lib/btoa.ts(39,27): error TS2345: Argument of type 'string' is not assignable to parameter of type 'number'.
lib/btoa.ts(59,3): error TS2322: Type 'undefined' is not assignable to type 'string'.
../../../../node_modules/@types/get-intrinsic/internal/intrinsics.d.ts(11,25): error TS2304: Cannot find name 'AggregateErrorConstructor'.
../../../../node_modules/@types/get-intrinsic/internal/intrinsics.d.ts(126,42): error TS2304: Cannot find name 'AggregateError'.
../../../../node_modules/@types/get-intrinsic/internal/intrinsics.d.ts(127,47): error TS2304: Cannot find name 'AggregateError'.
../../../../node_modules/@types/get-intrinsic/internal/intrinsics.d.ts(128,50): error TS2304: Cannot find name 'AggregateError'.
../../../../node_modules/@types/get-intrinsic/internal/intrinsics.d.ts(418,37): error TS2550: Property 'any' does not exist on type 'PromiseConstructor'. Do you need to change your target library? Try changing the 'lib' compiler option to 'es2021' or later.
../../../../node_modules/@types/get-intrinsic/internal/intrinsics.d.ts(514,62): error TS2550: Property 'replaceAll' does not exist on type 'String'. Do you need to change your target library? Try changing the 'lib' compiler option to 'es2021' or later.

