aws4.ts(9,28): error TS7006: Parameter 'string' implicitly has an 'any' type.
aws4.ts(10,73): error TS2345: Argument of type 'string' is not assignable to parameter of type 'BinaryToTextEncoding'.
aws4.ts(13,15): error TS7006: Parameter 'string' implicitly has an 'any' type.
aws4.ts(14,68): error TS2345: Argument of type 'string' is not assignable to parameter of type 'BinaryToTextEncoding'.
aws4.ts(49,21): error TS2683: 'this' implicitly has type 'any' because it does not have a type annotation.
aws4.ts(49,38): error TS2683: 'this' implicitly has type 'any' because it does not have a type annotation.
aws4.ts(49,54): error TS2683: 'this' implicitly has type 'any' because it does not have a type annotation.
aws4.ts(51,3): error TS2683: 'this' implicitly has type 'any' because it does not have a type annotation.
aws4.ts(52,3): error TS2683: 'this' implicitly has type 'any' because it does not have a type annotation.
aws4.ts(52,37): error TS2683: 'this' implicitly has type 'any' because it does not have a type annotation.
aws4.ts(54,3): error TS2683: 'this' implicitly has type 'any' because it does not have a type annotation.
aws4.ts(55,3): error TS2683: 'this' implicitly has type 'any' because it does not have a type annotation.
aws4.ts(58,7): error TS2683: 'this' implicitly has type 'any' because it does not have a type annotation.
aws4.ts(58,33): error TS2683: 'this' implicitly has type 'any' because it does not have a type annotation.
aws4.ts(64,56): error TS2683: 'this' implicitly has type 'any' because it does not have a type annotation.
aws4.ts(73,3): error TS2683: 'this' implicitly has type 'any' because it does not have a type annotation.
aws4.ts(73,26): error TS2683: 'this' implicitly has type 'any' because it does not have a type annotation.
aws4.ts(209,65): error TS2339: Property 'get' does not exist on type 'number'.
aws4.ts(211,13): error TS2554: Expected 3 arguments, but got 2.
aws4.ts(212,15): error TS2554: Expected 3 arguments, but got 2.
aws4.ts(213,16): error TS2554: Expected 3 arguments, but got 2.
aws4.ts(214,20): error TS2554: Expected 3 arguments, but got 2.
aws4.ts(215,22): error TS2339: Property 'set' does not exist on type 'number'.
aws4.ts(371,10): error TS7009: 'new' expression, whose target lacks a construct signature, implicitly has an 'any' type.
browser/index.ts(1,18): error TS2307: Cannot find module 'aws4' or its corresponding type declarations.
browser/index.ts(14,1): error TS2531: Object is possibly 'null'.
example.ts(2,18): error TS2307: Cannot find module '.' or its corresponding type declarations.
lru.ts(1,25): error TS7006: Parameter 'size' implicitly has an 'any' type.
lru.ts(2,10): error TS7009: 'new' expression, whose target lacks a construct signature, implicitly has an 'any' type.
lru.ts(6,3): error TS2683: 'this' implicitly has type 'any' because it does not have a type annotation.
lru.ts(7,3): error TS2683: 'this' implicitly has type 'any' because it does not have a type annotation.
lru.ts(8,3): error TS2683: 'this' implicitly has type 'any' because it does not have a type annotation.
lru.ts(8,15): error TS7009: 'new' expression, whose target lacks a construct signature, implicitly has an 'any' type.
lru.ts(25,12): error TS7009: 'new' expression, whose target lacks a construct signature, implicitly has an 'any' type.
lru.ts(47,3): error TS2683: 'this' implicitly has type 'any' because it does not have a type annotation.
lru.ts(48,3): error TS2683: 'this' implicitly has type 'any' because it does not have a type annotation.
lru.ts(92,3): error TS2683: 'this' implicitly has type 'any' because it does not have a type annotation.
lru.ts(93,3): error TS2683: 'this' implicitly has type 'any' because it does not have a type annotation.
lru.ts(94,3): error TS2683: 'this' implicitly has type 'any' because it does not have a type annotation.
lru.ts(95,3): error TS2683: 'this' implicitly has type 'any' because it does not have a type annotation.

