index.ts(11,7): error TS2322: Type '(string: any, toLowerCase: string, toUpperCase: string) => any' is not assignable to type 'string'.
index.ts(11,36): error TS7006: Parameter 'string' implicitly has an 'any' type.
index.ts(31,22): error TS2349: This expression is not callable.
  Type 'String' has no call signatures.
index.ts(31,62): error TS2349: This expression is not callable.
  Type 'String' has no call signatures.
index.ts(33,22): error TS2349: This expression is not callable.
  Type 'String' has no call signatures.
index.ts(33,62): error TS2349: This expression is not callable.
  Type 'String' has no call signatures.
index.ts(40,46): error TS2322: Type '(input: string, toLowerCase: string) => string' is not assignable to type 'string'.
index.ts(43,56): error TS2349: This expression is not callable.
  Type 'String' has no call signatures.
index.ts(46,29): error TS2322: Type '(input: string, toUpperCase: string) => string' is not assignable to type 'string'.
index.ts(50,85): error TS2349: This expression is not callable.
  Type 'String' has no call signatures.
index.ts(51,51): error TS2349: This expression is not callable.
  Type 'String' has no call signatures.
index.ts(77,8): error TS2322: Type '(string: any) => any' is not assignable to type 'string'.
index.ts(78,5): error TS7006: Parameter 'string' implicitly has an 'any' type.
index.ts(79,5): error TS7006: Parameter 'string' implicitly has an 'any' type.
index.ts(81,8): error TS2322: Type '(string: any) => any' is not assignable to type 'string'.
index.ts(82,5): error TS7006: Parameter 'string' implicitly has an 'any' type.
index.ts(83,5): error TS7006: Parameter 'string' implicitly has an 'any' type.
index.ts(90,31): error TS2349: This expression is not callable.
  Type 'String' has no call signatures.
index.ts(90,52): error TS2349: This expression is not callable.
  Type 'String' has no call signatures.
index.ts(93,8): error TS2322: Type 'boolean' is not assignable to type 'string'.
index.ts(93,41): error TS2349: This expression is not callable.
  Type 'String' has no call signatures.
index.ts(96,11): error TS2349: This expression is not callable.
  Type 'String' has no call signatures.
index.ts(100,49): error TS2349: This expression is not callable.
  Type 'String' has no call signatures.
index.ts(100,100): error TS2349: This expression is not callable.
  Type 'String' has no call signatures.
index.ts(103,11): error TS2349: This expression is not callable.
  Type 'String' has no call signatures.
index.ts(106,9): error TS2349: This expression is not callable.
  Type 'String' has no call signatures.

