fixture/all-telugu-chars.ts(9,8): error TS2322: Type 'string' is not assignable to type 'RegExp'.
fixture/all-telugu-chars.ts(18,43): error TS2345: Argument of type 'number | undefined' is not assignable to parameter of type 'number'.
  Type 'undefined' is not assignable to type 'number'.
fixture/all-telugu-chars.ts(23,43): error TS2345: Argument of type 'number | undefined' is not assignable to parameter of type 'number'.
  Type 'undefined' is not assignable to type 'number'.
fixture/all-telugu-chars.ts(28,43): error TS2345: Argument of type 'number | undefined' is not assignable to parameter of type 'number'.
  Type 'undefined' is not assignable to type 'number'.
fixture/all-telugu-chars.ts(28,76): error TS2339: Property 'codePointAt' does not exist on type 'RegExp'.
fixture/all-telugu-chars.ts(36,43): error TS2345: Argument of type 'number | undefined' is not assignable to parameter of type 'number'.
  Type 'undefined' is not assignable to type 'number'.
fixture/all-telugu-chars.ts(41,43): error TS2345: Argument of type 'number | undefined' is not assignable to parameter of type 'number'.
  Type 'undefined' is not assignable to type 'number'.
fixture/all-telugu-chars.ts(45,2): error TS2322: Type 'any[]' is not assignable to type 'void'.
index.ts(5,8): error TS2322: Type 'string' is not assignable to type 'RegExp'.
index.ts(6,8): error TS2322: Type 'string' is not assignable to type 'RegExp'.
index.ts(7,8): error TS2322: Type 'string' is not assignable to type 'RegExp'.
index.ts(8,8): error TS2322: Type 'string' is not assignable to type 'RegExp'.
index.ts(9,8): error TS2322: Type 'string' is not assignable to type 'RegExp'.
index.ts(10,8): error TS2322: Type 'string' is not assignable to type 'RegExp'.
index.ts(11,29): error TS2365: Operator '+' cannot be applied to types 'RegExp' and 'RegExp'.
index.ts(12,8): error TS2322: Type 'string' is not assignable to type 'RegExp'.
index.ts(15,8): error TS2322: Type 'string' is not assignable to type 'RegExp'.
index.ts(16,8): error TS2322: Type 'string' is not assignable to type 'RegExp'.
index.ts(17,8): error TS2322: Type 'string' is not assignable to type 'RegExp'.
index.ts(18,8): error TS2322: Type 'string' is not assignable to type 'RegExp'.
index.ts(19,8): error TS2322: Type 'string' is not assignable to type 'RegExp'.
index.ts(20,8): error TS2322: Type 'string' is not assignable to type 'RegExp'.
index.ts(29,8): error TS2322: Type 'string' is not assignable to type 'RegExp'.
index.ts(32,8): error TS2322: Type 'string' is not assignable to type 'RegExp'.
index.ts(33,8): error TS2322: Type 'string' is not assignable to type 'RegExp'.
index.ts(34,8): error TS2322: Type 'string' is not assignable to type 'RegExp'.
index.ts(35,8): error TS2322: Type 'string' is not assignable to type 'RegExp'.
index.ts(46,2): error TS2322: Type 'RegExp' is not assignable to type 'void'.
../../../../node_modules/@types/get-intrinsic/internal/intrinsics.d.ts(11,25): error TS2304: Cannot find name 'AggregateErrorConstructor'.
../../../../node_modules/@types/get-intrinsic/internal/intrinsics.d.ts(126,42): error TS2304: Cannot find name 'AggregateError'.
../../../../node_modules/@types/get-intrinsic/internal/intrinsics.d.ts(127,47): error TS2304: Cannot find name 'AggregateError'.
../../../../node_modules/@types/get-intrinsic/internal/intrinsics.d.ts(128,50): error TS2304: Cannot find name 'AggregateError'.
../../../../node_modules/@types/get-intrinsic/internal/intrinsics.d.ts(418,37): error TS2550: Property 'any' does not exist on type 'PromiseConstructor'. Do you need to change your target library? Try changing the 'lib' compiler option to 'es2021' or later.
../../../../node_modules/@types/get-intrinsic/internal/intrinsics.d.ts(514,62): error TS2550: Property 'replaceAll' does not exist on type 'String'. Do you need to change your target library? Try changing the 'lib' compiler option to 'es2021' or later.

