examples/normal-usage.ts(1,8): error TS1192: Module '"/mnt/data/mhyee/not-type-inference/data/DeepTyper-out/top1k-typed-nodeps-es6/baseline/colors/lib/index"' has no default export.
examples/normal-usage.ts(3,38): error TS2339: Property 'yellow' does not exist on type '"First some yellow text"'.
examples/normal-usage.ts(5,35): error TS2339: Property 'yellow' does not exist on type '"Underline that text"'.
examples/normal-usage.ts(7,36): error TS2339: Property 'red' does not exist on type '"Make it bold and red"'.
examples/normal-usage.ts(9,46): error TS2339: Property 'rainbow' does not exist on type '"Double Raindows All Day Long"'.
examples/normal-usage.ts(11,29): error TS2339: Property 'trap' does not exist on type '"Drop the bass"'.
examples/normal-usage.ts(13,37): error TS2339: Property 'trap' does not exist on type '"DROP THE RAINBOW BASS"'.
examples/normal-usage.ts(16,42): error TS2339: Property 'italic' does not exist on type '() => string'.
examples/normal-usage.ts(19,19): error TS2339: Property 'green' does not exist on type '"So "'.
examples/normal-usage.ts(19,33): error TS2339: Property 'underline' does not exist on type '"are"'.
examples/normal-usage.ts(19,61): error TS2339: Property 'inverse' does not exist on type '"inverse"'.
examples/normal-usage.ts(20,17): error TS2339: Property 'yellow' does not exist on type '" styles! "'.
examples/normal-usage.ts(21,34): error TS2339: Property 'zebra' does not exist on type '"Zebras are so fun!"'.
examples/normal-usage.ts(26,32): error TS2339: Property 'strikethrough' does not exist on type '"not"'.
examples/normal-usage.ts(28,40): error TS2339: Property 'black' does not exist on type '"Background color attack!"'.
examples/normal-usage.ts(29,48): error TS2339: Property 'random' does not exist on type '"Use random styles on everything!"'.
examples/normal-usage.ts(30,35): error TS2339: Property 'america' does not exist on type '"America, Heck Yeah!"'.
examples/normal-usage.ts(32,27): error TS2339: Property 'brightCyan' does not exist on type '"Blindingly "'.
examples/normal-usage.ts(32,51): error TS2339: Property 'brightRed' does not exist on type '"bright? "'.
examples/normal-usage.ts(32,70): error TS2339: Property 'brightYellow' does not exist on type '"Why "'.
examples/normal-usage.ts(32,93): error TS2339: Property 'brightGreen' does not exist on type '"not?!"'.
examples/normal-usage.ts(39,45): error TS2339: Property 'green' does not exist on type '"Generic logging theme as JSON"'.
examples/normal-usage.ts(55,32): error TS2339: Property 'error' does not exist on type '"this is an error"'.
examples/normal-usage.ts(58,33): error TS2339: Property 'warn' does not exist on type '"this is a warning"'.
examples/normal-usage.ts(61,32): error TS2339: Property 'input' does not exist on type '"this is an input"'.
examples/normal-usage.ts(63,45): error TS2339: Property 'green' does not exist on type '"Generic logging theme as file"'.
examples/normal-usage.ts(73,32): error TS2339: Property 'error' does not exist on type '"this is an error"'.
examples/normal-usage.ts(76,33): error TS2339: Property 'warn' does not exist on type '"this is a warning"'.
examples/normal-usage.ts(79,32): error TS2339: Property 'input' does not exist on type '"this is an input"'.
examples/safe-string.ts(1,8): error TS1192: Module '"safe"' has no default export.
lib/colors.ts(87,38): error TS2345: Argument of type 'IArguments' is not assignable to parameter of type '[]'.
lib/colors.ts(102,5): error TS7053: Element implicitly has an 'any' type because expression of type 'string' can't be used to index type '{}'.
  No index signature with a parameter of type 'string' was found on type '{}'.
lib/colors.ts(131,27): error TS2683: 'this' implicitly has type 'any' because it does not have a type annotation.
lib/colors.ts(177,5): error TS7053: Element implicitly has an 'any' type because expression of type 'string' can't be used to index type '{}'.
  No index signature with a parameter of type 'string' was found on type '{}'.
lib/custom/american.ts(2,41): error TS2339: Property 'yellow' does not exist on type '"LIBERTY LIBERTY LIBERTY"'.
lib/custom/american.ts(3,41): error TS2339: Property 'america' does not exist on type '"LIBERTY LIBERTY LIBERTY"'.
lib/custom/american.ts(4,41): error TS2339: Property 'yellow' does not exist on type '"LIBERTY LIBERTY LIBERTY"'.
lib/custom/trap.ts(4,3): error TS2322: Type 'string[]' is not assignable to type 'string'.
lib/custom/trap.ts(35,8): error TS2339: Property 'forEach' does not exist on type 'string'.
lib/custom/zalgo.ts(51,15): error TS2367: This condition will always return 'false' since the types 'number' and 'string' have no overlap.
lib/custom/zalgo.ts(70,5): error TS2322: Type 'string[]' is not assignable to type 'string'.
lib/custom/zalgo.ts(71,15): error TS2407: The right-hand side of a 'for...in' statement must be of type 'any', an object type or a type parameter, but here has type 'string'.
lib/extendStringPrototype.ts(1,8): error TS1192: Module '"/mnt/data/mhyee/not-type-inference/data/DeepTyper-out/top1k-typed-nodeps-es6/baseline/colors/lib/colors"' has no default export.
lib/extendStringPrototype.ts(7,27): error TS2322: Type '(color: any, func: any) => void' is not assignable to type 'void'.
lib/extendStringPrototype.ts(8,22): error TS2339: Property '__defineGetter__' does not exist on type 'String'.
lib/extendStringPrototype.ts(11,3): error TS2349: This expression is not callable.
  Type 'void' has no call signatures.
lib/extendStringPrototype.ts(12,25): error TS2683: 'this' implicitly has type 'any' because it does not have a type annotation.
lib/extendStringPrototype.ts(15,3): error TS2349: This expression is not callable.
  Type 'void' has no call signatures.
lib/extendStringPrototype.ts(16,25): error TS2683: 'this' implicitly has type 'any' because it does not have a type annotation.
lib/extendStringPrototype.ts(19,3): error TS2349: This expression is not callable.
  Type 'void' has no call signatures.
lib/extendStringPrototype.ts(20,24): error TS2683: 'this' implicitly has type 'any' because it does not have a type annotation.
lib/extendStringPrototype.ts(23,3): error TS2349: This expression is not callable.
  Type 'void' has no call signatures.
lib/extendStringPrototype.ts(24,25): error TS2683: 'this' implicitly has type 'any' because it does not have a type annotation.
lib/extendStringPrototype.ts(27,3): error TS2349: This expression is not callable.
  Type 'void' has no call signatures.
lib/extendStringPrototype.ts(28,25): error TS2683: 'this' implicitly has type 'any' because it does not have a type annotation.
lib/extendStringPrototype.ts(31,3): error TS2349: This expression is not callable.
  Type 'void' has no call signatures.
lib/extendStringPrototype.ts(32,27): error TS2683: 'this' implicitly has type 'any' because it does not have a type annotation.
lib/extendStringPrototype.ts(35,3): error TS2349: This expression is not callable.
  Type 'void' has no call signatures.
lib/extendStringPrototype.ts(36,26): error TS2683: 'this' implicitly has type 'any' because it does not have a type annotation.
lib/extendStringPrototype.ts(39,3): error TS2349: This expression is not callable.
  Type 'void' has no call signatures.
lib/extendStringPrototype.ts(40,27): error TS2683: 'this' implicitly has type 'any' because it does not have a type annotation.
lib/extendStringPrototype.ts(48,5): error TS2349: This expression is not callable.
  Type 'void' has no call signatures.
lib/extendStringPrototype.ts(49,29): error TS2683: 'this' implicitly has type 'any' because it does not have a type annotation.
lib/extendStringPrototype.ts(70,30): error TS2339: Property 'red' does not exist on type '"warn: "'.
lib/extendStringPrototype.ts(70,64): error TS2339: Property 'magenta' does not exist on type 'string'.
lib/extendStringPrototype.ts(76,11): error TS2349: This expression is not callable.
  Type 'void' has no call signatures.
lib/extendStringPrototype.ts(77,33): error TS2683: 'this' implicitly has type 'any' because it does not have a type annotation.
lib/extendStringPrototype.ts(81,35): error TS2683: 'this' implicitly has type 'any' because it does not have a type annotation.
lib/extendStringPrototype.ts(87,11): error TS2349: This expression is not callable.
  Type 'void' has no call signatures.
lib/index.ts(1,8): error TS1192: Module '"/mnt/data/mhyee/not-type-inference/data/DeepTyper-out/top1k-typed-nodeps-es6/baseline/colors/lib/colors"' has no default export.
lib/index.ts(23,73): error TS2339: Property 'zalgo' does not exist on type '"testing testing testing testing testing testing testing"'.
lib/styles.ts(92,20): error TS7053: Element implicitly has an 'any' type because expression of type 'string' can't be used to index type '{}'.
  No index signature with a parameter of type 'string' was found on type '{}'.
lib/system/has-flag.ts(27,36): error TS7006: Parameter 'argv' implicitly has an 'any' type.
lib/system/has-flag.ts(34,25): error TS2367: This condition will always return 'false' since the types 'boolean' and 'number' have no overlap.
lib/system/has-flag.ts(34,55): error TS2365: Operator '<' cannot be applied to types 'number' and 'boolean'.
lib/system/supports-colors.ts(33,5): error TS2322: Type 'undefined' is not assignable to type 'boolean'.
lib/system/supports-colors.ts(34,5): error TS2554: Expected 2 arguments, but got 1.
lib/system/supports-colors.ts(34,28): error TS2554: Expected 2 arguments, but got 1.
lib/system/supports-colors.ts(34,52): error TS2554: Expected 2 arguments, but got 1.
lib/system/supports-colors.ts(36,12): error TS2554: Expected 2 arguments, but got 1.
lib/system/supports-colors.ts(36,32): error TS2554: Expected 2 arguments, but got 1.
lib/system/supports-colors.ts(36,53): error TS2554: Expected 2 arguments, but got 1.
lib/system/supports-colors.ts(37,15): error TS2554: Expected 2 arguments, but got 1.
lib/system/supports-colors.ts(50,3): error TS2322: Type '{ level: number; hasBasic: boolean; has256: boolean; has16m: boolean; }' is not assignable to type 'boolean'.
lib/system/supports-colors.ts(60,5): error TS2322: Type 'number' is not assignable to type 'boolean'.
lib/system/supports-colors.ts(63,7): error TS2554: Expected 2 arguments, but got 1.
lib/system/supports-colors.ts(63,31): error TS2554: Expected 2 arguments, but got 1.
lib/system/supports-colors.ts(64,10): error TS2554: Expected 2 arguments, but got 1.
lib/system/supports-colors.ts(65,5): error TS2322: Type 'number' is not assignable to type 'boolean'.
lib/system/supports-colors.ts(68,7): error TS2554: Expected 2 arguments, but got 1.
lib/system/supports-colors.ts(69,5): error TS2322: Type 'number' is not assignable to type 'boolean'.
lib/system/supports-colors.ts(73,5): error TS2322: Type 'number' is not assignable to type 'boolean'.
lib/system/supports-colors.ts(88,7): error TS2322: Type 'number' is not assignable to type 'boolean'.
  Type 'number' is not assignable to type 'boolean'.
lib/system/supports-colors.ts(91,5): error TS2322: Type 'number' is not assignable to type 'boolean'.
lib/system/supports-colors.ts(98,7): error TS2322: Type 'number' is not assignable to type 'boolean'.
lib/system/supports-colors.ts(105,5): error TS2322: Type 'number' is not assignable to type 'boolean'.
  Type 'number' is not assignable to type 'boolean'.
lib/system/supports-colors.ts(114,9): error TS2322: Type 'number' is not assignable to type 'boolean'.
lib/system/supports-colors.ts(116,9): error TS2322: Type 'number' is not assignable to type 'boolean'.
lib/system/supports-colors.ts(118,9): error TS2322: Type 'number' is not assignable to type 'boolean'.
lib/system/supports-colors.ts(124,5): error TS2322: Type 'number' is not assignable to type 'boolean'.
lib/system/supports-colors.ts(128,5): error TS2322: Type 'number' is not assignable to type 'boolean'.
lib/system/supports-colors.ts(132,5): error TS2322: Type 'number' is not assignable to type 'boolean'.
lib/system/supports-colors.ts(143,7): error TS2322: Type 'boolean' is not assignable to type 'number'.
safe.ts(9,8): error TS1192: Module '"/mnt/data/mhyee/not-type-inference/data/DeepTyper-out/top1k-typed-nodeps-es6/baseline/colors/lib/colors"' has no default export.

