index.ts(3,23): error TS2322: Type '(v: PropertyKey) => boolean' is not assignable to type 'boolean'.
index.ts(4,21): error TS2322: Type '() => string' is not assignable to type 'string'.
index.ts(6,5): error TS2322: Type '(o: any, p: PropertyKey) => PropertyDescriptor | undefined' is not assignable to type 'boolean'.
index.ts(8,5): error TS2322: Type '(arr: any) => any' is not assignable to type 'boolean'.
index.ts(13,15): error TS2339: Property 'call' does not exist on type 'string'.
index.ts(16,39): error TS2322: Type '(obj: any) => boolean' is not assignable to type 'boolean'.
index.ts(17,20): error TS2339: Property 'call' does not exist on type 'string'.
index.ts(21,42): error TS2339: Property 'call' does not exist on type 'boolean'.
index.ts(22,85): error TS2339: Property 'call' does not exist on type 'boolean'.
index.ts(32,46): error TS2339: Property 'call' does not exist on type 'boolean'.
index.ts(36,34): error TS2322: Type '(target: any, options: any) => void' is not assignable to type 'void'.
index.ts(53,15): error TS2339: Property 'call' does not exist on type 'boolean'.
index.ts(57,11): error TS2349: This expression is not callable.
  Type 'Boolean' has no call signatures.
index.ts(94,27): error TS2349: This expression is not callable.
  Type 'Boolean' has no call signatures.
index.ts(94,65): error TS2349: This expression is not callable.
  Type 'Boolean' has no call signatures.
index.ts(97,23): error TS2349: This expression is not callable.
  Type 'Boolean' has no call signatures.
index.ts(99,23): error TS2349: This expression is not callable.
  Type 'Boolean' has no call signatures.
index.ts(103,7): error TS2349: This expression is not callable.
  Type 'void' has no call signatures.
index.ts(103,58): error TS2554: Expected 0 arguments, but got 3.
index.ts(107,7): error TS2349: This expression is not callable.
  Type 'void' has no call signatures.
../../../../node_modules/@types/get-intrinsic/internal/intrinsics.d.ts(11,25): error TS2304: Cannot find name 'AggregateErrorConstructor'.
../../../../node_modules/@types/get-intrinsic/internal/intrinsics.d.ts(126,42): error TS2304: Cannot find name 'AggregateError'.
../../../../node_modules/@types/get-intrinsic/internal/intrinsics.d.ts(127,47): error TS2304: Cannot find name 'AggregateError'.
../../../../node_modules/@types/get-intrinsic/internal/intrinsics.d.ts(128,50): error TS2304: Cannot find name 'AggregateError'.
../../../../node_modules/@types/get-intrinsic/internal/intrinsics.d.ts(418,37): error TS2550: Property 'any' does not exist on type 'PromiseConstructor'. Do you need to change your target library? Try changing the 'lib' compiler option to 'es2021' or later.
../../../../node_modules/@types/get-intrinsic/internal/intrinsics.d.ts(514,62): error TS2550: Property 'replaceAll' does not exist on type 'String'. Do you need to change your target library? Try changing the 'lib' compiler option to 'es2021' or later.

