bigfraction.ts(45,16): error TS2739: Type '(n: number) => number' is missing the following properties from type 'BigIntConstructor': asIntN, asUintN
bigfraction.ts(47,9): error TS2322: Type 'bigint' is not assignable to type 'number'.
bigfraction.ts(48,9): error TS2322: Type 'bigint' is not assignable to type 'number'.
bigfraction.ts(49,9): error TS2322: Type 'bigint' is not assignable to type 'number'.
bigfraction.ts(50,9): error TS2322: Type 'bigint' is not assignable to type 'number'.
bigfraction.ts(51,9): error TS2322: Type 'bigint' is not assignable to type 'number'.
bigfraction.ts(68,7): error TS2322: Type 'bigint' is not assignable to type 'number'.
bigfraction.ts(120,23): error TS2322: Type '(p1: any, p2: any) => void' is not assignable to type 'void'.
bigfraction.ts(127,7): error TS2322: Type 'bigint' is not assignable to type 'number'.
bigfraction.ts(128,7): error TS2322: Type 'bigint' is not assignable to type 'number'.
bigfraction.ts(137,9): error TS2322: Type 'bigint' is not assignable to type 'number'.
bigfraction.ts(138,9): error TS2322: Type 'bigint' is not assignable to type 'number'.
bigfraction.ts(140,11): error TS2365: Operator '*=' cannot be applied to types 'number' and 'bigint'.
bigfraction.ts(142,9): error TS2322: Type 'bigint' is not assignable to type 'number'.
bigfraction.ts(144,11): error TS2322: Type 'bigint' is not assignable to type 'number'.
bigfraction.ts(146,9): error TS2322: Type 'bigint' is not assignable to type 'number'.
bigfraction.ts(146,20): error TS2345: Argument of type 'BigInt' is not assignable to parameter of type 'string | number | bigint | boolean'.
bigfraction.ts(152,7): error TS2322: Type 'bigint' is not assignable to type 'number'.
bigfraction.ts(153,7): error TS2322: Type 'bigint' is not assignable to type 'number'.
bigfraction.ts(167,9): error TS2322: Type 'bigint' is not assignable to type 'number'.
bigfraction.ts(219,9): error TS2322: Type 'bigint' is not assignable to type 'number'.
bigfraction.ts(220,9): error TS2322: Type 'bigint' is not assignable to type 'number'.
bigfraction.ts(254,15): error TS2365: Operator '**' cannot be applied to types 'number' and 'bigint'.
bigfraction.ts(261,15): error TS2365: Operator '**' cannot be applied to types 'number' and 'bigint'.
bigfraction.ts(336,5): error TS2322: Type 'bigint' is not assignable to type 'number'.
bigfraction.ts(348,9): error TS2322: Type 'bigint' is not assignable to type 'number'.
bigfraction.ts(382,5): error TS2349: This expression is not callable.
  Type 'void' has no call signatures.
bigfraction.ts(431,7): error TS2349: This expression is not callable.
  Type 'void' has no call signatures.
bigfraction.ts(445,7): error TS2349: This expression is not callable.
  Type 'void' has no call signatures.
bigfraction.ts(459,7): error TS2349: This expression is not callable.
  Type 'void' has no call signatures.
bigfraction.ts(473,7): error TS2349: This expression is not callable.
  Type 'void' has no call signatures.
bigfraction.ts(500,7): error TS2349: This expression is not callable.
  Type 'void' has no call signatures.
bigfraction.ts(532,7): error TS2349: This expression is not callable.
  Type 'void' has no call signatures.
bigfraction.ts(546,7): error TS2349: This expression is not callable.
  Type 'void' has no call signatures.
bigfraction.ts(572,7): error TS2349: This expression is not callable.
  Type 'void' has no call signatures.
bigfraction.ts(611,9): error TS2365: Operator '*=' cannot be applied to types 'number' and 'bigint'.
bigfraction.ts(611,13): error TS2791: Exponentiation cannot be performed on 'bigint' values unless the 'target' option is set to 'es2016' or later.
bigfraction.ts(621,13): error TS2791: Exponentiation cannot be performed on 'bigint' values unless the 'target' option is set to 'es2016' or later.
bigfraction.ts(637,7): error TS2349: This expression is not callable.
  Type 'void' has no call signatures.
bigfraction.ts(648,7): error TS2349: This expression is not callable.
  Type 'void' has no call signatures.
bigfraction.ts(651,14): error TS2362: The left-hand side of an arithmetic operation must be of type 'any', 'number', 'bigint' or an enum type.
bigfraction.ts(651,29): error TS2363: The right-hand side of an arithmetic operation must be of type 'any', 'number', 'bigint' or an enum type.
bigfraction.ts(661,16): error TS2365: Operator '**' cannot be applied to types 'number' and 'bigint'.
bigfraction.ts(675,16): error TS2365: Operator '**' cannot be applied to types 'number' and 'bigint'.
bigfraction.ts(689,16): error TS2365: Operator '**' cannot be applied to types 'number' and 'bigint'.
bigfraction.ts(718,7): error TS2349: This expression is not callable.
  Type 'void' has no call signatures.
bigfraction.ts(886,14): error TS2304: Cannot find name 'define'.
bigfraction.ts(886,39): error TS2304: Cannot find name 'define'.
bigfraction.ts(887,5): error TS2304: Cannot find name 'define'.
bigfraction.ts(899,4): error TS2345: Argument of type 'typeof globalThis' is not assignable to parameter of type 'string'.
examples/angles.ts(11,22): error TS2306: File 'fraction.min.ts' is not a module.
examples/angles.ts(19,11): error TS2339: Property 'd' does not exist on type 'number'.
examples/angles.ts(19,24): error TS2339: Property 'd' does not exist on type 'number'.
examples/angles.ts(22,12): error TS2339: Property 'toFraction' does not exist on type 'number'.
examples/angles.ts(23,13): error TS2339: Property 'toFraction' does not exist on type 'number'.
examples/approx.ts(51,14): error TS2304: Cannot find name 'Fraction'.
examples/egyptian.ts(15,35): error TS2363: The right-hand side of an arithmetic operation must be of type 'any', 'number', 'bigint' or an enum type.
examples/egyptian.ts(16,22): error TS2304: Cannot find name 'Fraction'.
examples/egyptian.ts(20,12): error TS2367: This condition will always return 'true' since the types 'string' and 'number' have no overlap.
examples/egyptian.ts(23,31): error TS2345: Argument of type 'number' is not assignable to parameter of type 'string'.
examples/hesse-convergence.ts(9,22): error TS2306: File 'fraction.min.ts' is not a module.
examples/integrate.ts(12,22): error TS2306: File 'fraction.min.ts' is not a module.
examples/rational-pow.ts(13,20): error TS2552: Cannot find name 'Fraction'. Did you mean 'toFraction'?
examples/rational-pow.ts(14,21): error TS2304: Cannot find name 'Fraction'.
examples/rational-pow.ts(17,25): error TS2339: Property 'sub' does not exist on type 'number'.
examples/rational-pow.ts(17,32): error TS2339: Property 'pow' does not exist on type 'number'.
examples/rational-pow.ts(17,55): error TS2339: Property 'pow' does not exist on type 'number'.
examples/rational-pow.ts(19,12): error TS2339: Property 'n' does not exist on type 'number'.
examples/rational-pow.ts(19,21): error TS2339: Property 'n' does not exist on type 'number'.
examples/rational-pow.ts(19,29): error TS2339: Property 'd' does not exist on type 'number'.
examples/rational-pow.ts(19,38): error TS2339: Property 'd' does not exist on type 'number'.
examples/rational-pow.ts(20,7): error TS2322: Type 'number' is not assignable to type 'string'.
examples/tape-measure.ts(15,16): error TS2304: Cannot find name 'Fraction'.
examples/tape-measure.ts(15,41): error TS2304: Cannot find name 'Fraction'.
examples/toFraction.ts(31,19): error TS2339: Property 'n' does not exist on type 'string'.
examples/toFraction.ts(31,34): error TS2339: Property 'd' does not exist on type 'string'.
examples/toFraction.ts(31,45): error TS2339: Property 'toFraction' does not exist on type 'string'.
examples/toFraction.ts(33,28): error TS2304: Cannot find name 'Fraction'.
examples/valueOfPi.ts(1,22): error TS2307: Cannot find module 'fraction.js' or its corresponding type declarations.
fraction.min.ts(8,279): error TS2339: Property 'n' does not exist on type 'never'.
fraction.min.ts(8,285): error TS2339: Property 'd' does not exist on type 'never'.
fraction.min.ts(8,302): error TS2339: Property 's' does not exist on type 'never'.
fraction.min.ts(9,193): error TS2339: Property 'match' does not exist on type 'never'.
fraction.min.ts(9,289): error TS2339: Property 'length' does not exist on type 'number'.
fraction.min.ts(9,393): error TS2339: Property 'length' does not exist on type 'number'.
fraction.min.ts(10,240): error TS2339: Property 'length' does not exist on type 'number'.
fraction.min.ts(10,448): error TS2345: Argument of type 'number' is not assignable to parameter of type 'string'.
fraction.min.ts(11,265): error TS2322: Type '{}' is not assignable to type 'number'.
fraction.min.ts(13,130): error TS2350: Only a void function can be called with the 'new' keyword.
fraction.min.ts(13,130): error TS2554: Expected 2 arguments, but got 1.
fraction.min.ts(14,15): error TS2350: Only a void function can be called with the 'new' keyword.
fraction.min.ts(14,15): error TS2554: Expected 2 arguments, but got 1.
fraction.min.ts(14,145): error TS2350: Only a void function can be called with the 'new' keyword.
fraction.min.ts(14,145): error TS2554: Expected 2 arguments, but got 1.
fraction.min.ts(14,276): error TS2350: Only a void function can be called with the 'new' keyword.
fraction.min.ts(14,276): error TS2554: Expected 2 arguments, but got 1.
fraction.min.ts(15,86): error TS2407: The right-hand side of a 'for...in' statement must be of type 'any', an object type or a type parameter, but here has type 'number'.
fraction.min.ts(15,204): error TS2407: The right-hand side of a 'for...in' statement must be of type 'any', an object type or a type parameter, but here has type 'number'.
fraction.min.ts(15,504): error TS2362: The left-hand side of an arithmetic operation must be of type 'any', 'number', 'bigint' or an enum type.
fraction.min.ts(15,510): error TS2363: The right-hand side of an arithmetic operation must be of type 'any', 'number', 'bigint' or an enum type.
fraction.min.ts(16,137): error TS2339: Property 'inverse' does not exist on type 'number'.
fraction.min.ts(16,162): error TS2339: Property 'sub' does not exist on type 'number'.
fraction.min.ts(16,196): error TS2339: Property 'mul' does not exist on type 'number'.
fraction.min.ts(18,120): error TS2322: Type 'string' is not assignable to type 'number'.
  Type 'string' is not assignable to type 'number'.
fraction.min.ts(18,160): error TS2322: Type 'string' is not assignable to type 'number'.
fraction.min.ts(18,207): error TS2322: Type 'string' is not assignable to type 'number'.
fraction.min.ts(18,247): error TS2322: Type 'string' is not assignable to type 'number'.
fraction.min.ts(18,330): error TS2304: Cannot find name 'define'.
fraction.min.ts(18,338): error TS2304: Cannot find name 'define'.
fraction.min.ts(18,349): error TS2304: Cannot find name 'define'.
fraction.ts(58,28): error TS2345: Argument of type 'number' is not assignable to parameter of type 'string'.
fraction.ts(109,21): error TS2322: Type '(p1: any, p2: any) => void' is not assignable to type 'void'.
fraction.ts(213,13): error TS2322: Type 'RegExpMatchArray' is not assignable to type 'number'.
fraction.ts(225,19): error TS2339: Property 'length' does not exist on type 'number'.
fraction.ts(235,31): error TS2339: Property 'length' does not exist on type 'number'.
fraction.ts(259,19): error TS2339: Property 'length' does not exist on type 'number'.
fraction.ts(368,5): error TS2349: This expression is not callable.
  Type 'void' has no call signatures.
fraction.ts(417,7): error TS2349: This expression is not callable.
  Type 'void' has no call signatures.
fraction.ts(431,7): error TS2349: This expression is not callable.
  Type 'void' has no call signatures.
fraction.ts(445,7): error TS2349: This expression is not callable.
  Type 'void' has no call signatures.
fraction.ts(459,7): error TS2349: This expression is not callable.
  Type 'void' has no call signatures.
fraction.ts(483,16): error TS2350: Only a void function can be called with the 'new' keyword.
fraction.ts(483,16): error TS2554: Expected 2 arguments, but got 1.
fraction.ts(490,7): error TS2349: This expression is not callable.
  Type 'void' has no call signatures.
fraction.ts(522,7): error TS2349: This expression is not callable.
  Type 'void' has no call signatures.
fraction.ts(536,7): error TS2349: This expression is not callable.
  Type 'void' has no call signatures.
fraction.ts(556,16): error TS2350: Only a void function can be called with the 'new' keyword.
fraction.ts(556,16): error TS2554: Expected 2 arguments, but got 1.
fraction.ts(571,16): error TS2350: Only a void function can be called with the 'new' keyword.
fraction.ts(571,16): error TS2554: Expected 2 arguments, but got 1.
fraction.ts(586,16): error TS2350: Only a void function can be called with the 'new' keyword.
fraction.ts(586,16): error TS2554: Expected 2 arguments, but got 1.
fraction.ts(608,7): error TS2349: This expression is not callable.
  Type 'void' has no call signatures.
fraction.ts(647,22): error TS2345: Argument of type 'string' is not assignable to parameter of type 'number'.
fraction.ts(657,22): error TS2345: Argument of type 'string' is not assignable to parameter of type 'number'.
fraction.ts(673,7): error TS2349: This expression is not callable.
  Type 'void' has no call signatures.
fraction.ts(684,7): error TS2349: This expression is not callable.
  Type 'void' has no call signatures.
fraction.ts(686,14): error TS2362: The left-hand side of an arithmetic operation must be of type 'any', 'number', 'bigint' or an enum type.
fraction.ts(686,24): error TS2363: The right-hand side of an arithmetic operation must be of type 'any', 'number', 'bigint' or an enum type.
fraction.ts(721,7): error TS2349: This expression is not callable.
  Type 'void' has no call signatures.
fraction.ts(878,14): error TS2304: Cannot find name 'define'.
fraction.ts(878,39): error TS2304: Cannot find name 'define'.
fraction.ts(879,5): error TS2304: Cannot find name 'define'.

