clone.ts(19,38): error TS2345: Argument of type 'PropertyDescriptor | undefined' is not assignable to parameter of type 'PropertyDescriptor & ThisType<any>'.
  Type 'undefined' is not assignable to type 'PropertyDescriptor & ThisType<any>'.
    Type 'undefined' is not assignable to type 'PropertyDescriptor'.
graceful-fs.ts(36,42): error TS2345: Argument of type 'IArguments' is not assignable to parameter of type '[format?: any, ...param: any[]]'.
graceful-fs.ts(42,6): error TS7053: Element implicitly has an 'any' type because expression of type 'any' can't be used to index type 'typeof import("fs")'.
graceful-fs.ts(44,20): error TS7053: Element implicitly has an 'any' type because expression of type 'any' can't be used to index type 'typeof globalThis'.
graceful-fs.ts(51,3): error TS2741: Property '__promisify__' is missing in type '(fd: any, cb: any) => void' but required in type 'typeof close'.
graceful-fs.ts(60,20): error TS2683: 'this' implicitly has type 'any' because it does not have a type annotation.
graceful-fs.ts(73,30): error TS2345: Argument of type 'IArguments' is not assignable to parameter of type '[fd: number]'.
graceful-fs.ts(85,13): error TS7053: Element implicitly has an 'any' type because expression of type 'any' can't be used to index type 'typeof import("fs")'.
graceful-fs.ts(86,31): error TS7053: Element implicitly has an 'any' type because expression of type 'any' can't be used to index type 'typeof import("fs")'.
graceful-fs.ts(91,6): error TS7053: Element implicitly has an 'any' type because expression of type 'any' can't be used to index type 'typeof globalThis'.
graceful-fs.ts(92,24): error TS7053: Element implicitly has an 'any' type because expression of type 'any' can't be used to index type 'typeof import("fs")'.
graceful-fs.ts(95,1): error TS2528: A module cannot have multiple default exports.
graceful-fs.ts(96,54): error TS2339: Property '__patched' does not exist on type 'typeof import("fs")'.
graceful-fs.ts(97,3): error TS1258: A default export must be at the top level of a file or module declaration.
graceful-fs.ts(97,3): error TS2528: A module cannot have multiple default exports.
graceful-fs.ts(98,6): error TS2339: Property '__patched' does not exist on type 'typeof import("fs")'.
graceful-fs.ts(114,12): error TS2554: Expected 4 arguments, but got 3.
graceful-fs.ts(122,22): error TS2683: 'this' implicitly has type 'any' because it does not have a type annotation.
graceful-fs.ts(134,12): error TS2554: Expected 5 arguments, but got 4.
graceful-fs.ts(142,22): error TS2683: 'this' implicitly has type 'any' because it does not have a type annotation.
graceful-fs.ts(155,12): error TS2554: Expected 5 arguments, but got 4.
graceful-fs.ts(163,22): error TS2683: 'this' implicitly has type 'any' because it does not have a type annotation.
graceful-fs.ts(177,12): error TS2554: Expected 5 arguments, but got 4.
graceful-fs.ts(185,22): error TS2683: 'this' implicitly has type 'any' because it does not have a type annotation.
graceful-fs.ts(210,12): error TS2554: Expected 4 arguments, but got 3.
graceful-fs.ts(227,21): error TS2683: 'this' implicitly has type 'any' because it does not have a type annotation.
graceful-fs.ts(235,5): error TS2630: Cannot assign to 'ReadStream' because it is a function.
graceful-fs.ts(236,5): error TS2630: Cannot assign to 'WriteStream' because it is a function.
graceful-fs.ts(256,7): error TS2630: Cannot assign to 'ReadStream' because it is a function.
graceful-fs.ts(266,7): error TS2630: Cannot assign to 'WriteStream' because it is a function.
graceful-fs.ts(297,9): error TS2683: 'this' implicitly has type 'any' because it does not have a type annotation.
graceful-fs.ts(298,34): error TS2683: 'this' implicitly has type 'any' because it does not have a type annotation.
graceful-fs.ts(298,52): error TS2683: 'this' implicitly has type 'any' because it does not have a type annotation.
graceful-fs.ts(300,68): error TS2345: Argument of type 'IArguments' is not assignable to parameter of type '[path: string, options: any]'.
graceful-fs.ts(304,15): error TS2526: A 'this' type is available only in a non-static member of a class or interface.
graceful-fs.ts(304,22): error TS2683: 'this' implicitly has type 'any' because it does not have a type annotation.
graceful-fs.ts(320,9): error TS2683: 'this' implicitly has type 'any' because it does not have a type annotation.
graceful-fs.ts(321,35): error TS2683: 'this' implicitly has type 'any' because it does not have a type annotation.
graceful-fs.ts(321,53): error TS2683: 'this' implicitly has type 'any' because it does not have a type annotation.
graceful-fs.ts(323,70): error TS2345: Argument of type 'IArguments' is not assignable to parameter of type '[path: string, options: any]'.
graceful-fs.ts(327,15): error TS2526: A 'this' type is available only in a non-static member of a class or interface.
graceful-fs.ts(327,22): error TS2683: 'this' implicitly has type 'any' because it does not have a type annotation.
graceful-fs.ts(353,12): error TS2554: Expected 5 arguments, but got 4.
graceful-fs.ts(361,22): error TS2683: 'this' implicitly has type 'any' because it does not have a type annotation.
graceful-fs.ts(372,3): error TS7053: Element implicitly has an 'any' type because expression of type 'any' can't be used to index type 'typeof import("fs")'.
graceful-fs.ts(384,23): error TS7053: Element implicitly has an 'any' type because expression of type 'any' can't be used to index type 'typeof import("fs")'.
graceful-fs.ts(387,9): error TS7053: Element implicitly has an 'any' type because expression of type 'any' can't be used to index type 'typeof import("fs")'.
graceful-fs.ts(388,7): error TS7053: Element implicitly has an 'any' type because expression of type 'any' can't be used to index type 'typeof import("fs")'.
graceful-fs.ts(389,7): error TS7053: Element implicitly has an 'any' type because expression of type 'any' can't be used to index type 'typeof import("fs")'.
graceful-fs.ts(398,16): error TS2769: No overload matches this call.
  Overload 1 of 2, '(timeoutId: string | number | Timeout | undefined): void', gave the following error.
    Argument of type 'void' is not assignable to parameter of type 'string | number | Timeout | undefined'.
  Overload 2 of 2, '(id?: number | undefined): void', gave the following error.
    Argument of type 'void' is not assignable to parameter of type 'number | undefined'.
graceful-fs.ts(401,7): error TS7053: Element implicitly has an 'any' type because expression of type 'any' can't be used to index type 'typeof import("fs")'.
graceful-fs.ts(404,19): error TS7053: Element implicitly has an 'any' type because expression of type 'any' can't be used to index type 'typeof import("fs")'.
graceful-fs.ts(439,7): error TS7053: Element implicitly has an 'any' type because expression of type 'any' can't be used to index type 'typeof import("fs")'.
graceful-fs.ts(445,5): error TS2322: Type 'Timeout' is not assignable to type 'void'.
legacy-streams.ts(12,11): error TS2683: 'this' implicitly has type 'any' because it does not have a type annotation.
legacy-streams.ts(12,47): error TS7009: 'new' expression, whose target lacks a construct signature, implicitly has an 'any' type.
legacy-streams.ts(14,17): error TS2683: 'this' implicitly has type 'any' because it does not have a type annotation.
legacy-streams.ts(16,15): error TS2526: A 'this' type is available only in a non-static member of a class or interface.
legacy-streams.ts(16,22): error TS2683: 'this' implicitly has type 'any' because it does not have a type annotation.
legacy-streams.ts(18,5): error TS2683: 'this' implicitly has type 'any' because it does not have a type annotation.
legacy-streams.ts(19,5): error TS2683: 'this' implicitly has type 'any' because it does not have a type annotation.
legacy-streams.ts(20,5): error TS2683: 'this' implicitly has type 'any' because it does not have a type annotation.
legacy-streams.ts(21,5): error TS2683: 'this' implicitly has type 'any' because it does not have a type annotation.
legacy-streams.ts(23,5): error TS2683: 'this' implicitly has type 'any' because it does not have a type annotation.
legacy-streams.ts(24,5): error TS2683: 'this' implicitly has type 'any' because it does not have a type annotation.
legacy-streams.ts(25,5): error TS2683: 'this' implicitly has type 'any' because it does not have a type annotation.
legacy-streams.ts(33,7): error TS2683: 'this' implicitly has type 'any' because it does not have a type annotation.
legacy-streams.ts(36,9): error TS2683: 'this' implicitly has type 'any' because it does not have a type annotation.
legacy-streams.ts(36,24): error TS2683: 'this' implicitly has type 'any' because it does not have a type annotation.
legacy-streams.ts(36,41): error TS2683: 'this' implicitly has type 'any' because it does not have a type annotation.
legacy-streams.ts(38,9): error TS2683: 'this' implicitly has type 'any' because it does not have a type annotation.
legacy-streams.ts(39,31): error TS2683: 'this' implicitly has type 'any' because it does not have a type annotation.
legacy-streams.ts(42,11): error TS2683: 'this' implicitly has type 'any' because it does not have a type annotation.
legacy-streams.ts(43,9): error TS2683: 'this' implicitly has type 'any' because it does not have a type annotation.
legacy-streams.ts(44,38): error TS2683: 'this' implicitly has type 'any' because it does not have a type annotation.
legacy-streams.ts(48,11): error TS2683: 'this' implicitly has type 'any' because it does not have a type annotation.
legacy-streams.ts(48,24): error TS2683: 'this' implicitly has type 'any' because it does not have a type annotation.
legacy-streams.ts(52,7): error TS2683: 'this' implicitly has type 'any' because it does not have a type annotation.
legacy-streams.ts(52,18): error TS2683: 'this' implicitly has type 'any' because it does not have a type annotation.
legacy-streams.ts(55,9): error TS2683: 'this' implicitly has type 'any' because it does not have a type annotation.
legacy-streams.ts(62,13): error TS2683: 'this' implicitly has type 'any' because it does not have a type annotation.
legacy-streams.ts(62,24): error TS2683: 'this' implicitly has type 'any' because it does not have a type annotation.
legacy-streams.ts(62,36): error TS2683: 'this' implicitly has type 'any' because it does not have a type annotation.
legacy-streams.ts(76,11): error TS2683: 'this' implicitly has type 'any' because it does not have a type annotation.
legacy-streams.ts(76,48): error TS7009: 'new' expression, whose target lacks a construct signature, implicitly has an 'any' type.
legacy-streams.ts(78,17): error TS2683: 'this' implicitly has type 'any' because it does not have a type annotation.
legacy-streams.ts(80,5): error TS2683: 'this' implicitly has type 'any' because it does not have a type annotation.
legacy-streams.ts(81,5): error TS2683: 'this' implicitly has type 'any' because it does not have a type annotation.
legacy-streams.ts(82,5): error TS2683: 'this' implicitly has type 'any' because it does not have a type annotation.
legacy-streams.ts(84,5): error TS2683: 'this' implicitly has type 'any' because it does not have a type annotation.
legacy-streams.ts(85,5): error TS2683: 'this' implicitly has type 'any' because it does not have a type annotation.
legacy-streams.ts(86,5): error TS2683: 'this' implicitly has type 'any' because it does not have a type annotation.
legacy-streams.ts(87,5): error TS2683: 'this' implicitly has type 'any' because it does not have a type annotation.
legacy-streams.ts(95,7): error TS2683: 'this' implicitly has type 'any' because it does not have a type annotation.
legacy-streams.ts(98,9): error TS2683: 'this' implicitly has type 'any' because it does not have a type annotation.
legacy-streams.ts(99,31): error TS2683: 'this' implicitly has type 'any' because it does not have a type annotation.
legacy-streams.ts(102,11): error TS2683: 'this' implicitly has type 'any' because it does not have a type annotation.
legacy-streams.ts(106,7): error TS2683: 'this' implicitly has type 'any' because it does not have a type annotation.
legacy-streams.ts(106,18): error TS2683: 'this' implicitly has type 'any' because it does not have a type annotation.
legacy-streams.ts(109,5): error TS2683: 'this' implicitly has type 'any' because it does not have a type annotation.
legacy-streams.ts(110,5): error TS2683: 'this' implicitly has type 'any' because it does not have a type annotation.
legacy-streams.ts(112,9): error TS2683: 'this' implicitly has type 'any' because it does not have a type annotation.
legacy-streams.ts(113,7): error TS2683: 'this' implicitly has type 'any' because it does not have a type annotation.
legacy-streams.ts(114,7): error TS2683: 'this' implicitly has type 'any' because it does not have a type annotation.
legacy-streams.ts(114,25): error TS2683: 'this' implicitly has type 'any' because it does not have a type annotation.
legacy-streams.ts(114,37): error TS2683: 'this' implicitly has type 'any' because it does not have a type annotation.
legacy-streams.ts(114,48): error TS2683: 'this' implicitly has type 'any' because it does not have a type annotation.
legacy-streams.ts(114,60): error TS2683: 'this' implicitly has type 'any' because it does not have a type annotation.
legacy-streams.ts(115,7): error TS2683: 'this' implicitly has type 'any' because it does not have a type annotation.
polyfills.ts(99,24): error TS7006: Parameter 'from' implicitly has an 'any' type.
polyfills.ts(102,52): error TS2366: Function lacks ending return statement and return type does not include 'undefined'.
polyfills.ts(116,13): error TS2322: Type 'undefined' is not assignable to type 'boolean'.
polyfills.ts(138,21): error TS2339: Property 'apply' does not exist on type 'never'.
polyfills.ts(138,27): error TS2683: 'this' implicitly has type 'any' because it does not have a type annotation.
polyfills.ts(156,13): error TS2571: Object is of type 'unknown'.
polyfills.ts(254,26): error TS2683: 'this' implicitly has type 'any' because it does not have a type annotation.
polyfills.ts(276,26): error TS2683: 'this' implicitly has type 'any' because it does not have a type annotation.
polyfills.ts(283,5): error TS2322: Type '(target: any, uid: any, gid: number) => any' is not assignable to type 'string'.
polyfills.ts(306,26): error TS2683: 'this' implicitly has type 'any' because it does not have a type annotation.

