index.ts(3,22): error TS2322: Type '(schema: any, opts: any, cb: any) => void' is not assignable to type 'void'.
index.ts(14,3): error TS2554: Expected 10 arguments, but got 6.
index.ts(21,10): error TS2339: Property 'keywords' does not exist on type 'void'.
index.ts(33,10): error TS2339: Property 'arrayKeywords' does not exist on type 'void'.
index.ts(40,10): error TS2339: Property 'propsKeywords' does not exist on type 'void'.
index.ts(48,10): error TS2339: Property 'skipKeywords' does not exist on type 'void'.
index.ts(76,29): error TS2339: Property 'arrayKeywords' does not exist on type 'void'.
index.ts(78,100): error TS2345: Argument of type 'string' is not assignable to parameter of type 'boolean'.
index.ts(80,34): error TS2339: Property 'propsKeywords' does not exist on type 'void'.
index.ts(83,40): error TS7053: Element implicitly has an 'any' type because expression of type 'string' can't be used to index type 'Object'.
  No index signature with a parameter of type 'string' was found on type 'Object'.
index.ts(83,121): error TS2345: Argument of type 'string' is not assignable to parameter of type 'boolean'.
index.ts(85,34): error TS2339: Property 'keywords' does not exist on type 'void'.
index.ts(85,81): error TS2339: Property 'skipKeywords' does not exist on type 'void'.
index.ts(86,9): error TS2554: Expected 10 arguments, but got 9.
spec/fixtures/schema.ts(95,47): error TS2345: Argument of type 'string' is not assignable to parameter of type 'number'.
spec/fixtures/schema.ts(96,47): error TS2345: Argument of type 'string' is not assignable to parameter of type 'number'.
spec/fixtures/schema.ts(97,46): error TS2345: Argument of type 'string' is not assignable to parameter of type 'number'.
spec/fixtures/schema.ts(98,46): error TS2345: Argument of type 'string' is not assignable to parameter of type 'number'.
spec/fixtures/schema.ts(99,53): error TS2345: Argument of type 'string' is not assignable to parameter of type 'number'.
spec/fixtures/schema.ts(100,53): error TS2345: Argument of type 'string' is not assignable to parameter of type 'number'.
spec/fixtures/schema.ts(101,48): error TS2345: Argument of type 'string' is not assignable to parameter of type 'number'.
spec/fixtures/schema.ts(102,48): error TS2345: Argument of type 'string' is not assignable to parameter of type 'number'.
spec/index.spec.ts(6,1): error TS2582: Cannot find name 'describe'. Do you need to install type definitions for a test runner? Try `npm i --save-dev @types/jest` or `npm i --save-dev @types/mocha`.
spec/index.spec.ts(9,3): error TS2304: Cannot find name 'beforeEach'.
spec/index.spec.ts(13,3): error TS2582: Cannot find name 'it'. Do you need to install type definitions for a test runner? Try `npm i --save-dev @types/jest` or `npm i --save-dev @types/mocha`.
spec/index.spec.ts(17,5): error TS2349: This expression is not callable.
  Type 'void' has no call signatures.
spec/index.spec.ts(21,3): error TS2582: Cannot find name 'describe'. Do you need to install type definitions for a test runner? Try `npm i --save-dev @types/jest` or `npm i --save-dev @types/mocha`.
spec/index.spec.ts(22,5): error TS2582: Cannot find name 'it'. Do you need to install type definitions for a test runner? Try `npm i --save-dev @types/jest` or `npm i --save-dev @types/mocha`.
spec/index.spec.ts(26,7): error TS2349: This expression is not callable.
  Type 'void' has no call signatures.
spec/index.spec.ts(30,5): error TS2582: Cannot find name 'it'. Do you need to install type definitions for a test runner? Try `npm i --save-dev @types/jest` or `npm i --save-dev @types/mocha`.
spec/index.spec.ts(35,7): error TS2349: This expression is not callable.
  Type 'void' has no call signatures.
spec/index.spec.ts(41,3): error TS2582: Cannot find name 'describe'. Do you need to install type definitions for a test runner? Try `npm i --save-dev @types/jest` or `npm i --save-dev @types/mocha`.
spec/index.spec.ts(49,5): error TS2582: Cannot find name 'it'. Do you need to install type definitions for a test runner? Try `npm i --save-dev @types/jest` or `npm i --save-dev @types/mocha`.
spec/index.spec.ts(56,7): error TS2349: This expression is not callable.
  Type 'void' has no call signatures.
spec/index.spec.ts(61,5): error TS2582: Cannot find name 'it'. Do you need to install type definitions for a test runner? Try `npm i --save-dev @types/jest` or `npm i --save-dev @types/mocha`.
spec/index.spec.ts(67,7): error TS2349: This expression is not callable.
  Type 'void' has no call signatures.
spec/index.spec.ts(72,5): error TS2582: Cannot find name 'it'. Do you need to install type definitions for a test runner? Try `npm i --save-dev @types/jest` or `npm i --save-dev @types/mocha`.
spec/index.spec.ts(78,7): error TS2349: This expression is not callable.
  Type 'void' has no call signatures.
spec/index.spec.ts(83,5): error TS2582: Cannot find name 'it'. Do you need to install type definitions for a test runner? Try `npm i --save-dev @types/jest` or `npm i --save-dev @types/mocha`.
spec/index.spec.ts(112,7): error TS2349: This expression is not callable.
  Type 'void' has no call signatures.
spec/index.spec.ts(117,3): error TS2582: Cannot find name 'describe'. Do you need to install type definitions for a test runner? Try `npm i --save-dev @types/jest` or `npm i --save-dev @types/mocha`.
spec/index.spec.ts(126,5): error TS2582: Cannot find name 'it'. Do you need to install type definitions for a test runner? Try `npm i --save-dev @types/jest` or `npm i --save-dev @types/mocha`.
spec/index.spec.ts(127,7): error TS2349: This expression is not callable.
  Type 'void' has no call signatures.
spec/index.spec.ts(136,5): error TS2582: Cannot find name 'it'. Do you need to install type definitions for a test runner? Try `npm i --save-dev @types/jest` or `npm i --save-dev @types/mocha`.
spec/index.spec.ts(137,7): error TS2349: This expression is not callable.
  Type 'void' has no call signatures.
spec/index.spec.ts(146,5): error TS2582: Cannot find name 'it'. Do you need to install type definitions for a test runner? Try `npm i --save-dev @types/jest` or `npm i --save-dev @types/mocha`.
spec/index.spec.ts(147,7): error TS2349: This expression is not callable.
  Type 'void' has no call signatures.
../../../../node_modules/@types/get-intrinsic/internal/intrinsics.d.ts(11,25): error TS2304: Cannot find name 'AggregateErrorConstructor'.
../../../../node_modules/@types/get-intrinsic/internal/intrinsics.d.ts(126,42): error TS2304: Cannot find name 'AggregateError'.
../../../../node_modules/@types/get-intrinsic/internal/intrinsics.d.ts(127,47): error TS2304: Cannot find name 'AggregateError'.
../../../../node_modules/@types/get-intrinsic/internal/intrinsics.d.ts(128,50): error TS2304: Cannot find name 'AggregateError'.
../../../../node_modules/@types/get-intrinsic/internal/intrinsics.d.ts(418,37): error TS2550: Property 'any' does not exist on type 'PromiseConstructor'. Do you need to change your target library? Try changing the 'lib' compiler option to 'es2021' or later.
../../../../node_modules/@types/get-intrinsic/internal/intrinsics.d.ts(514,62): error TS2550: Property 'replaceAll' does not exist on type 'String'. Do you need to change your target library? Try changing the 'lib' compiler option to 'es2021' or later.

