bench/colors.ts(1,19): error TS2307: Cannot find module 'chalk' or its corresponding type declarations.
bench/colors.ts(2,18): error TS2307: Cannot find module 'ansi-colors' or its corresponding type declarations.
bench/colors.ts(3,23): error TS2307: Cannot find module 'benchmark' or its corresponding type declarations.
bench/colors.ts(4,20): error TS2307: Cannot find module '../colors' or its corresponding type declarations.
bench/colors.ts(5,19): error TS2307: Cannot find module '../index' or its corresponding type declarations.
bench/colors.ts(21,3): error TS2339: Property 'add' does not exist on type 'void'.
bench/colors.ts(37,3): error TS2339: Property 'add' does not exist on type 'void'.
bench/colors.ts(53,3): error TS2339: Property 'add' does not exist on type 'void'.
bench/dryrun.ts(1,19): error TS2307: Cannot find module 'chalk' or its corresponding type declarations.
bench/dryrun.ts(2,18): error TS2307: Cannot find module 'ansi-colors' or its corresponding type declarations.
bench/dryrun.ts(3,20): error TS2307: Cannot find module '../colors' or its corresponding type declarations.
bench/dryrun.ts(4,19): error TS2307: Cannot find module '../index' or its corresponding type declarations.
bench/load.ts(2,19): error TS2307: Cannot find module 'chalk' or its corresponding type declarations.
bench/load.ts(6,19): error TS2307: Cannot find module '../index' or its corresponding type declarations.
bench/load.ts(10,20): error TS2307: Cannot find module '../colors' or its corresponding type declarations.
bench/load.ts(14,19): error TS2307: Cannot find module 'ansi-colors' or its corresponding type declarations.
../../../../node_modules/@types/get-intrinsic/internal/intrinsics.d.ts(11,25): error TS2304: Cannot find name 'AggregateErrorConstructor'.
../../../../node_modules/@types/get-intrinsic/internal/intrinsics.d.ts(126,42): error TS2304: Cannot find name 'AggregateError'.
../../../../node_modules/@types/get-intrinsic/internal/intrinsics.d.ts(127,47): error TS2304: Cannot find name 'AggregateError'.
../../../../node_modules/@types/get-intrinsic/internal/intrinsics.d.ts(128,50): error TS2304: Cannot find name 'AggregateError'.
../../../../node_modules/@types/get-intrinsic/internal/intrinsics.d.ts(418,37): error TS2550: Property 'any' does not exist on type 'PromiseConstructor'. Do you need to change your target library? Try changing the 'lib' compiler option to 'es2021' or later.
../../../../node_modules/@types/get-intrinsic/internal/intrinsics.d.ts(514,62): error TS2550: Property 'replaceAll' does not exist on type 'String'. Do you need to change your target library? Try changing the 'lib' compiler option to 'es2021' or later.

