implementation.ts(8,21): error TS2322: Type '(v: PropertyKey) => boolean' is not assignable to type 'boolean'.
implementation.ts(9,22): error TS2322: Type '() => string' is not assignable to type 'string'.
implementation.ts(11,30): error TS2322: Type '(v: PropertyKey) => boolean' is not assignable to type 'boolean'.
implementation.ts(12,46): error TS2339: Property 'call' does not exist on type 'boolean'.
implementation.ts(13,42): error TS2339: Property 'call' does not exist on type 'boolean'.
implementation.ts(23,6): error TS2322: Type '(o: any) => any' is not assignable to type 'boolean'.
implementation.ts(53,14): error TS2304: Cannot find name 'window'.
implementation.ts(54,17): error TS2304: Cannot find name 'window'.
implementation.ts(56,39): error TS2339: Property 'call' does not exist on type 'boolean'.
implementation.ts(56,44): error TS2304: Cannot find name 'window'.
implementation.ts(56,58): error TS2304: Cannot find name 'window'.
implementation.ts(56,87): error TS2304: Cannot find name 'window'.
implementation.ts(58,7): error TS2349: This expression is not callable.
  Type 'Boolean' has no call signatures.
implementation.ts(58,34): error TS2304: Cannot find name 'window'.
implementation.ts(69,6): error TS2322: Type '(o: any) => any' is not assignable to type 'boolean'.
implementation.ts(70,14): error TS2304: Cannot find name 'window'.
implementation.ts(71,11): error TS2349: This expression is not callable.
  Type 'Boolean' has no call signatures.
implementation.ts(74,11): error TS2349: This expression is not callable.
  Type 'Boolean' has no call signatures.
implementation.ts(80,2): error TS2322: Type '(object: any) => any' is not assignable to type 'boolean'.
implementation.ts(82,35): error TS2339: Property 'call' does not exist on type 'string'.
implementation.ts(84,45): error TS2339: Property 'call' does not exist on type 'string'.
implementation.ts(92,45): error TS2339: Property 'call' does not exist on type 'boolean'.
implementation.ts(104,53): error TS2339: Property 'call' does not exist on type 'boolean'.
implementation.ts(111,35): error TS2349: This expression is not callable.
  Type 'Boolean' has no call signatures.
implementation.ts(114,69): error TS2339: Property 'call' does not exist on type 'boolean'.
implementation.ts(122,16): error TS2454: Variable 'keysShim' is used before being assigned.
index.ts(3,20): error TS2322: Type '(start?: number | undefined, end?: number | undefined) => any[]' is not assignable to type 'any[]'.
index.ts(6,26): error TS2322: Type '{ (o: object): string[]; (o: {}): string[]; }' is not assignable to type 'string[]'.
index.ts(7,73): error TS2349: This expression is not callable.
  Type 'string[]' has no call signatures.
index.ts(15,5): error TS2554: Expected 0 arguments, but got 2.
index.ts(19,13): error TS2349: This expression is not callable.
  Type 'string[]' has no call signatures.
index.ts(19,28): error TS2339: Property 'call' does not exist on type 'any[]'.
index.ts(21,12): error TS2349: This expression is not callable.
  Type 'string[]' has no call signatures.
index.ts(27,2): error TS2322: Type '{ (o: object): string[]; (o: {}): string[]; }' is not assignable to type 'string'.
isArguments.ts(3,21): error TS2322: Type '() => string' is not assignable to type 'string'.
isArguments.ts(6,23): error TS2339: Property 'call' does not exist on type 'string'.
isArguments.ts(14,13): error TS2339: Property 'call' does not exist on type 'string'.

