punycode.ts(17,7): error TS2322: Type 'RegExp' is not assignable to type 'string'.
punycode.ts(18,7): error TS2322: Type 'RegExp' is not assignable to type 'string'.
punycode.ts(19,7): error TS2322: Type 'RegExp' is not assignable to type 'string'.
punycode.ts(30,23): error TS2322: Type '(x: number) => number' is not assignable to type 'number'.
punycode.ts(31,36): error TS2322: Type '(...codes: number[]) => string' is not assignable to type 'string'.
punycode.ts(122,2): error TS2322: Type 'any[]' is not assignable to type 'string'.
punycode.ts(133,28): error TS2322: Type '(array: any) => string' is not assignable to type 'string'.
punycode.ts(144,30): error TS2322: Type '(codePoint: number) => number' is not assignable to type 'number'.
punycode.ts(168,30): error TS2322: Type '(digit: number, flag: number) => number' is not assignable to type 'number'.
punycode.ts(171,27): error TS2363: The right-hand side of an arithmetic operation must be of type 'any', 'number', 'bigint' or an enum type.
punycode.ts(171,43): error TS2362: The left-hand side of an arithmetic operation must be of type 'any', 'number', 'bigint' or an enum type.
punycode.ts(179,7): error TS2322: Type '(delta: number, numPoints: number, firstTime: any) => any' is not assignable to type 'number'.
punycode.ts(181,22): error TS2349: This expression is not callable.
  Type 'Number' has no call signatures.
punycode.ts(182,11): error TS2349: This expression is not callable.
  Type 'Number' has no call signatures.
punycode.ts(184,11): error TS2349: This expression is not callable.
  Type 'Number' has no call signatures.
punycode.ts(186,9): error TS2349: This expression is not callable.
  Type 'Number' has no call signatures.
punycode.ts(238,26): error TS2349: This expression is not callable.
  Type 'Number' has no call signatures.
punycode.ts(240,33): error TS2349: This expression is not callable.
  Type 'Number' has no call signatures.
punycode.ts(252,12): error TS2349: This expression is not callable.
  Type 'Number' has no call signatures.
punycode.ts(261,10): error TS2349: This expression is not callable.
  Type 'Number' has no call signatures.
punycode.ts(265,7): error TS2349: This expression is not callable.
  Type 'Number' has no call signatures.
punycode.ts(269,8): error TS2349: This expression is not callable.
  Type 'Number' has no call signatures.
punycode.ts(304,16): error TS2349: This expression is not callable.
  Type 'String' has no call signatures.
punycode.ts(334,15): error TS2349: This expression is not callable.
  Type 'Number' has no call signatures.
punycode.ts(356,7): error TS2349: This expression is not callable.
  Type 'String' has no call signatures.
punycode.ts(356,26): error TS2349: This expression is not callable.
  Type 'Number' has no call signatures.
punycode.ts(358,10): error TS2349: This expression is not callable.
  Type 'Number' has no call signatures.
punycode.ts(361,17): error TS2349: This expression is not callable.
  Type 'String' has no call signatures.
punycode.ts(361,36): error TS2349: This expression is not callable.
  Type 'Number' has no call signatures.
punycode.ts(362,12): error TS2349: This expression is not callable.
  Type 'Number' has no call signatures.
punycode.ts(386,27): error TS2322: Type '(input: string) => string' is not assignable to type 'string'.
punycode.ts(387,26): error TS2345: Argument of type '(string: any) => any' is not assignable to parameter of type 'string'.
punycode.ts(388,24): error TS2339: Property 'test' does not exist on type 'string'.
punycode.ts(405,25): error TS2322: Type '(input: string) => string' is not assignable to type 'string'.
punycode.ts(406,26): error TS2345: Argument of type '(string: any) => any' is not assignable to parameter of type 'string'.
punycode.ts(407,24): error TS2339: Property 'test' does not exist on type 'string'.

