setImmediate.ts(26,7): error TS7053: Element implicitly has an 'any' type because expression of type 'number' can't be used to index type '{}'.
  No index signature with a parameter of type 'number' was found on type '{}'.
setImmediate.ts(27,7): error TS2349: This expression is not callable.
  Type 'void' has no call signatures.
setImmediate.ts(32,16): error TS7053: Element implicitly has an 'any' type because expression of type 'any' can't be used to index type '{}'.
setImmediate.ts(65,29): error TS7053: Element implicitly has an 'any' type because expression of type 'any' can't be used to index type '{}'.
setImmediate.ts(79,29): error TS2322: Type '(handle: any) => void' is not assignable to type 'void'.
setImmediate.ts(95,13): error TS2322: Type 'boolean' is not assignable to type 'void'.
setImmediate.ts(105,37): error TS2322: Type '(event: any) => void' is not assignable to type 'void'.
setImmediate.ts(119,29): error TS2322: Type '(handle: any) => void' is not assignable to type 'void'.
setImmediate.ts(131,29): error TS2322: Type '(handle: any) => void' is not assignable to type 'void'.
setImmediate.ts(138,29): error TS2322: Type '(handle: any) => void' is not assignable to type 'void'.
setImmediate.ts(142,20): error TS2812: Property 'onreadystatechange' does not exist on type 'HTMLScriptElement'. Try changing the 'lib' compiler option to include 'dom'.
setImmediate.ts(144,24): error TS2812: Property 'onreadystatechange' does not exist on type 'HTMLScriptElement'. Try changing the 'lib' compiler option to include 'dom'.
setImmediate.ts(145,22): error TS2812: Property 'removeChild' does not exist on type 'HTMLElement'. Try changing the 'lib' compiler option to include 'dom'.
setImmediate.ts(146,17): error TS2322: Type 'null' is not assignable to type 'HTMLScriptElement'.
setImmediate.ts(148,18): error TS2812: Property 'appendChild' does not exist on type 'HTMLElement'. Try changing the 'lib' compiler option to include 'dom'.
setImmediate.ts(153,29): error TS2322: Type '(handle: any) => void' is not assignable to type 'void'.
setImmediate.ts(167,16): error TS1345: An expression of type 'void' cannot be tested for truthiness.
setImmediate.ts(186,10): error TS2304: Cannot find name 'self'.
setImmediate.ts(186,81): error TS2304: Cannot find name 'self'.

