lib/CodeNode.ts(7,7): error TS2451: Cannot redeclare block-scoped variable 'getNumberOfLines'.
lib/CodeNode.ts(8,7): error TS2451: Cannot redeclare block-scoped variable 'getUnfinishedLine'.
lib/CodeNode.ts(10,7): error TS2451: Cannot redeclare block-scoped variable 'CodeNode'.
lib/CodeNode.ts(12,8): error TS2339: Property 'generatedCode' does not exist on type 'CodeNode'.
lib/CodeNode.ts(16,28): error TS2339: Property 'generatedCode' does not exist on type 'CodeNode'.
lib/CodeNode.ts(20,15): error TS2339: Property 'generatedCode' does not exist on type 'CodeNode'.
lib/CodeNode.ts(24,49): error TS2339: Property 'generatedCode' does not exist on type 'CodeNode'.
lib/CodeNode.ts(25,33): error TS2365: Operator '+' cannot be applied to types 'string[]' and 'number'.
lib/CodeNode.ts(26,6): error TS2365: Operator '>' cannot be applied to types 'string[]' and 'number'.
lib/CodeNode.ts(27,69): error TS2339: Property 'generatedCode' does not exist on type 'CodeNode'.
lib/CodeNode.ts(35,70): error TS2339: Property 'generatedCode' does not exist on type 'CodeNode'.
lib/CodeNode.ts(36,7): error TS2367: This condition will always return 'false' since the types 'string' and 'number' have no overlap.
lib/CodeNode.ts(45,8): error TS2339: Property 'generatedCode' does not exist on type 'CodeNode'.
lib/CodeNode.ts(49,41): error TS2339: Property 'generatedCode' does not exist on type 'CodeNode'.
lib/CodeNode.ts(59,9): error TS2339: Property 'generatedCode' does not exist on type 'CodeNode'.
lib/MappingsContext.ts(7,7): error TS2451: Cannot redeclare block-scoped variable 'MappingsContext'.
lib/MappingsContext.ts(9,8): error TS2339: Property 'sourcesIndices' does not exist on type 'MappingsContext'.
lib/MappingsContext.ts(10,8): error TS2339: Property 'sourcesContent' does not exist on type 'MappingsContext'.
lib/MappingsContext.ts(11,8): error TS2339: Property 'hasSourceContent' does not exist on type 'MappingsContext'.
lib/MappingsContext.ts(12,8): error TS2339: Property 'currentOriginalLine' does not exist on type 'MappingsContext'.
lib/MappingsContext.ts(13,8): error TS2339: Property 'currentSource' does not exist on type 'MappingsContext'.
lib/MappingsContext.ts(14,8): error TS2339: Property 'unfinishedGeneratedLine' does not exist on type 'MappingsContext'.
lib/MappingsContext.ts(18,23): error TS2339: Property 'sourcesIndices' does not exist on type 'MappingsContext'.
lib/MappingsContext.ts(22,14): error TS2339: Property 'sourcesIndices' does not exist on type 'MappingsContext'.
lib/MappingsContext.ts(23,8): error TS2339: Property 'sourcesIndices' does not exist on type 'MappingsContext'.
lib/MappingsContext.ts(24,8): error TS2339: Property 'sourcesContent' does not exist on type 'MappingsContext'.
lib/MappingsContext.ts(26,9): error TS2339: Property 'hasSourceContent' does not exist on type 'MappingsContext'.
lib/MappingsContext.ts(34,26): error TS2339: Property 'sourcesContent' does not exist on type 'MappingsContext'.
lib/SingleLineNode.ts(7,7): error TS2451: Cannot redeclare block-scoped variable 'base64VLQ'.
lib/SingleLineNode.ts(8,7): error TS2451: Cannot redeclare block-scoped variable 'getNumberOfLines'.
lib/SingleLineNode.ts(9,7): error TS2451: Cannot redeclare block-scoped variable 'getUnfinishedLine'.
lib/SingleLineNode.ts(11,7): error TS2322: Type 'string' is not assignable to type 'RegExp'.
lib/SingleLineNode.ts(11,7): error TS2451: Cannot redeclare block-scoped variable 'LINE_MAPPING'.
lib/SingleLineNode.ts(13,7): error TS2451: Cannot redeclare block-scoped variable 'SingleLineNode'.
lib/SingleLineNode.ts(16,8): error TS2339: Property 'generatedCode' does not exist on type 'SingleLineNode'.
lib/SingleLineNode.ts(17,8): error TS2339: Property 'originalSource' does not exist on type 'SingleLineNode'.
lib/SingleLineNode.ts(18,8): error TS2339: Property 'source' does not exist on type 'SingleLineNode'.
lib/SingleLineNode.ts(19,8): error TS2339: Property 'line' does not exist on type 'SingleLineNode'.
lib/SingleLineNode.ts(20,8): error TS2339: Property '_numberOfLines' does not exist on type 'SingleLineNode'.
lib/SingleLineNode.ts(20,47): error TS2339: Property 'generatedCode' does not exist on type 'SingleLineNode'.
lib/SingleLineNode.ts(21,8): error TS2339: Property '_endsWithNewLine' does not exist on type 'SingleLineNode'.
lib/SingleLineNode.ts(25,34): error TS2339: Property 'generatedCode' does not exist on type 'SingleLineNode'.
lib/SingleLineNode.ts(25,54): error TS2339: Property 'source' does not exist on type 'SingleLineNode'.
lib/SingleLineNode.ts(25,67): error TS2339: Property 'originalSource' does not exist on type 'SingleLineNode'.
lib/SingleLineNode.ts(25,88): error TS2339: Property 'line' does not exist on type 'SingleLineNode'.
lib/SingleLineNode.ts(29,15): error TS2339: Property 'generatedCode' does not exist on type 'SingleLineNode'.
lib/SingleLineNode.ts(33,12): error TS2339: Property 'generatedCode' does not exist on type 'SingleLineNode'.
lib/SingleLineNode.ts(35,32): error TS2339: Property '_numberOfLines' does not exist on type 'SingleLineNode'.
lib/SingleLineNode.ts(36,63): error TS2339: Property 'source' does not exist on type 'SingleLineNode'.
lib/SingleLineNode.ts(36,76): error TS2339: Property 'originalSource' does not exist on type 'SingleLineNode'.
lib/SingleLineNode.ts(40,32): error TS2362: The left-hand side of an arithmetic operation must be of type 'any', 'number', 'bigint' or an enum type.
lib/SingleLineNode.ts(41,37): error TS2339: Property 'line' does not exist on type 'SingleLineNode'.
lib/SingleLineNode.ts(44,46): error TS2339: Property 'line' does not exist on type 'SingleLineNode'.
lib/SingleLineNode.ts(45,108): error TS2339: Property 'generatedCode' does not exist on type 'SingleLineNode'.
lib/SingleLineNode.ts(46,33): error TS2345: Argument of type 'RegExp' is not assignable to parameter of type 'string'.
lib/SingleLineNode.ts(47,6): error TS2367: This condition will always return 'false' since the types 'string' and 'number' have no overlap.
lib/SingleLineNode.ts(50,7): error TS2367: This condition will always return 'true' since the types 'string[]' and 'number' have no overlap.
lib/SingleLineNode.ts(61,41): error TS2339: Property 'generatedCode' does not exist on type 'SingleLineNode'.
lib/SingleLineNode.ts(62,49): error TS2339: Property 'source' does not exist on type 'SingleLineNode'.
lib/SingleLineNode.ts(62,62): error TS2339: Property 'originalSource' does not exist on type 'SingleLineNode'.
lib/SingleLineNode.ts(62,83): error TS2339: Property 'line' does not exist on type 'SingleLineNode'.
lib/SingleLineNode.ts(73,11): error TS2339: Property 'source' does not exist on type 'SingleLineNode'.
lib/SingleLineNode.ts(74,9): error TS2339: Property 'originalSource' does not exist on type 'SingleLineNode'.
lib/SingleLineNode.ts(75,12): error TS2339: Property 'line' does not exist on type 'SingleLineNode'.
lib/SingleLineNode.ts(76,10): error TS2339: Property 'generatedCode' does not exist on type 'SingleLineNode'.
lib/SingleLineNode.ts(77,10): error TS2339: Property '_numberOfLines' does not exist on type 'SingleLineNode'.
lib/SingleLineNode.ts(78,10): error TS2339: Property '_endsWithNewLine' does not exist on type 'SingleLineNode'.
lib/SingleLineNode.ts(80,19): error TS2339: Property 'line' does not exist on type 'SingleLineNode'.
lib/SingleLineNode.ts(81,10): error TS2339: Property '_endsWithNewLine' does not exist on type 'SingleLineNode'.
lib/SingleLineNode.ts(82,10): error TS2339: Property '_numberOfLines' does not exist on type 'SingleLineNode'.
lib/SingleLineNode.ts(84,32): error TS2339: Property 'generatedCode' does not exist on type 'SingleLineNode'.
lib/SingleLineNode.ts(84,78): error TS2339: Property 'source' does not exist on type 'SingleLineNode'.
lib/SingleLineNode.ts(84,91): error TS2339: Property 'originalSource' does not exist on type 'SingleLineNode'.
lib/SingleLineNode.ts(84,112): error TS2339: Property 'line' does not exist on type 'SingleLineNode'.
lib/SingleLineNode.ts(93,7): error TS2451: Cannot redeclare block-scoped variable 'SourceNode'.
lib/SourceListMap.ts(7,7): error TS2451: Cannot redeclare block-scoped variable 'CodeNode'.
lib/SourceListMap.ts(8,7): error TS2451: Cannot redeclare block-scoped variable 'SourceNode'.
lib/SourceListMap.ts(9,7): error TS2451: Cannot redeclare block-scoped variable 'MappingsContext'.
lib/SourceListMap.ts(10,7): error TS2451: Cannot redeclare block-scoped variable 'getNumberOfLines'.
lib/SourceListMap.ts(12,7): error TS2451: Cannot redeclare block-scoped variable 'SourceListMap'.
lib/SourceListMap.ts(16,9): error TS2339: Property 'children' does not exist on type 'SourceListMap'.
lib/SourceListMap.ts(18,9): error TS2339: Property 'children' does not exist on type 'SourceListMap'.
lib/SourceListMap.ts(27,10): error TS2339: Property 'children' does not exist on type 'SourceListMap'.
lib/SourceListMap.ts(28,19): error TS2339: Property 'children' does not exist on type 'SourceListMap'.
lib/SourceListMap.ts(28,47): error TS2339: Property 'children' does not exist on type 'SourceListMap'.
lib/SourceListMap.ts(28,61): error TS2339: Property 'children' does not exist on type 'SourceListMap'.
lib/SourceListMap.ts(29,10): error TS2339: Property 'children' does not exist on type 'SourceListMap'.
lib/SourceListMap.ts(29,24): error TS2339: Property 'children' does not exist on type 'SourceListMap'.
lib/SourceListMap.ts(31,10): error TS2339: Property 'children' does not exist on type 'SourceListMap'.
lib/SourceListMap.ts(34,9): error TS2339: Property 'children' does not exist on type 'SourceListMap'.
lib/SourceListMap.ts(47,10): error TS2339: Property 'children' does not exist on type 'SourceListMap'.
lib/SourceListMap.ts(48,19): error TS2339: Property 'children' does not exist on type 'SourceListMap'.
lib/SourceListMap.ts(48,47): error TS2339: Property 'children' does not exist on type 'SourceListMap'.
lib/SourceListMap.ts(48,61): error TS2339: Property 'children' does not exist on type 'SourceListMap'.
lib/SourceListMap.ts(49,10): error TS2339: Property 'children' does not exist on type 'SourceListMap'.
lib/SourceListMap.ts(49,24): error TS2339: Property 'children' does not exist on type 'SourceListMap'.
lib/SourceListMap.ts(51,10): error TS2339: Property 'children' does not exist on type 'SourceListMap'.
lib/SourceListMap.ts(54,9): error TS2339: Property 'children' does not exist on type 'SourceListMap'.
lib/SourceListMap.ts(66,8): error TS2339: Property 'children' does not exist on type 'SourceListMap'.
lib/SourceListMap.ts(90,15): error TS2339: Property 'children' does not exist on type 'SourceListMap'.
lib/SourceListMap.ts(97,28): error TS2339: Property 'children' does not exist on type 'SourceListMap'.
lib/SourceListMap.ts(100,30): error TS2339: Property 'children' does not exist on type 'SourceListMap'.
lib/SourceListMap.ts(109,21): error TS2339: Property 'sources' does not exist on type 'any[]'.
lib/SourceListMap.ts(110,63): error TS2339: Property 'sourcesContent' does not exist on type 'any[]'.
lib/SourceNode.ts(7,7): error TS2451: Cannot redeclare block-scoped variable 'base64VLQ'.
lib/SourceNode.ts(8,7): error TS2451: Cannot redeclare block-scoped variable 'getNumberOfLines'.
lib/SourceNode.ts(9,7): error TS2451: Cannot redeclare block-scoped variable 'getUnfinishedLine'.
lib/SourceNode.ts(11,7): error TS2322: Type 'string' is not assignable to type 'RegExp'.
lib/SourceNode.ts(11,7): error TS2451: Cannot redeclare block-scoped variable 'LINE_MAPPING'.
lib/SourceNode.ts(13,7): error TS2451: Cannot redeclare block-scoped variable 'SourceNode'.
lib/SourceNode.ts(16,8): error TS2339: Property 'generatedCode' does not exist on type 'SourceNode'.
lib/SourceNode.ts(17,8): error TS2339: Property 'originalSource' does not exist on type 'SourceNode'.
lib/SourceNode.ts(18,8): error TS2339: Property 'source' does not exist on type 'SourceNode'.
lib/SourceNode.ts(19,8): error TS2339: Property 'startingLine' does not exist on type 'SourceNode'.
lib/SourceNode.ts(20,8): error TS2339: Property '_numberOfLines' does not exist on type 'SourceNode'.
lib/SourceNode.ts(20,47): error TS2339: Property 'generatedCode' does not exist on type 'SourceNode'.
lib/SourceNode.ts(21,8): error TS2339: Property '_endsWithNewLine' does not exist on type 'SourceNode'.
lib/SourceNode.ts(25,30): error TS2339: Property 'generatedCode' does not exist on type 'SourceNode'.
lib/SourceNode.ts(25,50): error TS2339: Property 'source' does not exist on type 'SourceNode'.
lib/SourceNode.ts(25,63): error TS2339: Property 'originalSource' does not exist on type 'SourceNode'.
lib/SourceNode.ts(25,84): error TS2339: Property 'startingLine' does not exist on type 'SourceNode'.
lib/SourceNode.ts(29,15): error TS2339: Property 'generatedCode' does not exist on type 'SourceNode'.
lib/SourceNode.ts(33,8): error TS2339: Property 'generatedCode' does not exist on type 'SourceNode'.
lib/SourceNode.ts(34,8): error TS2339: Property '_numberOfLines' does not exist on type 'SourceNode'.
lib/SourceNode.ts(35,8): error TS2339: Property '_endsWithNewLine' does not exist on type 'SourceNode'.
lib/SourceNode.ts(39,12): error TS2339: Property 'generatedCode' does not exist on type 'SourceNode'.
lib/SourceNode.ts(41,30): error TS2339: Property '_numberOfLines' does not exist on type 'SourceNode'.
lib/SourceNode.ts(42,63): error TS2339: Property 'source' does not exist on type 'SourceNode'.
lib/SourceNode.ts(42,76): error TS2339: Property 'originalSource' does not exist on type 'SourceNode'.
lib/SourceNode.ts(46,32): error TS2362: The left-hand side of an arithmetic operation must be of type 'any', 'number', 'bigint' or an enum type.
lib/SourceNode.ts(47,37): error TS2339: Property 'startingLine' does not exist on type 'SourceNode'.
lib/SourceNode.ts(50,46): error TS2339: Property 'startingLine' does not exist on type 'SourceNode'.
lib/SourceNode.ts(51,108): error TS2339: Property 'generatedCode' does not exist on type 'SourceNode'.
lib/SourceNode.ts(52,33): error TS2345: Argument of type 'RegExp' is not assignable to parameter of type 'string'.
lib/SourceNode.ts(53,6): error TS2367: This condition will always return 'false' since the types 'string' and 'number' have no overlap.
lib/SourceNode.ts(70,34): error TS2339: Property 'startingLine' does not exist on type 'SourceNode'.
lib/SourceNode.ts(71,36): error TS2339: Property 'generatedCode' does not exist on type 'SourceNode'.
lib/SourceNode.ts(78,8): error TS2322: Type 'string' is not assignable to type 'boolean'.
lib/SourceNode.ts(80,56): error TS2339: Property 'source' does not exist on type 'SourceNode'.
lib/SourceNode.ts(80,69): error TS2339: Property 'originalSource' does not exist on type 'SourceNode'.
lib/SourceNode.ts(99,11): error TS2339: Property 'source' does not exist on type 'SourceNode'.
lib/SourceNode.ts(100,9): error TS2339: Property '_endsWithNewLine' does not exist on type 'SourceNode'.
lib/SourceNode.ts(101,9): error TS2339: Property 'startingLine' does not exist on type 'SourceNode'.
lib/SourceNode.ts(101,29): error TS2339: Property '_numberOfLines' does not exist on type 'SourceNode'.
lib/SourceNode.ts(102,9): error TS2339: Property 'generatedCode' does not exist on type 'SourceNode'.
lib/SourceNode.ts(103,9): error TS2339: Property '_numberOfLines' does not exist on type 'SourceNode'.
lib/SourceNode.ts(104,9): error TS2339: Property '_endsWithNewLine' does not exist on type 'SourceNode'.
lib/SourceNode.ts(111,11): error TS2339: Property 'source' does not exist on type 'SourceNode'.
lib/SourceNode.ts(112,9): error TS2339: Property '_endsWithNewLine' does not exist on type 'SourceNode'.
lib/SourceNode.ts(113,9): error TS2339: Property 'startingLine' does not exist on type 'SourceNode'.
lib/SourceNode.ts(113,29): error TS2339: Property '_numberOfLines' does not exist on type 'SourceNode'.
lib/SourceNode.ts(122,8): error TS2339: Property 'generatedCode' does not exist on type 'SourceNode'.
lib/SourceNode.ts(123,8): error TS2339: Property '_numberOfLines' does not exist on type 'SourceNode'.
lib/SourceNode.ts(124,8): error TS2339: Property '_endsWithNewLine' does not exist on type 'SourceNode'.
lib/SourceNode.ts(129,7): error TS2451: Cannot redeclare block-scoped variable 'SingleLineNode'.
lib/base64-vlq.ts(54,8): error TS2339: Property 'encode' does not exist on type '{}'.
lib/base64-vlq.ts(64,8): error TS2339: Property 'decode' does not exist on type '{}'.
lib/base64-vlq.ts(139,23): error TS2339: Property 'encode' does not exist on type '{}'.
lib/base64-vlq.ts(142,3): error TS2322: Type 'string' is not assignable to type 'void'.
lib/base64-vlq.ts(160,20): error TS2339: Property 'decode' does not exist on type '{}'.
lib/base64-vlq.ts(161,5): error TS2322: Type 'boolean' is not assignable to type 'void'.
lib/base64-vlq.ts(165,12): error TS1345: An expression of type 'void' cannot be tested for truthiness.
lib/fromStringWithSourceMap.ts(7,7): error TS2451: Cannot redeclare block-scoped variable 'base64VLQ'.
lib/fromStringWithSourceMap.ts(8,7): error TS2451: Cannot redeclare block-scoped variable 'SourceNode'.
lib/fromStringWithSourceMap.ts(9,7): error TS2451: Cannot redeclare block-scoped variable 'CodeNode'.
lib/fromStringWithSourceMap.ts(10,7): error TS2451: Cannot redeclare block-scoped variable 'SourceListMap'.
lib/fromStringWithSourceMap.ts(42,28): error TS2365: Operator '+' cannot be applied to types 'boolean' and 'number'.
lib/fromStringWithSourceMap.ts(81,3): error TS2322: Type 'string' is not assignable to type 'number'.

