lib/AsyncParallelBailHook.ts(7,7): error TS2451: Cannot redeclare block-scoped variable 'Hook'.
lib/AsyncParallelBailHook.ts(8,7): error TS2451: Cannot redeclare block-scoped variable 'HookCodeFactory'.
lib/AsyncParallelBailHook.ts(34,13): error TS2349: This expression is not callable.
  Type 'String' has no call signatures.
lib/AsyncParallelBailHook.ts(44,13): error TS2349: This expression is not callable.
  Type 'String' has no call signatures.
lib/AsyncParallelBailHook.ts(57,13): error TS2349: This expression is not callable.
  Type 'Number' has no call signatures.
lib/AsyncParallelBailHook.ts(67,7): error TS2451: Cannot redeclare block-scoped variable 'factory'.
lib/AsyncParallelBailHook.ts(69,7): error TS2451: Cannot redeclare block-scoped variable 'COMPILE'.
lib/AsyncParallelHook.ts(7,7): error TS2451: Cannot redeclare block-scoped variable 'Hook'.
lib/AsyncParallelHook.ts(8,7): error TS2451: Cannot redeclare block-scoped variable 'HookCodeFactory'.
lib/AsyncParallelHook.ts(19,7): error TS2451: Cannot redeclare block-scoped variable 'factory'.
lib/AsyncParallelHook.ts(21,7): error TS2451: Cannot redeclare block-scoped variable 'COMPILE'.
lib/AsyncSeriesBailHook.ts(7,7): error TS2451: Cannot redeclare block-scoped variable 'Hook'.
lib/AsyncSeriesBailHook.ts(8,7): error TS2451: Cannot redeclare block-scoped variable 'HookCodeFactory'.
lib/AsyncSeriesBailHook.ts(24,7): error TS2451: Cannot redeclare block-scoped variable 'factory'.
lib/AsyncSeriesBailHook.ts(26,7): error TS2451: Cannot redeclare block-scoped variable 'COMPILE'.
lib/AsyncSeriesHook.ts(7,7): error TS2451: Cannot redeclare block-scoped variable 'Hook'.
lib/AsyncSeriesHook.ts(8,7): error TS2451: Cannot redeclare block-scoped variable 'HookCodeFactory'.
lib/AsyncSeriesHook.ts(19,7): error TS2451: Cannot redeclare block-scoped variable 'factory'.
lib/AsyncSeriesHook.ts(21,7): error TS2451: Cannot redeclare block-scoped variable 'COMPILE'.
lib/AsyncSeriesLoopHook.ts(7,7): error TS2451: Cannot redeclare block-scoped variable 'Hook'.
lib/AsyncSeriesLoopHook.ts(8,7): error TS2451: Cannot redeclare block-scoped variable 'HookCodeFactory'.
lib/AsyncSeriesLoopHook.ts(19,7): error TS2451: Cannot redeclare block-scoped variable 'factory'.
lib/AsyncSeriesLoopHook.ts(21,7): error TS2451: Cannot redeclare block-scoped variable 'COMPILE'.
lib/AsyncSeriesWaterfallHook.ts(7,7): error TS2451: Cannot redeclare block-scoped variable 'Hook'.
lib/AsyncSeriesWaterfallHook.ts(8,7): error TS2451: Cannot redeclare block-scoped variable 'HookCodeFactory'.
lib/AsyncSeriesWaterfallHook.ts(27,7): error TS2451: Cannot redeclare block-scoped variable 'factory'.
lib/AsyncSeriesWaterfallHook.ts(29,7): error TS2451: Cannot redeclare block-scoped variable 'COMPILE'.
lib/Hook.ts(7,7): error TS2451: Cannot redeclare block-scoped variable 'util'.
lib/Hook.ts(12,7): error TS2322: Type '(...args: any[]) => any' is not assignable to type 'void'.
lib/Hook.ts(25,7): error TS2451: Cannot redeclare block-scoped variable 'Hook'.
lib/Hook.ts(27,8): error TS2339: Property '_args' does not exist on type 'Hook'.
lib/Hook.ts(28,8): error TS2339: Property 'name' does not exist on type 'Hook'.
lib/Hook.ts(29,8): error TS2551: Property 'taps' does not exist on type 'Hook'. Did you mean 'tap'?
lib/Hook.ts(30,8): error TS2339: Property 'interceptors' does not exist on type 'Hook'.
lib/Hook.ts(31,8): error TS2339: Property '_call' does not exist on type 'Hook'.
lib/Hook.ts(32,8): error TS2339: Property 'call' does not exist on type 'Hook'.
lib/Hook.ts(33,8): error TS2339: Property '_callAsync' does not exist on type 'Hook'.
lib/Hook.ts(34,8): error TS2339: Property 'callAsync' does not exist on type 'Hook'.
lib/Hook.ts(35,8): error TS2339: Property '_promise' does not exist on type 'Hook'.
lib/Hook.ts(36,8): error TS2339: Property 'promise' does not exist on type 'Hook'.
lib/Hook.ts(37,8): error TS2339: Property '_x' does not exist on type 'Hook'.
lib/Hook.ts(51,15): error TS2551: Property 'taps' does not exist on type 'Hook'. Did you mean 'tap'?
lib/Hook.ts(52,23): error TS2339: Property 'interceptors' does not exist on type 'Hook'.
lib/Hook.ts(53,15): error TS2339: Property '_args' does not exist on type 'Hook'.
lib/Hook.ts(90,34): error TS2339: Property 'interceptors' does not exist on type 'Hook'.
lib/Hook.ts(106,15): error TS2339: Property 'name' does not exist on type 'Hook'.
lib/Hook.ts(117,15): error TS2551: Property 'taps' does not exist on type 'Hook'. Did you mean 'tap'?
lib/Hook.ts(117,39): error TS2339: Property 'interceptors' does not exist on type 'Hook'.
lib/Hook.ts(122,8): error TS2339: Property 'interceptors' does not exist on type 'Hook'.
lib/Hook.ts(124,29): error TS2551: Property 'taps' does not exist on type 'Hook'. Did you mean 'tap'?
lib/Hook.ts(125,10): error TS2551: Property 'taps' does not exist on type 'Hook'. Did you mean 'tap'?
lib/Hook.ts(125,46): error TS2551: Property 'taps' does not exist on type 'Hook'. Did you mean 'tap'?
lib/Hook.ts(131,8): error TS2339: Property 'call' does not exist on type 'Hook'.
lib/Hook.ts(131,20): error TS2339: Property '_call' does not exist on type 'Hook'.
lib/Hook.ts(132,8): error TS2339: Property 'callAsync' does not exist on type 'Hook'.
lib/Hook.ts(132,25): error TS2339: Property '_callAsync' does not exist on type 'Hook'.
lib/Hook.ts(133,8): error TS2339: Property 'promise' does not exist on type 'Hook'.
lib/Hook.ts(133,23): error TS2339: Property '_promise' does not exist on type 'Hook'.
lib/Hook.ts(148,24): error TS2551: Property 'taps' does not exist on type 'Hook'. Did you mean 'tap'?
lib/Hook.ts(151,24): error TS2551: Property 'taps' does not exist on type 'Hook'. Did you mean 'tap'?
lib/Hook.ts(152,9): error TS2551: Property 'taps' does not exist on type 'Hook'. Did you mean 'tap'?
lib/Hook.ts(169,8): error TS2551: Property 'taps' does not exist on type 'Hook'. Did you mean 'tap'?
lib/HookCodeFactory.ts(7,7): error TS2451: Cannot redeclare block-scoped variable 'HookCodeFactory'.
lib/HookCodeFactory.ts(9,8): error TS2339: Property 'config' does not exist on type 'HookCodeFactory'.
lib/HookCodeFactory.ts(10,8): error TS2339: Property 'options' does not exist on type 'HookCodeFactory'.
lib/HookCodeFactory.ts(11,8): error TS2551: Property '_args' does not exist on type 'HookCodeFactory'. Did you mean 'args'?
lib/HookCodeFactory.ts(17,16): error TS2339: Property 'options' does not exist on type 'HookCodeFactory'.
lib/HookCodeFactory.ts(34,16): error TS2345: Argument of type '{ after: string; }' is not assignable to parameter of type '{ before: any; after: any; }'.
  Property 'before' is missing in type '{ after: string; }' but required in type '{ before: any; after: any; }'.
lib/HookCodeFactory.ts(90,8): error TS2339: Property 'options' does not exist on type 'HookCodeFactory'.
lib/HookCodeFactory.ts(91,8): error TS2551: Property '_args' does not exist on type 'HookCodeFactory'. Did you mean 'args'?
lib/HookCodeFactory.ts(95,8): error TS2339: Property 'options' does not exist on type 'HookCodeFactory'.
lib/HookCodeFactory.ts(96,8): error TS2551: Property '_args' does not exist on type 'HookCodeFactory'. Did you mean 'args'?
lib/HookCodeFactory.ts(100,12): error TS2339: Property 'options' does not exist on type 'HookCodeFactory'.
lib/HookCodeFactory.ts(105,29): error TS2339: Property 'options' does not exist on type 'HookCodeFactory'.
lib/HookCodeFactory.ts(106,35): error TS2339: Property 'options' does not exist on type 'HookCodeFactory'.
lib/HookCodeFactory.ts(108,58): error TS2345: Argument of type '{ before: string; }' is not assignable to parameter of type '{ before: any; after: any; }'.
  Property 'after' is missing in type '{ before: string; }' but required in type '{ before: any; after: any; }'.
lib/HookCodeFactory.ts(113,17): error TS2339: Property 'content' does not exist on type 'HookCodeFactory'.
lib/HookCodeFactory.ts(119,33): error TS2339: Property 'options' does not exist on type 'HookCodeFactory'.
lib/HookCodeFactory.ts(120,39): error TS2339: Property 'options' does not exist on type 'HookCodeFactory'.
lib/HookCodeFactory.ts(132,33): error TS2339: Property 'options' does not exist on type 'HookCodeFactory'.
lib/HookCodeFactory.ts(133,39): error TS2339: Property 'options' does not exist on type 'HookCodeFactory'.
lib/HookCodeFactory.ts(145,33): error TS2339: Property 'options' does not exist on type 'HookCodeFactory'.
lib/HookCodeFactory.ts(146,39): error TS2339: Property 'options' does not exist on type 'HookCodeFactory'.
lib/HookCodeFactory.ts(151,16): error TS2349: This expression is not callable.
  Type 'String' has no call signatures.
lib/HookCodeFactory.ts(158,16): error TS2339: Property 'content' does not exist on type 'HookCodeFactory'.
lib/HookCodeFactory.ts(170,12): error TS2339: Property 'options' does not exist on type 'HookCodeFactory'.
lib/HookCodeFactory.ts(178,26): error TS2339: Property 'options' does not exist on type 'HookCodeFactory'.
lib/HookCodeFactory.ts(185,28): error TS2339: Property 'options' does not exist on type 'HookCodeFactory'.
lib/HookCodeFactory.ts(186,39): error TS2339: Property 'options' does not exist on type 'HookCodeFactory'.
lib/HookCodeFactory.ts(187,20): error TS2339: Property 'tap' does not exist on type 'Function'.
lib/HookCodeFactory.ts(193,18): error TS2339: Property 'context' does not exist on type 'Function'.
lib/HookCodeFactory.ts(198,25): error TS2339: Property 'options' does not exist on type 'HookCodeFactory'.
lib/HookCodeFactory.ts(206,67): error TS2345: Argument of type '{ before: string; }' is not assignable to parameter of type '{ before: any; after: any; }'.
  Property 'after' is missing in type '{ before: string; }' but required in type '{ before: any; after: any; }'.
lib/HookCodeFactory.ts(210,42): error TS2345: Argument of type '{ before: string; }' is not assignable to parameter of type '{ before: any; after: any; }'.
  Property 'after' is missing in type '{ before: string; }' but required in type '{ before: any; after: any; }'.
lib/HookCodeFactory.ts(254,67): error TS2345: Argument of type '{ before: string; }' is not assignable to parameter of type '{ before: any; after: any; }'.
  Property 'after' is missing in type '{ before: string; }' but required in type '{ before: any; after: any; }'.
lib/HookCodeFactory.ts(284,12): error TS2339: Property 'options' does not exist on type 'HookCodeFactory'.
lib/HookCodeFactory.ts(285,35): error TS2339: Property 'options' does not exist on type 'HookCodeFactory'.
lib/HookCodeFactory.ts(290,21): error TS2339: Property 'options' does not exist on type 'HookCodeFactory'.
lib/HookCodeFactory.ts(294,11): error TS2339: Property 'options' does not exist on type 'HookCodeFactory'.
lib/HookCodeFactory.ts(298,13): error TS2349: This expression is not callable.
  Type 'Boolean' has no call signatures.
lib/HookCodeFactory.ts(300,5): error TS2322: Type '() => string' is not assignable to type 'boolean'.
lib/HookCodeFactory.ts(303,10): error TS2322: Type '(skipDone: string) => any' is not assignable to type 'string'.
lib/HookCodeFactory.ts(318,4): error TS2322: Type '() => any' is not assignable to type 'boolean'.
lib/HookCodeFactory.ts(320,11): error TS2349: This expression is not callable.
  Type 'Boolean' has no call signatures.
lib/HookCodeFactory.ts(325,12): error TS2339: Property 'options' does not exist on type 'HookCodeFactory'.
lib/HookCodeFactory.ts(326,34): error TS2339: Property 'options' does not exist on type 'HookCodeFactory'.
lib/HookCodeFactory.ts(335,28): error TS2339: Property 'options' does not exist on type 'HookCodeFactory'.
lib/HookCodeFactory.ts(336,34): error TS2339: Property 'options' does not exist on type 'HookCodeFactory'.
lib/HookCodeFactory.ts(338,57): error TS2345: Argument of type '{ before: string; }' is not assignable to parameter of type '{ before: any; after: any; }'.
  Property 'after' is missing in type '{ before: string; }' but required in type '{ before: any; after: any; }'.
lib/HookCodeFactory.ts(343,31): error TS2345: Argument of type '{ onError: any; onResult: (i: number, result: any, next: any, doneBreak: string) => string; onDone: () => string; rethrowIfPossible: boolean; }' is not assignable to parameter of type '{ onError: any; onResult: any; resultReturns: any; onDone: any; doneReturns: any; rethrowIfPossible: any; }'.
  Type '{ onError: any; onResult: (i: number, result: any, next: any, doneBreak: string) => string; onDone: () => string; rethrowIfPossible: boolean; }' is missing the following properties from type '{ onError: any; onResult: any; resultReturns: any; onDone: any; doneReturns: any; rethrowIfPossible: any; }': resultReturns, doneReturns
lib/HookCodeFactory.ts(350,13): error TS2349: This expression is not callable.
  Type 'String' has no call signatures.
lib/HookCodeFactory.ts(383,12): error TS2339: Property 'options' does not exist on type 'HookCodeFactory'.
lib/HookCodeFactory.ts(384,31): error TS2345: Argument of type '{ onError: any; onResult: any; onDone: any; rethrowIfPossible: any; }' is not assignable to parameter of type '{ onError: any; onResult: any; resultReturns: any; onDone: any; doneReturns: any; rethrowIfPossible: any; }'.
  Type '{ onError: any; onResult: any; onDone: any; rethrowIfPossible: any; }' is missing the following properties from type '{ onError: any; onResult: any; resultReturns: any; onDone: any; doneReturns: any; rethrowIfPossible: any; }': resultReturns, doneReturns
lib/HookCodeFactory.ts(393,34): error TS2339: Property 'options' does not exist on type 'HookCodeFactory'.
lib/HookCodeFactory.ts(399,28): error TS2339: Property 'options' does not exist on type 'HookCodeFactory'.
lib/HookCodeFactory.ts(404,30): error TS2322: Type '(skipDone: string) => "_counter = 0;\n" | "_counter = 0;\n_done();\n"' is not assignable to type 'string'.
lib/HookCodeFactory.ts(436,5): error TS2554: Expected 2 arguments, but got 4.
lib/HookCodeFactory.ts(444,9): error TS2525: Initializer provides no value for this binding element and the binding element has no default value.
lib/HookCodeFactory.ts(444,17): error TS2525: Initializer provides no value for this binding element and the binding element has no default value.
lib/HookCodeFactory.ts(445,27): error TS2551: Property '_args' does not exist on type 'HookCodeFactory'. Did you mean 'args'?
lib/HookMap.ts(7,7): error TS2451: Cannot redeclare block-scoped variable 'util'.
lib/HookMap.ts(9,7): error TS2322: Type '(key: string, hook: any) => any' is not assignable to type 'void'.
lib/HookMap.ts(13,8): error TS2339: Property '_map' does not exist on type 'HookMap'.
lib/HookMap.ts(14,8): error TS2339: Property 'name' does not exist on type 'HookMap'.
lib/HookMap.ts(15,8): error TS2339: Property '_factory' does not exist on type 'HookMap'.
lib/HookMap.ts(16,8): error TS2339: Property '_interceptors' does not exist on type 'HookMap'.
lib/HookMap.ts(20,15): error TS2339: Property '_map' does not exist on type 'HookMap'.
lib/HookMap.ts(28,27): error TS2339: Property '_factory' does not exist on type 'HookMap'.
lib/HookMap.ts(29,36): error TS2339: Property '_interceptors' does not exist on type 'HookMap'.
lib/HookMap.ts(33,8): error TS2339: Property '_map' does not exist on type 'HookMap'.
lib/HookMap.ts(38,8): error TS2339: Property '_interceptors' does not exist on type 'HookMap'.
lib/HookMap.ts(49,19): error TS2339: Property 'tap' does not exist on type 'HookMap'.
lib/HookMap.ts(53,19): error TS2339: Property 'tapAsync' does not exist on type 'HookMap'.
lib/HookMap.ts(57,19): error TS2339: Property 'tapPromise' does not exist on type 'HookMap'.
lib/MultiHook.ts(7,7): error TS2451: Cannot redeclare block-scoped variable 'Hook'.
lib/MultiHook.ts(11,8): error TS2339: Property 'hooks' does not exist on type 'MultiHook'.
lib/MultiHook.ts(12,8): error TS2339: Property 'name' does not exist on type 'MultiHook'.
lib/MultiHook.ts(16,27): error TS2339: Property 'hooks' does not exist on type 'MultiHook'.
lib/MultiHook.ts(22,27): error TS2339: Property 'hooks' does not exist on type 'MultiHook'.
lib/MultiHook.ts(28,27): error TS2339: Property 'hooks' does not exist on type 'MultiHook'.
lib/MultiHook.ts(34,27): error TS2339: Property 'hooks' does not exist on type 'MultiHook'.
lib/MultiHook.ts(41,27): error TS2339: Property 'hooks' does not exist on type 'MultiHook'.
lib/MultiHook.ts(48,9): error TS2339: Property 'hooks' does not exist on type 'MultiHook'.
lib/MultiHook.ts(49,9): error TS2339: Property 'name' does not exist on type 'MultiHook'.
lib/SyncBailHook.ts(7,7): error TS2451: Cannot redeclare block-scoped variable 'Hook'.
lib/SyncBailHook.ts(8,7): error TS2451: Cannot redeclare block-scoped variable 'HookCodeFactory'.
lib/SyncBailHook.ts(25,7): error TS2451: Cannot redeclare block-scoped variable 'factory'.
lib/SyncBailHook.ts(27,7): error TS2451: Cannot redeclare block-scoped variable 'TAP_ASYNC'.
lib/SyncBailHook.ts(31,7): error TS2451: Cannot redeclare block-scoped variable 'TAP_PROMISE'.
lib/SyncBailHook.ts(35,7): error TS2451: Cannot redeclare block-scoped variable 'COMPILE'.
lib/SyncHook.ts(7,7): error TS2451: Cannot redeclare block-scoped variable 'Hook'.
lib/SyncHook.ts(8,7): error TS2451: Cannot redeclare block-scoped variable 'HookCodeFactory'.
lib/SyncHook.ts(20,7): error TS2451: Cannot redeclare block-scoped variable 'factory'.
lib/SyncHook.ts(22,7): error TS2451: Cannot redeclare block-scoped variable 'TAP_ASYNC'.
lib/SyncHook.ts(26,7): error TS2451: Cannot redeclare block-scoped variable 'TAP_PROMISE'.
lib/SyncHook.ts(30,7): error TS2451: Cannot redeclare block-scoped variable 'COMPILE'.
lib/SyncLoopHook.ts(7,7): error TS2451: Cannot redeclare block-scoped variable 'Hook'.
lib/SyncLoopHook.ts(8,7): error TS2451: Cannot redeclare block-scoped variable 'HookCodeFactory'.
lib/SyncLoopHook.ts(20,7): error TS2451: Cannot redeclare block-scoped variable 'factory'.
lib/SyncLoopHook.ts(22,7): error TS2451: Cannot redeclare block-scoped variable 'TAP_ASYNC'.
lib/SyncLoopHook.ts(26,7): error TS2451: Cannot redeclare block-scoped variable 'TAP_PROMISE'.
lib/SyncLoopHook.ts(30,7): error TS2451: Cannot redeclare block-scoped variable 'COMPILE'.
lib/SyncWaterfallHook.ts(7,7): error TS2451: Cannot redeclare block-scoped variable 'Hook'.
lib/SyncWaterfallHook.ts(8,7): error TS2451: Cannot redeclare block-scoped variable 'HookCodeFactory'.
lib/SyncWaterfallHook.ts(29,7): error TS2451: Cannot redeclare block-scoped variable 'factory'.
lib/SyncWaterfallHook.ts(31,7): error TS2451: Cannot redeclare block-scoped variable 'TAP_ASYNC'.
lib/SyncWaterfallHook.ts(35,7): error TS2451: Cannot redeclare block-scoped variable 'TAP_PROMISE'.
lib/SyncWaterfallHook.ts(39,7): error TS2451: Cannot redeclare block-scoped variable 'COMPILE'.

