index.ts(3,7): error TS2451: Cannot redeclare block-scoped variable 'crypto'.
index.ts(4,9): error TS2451: Cannot redeclare block-scoped variable 'BigInteger'.
index.ts(10,3): error TS2322: Type 'string | number' is not assignable to type 'number'.
  Type 'string' is not assignable to type 'number'.
index.ts(16,26): error TS2339: Property 'getN' does not exist on type 'HTMLElement'.
index.ts(17,36): error TS2339: Property 'bitLength' does not exist on type 'HTMLElement'.
index.ts(21,11): error TS2403: Subsequent variable declarations must have the same type.  Variable 'curve' must be of type 'Function', but here has type 'HTMLElement'.
index.ts(21,34): error TS2339: Property 'getCurve' does not exist on type 'HTMLElement'.
index.ts(27,22): error TS2339: Property 'decodePointHex' does not exist on type 'Function'.
index.ts(27,50): error TS2554: Expected 0 arguments, but got 1.
index.ts(30,42): error TS2554: Expected 0 arguments, but got 1.
index.ts(33,24): error TS2339: Property 'subtract' does not exist on type 'HTMLElement'.
index.ts(34,48): error TS2339: Property 'randomBytes' does not exist on type 'Crypto'.
index.ts(34,62): error TS2339: Property 'bitLength' does not exist on type 'HTMLElement'.
index.ts(35,14): error TS2339: Property 'mod' does not exist on type 'HTMLElement'.
index.ts(36,16): error TS2339: Property 'getG' does not exist on type 'HTMLElement'.
index.ts(42,9): error TS2339: Property 'getCurve' does not exist on type 'HTMLElement'.
index.ts(48,7): error TS2769: No overload matches this call.
  Overload 1 of 4, '(arrayBuffer: WithImplicitCoercion<ArrayBuffer | SharedArrayBuffer>, byteOffset?: number, length?: number): Buffer', gave the following error.
    Argument of type 'number' is not assignable to parameter of type 'WithImplicitCoercion<ArrayBuffer | SharedArrayBuffer>'.
  Overload 2 of 4, '(str: WithImplicitCoercion<string> | { [Symbol.toPrimitive](hint: "string"): string; }, encoding?: BufferEncoding): Buffer', gave the following error.
    Argument of type 'number' is not assignable to parameter of type 'WithImplicitCoercion<string> | { [Symbol.toPrimitive](hint: "string"): string; }'.
index.ts(48,30): error TS2554: Expected 0 arguments, but got 1.
index.ts(52,24): error TS2339: Property 'P' does not exist on type 'string'.
index.ts(53,32): error TS2339: Property 'P' does not exist on type 'string'.
index.ts(55,9): error TS2769: No overload matches this call.
  Overload 1 of 4, '(arrayBuffer: WithImplicitCoercion<ArrayBuffer | SharedArrayBuffer>, byteOffset?: number, length?: number): Buffer', gave the following error.
    Argument of type 'number' is not assignable to parameter of type 'WithImplicitCoercion<ArrayBuffer | SharedArrayBuffer>'.
  Overload 2 of 4, '(str: WithImplicitCoercion<string> | { [Symbol.toPrimitive](hint: "string"): string; }, encoding?: BufferEncoding): Buffer', gave the following error.
    Argument of type 'number' is not assignable to parameter of type 'WithImplicitCoercion<string> | { [Symbol.toPrimitive](hint: "string"): string; }'.
index.ts(56,13): error TS2339: Property 'getX' does not exist on type 'HTMLElement'.
lib/ec.ts(9,9): error TS2451: Cannot redeclare block-scoped variable 'BigInteger'.
lib/ec.ts(34,30): error TS2339: Property 'q' does not exist on type 'string'.
lib/ec.ts(34,56): error TS2339: Property 'x' does not exist on type 'string'.
lib/ec.ts(45,30): error TS2314: Generic type 'Promise<T>' requires 1 type argument(s).
lib/ec.ts(46,52): error TS2339: Property 'toBigInteger' does not exist on type 'object'.
lib/ec.ts(52,23): error TS2339: Property 'toBigInteger' does not exist on type 'object'.
lib/ec.ts(56,35): error TS2314: Generic type 'Promise<T>' requires 1 type argument(s).
lib/ec.ts(59,23): error TS2339: Property 'toBigInteger' does not exist on type 'object'.
lib/ec.ts(70,23): error TS2339: Property 'toBigInteger' does not exist on type 'object'.
lib/ec.ts(83,23): error TS2339: Property 'shiftLeft' does not exist on type 'string'.
lib/ec.ts(84,11): error TS2339: Property 'compareTo' does not exist on type 'string'.
lib/ec.ts(85,15): error TS2339: Property 'subtract' does not exist on type 'string'.
lib/ec.ts(109,25): error TS2314: Generic type 'Promise<T>' requires 1 type argument(s).
lib/ec.ts(118,25): error TS2314: Generic type 'Promise<T>' requires 1 type argument(s).
lib/ec.ts(129,39): error TS2339: Property 'isInfinity' does not exist on type 'HTMLElement'.
lib/ec.ts(130,13): error TS2339: Property 'isInfinity' does not exist on type 'HTMLElement'.
lib/ec.ts(133,13): error TS2339: Property 'y' does not exist on type 'HTMLElement'.
lib/ec.ts(136,52): error TS2339: Property 'z' does not exist on type 'HTMLElement'.
lib/ec.ts(138,10): error TS2339: Property 'equals' does not exist on type 'object'.
lib/ec.ts(140,13): error TS2339: Property 'x' does not exist on type 'HTMLElement'.
lib/ec.ts(143,52): error TS2339: Property 'z' does not exist on type 'HTMLElement'.
lib/ec.ts(145,12): error TS2339: Property 'equals' does not exist on type 'object'.
lib/ec.ts(160,38): error TS2314: Generic type 'Promise<T>' requires 1 type argument(s).
lib/ec.ts(162,9): error TS2339: Property 'isInfinity' does not exist on type 'HTMLElement'.
lib/ec.ts(165,21): error TS2339: Property 'y' does not exist on type 'HTMLElement'.
lib/ec.ts(168,48): error TS2339: Property 'z' does not exist on type 'HTMLElement'.
lib/ec.ts(171,21): error TS2339: Property 'x' does not exist on type 'HTMLElement'.
lib/ec.ts(174,48): error TS2339: Property 'z' does not exist on type 'HTMLElement'.
lib/ec.ts(187,22): error TS2339: Property 'x' does not exist on type 'HTMLElement'.
lib/ec.ts(188,22): error TS2339: Property 'y' does not exist on type 'HTMLElement'.
lib/ec.ts(190,22): error TS2339: Property 'square' does not exist on type 'string'.
lib/ec.ts(191,23): error TS2339: Property 'multiply' does not exist on type 'object'.
lib/ec.ts(192,24): error TS2339: Property 'multiply' does not exist on type 'any[]'.
lib/ec.ts(193,28): error TS2339: Property 'square' does not exist on type 'object'.
lib/ec.ts(197,6): error TS2339: Property 'subtract' does not exist on type 'HTMLElement'.
lib/ec.ts(197,20): error TS2339: Property 'shiftLeft' does not exist on type 'any[]'.
lib/ec.ts(198,17): error TS2339: Property 'z' does not exist on type 'HTMLElement'.
lib/ec.ts(204,6): error TS2339: Property 'multiply' does not exist on type 'any[]'.
lib/ec.ts(206,18): error TS2339: Property 'multiply' does not exist on type 'any[]'.
lib/ec.ts(207,19): error TS2339: Property 'multiply' does not exist on type 'HTMLElement'.
lib/ec.ts(208,17): error TS2339: Property 'z' does not exist on type 'HTMLElement'.
lib/ec.ts(209,12): error TS2339: Property 'multiply' does not exist on type 'object'.
lib/ec.ts(213,6): error TS2339: Property 'multiply' does not exist on type 'object'.
lib/ec.ts(214,17): error TS2339: Property 'z' does not exist on type 'HTMLElement'.
lib/ec.ts(225,26): error TS2314: Generic type 'Promise<T>' requires 1 type argument(s).
lib/ec.ts(234,27): error TS2339: Property 'multiply' does not exist on type 'any[]'.
lib/ec.ts(235,28): error TS2339: Property 'multiply' does not exist on type 'Function'.
lib/ec.ts(239,27): error TS2339: Property 'square' does not exist on type 'string'.
lib/ec.ts(241,11): error TS2339: Property 'add' does not exist on type 'HTMLElement'.
lib/ec.ts(243,9): error TS2339: Property 'mod' does not exist on type 'HTMLElement'.
lib/ec.ts(247,6): error TS2339: Property 'square' does not exist on type 'HTMLElement'.
lib/ec.ts(248,18): error TS2339: Property 'shiftLeft' does not exist on type 'string'.
lib/ec.ts(254,6): error TS2339: Property 'multiply' does not exist on type 'HTMLElement'.
lib/ec.ts(256,22): error TS2339: Property 'shiftLeft' does not exist on type 'any[]'.
lib/ec.ts(259,17): error TS2339: Property 'square' does not exist on type 'HTMLElement'.
lib/ec.ts(263,6): error TS2339: Property 'square' does not exist on type 'Function'.
lib/ec.ts(278,38): error TS2314: Generic type 'Promise<T>' requires 1 type argument(s).
lib/ec.ts(280,9): error TS2339: Property 'signum' does not exist on type 'object'.
lib/ec.ts(282,7): error TS2740: Type '{}' is missing the following properties from type 'HTMLElement': accessKey, accessKeyLabel, autocapitalize, dir, and 277 more.
lib/ec.ts(283,26): error TS2339: Property 'multiply' does not exist on type 'HTMLElement'.
lib/ec.ts(289,14): error TS2339: Property 'bitLength' does not exist on type 'HTMLElement'.
lib/ec.ts(290,11): error TS2339: Property 'twice' does not exist on type 'HTMLElement'.
lib/ec.ts(292,26): error TS2339: Property 'testBit' does not exist on type 'HTMLElement'.
lib/ec.ts(293,26): error TS2339: Property 'testBit' does not exist on type 'HTMLElement'.
lib/ec.ts(296,13): error TS2339: Property 'add' does not exist on type 'HTMLElement'.
lib/ec.ts(304,73): error TS2314: Generic type 'Promise<T>' requires 1 type argument(s).
lib/ec.ts(306,9): error TS2339: Property 'bitLength' does not exist on type 'HTMLElement'.
lib/ec.ts(306,25): error TS2339: Property 'bitLength' does not exist on type 'HTMLElement'.
lib/ec.ts(306,44): error TS2339: Property 'bitLength' does not exist on type 'HTMLElement'.
lib/ec.ts(307,14): error TS2339: Property 'bitLength' does not exist on type 'HTMLElement'.
lib/ec.ts(312,11): error TS2339: Property 'twice' does not exist on type 'HTMLElement'.
lib/ec.ts(313,11): error TS2339: Property 'testBit' does not exist on type 'HTMLElement'.
lib/ec.ts(314,13): error TS2339: Property 'testBit' does not exist on type 'HTMLElement'.
lib/ec.ts(315,15): error TS2339: Property 'add' does not exist on type 'HTMLElement'.
lib/ec.ts(317,15): error TS2339: Property 'add' does not exist on type 'HTMLElement'.
lib/ec.ts(320,13): error TS2339: Property 'testBit' does not exist on type 'HTMLElement'.
lib/ec.ts(321,15): error TS2339: Property 'add' does not exist on type 'HTMLElement'.
lib/ec.ts(344,10): error TS2300: Duplicate identifier 'ECCurveFp'.
lib/ec.ts(348,19): error TS2554: Expected 4 arguments, but got 3.
lib/ec.ts(352,25): error TS2314: Generic type 'Promise<T>' requires 1 type argument(s).
lib/ec.ts(367,25): error TS2339: Property 'q' does not exist on type 'object'.
lib/ec.ts(367,51): error TS2339: Property 'a' does not exist on type 'object'.
lib/ec.ts(367,77): error TS2339: Property 'b' does not exist on type 'object'.
lib/ec.ts(375,44): error TS2314: Generic type 'Promise<T>' requires 1 type argument(s).
lib/ec.ts(376,39): error TS2345: Argument of type 'string' is not assignable to parameter of type 'number'.
lib/ec.ts(384,9): error TS2339: Property 'isInfinity' does not exist on type 'HTMLElement'.
lib/ec.ts(386,6): error TS2339: Property 'getX' does not exist on type 'HTMLElement'.
lib/ec.ts(390,6): error TS2339: Property 'getY' does not exist on type 'HTMLElement'.
lib/ec.ts(428,34): error TS2339: Property 'multiply' does not exist on type 'string'.
lib/ec.ts(428,45): error TS2339: Property 'square' does not exist on type 'string'.
lib/ec.ts(429,31): error TS2339: Property 'sqrt' does not exist on type 'HTMLElement'.
lib/ec.ts(433,35): error TS2339: Property 'toBigInteger' does not exist on type 'any[]'.
lib/ec.ts(434,21): error TS2339: Property 'testBit' does not exist on type 'any[]'.
lib/ec.ts(438,14): error TS2554: Expected 4 arguments, but got 3.
lib/ec.ts(446,14): error TS2554: Expected 4 arguments, but got 3.
lib/ec.ts(458,9): error TS2339: Property 'isInfinity' does not exist on type 'HTMLElement'.
lib/ec.ts(460,6): error TS2339: Property 'getX' does not exist on type 'HTMLElement'.
lib/ec.ts(469,8): error TS2339: Property 'getY' does not exist on type 'HTMLElement'.
lib/ec.ts(486,19): error TS2339: Property 'intValue' does not exist on type 'HTMLElement'.
lib/ec.ts(493,28): error TS2339: Property 'multiply' does not exist on type 'any[]'.
lib/ec.ts(498,14): error TS2339: Property 'bitLength' does not exist on type 'string'.
lib/ec.ts(499,30): error TS2339: Property 'shiftRight' does not exist on type 'string'.
lib/ec.ts(500,25): error TS2339: Property 'subtract' does not exist on type 'string'.
lib/ec.ts(500,36): error TS2339: Property 'shiftLeft' does not exist on type 'HTMLElement'.
lib/ec.ts(502,15): error TS2339: Property 'multiply' does not exist on type 'HTMLElement'.
lib/ec.ts(504,13): error TS2339: Property 'add' does not exist on type 'HTMLElement'.
lib/ec.ts(506,14): error TS2339: Property 'compareTo' does not exist on type 'string'.
lib/ec.ts(507,13): error TS2339: Property 'subtract' does not exist on type 'string'.
lib/ec.ts(510,11): error TS2339: Property 'mod' does not exist on type 'string'.
lib/ec.ts(523,14): error TS2339: Property 'square' does not exist on type 'string'.
lib/ec.ts(529,44): error TS2339: Property 'shiftRight' does not exist on type 'HTMLElement'.
lib/ec.ts(534,28): error TS2339: Property 'shiftRight' does not exist on type 'HTMLElement'.
lib/ec.ts(535,20): error TS2339: Property 'shiftLeft' does not exist on type 'any[]'.
lib/ec.ts(546,9): error TS2339: Property 'compareTo' does not exist on type 'object'.
lib/ec.ts(547,10): error TS2339: Property 'multiply' does not exist on type 'object'.
lib/ec.ts(553,17): error TS2314: Generic type 'Promise<T>' requires 1 type argument(s).
lib/ec.ts(559,13): error TS2339: Property 'testBit' does not exist on type 'string'.
lib/ec.ts(560,15): error TS2339: Property 'add' does not exist on type 'string'.
lib/ec.ts(563,13): error TS2339: Property 'shiftRight' does not exist on type 'string'.
lib/ec.ts(565,43): error TS2345: Argument of type 'string' is not assignable to parameter of type 'number'.
lib/ec.ts(567,14): error TS2339: Property 'equals' does not exist on type 'string'.
lib/ec.ts(567,42): error TS2339: Property 'equals' does not exist on type 'string'.
lib/ec.ts(572,21): error TS2339: Property 'bitLength' does not exist on type 'HTMLElement'.
lib/ec.ts(573,21): error TS2339: Property 'getLowestSetBit' does not exist on type 'HTMLElement'.
lib/ec.ts(584,11): error TS2339: Property 'testBit' does not exist on type 'HTMLElement'.
lib/ec.ts(587,30): error TS2339: Property 'multiply' does not exist on type 'object'.
lib/ec.ts(587,54): error TS2339: Property 'multiply' does not exist on type 'object'.
lib/ec.ts(588,30): error TS2339: Property 'multiply' does not exist on type 'object'.
lib/ec.ts(588,55): error TS2339: Property 'shiftLeft' does not exist on type 'any[]'.
lib/ec.ts(591,30): error TS2339: Property 'multiply' does not exist on type 'object'.
lib/ec.ts(592,30): error TS2339: Property 'multiply' does not exist on type 'object'.
lib/ec.ts(592,54): error TS2339: Property 'multiply' does not exist on type 'object'.
lib/ec.ts(593,30): error TS2339: Property 'multiply' does not exist on type 'object'.
lib/ec.ts(593,55): error TS2339: Property 'shiftLeft' does not exist on type 'any[]'.
lib/ec.ts(599,26): error TS2339: Property 'multiply' does not exist on type 'object'.
lib/ec.ts(600,26): error TS2339: Property 'multiply' does not exist on type 'object'.
lib/ec.ts(600,50): error TS2339: Property 'multiply' does not exist on type 'object'.
lib/ec.ts(605,28): error TS2339: Property 'multiply' does not exist on type 'object'.
lib/ec.ts(605,53): error TS2339: Property 'shiftLeft' does not exist on type 'any[]'.
lib/sec.ts(5,7): error TS2451: Cannot redeclare block-scoped variable 'BigInteger'.
lib/sec.ts(6,7): error TS2300: Duplicate identifier 'ECCurveFp'.
lib/sec.ts(23,20): error TS2314: Generic type 'Promise<T>' requires 1 type argument(s).
lib/sec.ts(53,42): error TS2345: Argument of type 'string' is not assignable to parameter of type 'object'.
lib/sec.ts(54,25): error TS2339: Property 'decodePointHex' does not exist on type 'HTMLElement'.
lib/sec.ts(59,36): error TS2345: Argument of type 'string' is not assignable to parameter of type 'any[]'.
lib/sec.ts(70,42): error TS2345: Argument of type 'string' is not assignable to parameter of type 'object'.
lib/sec.ts(71,25): error TS2339: Property 'decodePointHex' does not exist on type 'HTMLElement'.
lib/sec.ts(76,36): error TS2345: Argument of type 'string' is not assignable to parameter of type 'any[]'.
lib/sec.ts(87,42): error TS2345: Argument of type 'string' is not assignable to parameter of type 'object'.
lib/sec.ts(88,25): error TS2339: Property 'decodePointHex' does not exist on type 'HTMLElement'.
lib/sec.ts(93,36): error TS2345: Argument of type 'string' is not assignable to parameter of type 'any[]'.
lib/sec.ts(104,42): error TS2345: Argument of type 'string' is not assignable to parameter of type 'object'.
lib/sec.ts(105,25): error TS2339: Property 'decodePointHex' does not exist on type 'HTMLElement'.
lib/sec.ts(110,36): error TS2345: Argument of type 'string' is not assignable to parameter of type 'any[]'.
lib/sec.ts(121,42): error TS2345: Argument of type 'string' is not assignable to parameter of type 'object'.
lib/sec.ts(122,25): error TS2339: Property 'decodePointHex' does not exist on type 'HTMLElement'.
lib/sec.ts(127,36): error TS2345: Argument of type 'string' is not assignable to parameter of type 'any[]'.
lib/sec.ts(138,42): error TS2345: Argument of type 'string' is not assignable to parameter of type 'object'.
lib/sec.ts(139,25): error TS2339: Property 'decodePointHex' does not exist on type 'HTMLElement'.
lib/sec.ts(144,36): error TS2345: Argument of type 'string' is not assignable to parameter of type 'any[]'.
lib/sec.ts(163,42): error TS2345: Argument of type 'string' is not assignable to parameter of type 'object'.
lib/sec.ts(164,25): error TS2339: Property 'decodePointHex' does not exist on type 'HTMLElement'.
lib/sec.ts(169,36): error TS2345: Argument of type 'string' is not assignable to parameter of type 'any[]'.
../../../../../tools/node_modules/typescript/lib/lib.dom.d.ts(18084,13): error TS2451: Cannot redeclare block-scoped variable 'crypto'.
../../../../../tools/node_modules/typescript/lib/lib.dom.d.ts(18107,6): error TS2451: Cannot redeclare block-scoped variable 'BigInteger'.

