Source directory: .
Dataset: top1k-untyped-nodeps-es6
Type checking with: /mnt/data/mhyee/not-type-inference/tools/node_modules/typescript/bin/tsc
Input directory: /mnt/data/mhyee/not-type-inference/data/InCoder-out/top1k-untyped-nodeps-es6/baseline
Output directory: /mnt/data/mhyee/not-type-inference/data/InCoder-out/top1k-untyped-nodeps-es6/baseline-checked
Found 30 packages
[1/30] @gar_promisify ... [FAIL]
[2/30] @sellside_emitter ... [FAIL]
[3/30] @trysound_sax ... [FAIL]
[4/30] arr-flatten ... [FAIL]
[5/30] asynckit ... [FAIL]
[6/30] console-browserify ... [FAIL]
[7/30] core-util-is ... [FAIL]
[8/30] domain-browser ... [FAIL]
[9/30] es-module-lexer ... [FAIL]
[10/30] figgy-pudding ... [FAIL]
[11/30] fs-monkey ... [FAIL]
[12/30] fs.realpath ... [FAIL]
[13/30] growly ... [FAIL]
[14/30] is-primitive ... [FAIL]
[15/30] json-stable-stringify-without-jsonify ... [FAIL]
[16/30] nan ... [FAIL]
[17/30] normalize-range ... [FAIL]
[18/30] oauth-sign ... [FAIL]
[19/30] process ... [FAIL]
[20/30] pseudomap ... [FAIL]
[21/30] querystring-es3 ... [FAIL]
[22/30] remove-trailing-separator ... [FAIL]
[23/30] snapdragon-node ... [FAIL]
[24/30] source-map-url ... [FAIL]
[25/30] toidentifier ... [FAIL]
[26/30] use ... [FAIL]
[27/30] vm-browserify ... [FAIL]
[28/30] weak-map ... [FAIL]
[29/30] websocket-extensions ... [FAIL]
[30/30] whatwg-fetch ... [FAIL]
Number of successes: 0
Number of fails: 30
Number of skips: 0
Time for type checking: 0:00:18
