examples/example.js(4,17): error TS2306: File '/work/arjunguha-research-group/mhyee/TypeWeaver/data/tsc-out/top1k-untyped-nodeps-es6/baseline/@trysound_sax/lib/sax.d.ts' is not a module.
examples/example.js(15,15): error TS2349: This expression is not callable.
  Type 'void' has no call signatures.
examples/example.js(21,2): error TS2554: Expected 0 arguments, but got 1.
examples/get-products.js(4,17): error TS2306: File '/work/arjunguha-research-group/mhyee/TypeWeaver/data/tsc-out/top1k-untyped-nodeps-es6/baseline/@trysound_sax/lib/sax.d.ts' is not a module.
examples/pretty-print.js(1,17): error TS2306: File '/work/arjunguha-research-group/mhyee/TypeWeaver/data/tsc-out/top1k-untyped-nodeps-es6/baseline/@trysound_sax/lib/sax.d.ts' is not a module.
lib/sax.js(60,22): error TS2339: Property 'BEGIN' does not exist on type 'number'.
lib/sax.js(545,11): error TS2339: Property 'reason' does not exist on type 'Error'.
lib/sax.js(546,11): error TS2339: Property 'line' does not exist on type 'Error'.
lib/sax.js(547,11): error TS2339: Property 'column' does not exist on type 'Error'.
lib/sax.js(555,29): error TS2339: Property 'BEGIN' does not exist on type 'number'.
lib/sax.js(556,27): error TS2339: Property 'BEGIN_WHITESPACE' does not exist on type 'number'.
lib/sax.js(557,27): error TS2339: Property 'TEXT' does not exist on type 'number'.
lib/sax.js(584,11): error TS2339: Property 'ns' does not exist on type '{ name: any; attributes: {}; }'.
lib/sax.js(725,26): error TS2339: Property 'SCRIPT' does not exist on type 'number'.
lib/sax.js(727,26): error TS2339: Property 'TEXT' does not exist on type 'number'.
lib/sax.js(740,24): error TS2339: Property 'TEXT' does not exist on type 'number'.
lib/sax.js(748,26): error TS2339: Property 'SCRIPT' does not exist on type 'number'.
lib/sax.js(777,24): error TS2339: Property 'TEXT' does not exist on type 'number'.
lib/sax.js(804,22): error TS2339: Property 'TEXT' does not exist on type 'number'.
lib/sax.js(842,24): error TS2339: Property 'OPEN_WAKA' does not exist on type 'number'.
lib/sax.js(849,24): error TS2339: Property 'TEXT' does not exist on type 'number'.
lib/sax.js(897,16): error TS2339: Property 'BEGIN' does not exist on type 'number'.
lib/sax.js(898,28): error TS2339: Property 'BEGIN_WHITESPACE' does not exist on type 'number'.
lib/sax.js(905,16): error TS2339: Property 'BEGIN_WHITESPACE' does not exist on type 'number'.
lib/sax.js(909,16): error TS2339: Property 'TEXT' does not exist on type 'number'.
lib/sax.js(927,30): error TS2339: Property 'OPEN_WAKA' does not exist on type 'number'.
lib/sax.js(934,32): error TS2339: Property 'TEXT_ENTITY' does not exist on type 'number'.
lib/sax.js(941,16): error TS2339: Property 'SCRIPT' does not exist on type 'number'.
lib/sax.js(944,30): error TS2339: Property 'SCRIPT_ENDING' does not exist on type 'number'.
lib/sax.js(950,16): error TS2339: Property 'SCRIPT_ENDING' does not exist on type 'number'.
lib/sax.js(952,30): error TS2339: Property 'CLOSE_TAG' does not exist on type 'number'.
lib/sax.js(955,30): error TS2339: Property 'SCRIPT' does not exist on type 'number'.
lib/sax.js(959,16): error TS2339: Property 'OPEN_WAKA' does not exist on type 'number'.
lib/sax.js(962,30): error TS2339: Property 'SGML_DECL' does not exist on type 'number'.
lib/sax.js(967,30): error TS2339: Property 'OPEN_TAG' does not exist on type 'number'.
lib/sax.js(970,30): error TS2339: Property 'CLOSE_TAG' does not exist on type 'number'.
lib/sax.js(973,30): error TS2339: Property 'PROC_INST' does not exist on type 'number'.
lib/sax.js(983,30): error TS2339: Property 'TEXT' does not exist on type 'number'.
lib/sax.js(987,16): error TS2339: Property 'SGML_DECL' does not exist on type 'number'.
lib/sax.js(990,30): error TS2339: Property 'CDATA' does not exist on type 'number'.
lib/sax.js(994,30): error TS2339: Property 'COMMENT' does not exist on type 'number'.
lib/sax.js(998,30): error TS2339: Property 'DOCTYPE' does not exist on type 'number'.
lib/sax.js(1008,30): error TS2339: Property 'TEXT' does not exist on type 'number'.
lib/sax.js(1010,30): error TS2339: Property 'SGML_DECL_QUOTED' does not exist on type 'number'.
lib/sax.js(1017,16): error TS2339: Property 'SGML_DECL_QUOTED' does not exist on type 'number'.
lib/sax.js(1019,30): error TS2339: Property 'SGML_DECL' does not exist on type 'number'.
lib/sax.js(1025,16): error TS2339: Property 'DOCTYPE' does not exist on type 'number'.
lib/sax.js(1027,30): error TS2339: Property 'TEXT' does not exist on type 'number'.
lib/sax.js(1033,32): error TS2339: Property 'DOCTYPE_DTD' does not exist on type 'number'.
lib/sax.js(1035,32): error TS2339: Property 'DOCTYPE_QUOTED' does not exist on type 'number'.
lib/sax.js(1041,16): error TS2339: Property 'DOCTYPE_QUOTED' does not exist on type 'number'.
lib/sax.js(1045,30): error TS2339: Property 'DOCTYPE' does not exist on type 'number'.
lib/sax.js(1049,16): error TS2339: Property 'DOCTYPE_DTD' does not exist on type 'number'.
lib/sax.js(1052,30): error TS2339: Property 'DOCTYPE' does not exist on type 'number'.
lib/sax.js(1054,30): error TS2339: Property 'DOCTYPE_DTD_QUOTED' does not exist on type 'number'.
lib/sax.js(1059,16): error TS2339: Property 'DOCTYPE_DTD_QUOTED' does not exist on type 'number'.
lib/sax.js(1062,30): error TS2339: Property 'DOCTYPE_DTD' does not exist on type 'number'.
lib/sax.js(1067,16): error TS2339: Property 'COMMENT' does not exist on type 'number'.
lib/sax.js(1069,30): error TS2339: Property 'COMMENT_ENDING' does not exist on type 'number'.
lib/sax.js(1075,16): error TS2339: Property 'COMMENT_ENDING' does not exist on type 'number'.
lib/sax.js(1077,30): error TS2339: Property 'COMMENT_ENDED' does not exist on type 'number'.
lib/sax.js(1085,30): error TS2339: Property 'COMMENT' does not exist on type 'number'.
lib/sax.js(1089,16): error TS2339: Property 'COMMENT_ENDED' does not exist on type 'number'.
lib/sax.js(1095,30): error TS2339: Property 'COMMENT' does not exist on type 'number'.
lib/sax.js(1097,30): error TS2339: Property 'TEXT' does not exist on type 'number'.
lib/sax.js(1101,16): error TS2339: Property 'CDATA' does not exist on type 'number'.
lib/sax.js(1103,30): error TS2339: Property 'CDATA_ENDING' does not exist on type 'number'.
lib/sax.js(1109,16): error TS2339: Property 'CDATA_ENDING' does not exist on type 'number'.
lib/sax.js(1111,30): error TS2339: Property 'CDATA_ENDING_2' does not exist on type 'number'.
lib/sax.js(1114,30): error TS2339: Property 'CDATA' does not exist on type 'number'.
lib/sax.js(1118,16): error TS2339: Property 'CDATA_ENDING_2' does not exist on type 'number'.
lib/sax.js(1125,30): error TS2339: Property 'TEXT' does not exist on type 'number'.
lib/sax.js(1130,30): error TS2339: Property 'CDATA' does not exist on type 'number'.
lib/sax.js(1134,16): error TS2339: Property 'PROC_INST' does not exist on type 'number'.
lib/sax.js(1136,30): error TS2339: Property 'PROC_INST_ENDING' does not exist on type 'number'.
lib/sax.js(1138,30): error TS2339: Property 'PROC_INST_BODY' does not exist on type 'number'.
lib/sax.js(1144,16): error TS2339: Property 'PROC_INST_BODY' does not exist on type 'number'.
lib/sax.js(1148,30): error TS2339: Property 'PROC_INST_ENDING' does not exist on type 'number'.
lib/sax.js(1154,16): error TS2339: Property 'PROC_INST_ENDING' does not exist on type 'number'.
lib/sax.js(1161,30): error TS2339: Property 'TEXT' does not exist on type 'number'.
lib/sax.js(1164,30): error TS2339: Property 'PROC_INST_BODY' does not exist on type 'number'.
lib/sax.js(1168,16): error TS2339: Property 'OPEN_TAG' does not exist on type 'number'.
lib/sax.js(1176,32): error TS2339: Property 'OPEN_TAG_SLASH' does not exist on type 'number'.
lib/sax.js(1181,32): error TS2339: Property 'ATTRIB' does not exist on type 'number'.
lib/sax.js(1186,16): error TS2339: Property 'OPEN_TAG_SLASH' does not exist on type 'number'.
lib/sax.js(1192,30): error TS2339: Property 'ATTRIB' does not exist on type 'number'.
lib/sax.js(1196,16): error TS2339: Property 'ATTRIB' does not exist on type 'number'.
lib/sax.js(1203,30): error TS2339: Property 'OPEN_TAG_SLASH' does not exist on type 'number'.
lib/sax.js(1207,30): error TS2339: Property 'ATTRIB_NAME' does not exist on type 'number'.
lib/sax.js(1213,16): error TS2339: Property 'ATTRIB_NAME' does not exist on type 'number'.
lib/sax.js(1215,30): error TS2339: Property 'ATTRIB_VALUE' does not exist on type 'number'.
lib/sax.js(1222,30): error TS2339: Property 'ATTRIB_NAME_SAW_WHITE' does not exist on type 'number'.
lib/sax.js(1230,16): error TS2339: Property 'ATTRIB_NAME_SAW_WHITE' does not exist on type 'number'.
lib/sax.js(1232,30): error TS2339: Property 'ATTRIB_VALUE' does not exist on type 'number'.
lib/sax.js(1248,32): error TS2339: Property 'ATTRIB_NAME' does not exist on type 'number'.
lib/sax.js(1251,32): error TS2339: Property 'ATTRIB' does not exist on type 'number'.
lib/sax.js(1256,16): error TS2339: Property 'ATTRIB_VALUE' does not exist on type 'number'.
lib/sax.js(1261,30): error TS2339: Property 'ATTRIB_VALUE_QUOTED' does not exist on type 'number'.
lib/sax.js(1264,30): error TS2339: Property 'ATTRIB_VALUE_UNQUOTED' does not exist on type 'number'.
lib/sax.js(1269,16): error TS2339: Property 'ATTRIB_VALUE_QUOTED' does not exist on type 'number'.
lib/sax.js(1272,32): error TS2339: Property 'ATTRIB_VALUE_ENTITY_Q' does not exist on type 'number'.
lib/sax.js(1280,28): error TS2339: Property 'ATTRIB_VALUE_CLOSED' does not exist on type 'number'.
lib/sax.js(1283,16): error TS2339: Property 'ATTRIB_VALUE_CLOSED' does not exist on type 'number'.
lib/sax.js(1285,30): error TS2339: Property 'ATTRIB' does not exist on type 'number'.
lib/sax.js(1289,30): error TS2339: Property 'OPEN_TAG_SLASH' does not exist on type 'number'.
lib/sax.js(1294,30): error TS2339: Property 'ATTRIB_NAME' does not exist on type 'number'.
lib/sax.js(1300,16): error TS2339: Property 'ATTRIB_VALUE_UNQUOTED' does not exist on type 'number'.
lib/sax.js(1303,32): error TS2339: Property 'ATTRIB_VALUE_ENTITY_U' does not exist on type 'number'.
lib/sax.js(1313,30): error TS2339: Property 'ATTRIB' does not exist on type 'number'.
lib/sax.js(1317,16): error TS2339: Property 'CLOSE_TAG' does not exist on type 'number'.
lib/sax.js(1324,34): error TS2339: Property 'SCRIPT' does not exist on type 'number'.
lib/sax.js(1338,30): error TS2339: Property 'SCRIPT' does not exist on type 'number'.
lib/sax.js(1343,30): error TS2339: Property 'CLOSE_TAG_SAW_WHITE' does not exist on type 'number'.
lib/sax.js(1347,16): error TS2339: Property 'CLOSE_TAG_SAW_WHITE' does not exist on type 'number'.
lib/sax.js(1358,16): error TS2339: Property 'TEXT_ENTITY' does not exist on type 'number'.
lib/sax.js(1359,16): error TS2339: Property 'ATTRIB_VALUE_ENTITY_Q' does not exist on type 'number'.
lib/sax.js(1360,16): error TS2339: Property 'ATTRIB_VALUE_ENTITY_U' does not exist on type 'number'.
lib/sax.js(1364,20): error TS2339: Property 'TEXT_ENTITY' does not exist on type 'number'.
lib/sax.js(1365,31): error TS2339: Property 'TEXT' does not exist on type 'number'.
lib/sax.js(1369,20): error TS2339: Property 'ATTRIB_VALUE_ENTITY_Q' does not exist on type 'number'.
lib/sax.js(1370,31): error TS2339: Property 'ATTRIB_VALUE_QUOTED' does not exist on type 'number'.
lib/sax.js(1374,20): error TS2339: Property 'ATTRIB_VALUE_ENTITY_U' does not exist on type 'number'.
lib/sax.js(1375,31): error TS2339: Property 'ATTRIB_VALUE_UNQUOTED' does not exist on type 'number'.
lib/sax.js(1384,36): error TS2339: Property 'TEXT_ENTITY' does not exist on type 'number'.
lib/sax.js(1404,35): error TS2554: Expected 0-1 arguments, but got 2.

