index.ts(14,8): error TS1192: Module '"/mnt/data/mhyee/not-type-inference/data/DeepTyper-out/top1k-untyped-nodeps-es6/baseline/fs.realpath/old"' has no default export.
index.ts(59,3): error TS2739: Type 'typeof realpath' is missing the following properties from type 'typeof realpath': __promisify__, native
index.ts(60,3): error TS2741: Property 'native' is missing in type '(p: string, cache: string) => any' but required in type 'typeof realpathSync'.
old.ts(30,5): error TS2322: Type 'string | boolean | undefined' is not assignable to type 'boolean'.
  Type 'undefined' is not assignable to type 'boolean'.
old.ts(54,19): error TS2551: Property 'throwDeprecation' does not exist on type 'Process'. Did you mean 'traceDeprecation'?
old.ts(56,25): error TS2339: Property 'noDeprecation' does not exist on type 'Process'.
old.ts(76,7): error TS2322: Type 'RegExp' is not assignable to type 'string'.
old.ts(78,7): error TS2322: Type 'RegExp' is not assignable to type 'string'.
old.ts(83,7): error TS2322: Type 'RegExp' is not assignable to type 'string'.
old.ts(85,7): error TS2322: Type 'RegExp' is not assignable to type 'string'.
old.ts(113,42): error TS2339: Property 'exec' does not exist on type 'string'.
old.ts(120,23): error TS7053: Element implicitly has an 'any' type because expression of type 'any' can't be used to index type '{}'.
old.ts(122,7): error TS7053: Element implicitly has an 'any' type because expression of type 'any' can't be used to index type '{}'.
old.ts(131,16): error TS2551: Property 'lastIndex' does not exist on type 'string'. Did you mean 'lastIndexOf'?
old.ts(132,46): error TS2339: Property 'exec' does not exist on type 'string'.
old.ts(136,22): error TS2551: Property 'lastIndex' does not exist on type 'string'. Did you mean 'lastIndexOf'?
old.ts(139,9): error TS7053: Element implicitly has an 'any' type because expression of type 'any' can't be used to index type '{}'.
old.ts(150,9): error TS7053: Element implicitly has an 'any' type because expression of type 'any' can't be used to index type '{}'.
old.ts(161,24): error TS7053: Element implicitly has an 'any' type because expression of type 'any' can't be used to index type '{}'.
old.ts(171,23): error TS7053: Element implicitly has an 'any' type because expression of type 'any' can't be used to index type '{}'.
old.ts(214,30): error TS2339: Property 'exec' does not exist on type 'string'.
old.ts(221,23): error TS7053: Element implicitly has an 'any' type because expression of type 'any' can't be used to index type '{}'.
old.ts(224,9): error TS7053: Element implicitly has an 'any' type because expression of type 'any' can't be used to index type '{}'.
old.ts(242,16): error TS2551: Property 'lastIndex' does not exist on type 'string'. Did you mean 'lastIndexOf'?
old.ts(243,46): error TS2339: Property 'exec' does not exist on type 'string'.
old.ts(247,22): error TS2551: Property 'lastIndex' does not exist on type 'string'. Did you mean 'lastIndexOf'?
old.ts(250,9): error TS7053: Element implicitly has an 'any' type because expression of type 'any' can't be used to index type '{}'.
old.ts(267,7): error TS7053: Element implicitly has an 'any' type because expression of type 'any' can't be used to index type '{}'.
old.ts(278,32): error TS7053: Element implicitly has an 'any' type because expression of type 'any' can't be used to index type '{}'.
old.ts(285,25): error TS7053: Element implicitly has an 'any' type because expression of type 'any' can't be used to index type '{}'.
old.ts(286,9): error TS2554: Expected 3 arguments, but got 2.
../../../../node_modules/@types/get-intrinsic/internal/intrinsics.d.ts(11,25): error TS2304: Cannot find name 'AggregateErrorConstructor'.
../../../../node_modules/@types/get-intrinsic/internal/intrinsics.d.ts(126,42): error TS2304: Cannot find name 'AggregateError'.
../../../../node_modules/@types/get-intrinsic/internal/intrinsics.d.ts(127,47): error TS2304: Cannot find name 'AggregateError'.
../../../../node_modules/@types/get-intrinsic/internal/intrinsics.d.ts(128,50): error TS2304: Cannot find name 'AggregateError'.
../../../../node_modules/@types/get-intrinsic/internal/intrinsics.d.ts(418,37): error TS2550: Property 'any' does not exist on type 'PromiseConstructor'. Do you need to change your target library? Try changing the 'lib' compiler option to 'es2021' or later.
../../../../node_modules/@types/get-intrinsic/internal/intrinsics.d.ts(514,62): error TS2550: Property 'replaceAll' does not exist on type 'String'. Do you need to change your target library? Try changing the 'lib' compiler option to 'es2021' or later.

