index.ts(3,27): error TS2322: Type '(val: any) => boolean' is not assignable to type 'boolean'.
index.ts(7,29): error TS2322: Type '(key: string) => boolean' is not assignable to type 'boolean'.
index.ts(11,7): error TS2322: Type '(target: any, ...rest: any[]) => any' is not assignable to type 'void'.
index.ts(11,26): error TS7006: Parameter 'target' implicitly has an 'any' type.
index.ts(11,34): error TS7019: Rest parameter 'rest' implicitly has an 'any[]' type.
index.ts(13,9): error TS2349: This expression is not callable.
  Type 'Boolean' has no call signatures.
index.ts(15,13): error TS2349: This expression is not callable.
  Type 'Boolean' has no call signatures.
index.ts(26,7): error TS2349: This expression is not callable.
  Type 'Boolean' has no call signatures.
index.ts(26,24): error TS2349: This expression is not callable.
  Type 'Boolean' has no call signatures.
index.ts(27,5): error TS2349: This expression is not callable.
  Type 'void' has no call signatures.
../../../../node_modules/@types/get-intrinsic/internal/intrinsics.d.ts(11,25): error TS2304: Cannot find name 'AggregateErrorConstructor'.
../../../../node_modules/@types/get-intrinsic/internal/intrinsics.d.ts(126,42): error TS2304: Cannot find name 'AggregateError'.
../../../../node_modules/@types/get-intrinsic/internal/intrinsics.d.ts(127,47): error TS2304: Cannot find name 'AggregateError'.
../../../../node_modules/@types/get-intrinsic/internal/intrinsics.d.ts(128,50): error TS2304: Cannot find name 'AggregateError'.
../../../../node_modules/@types/get-intrinsic/internal/intrinsics.d.ts(418,37): error TS2550: Property 'any' does not exist on type 'PromiseConstructor'. Do you need to change your target library? Try changing the 'lib' compiler option to 'es2021' or later.
../../../../node_modules/@types/get-intrinsic/internal/intrinsics.d.ts(514,62): error TS2550: Property 'replaceAll' does not exist on type 'String'. Do you need to change your target library? Try changing the 'lib' compiler option to 'es2021' or later.

