lib/jsprim-jsv.ts(46,5): error TS2339: Property 'jsv_details' does not exist on type 'Error'.
lib/jsprim.ts(332,43): error TS2552: Cannot find name 'UintOptions'. Did you mean 'GainOptions'?
lib/jsprim.ts(332,43): error TS4078: Parameter 'uopts' of exported function has or is using private name 'UintOptions'.
lib/jsprim.ts(342,13): error TS2554: Expected 3 arguments, but got 2.
lib/jsprim.ts(573,26): error TS2304: Cannot find name 'hrtime'.
lib/jsprim.ts(573,26): error TS4078: Parameter 'a' of exported function has or is using private name 'hrtime'.
lib/jsprim.ts(588,24): error TS2304: Cannot find name 'Hrtime'.
lib/jsprim.ts(588,24): error TS4078: Parameter 'a' of exported function has or is using private name 'Hrtime'.
lib/jsprim.ts(588,35): error TS2304: Cannot find name 'Hrtime'.
lib/jsprim.ts(588,35): error TS4078: Parameter 'b' of exported function has or is using private name 'Hrtime'.
lib/jsprim.ts(611,27): error TS2304: Cannot find name 'HrTime'.
lib/jsprim.ts(611,27): error TS4078: Parameter 'a' of exported function has or is using private name 'HrTime'.
lib/jsprim.ts(622,28): error TS2304: Cannot find name 'hrtime'.
lib/jsprim.ts(622,28): error TS4078: Parameter 'a' of exported function has or is using private name 'hrtime'.
lib/jsprim.ts(633,28): error TS2304: Cannot find name 'hrtime'.
lib/jsprim.ts(633,28): error TS4078: Parameter 'a' of exported function has or is using private name 'hrtime'.
lib/jsprim.ts(645,25): error TS2304: Cannot find name 'Hrtime'.
lib/jsprim.ts(645,25): error TS4078: Parameter 'a' of exported function has or is using private name 'Hrtime'.
lib/jsprim.ts(645,36): error TS2304: Cannot find name 'Hrtime'.
lib/jsprim.ts(645,36): error TS4078: Parameter 'b' of exported function has or is using private name 'Hrtime'.
lib/jsprim.ts(675,23): error TS2304: Cannot find name 'Hrtime'.
lib/jsprim.ts(675,23): error TS4078: Parameter 'a' of exported function has or is using private name 'Hrtime'.
lib/jsprim.ts(675,34): error TS2304: Cannot find name 'Hrtime'.
lib/jsprim.ts(675,34): error TS4078: Parameter 'b' of exported function has or is using private name 'Hrtime'.

