configure/request-next.ts(9,37): error TS2304: Cannot find name 'IOptions'.
configure/request-next.ts(42,38): error TS2304: Cannot find name 'AxiosRequestConfig'.
configure/request2.ts(9,37): error TS2304: Cannot find name 'IOptions'.
configure/request2.ts(36,90): error TS2304: Cannot find name 'AxiosRequestConfig'.
lib/errors.ts(4,44): error TS2304: Cannot find name 'AxiosRequestConfig'.
lib/errors.ts(4,74): error TS2304: Cannot find name 'AxiosResponse'.
lib/errors.ts(22,66): error TS2304: Cannot find name 'AxiosRequestConfig'.
lib/errors.ts(22,96): error TS2304: Cannot find name 'AxiosResponse'.
lib/errors.ts(40,61): error TS2304: Cannot find name 'AxiosResponse'.
lib/plumbing.ts(10,37): error TS2304: Cannot find name 'IOptions'.
lib/plumbing.ts(32,14): error TS2339: Property 'init' does not exist on type '{}'.
lib/plumbing.ts(32,47): error TS2304: Cannot find name 'AxiosRequestConfig'.
lib/plumbing.ts(46,22): error TS2339: Property 'callback' does not exist on type '{}'.
lib/plumbing.ts(53,73): error TS2339: Property 'defaultTransformations' does not exist on type '{}'.
lib/plumbing.ts(62,14): error TS2339: Property 'defaultTransformations' does not exist on type '{}'.
lib/plumbing.ts(63,31): error TS2304: Cannot find name 'AxiosResponse'.
lib/plumbing.ts(63,56): error TS2304: Cannot find name 'AxiosResponse'.
lib/plumbing.ts(68,14): error TS2339: Property 'callback' does not exist on type '{}'.
lib/plumbing.ts(96,58): error TS2304: Cannot find name 'AxiosResponse'.
lib/plumbing.ts(96,72): error TS2304: Cannot find name 'AxiosResponse'.
lib/plumbing.ts(114,58): error TS2304: Cannot find name 'AxiosResponse'.
lib/plumbing.ts(114,72): error TS2304: Cannot find name 'AxiosResponse'.
lib/plumbing.ts(135,14): error TS2339: Property 'exposePromiseMethod' does not exist on type '{}'.
lib/plumbing.ts(150,14): error TS2339: Property 'exposePromise' does not exist on type '{}'.

