Source directory: .
Dataset: top1k-typed-nodeps-es6
Type weaving with: /mnt/data/mhyee/not-type-inference/tools/type_weaver/index.js
Input directory (JS): /mnt/data/mhyee/not-type-inference/data/original/top1k-typed-nodeps-es6
Input directory (CSV): /mnt/data/mhyee/not-type-inference/data/DeepTyper-out/top1k-typed-nodeps-es6/predictions
Output directory: /mnt/data/mhyee/not-type-inference/data/DeepTyper-out/top1k-typed-nodeps-es6/baseline
Found 257 packages
[1/257] abab ... [ OK ]
[2/257] abbrev ... [ OK ]
[3/257] acorn-jsx ... [ OK ]
[4/257] ansi-colors ... [ OK ]
[5/257] ansi-regex ... [ OK ]
[6/257] ansi-styles ... [ OK ]
[7/257] arg ... [ OK ]
[8/257] arr-union ... [ OK ]
[9/257] array-union ... [ OK ]
[10/257] array-uniq ... [ OK ]
[11/257] array-unique ... [ OK ]
[12/257] arrify ... [ OK ]
[13/257] assert-plus ... [ OK ]
[14/257] astral-regex ... [ OK ]
[15/257] atob ... [ OK ]
[16/257] aws4 ... [ OK ]
[17/257] balanced-match ... [ OK ]
[18/257] base64-js ... [ OK ]
[19/257] binary-extensions ... [ OK ]
[20/257] boolbase ... [ OK ]
[21/257] brorand ... [ OK ]
[22/257] browser-process-hrtime ... [ OK ]
[23/257] buffer-crc32 ... [ OK ]
[24/257] buffer-from ... [ OK ]
[25/257] bytes ... [ OK ]
[26/257] cacheable-lookup ... [ OK ]
[27/257] callsites ... [ OK ]
[28/257] camelcase ... [ OK ]
[29/257] caseless ... [ OK ]
[30/257] char-regex ... [ OK ]
[31/257] chownr ... [ OK ]
[32/257] ci-info ... [ OK ]
[33/257] cli-boxes ... [ OK ]
[34/257] cli-spinners ... [ OK ]
[35/257] clone ... [ OK ]
[36/257] co ... [ OK ]
[37/257] collect-v8-coverage ... [ OK ]
[38/257] color-name ... [ OK ]
[39/257] color-support ... [ OK ]
[40/257] colors ... [ OK ]
[41/257] component-emitter ... [ OK ]
[42/257] content-type ... [ OK ]
[43/257] cookie ... [ OK ]
[44/257] cookie-signature ... [ OK ]
[45/257] create-require ... [ OK ]
[46/257] cssom ... [ OK ]
[47/257] decamelize ... [ OK ]
[48/257] decode-uri-component ... [ OK ]
[49/257] dedent ... [ OK ]
[50/257] deep-extend ... [ OK ]
[51/257] deepmerge ... [ OK ]
[52/257] define-lazy-prop ... [ OK ]
[53/257] delegates ... [ OK ]
[54/257] depd ... [ OK ]
[55/257] destroy ... [ OK ]
[56/257] detect-newline ... [ OK ]
[57/257] detect-node ... [ OK ]
[58/257] diff ... [ OK ]
[59/257] dotenv ... [ OK ]
[60/257] duplexer3 ... [ OK ]
[61/257] ee-first ... [ OK ]
[62/257] emittery ... [ OK ]
[63/257] emoji-regex ... [ OK ]
[64/257] encodeurl ... [ OK ]
[65/257] escalade ... [ OK ]
[66/257] escape-html ... [ OK ]
[67/257] escape-string-regexp ... [ OK ]
[68/257] eslint-visitor-keys ... [ OK ]
[69/257] estraverse ... [ OK ]
[70/257] esutils ... [ OK ]
[71/257] etag ... [ OK ]
[72/257] eventemitter3 ... [ OK ]
[73/257] events ... [ OK ]
[74/257] exec-sh ... [ OK ]
[75/257] exit ... [ OK ]
[76/257] extend ... [ OK ]
[77/257] extsprintf ... [ OK ]
[78/257] fast-deep-equal ... [ OK ]
[79/257] fast-json-stable-stringify ... [ OK ]
[80/257] filesize ... [ OK ]
[81/257] filter-obj ... [ OK ]
[82/257] flatted ... [ OK ]
[83/257] follow-redirects ... [ OK ]
[84/257] forever-agent ... [ OK ]
[85/257] forwarded ... [ OK ]
[86/257] fraction.js ... [ OK ]
[87/257] fresh ... [ OK ]
[88/257] fsevents ... [ OK ]
[89/257] function-bind ... [ OK ]
[90/257] gensync ... [ OK ]
[91/257] get-stdin ... [ OK ]
[92/257] get-stream ... [ OK ]
[93/257] glob-to-regexp ... [ OK ]
[94/257] graceful-fs ... [ OK ]
[95/257] hard-rejection ... [ OK ]
[96/257] has-flag ... [ OK ]
[97/257] has-symbols ... [ OK ]
[98/257] html-escaper ... [ OK ]
[99/257] http-cache-semantics ... [ OK ]
[100/257] human-signals ... [ OK ]
[101/257] icss-utils ... [ OK ]
[102/257] ieee754 ... [ OK ]
[103/257] iferr ... [ OK ]
[104/257] import-from ... [ OK ]
[105/257] import-lazy ... [ OK ]
[106/257] imurmurhash ... [ OK ]
[107/257] indent-string ... [ OK ]
[108/257] inherits ... [ OK ]
[109/257] ini ... [ OK ]
[110/257] interpret ... [ OK ]
[111/257] invert-kv ... [ OK ]
[112/257] ip ... [ OK ]
[113/257] ip-regex ... [ OK ]
[114/257] is-absolute-url ... [ OK ]
[115/257] is-buffer ... [ OK ]
[116/257] is-callable ... [ OK ]
[117/257] is-directory ... [ OK ]
[118/257] is-docker ... [ OK ]
[119/257] is-fullwidth-code-point ... [ OK ]
[120/257] is-generator-fn ... [ OK ]
[121/257] is-interactive ... [ OK ]
[122/257] is-number ... [ OK ]
[123/257] is-obj ... [ OK ]
[124/257] is-path-cwd ... [ OK ]
[125/257] is-path-inside ... [ OK ]
[126/257] is-plain-obj ... [ OK ]
[127/257] is-plain-object ... [ OK ]
[128/257] is-promise ... [ OK ]
[129/257] is-stream ... [ OK ]
[130/257] is-typedarray ... [ OK ]
[131/257] is-unicode-supported ... [ OK ]
[132/257] is-windows ... [ OK ]
[133/257] isarray ... [ OK ]
[134/257] isexe ... [ OK ]
[135/257] isobject ... [ OK ]
[136/257] isstream ... [ OK ]
[137/257] jest-pnp-resolver ... [ OK ]
[138/257] jsesc ... [ OK ]
[139/257] json-buffer ... [ OK ]
[140/257] json-parse-better-errors ... [ OK ]
[141/257] json-schema ... [ OK ]
[142/257] json-schema-traverse ... [ OK ]
[143/257] json-stringify-safe ... [ OK ]
[144/257] kind-of ... [ OK ]
[145/257] kleur ... [ OK ]
[146/257] klona ... [ OK ]
[147/257] leven ... [ OK ]
[148/257] load-json-file ... [ OK ]
[149/257] loader-runner ... [ OK ]
[150/257] loglevel ... [ OK ]
[151/257] lowercase-keys ... [ OK ]
[152/257] make-error ... [ OK ]
[153/257] map-obj ... [ OK ]
[154/257] media-typer ... [ OK ]
[155/257] merge-descriptors ... [ OK ]
[156/257] merge-stream ... [ OK ]
[157/257] merge2 ... [ OK ]
[158/257] methods ... [ OK ]
[159/257] mime ... [ OK ]
[160/257] mime-db ... [ OK ]
[161/257] mimic-fn ... [ OK ]
[162/257] mimic-response ... [ OK ]
[163/257] min-indent ... [ OK ]
[164/257] minimalistic-assert ... [ OK ]
[165/257] mkdirp ... [ OK ]
[166/257] mute-stream ... [ OK ]
[167/257] nanocolors ... [ OK ]
[168/257] nanoid ... [ OK ]
[169/257] natural-compare ... [ OK ]
[170/257] negotiator ... [ OK ]
[171/257] next-tick ... [ OK ]
[172/257] nice-try ... [ OK ]
[173/257] node-int64 ... [ OK ]
[174/257] normalize-path ... [ OK ]
[175/257] normalize-url ... [ OK ]
[176/257] number-is-nan ... [ OK ]
[177/257] object-assign ... [ OK ]
[178/257] object-inspect ... [ OK ]
[179/257] object-keys ... [ OK ]
[180/257] on-headers ... [ OK ]
[181/257] os-homedir ... [ OK ]
[182/257] os-tmpdir ... [ OK ]
[183/257] p-cancelable ... [ OK ]
[184/257] p-each-series ... [ OK ]
[185/257] p-timeout ... [ OK ]
[186/257] p-try ... [ OK ]
[187/257] parseurl ... [ OK ]
[188/257] pascalcase ... [ OK ]
[189/257] path-browserify ... [ OK ]
[190/257] path-exists ... [ OK ]
[191/257] path-is-absolute ... [ OK ]
[192/257] path-is-inside ... [ OK ]
[193/257] path-key ... [ OK ]
[194/257] path-parse ... [ OK ]
[195/257] path-type ... [ OK ]
[196/257] pify ... [ OK ]
[197/257] postcss-modules-extract-imports ... [ OK ]
[198/257] postcss-value-parser ... [ OK ]
[199/257] prepend-http ... [ OK ]
[200/257] progress ... [ OK ]
[201/257] promise-inflight ... [ OK ]
[202/257] punycode ... [ OK ]
[203/257] querystring ... [ OK ]
[204/257] querystringify ... [ OK ]
[205/257] queue-microtask ... [ OK ]
[206/257] quick-lru ... [ OK ]
[207/257] range-parser ... [ OK ]
[208/257] repeat-element ... [ OK ]
[209/257] repeat-string ... [ OK ]
[210/257] require-directory ... [ OK ]
[211/257] require-from-string ... [ OK ]
[212/257] requires-port ... [ OK ]
[213/257] retry ... [ OK ]
[214/257] rsvp ... [ OK ]
[215/257] safe-buffer ... [ OK ]
[216/257] safer-buffer ... [ OK ]
[217/257] setimmediate ... [ OK ]
[218/257] setprototypeof ... [ OK ]
[219/257] shebang-regex ... [ OK ]
[220/257] signal-exit ... [ OK ]
[221/257] sisteransi ... [ OK ]
[222/257] slash ... [ OK ]
[223/257] source-list-map ... [ OK ]
[224/257] split-on-first ... [ OK ]
[225/257] split-string ... [ OK ]
[226/257] sprintf-js ... [ OK ]
[227/257] statuses ... [ OK ]
[228/257] stream-shift ... [ OK ]
[229/257] strict-uri-encode ... [ OK ]
[230/257] strip-bom ... [ OK ]
[231/257] strip-final-newline ... [ OK ]
[232/257] strip-json-comments ... [ OK ]
[233/257] symbol-observable ... [ OK ]
[234/257] symbol-tree ... [ OK ]
[235/257] tapable ... [ OK ]
[236/257] throat ... [ OK ]
[237/257] through ... [ OK ]
[238/257] tmpl ... [ OK ]
[239/257] to-fast-properties ... [ OK ]
[240/257] trim-newlines ... [ OK ]
[241/257] tslib ... [ OK ]
[242/257] type ... [ OK ]
[243/257] typedarray-to-buffer ... [ OK ]
[244/257] universalify ... [ OK ]
[245/257] urix ... [ OK ]
[246/257] util-deprecate ... [ OK ]
[247/257] utils-merge ... [ OK ]
[248/257] uuid ... [ OK ]
[249/257] vary ... [ OK ]
[250/257] webidl-conversions ... [ OK ]
[251/257] webpack-sources ... [ OK ]
[252/257] word-wrap ... [ OK ]
[253/257] xml-name-validator ... [ OK ]
[254/257] xtend ... [ OK ]
[255/257] yallist ... [ OK ]
[256/257] yn ... [ OK ]
[257/257] yocto-queue ... [ OK ]
Number of successes: 257
Number of fails: 0
Number of skips: 0
Time for type weaving: 0:00:47
