Source directory: .
Dataset: top1k-typed-with-typed-deps
Inferring types with LambdaNet: /work/arjunguha-research-group/mhyee/not-type-inference/LambdaNet
Input directory: /work/arjunguha-research-group/mhyee/not-type-inference/data/original/top1k-typed-with-typed-deps
Output directory: /work/arjunguha-research-group/mhyee/not-type-inference/data/LambdaNet-out/top1k-typed-with-typed-deps/predictions
Found 85 packages
[1/85] @sinonjs_commons ... [ OK ]
[2/85] accepts ... [ OK ]
[3/85] anymatch ... [ OK ]
[4/85] are-we-there-yet ... [FAIL]
[5/85] asn1 ... [ OK ]
[6/85] axios ... [FAIL]
[7/85] brace-expansion ... [ OK ]
[8/85] braces ... [ OK ]
[9/85] call-bind ... [ OK ]
[10/85] color ... [ OK ]
[11/85] color-convert ... [ OK ]
[12/85] color-string ... [ OK ]
[13/85] compressible ... [ OK ]
[14/85] csso ... [ OK ]
[15/85] cssstyle ... [ OK ]
[16/85] dashdash ... [ OK ]
[17/85] debug ... [ OK ]
[18/85] defaults ... [FAIL]
[19/85] doctrine ... [ OK ]
[20/85] domexception ... [ OK ]
[21/85] duplexify ... [ OK ]
[22/85] end-of-stream ... [FAIL]
[23/85] enhanced-resolve ... [ OK ]
[24/85] eslint-utils ... [ OK ]
[25/85] esquery ... [ OK ]
[26/85] fb-watchman ... [ OK ]
[27/85] file-entry-cache ... [ OK ]
[28/85] fill-range ... [ OK ]
[29/85] flush-write-stream ... [FAIL]
[30/85] from2 ... [FAIL]
[31/85] fs-extra ... [FAIL]
[32/85] get-intrinsic ... [ OK ]
[33/85] getpass ... [ OK ]
[34/85] glob-parent ... [ OK ]
[35/85] global-dirs ... [FAIL]
[36/85] global-modules ... [FAIL]
[37/85] global-prefix ... [FAIL]
[38/85] has ... [ OK ]
[39/85] hash.js ... [ OK ]
[40/85] hoist-non-react-statics ... [ OK ]
[41/85] html-encoding-sniffer ... [ OK ]
[42/85] iconv-lite ... [ OK ]
[43/85] is-core-module ... [ OK ]
[44/85] is-data-descriptor ... [ OK ]
[45/85] js-yaml ... [FAIL]
[46/85] json5 ... [ OK ]
[47/85] jsonfile ... [ OK ]
[48/85] lru-cache ... [ OK ]
[49/85] make-dir ... [ OK ]
[50/85] micromatch ... [ OK ]
[51/85] mime-types ... [ OK ]
[52/85] minimatch ... [ OK ]
[53/85] minipass ... [ OK ]
[54/85] nopt ... [FAIL]
[55/85] normalize-package-data ... [FAIL]
[56/85] on-finished ... [ OK ]
[57/85] portfinder ... [ OK ]
[58/85] postcss-modules-values ... [ OK ]
[59/85] postcss-selector-parser ... [FAIL]
[60/85] promise ... [ OK ]
[61/85] pump ... [ OK ]
[62/85] pumpify ... [ OK ]
[63/85] readdirp ... [ OK ]
[64/85] regjsparser ... [ OK ]
[65/85] rimraf ... [ OK ]
[66/85] send ... [ OK ]
[67/85] serialize-javascript ... [ OK ]
[68/85] serve-static ... [ OK ]
[69/85] stream-each ... [ OK ]
[70/85] strip-indent ... [ OK ]
[71/85] through2 ... [ OK ]
[72/85] tmp ... [ OK ]
[73/85] to-regex-range ... [ OK ]
[74/85] tough-cookie ... [ OK ]
[75/85] tr46 ... [ OK ]
[76/85] type-check ... [ OK ]
[77/85] type-is ... [ OK ]
[78/85] url-parse ... [ OK ]
[79/85] validate-npm-package-license ... [ OK ]
[80/85] w3c-xmlserializer ... [ OK ]
[81/85] watchpack ... [ OK ]
[82/85] wcwidth ... [ OK ]
[83/85] whatwg-url ... [ OK ]
[84/85] which ... [ OK ]
[85/85] write-file-atomic ... [FAIL]
Number of successes: 70
Number of fails: 15
Number of skips: 0
Time for type inference: 0:19:46
