lib/index.ts(22,51): error TS2304: Cannot find name 'ResolvedPath'.
lib/index.ts(24,20): error TS7053: Element implicitly has an 'any' type because expression of type 'ResolvedPath' can't be used to index type 'Boolean'.
lib/index.ts(29,42): error TS8020: JSDoc types can only be used inside documentation comments.
lib/index.ts(29,52): error TS7006: Parameter 'modulesTo' implicitly has an 'any' type.
lib/index.ts(29,130): error TS2304: Cannot find name 'Module'.
lib/index.ts(32,16): error TS2345: Argument of type 'boolean | null' is not assignable to parameter of type 'boolean'.
  Type 'null' is not assignable to type 'boolean'.
lib/index.ts(41,13): error TS7034: Variable 'modulesToKeep' implicitly has type 'any[]' in some locations where its type cannot be determined.
lib/index.ts(42,17): error TS2345: Argument of type 'boolean | null' is not assignable to parameter of type 'Object'.
  Type 'null' is not assignable to type 'Object'.
lib/index.ts(47,20): error TS2345: Argument of type 'boolean | null' is not assignable to parameter of type 'boolean'.
lib/index.ts(55,31): error TS7005: Variable 'modulesToKeep' implicitly has an 'any[]' type.
lib/index.ts(56,17): error TS2531: Object is possibly 'null'.
lib/index.ts(56,17): error TS7053: Element implicitly has an 'any' type because expression of type 'any' can't be used to index type 'Boolean'.
lib/index.ts(56,30): error TS7005: Variable 'modulesToKeep' implicitly has an 'any[]' type.
lib/index.ts(56,64): error TS7005: Variable 'modulesToKeep' implicitly has an 'any[]' type.
lib/index.ts(66,16): error TS2345: Argument of type 'boolean | null' is not assignable to parameter of type 'boolean'.
lib/index.ts(70,30): error TS2454: Variable 'modulesToKeep' is used before being assigned.
lib/index.ts(71,30): error TS2532: Object is possibly 'undefined'.
lib/index.ts(72,17): error TS2531: Object is possibly 'null'.
lib/index.ts(72,17): error TS7053: Element implicitly has an 'any' type because expression of type 'any' can't be used to index type 'Boolean'.
lib/index.ts(72,30): error TS2532: Object is possibly 'undefined'.
lib/index.ts(72,63): error TS2532: Object is possibly 'undefined'.

