v8-compile-cache.ts(4,7): error TS2451: Cannot redeclare block-scoped variable 'crypto'.
v8-compile-cache.ts(17,15): error TS7006: Parameter 'directory' implicitly has an 'any' type.
v8-compile-cache.ts(17,26): error TS7006: Parameter 'prefix' implicitly has an 'any' type.
v8-compile-cache.ts(19,10): error TS2339: Property '_blobFilename' does not exist on type 'FileSystemBlobStore'.
v8-compile-cache.ts(20,10): error TS2339: Property '_mapFilename' does not exist on type 'FileSystemBlobStore'.
v8-compile-cache.ts(21,10): error TS2339: Property '_lockFilename' does not exist on type 'FileSystemBlobStore'.
v8-compile-cache.ts(22,10): error TS2339: Property '_directory' does not exist on type 'FileSystemBlobStore'.
v8-compile-cache.ts(26,7): error TS7006: Parameter 'key' implicitly has an 'any' type.
v8-compile-cache.ts(26,12): error TS7006: Parameter 'invalidationKey' implicitly has an 'any' type.
v8-compile-cache.ts(27,34): error TS2339: Property '_memoryBlobs' does not exist on type 'FileSystemBlobStore'.
v8-compile-cache.ts(28,19): error TS2339: Property '_invalidationKeys' does not exist on type 'FileSystemBlobStore'.
v8-compile-cache.ts(29,41): error TS2339: Property '_storedMap' does not exist on type 'FileSystemBlobStore'.
v8-compile-cache.ts(30,19): error TS2339: Property '_storedMap' does not exist on type 'FileSystemBlobStore'.
v8-compile-cache.ts(35,7): error TS7006: Parameter 'key' implicitly has an 'any' type.
v8-compile-cache.ts(35,12): error TS7006: Parameter 'invalidationKey' implicitly has an 'any' type.
v8-compile-cache.ts(36,34): error TS2339: Property '_memoryBlobs' does not exist on type 'FileSystemBlobStore'.
v8-compile-cache.ts(37,16): error TS2339: Property '_invalidationKeys' does not exist on type 'FileSystemBlobStore'.
v8-compile-cache.ts(38,21): error TS2339: Property '_memoryBlobs' does not exist on type 'FileSystemBlobStore'.
v8-compile-cache.ts(40,41): error TS2339: Property '_storedMap' does not exist on type 'FileSystemBlobStore'.
v8-compile-cache.ts(41,28): error TS2339: Property '_storedMap' does not exist on type 'FileSystemBlobStore'.
v8-compile-cache.ts(43,21): error TS2339: Property '_storedBlob' does not exist on type 'FileSystemBlobStore'.
v8-compile-cache.ts(48,7): error TS7006: Parameter 'key' implicitly has an 'any' type.
v8-compile-cache.ts(48,12): error TS7006: Parameter 'invalidationKey' implicitly has an 'any' type.
v8-compile-cache.ts(48,29): error TS7006: Parameter 'buffer' implicitly has an 'any' type.
v8-compile-cache.ts(49,10): error TS2339: Property '_invalidationKeys' does not exist on type 'FileSystemBlobStore'.
v8-compile-cache.ts(50,10): error TS2339: Property '_memoryBlobs' does not exist on type 'FileSystemBlobStore'.
v8-compile-cache.ts(51,10): error TS2339: Property '_dirty' does not exist on type 'FileSystemBlobStore'.
v8-compile-cache.ts(54,10): error TS7006: Parameter 'key' implicitly has an 'any' type.
v8-compile-cache.ts(55,34): error TS2339: Property '_memoryBlobs' does not exist on type 'FileSystemBlobStore'.
v8-compile-cache.ts(56,12): error TS2339: Property '_dirty' does not exist on type 'FileSystemBlobStore'.
v8-compile-cache.ts(57,19): error TS2339: Property '_memoryBlobs' does not exist on type 'FileSystemBlobStore'.
v8-compile-cache.ts(59,34): error TS2339: Property '_invalidationKeys' does not exist on type 'FileSystemBlobStore'.
v8-compile-cache.ts(60,12): error TS2339: Property '_dirty' does not exist on type 'FileSystemBlobStore'.
v8-compile-cache.ts(61,19): error TS2339: Property '_invalidationKeys' does not exist on type 'FileSystemBlobStore'.
v8-compile-cache.ts(63,34): error TS2339: Property '_storedMap' does not exist on type 'FileSystemBlobStore'.
v8-compile-cache.ts(64,12): error TS2339: Property '_dirty' does not exist on type 'FileSystemBlobStore'.
v8-compile-cache.ts(65,19): error TS2339: Property '_storedMap' does not exist on type 'FileSystemBlobStore'.
v8-compile-cache.ts(70,17): error TS2339: Property '_dirty' does not exist on type 'FileSystemBlobStore'.
v8-compile-cache.ts(75,39): error TS2345: Argument of type '{}' is not assignable to parameter of type 'readonly Uint8Array[]'.
  Type '{}' is missing the following properties from type 'readonly Uint8Array[]': length, concat, join, slice, and 18 more.
v8-compile-cache.ts(79,23): error TS2339: Property '_directory' does not exist on type 'FileSystemBlobStore'.
v8-compile-cache.ts(80,29): error TS2339: Property '_lockFilename' does not exist on type 'FileSystemBlobStore'.
v8-compile-cache.ts(87,29): error TS2339: Property '_blobFilename' does not exist on type 'FileSystemBlobStore'.
v8-compile-cache.ts(88,29): error TS2339: Property '_mapFilename' does not exist on type 'FileSystemBlobStore'.
v8-compile-cache.ts(90,26): error TS2339: Property '_lockFilename' does not exist on type 'FileSystemBlobStore'.
v8-compile-cache.ts(98,12): error TS2339: Property '_storedBlob' does not exist on type 'FileSystemBlobStore'.
v8-compile-cache.ts(98,47): error TS2339: Property '_blobFilename' does not exist on type 'FileSystemBlobStore'.
v8-compile-cache.ts(99,12): error TS2339: Property '_storedMap' does not exist on type 'FileSystemBlobStore'.
v8-compile-cache.ts(99,57): error TS2339: Property '_mapFilename' does not exist on type 'FileSystemBlobStore'.
v8-compile-cache.ts(101,12): error TS2339: Property '_storedBlob' does not exist on type 'FileSystemBlobStore'.
v8-compile-cache.ts(102,12): error TS2339: Property '_storedMap' does not exist on type 'FileSystemBlobStore'.
v8-compile-cache.ts(104,10): error TS2339: Property '_dirty' does not exist on type 'FileSystemBlobStore'.
v8-compile-cache.ts(105,10): error TS2339: Property '_memoryBlobs' does not exist on type 'FileSystemBlobStore'.
v8-compile-cache.ts(106,10): error TS2339: Property '_invalidationKeys' does not exist on type 'FileSystemBlobStore'.
v8-compile-cache.ts(110,11): error TS7034: Variable 'buffers' implicitly has type 'any[]' in some locations where its type cannot be determined.
v8-compile-cache.ts(116,7): error TS7053: Element implicitly has an 'any' type because expression of type 'any' can't be used to index type '{}'.
v8-compile-cache.ts(120,40): error TS2339: Property '_memoryBlobs' does not exist on type 'FileSystemBlobStore'.
v8-compile-cache.ts(121,27): error TS2339: Property '_memoryBlobs' does not exist on type 'FileSystemBlobStore'.
v8-compile-cache.ts(122,36): error TS2339: Property '_invalidationKeys' does not exist on type 'FileSystemBlobStore'.
v8-compile-cache.ts(126,40): error TS2339: Property '_storedMap' does not exist on type 'FileSystemBlobStore'.
v8-compile-cache.ts(128,28): error TS2339: Property '_storedMap' does not exist on type 'FileSystemBlobStore'.
v8-compile-cache.ts(129,27): error TS2339: Property '_storedBlob' does not exist on type 'FileSystemBlobStore'.
v8-compile-cache.ts(133,13): error TS7005: Variable 'buffers' implicitly has an 'any[]' type.
v8-compile-cache.ts(143,10): error TS2551: Property '_cacheStore' does not exist on type 'NativeCompileCache'. Did you mean 'setCacheStore'?
v8-compile-cache.ts(144,10): error TS2339: Property '_previousModuleCompile' does not exist on type 'NativeCompileCache'.
v8-compile-cache.ts(147,17): error TS7006: Parameter 'cacheStore' implicitly has an 'any' type.
v8-compile-cache.ts(148,10): error TS2551: Property '_cacheStore' does not exist on type 'NativeCompileCache'. Did you mean 'setCacheStore'?
v8-compile-cache.ts(154,10): error TS2339: Property '_previousModuleCompile' does not exist on type 'NativeCompileCache'.
v8-compile-cache.ts(163,52): error TS2304: Cannot find name 'RequestOptions'.
v8-compile-cache.ts(197,38): error TS2339: Property '_previousModuleCompile' does not exist on type 'NativeCompileCache'.
v8-compile-cache.ts(200,18): error TS7006: Parameter 'filename' implicitly has an 'any' type.
v8-compile-cache.ts(200,28): error TS7006: Parameter 'content' implicitly has an 'any' type.
v8-compile-cache.ts(234,8): error TS2339: Property 'createHash' does not exist on type 'Crypto'.
v8-compile-cache.ts(238,23): error TS2551: Property '_cacheStore' does not exist on type 'NativeCompileCache'. Did you mean 'setCacheStore'?
v8-compile-cache.ts(249,12): error TS2551: Property '_cacheStore' does not exist on type 'NativeCompileCache'. Did you mean 'setCacheStore'?
v8-compile-cache.ts(251,12): error TS2551: Property '_cacheStore' does not exist on type 'NativeCompileCache'. Did you mean 'setCacheStore'?
v8-compile-cache.ts(280,9): error TS2571: Object is of type 'unknown'.
v8-compile-cache.ts(281,7): error TS2554: Expected 2 arguments, but got 1.
v8-compile-cache.ts(282,7): error TS2554: Expected 2 arguments, but got 1.
v8-compile-cache.ts(303,10): error TS2532: Object is possibly 'undefined'.
v8-compile-cache.ts(303,45): error TS7053: Element implicitly has an 'any' type because expression of type 'string' can't be used to index type '{ '\\': string; ':': string; '/': string; '\0': string; z: string; }'.
  No index signature with a parameter of type 'string' was found on type '{ '\\': string; ':': string; '/': string; '\0': string; z: string; }'.
../../../../../tools/node_modules/typescript/lib/lib.dom.d.ts(18084,13): error TS2451: Cannot redeclare block-scoped variable 'crypto'.

