index.ts(13,9): error TS2322: Type 'boolean' is not assignable to type 'number'.
index.ts(17,10): error TS2339: Property 'code' does not exist on type 'Error'.
index.ts(39,8): error TS2339: Property 'code' does not exist on type 'Error'.
index.ts(40,8): error TS2339: Property 'errno' does not exist on type 'Error'.
index.ts(41,8): error TS2339: Property 'path' does not exist on type 'Error'.
index.ts(42,8): error TS2339: Property 'syscall' does not exist on type 'Error'.
index.ts(50,44): error TS2339: Property 'fs' does not exist on type 'object'.
index.ts(51,8): error TS2322: Type 'Function' is not assignable to type 'string'.
index.ts(51,41): error TS2339: Property 'fs' does not exist on type 'object'.
index.ts(53,42): error TS2339: Property 'fs' does not exist on type 'object'.
index.ts(54,9): error TS2322: Type 'string' is not assignable to type 'any[]'.
index.ts(54,35): error TS2345: Argument of type 'HTMLElement' is not assignable to parameter of type 'string'.
index.ts(57,18): error TS2339: Property 'mode' does not exist on type 'object'.
index.ts(66,29): error TS2339: Property 'mode' does not exist on type 'object'.
index.ts(75,9): error TS2367: This condition will always return 'false' since the types 'string' and 'HTMLInputElement' have no overlap.
index.ts(75,22): error TS2345: Argument of type 'HTMLInputElement' is not assignable to parameter of type 'string'.
index.ts(83,29): error TS2345: Argument of type 'HTMLInputElement' is not assignable to parameter of type 'string'.
index.ts(89,25): error TS2349: This expression is not callable.
  Type 'String' has no call signatures.
index.ts(101,27): error TS2345: Argument of type 'HTMLElement' is not assignable to parameter of type 'string'.
index.ts(110,42): error TS2339: Property 'fs' does not exist on type 'object'.
index.ts(114,18): error TS2339: Property 'mode' does not exist on type 'object'.
index.ts(123,12): error TS2339: Property 'fs' does not exist on type 'object'.
index.ts(123,38): error TS2339: Property 'mode' does not exist on type 'object'.
index.ts(130,9): error TS2367: This condition will always return 'false' since the types 'string' and 'any[]' have no overlap.
index.ts(130,22): error TS2345: Argument of type 'any[]' is not assignable to parameter of type 'string'.
index.ts(138,23): error TS2345: Argument of type 'any[]' is not assignable to parameter of type 'string'.
index.ts(143,18): error TS2339: Property 'fs' does not exist on type 'object'.

