index.ts(15,29): error TS2359: The right-hand side of an 'instanceof' expression must be of type 'any' or of a type assignable to the 'Function' interface type.
index.ts(15,74): error TS2359: The right-hand side of an 'instanceof' expression must be of type 'any' or of a type assignable to the 'Function' interface type.
index.ts(15,115): error TS2339: Property 'close' does not exist on type '{}'.
index.ts(19,17): error TS2339: Property 'setHeader' does not exist on type 'any[]'.
index.ts(19,42): error TS2339: Property 'abort' does not exist on type 'any[]'.
index.ts(23,19): error TS2769: No overload matches this call.
  The last overload gave the following error.
    Argument of type 'Function' is not assignable to parameter of type '(...args: any[]) => unknown'.
      Type 'Function' provides no match for the signature '(...args: any[]): unknown'.
index.ts(26,10): error TS2339: Property 'on' does not exist on type 'string'.
index.ts(30,7): error TS2345: Argument of type 'string' is not assignable to parameter of type 'Stream'.
index.ts(42,37): error TS2339: Property 'close' does not exist on type 'string'.
index.ts(43,42): error TS2339: Property 'abort' does not exist on type 'string'.
index.ts(45,21): error TS2339: Property 'destroy' does not exist on type 'string'.
index.ts(45,45): error TS2339: Property 'destroy' does not exist on type 'string'.
index.ts(56,15): error TS2339: Property 'pipe' does not exist on type 'object'.
index.ts(68,9): error TS2322: Type 'boolean' is not assignable to type 'number'.
index.ts(71,19): error TS2322: Type 'number' is not assignable to type 'object'.
index.ts(72,33): error TS2345: Argument of type 'Function' is not assignable to parameter of type '(value: any, index: number, array: any[]) => void'.
  Type 'Function' provides no match for the signature '(value: any, index: number, array: any[]): void'.
index.ts(74,24): error TS2345: Argument of type 'Function' is not assignable to parameter of type '(value: any, index: number, array: any[]) => void'.
index.ts(79,25): error TS2345: Argument of type 'Function' is not assignable to parameter of type '(previousValue: any, currentValue: any, currentIndex: number, array: any[]) => any'.
  Type 'Function' provides no match for the signature '(previousValue: any, currentValue: any, currentIndex: number, array: any[]): any'.

