index.ts(31,14): error TS2322: Type 'typeof import("/mnt/typeweaver/data/node_modules/@types/send/node_modules/@types/mime/index")' is not assignable to type 'string'.
index.ts(53,35): error TS2339: Property 'fallthrough' does not exist on type 'HTMLElement'.
index.ts(56,32): error TS2339: Property 'redirect' does not exist on type 'HTMLElement'.
index.ts(59,33): error TS2339: Property 'setHeaders' does not exist on type 'HTMLElement'.
index.ts(66,8): error TS2339: Property 'maxage' does not exist on type 'HTMLElement'.
index.ts(66,22): error TS2339: Property 'maxage' does not exist on type 'HTMLElement'.
index.ts(66,37): error TS2339: Property 'maxAge' does not exist on type 'HTMLElement'.
index.ts(67,8): error TS2339: Property 'root' does not exist on type 'HTMLElement'.
index.ts(70,7): error TS2740: Type 'Function' is missing the following properties from type 'any[]': pop, push, concat, join, and 28 more.
index.ts(75,13): error TS2339: Property 'method' does not exist on type 'HTMLElement'.
index.ts(75,37): error TS2339: Property 'method' does not exist on type 'HTMLElement'.
index.ts(81,11): error TS2339: Property 'statusCode' does not exist on type 'object'.
index.ts(82,11): error TS2339: Property 'setHeader' does not exist on type 'object'.
index.ts(83,11): error TS2339: Property 'setHeader' does not exist on type 'object'.
index.ts(84,11): error TS2339: Property 'end' does not exist on type 'object'.
index.ts(89,9): error TS2322: Type 'Url' is not assignable to type 'string'.
index.ts(89,49): error TS2345: Argument of type 'HTMLElement' is not assignable to parameter of type 'IncomingMessage'.
  Type 'HTMLElement' is missing the following properties from type 'IncomingMessage': aborted, httpVersion, httpVersionMajor, httpVersionMinor, and 49 more.
index.ts(90,33): error TS2345: Argument of type 'HTMLElement' is not assignable to parameter of type 'IncomingMessage'.
index.ts(93,37): error TS2339: Property 'pathname' does not exist on type 'string'.
index.ts(98,9): error TS2740: Type 'SendStream' is missing the following properties from type 'any[]': length, pop, push, concat, and 29 more.
index.ts(98,30): error TS2345: Argument of type 'HTMLElement' is not assignable to parameter of type 'Readable'.
  Type 'HTMLElement' is missing the following properties from type 'Readable': readableAborted, readable, readableDidRead, readableEncoding, and 37 more.
index.ts(101,12): error TS2339: Property 'on' does not exist on type 'any[]'.
index.ts(105,14): error TS2339: Property 'on' does not exist on type 'any[]'.
index.ts(110,14): error TS2339: Property 'on' does not exist on type 'any[]'.
index.ts(117,12): error TS2339: Property 'on' does not exist on type 'any[]'.
index.ts(118,33): error TS2339: Property 'statusCode' does not exist on type 'any[]'.
index.ts(127,12): error TS2339: Property 'pipe' does not exist on type 'any[]'.
index.ts(192,9): error TS2740: Type 'Url' is missing the following properties from type 'Function': apply, call, bind, prototype, and 6 more.
index.ts(195,17): error TS2339: Property 'path' does not exist on type 'Function'.
index.ts(196,17): error TS2339: Property 'pathname' does not exist on type 'Function'.
index.ts(196,63): error TS2339: Property 'pathname' does not exist on type 'Function'.
index.ts(199,9): error TS2322: Type 'string' is not assignable to type 'Function'.
index.ts(199,46): error TS2769: No overload matches this call.
  Overload 1 of 2, '(urlObject: URL, options?: URLFormatOptions): string', gave the following error.
    Argument of type 'Function' is not assignable to parameter of type 'URL'.
      Type 'Function' is missing the following properties from type 'URL': hash, host, hostname, href, and 9 more.
  Overload 2 of 2, '(urlObject: string | UrlObject): string', gave the following error.
    Argument of type 'Function' is not assignable to parameter of type 'string | UrlObject'.
index.ts(200,57): error TS2345: Argument of type 'string' is not assignable to parameter of type 'number'.
index.ts(200,97): error TS2345: Argument of type 'Function' is not assignable to parameter of type 'string'.
index.ts(201,18): error TS2345: Argument of type 'Function' is not assignable to parameter of type 'string'.
index.ts(204,9): error TS2339: Property 'statusCode' does not exist on type 'HTMLElement'.
index.ts(205,9): error TS2339: Property 'setHeader' does not exist on type 'HTMLElement'.
index.ts(206,9): error TS2339: Property 'setHeader' does not exist on type 'HTMLElement'.
index.ts(207,9): error TS2339: Property 'setHeader' does not exist on type 'HTMLElement'.
index.ts(208,9): error TS2339: Property 'setHeader' does not exist on type 'HTMLElement'.
index.ts(209,9): error TS2339: Property 'setHeader' does not exist on type 'HTMLElement'.
index.ts(210,9): error TS2339: Property 'end' does not exist on type 'HTMLElement'.
scripts/version-history.ts(24,7): error TS2740: Type 'RegExp' is missing the following properties from type 'HTMLElement': accessKey, accessKeyLabel, autocapitalize, dir, and 277 more.
scripts/version-history.ts(26,27): error TS2339: Property 'test' does not exist on type 'HTMLElement'.
scripts/version-history.ts(38,7): error TS2740: Type 'Date' is missing the following properties from type 'HTMLInputElement': accept, align, alt, autocomplete, and 333 more.
scripts/version-history.ts(40,22): error TS2339: Property 'getFullYear' does not exist on type 'HTMLInputElement'.
scripts/version-history.ts(41,17): error TS2339: Property 'getMonth' does not exist on type 'HTMLInputElement'.
scripts/version-history.ts(42,17): error TS2339: Property 'getDate' does not exist on type 'HTMLInputElement'.
scripts/version-history.ts(48,19): error TS2365: Operator '<' cannot be applied to types 'number' and 'string'.

