ammonite.ops.ShelloutException: CommandResult 1
Failure occurred at line 21: const values = [
	undefined,
	0,
	0n,
	'',
	true,
	Symbol(''),
	() => {},
	// eslint-disable-next-line func-names
	(function namedFunc() {}),
	null,
	{},
	Math,
	new Set([]),
	new ArrayBuffer(0),
	Promise.resolve(),
	Object.create(null),
	new Intl.Locale('en'),
	// eslint-disable-next-line no-new-object
	new Object({prop: true}),
	new class Class {}(),
	[],
	/regexp/,
	new Error('test'),
	new Date(),
	(function () {
		// eslint-disable-next-line prefer-rest-params
		return arguments;
	})(),
	new Proxy({}, {})
]
Error message: Unknown expression category: BigIntLiteral. Text: 0n
Failure occurred at line 21: const values = [
	undefined,
	0,
	0n,
	'',
	true,
	Symbol(''),
	() => {},
	// eslint-disable-next-line func-names
	(function namedFunc() {}),
	null,
	{},
	Math,
	new Set([]),
	new ArrayBuffer(0),
	Promise.resolve(),
	Object.create(null),
	new Intl.Locale('en'),
	// eslint-disable-next-line no-new-object
	new Object({prop: true}),
	new class Class {}(),
	[],
	/regexp/,
	new Error('test'),
	new Date(),
	(function () {
		// eslint-disable-next-line prefer-rest-params
		return arguments;
	})(),
	new Proxy({}, {})
];
Error message: Unknown expression category: BigIntLiteral. Text: 0n
Parsing failed for file: benchmark.js

/mnt/data/mhyee/not-type-inference/LambdaNet/scripts/ts/parsing.ts:690
        throw new Error("Unknown expression category: " + ts.SyntaxKind[node.kind]
              ^
Error: Unknown expression category: BigIntLiteral. Text: 0n
    at rec (/mnt/data/mhyee/not-type-inference/LambdaNet/scripts/ts/parsing.ts:690:15)
    at Array.map (<anonymous>)
    at rec (/mnt/data/mhyee/not-type-inference/LambdaNet/scripts/ts/parsing.ts:612:32)
    at parseExpr (/mnt/data/mhyee/not-type-inference/LambdaNet/scripts/ts/parsing.ts:709:10)
    at ExprProcessor.processExpr (/mnt/data/mhyee/not-type-inference/LambdaNet/scripts/ts/parsing.ts:777:16)
    at parseVarDec (/mnt/data/mhyee/not-type-inference/LambdaNet/scripts/ts/parsing.ts:873:62)
    at /mnt/data/mhyee/not-type-inference/LambdaNet/scripts/ts/parsing.ts:922:64
    at /mnt/data/mhyee/not-type-inference/LambdaNet/scripts/ts/parsing.ts:1367:51
    at Array.reduce (<anonymous>)
    at flatMap (/mnt/data/mhyee/not-type-inference/LambdaNet/scripts/ts/parsing.ts:1367:13)

	at ammonite.ops.Shellout$.executeStream(Shellout.scala:101)
	at ammonite.ops.Shellout$.$anonfun$$percent$percent$1(Shellout.scala:15)
	at ammonite.ops.Command.applyDynamic(Shellout.scala:118)
	at lambdanet.utils.ProgramParsing$.$anonfun$parseGModulesFromFiles$2(ProgramParsing.scala:216)
	at funcdiff.SimpleMath$.withErrorMessage(SimpleMath.scala:483)
	at lambdanet.utils.ProgramParsing$.parseGModulesFromFiles(ProgramParsing.scala:208)
	at lambdanet.utils.ProgramParsing$.parseGProjectFromRoot(ProgramParsing.scala:168)
	at lambdanet.PrepareRepos$.$anonfun$parseProject$2(PrepareRepos.scala:607)
	at funcdiff.SimpleMath$.withErrorMessage(SimpleMath.scala:483)
	at lambdanet.PrepareRepos$.parseProject(PrepareRepos.scala:602)
	at lambdanet.Model$PredictionService.predictOnProject(Model.scala:247)
	at lambdanet.TypeInferenceService$.$anonfun$main$1(TypeInferenceService.scala:119)
	at scala.concurrent.Future$.$anonfun$apply$1(Future.scala:659)
	at scala.util.Success.$anonfun$map$1(Try.scala:255)
	at scala.util.Success.map(Try.scala:213)
	at scala.concurrent.Future.$anonfun$map$1(Future.scala:292)
	at scala.concurrent.impl.Promise.liftedTree1$1(Promise.scala:33)
	at scala.concurrent.impl.Promise.$anonfun$transform$1(Promise.scala:33)
	at scala.concurrent.impl.CallbackRunnable.run(Promise.scala:64)
	at java.base/java.util.concurrent.ForkJoinTask$RunnableExecuteAction.exec(ForkJoinTask.java:1426)
	at java.base/java.util.concurrent.ForkJoinTask.doExec(ForkJoinTask.java:290)
	at java.base/java.util.concurrent.ForkJoinPool$WorkQueue.topLevelExec(ForkJoinPool.java:1020)
	at java.base/java.util.concurrent.ForkJoinPool.scan(ForkJoinPool.java:1656)
	at java.base/java.util.concurrent.ForkJoinPool.runWorker(ForkJoinPool.java:1594)
	at java.base/java.util.concurrent.ForkJoinWorkerThread.run(ForkJoinWorkerThread.java:177)
