lib/CSSStyleDeclaration.ts(37,36): error TS1110: Type expected.
lib/CSSStyleDeclaration.ts(104,34): error TS1110: Type expected.
lib/parsers.ts(646,38): error TS1110: Type expected.
lib/properties/background.ts(12,21): error TS1005: ':' expected.
lib/properties/background.ts(13,21): error TS1005: ':' expected.
lib/properties/background.ts(14,22): error TS1005: ':' expected.
lib/properties/background.ts(15,26): error TS1005: ':' expected.
lib/properties/background.ts(16,24): error TS1005: ':' expected.
lib/properties/backgroundAttachment.ts(5,80): error TS1128: Declaration or statement expected.
lib/properties/backgroundAttachment.ts(10,2): error TS1128: Declaration or statement expected.
lib/properties/backgroundAttachment.ts(24,3): error TS1005: '}' expected.
lib/properties/backgroundPosition.ts(7,58): error TS1110: Type expected.
lib/properties/border.ts(10,17): error TS1005: ':' expected.
lib/properties/border.ts(11,17): error TS1005: ':' expected.
lib/properties/border.ts(12,17): error TS1005: ':' expected.
lib/properties/borderBottom.ts(10,24): error TS1005: ':' expected.
lib/properties/borderBottom.ts(11,24): error TS1005: ':' expected.
lib/properties/borderBottom.ts(12,24): error TS1005: ':' expected.
lib/properties/borderLeft.ts(10,22): error TS1005: ':' expected.
lib/properties/borderLeft.ts(11,22): error TS1005: ':' expected.
lib/properties/borderLeft.ts(12,22): error TS1005: ':' expected.
lib/properties/borderRight.ts(10,23): error TS1005: ':' expected.
lib/properties/borderRight.ts(11,23): error TS1005: ':' expected.
lib/properties/borderRight.ts(12,23): error TS1005: ':' expected.
lib/properties/borderSpacing.ts(9,58): error TS1110: Type expected.
lib/properties/borderTop.ts(10,21): error TS1005: ':' expected.
lib/properties/borderTop.ts(11,21): error TS1005: ':' expected.
lib/properties/borderTop.ts(12,21): error TS1005: ':' expected.
lib/properties/clip.ts(7,27): error TS1110: Type expected.
lib/properties/flex.ts(11,14): error TS1005: ':' expected.
lib/properties/flex.ts(12,16): error TS1005: ':' expected.
lib/properties/flex.ts(13,15): error TS1005: ':' expected.
lib/properties/flex.ts(23,31): error TS1110: Type expected.
lib/properties/flex.ts(23,32): error TS1109: Expression expected.
lib/properties/flex.ts(23,34): error TS1136: Property assignment expected.
lib/properties/flex.ts(44,4): error TS1128: Declaration or statement expected.
lib/properties/flex.ts(46,13): error TS1005: ';' expected.
lib/properties/flex.ts(47,15): error TS1005: ';' expected.
lib/properties/flex.ts(48,1): error TS1109: Expression expected.
lib/properties/font.ts(16,16): error TS1005: ':' expected.
lib/properties/font.ts(17,14): error TS1005: ':' expected.
lib/properties/font.ts(18,15): error TS1005: ':' expected.
lib/properties/font.ts(19,17): error TS1005: ':' expected.
lib/properties/font.ts(20,16): error TS1005: ':' expected.
lib/properties/font.ts(21,16): error TS1005: ':' expected.
lib/properties/fontStyle.ts(5,47): error TS1110: Type expected.
lib/properties/fontStyle.ts(5,48): error TS1109: Expression expected.
lib/properties/fontStyle.ts(6,10): error TS1005: ':' expected.
lib/properties/fontStyle.ts(6,22): error TS1005: ',' expected.
lib/properties/fontStyle.ts(6,30): error TS1005: ',' expected.
lib/properties/fontStyle.ts(7,1): error TS1128: Declaration or statement expected.
scripts/generate_properties.ts(22,30): error TS1110: Type expected.
scripts/generate_properties.ts(111,59): error TS1110: Type expected.

