lib/portfinder.ts(16,10): error TS2595: 'mkdirp' can only be imported by using a default import.
lib/portfinder.ts(24,11): error TS2339: Property 'testPort' does not exist on type '{}'.
lib/portfinder.ts(47,106): error TS2339: Property 'code' does not exist on type 'Error'.
lib/portfinder.ts(51,15): error TS2339: Property 'code' does not exist on type 'Error'.
lib/portfinder.ts(51,43): error TS2339: Property 'code' does not exist on type 'Error'.
lib/portfinder.ts(61,15): error TS2339: Property 'testPort' does not exist on type '{}'.
lib/portfinder.ts(94,3): error TS1184: Modifiers cannot appear here.
lib/portfinder.ts(108,3): error TS1184: Modifiers cannot appear here.
lib/portfinder.ts(154,22): error TS2339: Property 'testPort' does not exist on type '{}'.
lib/portfinder.ts(156,100): error TS2339: Property 'code' does not exist on type 'Error'.
lib/portfinder.ts(172,15): error TS2339: Property 'code' does not exist on type 'Error'.
lib/portfinder.ts(172,47): error TS2339: Property 'code' does not exist on type 'Error'.
lib/portfinder.ts(224,50): error TS2304: Cannot find name 'ny'.
lib/portfinder.ts(249,60): error TS2304: Cannot find name 'IOptions'.
lib/portfinder.ts(269,6): error TS2345: Argument of type 'Function' is not assignable to parameter of type 'AsyncResultArrayCallback<unknown, Error>'.
  Type 'Function' provides no match for the signature '(err?: Error, results?: unknown[]): void'.
lib/portfinder.ts(285,45): error TS2345: Argument of type 'number' is not assignable to parameter of type 'string'.
lib/portfinder.ts(298,17): error TS2339: Property 'code' does not exist on type 'Error'.
lib/portfinder.ts(320,38): error TS2304: Cannot find name 'Dir'.
lib/portfinder.ts(340,33): error TS2552: Cannot find name 'rror'. Did you mean 'Error'?

