index.ts(86,37): error TS2304: Cannot find name 'Path'.
index.ts(99,27): error TS2503: Cannot find namespace 'http'.
index.ts(99,65): error TS2503: Cannot find namespace 'url'.
index.ts(100,3): error TS2684: The 'this' context of type 'typeof internal' is not assignable to method's 'this' of type 'Function'.
  Types of property 'once' are incompatible.
    Type '{ (emitter: _NodeEventTarget, eventName: string | symbol, options?: StaticEventEmitterOptions): Promise<any[]>; (emitter: _DOMEventTarget, eventName: string, options?: StaticEventEmitterOptions): Promise<...>; }' is not assignable to type '() => Function & FnProps<any>'.
index.ts(284,18): error TS2339: Property 'headers' does not exist on type 'Error'.
index.ts(285,25): error TS2339: Property 'headers' does not exist on type 'Error'.
index.ts(338,32): error TS2367: This comparison appears to be unintentional because the types 'RegExp' and 'string' have no overlap.
index.ts(416,17): error TS2339: Property 'code' does not exist on type 'Error'.
index.ts(524,13): error TS2339: Property 'indexOf' does not exist on type 'string | number'.
  Property 'indexOf' does not exist on type 'number'.
index.ts(537,29): error TS2345: Argument of type 'string | number' is not assignable to parameter of type 'string'.
  Type 'number' is not assignable to type 'string'.
index.ts(544,18): error TS2339: Property 'split' does not exist on type 'string | number'.
  Property 'split' does not exist on type 'number'.
index.ts(547,33): error TS2345: Argument of type 'string | number' is not assignable to parameter of type 'string'.
  Type 'number' is not assignable to type 'string'.
index.ts(550,29): error TS2345: Argument of type 'string | number' is not assignable to parameter of type 'string'.
  Type 'number' is not assignable to type 'string'.
index.ts(557,23): error TS2345: Argument of type 'string | number' is not assignable to parameter of type 'string'.
  Type 'number' is not assignable to type 'string'.
index.ts(560,20): error TS2345: Argument of type 'string | number' is not assignable to parameter of type 'string'.
  Type 'number' is not assignable to type 'string'.
index.ts(605,50): error TS2304: Cannot find name 'Path'.
index.ts(605,63): error TS2304: Cannot find name 'Stats'.
index.ts(666,38): error TS2554: Expected 3 arguments, but got 2.
index.ts(694,8): error TS2339: Property 'start' does not exist on type '{}'.
index.ts(695,8): error TS2339: Property 'end' does not exist on type '{}'.
index.ts(720,11): error TS2345: Argument of type 'String' is not assignable to parameter of type 'PathLike'.
  Type 'String' is missing the following properties from type 'Buffer': write, toJSON, equals, compare, and 90 more.
index.ts(721,20): error TS2339: Property 'code' does not exist on type 'Error'.
index.ts(721,50): error TS2345: Argument of type 'String' is not assignable to parameter of type 'string'.
  'string' is a primitive, but 'String' is a wrapper object. Prefer using 'string' when possible.
index.ts(743,38): error TS2554: Expected 1 arguments, but got 0.
index.ts(766,18): error TS2345: Argument of type 'String' is not assignable to parameter of type 'string'.
  'string' is a primitive, but 'String' is a wrapper object. Prefer using 'string' when possible.
index.ts(771,38): error TS2554: Expected 1 arguments, but got 0.
index.ts(777,3): error TS2554: Expected 1 arguments, but got 0.
index.ts(788,54): error TS2709: Cannot use namespace 'path' as a type.
index.ts(799,21): error TS2554: Expected 1 arguments, but got 2.
index.ts(828,50): error TS2304: Cannot find name 'Path'.
index.ts(833,19): error TS2339: Property 'lookup' does not exist on type 'Mime'.
index.ts(840,22): error TS2339: Property 'charsets' does not exist on type 'Mime'.
index.ts(855,75): error TS2304: Cannot find name 'Stats'.
index.ts(900,9): error TS2339: Property 'removeHeader' does not exist on type 'Response'.
index.ts(948,38): error TS2339: Property 'start' does not exist on type 'Range'.
index.ts(948,58): error TS2339: Property 'end' does not exist on type 'Range'.
index.ts(1002,31): error TS2345: Argument of type 'string | Buffer' is not assignable to parameter of type 'string'.
  Type 'Buffer' is not assignable to type 'string'.
index.ts(1017,21): error TS2339: Property 'getHeaderNames' does not exist on type 'Response'.
index.ts(1018,23): error TS2551: Property '_headers' does not exist on type 'Response'. Did you mean 'headers'?
index.ts(1019,11): error TS2339: Property 'getHeaderNames' does not exist on type 'Response'.
index.ts(1034,33): error TS2304: Cannot find name 'EventEmitter'.
index.ts(1050,28): error TS2503: Cannot find namespace 'http'.
index.ts(1084,38): error TS2345: Argument of type 'string | Date' is not assignable to parameter of type 'string'.
  Type 'Date' is not assignable to type 'string'.
index.ts(1144,9): error TS2339: Property 'setHeader' does not exist on type 'Response'.

