browser/type-check.ts(316,34): error TS1110: Type expected.
browser/type-check.ts(340,28): error TS1110: Type expected.
browser/type-check.ts(340,49): error TS1110: Type expected.
browser/type-check.ts(340,50): error TS1109: Expression expected.
browser/type-check.ts(340,59): error TS1005: ',' expected.
browser/type-check.ts(340,68): error TS1005: ',' expected.
browser/type-check.ts(340,69): error TS1005: ';' expected.
browser/type-check.ts(412,2): error TS1128: Declaration or statement expected.
browser/type-check.ts(412,5): error TS1128: Declaration or statement expected.
browser/type-check.ts(412,6): error TS1128: Declaration or statement expected.
browser/type-check.ts(412,8): error TS1005: ';' expected.
browser/type-check.ts(412,28): error TS1110: Type expected.
browser/type-check.ts(412,49): error TS1110: Type expected.
browser/type-check.ts(412,50): error TS1109: Expression expected.
browser/type-check.ts(412,59): error TS1005: ',' expected.
browser/type-check.ts(412,68): error TS1005: ',' expected.
browser/type-check.ts(414,7): error TS1005: ':' expected.
browser/type-check.ts(414,606): error TS1005: ',' expected.
browser/type-check.ts(422,5): error TS1005: ',' expected.
browser/type-check.ts(430,5): error TS1005: ',' expected.
browser/type-check.ts(440,4): error TS1005: ',' expected.
browser/type-check.ts(450,5): error TS1005: ',' expected.
browser/type-check.ts(460,5): error TS1005: ',' expected.
browser/type-check.ts(469,5): error TS1005: ',' expected.
browser/type-check.ts(479,5): error TS1005: ',' expected.
browser/type-check.ts(488,5): error TS1005: ',' expected.
browser/type-check.ts(491,4): error TS1005: ',' expected.
browser/type-check.ts(497,4): error TS1005: ',' expected.
browser/type-check.ts(500,4): error TS1005: ',' expected.
browser/type-check.ts(506,4): error TS1005: ',' expected.
browser/type-check.ts(509,4): error TS1005: ',' expected.
browser/type-check.ts(512,4): error TS1005: ',' expected.
browser/type-check.ts(523,4): error TS1005: ',' expected.
browser/type-check.ts(537,5): error TS1005: ',' expected.
browser/type-check.ts(545,5): error TS1005: ',' expected.
browser/type-check.ts(548,5): error TS1005: ',' expected.
browser/type-check.ts(556,5): error TS1005: ',' expected.
browser/type-check.ts(559,5): error TS1005: ',' expected.
browser/type-check.ts(569,5): error TS1005: ',' expected.
browser/type-check.ts(572,4): error TS1005: ',' expected.
browser/type-check.ts(583,5): error TS1005: ',' expected.
browser/type-check.ts(598,4): error TS1005: ',' expected.
browser/type-check.ts(618,4): error TS1005: ',' expected.
browser/type-check.ts(638,4): error TS1005: ',' expected.
browser/type-check.ts(657,4): error TS1005: ',' expected.
browser/type-check.ts(671,5): error TS1005: ',' expected.
browser/type-check.ts(685,5): error TS1005: ',' expected.
browser/type-check.ts(695,4): error TS1005: ',' expected.
browser/type-check.ts(705,4): error TS1005: ',' expected.
browser/type-check.ts(715,5): error TS1005: ',' expected.
browser/type-check.ts(725,5): error TS1005: ',' expected.
browser/type-check.ts(736,4): error TS1005: ',' expected.
browser/type-check.ts(739,5): error TS1005: ',' expected.
browser/type-check.ts(750,5): error TS1005: ',' expected.
browser/type-check.ts(759,4): error TS1005: ',' expected.
browser/type-check.ts(768,4): error TS1005: ',' expected.
browser/type-check.ts(777,4): error TS1005: ',' expected.
browser/type-check.ts(788,4): error TS1005: ',' expected.
browser/type-check.ts(799,4): error TS1005: ',' expected.
browser/type-check.ts(810,5): error TS1005: ',' expected.
browser/type-check.ts(821,5): error TS1005: ',' expected.
browser/type-check.ts(833,5): error TS1005: ',' expected.
browser/type-check.ts(839,5): error TS1005: ',' expected.
browser/type-check.ts(840,65): error TS1005: '{' expected.
browser/type-check.ts(840,66): error TS1136: Property assignment expected.
browser/type-check.ts(840,71): error TS1005: ',' expected.
browser/type-check.ts(840,83): error TS1005: ',' expected.
browser/type-check.ts(841,31): error TS1005: ',' expected.
browser/type-check.ts(842,12): error TS1005: ':' expected.
browser/type-check.ts(842,39): error TS1005: ',' expected.
browser/type-check.ts(843,4): error TS1005: ',' expected.
browser/type-check.ts(843,5): error TS1137: Expression or comma expected.
browser/type-check.ts(850,5): error TS1005: ',' expected.
browser/type-check.ts(853,5): error TS1005: ',' expected.
browser/type-check.ts(860,5): error TS1005: ',' expected.
browser/type-check.ts(867,5): error TS1005: ',' expected.
browser/type-check.ts(870,5): error TS1005: ',' expected.
browser/type-check.ts(882,5): error TS1005: ',' expected.
browser/type-check.ts(894,5): error TS1005: ',' expected.
browser/type-check.ts(897,5): error TS1005: ',' expected.
browser/type-check.ts(900,5): error TS1005: ',' expected.
browser/type-check.ts(914,5): error TS1005: ',' expected.
browser/type-check.ts(928,5): error TS1005: ',' expected.
browser/type-check.ts(951,4): error TS1005: ',' expected.
browser/type-check.ts(977,4): error TS1005: ',' expected.
browser/type-check.ts(984,5): error TS1005: ',' expected.
browser/type-check.ts(994,5): error TS1005: ',' expected.
browser/type-check.ts(1005,5): error TS1005: ',' expected.
browser/type-check.ts(1015,5): error TS1005: ',' expected.
browser/type-check.ts(1026,5): error TS1005: ',' expected.
browser/type-check.ts(1028,3): error TS1137: Expression or comma expected.
browser/type-check.ts(1130,31): error TS1110: Type expected.
browser/type-check.ts(1130,32): error TS1109: Expression expected.
browser/type-check.ts(1131,1): error TS1128: Declaration or statement expected.
browser/type-check.ts(1131,2): error TS1128: Declaration or statement expected.
browser/type-check.ts(1131,5): error TS1128: Declaration or statement expected.
browser/type-check.ts(1131,6): error TS1128: Declaration or statement expected.
browser/type-check.ts(1131,8): error TS1005: ';' expected.
browser/type-check.ts(1131,28): error TS1110: Type expected.
browser/type-check.ts(1131,49): error TS1110: Type expected.
browser/type-check.ts(1131,50): error TS1109: Expression expected.
browser/type-check.ts(1131,59): error TS1005: ',' expected.
browser/type-check.ts(1131,68): error TS1005: ',' expected.
browser/type-check.ts(1133,7): error TS1005: ':' expected.
browser/type-check.ts(1133,196): error TS1005: ',' expected.
browser/type-check.ts(1136,5): error TS1005: ',' expected.
browser/type-check.ts(1139,5): error TS1005: ',' expected.
browser/type-check.ts(1142,4): error TS1005: ',' expected.
browser/type-check.ts(1143,17): error TS1005: ',' expected.
browser/type-check.ts(1152,4): error TS1005: ',' expected.
browser/type-check.ts(1155,5): error TS1005: ',' expected.
browser/type-check.ts(1158,5): error TS1005: ',' expected.
browser/type-check.ts(1161,5): error TS1005: ',' expected.
browser/type-check.ts(1165,5): error TS1005: ',' expected.
browser/type-check.ts(1168,5): error TS1005: ',' expected.
browser/type-check.ts(1169,15): error TS1005: ',' expected.
browser/type-check.ts(1170,15): error TS1005: ',' expected.
browser/type-check.ts(1171,17): error TS1005: ',' expected.
browser/type-check.ts(1172,19): error TS1005: ',' expected.
browser/type-check.ts(1173,16): error TS1005: ',' expected.
browser/type-check.ts(1176,5): error TS1005: ',' expected.
browser/type-check.ts(1177,17): error TS1005: ',' expected.
browser/type-check.ts(1178,17): error TS1005: ',' expected.
browser/type-check.ts(1179,17): error TS1005: ',' expected.
browser/type-check.ts(1180,19): error TS1005: ',' expected.
browser/type-check.ts(1181,19): error TS1005: ',' expected.
browser/type-check.ts(1182,19): error TS1005: ',' expected.
browser/type-check.ts(1185,5): error TS1005: ',' expected.
browser/type-check.ts(1188,4): error TS1005: ',' expected.
browser/type-check.ts(1189,21): error TS1005: ',' expected.
browser/type-check.ts(1190,22): error TS1005: ',' expected.
browser/type-check.ts(1191,21): error TS1005: ',' expected.
browser/type-check.ts(1194,4): error TS1005: ',' expected.
browser/type-check.ts(1197,4): error TS1005: ',' expected.
browser/type-check.ts(1200,4): error TS1005: ',' expected.
browser/type-check.ts(1211,5): error TS1005: ',' expected.
browser/type-check.ts(1214,5): error TS1005: ',' expected.
browser/type-check.ts(1216,10): error TS1005: ':' expected.
browser/type-check.ts(1216,18): error TS1005: ':' expected.
browser/type-check.ts(1249,4): error TS1005: ',' expected.
browser/type-check.ts(1251,12): error TS1005: ':' expected.
browser/type-check.ts(1251,20): error TS1005: ',' expected.
browser/type-check.ts(1251,38): error TS1005: ',' expected.
browser/type-check.ts(1251,49): error TS1005: ',' expected.
browser/type-check.ts(1252,9): error TS1005: ':' expected.
browser/type-check.ts(1261,6): error TS1005: ',' expected.
browser/type-check.ts(1262,12): error TS1005: ':' expected.
browser/type-check.ts(1262,20): error TS1005: ',' expected.
browser/type-check.ts(1264,1): error TS1005: ',' expected.
browser/type-check.ts(1264,8): error TS1005: ';' expected.
browser/type-check.ts(1264,28): error TS1110: Type expected.
browser/type-check.ts(1264,49): error TS1110: Type expected.
browser/type-check.ts(1264,50): error TS1109: Expression expected.
browser/type-check.ts(1264,59): error TS1005: ',' expected.
browser/type-check.ts(1264,68): error TS1005: ',' expected.
browser/type-check.ts(1266,7): error TS1005: ':' expected.
browser/type-check.ts(1266,127): error TS1005: ',' expected.
browser/type-check.ts(1274,4): error TS1005: ',' expected.
browser/type-check.ts(1281,4): error TS1005: ',' expected.
browser/type-check.ts(1289,4): error TS1005: ',' expected.
browser/type-check.ts(1297,4): error TS1005: ',' expected.
browser/type-check.ts(1306,5): error TS1005: ',' expected.
browser/type-check.ts(1317,4): error TS1005: ',' expected.
browser/type-check.ts(1324,4): error TS1005: ',' expected.
browser/type-check.ts(1332,5): error TS1005: ',' expected.
browser/type-check.ts(1340,5): error TS1005: ',' expected.
browser/type-check.ts(1350,4): error TS1005: ',' expected.
browser/type-check.ts(1360,5): error TS1005: ',' expected.
browser/type-check.ts(1370,5): error TS1005: ',' expected.
browser/type-check.ts(1380,5): error TS1005: ',' expected.
browser/type-check.ts(1389,5): error TS1005: ',' expected.
browser/type-check.ts(1391,10): error TS1005: ':' expected.
browser/type-check.ts(1391,18): error TS1005: ':' expected.
browser/type-check.ts(1406,4): error TS1005: ',' expected.
browser/type-check.ts(1408,12): error TS1005: ':' expected.
browser/type-check.ts(1408,20): error TS1005: ',' expected.
browser/type-check.ts(1408,38): error TS1005: ',' expected.
browser/type-check.ts(1408,49): error TS1005: ',' expected.
browser/type-check.ts(1409,9): error TS1005: ':' expected.
browser/type-check.ts(1418,6): error TS1005: ',' expected.
browser/type-check.ts(1419,12): error TS1005: ':' expected.
browser/type-check.ts(1419,20): error TS1005: ',' expected.
browser/type-check.ts(1421,1): error TS1005: ',' expected.
browser/type-check.ts(1421,8): error TS1005: ';' expected.
browser/type-check.ts(1421,28): error TS1110: Type expected.
browser/type-check.ts(1421,49): error TS1110: Type expected.
browser/type-check.ts(1421,50): error TS1109: Expression expected.
browser/type-check.ts(1421,59): error TS1005: ',' expected.
browser/type-check.ts(1421,68): error TS1005: ',' expected.
browser/type-check.ts(1423,7): error TS1005: ':' expected.
browser/type-check.ts(1423,116): error TS1005: ',' expected.
browser/type-check.ts(1426,5): error TS1005: ',' expected.
browser/type-check.ts(1427,31): error TS1110: Type expected.
browser/type-check.ts(1429,5): error TS1005: ',' expected.
browser/type-check.ts(1430,25): error TS1110: Type expected.
browser/type-check.ts(1435,4): error TS1005: ',' expected.
browser/type-check.ts(1438,4): error TS1005: ',' expected.
browser/type-check.ts(1439,25): error TS1110: Type expected.
browser/type-check.ts(1444,4): error TS1005: ',' expected.
browser/type-check.ts(1447,4): error TS1005: ',' expected.
browser/type-check.ts(1450,4): error TS1005: ',' expected.
browser/type-check.ts(1453,4): error TS1005: ',' expected.
browser/type-check.ts(1454,27): error TS1110: Type expected.
browser/type-check.ts(1456,4): error TS1005: ',' expected.
browser/type-check.ts(1464,5): error TS1005: ',' expected.
browser/type-check.ts(1465,30): error TS1110: Type expected.
browser/type-check.ts(1467,4): error TS1005: ',' expected.
browser/type-check.ts(1468,27): error TS1110: Type expected.
browser/type-check.ts(1472,4): error TS1005: ',' expected.
browser/type-check.ts(1485,4): error TS1005: ',' expected.
browser/type-check.ts(1487,10): error TS1005: ':' expected.
browser/type-check.ts(1487,18): error TS1005: ':' expected.
browser/type-check.ts(1501,4): error TS1005: ',' expected.
browser/type-check.ts(1503,12): error TS1005: ':' expected.
browser/type-check.ts(1503,20): error TS1005: ',' expected.
browser/type-check.ts(1503,38): error TS1005: ',' expected.
browser/type-check.ts(1503,49): error TS1005: ',' expected.
browser/type-check.ts(1504,9): error TS1005: ':' expected.
browser/type-check.ts(1513,6): error TS1005: ',' expected.
browser/type-check.ts(1514,12): error TS1005: ':' expected.
browser/type-check.ts(1514,20): error TS1005: ',' expected.
browser/type-check.ts(1516,1): error TS1005: ',' expected.
browser/type-check.ts(1516,8): error TS1005: ';' expected.
browser/type-check.ts(1516,28): error TS1110: Type expected.
browser/type-check.ts(1516,49): error TS1110: Type expected.
browser/type-check.ts(1516,50): error TS1109: Expression expected.
browser/type-check.ts(1516,59): error TS1005: ',' expected.
browser/type-check.ts(1516,68): error TS1005: ',' expected.
browser/type-check.ts(1518,7): error TS1005: ':' expected.
browser/type-check.ts(1518,89): error TS1005: ',' expected.
browser/type-check.ts(1519,30): error TS1005: ',' expected.
browser/type-check.ts(1520,30): error TS1005: ',' expected.
browser/type-check.ts(1521,28): error TS1005: ',' expected.
browser/type-check.ts(1522,28): error TS1005: ',' expected.
browser/type-check.ts(1523,28): error TS1005: ',' expected.
browser/type-check.ts(1526,4): error TS1005: ',' expected.
browser/type-check.ts(1529,5): error TS1005: ',' expected.
browser/type-check.ts(1536,5): error TS1005: ',' expected.
browser/type-check.ts(1537,6): error TS1005: ',' expected.
browser/type-check.ts(1537,25): error TS1005: ',' expected.
browser/type-check.ts(1538,6): error TS1005: ',' expected.
browser/type-check.ts(1538,25): error TS1005: ',' expected.
browser/type-check.ts(1539,6): error TS1005: ',' expected.
browser/type-check.ts(1539,23): error TS1005: ',' expected.
browser/type-check.ts(1540,6): error TS1005: ',' expected.
browser/type-check.ts(1540,23): error TS1005: ',' expected.
browser/type-check.ts(1541,6): error TS1005: ',' expected.
browser/type-check.ts(1541,29): error TS1005: ',' expected.
browser/type-check.ts(1542,6): error TS1005: ',' expected.
browser/type-check.ts(1542,33): error TS1005: ',' expected.
browser/type-check.ts(1543,6): error TS1005: ',' expected.
browser/type-check.ts(1543,33): error TS1005: ',' expected.
browser/type-check.ts(1544,6): error TS1005: ',' expected.
browser/type-check.ts(1544,23): error TS1005: ',' expected.
browser/type-check.ts(1545,6): error TS1005: ',' expected.
browser/type-check.ts(1545,32): error TS1005: ',' expected.
browser/type-check.ts(1555,4): error TS1005: ',' expected.
browser/type-check.ts(1556,10): error TS1005: ',' expected.
browser/type-check.ts(1556,27): error TS1005: ',' expected.
browser/type-check.ts(1557,10): error TS1005: ',' expected.
browser/type-check.ts(1557,25): error TS1005: ',' expected.
browser/type-check.ts(1558,10): error TS1005: ',' expected.
browser/type-check.ts(1558,31): error TS1005: ',' expected.
browser/type-check.ts(1559,10): error TS1005: ',' expected.
browser/type-check.ts(1559,33): error TS1005: ',' expected.
browser/type-check.ts(1560,10): error TS1005: ',' expected.
browser/type-check.ts(1560,31): error TS1005: ',' expected.
browser/type-check.ts(1561,10): error TS1005: ',' expected.
browser/type-check.ts(1561,37): error TS1005: ',' expected.
browser/type-check.ts(1562,10): error TS1005: ',' expected.
browser/type-check.ts(1562,27): error TS1005: ',' expected.
browser/type-check.ts(1563,10): error TS1005: ',' expected.
browser/type-check.ts(1563,27): error TS1005: ',' expected.
browser/type-check.ts(1564,10): error TS1005: ',' expected.
browser/type-check.ts(1564,29): error TS1005: ',' expected.
browser/type-check.ts(1565,10): error TS1005: ',' expected.
browser/type-check.ts(1565,27): error TS1005: ',' expected.
browser/type-check.ts(1566,10): error TS1005: ',' expected.
browser/type-check.ts(1566,27): error TS1005: ',' expected.
browser/type-check.ts(1567,10): error TS1005: ',' expected.
browser/type-check.ts(1567,33): error TS1005: ',' expected.
browser/type-check.ts(1568,10): error TS1005: ',' expected.
browser/type-check.ts(1568,29): error TS1005: ',' expected.
browser/type-check.ts(1569,10): error TS1005: ',' expected.
browser/type-check.ts(1569,33): error TS1005: ',' expected.
browser/type-check.ts(1570,10): error TS1005: ',' expected.
browser/type-check.ts(1570,39): error TS1005: ',' expected.
browser/type-check.ts(1571,10): error TS1005: ',' expected.
browser/type-check.ts(1571,43): error TS1005: ',' expected.
browser/type-check.ts(1572,10): error TS1005: ',' expected.
browser/type-check.ts(1572,29): error TS1005: ',' expected.
browser/type-check.ts(1573,10): error TS1005: ',' expected.
browser/type-check.ts(1573,33): error TS1005: ',' expected.
browser/type-check.ts(1574,10): error TS1005: ',' expected.
browser/type-check.ts(1574,33): error TS1005: ',' expected.
browser/type-check.ts(1575,10): error TS1005: ',' expected.
browser/type-check.ts(1575,27): error TS1005: ',' expected.
browser/type-check.ts(1576,10): error TS1005: ',' expected.
browser/type-check.ts(1576,29): error TS1005: ',' expected.
browser/type-check.ts(1577,10): error TS1005: ',' expected.
browser/type-check.ts(1577,29): error TS1005: ',' expected.
browser/type-check.ts(1578,10): error TS1005: ',' expected.
browser/type-check.ts(1578,31): error TS1005: ',' expected.
browser/type-check.ts(1579,10): error TS1005: ',' expected.
browser/type-check.ts(1579,29): error TS1005: ',' expected.
browser/type-check.ts(1580,10): error TS1005: ',' expected.
browser/type-check.ts(1580,31): error TS1005: ',' expected.
browser/type-check.ts(1581,10): error TS1005: ',' expected.
browser/type-check.ts(1581,33): error TS1005: ',' expected.
browser/type-check.ts(1582,10): error TS1005: ',' expected.
browser/type-check.ts(1582,33): error TS1005: ',' expected.
browser/type-check.ts(1583,10): error TS1005: ',' expected.
browser/type-check.ts(1583,31): error TS1005: ',' expected.
browser/type-check.ts(1584,10): error TS1005: ',' expected.
browser/type-check.ts(1584,25): error TS1005: ',' expected.
browser/type-check.ts(1585,10): error TS1005: ',' expected.
browser/type-check.ts(1585,25): error TS1005: ',' expected.
browser/type-check.ts(1586,10): error TS1005: ',' expected.
browser/type-check.ts(1586,31): error TS1005: ',' expected.
browser/type-check.ts(1587,10): error TS1005: ',' expected.
browser/type-check.ts(1587,35): error TS1005: ',' expected.
browser/type-check.ts(1588,10): error TS1005: ',' expected.
browser/type-check.ts(1588,27): error TS1005: ',' expected.
browser/type-check.ts(1589,10): error TS1005: ',' expected.
browser/type-check.ts(1589,35): error TS1005: ',' expected.
browser/type-check.ts(1590,10): error TS1005: ',' expected.
browser/type-check.ts(1590,31): error TS1005: ',' expected.
browser/type-check.ts(1591,10): error TS1005: ',' expected.
browser/type-check.ts(1591,25): error TS1005: ',' expected.
browser/type-check.ts(1592,10): error TS1005: ',' expected.
browser/type-check.ts(1592,33): error TS1005: ',' expected.
browser/type-check.ts(1593,10): error TS1005: ',' expected.
browser/type-check.ts(1593,27): error TS1005: ',' expected.
browser/type-check.ts(1594,10): error TS1005: ',' expected.
browser/type-check.ts(1594,33): error TS1005: ',' expected.
browser/type-check.ts(1595,10): error TS1005: ',' expected.
browser/type-check.ts(1595,31): error TS1005: ',' expected.
browser/type-check.ts(1596,10): error TS1005: ',' expected.
browser/type-check.ts(1596,37): error TS1005: ',' expected.
browser/type-check.ts(1597,10): error TS1005: ',' expected.
browser/type-check.ts(1597,33): error TS1005: ',' expected.
browser/type-check.ts(1598,10): error TS1005: ',' expected.
browser/type-check.ts(1598,33): error TS1005: ',' expected.
browser/type-check.ts(1599,10): error TS1005: ',' expected.
browser/type-check.ts(1599,33): error TS1005: ',' expected.
browser/type-check.ts(1600,10): error TS1005: ',' expected.
browser/type-check.ts(1600,37): error TS1005: ',' expected.
browser/type-check.ts(1601,10): error TS1005: ',' expected.
browser/type-check.ts(1601,37): error TS1005: ',' expected.
browser/type-check.ts(1602,10): error TS1005: ',' expected.
browser/type-check.ts(1602,27): error TS1005: ',' expected.
browser/type-check.ts(1603,10): error TS1005: ',' expected.
browser/type-check.ts(1603,29): error TS1005: ',' expected.
browser/type-check.ts(1604,10): error TS1005: ',' expected.
browser/type-check.ts(1604,29): error TS1005: ',' expected.
browser/type-check.ts(1605,10): error TS1005: ',' expected.
browser/type-check.ts(1605,31): error TS1005: ',' expected.
browser/type-check.ts(1606,10): error TS1005: ',' expected.
browser/type-check.ts(1606,29): error TS1005: ',' expected.
browser/type-check.ts(1607,10): error TS1005: ',' expected.
browser/type-check.ts(1607,31): error TS1005: ',' expected.
browser/type-check.ts(1608,10): error TS1005: ',' expected.
browser/type-check.ts(1608,29): error TS1005: ',' expected.
browser/type-check.ts(1609,10): error TS1005: ',' expected.
browser/type-check.ts(1609,27): error TS1005: ',' expected.
browser/type-check.ts(1610,10): error TS1005: ',' expected.
browser/type-check.ts(1610,27): error TS1005: ',' expected.
browser/type-check.ts(1611,10): error TS1005: ',' expected.
browser/type-check.ts(1611,33): error TS1005: ',' expected.
browser/type-check.ts(1612,10): error TS1005: ',' expected.
browser/type-check.ts(1612,37): error TS1005: ',' expected.
browser/type-check.ts(1613,10): error TS1005: ',' expected.
browser/type-check.ts(1613,37): error TS1005: ',' expected.
browser/type-check.ts(1614,10): error TS1005: ',' expected.
browser/type-check.ts(1614,27): error TS1005: ',' expected.
browser/type-check.ts(1615,10): error TS1005: ',' expected.
browser/type-check.ts(1615,37): error TS1005: ',' expected.
browser/type-check.ts(1616,10): error TS1005: ',' expected.
browser/type-check.ts(1616,25): error TS1005: ',' expected.
browser/type-check.ts(1617,10): error TS1005: ',' expected.
browser/type-check.ts(1617,33): error TS1005: ',' expected.
browser/type-check.ts(1618,10): error TS1005: ',' expected.
browser/type-check.ts(1618,31): error TS1005: ',' expected.
browser/type-check.ts(1619,10): error TS1005: ',' expected.
browser/type-check.ts(1619,39): error TS1005: ',' expected.
browser/type-check.ts(1620,10): error TS1005: ',' expected.
browser/type-check.ts(1620,23): error TS1005: ',' expected.
browser/type-check.ts(1621,10): error TS1005: ',' expected.
browser/type-check.ts(1621,37): error TS1005: ',' expected.
browser/type-check.ts(1622,10): error TS1005: ',' expected.
browser/type-check.ts(1622,41): error TS1005: ',' expected.
browser/type-check.ts(1623,10): error TS1005: ',' expected.
browser/type-check.ts(1623,37): error TS1005: ',' expected.
browser/type-check.ts(1624,10): error TS1005: ',' expected.
browser/type-check.ts(1624,41): error TS1005: ',' expected.
browser/type-check.ts(1625,10): error TS1005: ',' expected.
browser/type-check.ts(1625,29): error TS1005: ',' expected.
browser/type-check.ts(1626,10): error TS1005: ',' expected.
browser/type-check.ts(1626,29): error TS1005: ',' expected.
browser/type-check.ts(1627,10): error TS1005: ',' expected.
browser/type-check.ts(1627,27): error TS1005: ',' expected.
browser/type-check.ts(1628,10): error TS1005: ',' expected.
browser/type-check.ts(1628,25): error TS1005: ',' expected.
browser/type-check.ts(1629,10): error TS1005: ',' expected.
browser/type-check.ts(1629,27): error TS1005: ',' expected.
browser/type-check.ts(1630,10): error TS1005: ',' expected.
browser/type-check.ts(1630,28): error TS1005: ',' expected.
browser/type-check.ts(1631,10): error TS1005: ',' expected.
browser/type-check.ts(1631,26): error TS1005: ',' expected.
browser/type-check.ts(1632,10): error TS1005: ',' expected.
browser/type-check.ts(1632,28): error TS1005: ',' expected.
browser/type-check.ts(1633,10): error TS1005: ',' expected.
browser/type-check.ts(1633,32): error TS1005: ',' expected.
browser/type-check.ts(1634,10): error TS1005: ',' expected.
browser/type-check.ts(1634,28): error TS1005: ',' expected.
browser/type-check.ts(1635,10): error TS1005: ',' expected.
browser/type-check.ts(1635,32): error TS1005: ',' expected.
browser/type-check.ts(1636,10): error TS1005: ',' expected.
browser/type-check.ts(1636,28): error TS1005: ',' expected.
browser/type-check.ts(1637,10): error TS1005: ',' expected.
browser/type-check.ts(1637,32): error TS1005: ',' expected.
browser/type-check.ts(1638,10): error TS1005: ',' expected.
browser/type-check.ts(1638,30): error TS1005: ',' expected.
browser/type-check.ts(1639,10): error TS1005: ',' expected.
browser/type-check.ts(1639,38): error TS1005: ',' expected.
browser/type-check.ts(1640,10): error TS1005: ',' expected.
browser/type-check.ts(1640,34): error TS1005: ',' expected.
browser/type-check.ts(1641,10): error TS1005: ',' expected.
browser/type-check.ts(1641,36): error TS1005: ',' expected.
browser/type-check.ts(1642,10): error TS1005: ',' expected.
browser/type-check.ts(1642,30): error TS1005: ',' expected.
browser/type-check.ts(1643,10): error TS1005: ',' expected.
browser/type-check.ts(1643,26): error TS1005: ',' expected.
browser/type-check.ts(1644,10): error TS1005: ',' expected.
browser/type-check.ts(1644,38): error TS1005: ',' expected.
browser/type-check.ts(1645,10): error TS1005: ',' expected.
browser/type-check.ts(1645,38): error TS1005: ',' expected.
browser/type-check.ts(1646,10): error TS1005: ',' expected.
browser/type-check.ts(1646,38): error TS1005: ',' expected.
browser/type-check.ts(1647,10): error TS1005: ',' expected.
browser/type-check.ts(1647,38): error TS1005: ',' expected.
browser/type-check.ts(1648,10): error TS1005: ',' expected.
browser/type-check.ts(1648,24): error TS1005: ',' expected.
browser/type-check.ts(1649,10): error TS1005: ',' expected.
browser/type-check.ts(1649,24): error TS1005: ',' expected.
browser/type-check.ts(1650,10): error TS1005: ',' expected.
browser/type-check.ts(1650,30): error TS1005: ',' expected.
browser/type-check.ts(1651,10): error TS1005: ',' expected.
browser/type-check.ts(1651,24): error TS1005: ',' expected.
browser/type-check.ts(1652,10): error TS1005: ',' expected.
browser/type-check.ts(1652,30): error TS1005: ',' expected.
browser/type-check.ts(1653,10): error TS1005: ',' expected.
browser/type-check.ts(1653,26): error TS1005: ',' expected.
browser/type-check.ts(1654,10): error TS1005: ',' expected.
browser/type-check.ts(1654,24): error TS1005: ',' expected.
browser/type-check.ts(1655,10): error TS1005: ',' expected.
browser/type-check.ts(1655,24): error TS1005: ',' expected.
browser/type-check.ts(1656,10): error TS1005: ',' expected.
browser/type-check.ts(1656,24): error TS1005: ',' expected.
browser/type-check.ts(1657,10): error TS1005: ',' expected.
browser/type-check.ts(1657,28): error TS1005: ',' expected.
browser/type-check.ts(1658,10): error TS1005: ',' expected.
browser/type-check.ts(1658,22): error TS1005: ',' expected.
browser/type-check.ts(1659,10): error TS1005: ',' expected.
browser/type-check.ts(1659,24): error TS1005: ',' expected.
browser/type-check.ts(1660,10): error TS1005: ',' expected.
browser/type-check.ts(1660,24): error TS1005: ',' expected.
browser/type-check.ts(1661,10): error TS1005: ',' expected.
browser/type-check.ts(1661,26): error TS1005: ',' expected.
browser/type-check.ts(1662,10): error TS1005: ',' expected.
browser/type-check.ts(1662,22): error TS1005: ',' expected.
browser/type-check.ts(1663,10): error TS1005: ',' expected.
browser/type-check.ts(1663,24): error TS1005: ',' expected.
browser/type-check.ts(1664,10): error TS1005: ',' expected.
browser/type-check.ts(1664,24): error TS1005: ',' expected.
browser/type-check.ts(1665,10): error TS1005: ',' expected.
browser/type-check.ts(1665,24): error TS1005: ',' expected.
browser/type-check.ts(1666,10): error TS1005: ',' expected.
browser/type-check.ts(1666,24): error TS1005: ',' expected.
browser/type-check.ts(1667,10): error TS1005: ',' expected.
browser/type-check.ts(1667,26): error TS1005: ',' expected.
browser/type-check.ts(1668,10): error TS1005: ',' expected.
browser/type-check.ts(1668,26): error TS1005: ',' expected.
browser/type-check.ts(1669,10): error TS1005: ',' expected.
browser/type-check.ts(1669,26): error TS1005: ',' expected.
browser/type-check.ts(1670,10): error TS1005: ',' expected.
browser/type-check.ts(1670,28): error TS1005: ',' expected.
browser/type-check.ts(1671,10): error TS1005: ',' expected.
browser/type-check.ts(1671,34): error TS1005: ',' expected.
browser/type-check.ts(1672,10): error TS1005: ',' expected.
browser/type-check.ts(1672,28): error TS1005: ',' expected.
browser/type-check.ts(1673,10): error TS1005: ',' expected.
browser/type-check.ts(1673,32): error TS1005: ',' expected.
browser/type-check.ts(1674,10): error TS1005: ',' expected.
browser/type-check.ts(1674,28): error TS1005: ',' expected.
browser/type-check.ts(1675,10): error TS1005: ',' expected.
browser/type-check.ts(1675,32): error TS1005: ',' expected.
browser/type-check.ts(1676,10): error TS1005: ',' expected.
browser/type-check.ts(1676,26): error TS1005: ',' expected.
browser/type-check.ts(1677,10): error TS1005: ',' expected.
browser/type-check.ts(1677,24): error TS1005: ',' expected.
browser/type-check.ts(1678,10): error TS1005: ',' expected.
browser/type-check.ts(1678,24): error TS1005: ',' expected.
browser/type-check.ts(1679,10): error TS1005: ',' expected.
browser/type-check.ts(1679,24): error TS1005: ',' expected.
browser/type-check.ts(1680,10): error TS1005: ',' expected.
browser/type-check.ts(1680,28): error TS1005: ',' expected.
browser/type-check.ts(1681,10): error TS1005: ':' expected.
browser/type-check.ts(1681,18): error TS1005: ':' expected.
browser/type-check.ts(1681,25): error TS1005: ',' expected.
browser/type-check.ts(1682,12): error TS1005: ':' expected.
browser/type-check.ts(1682,20): error TS1005: ',' expected.
browser/type-check.ts(1682,38): error TS1005: ',' expected.
browser/type-check.ts(1682,49): error TS1005: ',' expected.
browser/type-check.ts(1683,9): error TS1005: ':' expected.
browser/type-check.ts(1692,6): error TS1005: ',' expected.
browser/type-check.ts(1693,12): error TS1005: ':' expected.
browser/type-check.ts(1693,20): error TS1005: ',' expected.
browser/type-check.ts(1695,1): error TS1005: ',' expected.
browser/type-check.ts(1695,85): error TS1005: ';' expected.
browser/type-check.ts(1714,34): error TS1128: Declaration or statement expected.
browser/type-check.ts(1714,35): error TS1128: Declaration or statement expected.
browser/type-check.ts(1714,38): error TS1128: Declaration or statement expected.
browser/type-check.ts(1714,41): error TS1005: ';' expected.
lib/parse-type.ts(178,34): error TS1110: Type expected.

