dist/object-assign-auto.min.ts(1,105): error TS2322: Type 'NodeRequire' is not assignable to type 'string'.
dist/object-assign-auto.min.ts(1,167): error TS2349: This expression is not callable.
  Type 'String' has no call signatures.
dist/object-assign-auto.min.ts(1,191): error TS2554: Expected 1 arguments, but got 2.
dist/object-assign-auto.min.ts(1,256): error TS2339: Property 'code' does not exist on type 'Error'.
dist/object-assign-auto.min.ts(1,380): error TS2554: Expected 2 arguments, but got 1.
dist/object-assign-auto.min.ts(1,485): error TS2339: Property 'length' does not exist on type 'number'.
dist/object-assign-auto.min.ts(1,496): error TS2554: Expected 2 arguments, but got 1.
dist/object-assign-auto.min.ts(1,504): error TS2322: Type '(u: any, f: string) => any' is not assignable to type 'boolean'.
dist/object-assign-auto.min.ts(1,1192): error TS2345: Argument of type 'number[]' is not assignable to parameter of type 'number'.
dist/object-assign-auto.ts(1,174): error TS2349: This expression is not callable.
  Type 'Number' has no call signatures.
dist/object-assign-auto.ts(1,365): error TS2554: Expected 2 arguments, but got 1.
dist/object-assign-auto.ts(1,420): error TS2322: Type 'NodeRequire' is not assignable to type 'number'.
dist/object-assign-auto.ts(1,493): error TS2554: Expected 2 arguments, but got 1.
dist/object-assign.min.ts(1,2): error TS1345: An expression of type 'void' cannot be tested for truthiness.
dist/object-assign.min.ts(1,121): error TS2304: Cannot find name 'define'.
dist/object-assign.min.ts(1,129): error TS2304: Cannot find name 'define'.
dist/object-assign.min.ts(1,140): error TS2304: Cannot find name 'define'.
dist/object-assign.min.ts(1,489): error TS2554: Expected 1 arguments, but got 2.
dist/object-assign.min.ts(1,554): error TS2339: Property 'code' does not exist on type 'Error'.
dist/object-assign.min.ts(1,678): error TS2554: Expected 2 arguments, but got 1.
dist/object-assign.min.ts(1,794): error TS2554: Expected 2 arguments, but got 1.
dist/object-assign.ts(1,112): error TS2304: Cannot find name 'define'.
dist/object-assign.ts(1,133): error TS2304: Cannot find name 'define'.
dist/object-assign.ts(1,145): error TS2304: Cannot find name 'define'.
dist/object-assign.ts(1,561): error TS2349: This expression is not callable.
  Type 'Number' has no call signatures.
dist/object-assign.ts(1,752): error TS2554: Expected 2 arguments, but got 1.
dist/object-assign.ts(1,807): error TS2322: Type 'NodeRequire' is not assignable to type 'number'.
dist/object-assign.ts(1,880): error TS2554: Expected 2 arguments, but got 1.

