Source directory: ../../..
Dataset: top1k-untyped-nodeps
Inferring types with DeepTyper: /mnt/data/mhyee/not-type-inference/DeepTyper/pretrained/readout.py
Input directory: /mnt/data/mhyee/not-type-inference/data/original/top1k-untyped-nodeps
Output directory: /mnt/data/mhyee/not-type-inference/data/DeepTyper-out/top1k-untyped-nodeps/predictions
Found 263 files in 102 packages
[1/263] @gar_promisify/index.js ... [0;32m[ OK ][0m
[2/263] @humanwhocodes_object-schema/.eslintrc.js ... [0;32m[ OK ][0m
[3/263] @humanwhocodes_object-schema/src/index.js ... [0;32m[ OK ][0m
[4/263] @humanwhocodes_object-schema/src/merge-strategy.js ... [0;32m[ OK ][0m
[5/263] @humanwhocodes_object-schema/src/object-schema.js ... [0;32m[ OK ][0m
[6/263] @humanwhocodes_object-schema/src/validation-strategy.js ... [0;32m[ OK ][0m
[7/263] @istanbuljs_schema/default-exclude.js ... [0;31m[FAIL][0m
[8/263] @istanbuljs_schema/default-extension.js ... [0;32m[ OK ][0m
[9/263] @istanbuljs_schema/index.js ... [0;32m[ OK ][0m
[10/263] @istanbuljs_schema/tap-snapshots/test-test.js-TAP.test.js ... [0;32m[ OK ][0m
[11/263] @sellside_emitter/examples.js ... [0;32m[ OK ][0m
[12/263] @sellside_emitter/index.js ... [0;32m[ OK ][0m
[13/263] @trysound_sax/examples/example.js ... [0;32m[ OK ][0m
[14/263] @trysound_sax/examples/get-products.js ... [0;32m[ OK ][0m
[15/263] @trysound_sax/examples/hello-world.js ... [0;32m[ OK ][0m
[16/263] @trysound_sax/examples/pretty-print.js ... [0;32m[ OK ][0m
[17/263] @trysound_sax/lib/sax.js ... [0;31m[FAIL][0m
[18/263] acorn-import-assertions/post-build.js ... [0;32m[ OK ][0m
[19/263] acorn-import-assertions/run_test262.js ... [0;32m[ OK ][0m
[20/263] acorn-import-assertions/src/index.js ... [0;32m[ OK ][0m
[21/263] aproba/index.js ... [0;32m[ OK ][0m
[22/263] arr-flatten/benchmark/check.js ... [0;32m[ OK ][0m
[23/263] arr-flatten/benchmark/code/arr-flatten-0.1.0 (do-while).js ... [0;32m[ OK ][0m
[24/263] arr-flatten/benchmark/code/arr-flatten-0.2.0.js ... [0;32m[ OK ][0m
[25/263] arr-flatten/benchmark/code/arr-flatten-1.0.1.js ... [0;32m[ OK ][0m
[26/263] arr-flatten/benchmark/code/compute-flatten.js ... [0;32m[ OK ][0m
[27/263] arr-flatten/benchmark/code/do-while-slice.js ... [0;32m[ OK ][0m
[28/263] arr-flatten/benchmark/code/flatit.js ... [0;32m[ OK ][0m
[29/263] arr-flatten/benchmark/code/flatten-array.js ... [0;32m[ OK ][0m
[30/263] arr-flatten/benchmark/code/flatten.js ... [0;32m[ OK ][0m
[31/263] arr-flatten/benchmark/code/just-flatten-it.js ... [0;32m[ OK ][0m
[32/263] arr-flatten/benchmark/code/lib-array-flatten.js ... [0;32m[ OK ][0m
[33/263] arr-flatten/benchmark/code/lodash.flattendeep.js ... [0;32m[ OK ][0m
[34/263] arr-flatten/benchmark/code/m_flattened.js ... [0;32m[ OK ][0m
[35/263] arr-flatten/benchmark/code/utils-flatten.js ... [0;32m[ OK ][0m
[36/263] arr-flatten/benchmark/fixtures/med.js ... [0;32m[ OK ][0m
[37/263] arr-flatten/benchmark/fixtures/small-med.js ... [0;32m[ OK ][0m
[38/263] arr-flatten/benchmark/fixtures/small.js ... [0;32m[ OK ][0m
[39/263] arr-flatten/benchmark/index.js ... [0;32m[ OK ][0m
[40/263] arr-flatten/benchmark/libs.js ... [0;32m[ OK ][0m
[41/263] arr-flatten/index.js ... [0;32m[ OK ][0m
[42/263] assign-symbols/example.js ... [0;32m[ OK ][0m
[43/263] assign-symbols/index.js ... [0;32m[ OK ][0m
[44/263] async-each/index.js ... [0;32m[ OK ][0m
[45/263] async-limiter/example/index.js ... [0;32m[ OK ][0m
[46/263] async-limiter/index.js ... [0;32m[ OK ][0m
[47/263] asynckit/bench.js ... [0;32m[ OK ][0m
[48/263] asynckit/index.js ... [0;32m[ OK ][0m
[49/263] asynckit/lib/abort.js ... [0;32m[ OK ][0m
[50/263] asynckit/lib/async.js ... [0;32m[ OK ][0m
[51/263] asynckit/lib/defer.js ... [0;32m[ OK ][0m
[52/263] asynckit/lib/iterate.js ... [0;32m[ OK ][0m
[53/263] asynckit/lib/readable_asynckit.js ... [0;32m[ OK ][0m
[54/263] asynckit/lib/readable_parallel.js ... [0;32m[ OK ][0m
[55/263] asynckit/lib/readable_serial.js ... [0;32m[ OK ][0m
[56/263] asynckit/lib/readable_serial_ordered.js ... [0;32m[ OK ][0m
[57/263] asynckit/lib/state.js ... [0;32m[ OK ][0m
[58/263] asynckit/lib/streamify.js ... [0;32m[ OK ][0m
[59/263] asynckit/lib/terminator.js ... [0;32m[ OK ][0m
[60/263] asynckit/parallel.js ... [0;32m[ OK ][0m
[61/263] asynckit/serial.js ... [0;32m[ OK ][0m
[62/263] asynckit/serialOrdered.js ... [0;32m[ OK ][0m
[63/263] asynckit/stream.js ... [0;32m[ OK ][0m
[64/263] at-least-node/index.js ... [0;32m[ OK ][0m
[65/263] at-least-node/matrix.test.js ... [0;32m[ OK ][0m
[66/263] at-least-node/sanity.test.js ... [0;32m[ OK ][0m
[67/263] available-typed-arrays/index.js ... [0;32m[ OK ][0m
[68/263] aws-sign2/index.js ... [0;32m[ OK ][0m
[69/263] buffer-equal-constant-time/index.js ... [0;32m[ OK ][0m
[70/263] builtin-status-codes/browser.js ... [0;32m[ OK ][0m
[71/263] builtin-status-codes/build.js ... [0;32m[ OK ][0m
[72/263] builtin-status-codes/index.js ... [0;32m[ OK ][0m
[73/263] cli-width/index.js ... [0;32m[ OK ][0m
[74/263] code-point-at/index.js ... [0;32m[ OK ][0m
[75/263] console-browserify/index.js ... [0;32m[ OK ][0m
[76/263] console-control-strings/console-test.js ... [0;32m[ OK ][0m
[77/263] console-control-strings/index.js ... [0;32m[ OK ][0m
[78/263] copy-descriptor/examples/proto.js ... [0;32m[ OK ][0m
[79/263] copy-descriptor/index.js ... [0;32m[ OK ][0m
[80/263] core-util-is/lib/util.js ... [0;32m[ OK ][0m
[81/263] cyclist/index.js ... [0;32m[ OK ][0m
[82/263] deep-is/example/cmp.js ... [0;32m[ OK ][0m
[83/263] deep-is/index.js ... [0;32m[ OK ][0m
[84/263] delayed-stream/lib/delayed_stream.js ... [0;32m[ OK ][0m
[85/263] domain-browser/source/index.js ... [0;32m[ OK ][0m
[86/263] duplexer/index.js ... [0;32m[ OK ][0m
[87/263] electron-to-chromium/automated-update.js ... [0;32m[ OK ][0m
[88/263] electron-to-chromium/build.js ... [0;31m[FAIL][0m
[89/263] electron-to-chromium/chromium-versions.js ... [0;32m[ OK ][0m
[90/263] electron-to-chromium/full-chromium-versions.js ... [0;32m[ OK ][0m
[91/263] electron-to-chromium/full-versions.js ... [0;31m[FAIL][0m
[92/263] electron-to-chromium/index.js ... [0;32m[ OK ][0m
[93/263] electron-to-chromium/versions.js ... [0;32m[ OK ][0m
[94/263] emojis-list/index.js ... [0;31m[FAIL][0m
[95/263] emojis-list/update.js ... [0;32m[ OK ][0m
[96/263] es-module-lexer/bench/index.js ... [0;32m[ OK ][0m
[97/263] es-module-lexer/lexer.js ... [0;32m[ OK ][0m
[98/263] es-module-lexer/lib/lexer.asm.js ... [0;31m[FAIL][0m
[99/263] es-module-lexer/lib/lexer.emcc.asm.js ... [0;31m[FAIL][0m
[100/263] es-module-lexer/src/lexer.asm.js ... [0;32m[ OK ][0m
[101/263] es6-object-assign/auto.js ... [0;32m[ OK ][0m
[102/263] es6-object-assign/dist/object-assign-auto.js ... [0;32m[ OK ][0m
[103/263] es6-object-assign/dist/object-assign-auto.min.js ... [0;32m[ OK ][0m
[104/263] es6-object-assign/dist/object-assign.js ... [0;32m[ OK ][0m
[105/263] es6-object-assign/dist/object-assign.min.js ... [0;32m[ OK ][0m
[106/263] es6-object-assign/index.js ... [0;32m[ OK ][0m
[107/263] figgy-pudding/index.js ... [0;32m[ OK ][0m
[108/263] for-in/index.js ... [0;32m[ OK ][0m
[109/263] fs-constants/browser.js ... [0;32m[ OK ][0m
[110/263] fs-constants/index.js ... [0;32m[ OK ][0m
[111/263] fs-monkey/demo/fs-1.js ... [0;32m[ OK ][0m
[112/263] fs-monkey/demo/require-1.js ... [0;32m[ OK ][0m
[113/263] fs-monkey/demo/require-2.js ... [0;32m[ OK ][0m
[114/263] fs-monkey/demo/yolo-1.js ... [0;32m[ OK ][0m
[115/263] fs-monkey/src/correctPath.js ... [0;32m[ OK ][0m
[116/263] fs-monkey/src/index.js ... [0;32m[ OK ][0m
[117/263] fs-monkey/src/patchFs.js ... [0;32m[ OK ][0m
[118/263] fs-monkey/src/patchRequire.js ... [0;32m[ OK ][0m
[119/263] fs-monkey/src/util/lists.js ... [0;32m[ OK ][0m
[120/263] fs.realpath/.github/workflows/package-json-repo.js ... [0;32m[ OK ][0m
[121/263] fs.realpath/index.js ... [0;32m[ OK ][0m
[122/263] fs.realpath/old.js ... [0;32m[ OK ][0m
[123/263] growly/example/bakery.js ... [0;32m[ OK ][0m
[124/263] growly/example/simple.js ... [0;32m[ OK ][0m
[125/263] growly/lib/gntp.js ... [0;32m[ OK ][0m
[126/263] growly/lib/growly.js ... [0;32m[ OK ][0m
[127/263] har-schema/lib/index.js ... [0;32m[ OK ][0m
[128/263] has-bigints/index.js ... [0;32m[ OK ][0m
[129/263] has-unicode/index.js ... [0;32m[ OK ][0m
[130/263] infer-owner/index.js ... [0;32m[ OK ][0m
[131/263] is-accessor-descriptor/index.js ... [0;32m[ OK ][0m
[132/263] is-arrayish/index.js ... [0;32m[ OK ][0m
[133/263] is-descriptor/index.js ... [0;32m[ OK ][0m
[134/263] is-extglob/index.js ... [0;32m[ OK ][0m
[135/263] is-map/index.js ... [0;32m[ OK ][0m
[136/263] is-negative-zero/index.js ... [0;32m[ OK ][0m
[137/263] is-potential-custom-element-name/build.js ... [0;32m[ OK ][0m
[138/263] is-potential-custom-element-name/index.js ... [0;32m[ OK ][0m
[139/263] is-primitive/bench.js ... [0;32m[ OK ][0m
[140/263] is-primitive/index.js ... [0;32m[ OK ][0m
[141/263] is-set/index.js ... [0;32m[ OK ][0m
[142/263] is-weakmap/index.js ... [0;32m[ OK ][0m
[143/263] json-parse-even-better-errors/index.js ... [0;32m[ OK ][0m
[144/263] json-stable-stringify-without-jsonify/example/key_cmp.js ... [0;32m[ OK ][0m
[145/263] json-stable-stringify-without-jsonify/example/nested.js ... [0;32m[ OK ][0m
[146/263] json-stable-stringify-without-jsonify/example/str.js ... [0;32m[ OK ][0m
[147/263] json-stable-stringify-without-jsonify/example/value_cmp.js ... [0;32m[ OK ][0m
[148/263] json-stable-stringify-without-jsonify/index.js ... [0;32m[ OK ][0m
[149/263] map-cache/index.js ... [0;32m[ OK ][0m
[150/263] mdn-data/api/index.js ... [0;32m[ OK ][0m
[151/263] mdn-data/css/index.js ... [0;32m[ OK ][0m
[152/263] mdn-data/index.js ... [0;32m[ OK ][0m
[153/263] mdn-data/l10n/index.js ... [0;32m[ OK ][0m
[154/263] minimalistic-crypto-utils/lib/utils.js ... [0;32m[ OK ][0m
[155/263] mixin-deep/index.js ... [0;32m[ OK ][0m
[156/263] nan/examples/async_pi_estimate/addon.js ... [0;32m[ OK ][0m
[157/263] nan/include_dirs.js ... [0;32m[ OK ][0m
[158/263] nan/tools/1to2.js ... [0;32m[ OK ][0m
[159/263] node-domexception/index.js ... [0;32m[ OK ][0m
[160/263] node-modules-regexp/build-string.js ... [0;32m[ OK ][0m
[161/263] node-modules-regexp/index.js ... [0;32m[ OK ][0m
[162/263] node-modules-regexp/string.js ... [0;32m[ OK ][0m
[163/263] normalize-range/index.js ... [0;32m[ OK ][0m
[164/263] oauth-sign/index.js ... [0;32m[ OK ][0m
[165/263] os-browserify/browser.js ... [0;32m[ OK ][0m
[166/263] os-browserify/main.js ... [0;32m[ OK ][0m
[167/263] p-finally/index.js ... [0;32m[ OK ][0m
[168/263] path-dirname/index.js ... [0;32m[ OK ][0m
[169/263] pop-iterate/array-iterator.js ... [0;32m[ OK ][0m
[170/263] pop-iterate/iteration.js ... [0;32m[ OK ][0m
[171/263] pop-iterate/object-iterator.js ... [0;32m[ OK ][0m
[172/263] pop-iterate/pop-iterate.js ... [0;32m[ OK ][0m
[173/263] posix-character-classes/index.js ... [0;32m[ OK ][0m
[174/263] process/browser.js ... [0;32m[ OK ][0m
[175/263] process/index.js ... [0;32m[ OK ][0m
[176/263] process-nextick-args/index.js ... [0;32m[ OK ][0m
[177/263] prr/prr.js ... [0;32m[ OK ][0m
[178/263] pseudomap/.github/workflows/package-json-repo.js ... [0;32m[ OK ][0m
[179/263] pseudomap/map.js ... [0;32m[ OK ][0m
[180/263] pseudomap/pseudomap.js ... [0;32m[ OK ][0m
[181/263] querystring-es3/decode.js ... [0;32m[ OK ][0m
[182/263] querystring-es3/encode.js ... [0;32m[ OK ][0m
[183/263] querystring-es3/index.js ... [0;32m[ OK ][0m
[184/263] regjsgen/regjsgen.js ... [0;32m[ OK ][0m
[185/263] remove-trailing-separator/index.js ... [0;32m[ OK ][0m
[186/263] require-main-filename/index.js ... [0;32m[ OK ][0m
[187/263] resolve-alpn/index.js ... [0;32m[ OK ][0m
[188/263] resolve-url/resolve-url.js ... [0;32m[ OK ][0m
[189/263] reusify/benchmarks/createNoCodeFunction.js ... [0;32m[ OK ][0m
[190/263] reusify/benchmarks/fib.js ... [0;32m[ OK ][0m
[191/263] reusify/benchmarks/reuseNoCodeFunction.js ... [0;32m[ OK ][0m
[192/263] reusify/reusify.js ... [0;32m[ OK ][0m
[193/263] run-async/index.js ... [0;32m[ OK ][0m
[194/263] set-blocking/index.js ... [0;32m[ OK ][0m
[195/263] snapdragon-capture/index.js ... [0;32m[ OK ][0m
[196/263] snapdragon-node/example.js ... [0;32m[ OK ][0m
[197/263] snapdragon-node/index.js ... [0;32m[ OK ][0m
[198/263] source-map-url/source-map-url.js ... [0;32m[ OK ][0m
[199/263] stealthy-require/gulpfile.js ... [0;32m[ OK ][0m
[200/263] stealthy-require/lib/index.js ... [0;32m[ OK ][0m
[201/263] strip-eof/index.js ... [0;32m[ OK ][0m
[202/263] style-loader/.eslintrc.js ... [0;32m[ OK ][0m
[203/263] style-loader/babel.config.js ... [0;32m[ OK ][0m
[204/263] style-loader/commitlint.config.js ... [0;32m[ OK ][0m
[205/263] style-loader/lint-staged.config.js ... [0;32m[ OK ][0m
[206/263] style-loader/src/cjs.js ... [0;32m[ OK ][0m
[207/263] style-loader/src/index.js ... [0;32m[ OK ][0m
[208/263] style-loader/src/runtime/injectStylesIntoLinkTag.js ... [0;32m[ OK ][0m
[209/263] style-loader/src/runtime/injectStylesIntoStyleTag.js ... [0;32m[ OK ][0m
[210/263] style-loader/src/runtime/insertBySelector.js ... [0;32m[ OK ][0m
[211/263] style-loader/src/runtime/insertStyleElement.js ... [0;32m[ OK ][0m
[212/263] style-loader/src/runtime/isEqualLocals.js ... [0;32m[ OK ][0m
[213/263] style-loader/src/runtime/isOldIE.js ... [0;32m[ OK ][0m
[214/263] style-loader/src/runtime/setAttributesWithAttributes.js ... [0;32m[ OK ][0m
[215/263] style-loader/src/runtime/setAttributesWithAttributesAndNonce.js ... [0;32m[ OK ][0m
[216/263] style-loader/src/runtime/setAttributesWithoutAttributes.js ... [0;32m[ OK ][0m
[217/263] style-loader/src/runtime/singletonStyleDomAPI.js ... [0;32m[ OK ][0m
[218/263] style-loader/src/runtime/styleDomAPI.js ... [0;32m[ OK ][0m
[219/263] style-loader/src/runtime/styleTagTransform.js ... [0;32m[ OK ][0m
[220/263] style-loader/src/utils.js ... [0;31m[FAIL][0m
[221/263] to-arraybuffer/index.js ... [0;32m[ OK ][0m
[222/263] toidentifier/index.js ... [0;32m[ OK ][0m
[223/263] toidentifier/scripts/version-history.js ... [0;32m[ OK ][0m
[224/263] tty-browserify/index.js ... [0;32m[ OK ][0m
[225/263] unicode-canonical-property-names-ecmascript/index.js ... [0;32m[ OK ][0m
[226/263] unicode-match-property-value-ecmascript/data/mappings.js ... [0;32m[ OK ][0m
[227/263] unicode-match-property-value-ecmascript/index.js ... [0;32m[ OK ][0m
[228/263] unicode-match-property-value-ecmascript/scripts/build.js ... [0;32m[ OK ][0m
[229/263] unicode-property-aliases-ecmascript/index.js ... [0;32m[ OK ][0m
[230/263] unicode-property-aliases-ecmascript/scripts/build.js ... [0;32m[ OK ][0m
[231/263] unpipe/index.js ... [0;32m[ OK ][0m
[232/263] use/examples/app.js ... [0;32m[ OK ][0m
[233/263] use/examples/layered.js ... [0;32m[ OK ][0m
[234/263] use/gulpfile.js ... [0;32m[ OK ][0m
[235/263] use/index.js ... [0;32m[ OK ][0m
[236/263] v8-compile-cache/bench/_measure.js ... [0;32m[ OK ][0m
[237/263] v8-compile-cache/bench/require-babel-core.js ... [0;32m[ OK ][0m
[238/263] v8-compile-cache/bench/require-flow-parser.js ... [0;32m[ OK ][0m
[239/263] v8-compile-cache/bench/require-rxjs-bundle.js ... [0;32m[ OK ][0m
[240/263] v8-compile-cache/bench/require-rxjs-module.js ... [0;32m[ OK ][0m
[241/263] v8-compile-cache/bench/require-yarn.js ... [0;32m[ OK ][0m
[242/263] v8-compile-cache/v8-compile-cache.js ... [0;32m[ OK ][0m
[243/263] vm-browserify/example/run/bundle.js ... [0;32m[ OK ][0m
[244/263] vm-browserify/example/run/entry.js ... [0;32m[ OK ][0m
[245/263] vm-browserify/example/run/server.js ... [0;32m[ OK ][0m
[246/263] vm-browserify/index.js ... [0;32m[ OK ][0m
[247/263] weak-map/bench.js ... [0;32m[ OK ][0m
[248/263] weak-map/weak-map.js ... [0;32m[ OK ][0m
[249/263] websocket-extensions/lib/parser.js ... [0;32m[ OK ][0m
[250/263] websocket-extensions/lib/pipeline/cell.js ... [0;32m[ OK ][0m
[251/263] websocket-extensions/lib/pipeline/functor.js ... [0;32m[ OK ][0m
[252/263] websocket-extensions/lib/pipeline/index.js ... [0;32m[ OK ][0m
[253/263] websocket-extensions/lib/pipeline/pledge.js ... [0;32m[ OK ][0m
[254/263] websocket-extensions/lib/pipeline/ring_buffer.js ... [0;32m[ OK ][0m
[255/263] websocket-extensions/lib/websocket_extensions.js ... [0;32m[ OK ][0m
[256/263] websocket-extensions/spec/parser_spec.js ... [0;32m[ OK ][0m
[257/263] websocket-extensions/spec/runner.js ... [0;32m[ OK ][0m
[258/263] websocket-extensions/spec/websocket_extensions_spec.js ... [0;32m[ OK ][0m
[259/263] whatwg-fetch/fetch.js ... [0;32m[ OK ][0m
[260/263] whatwg-fetch/prettier.config.js ... [0;32m[ OK ][0m
[261/263] whatwg-fetch/rollup.config.js ... [0;32m[ OK ][0m
[262/263] which-module/index.js ... [0;32m[ OK ][0m
[263/263] wrappy/wrappy.js ... [0;32m[ OK ][0m
Number of successes: 255
Number of fails: 8
Number of skips: 0
Time for type inference: 0:18:14
