example.ts(4,11): error TS2314: Generic type 'Array<T>' requires 1 type argument(s).
example.ts(5,6): error TS2339: Property 'captureExit' does not exist on type 'Function'.
example.ts(8,6): error TS2339: Property 'onExit' does not exist on type 'Function'.
index.ts(1,11): error TS2314: Generic type 'Array<T>' requires 1 type argument(s).
index.ts(4,15): error TS2314: Generic type 'Array<T>' requires 1 type argument(s).
index.ts(22,11): error TS2367: This condition will always return 'false' since the types 'Number' and 'String' have no overlap.
index.ts(23,9): error TS2322: Type 'undefined' is not assignable to type 'String'.
index.ts(32,3): error TS2322: Type 'undefined' is not assignable to type 'String'.
index.ts(34,3): error TS2322: Type 'undefined' is not assignable to type 'String'.
index.ts(49,5): error TS2322: Type 'Function' is not assignable to type '(code?: number | undefined) => never'.
  Type 'Function' provides no match for the signature '(code?: number | undefined): never'.
index.ts(50,5): error TS2322: Type 'null' is not assignable to type 'Function'.
index.ts(63,3): error TS2322: Type '(code: Number) => any' is not assignable to type '(code?: number | undefined) => never'.
  Types of parameters 'code' and 'code' are incompatible.
    Type 'number | undefined' is not assignable to type 'Number'.
      Type 'undefined' is not assignable to type 'Number'.
index.ts(84,7): error TS2740: Type 'Number' is missing the following properties from type 'String': charAt, charCodeAt, concat, indexOf, and 43 more.
index.ts(89,13): error TS2367: This condition will always return 'true' since the types 'Number' and 'String' have no overlap.
index.ts(94,13): error TS2367: This condition will always return 'true' since the types 'Number' and 'String' have no overlap.
index.ts(106,13): error TS2314: Generic type 'Array<T>' requires 1 type argument(s).
process-exit-during-final-exit-subprocess.ts(4,18): error TS2314: Generic type 'Array<T>' requires 1 type argument(s).
test-natural-exit-subprocess-error-exit-from-captures-on-exit.ts(3,14): error TS2314: Generic type 'Array<T>' requires 1 type argument(s).
test-natural-exit-subprocess-error.ts(3,14): error TS2314: Generic type 'Array<T>' requires 1 type argument(s).
test-natural-exit-subprocess.ts(3,14): error TS2314: Generic type 'Array<T>' requires 1 type argument(s).
../../../../node_modules/@types/get-intrinsic/internal/intrinsics.d.ts(11,25): error TS2304: Cannot find name 'AggregateErrorConstructor'.
../../../../node_modules/@types/get-intrinsic/internal/intrinsics.d.ts(126,42): error TS2304: Cannot find name 'AggregateError'.
../../../../node_modules/@types/get-intrinsic/internal/intrinsics.d.ts(127,47): error TS2304: Cannot find name 'AggregateError'.
../../../../node_modules/@types/get-intrinsic/internal/intrinsics.d.ts(128,50): error TS2304: Cannot find name 'AggregateError'.
../../../../node_modules/@types/get-intrinsic/internal/intrinsics.d.ts(418,37): error TS2550: Property 'any' does not exist on type 'PromiseConstructor'. Do you need to change your target library? Try changing the 'lib' compiler option to 'es2021' or later.
../../../../node_modules/@types/get-intrinsic/internal/intrinsics.d.ts(514,62): error TS2550: Property 'replaceAll' does not exist on type 'String'. Do you need to change your target library? Try changing the 'lib' compiler option to 'es2021' or later.

