browser.ts(2,9): error TS2314: Generic type 'Array<T>' requires 1 type argument(s).
browser.ts(5,10): error TS7009: 'new' expression, whose target lacks a construct signature, implicitly has an 'any' type.
browser.ts(39,9): error TS2339: Property 'p224' does not exist on type 'Object'.
browser.ts(39,24): error TS2339: Property 'secp224r1' does not exist on type 'Object'.
browser.ts(40,9): error TS2339: Property 'p256' does not exist on type 'Object'.
browser.ts(40,24): error TS2339: Property 'secp256r1' does not exist on type 'Object'.
browser.ts(40,44): error TS2339: Property 'prime256v1' does not exist on type 'Object'.
browser.ts(41,9): error TS2339: Property 'p192' does not exist on type 'Object'.
browser.ts(41,24): error TS2339: Property 'secp192r1' does not exist on type 'Object'.
browser.ts(41,44): error TS2339: Property 'prime192v1' does not exist on type 'Object'.
browser.ts(42,9): error TS2339: Property 'p384' does not exist on type 'Object'.
browser.ts(42,24): error TS2339: Property 'secp384r1' does not exist on type 'Object'.
browser.ts(43,9): error TS2339: Property 'p521' does not exist on type 'Object'.
browser.ts(43,24): error TS2339: Property 'secp521r1' does not exist on type 'Object'.
browser.ts(45,32): error TS2304: Cannot find name 'Void'.
browser.ts(46,3): error TS2683: 'this' implicitly has type 'any' because it does not have a type annotation.
browser.ts(46,28): error TS2538: Type 'String' cannot be used as an index type.
browser.ts(47,8): error TS2683: 'this' implicitly has type 'any' because it does not have a type annotation.
browser.ts(48,5): error TS2683: 'this' implicitly has type 'any' because it does not have a type annotation.
browser.ts(52,3): error TS2683: 'this' implicitly has type 'any' because it does not have a type annotation.
browser.ts(52,29): error TS2339: Property 'ec' does not exist on type 'String'.
browser.ts(52,32): error TS2683: 'this' implicitly has type 'any' because it does not have a type annotation.
browser.ts(53,3): error TS2683: 'this' implicitly has type 'any' because it does not have a type annotation.
browser.ts(61,49): error TS2314: Generic type 'Array<T>' requires 1 type argument(s).
browser.ts(64,31): error TS2345: Argument of type 'Number' is not assignable to parameter of type 'BufferEncoding | undefined'.
browser.ts(67,30): error TS2339: Property 'mul' does not exist on type 'Object'.
browser.ts(72,12): error TS2314: Generic type 'Array<T>' requires 1 type argument(s).
browser.ts(80,10): error TS2554: Expected 3 arguments, but got 2.
browser.ts(84,10): error TS2554: Expected 3 arguments, but got 2.
browser.ts(87,46): error TS2314: Generic type 'Array<T>' requires 1 type argument(s).
browser.ts(90,27): error TS2345: Argument of type 'Number' is not assignable to parameter of type 'BufferEncoding | undefined'.
browser.ts(99,5): error TS2740: Type 'Buffer' is missing the following properties from type 'String': charAt, charCodeAt, concat, localeCompare, and 36 more.
browser.ts(99,23): error TS2345: Argument of type 'String' is not assignable to parameter of type 'string'.
  'string' is a primitive, but 'String' is a wrapper object. Prefer using 'string' when possible.
browser.ts(103,26): error TS2554: Expected 0 arguments, but got 1.
browser.ts(109,33): error TS2314: Generic type 'Array<T>' requires 1 type argument(s).
browser.ts(113,12): error TS2314: Generic type 'Array<T>' requires 1 type argument(s).
browser.ts(115,9): error TS2740: Type 'Buffer' is missing the following properties from type 'HTMLElement': accessKey, accessKeyLabel, autocapitalize, dir, and 277 more.
browser.ts(115,41): error TS2362: The left-hand side of an arithmetic operation must be of type 'any', 'number', 'bigint' or an enum type.
browser.ts(116,11): error TS2339: Property 'fill' does not exist on type 'HTMLElement'.
../../../../node_modules/@types/get-intrinsic/internal/intrinsics.d.ts(11,25): error TS2304: Cannot find name 'AggregateErrorConstructor'.
../../../../node_modules/@types/get-intrinsic/internal/intrinsics.d.ts(126,42): error TS2304: Cannot find name 'AggregateError'.
../../../../node_modules/@types/get-intrinsic/internal/intrinsics.d.ts(127,47): error TS2304: Cannot find name 'AggregateError'.
../../../../node_modules/@types/get-intrinsic/internal/intrinsics.d.ts(128,50): error TS2304: Cannot find name 'AggregateError'.
../../../../node_modules/@types/get-intrinsic/internal/intrinsics.d.ts(418,37): error TS2550: Property 'any' does not exist on type 'PromiseConstructor'. Do you need to change your target library? Try changing the 'lib' compiler option to 'es2021' or later.
../../../../node_modules/@types/get-intrinsic/internal/intrinsics.d.ts(514,62): error TS2550: Property 'replaceAll' does not exist on type 'String'. Do you need to change your target library? Try changing the 'lib' compiler option to 'es2021' or later.

