lib/des/cbc.ts(8,23): error TS2314: Generic type 'Array<T>' requires 1 type argument(s).
lib/des/cbc.ts(8,31): error TS2304: Cannot find name 'Void'.
lib/des/cbc.ts(9,10): error TS2339: Property 'equal' does not exist on type 'String'.
lib/des/cbc.ts(11,3): error TS2683: 'this' implicitly has type 'any' because it does not have a type annotation.
lib/des/cbc.ts(12,23): error TS2683: 'this' implicitly has type 'any' because it does not have a type annotation.
lib/des/cbc.ts(13,5): error TS2683: 'this' implicitly has type 'any' because it does not have a type annotation.
lib/des/cbc.ts(17,36): error TS2304: Cannot find name 'Void'.
lib/des/cbc.ts(18,15): error TS2683: 'this' implicitly has type 'any' because it does not have a type annotation.
lib/des/cbc.ts(19,5): error TS2683: 'this' implicitly has type 'any' because it does not have a type annotation.
lib/des/cbc.ts(23,13): error TS2314: Generic type 'Array<T>' requires 1 type argument(s).
lib/des/cbc.ts(26,19): error TS2538: Type 'String' cannot be used as an index type.
lib/des/cbc.ts(26,32): error TS2538: Type 'String' cannot be used as an index type.
lib/des/cbc.ts(30,12): error TS7009: 'new' expression, whose target lacks a construct signature, implicitly has an 'any' type.
lib/des/cbc.ts(30,20): error TS2345: Argument of type 'Object' is not assignable to parameter of type 'Function'.
  The 'Object' type is assignable to very few other types. Did you mean to use the 'any' type instead?
    Type 'Object' is missing the following properties from type 'Function': apply, call, bind, prototype, and 6 more.
lib/des/cbc.ts(38,7): error TS2339: Property '_cbcInit' does not exist on type 'Object'.
lib/des/cbc.ts(38,39): error TS2304: Cannot find name 'Void'.
lib/des/cbc.ts(39,23): error TS7009: 'new' expression, whose target lacks a construct signature, implicitly has an 'any' type.
lib/des/cbc.ts(39,41): error TS2339: Property 'options' does not exist on type 'Object'.
lib/des/cbc.ts(40,8): error TS2339: Property '_cbcState' does not exist on type 'Object'.
lib/des/cbc.ts(43,7): error TS2339: Property '_update' does not exist on type 'Object'.
lib/des/cbc.ts(43,92): error TS2304: Cannot find name 'Void'.
lib/des/cbc.ts(44,33): error TS2339: Property '_cbcState' does not exist on type 'Object'.
lib/des/cbc.ts(45,50): error TS2339: Property 'super_' does not exist on type 'Function'.
lib/des/cbc.ts(47,26): error TS2339: Property 'iv' does not exist on type 'HTMLElement'.
lib/des/cbc.ts(48,12): error TS2339: Property 'type' does not exist on type 'Object'.
lib/des/cbc.ts(49,30): error TS2339: Property 'blockSize' does not exist on type 'Object'.
lib/des/cbc.ts(50,7): error TS7053: Element implicitly has an 'any' type because expression of type 'number' can't be used to index type 'Object'.
  No index signature with a parameter of type 'number' was found on type 'Object'.
lib/des/cbc.ts(50,16): error TS7053: Element implicitly has an 'any' type because expression of type 'any' can't be used to index type 'Object'.
lib/des/cbc.ts(50,20): error TS2365: Operator '+' cannot be applied to types 'String' and 'number'.
lib/des/cbc.ts(52,16): error TS2339: Property '_update' does not exist on type 'HTMLElement'.
lib/des/cbc.ts(54,30): error TS2339: Property 'blockSize' does not exist on type 'Object'.
lib/des/cbc.ts(55,7): error TS7053: Element implicitly has an 'any' type because expression of type 'number' can't be used to index type 'Object'.
  No index signature with a parameter of type 'number' was found on type 'Object'.
lib/des/cbc.ts(55,15): error TS7053: Element implicitly has an 'any' type because expression of type 'any' can't be used to index type 'Object'.
lib/des/cbc.ts(55,19): error TS2365: Operator '+' cannot be applied to types 'String' and 'number'.
lib/des/cbc.ts(57,16): error TS2339: Property '_update' does not exist on type 'HTMLElement'.
lib/des/cbc.ts(59,30): error TS2339: Property 'blockSize' does not exist on type 'Object'.
lib/des/cbc.ts(60,7): error TS7053: Element implicitly has an 'any' type because expression of type 'any' can't be used to index type 'Object'.
lib/des/cbc.ts(60,11): error TS2365: Operator '+' cannot be applied to types 'String' and 'number'.
lib/des/cbc.ts(60,26): error TS7053: Element implicitly has an 'any' type because expression of type 'number' can't be used to index type 'Object'.
  No index signature with a parameter of type 'number' was found on type 'Object'.
lib/des/cbc.ts(62,30): error TS2339: Property 'blockSize' does not exist on type 'Object'.
lib/des/cbc.ts(63,7): error TS7053: Element implicitly has an 'any' type because expression of type 'number' can't be used to index type 'Object'.
  No index signature with a parameter of type 'number' was found on type 'Object'.
lib/des/cbc.ts(63,15): error TS7053: Element implicitly has an 'any' type because expression of type 'any' can't be used to index type 'Object'.
lib/des/cbc.ts(63,19): error TS2365: Operator '+' cannot be applied to types 'String' and 'number'.
lib/des/cipher.ts(5,10): error TS2300: Duplicate identifier 'Cipher'.
lib/des/cipher.ts(5,35): error TS2304: Cannot find name 'Void'.
lib/des/cipher.ts(6,3): error TS2683: 'this' implicitly has type 'any' because it does not have a type annotation.
lib/des/cipher.ts(8,3): error TS2683: 'this' implicitly has type 'any' because it does not have a type annotation.
lib/des/cipher.ts(8,15): error TS2683: 'this' implicitly has type 'any' because it does not have a type annotation.
lib/des/cipher.ts(9,3): error TS2683: 'this' implicitly has type 'any' because it does not have a type annotation.
lib/des/cipher.ts(10,3): error TS2683: 'this' implicitly has type 'any' because it does not have a type annotation.
lib/des/cipher.ts(12,3): error TS2683: 'this' implicitly has type 'any' because it does not have a type annotation.
lib/des/cipher.ts(12,27): error TS2683: 'this' implicitly has type 'any' because it does not have a type annotation.
lib/des/cipher.ts(13,3): error TS2683: 'this' implicitly has type 'any' because it does not have a type annotation.
lib/des/cipher.ts(17,44): error TS2304: Cannot find name 'Void'.
lib/des/cipher.ts(21,49): error TS2314: Generic type 'Array<T>' requires 1 type argument(s).
lib/des/cipher.ts(21,57): error TS2314: Generic type 'Array<T>' requires 1 type argument(s).
lib/des/cipher.ts(31,51): error TS2314: Generic type 'Array<T>' requires 1 type argument(s).
lib/des/cipher.ts(33,81): error TS2363: The right-hand side of an arithmetic operation must be of type 'any', 'number', 'bigint' or an enum type.
lib/des/cipher.ts(35,44): error TS2365: Operator '+' cannot be applied to types 'Number' and 'number'.
lib/des/cipher.ts(48,65): error TS2314: Generic type 'Array<T>' requires 1 type argument(s).
lib/des/cipher.ts(48,73): error TS2314: Generic type 'Array<T>' requires 1 type argument(s).
lib/des/cipher.ts(53,12): error TS2314: Generic type 'Array<T>' requires 1 type argument(s).
lib/des/cipher.ts(53,30): error TS2362: The left-hand side of an arithmetic operation must be of type 'any', 'number', 'bigint' or an enum type.
lib/des/cipher.ts(63,51): error TS2363: The right-hand side of an arithmetic operation must be of type 'any', 'number', 'bigint' or an enum type.
lib/des/cipher.ts(70,34): error TS2356: An arithmetic operand must be of type 'any', 'number', 'bigint' or an enum type.
lib/des/cipher.ts(76,65): error TS2314: Generic type 'Array<T>' requires 1 type argument(s).
lib/des/cipher.ts(76,73): error TS2314: Generic type 'Array<T>' requires 1 type argument(s).
lib/des/cipher.ts(81,12): error TS2314: Generic type 'Array<T>' requires 1 type argument(s).
lib/des/cipher.ts(81,30): error TS2362: The left-hand side of an arithmetic operation must be of type 'any', 'number', 'bigint' or an enum type.
lib/des/cipher.ts(84,21): error TS2356: An arithmetic operand must be of type 'any', 'number', 'bigint' or an enum type.
lib/des/cipher.ts(96,14): error TS2314: Generic type 'Map<K, V>' requires 2 type argument(s).
lib/des/cipher.ts(100,13): error TS2314: Generic type 'Array<T>' requires 1 type argument(s).
lib/des/cipher.ts(116,23): error TS2339: Property 'length' does not exist on type 'Object'.
lib/des/cipher.ts(117,5): error TS7053: Element implicitly has an 'any' type because expression of type 'number' can't be used to index type 'Object'.
  No index signature with a parameter of type 'number' was found on type 'Object'.
lib/des/cipher.ts(117,12): error TS2356: An arithmetic operand must be of type 'any', 'number', 'bigint' or an enum type.
lib/des/cipher.ts(122,60): error TS2314: Generic type 'Array<T>' requires 1 type argument(s).
lib/des/cipher.ts(126,12): error TS2314: Generic type 'Array<T>' requires 1 type argument(s).
lib/des/cipher.ts(136,10): error TS2339: Property 'equal' does not exist on type 'String'.
lib/des/cipher.ts(137,12): error TS2314: Generic type 'Array<T>' requires 1 type argument(s).
lib/des/des.ts(7,5): error TS2300: Duplicate identifier 'Cipher'.
lib/des/des.ts(9,22): error TS2304: Cannot find name 'Void'.
lib/des/des.ts(10,3): error TS2683: 'this' implicitly has type 'any' because it does not have a type annotation.
lib/des/des.ts(11,3): error TS2683: 'this' implicitly has type 'any' because it does not have a type annotation.
lib/des/des.ts(14,32): error TS2304: Cannot find name 'Void'.
lib/des/des.ts(15,15): error TS2683: 'this' implicitly has type 'any' because it does not have a type annotation.
lib/des/des.ts(17,23): error TS7009: 'new' expression, whose target lacks a construct signature, implicitly has an 'any' type.
lib/des/des.ts(18,3): error TS2683: 'this' implicitly has type 'any' because it does not have a type annotation.
lib/des/des.ts(20,3): error TS2683: 'this' implicitly has type 'any' because it does not have a type annotation.
lib/des/des.ts(20,34): error TS2339: Property 'key' does not exist on type 'Object'.
lib/des/des.ts(22,10): error TS2454: Variable 'DES' is used before being assigned.
lib/des/des.ts(23,18): error TS2454: Variable 'DES' is used before being assigned.
lib/des/des.ts(25,1): error TS2454: Variable 'DES' is used before being assigned.
lib/des/des.ts(26,10): error TS7009: 'new' expression, whose target lacks a construct signature, implicitly has an 'any' type.
lib/des/des.ts(29,17): error TS2314: Generic type 'Array<T>' requires 1 type argument(s).
lib/des/des.ts(34,1): error TS2454: Variable 'DES' is used before being assigned.
lib/des/des.ts(34,55): error TS2314: Generic type 'Map<K, V>' requires 2 type argument(s).
lib/des/des.ts(34,74): error TS2304: Cannot find name 'Void'.
lib/des/des.ts(37,10): error TS2339: Property 'equal' does not exist on type 'String'.
lib/des/des.ts(39,26): error TS2339: Property 'readUInt32BE' does not exist on type 'HTMLElement'.
lib/des/des.ts(40,26): error TS2339: Property 'readUInt32BE' does not exist on type 'HTMLElement'.
lib/des/des.ts(42,9): error TS2339: Property 'pc1' does not exist on type 'HTMLElement'.
lib/des/des.ts(47,16): error TS2339: Property 'r28shl' does not exist on type 'HTMLElement'.
lib/des/des.ts(48,16): error TS2339: Property 'r28shl' does not exist on type 'HTMLElement'.
lib/des/des.ts(49,11): error TS2339: Property 'pc2' does not exist on type 'HTMLElement'.
lib/des/des.ts(53,1): error TS2454: Variable 'DES' is used before being assigned.
lib/des/des.ts(53,100): error TS2304: Cannot find name 'Void'.
lib/des/des.ts(56,25): error TS2339: Property 'readUInt32BE' does not exist on type 'HTMLElement'.
lib/des/des.ts(57,25): error TS2339: Property 'readUInt32BE' does not exist on type 'HTMLElement'.
lib/des/des.ts(57,43): error TS2365: Operator '+' cannot be applied to types 'Number' and 'number'.
lib/des/des.ts(60,9): error TS2339: Property 'ip' does not exist on type 'HTMLElement'.
lib/des/des.ts(60,24): error TS2339: Property 'tmp' does not exist on type 'HTMLElement'.
lib/des/des.ts(61,13): error TS2339: Property 'tmp' does not exist on type 'HTMLElement'.
lib/des/des.ts(62,13): error TS2339: Property 'tmp' does not exist on type 'HTMLElement'.
lib/des/des.ts(65,38): error TS2339: Property 'tmp' does not exist on type 'HTMLElement'.
lib/des/des.ts(67,38): error TS2339: Property 'tmp' does not exist on type 'HTMLElement'.
lib/des/des.ts(69,13): error TS2339: Property 'tmp' does not exist on type 'HTMLElement'.
lib/des/des.ts(70,13): error TS2339: Property 'tmp' does not exist on type 'HTMLElement'.
lib/des/des.ts(72,9): error TS2339: Property 'writeUInt32BE' does not exist on type 'HTMLElement'.
lib/des/des.ts(73,9): error TS2339: Property 'writeUInt32BE' does not exist on type 'HTMLElement'.
lib/des/des.ts(73,31): error TS2365: Operator '+' cannot be applied to types 'Number' and 'number'.
lib/des/des.ts(76,1): error TS2454: Variable 'DES' is used before being assigned.
lib/des/des.ts(77,30): error TS2339: Property 'length' does not exist on type 'Object'.
lib/des/des.ts(77,39): error TS2363: The right-hand side of an arithmetic operation must be of type 'any', 'number', 'bigint' or an enum type.
lib/des/des.ts(78,32): error TS2339: Property 'length' does not exist on type 'Object'.
lib/des/des.ts(78,40): error TS2356: An arithmetic operand must be of type 'any', 'number', 'bigint' or an enum type.
lib/des/des.ts(79,12): error TS2538: Type 'Number' cannot be used as an index type.
lib/des/des.ts(84,1): error TS2454: Variable 'DES' is used before being assigned.
lib/des/des.ts(85,21): error TS7053: Element implicitly has an 'any' type because expression of type 'number' can't be used to index type 'Object'.
  No index signature with a parameter of type 'number' was found on type 'Object'.
lib/des/des.ts(85,35): error TS2339: Property 'length' does not exist on type 'Object'.
lib/des/des.ts(86,23): error TS2339: Property 'length' does not exist on type 'Object'.
lib/des/des.ts(86,32): error TS2363: The right-hand side of an arithmetic operation must be of type 'any', 'number', 'bigint' or an enum type.
lib/des/des.ts(86,48): error TS2339: Property 'length' does not exist on type 'Object'.
lib/des/des.ts(87,12): error TS2339: Property 'equal' does not exist on type 'String'.
lib/des/des.ts(87,18): error TS7053: Element implicitly has an 'any' type because expression of type 'number' can't be used to index type 'Object'.
  No index signature with a parameter of type 'number' was found on type 'Object'.
lib/des/des.ts(89,17): error TS2339: Property 'slice' does not exist on type 'Object'.
lib/des/des.ts(89,33): error TS2339: Property 'length' does not exist on type 'Object'.
lib/des/des.ts(89,42): error TS2363: The right-hand side of an arithmetic operation must be of type 'any', 'number', 'bigint' or an enum type.
lib/des/des.ts(92,1): error TS2454: Variable 'DES' is used before being assigned.
lib/des/des.ts(92,125): error TS2304: Cannot find name 'Void'.
lib/des/des.ts(97,29): error TS2339: Property 'keys' does not exist on type 'HTMLElement'.
lib/des/des.ts(98,30): error TS2339: Property 'keys' does not exist on type 'HTMLElement'.
lib/des/des.ts(99,30): error TS2339: Property 'keys' does not exist on type 'HTMLElement'.
lib/des/des.ts(102,11): error TS2339: Property 'expand' does not exist on type 'HTMLElement'.
lib/des/des.ts(102,27): error TS2339: Property 'tmp' does not exist on type 'HTMLElement'.
lib/des/des.ts(104,5): error TS2362: The left-hand side of an arithmetic operation must be of type 'any', 'number', 'bigint' or an enum type.
lib/des/des.ts(104,19): error TS2339: Property 'tmp' does not exist on type 'HTMLElement'.
lib/des/des.ts(105,5): error TS2362: The left-hand side of an arithmetic operation must be of type 'any', 'number', 'bigint' or an enum type.
lib/des/des.ts(105,19): error TS2339: Property 'tmp' does not exist on type 'HTMLElement'.
lib/des/des.ts(106,27): error TS2339: Property 'substitute' does not exist on type 'HTMLElement'.
lib/des/des.ts(107,27): error TS2339: Property 'permute' does not exist on type 'HTMLElement'.
lib/des/des.ts(110,5): error TS2322: Type 'number' is not assignable to type 'String'.
lib/des/des.ts(110,10): error TS2362: The left-hand side of an arithmetic operation must be of type 'any', 'number', 'bigint' or an enum type.
lib/des/des.ts(110,14): error TS2363: The right-hand side of an arithmetic operation must be of type 'any', 'number', 'bigint' or an enum type.
lib/des/des.ts(115,9): error TS2339: Property 'rip' does not exist on type 'HTMLElement'.
lib/des/des.ts(118,1): error TS2454: Variable 'DES' is used before being assigned.
lib/des/des.ts(118,125): error TS2304: Cannot find name 'Void'.
lib/des/des.ts(123,22): error TS2339: Property 'keys' does not exist on type 'HTMLElement'.
lib/des/des.ts(124,30): error TS2339: Property 'keys' does not exist on type 'HTMLElement'.
lib/des/des.ts(125,30): error TS2339: Property 'keys' does not exist on type 'HTMLElement'.
lib/des/des.ts(128,11): error TS2339: Property 'expand' does not exist on type 'HTMLElement'.
lib/des/des.ts(128,27): error TS2339: Property 'tmp' does not exist on type 'HTMLElement'.
lib/des/des.ts(130,5): error TS2362: The left-hand side of an arithmetic operation must be of type 'any', 'number', 'bigint' or an enum type.
lib/des/des.ts(130,19): error TS2339: Property 'tmp' does not exist on type 'HTMLElement'.
lib/des/des.ts(131,5): error TS2362: The left-hand side of an arithmetic operation must be of type 'any', 'number', 'bigint' or an enum type.
lib/des/des.ts(131,19): error TS2339: Property 'tmp' does not exist on type 'HTMLElement'.
lib/des/des.ts(132,27): error TS2339: Property 'substitute' does not exist on type 'HTMLElement'.
lib/des/des.ts(133,27): error TS2339: Property 'permute' does not exist on type 'HTMLElement'.
lib/des/des.ts(136,5): error TS2322: Type 'number' is not assignable to type 'String'.
lib/des/des.ts(136,10): error TS2362: The left-hand side of an arithmetic operation must be of type 'any', 'number', 'bigint' or an enum type.
lib/des/des.ts(136,14): error TS2363: The right-hand side of an arithmetic operation must be of type 'any', 'number', 'bigint' or an enum type.
lib/des/des.ts(141,9): error TS2339: Property 'rip' does not exist on type 'HTMLElement'.
lib/des/ede.ts(9,47): error TS2304: Cannot find name 'Void'.
lib/des/ede.ts(10,10): error TS2339: Property 'equal' does not exist on type 'String'.
lib/des/ede.ts(17,5): error TS2683: 'this' implicitly has type 'any' because it does not have a type annotation.
lib/des/ede.ts(23,5): error TS2683: 'this' implicitly has type 'any' because it does not have a type annotation.
lib/des/ede.ts(31,34): error TS2304: Cannot find name 'Void'.
lib/des/ede.ts(32,15): error TS2683: 'this' implicitly has type 'any' because it does not have a type annotation.
lib/des/ede.ts(34,23): error TS7009: 'new' expression, whose target lacks a construct signature, implicitly has an 'any' type.
lib/des/ede.ts(34,36): error TS2683: 'this' implicitly has type 'any' because it does not have a type annotation.
lib/des/ede.ts(34,47): error TS2683: 'this' implicitly has type 'any' because it does not have a type annotation.
lib/des/ede.ts(35,3): error TS2683: 'this' implicitly has type 'any' because it does not have a type annotation.
lib/des/ede.ts(42,10): error TS7009: 'new' expression, whose target lacks a construct signature, implicitly has an 'any' type.
lib/des/ede.ts(42,18): error TS2345: Argument of type 'Object' is not assignable to parameter of type 'Function'.
  The 'Object' type is assignable to very few other types. Did you mean to use the 'any' type instead?
lib/des/ede.ts(45,104): error TS2304: Cannot find name 'Void'.
lib/des/ede.ts(48,9): error TS2339: Property 'ciphers' does not exist on type 'HTMLElement'.
lib/des/ede.ts(49,9): error TS2339: Property 'ciphers' does not exist on type 'HTMLElement'.
lib/des/ede.ts(50,9): error TS2339: Property 'ciphers' does not exist on type 'HTMLElement'.
lib/des/utils.ts(4,23): error TS7053: Element implicitly has an 'any' type because expression of type 'any' can't be used to index type 'Object'.
lib/des/utils.ts(4,29): error TS2365: Operator '+' cannot be applied to types 'number' and 'Number'.
lib/des/utils.ts(5,15): error TS7053: Element implicitly has an 'any' type because expression of type 'any' can't be used to index type 'Object'.
lib/des/utils.ts(5,21): error TS2365: Operator '+' cannot be applied to types 'number' and 'Number'.
lib/des/utils.ts(6,15): error TS7053: Element implicitly has an 'any' type because expression of type 'any' can't be used to index type 'Object'.
lib/des/utils.ts(6,21): error TS2365: Operator '+' cannot be applied to types 'number' and 'Number'.
lib/des/utils.ts(7,14): error TS7053: Element implicitly has an 'any' type because expression of type 'any' can't be used to index type 'Object'.
lib/des/utils.ts(7,20): error TS2365: Operator '+' cannot be applied to types 'number' and 'Number'.
lib/des/utils.ts(8,3): error TS2322: Type 'number' is not assignable to type 'Boolean'.
lib/des/utils.ts(8,10): error TS2362: The left-hand side of an arithmetic operation must be of type 'any', 'number', 'bigint' or an enum type.
lib/des/utils.ts(11,92): error TS2304: Cannot find name 'Void'.
lib/des/utils.ts(12,3): error TS7053: Element implicitly has an 'any' type because expression of type 'any' can't be used to index type 'Object'.
lib/des/utils.ts(12,9): error TS2365: Operator '+' cannot be applied to types 'number' and 'Number'.
lib/des/utils.ts(12,20): error TS2362: The left-hand side of an arithmetic operation must be of type 'any', 'number', 'bigint' or an enum type.
lib/des/utils.ts(13,3): error TS7053: Element implicitly has an 'any' type because expression of type 'any' can't be used to index type 'Object'.
lib/des/utils.ts(13,9): error TS2365: Operator '+' cannot be applied to types 'number' and 'Number'.
lib/des/utils.ts(13,21): error TS2362: The left-hand side of an arithmetic operation must be of type 'any', 'number', 'bigint' or an enum type.
lib/des/utils.ts(14,3): error TS7053: Element implicitly has an 'any' type because expression of type 'any' can't be used to index type 'Object'.
lib/des/utils.ts(14,9): error TS2365: Operator '+' cannot be applied to types 'number' and 'Number'.
lib/des/utils.ts(14,21): error TS2362: The left-hand side of an arithmetic operation must be of type 'any', 'number', 'bigint' or an enum type.
lib/des/utils.ts(15,3): error TS7053: Element implicitly has an 'any' type because expression of type 'any' can't be used to index type 'Object'.
lib/des/utils.ts(15,9): error TS2365: Operator '+' cannot be applied to types 'number' and 'Number'.
lib/des/utils.ts(15,20): error TS2362: The left-hand side of an arithmetic operation must be of type 'any', 'number', 'bigint' or an enum type.
lib/des/utils.ts(18,79): error TS2304: Cannot find name 'Void'.
lib/des/utils.ts(24,7): error TS2362: The left-hand side of an arithmetic operation must be of type 'any', 'number', 'bigint' or an enum type.
lib/des/utils.ts(25,7): error TS2362: The left-hand side of an arithmetic operation must be of type 'any', 'number', 'bigint' or an enum type.
lib/des/utils.ts(25,16): error TS2362: The left-hand side of an arithmetic operation must be of type 'any', 'number', 'bigint' or an enum type.
lib/des/utils.ts(28,7): error TS2362: The left-hand side of an arithmetic operation must be of type 'any', 'number', 'bigint' or an enum type.
lib/des/utils.ts(29,7): error TS2362: The left-hand side of an arithmetic operation must be of type 'any', 'number', 'bigint' or an enum type.
lib/des/utils.ts(29,16): error TS2362: The left-hand side of an arithmetic operation must be of type 'any', 'number', 'bigint' or an enum type.
lib/des/utils.ts(35,7): error TS2362: The left-hand side of an arithmetic operation must be of type 'any', 'number', 'bigint' or an enum type.
lib/des/utils.ts(36,7): error TS2362: The left-hand side of an arithmetic operation must be of type 'any', 'number', 'bigint' or an enum type.
lib/des/utils.ts(36,16): error TS2362: The left-hand side of an arithmetic operation must be of type 'any', 'number', 'bigint' or an enum type.
lib/des/utils.ts(39,7): error TS2362: The left-hand side of an arithmetic operation must be of type 'any', 'number', 'bigint' or an enum type.
lib/des/utils.ts(40,7): error TS2362: The left-hand side of an arithmetic operation must be of type 'any', 'number', 'bigint' or an enum type.
lib/des/utils.ts(40,16): error TS2362: The left-hand side of an arithmetic operation must be of type 'any', 'number', 'bigint' or an enum type.
lib/des/utils.ts(44,3): error TS7053: Element implicitly has an 'any' type because expression of type 'any' can't be used to index type 'Object'.
lib/des/utils.ts(44,7): error TS2365: Operator '+' cannot be applied to types 'String' and 'number'.
lib/des/utils.ts(44,18): error TS2362: The left-hand side of an arithmetic operation must be of type 'any', 'number', 'bigint' or an enum type.
lib/des/utils.ts(45,3): error TS7053: Element implicitly has an 'any' type because expression of type 'any' can't be used to index type 'Object'.
lib/des/utils.ts(45,7): error TS2365: Operator '+' cannot be applied to types 'String' and 'number'.
lib/des/utils.ts(45,18): error TS2362: The left-hand side of an arithmetic operation must be of type 'any', 'number', 'bigint' or an enum type.
lib/des/utils.ts(48,81): error TS2304: Cannot find name 'Void'.
lib/des/utils.ts(54,7): error TS2362: The left-hand side of an arithmetic operation must be of type 'any', 'number', 'bigint' or an enum type.
lib/des/utils.ts(55,7): error TS2362: The left-hand side of an arithmetic operation must be of type 'any', 'number', 'bigint' or an enum type.
lib/des/utils.ts(55,16): error TS2362: The left-hand side of an arithmetic operation must be of type 'any', 'number', 'bigint' or an enum type.
lib/des/utils.ts(56,7): error TS2362: The left-hand side of an arithmetic operation must be of type 'any', 'number', 'bigint' or an enum type.
lib/des/utils.ts(57,7): error TS2362: The left-hand side of an arithmetic operation must be of type 'any', 'number', 'bigint' or an enum type.
lib/des/utils.ts(57,16): error TS2362: The left-hand side of an arithmetic operation must be of type 'any', 'number', 'bigint' or an enum type.
lib/des/utils.ts(62,7): error TS2362: The left-hand side of an arithmetic operation must be of type 'any', 'number', 'bigint' or an enum type.
lib/des/utils.ts(63,7): error TS2362: The left-hand side of an arithmetic operation must be of type 'any', 'number', 'bigint' or an enum type.
lib/des/utils.ts(63,16): error TS2362: The left-hand side of an arithmetic operation must be of type 'any', 'number', 'bigint' or an enum type.
lib/des/utils.ts(64,7): error TS2362: The left-hand side of an arithmetic operation must be of type 'any', 'number', 'bigint' or an enum type.
lib/des/utils.ts(65,7): error TS2362: The left-hand side of an arithmetic operation must be of type 'any', 'number', 'bigint' or an enum type.
lib/des/utils.ts(65,16): error TS2362: The left-hand side of an arithmetic operation must be of type 'any', 'number', 'bigint' or an enum type.
lib/des/utils.ts(69,3): error TS7053: Element implicitly has an 'any' type because expression of type 'any' can't be used to index type 'Object'.
lib/des/utils.ts(69,7): error TS2365: Operator '+' cannot be applied to types 'String' and 'number'.
lib/des/utils.ts(69,18): error TS2362: The left-hand side of an arithmetic operation must be of type 'any', 'number', 'bigint' or an enum type.
lib/des/utils.ts(70,3): error TS7053: Element implicitly has an 'any' type because expression of type 'any' can't be used to index type 'Object'.
lib/des/utils.ts(70,7): error TS2365: Operator '+' cannot be applied to types 'String' and 'number'.
lib/des/utils.ts(70,18): error TS2362: The left-hand side of an arithmetic operation must be of type 'any', 'number', 'bigint' or an enum type.
lib/des/utils.ts(73,81): error TS2304: Cannot find name 'Void'.
lib/des/utils.ts(83,7): error TS2362: The left-hand side of an arithmetic operation must be of type 'any', 'number', 'bigint' or an enum type.
lib/des/utils.ts(84,7): error TS2362: The left-hand side of an arithmetic operation must be of type 'any', 'number', 'bigint' or an enum type.
lib/des/utils.ts(84,16): error TS2362: The left-hand side of an arithmetic operation must be of type 'any', 'number', 'bigint' or an enum type.
lib/des/utils.ts(87,7): error TS2362: The left-hand side of an arithmetic operation must be of type 'any', 'number', 'bigint' or an enum type.
lib/des/utils.ts(88,7): error TS2362: The left-hand side of an arithmetic operation must be of type 'any', 'number', 'bigint' or an enum type.
lib/des/utils.ts(88,16): error TS2362: The left-hand side of an arithmetic operation must be of type 'any', 'number', 'bigint' or an enum type.
lib/des/utils.ts(92,5): error TS2362: The left-hand side of an arithmetic operation must be of type 'any', 'number', 'bigint' or an enum type.
lib/des/utils.ts(93,5): error TS2362: The left-hand side of an arithmetic operation must be of type 'any', 'number', 'bigint' or an enum type.
lib/des/utils.ts(93,14): error TS2362: The left-hand side of an arithmetic operation must be of type 'any', 'number', 'bigint' or an enum type.
lib/des/utils.ts(102,7): error TS2362: The left-hand side of an arithmetic operation must be of type 'any', 'number', 'bigint' or an enum type.
lib/des/utils.ts(103,7): error TS2362: The left-hand side of an arithmetic operation must be of type 'any', 'number', 'bigint' or an enum type.
lib/des/utils.ts(103,16): error TS2362: The left-hand side of an arithmetic operation must be of type 'any', 'number', 'bigint' or an enum type.
lib/des/utils.ts(106,7): error TS2362: The left-hand side of an arithmetic operation must be of type 'any', 'number', 'bigint' or an enum type.
lib/des/utils.ts(107,7): error TS2362: The left-hand side of an arithmetic operation must be of type 'any', 'number', 'bigint' or an enum type.
lib/des/utils.ts(107,16): error TS2362: The left-hand side of an arithmetic operation must be of type 'any', 'number', 'bigint' or an enum type.
lib/des/utils.ts(111,5): error TS2362: The left-hand side of an arithmetic operation must be of type 'any', 'number', 'bigint' or an enum type.
lib/des/utils.ts(112,5): error TS2362: The left-hand side of an arithmetic operation must be of type 'any', 'number', 'bigint' or an enum type.
lib/des/utils.ts(112,14): error TS2362: The left-hand side of an arithmetic operation must be of type 'any', 'number', 'bigint' or an enum type.
lib/des/utils.ts(115,3): error TS7053: Element implicitly has an 'any' type because expression of type 'any' can't be used to index type 'Object'.
lib/des/utils.ts(115,7): error TS2365: Operator '+' cannot be applied to types 'String' and 'number'.
lib/des/utils.ts(115,18): error TS2362: The left-hand side of an arithmetic operation must be of type 'any', 'number', 'bigint' or an enum type.
lib/des/utils.ts(116,3): error TS7053: Element implicitly has an 'any' type because expression of type 'any' can't be used to index type 'Object'.
lib/des/utils.ts(116,7): error TS2365: Operator '+' cannot be applied to types 'String' and 'number'.
lib/des/utils.ts(116,18): error TS2362: The left-hand side of an arithmetic operation must be of type 'any', 'number', 'bigint' or an enum type.
lib/des/utils.ts(120,12): error TS2362: The left-hand side of an arithmetic operation must be of type 'any', 'number', 'bigint' or an enum type.
lib/des/utils.ts(120,19): error TS2363: The right-hand side of an arithmetic operation must be of type 'any', 'number', 'bigint' or an enum type.
lib/des/utils.ts(120,42): error TS2362: The left-hand side of an arithmetic operation must be of type 'any', 'number', 'bigint' or an enum type.
lib/des/utils.ts(120,56): error TS2363: The right-hand side of an arithmetic operation must be of type 'any', 'number', 'bigint' or an enum type.
lib/des/utils.ts(123,15): error TS2314: Generic type 'Array<T>' requires 1 type argument(s).
lib/des/utils.ts(135,81): error TS2304: Cannot find name 'Void'.
lib/des/utils.ts(141,5): error TS2362: The left-hand side of an arithmetic operation must be of type 'any', 'number', 'bigint' or an enum type.
lib/des/utils.ts(142,5): error TS2362: The left-hand side of an arithmetic operation must be of type 'any', 'number', 'bigint' or an enum type.
lib/des/utils.ts(142,14): error TS2362: The left-hand side of an arithmetic operation must be of type 'any', 'number', 'bigint' or an enum type.
lib/des/utils.ts(144,12): error TS2403: Subsequent variable declarations must have the same type.  Variable 'i' must be of type 'number', but here has type 'Number'.
lib/des/utils.ts(145,5): error TS2362: The left-hand side of an arithmetic operation must be of type 'any', 'number', 'bigint' or an enum type.
lib/des/utils.ts(146,5): error TS2362: The left-hand side of an arithmetic operation must be of type 'any', 'number', 'bigint' or an enum type.
lib/des/utils.ts(146,14): error TS2362: The left-hand side of an arithmetic operation must be of type 'any', 'number', 'bigint' or an enum type.
lib/des/utils.ts(149,3): error TS7053: Element implicitly has an 'any' type because expression of type 'any' can't be used to index type 'Object'.
lib/des/utils.ts(149,7): error TS2365: Operator '+' cannot be applied to types 'String' and 'number'.
lib/des/utils.ts(149,18): error TS2362: The left-hand side of an arithmetic operation must be of type 'any', 'number', 'bigint' or an enum type.
lib/des/utils.ts(150,3): error TS7053: Element implicitly has an 'any' type because expression of type 'any' can't be used to index type 'Object'.
lib/des/utils.ts(150,7): error TS2365: Operator '+' cannot be applied to types 'String' and 'number'.
lib/des/utils.ts(150,18): error TS2362: The left-hand side of an arithmetic operation must be of type 'any', 'number', 'bigint' or an enum type.
lib/des/utils.ts(153,72): error TS2304: Cannot find name 'Void'.
lib/des/utils.ts(157,12): error TS2362: The left-hand side of an arithmetic operation must be of type 'any', 'number', 'bigint' or an enum type.
lib/des/utils.ts(157,28): error TS2362: The left-hand side of an arithmetic operation must be of type 'any', 'number', 'bigint' or an enum type.
lib/des/utils.ts(159,5): error TS2362: The left-hand side of an arithmetic operation must be of type 'any', 'number', 'bigint' or an enum type.
lib/des/utils.ts(160,5): error TS2362: The left-hand side of an arithmetic operation must be of type 'any', 'number', 'bigint' or an enum type.
lib/des/utils.ts(160,14): error TS2362: The left-hand side of an arithmetic operation must be of type 'any', 'number', 'bigint' or an enum type.
lib/des/utils.ts(163,5): error TS2362: The left-hand side of an arithmetic operation must be of type 'any', 'number', 'bigint' or an enum type.
lib/des/utils.ts(163,14): error TS2362: The left-hand side of an arithmetic operation must be of type 'any', 'number', 'bigint' or an enum type.
lib/des/utils.ts(164,5): error TS2362: The left-hand side of an arithmetic operation must be of type 'any', 'number', 'bigint' or an enum type.
lib/des/utils.ts(166,3): error TS2362: The left-hand side of an arithmetic operation must be of type 'any', 'number', 'bigint' or an enum type.
lib/des/utils.ts(166,13): error TS2362: The left-hand side of an arithmetic operation must be of type 'any', 'number', 'bigint' or an enum type.
lib/des/utils.ts(166,32): error TS2362: The left-hand side of an arithmetic operation must be of type 'any', 'number', 'bigint' or an enum type.
lib/des/utils.ts(168,3): error TS7053: Element implicitly has an 'any' type because expression of type 'any' can't be used to index type 'Object'.
lib/des/utils.ts(168,7): error TS2365: Operator '+' cannot be applied to types 'String' and 'number'.
lib/des/utils.ts(168,18): error TS2362: The left-hand side of an arithmetic operation must be of type 'any', 'number', 'bigint' or an enum type.
lib/des/utils.ts(169,3): error TS7053: Element implicitly has an 'any' type because expression of type 'any' can't be used to index type 'Object'.
lib/des/utils.ts(169,7): error TS2365: Operator '+' cannot be applied to types 'String' and 'number'.
lib/des/utils.ts(169,18): error TS2362: The left-hand side of an arithmetic operation must be of type 'any', 'number', 'bigint' or an enum type.
lib/des/utils.ts(217,22): error TS2362: The left-hand side of an arithmetic operation must be of type 'any', 'number', 'bigint' or an enum type.
lib/des/utils.ts(218,22): error TS7053: Element implicitly has an 'any' type because expression of type 'any' can't be used to index type 'Object'.
lib/des/utils.ts(218,29): error TS2365: Operator '+' cannot be applied to types 'number' and 'Number'.
lib/des/utils.ts(220,5): error TS2362: The left-hand side of an arithmetic operation must be of type 'any', 'number', 'bigint' or an enum type.
lib/des/utils.ts(221,5): error TS2362: The left-hand side of an arithmetic operation must be of type 'any', 'number', 'bigint' or an enum type.
lib/des/utils.ts(221,12): error TS2363: The right-hand side of an arithmetic operation must be of type 'any', 'number', 'bigint' or an enum type.
lib/des/utils.ts(224,22): error TS2362: The left-hand side of an arithmetic operation must be of type 'any', 'number', 'bigint' or an enum type.
lib/des/utils.ts(225,22): error TS7053: Element implicitly has an 'any' type because expression of type 'any' can't be used to index type 'Object'.
lib/des/utils.ts(225,29): error TS2365: Operator '+' cannot be applied to types 'number' and 'Number'.
lib/des/utils.ts(227,5): error TS2362: The left-hand side of an arithmetic operation must be of type 'any', 'number', 'bigint' or an enum type.
lib/des/utils.ts(228,5): error TS2362: The left-hand side of an arithmetic operation must be of type 'any', 'number', 'bigint' or an enum type.
lib/des/utils.ts(228,12): error TS2363: The right-hand side of an arithmetic operation must be of type 'any', 'number', 'bigint' or an enum type.
lib/des/utils.ts(230,10): error TS2362: The left-hand side of an arithmetic operation must be of type 'any', 'number', 'bigint' or an enum type.
lib/des/utils.ts(233,19): error TS2314: Generic type 'Array<T>' requires 1 type argument(s).
lib/des/utils.ts(241,5): error TS2362: The left-hand side of an arithmetic operation must be of type 'any', 'number', 'bigint' or an enum type.
lib/des/utils.ts(242,5): error TS2362: The left-hand side of an arithmetic operation must be of type 'any', 'number', 'bigint' or an enum type.
lib/des/utils.ts(242,13): error TS2362: The left-hand side of an arithmetic operation must be of type 'any', 'number', 'bigint' or an enum type.
lib/des/utils.ts(244,10): error TS2362: The left-hand side of an arithmetic operation must be of type 'any', 'number', 'bigint' or an enum type.
lib/des/utils.ts(248,34): error TS2554: Expected 0 arguments, but got 1.
lib/des/utils.ts(252,12): error TS2314: Generic type 'Array<T>' requires 1 type argument(s).
lib/des/utils.ts(253,29): error TS2365: Operator '+=' cannot be applied to types 'number' and 'Number'.
lib/des/utils.ts(254,27): error TS2365: Operator '+' cannot be applied to types 'number' and 'Number'.
../../../../node_modules/@types/get-intrinsic/internal/intrinsics.d.ts(11,25): error TS2304: Cannot find name 'AggregateErrorConstructor'.
../../../../node_modules/@types/get-intrinsic/internal/intrinsics.d.ts(126,42): error TS2304: Cannot find name 'AggregateError'.
../../../../node_modules/@types/get-intrinsic/internal/intrinsics.d.ts(127,47): error TS2304: Cannot find name 'AggregateError'.
../../../../node_modules/@types/get-intrinsic/internal/intrinsics.d.ts(128,50): error TS2304: Cannot find name 'AggregateError'.
../../../../node_modules/@types/get-intrinsic/internal/intrinsics.d.ts(418,37): error TS2550: Property 'any' does not exist on type 'PromiseConstructor'. Do you need to change your target library? Try changing the 'lib' compiler option to 'es2021' or later.
../../../../node_modules/@types/get-intrinsic/internal/intrinsics.d.ts(514,62): error TS2550: Property 'replaceAll' does not exist on type 'String'. Do you need to change your target library? Try changing the 'lib' compiler option to 'es2021' or later.

