browserShim.ts(4,13): error TS2339: Property 'shim' does not exist on type 'object'.
browserShim.ts(8,25): error TS2339: Property 'shim' does not exist on type 'any[]'.
browserShim.ts(10,15): error TS2339: Property 'shim' does not exist on type 'any[]'.
hasSymbols.ts(3,5): error TS2403: Subsequent variable declarations must have the same type.  Variable 'keys' must be of type 'object', but here has type 'Function'.
hasSymbols.ts(10,6): error TS2322: Type 'symbol' is not assignable to type 'string'.
hasSymbols.ts(25,2): error TS2322: Type 'number' is not assignable to type 'never'.
hasSymbols.ts(27,6): error TS2349: This expression is not callable.
  Type '{}' has no call signatures.
hasSymbols.ts(38,7): error TS2740: Type 'PropertyDescriptor' is missing the following properties from type 'Element': attributes, classList, className, clientHeight, and 160 more.
hasSymbols.ts(39,18): error TS2339: Property 'value' does not exist on type 'Element'.
hasSymbols.ts(39,49): error TS2339: Property 'enumerable' does not exist on type 'Element'.
implementation.ts(7,5): error TS2740: Type 'ObjectConstructor' is missing the following properties from type 'any[]': pop, push, concat, join, and 25 more.
implementation.ts(10,33): error TS2322: Type '(o: any) => symbol[]' is not assignable to type 'any[]'.
implementation.ts(15,19): error TS2349: This expression is not callable.
  Type 'any[]' has no call signatures.
implementation.ts(20,22): error TS2349: This expression is not callable.
  Type 'any[]' has no call signatures.
implementation.ts(24,7): error TS2322: Type 'any[] | ((o: any) => symbol[])' is not assignable to type 'Function'.
  Type 'any[]' is missing the following properties from type 'Function': apply, call, bind, prototype, and 5 more.
polyfill.ts(3,5): error TS2403: Subsequent variable declarations must have the same type.  Variable 'implementation' must be of type 'string', but here has type 'any[]'.
polyfill.ts(46,3): error TS2322: Type 'string' is not assignable to type 'object'.
polyfill.ts(49,3): error TS2322: Type 'string' is not assignable to type 'object'.
polyfill.ts(52,3): error TS2322: Type 'string' is not assignable to type 'object'.
shim.ts(11,34): error TS2367: This condition will always return 'true' since the types '{ <T extends {}, U>(target: T, source: U): T & U; <T extends {}, U, V>(target: T, source1: U, source2: V): T & U & V; <T extends {}, U, V, W>(target: T, source1: U, source2: V, source3: W): T & ... 2 more ... & W; (target: object, ...sources: any[]): any; }' and 'string' have no overlap.
shim.ts(13,2): error TS2322: Type 'string' is not assignable to type 'boolean'.

