index.ts(44,20): error TS2304: Cannot find name 'Void'.
index.ts(45,11): error TS2683: 'this' implicitly has type 'any' because it does not have a type annotation.
index.ts(49,15): error TS2314: Generic type 'Array<T>' requires 1 type argument(s).
index.ts(51,35): error TS2304: Cannot find name 'Void'.
index.ts(52,14): error TS2339: Property 'writable' does not exist on type 'Element'.
index.ts(53,26): error TS2339: Property 'write' does not exist on type 'Element'.
index.ts(61,23): error TS2304: Cannot find name 'Void'.
index.ts(67,8): error TS2339: Property 'on' does not exist on type 'Element'.
index.ts(71,13): error TS2339: Property '_isStdio' does not exist on type 'Element'.
index.ts(71,46): error TS2339: Property 'end' does not exist on type 'Object'.
index.ts(77,21): error TS2304: Cannot find name 'Void'.
index.ts(81,10): error TS2339: Property 'end' does not exist on type 'Element'.
index.ts(85,23): error TS2304: Cannot find name 'Void'.
index.ts(89,21): error TS2339: Property 'destroy' does not exist on type 'Element'.
index.ts(89,50): error TS2339: Property 'destroy' does not exist on type 'Element'.
index.ts(93,35): error TS2304: Cannot find name 'Void'.
index.ts(95,12): error TS2339: Property 'listenerCount' does not exist on type 'Function'.
index.ts(95,26): error TS2683: 'this' implicitly has type 'any' because it does not have a type annotation.
index.ts(101,8): error TS2339: Property 'on' does not exist on type 'Element'.
index.ts(104,23): error TS2304: Cannot find name 'Void'.
index.ts(106,10): error TS2339: Property 'removeListener' does not exist on type 'Element'.
index.ts(112,10): error TS2339: Property 'removeListener' does not exist on type 'Element'.
index.ts(117,10): error TS2339: Property 'removeListener' does not exist on type 'Element'.
index.ts(123,8): error TS2339: Property 'on' does not exist on type 'Element'.
index.ts(125,8): error TS2339: Property 'emit' does not exist on type 'Element'.

