example/enroll/js/browserify.ts(2,36): error TS2339: Property 'resolve' does not exist on type 'object'.
example/enroll/js/browserify.ts(3,33): error TS2339: Property 'modules' does not exist on type 'object'.
example/enroll/js/browserify.ts(7,26): error TS2339: Property '_cached' does not exist on type 'Function'.
example/enroll/js/browserify.ts(7,40): error TS2339: Property '_cached' does not exist on type 'Function'.
example/enroll/js/browserify.ts(11,9): error TS2339: Property 'paths' does not exist on type 'object'.
example/enroll/js/browserify.ts(12,9): error TS2339: Property 'modules' does not exist on type 'object'.
example/enroll/js/browserify.ts(13,9): error TS2339: Property 'extensions' does not exist on type 'object'.
example/enroll/js/browserify.ts(15,9): error TS2339: Property '_core' does not exist on type 'object'.
example/enroll/js/browserify.ts(23,9): error TS2339: Property 'resolve' does not exist on type 'object'.
example/enroll/js/browserify.ts(27,21): error TS2339: Property '_core' does not exist on type 'object'.
example/enroll/js/browserify.ts(28,36): error TS2339: Property 'modules' does not exist on type 'object'.
example/enroll/js/browserify.ts(29,20): error TS2339: Property 'resolve' does not exist on type 'string'.
example/enroll/js/browserify.ts(33,17): error TS2322: Type 'string | number' is not assignable to type 'boolean'.
  Type 'string' is not assignable to type 'boolean'.
example/enroll/js/browserify.ts(33,50): error TS2339: Property 'resolve' does not exist on type 'string'.
example/enroll/js/browserify.ts(34,45): error TS2339: Property 'resolve' does not exist on type 'string'.
example/enroll/js/browserify.ts(44,25): error TS2339: Property 'modules' does not exist on type 'object'.
example/enroll/js/browserify.ts(48,41): error TS2339: Property 'extensions' does not exist on type 'object'.
example/enroll/js/browserify.ts(49,43): error TS2339: Property 'extensions' does not exist on type 'object'.
example/enroll/js/browserify.ts(50,29): error TS2339: Property 'modules' does not exist on type 'object'.
example/enroll/js/browserify.ts(57,25): error TS2339: Property 'modules' does not exist on type 'object'.
example/enroll/js/browserify.ts(58,48): error TS2339: Property 'modules' does not exist on type 'object'.
example/enroll/js/browserify.ts(59,37): error TS2339: Property 'browserify' does not exist on type 'HTMLElement'.
example/enroll/js/browserify.ts(60,48): error TS2339: Property 'main' does not exist on type 'object'.
example/enroll/js/browserify.ts(61,25): error TS2322: Type 'string' is not assignable to type 'number'.
example/enroll/js/browserify.ts(61,57): error TS2339: Property 'resolve' does not exist on type 'string'.
example/enroll/js/browserify.ts(61,70): error TS2339: Property 'main' does not exist on type 'object'.
example/enroll/js/browserify.ts(65,25): error TS2322: Type 'string' is not assignable to type 'number'.
example/enroll/js/browserify.ts(65,57): error TS2339: Property 'resolve' does not exist on type 'string'.
example/enroll/js/browserify.ts(68,30): error TS2339: Property 'main' does not exist on type 'HTMLElement'.
example/enroll/js/browserify.ts(69,25): error TS2322: Type 'string' is not assignable to type 'number'.
example/enroll/js/browserify.ts(69,57): error TS2339: Property 'resolve' does not exist on type 'string'.
example/enroll/js/browserify.ts(69,72): error TS2339: Property 'main' does not exist on type 'HTMLElement'.
example/enroll/js/browserify.ts(74,13): error TS2322: Type 'string' is not assignable to type 'number'.
example/enroll/js/browserify.ts(81,21): error TS2322: Type 'string' is not assignable to type 'boolean'.
example/enroll/js/browserify.ts(83,21): error TS2322: Type 'number' is not assignable to type 'boolean'.
example/enroll/js/browserify.ts(87,17): error TS2322: Type 'string' is not assignable to type 'boolean'.
example/enroll/js/browserify.ts(108,9): error TS2339: Property 'alias' does not exist on type 'object'.
example/enroll/js/browserify.ts(109,32): error TS2339: Property 'modules' does not exist on type 'object'.
example/enroll/js/browserify.ts(112,23): error TS2339: Property 'resolve' does not exist on type 'object'.
example/enroll/js/browserify.ts(115,23): error TS2339: Property 'resolve' does not exist on type 'object'.
example/enroll/js/browserify.ts(117,32): error TS2339: Property 'dirname' does not exist on type 'string'.
example/enroll/js/browserify.ts(123,16): error TS2339: Property 'modules' does not exist on type 'object'.
example/enroll/js/browserify.ts(127,13): error TS2367: This condition will always return 'false' since the types 'any[]' and 'string' have no overlap.
example/enroll/js/browserify.ts(128,17): error TS2322: Type 'any[]' is not assignable to type 'string'.
example/enroll/js/browserify.ts(129,21): error TS2339: Property 'modules' does not exist on type 'object'.
example/enroll/js/browserify.ts(129,47): error TS2339: Property 'modules' does not exist on type 'object'.
example/enroll/js/browserify.ts(131,18): error TS2367: This condition will always return 'false' since the types 'any[]' and 'string' have no overlap.
example/enroll/js/browserify.ts(132,21): error TS2339: Property 'modules' does not exist on type 'object'.
example/enroll/js/browserify.ts(132,43): error TS2339: Property 'modules' does not exist on type 'object'.
example/enroll/js/browserify.ts(137,9): error TS2339: Property 'define' does not exist on type 'object'.
example/enroll/js/browserify.ts(138,35): error TS2339: Property '_core' does not exist on type 'object'.
example/enroll/js/browserify.ts(140,19): error TS2339: Property 'modules' does not exist on type 'object'.
example/enroll/js/browserify.ts(144,16): error TS2349: This expression is not callable.
  Type '{}' has no call signatures.
example/enroll/js/browserify.ts(146,14): error TS2339: Property 'resolve' does not exist on type 'Function'.
example/enroll/js/browserify.ts(147,24): error TS2339: Property 'resolve' does not exist on type 'object'.
example/enroll/js/browserify.ts(149,14): error TS2339: Property 'modules' does not exist on type 'Function'.
example/enroll/js/browserify.ts(149,32): error TS2339: Property 'modules' does not exist on type 'object'.
example/enroll/js/browserify.ts(150,14): error TS2339: Property 'define' does not exist on type 'Function'.
example/enroll/js/browserify.ts(150,31): error TS2339: Property 'define' does not exist on type 'object'.
example/enroll/js/browserify.ts(153,13): error TS2339: Property 'modules' does not exist on type 'object'.
example/enroll/js/browserify.ts(154,17): error TS2339: Property 'modules' does not exist on type 'object'.
example/enroll/js/browserify.ts(154,53): error TS2339: Property 'exports' does not exist on type 'object'.
example/enroll/js/browserify.ts(156,21): error TS2339: Property 'exports' does not exist on type 'object'.
example/enroll/js/browserify.ts(159,21): error TS2339: Property 'exports' does not exist on type 'object'.
example/enroll/js/browserify.ts(163,17): error TS2339: Property 'modules' does not exist on type 'object'.
example/enroll/js/browserify.ts(163,53): error TS2339: Property 'exports' does not exist on type 'object'.
example/enroll/js/browserify.ts(164,24): error TS2339: Property 'exports' does not exist on type 'object'.
example/enroll/js/browserify.ts(168,37): error TS2740: Type '{}' is missing the following properties from type 'Process': stdout, stderr, stdin, openStdin, and 50 more.
example/enroll/js/browserify.ts(170,24): error TS2322: Type '(fn: number) => void' is not assignable to type '(callback: Function, ...args: any[]) => void'.
  Types of parameters 'fn' and 'callback' are incompatible.
    Type 'Function' is not assignable to type 'number'.
example/enroll/js/browserify.ts(172,9): error TS2322: Type '{ <K extends keyof WindowEventMap>(type: K, listener: (this: Window, ev: WindowEventMap[K]) => any, options?: boolean | AddEventListenerOptions): void; (type: string, listener: EventListenerOrEventListenerObject, options?: boolean | AddEventListenerOptions): void; } & { ...; }' is not assignable to type 'boolean'.
example/enroll/js/browserify.ts(178,20): error TS2339: Property 'source' does not exist on type 'object'.
example/enroll/js/browserify.ts(178,44): error TS2339: Property 'data' does not exist on type 'object'.
example/enroll/js/browserify.ts(179,20): error TS2339: Property 'stopPropagation' does not exist on type 'object'.
example/enroll/js/browserify.ts(193,25): error TS2769: No overload matches this call.
  Overload 1 of 3, '(callback: () => void, ms?: number): Timeout', gave the following error.
    Argument of type 'number' is not assignable to parameter of type '() => void'.
  Overload 2 of 3, '(callback: (args: void) => void, ms?: number): Timeout', gave the following error.
    Argument of type 'number' is not assignable to parameter of type '(args: void) => void'.
  Overload 3 of 3, '(handler: TimerHandler, timeout?: number, ...arguments: any[]): number', gave the following error.
    Argument of type 'number' is not assignable to parameter of type 'TimerHandler'.
example/enroll/js/browserify.ts(199,14): error TS2339: Property 'binding' does not exist on type 'Process'.
example/enroll/js/browserify.ts(199,31): error TS2339: Property 'binding' does not exist on type 'Process'.
example/enroll/js/browserify.ts(200,34): error TS2349: This expression is not callable.
  Type '{}' has no call signatures.
example/enroll/js/browserify.ts(209,9): error TS2339: Property 'define' does not exist on type 'object'.
example/enroll/js/browserify.ts(210,5): error TS2345: Argument of type 'string[]' is not assignable to parameter of type 'string'.
example/enroll/js/browserify.ts(214,9): error TS2339: Property 'define' does not exist on type 'object'.
example/enroll/js/browserify.ts(215,5): error TS2345: Argument of type 'string[]' is not assignable to parameter of type 'string'.
example/enroll/js/browserify.ts(219,9): error TS2339: Property 'define' does not exist on type 'object'.
example/enroll/js/browserify.ts(220,5): error TS2345: Argument of type 'string[]' is not assignable to parameter of type 'string'.
example/enroll/js/browserify.ts(224,9): error TS2339: Property 'define' does not exist on type 'object'.
example/enroll/js/browserify.ts(225,5): error TS2345: Argument of type 'string[]' is not assignable to parameter of type 'string'.
example/enroll/js/browserify.ts(229,9): error TS2339: Property 'define' does not exist on type 'object'.
example/enroll/js/browserify.ts(230,5): error TS2345: Argument of type 'string[]' is not assignable to parameter of type 'string'.
example/enroll/js/browserify.ts(233,1): error TS2349: This expression is not callable.
  Type '{}' has no call signatures.
example/enroll/js/main.ts(1,22): error TS2349: This expression is not callable.
  Type '{}' has no call signatures.
example/enroll/js/main.ts(5,65): error TS2339: Property 'now' does not exist on type 'object'.
example/enroll/js/main.ts(10,12): error TS2339: Property 'enroll' does not exist on type 'string'.
example/enroll/js/main.ts(14,5): error TS2339: Property 'start' does not exist on type 'object'.
example/enroll/server.ts(1,22): error TS2349: This expression is not callable.
  Type '{}' has no call signatures.
example/enroll/server.ts(2,29): error TS2339: Property 'createServer' does not exist on type 'any[]'.
example/enroll/server.ts(3,8): error TS2339: Property 'use' does not exist on type 'any[]'.
example/enroll/server.ts(3,20): error TS2339: Property 'static' does not exist on type 'any[]'.
example/enroll/server.ts(5,28): error TS2349: This expression is not callable.
  Type '{}' has no call signatures.
example/enroll/server.ts(7,8): error TS2339: Property 'use' does not exist on type 'any[]'.
example/enroll/server.ts(9,29): error TS2345: Argument of type 'string | 8080' is not assignable to parameter of type 'string'.
  Type 'number' is not assignable to type 'string'.
example/enroll/server.ts(10,8): error TS2339: Property 'listen' does not exist on type 'any[]'.
main.ts(1,5): error TS2322: Type 'typeof globalThis' is not assignable to type 'string'.
main.ts(9,10): error TS2350: Only a void function can be called with the 'new' keyword.
main.ts(9,64): error TS2345: Argument of type '{ (id?: number): void; (timeoutId: string | number | Timeout): void; }' is not assignable to parameter of type 'string'.
main.ts(12,10): error TS2350: Only a void function can be called with the 'new' keyword.
main.ts(12,65): error TS2345: Argument of type '{ (id?: number): void; (intervalId: string | number | Timeout): void; }' is not assignable to parameter of type 'string'.
main.ts(17,13): error TS2339: Property 'close' does not exist on type 'Function'.
main.ts(21,48): error TS2304: Cannot find name 'Void'.
main.ts(21,48): error TS4060: Return type of exported function has or is using private name 'Void'.
main.ts(32,21): error TS2339: Property '_idleTimeoutId' does not exist on type 'object'.
main.ts(33,8): error TS2339: Property '_idleTimeout' does not exist on type 'object'.
main.ts(37,21): error TS2339: Property '_idleTimeoutId' does not exist on type 'object'.
main.ts(38,8): error TS2339: Property '_idleTimeout' does not exist on type 'object'.
main.ts(42,21): error TS2339: Property '_idleTimeoutId' does not exist on type 'HTMLElement'.
main.ts(44,28): error TS2339: Property '_idleTimeout' does not exist on type 'HTMLElement'.
main.ts(46,10): error TS2339: Property '_idleTimeoutId' does not exist on type 'HTMLElement'.
main.ts(46,60): error TS2304: Cannot find name 'Void'.
main.ts(47,16): error TS2339: Property '_onTimeout' does not exist on type 'HTMLElement'.
main.ts(48,14): error TS2339: Property '_onTimeout' does not exist on type 'HTMLElement'.
main.ts(54,1): error TS2349: This expression is not callable.
  Type '{}' has no call signatures.

