index.ts(4,7): error TS2451: Cannot redeclare block-scoped variable 'regexes'.
index.ts(6,9): error TS2451: Cannot redeclare block-scoped variable 'STATUS_MAPPING'.
index.ts(26,9): error TS2322: Type 'any[]' is not assignable to type 'void'.
index.ts(28,9): error TS2322: Type 'any[]' is not assignable to type 'void'.
index.ts(30,9): error TS2322: Type 'any[]' is not assignable to type 'void'.
index.ts(33,7): error TS2322: Type 'string' is not assignable to type 'void'.
index.ts(49,11): error TS2488: Type 'void' must have a '[Symbol.iterator]()' method that returns an iterator.
index.ts(49,42): error TS2345: Argument of type 'number' is not assignable to parameter of type 'Function'.
index.ts(74,3): error TS2322: Type '{ string: string; error: boolean; }' is not assignable to type 'void'.
index.ts(82,5): error TS2322: Type 'boolean' is not assignable to type 'void'.
index.ts(90,7): error TS2322: Type 'boolean' is not assignable to type 'void'.
index.ts(95,41): error TS2339: Property 'combiningMarks' does not exist on type 'any[]'.
index.ts(96,5): error TS2322: Type 'boolean' is not assignable to type 'void'.
index.ts(100,11): error TS2488: Type 'void' must have a '[Symbol.iterator]()' method that returns an iterator.
index.ts(100,33): error TS2345: Argument of type 'number' is not assignable to parameter of type 'Function'.
index.ts(104,7): error TS2322: Type 'boolean' is not assignable to type 'void'.
index.ts(114,23): error TS2339: Property 'combiningClassVirama' does not exist on type 'any[]'.
index.ts(121,25): error TS2339: Property 'validZWNJ' does not exist on type 'any[]'.
index.ts(127,9): error TS2322: Type 'boolean' is not assignable to type 'void'.
index.ts(137,17): error TS2339: Property 'bidiS1LTR' does not exist on type 'any[]'.
index.ts(139,24): error TS2339: Property 'bidiS1RTL' does not exist on type 'any[]'.
index.ts(142,7): error TS2322: Type 'boolean' is not assignable to type 'void'.
index.ts(147,20): error TS2339: Property 'bidiS2' does not exist on type 'any[]'.
index.ts(148,20): error TS2339: Property 'bidiS3' does not exist on type 'any[]'.
index.ts(149,20): error TS2339: Property 'bidiS4EN' does not exist on type 'any[]'.
index.ts(149,52): error TS2339: Property 'bidiS4AN' does not exist on type 'any[]'.
index.ts(150,9): error TS2322: Type 'boolean' is not assignable to type 'void'.
index.ts(152,25): error TS2339: Property 'bidiS5' does not exist on type 'any[]'.
index.ts(153,25): error TS2339: Property 'bidiS6' does not exist on type 'any[]'.
index.ts(154,7): error TS2322: Type 'boolean' is not assignable to type 'void'.
index.ts(158,3): error TS2322: Type 'boolean' is not assignable to type 'void'.
index.ts(165,25): error TS2339: Property 'decode' does not exist on type 'string'.
index.ts(172,18): error TS2339: Property 'bidiDomain' does not exist on type 'any[]'.
index.ts(176,11): error TS2339: Property 'processingOption' does not exist on type '{}'.
index.ts(179,9): error TS2339: Property 'string' does not exist on type 'void'.
index.ts(179,17): error TS2339: Property 'error' does not exist on type 'void'.
index.ts(179,48): error TS2345: Argument of type 'object' is not assignable to parameter of type '{ useSTD3ASCIIRules: any; processingOption: any; }'.
  Type '{}' is missing the following properties from type '{ useSTD3ASCIIRules: any; processingOption: any; }': useSTD3ASCIIRules, processingOption
index.ts(194,26): error TS2339: Property 'decode' does not exist on type 'string'.
index.ts(207,51): error TS2345: Argument of type '{ processingOption: string; checkBidi: boolean; }' is not assignable to parameter of type '{ checkHyphens: any; checkBidi: any; checkJoiners: any; processingOption: any; useSTD3ASCIIRules: any; }'.
  Type '{ processingOption: string; checkBidi: boolean; }' is missing the following properties from type '{ checkHyphens: any; checkBidi: any; checkJoiners: any; processingOption: any; useSTD3ASCIIRules: any; }': checkHyphens, checkJoiners, useSTD3ASCIIRules
index.ts(210,26): error TS2339: Property 'checkBidi' does not exist on type 'object'.
index.ts(212,10): error TS1345: An expression of type 'void' cannot be tested for truthiness.
index.ts(242,23): error TS2339: Property 'string' does not exist on type 'object'.
index.ts(246,32): error TS2339: Property 'encode' does not exist on type 'string'.
index.ts(248,16): error TS2339: Property 'error' does not exist on type 'object'.
index.ts(257,14): error TS2339: Property 'error' does not exist on type 'object'.
index.ts(262,16): error TS2339: Property 'error' does not exist on type 'object'.
index.ts(268,14): error TS2339: Property 'error' does not exist on type 'object'.
index.ts(289,3): error TS2322: Type '{ domain: any; error: any; }' is not assignable to type 'void'.
index.ts(290,20): error TS2339: Property 'string' does not exist on type 'object'.
index.ts(291,19): error TS2339: Property 'error' does not exist on type 'object'.
scripts/generateMappingTable.ts(3,7): error TS2451: Cannot redeclare block-scoped variable 'fs'.
scripts/generateMappingTable.ts(4,7): error TS2451: Cannot redeclare block-scoped variable 'path'.
scripts/generateMappingTable.ts(5,7): error TS2451: Cannot redeclare block-scoped variable 'fetch'.
scripts/generateMappingTable.ts(6,9): error TS2451: Cannot redeclare block-scoped variable 'unicodeVersion'.
scripts/generateMappingTable.ts(7,9): error TS2451: Cannot redeclare block-scoped variable 'STATUS_MAPPING'.
scripts/generateMappingTable.ts(9,16): error TS2393: Duplicate function implementation.
scripts/generateMappingTable.ts(9,24): error TS2314: Generic type 'Map<K, V>' requires 2 type argument(s).
scripts/generateMappingTable.ts(10,9): error TS2740: Type 'Response' is missing the following properties from type 'Element': attributes, classList, className, clientHeight, and 160 more.
scripts/generateMappingTable.ts(11,39): error TS2339: Property 'text' does not exist on type 'Element'.
scripts/generateMappingTable.ts(45,25): error TS2345: Argument of type 'number' is not assignable to parameter of type 'string'.
scripts/generateMappingTable.ts(57,6): error TS2339: Property 'writeFileSync' does not exist on type 'string'.
scripts/generateMappingTable.ts(57,25): error TS2339: Property 'resolve' does not exist on type 'string'.
scripts/generateRegexes.ts(3,7): error TS2451: Cannot redeclare block-scoped variable 'fs'.
scripts/generateRegexes.ts(4,7): error TS2451: Cannot redeclare block-scoped variable 'path'.
scripts/generateRegexes.ts(6,9): error TS2451: Cannot redeclare block-scoped variable 'unicodeVersion'.
scripts/generateRegexes.ts(39,7): error TS2451: Cannot redeclare block-scoped variable 'regexes'.
scripts/generateRegexes.ts(44,20): error TS2345: Argument of type 'TemplateStringsArray' is not assignable to parameter of type 'any[]'.
  Type 'TemplateStringsArray' is missing the following properties from type 'any[]': pop, push, reverse, shift, and 7 more.
scripts/generateRegexes.ts(44,37): error TS2339: Property 'Mark' does not exist on type 'object'.
scripts/generateRegexes.ts(50,26): error TS2345: Argument of type 'TemplateStringsArray' is not assignable to parameter of type 'any[]'.
scripts/generateRegexes.ts(50,43): error TS2339: Property 'CombiningClassVirama' does not exist on type 'object'.
scripts/generateRegexes.ts(54,15): error TS2345: Argument of type 'TemplateStringsArray' is not assignable to parameter of type 'any[]'.
scripts/generateRegexes.ts(54,36): error TS2339: Property 'JT' does not exist on type 'object'.
scripts/generateRegexes.ts(54,48): error TS2339: Property 'JT' does not exist on type 'object'.
scripts/generateRegexes.ts(54,71): error TS2339: Property 'JT' does not exist on type 'object'.
scripts/generateRegexes.ts(56,15): error TS2345: Argument of type 'TemplateStringsArray' is not assignable to parameter of type 'any[]'.
scripts/generateRegexes.ts(56,32): error TS2339: Property 'JT' does not exist on type 'object'.
scripts/generateRegexes.ts(56,59): error TS2339: Property 'JT' does not exist on type 'object'.
scripts/generateRegexes.ts(56,71): error TS2339: Property 'JT' does not exist on type 'object'.
scripts/generateRegexes.ts(61,16): error TS2345: Argument of type 'TemplateStringsArray' is not assignable to parameter of type 'any[]'.
scripts/generateRegexes.ts(61,37): error TS2339: Property 'R' does not exist on type 'object'.
scripts/generateRegexes.ts(61,46): error TS2339: Property 'AL' does not exist on type 'object'.
scripts/generateRegexes.ts(61,56): error TS2339: Property 'AN' does not exist on type 'object'.
scripts/generateRegexes.ts(64,15): error TS2345: Argument of type 'TemplateStringsArray' is not assignable to parameter of type 'any[]'.
scripts/generateRegexes.ts(64,32): error TS2339: Property 'L' does not exist on type 'object'.
scripts/generateRegexes.ts(65,15): error TS2345: Argument of type 'TemplateStringsArray' is not assignable to parameter of type 'any[]'.
scripts/generateRegexes.ts(65,36): error TS2339: Property 'R' does not exist on type 'object'.
scripts/generateRegexes.ts(65,45): error TS2339: Property 'AL' does not exist on type 'object'.
scripts/generateRegexes.ts(68,12): error TS2345: Argument of type 'TemplateStringsArray' is not assignable to parameter of type 'any[]'.
scripts/generateRegexes.ts(70,13): error TS2339: Property 'R' does not exist on type 'object'.
scripts/generateRegexes.ts(71,13): error TS2339: Property 'AL' does not exist on type 'object'.
scripts/generateRegexes.ts(72,13): error TS2339: Property 'AN' does not exist on type 'object'.
scripts/generateRegexes.ts(73,13): error TS2339: Property 'EN' does not exist on type 'object'.
scripts/generateRegexes.ts(74,13): error TS2339: Property 'ES' does not exist on type 'object'.
scripts/generateRegexes.ts(75,13): error TS2339: Property 'CS' does not exist on type 'object'.
scripts/generateRegexes.ts(76,13): error TS2339: Property 'ET' does not exist on type 'object'.
scripts/generateRegexes.ts(77,13): error TS2339: Property 'ON' does not exist on type 'object'.
scripts/generateRegexes.ts(78,13): error TS2339: Property 'BN' does not exist on type 'object'.
scripts/generateRegexes.ts(79,13): error TS2339: Property 'NSM' does not exist on type 'object'.
scripts/generateRegexes.ts(84,12): error TS2345: Argument of type 'TemplateStringsArray' is not assignable to parameter of type 'any[]'.
scripts/generateRegexes.ts(86,13): error TS2339: Property 'R' does not exist on type 'object'.
scripts/generateRegexes.ts(87,13): error TS2339: Property 'AL' does not exist on type 'object'.
scripts/generateRegexes.ts(88,13): error TS2339: Property 'EN' does not exist on type 'object'.
scripts/generateRegexes.ts(89,13): error TS2339: Property 'AN' does not exist on type 'object'.
scripts/generateRegexes.ts(91,20): error TS2339: Property 'NSM' does not exist on type 'object'.
scripts/generateRegexes.ts(94,14): error TS2345: Argument of type 'TemplateStringsArray' is not assignable to parameter of type 'any[]'.
scripts/generateRegexes.ts(94,31): error TS2339: Property 'EN' does not exist on type 'object'.
scripts/generateRegexes.ts(95,14): error TS2345: Argument of type 'TemplateStringsArray' is not assignable to parameter of type 'any[]'.
scripts/generateRegexes.ts(95,31): error TS2339: Property 'AN' does not exist on type 'object'.
scripts/generateRegexes.ts(98,12): error TS2345: Argument of type 'TemplateStringsArray' is not assignable to parameter of type 'any[]'.
scripts/generateRegexes.ts(100,13): error TS2339: Property 'L' does not exist on type 'object'.
scripts/generateRegexes.ts(101,13): error TS2339: Property 'EN' does not exist on type 'object'.
scripts/generateRegexes.ts(102,13): error TS2339: Property 'ES' does not exist on type 'object'.
scripts/generateRegexes.ts(103,13): error TS2339: Property 'CS' does not exist on type 'object'.
scripts/generateRegexes.ts(104,13): error TS2339: Property 'ET' does not exist on type 'object'.
scripts/generateRegexes.ts(105,13): error TS2339: Property 'ON' does not exist on type 'object'.
scripts/generateRegexes.ts(106,13): error TS2339: Property 'BN' does not exist on type 'object'.
scripts/generateRegexes.ts(107,13): error TS2339: Property 'NSM' does not exist on type 'object'.
scripts/generateRegexes.ts(112,12): error TS2345: Argument of type 'TemplateStringsArray' is not assignable to parameter of type 'any[]'.
scripts/generateRegexes.ts(112,33): error TS2339: Property 'L' does not exist on type 'object'.
scripts/generateRegexes.ts(112,42): error TS2339: Property 'EN' does not exist on type 'object'.
scripts/generateRegexes.ts(112,63): error TS2339: Property 'NSM' does not exist on type 'object'.
scripts/generateRegexes.ts(124,4): error TS2339: Property 'writeFileSync' does not exist on type 'string'.
scripts/generateRegexes.ts(124,23): error TS2339: Property 'resolve' does not exist on type 'string'.
scripts/generateUnicodeCodePoints.ts(2,7): error TS2451: Cannot redeclare block-scoped variable 'fs'.
scripts/generateUnicodeCodePoints.ts(9,3): error TS1108: A 'return' statement can only be used within a function body.
scripts/generateUnicodeCodePoints.ts(13,7): error TS2739: Type 'Set<string>' is missing the following properties from type 'Error': name, message
scripts/generateUnicodeCodePoints.ts(15,27): error TS2339: Property 'readFileSync' does not exist on type 'string'.
scripts/generateUnicodeCodePoints.ts(30,28): error TS2339: Property 'size' does not exist on type 'Error'.
scripts/generateUnicodeCodePoints.ts(30,59): error TS2339: Property 'has' does not exist on type 'Error'.
scripts/generateUnicodeCodePoints.ts(43,46): error TS2322: Type 'Generator<string, any, undefined>' is not assignable to type 'string'.
scripts/generateUnicodeCodePoints.ts(45,11): error TS2322: Type 'number' is not assignable to type 'string'.
scripts/getLatestTests.ts(8,7): error TS2451: Cannot redeclare block-scoped variable 'fs'.
scripts/getLatestTests.ts(9,7): error TS2451: Cannot redeclare block-scoped variable 'path'.
scripts/getLatestTests.ts(13,7): error TS2451: Cannot redeclare block-scoped variable 'fetch'.
scripts/getLatestTests.ts(14,9): error TS2451: Cannot redeclare block-scoped variable 'unicodeVersion'.
scripts/getLatestTests.ts(18,16): error TS2393: Duplicate function implementation.
scripts/getLatestTests.ts(18,24): error TS2314: Generic type 'Map<K, V>' requires 2 type argument(s).
scripts/getLatestTests.ts(21,33): error TS2339: Property 'createWriteStream' does not exist on type 'string'.
scripts/getLatestTests.ts(21,56): error TS2339: Property 'resolve' does not exist on type 'string'.
scripts/getLatestTests.ts(22,13): error TS2740: Type 'Response' is missing the following properties from type 'HTMLElement': accessKey, accessKeyLabel, autocapitalize, dir, and 277 more.
scripts/getLatestTests.ts(23,38): error TS2339: Property 'body' does not exist on type 'HTMLElement'.
scripts/getLatestTests.ts(26,38): error TS2339: Property 'createWriteStream' does not exist on type 'string'.
scripts/getLatestTests.ts(26,61): error TS2339: Property 'resolve' does not exist on type 'string'.
scripts/getLatestTests.ts(27,13): error TS2322: Type 'Response' is not assignable to type 'HTMLElement'.
scripts/getLatestTests.ts(28,38): error TS2339: Property 'body' does not exist on type 'HTMLElement'.
../../../../../tools/node_modules/typescript/lib/lib.dom.d.ts(18095,18): error TS2451: Cannot redeclare block-scoped variable 'fetch'.

