index.ts(8,5): error TS7034: Variable 'console' implicitly has type 'any' in some locations where its type cannot be determined.
index.ts(36,10): error TS7053: Element implicitly has an 'any' type because expression of type 'string | ((label: String) => void) | ((label: string | number) => void)' can't be used to index type 'Console | {}'.
  No index signature with a parameter of type 'string' was found on type 'Console | {}'.
index.ts(36,18): error TS2538: Type '(label: String) => void' cannot be used as an index type.
index.ts(36,18): error TS2538: Type '(label: string | number) => void' cannot be used as an index type.
index.ts(37,9): error TS7053: Element implicitly has an 'any' type because expression of type 'string | ((label: String) => void) | ((label: string | number) => void)' can't be used to index type '{}'.
  No index signature with a parameter of type 'string' was found on type '{}'.
index.ts(37,17): error TS2538: Type '(label: String) => void' cannot be used as an index type.
index.ts(37,17): error TS2538: Type '(label: string | number) => void' cannot be used as an index type.
index.ts(46,5): error TS7005: Variable 'console' implicitly has an 'any' type.
index.ts(46,23): error TS7005: Variable 'console' implicitly has an 'any' type.
index.ts(50,5): error TS7005: Variable 'console' implicitly has an 'any' type.
index.ts(50,23): error TS7005: Variable 'console' implicitly has an 'any' type.
index.ts(54,5): error TS7005: Variable 'console' implicitly has an 'any' type.
index.ts(54,24): error TS7005: Variable 'console' implicitly has an 'any' type.
index.ts(58,11): error TS2538: Type 'String' cannot be used as an index type.
index.ts(62,16): error TS7053: Element implicitly has an 'any' type because expression of type 'string | number' can't be used to index type '{}'.
  No index signature with a parameter of type 'string' was found on type '{}'.
index.ts(67,12): error TS7053: Element implicitly has an 'any' type because expression of type 'string | number' can't be used to index type '{}'.
  No index signature with a parameter of type 'string' was found on type '{}'.
index.ts(69,5): error TS7005: Variable 'console' implicitly has an 'any' type.
index.ts(75,43): error TS2345: Argument of type 'IArguments' is not assignable to parameter of type '[format?: any, ...param: any[]]'.
index.ts(76,5): error TS7005: Variable 'console' implicitly has an 'any' type.
index.ts(80,5): error TS7005: Variable 'console' implicitly has an 'any' type.

