dist/object-assign-auto.min.ts(1,135): error TS2554: Expected 1 arguments, but got 2.
dist/object-assign-auto.min.ts(1,155): error TS2554: Expected 1 arguments, but got 2.
dist/object-assign-auto.min.ts(1,214): error TS2339: Property 'code' does not exist on type 'Error'.
dist/object-assign-auto.min.ts(1,325): error TS2554: Expected 2 arguments, but got 1.
dist/object-assign-auto.min.ts(1,441): error TS2554: Expected 2 arguments, but got 1.
dist/object-assign-auto.ts(1,135): error TS2554: Expected 1 arguments, but got 2.
dist/object-assign-auto.ts(1,155): error TS2554: Expected 1 arguments, but got 2.
dist/object-assign-auto.ts(1,214): error TS2339: Property 'code' does not exist on type 'Error'.
dist/object-assign-auto.ts(1,325): error TS2554: Expected 2 arguments, but got 1.
dist/object-assign-auto.ts(1,445): error TS2554: Expected 2 arguments, but got 1.
dist/object-assign-auto.ts(49,3): error TS1258: A default export must be at the top level of a file or module declaration.
dist/object-assign.min.ts(1,2): error TS1345: An expression of type 'void' cannot be tested for truthiness.
dist/object-assign.min.ts(1,92): error TS2349: This expression is not callable.
  Type 'Error' has no call signatures.
dist/object-assign.min.ts(1,123): error TS2304: Cannot find name 'define'.
dist/object-assign.min.ts(1,131): error TS2304: Cannot find name 'define'.
dist/object-assign.min.ts(1,142): error TS2304: Cannot find name 'define'.
dist/object-assign.min.ts(1,286): error TS2349: This expression is not callable.
  Type 'Error' has no call signatures.
dist/object-assign.min.ts(1,292): error TS2345: Argument of type '() => any' is not assignable to parameter of type 'Error'.
dist/object-assign.min.ts(1,310): error TS2554: Expected 2 arguments, but got 1.
dist/object-assign.min.ts(1,426): error TS2554: Expected 1 arguments, but got 2.
dist/object-assign.min.ts(1,446): error TS2554: Expected 1 arguments, but got 2.
dist/object-assign.min.ts(1,505): error TS2339: Property 'code' does not exist on type 'Error'.
dist/object-assign.min.ts(1,616): error TS2554: Expected 2 arguments, but got 1.
dist/object-assign.min.ts(1,732): error TS2554: Expected 2 arguments, but got 1.
dist/object-assign.ts(2,3): error TS1258: A default export must be at the top level of a file or module declaration.
dist/object-assign.ts(3,17): error TS2304: Cannot find name 'define'.
dist/object-assign.ts(3,38): error TS2304: Cannot find name 'define'.
dist/object-assign.ts(3,50): error TS2304: Cannot find name 'define'.
dist/object-assign.ts(3,283): error TS2554: Expected 2 arguments, but got 1.
dist/object-assign.ts(3,400): error TS2554: Expected 1 arguments, but got 2.
dist/object-assign.ts(3,420): error TS2554: Expected 1 arguments, but got 2.
dist/object-assign.ts(3,479): error TS2339: Property 'code' does not exist on type 'Error'.
dist/object-assign.ts(3,590): error TS2554: Expected 2 arguments, but got 1.
dist/object-assign.ts(3,710): error TS2554: Expected 2 arguments, but got 1.
dist/object-assign.ts(46,3): error TS1258: A default export must be at the top level of a file or module declaration.

