lib/growly.ts(1,18): error TS2307: Cannot find module './gntp.js' or its corresponding type declarations.
lib/growly.ts(10,5): error TS2683: 'this' implicitly has type 'any' because it does not have a type annotation.
lib/growly.ts(11,5): error TS2683: 'this' implicitly has type 'any' because it does not have a type annotation.
lib/growly.ts(12,5): error TS2683: 'this' implicitly has type 'any' because it does not have a type annotation.
lib/growly.ts(13,5): error TS2683: 'this' implicitly has type 'any' because it does not have a type annotation.
lib/growly.ts(14,5): error TS2683: 'this' implicitly has type 'any' because it does not have a type annotation.
lib/growly.ts(15,5): error TS2683: 'this' implicitly has type 'any' because it does not have a type annotation.
lib/growly.ts(16,5): error TS2683: 'this' implicitly has type 'any' because it does not have a type annotation.
lib/growly.ts(30,22): error TS2339: Property 'label' does not exist on type 'Notification'.
lib/growly.ts(76,9): error TS7034: Variable 'gntp' implicitly has type 'any' in some locations where its type cannot be determined.
lib/growly.ts(80,9): error TS2322: Type 'undefined' is not assignable to type 'String'.
lib/growly.ts(84,26): error TS2322: Type '{ label: string; dispname: string; enabled: true; }' is not assignable to type 'string'.
lib/growly.ts(104,19): error TS2339: Property 'forEach' does not exist on type 'String'.
lib/growly.ts(105,19): error TS2339: Property 'enabled' does not exist on type 'Notification'.
lib/growly.ts(105,48): error TS2339: Property 'enabled' does not exist on type 'Notification'.
lib/growly.ts(106,9): error TS7005: Variable 'gntp' implicitly has an 'any' type.
lib/growly.ts(106,45): error TS2339: Property 'label' does not exist on type 'Notification'.
lib/growly.ts(107,9): error TS7005: Variable 'gntp' implicitly has an 'any' type.
lib/growly.ts(107,53): error TS2339: Property 'dispname' does not exist on type 'Notification'.
lib/growly.ts(108,9): error TS7005: Variable 'gntp' implicitly has an 'any' type.
lib/growly.ts(108,48): error TS2339: Property 'enabled' does not exist on type 'Notification'.
lib/growly.ts(109,9): error TS7005: Variable 'gntp' implicitly has an 'any' type.
lib/growly.ts(110,9): error TS7005: Variable 'gntp' implicitly has an 'any' type.
lib/growly.ts(167,40): error TS2339: Property 'label' does not exist on type 'Object'.
lib/growly.ts(169,41): error TS2339: Property 'title' does not exist on type 'Object'.
lib/growly.ts(171,42): error TS2339: Property 'sticky' does not exist on type 'Object'.
lib/growly.ts(172,44): error TS2339: Property 'priority' does not exist on type 'Object'.
lib/growly.ts(173,40): error TS2339: Property 'icon' does not exist on type 'Object'.
lib/growly.ts(174,49): error TS2339: Property 'coalescingId' does not exist on type 'Object'.
lib/growly.ts(183,37): error TS2339: Property 'state' does not exist on type 'Response'.
lib/growly.ts(184,33): error TS7053: Element implicitly has an 'any' type because expression of type '"Notification-Callback-Result"' can't be used to index type 'Response'.
  Property 'Notification-Callback-Result' does not exist on type 'Response'.
lib/growly.ts(193,16): error TS7009: 'new' expression, whose target lacks a construct signature, implicitly has an 'any' type.

