example/run/bundle.ts(1,129): error TS2554: Expected 1 arguments, but got 2.
example/run/bundle.ts(1,149): error TS2554: Expected 1 arguments, but got 2.
example/run/bundle.ts(1,208): error TS2339: Property 'code' does not exist on type 'Error'.
example/run/bundle.ts(1,319): error TS2554: Expected 2 arguments, but got 1.
example/run/bundle.ts(1,434): error TS2554: Expected 2 arguments, but got 1.
example/run/bundle.ts(2,33): error TS2304: Cannot find name 'List'.
example/run/bundle.ts(2,46): error TS2304: Cannot find name 'T'.
example/run/bundle.ts(18,39): error TS2304: Cannot find name 'T'.
example/run/bundle.ts(18,52): error TS2304: Cannot find name 'T'.
example/run/bundle.ts(21,23): error TS2554: Expected 1 arguments, but got 3.
example/run/bundle.ts(52,80): error TS2552: Cannot find name 'NodeJ'. Did you mean 'Node'?
example/run/bundle.ts(53,47): error TS2350: Only a void function can be called with the 'new' keyword.
example/run/bundle.ts(57,56): error TS2749: 'Context' refers to a value, but is being used as a type here. Did you mean 'typeof Context'?
example/run/bundle.ts(63,35): error TS2540: Cannot assign to 'style' because it is a read-only property.
example/run/bundle.ts(69,25): error TS2339: Property 'eval' does not exist on type 'Window'.
example/run/bundle.ts(69,49): error TS2339: Property 'execScript' does not exist on type 'Window'.
example/run/bundle.ts(74,25): error TS2339: Property 'eval' does not exist on type 'Window'.
example/run/bundle.ts(77,39): error TS2345: Argument of type '(key: any) => void' is not assignable to parameter of type '(x: T) => boolean'.
  Type 'void' is not assignable to type 'boolean'.
example/run/bundle.ts(80,26): error TS2345: Argument of type '(key: any) => void' is not assignable to parameter of type '(x: T) => boolean'.
  Type 'void' is not assignable to type 'boolean'.
example/run/bundle.ts(90,35): error TS2345: Argument of type '(key: any) => void' is not assignable to parameter of type '(x: T) => boolean'.
  Type 'void' is not assignable to type 'boolean'.
example/run/bundle.ts(99,26): error TS2345: Argument of type '(key: any) => void' is not assignable to parameter of type '(x: T) => boolean'.
  Type 'void' is not assignable to type 'boolean'.
example/run/bundle.ts(114,59): error TS2304: Cannot find name 'ScriptContext'.
example/run/bundle.ts(115,26): error TS2339: Property 'createContext' does not exist on type '(code: any) => any'.
example/run/bundle.ts(119,39): error TS2345: Argument of type '(key: any) => void' is not assignable to parameter of type '(x: T) => boolean'.
  Type 'void' is not assignable to type 'boolean'.
example/run/bundle.ts(127,44): error TS2345: Argument of type '(name: any) => void' is not assignable to parameter of type '(x: T) => boolean'.
  Type 'void' is not assignable to type 'boolean'.
example/run/bundle.ts(127,54): error TS2300: Duplicate identifier 'name'.
example/run/bundle.ts(128,9): error TS1184: Modifiers cannot appear here.
example/run/bundle.ts(128,22): error TS2300: Duplicate identifier 'name'.
example/run/bundle.ts(134,5): error TS1184: Modifiers cannot appear here.
example/run/bundle.ts(134,49): error TS2749: 'Context' refers to a value, but is being used as a type here. Did you mean 'typeof Context'?
example/run/bundle.ts(138,5): error TS1184: Modifiers cannot appear here.
example/run/bundle.ts(142,5): error TS1184: Modifiers cannot appear here.
example/run/bundle.ts(142,41): error TS2339: Property 'createContext' does not exist on type '(code: any) => any'.
example/run/bundle.ts(142,76): error TS2749: 'Context' refers to a value, but is being used as a type here. Did you mean 'typeof Context'?
example/run/bundle.ts(145,43): error TS2345: Argument of type '(key: any) => void' is not assignable to parameter of type '(x: T) => boolean'.
  Type 'void' is not assignable to type 'boolean'.
example/run/bundle.ts(151,28): error TS2749: 'require' refers to a value, but is being used as a type here. Did you mean 'typeof require'?
example/run/bundle.ts(151,45): error TS2749: 'module' refers to a value, but is being used as a type here. Did you mean 'typeof module'?
example/run/bundle.ts(151,62): error TS2749: 'exports' refers to a value, but is being used as a type here. Did you mean 'typeof exports'?
example/run/server.ts(1,29): error TS2307: Cannot find module 'ecstatic' or its corresponding type declarations.
index.ts(17,35): error TS2304: Cannot find name 'T'.
index.ts(17,48): error TS2304: Cannot find name 'T'.
index.ts(20,19): error TS2554: Expected 1 arguments, but got 3.
index.ts(51,76): error TS2552: Cannot find name 'NodeJ'. Did you mean 'Node'?
index.ts(52,43): error TS2350: Only a void function can be called with the 'new' keyword.
index.ts(56,52): error TS2749: 'Context' refers to a value, but is being used as a type here. Did you mean 'typeof Context'?
index.ts(62,31): error TS2540: Cannot assign to 'style' because it is a read-only property.
index.ts(68,21): error TS2339: Property 'eval' does not exist on type 'Window'.
index.ts(68,45): error TS2339: Property 'execScript' does not exist on type 'Window'.
index.ts(73,21): error TS2339: Property 'eval' does not exist on type 'Window'.
index.ts(76,35): error TS2345: Argument of type '(key: any) => void' is not assignable to parameter of type '(x: T) => boolean'.
  Type 'void' is not assignable to type 'boolean'.
index.ts(79,22): error TS2345: Argument of type '(key: any) => void' is not assignable to parameter of type '(x: T) => boolean'.
  Type 'void' is not assignable to type 'boolean'.
index.ts(89,31): error TS2345: Argument of type '(key: any) => void' is not assignable to parameter of type '(x: T) => boolean'.
  Type 'void' is not assignable to type 'boolean'.
index.ts(98,22): error TS2345: Argument of type '(key: any) => void' is not assignable to parameter of type '(x: T) => boolean'.
  Type 'void' is not assignable to type 'boolean'.
index.ts(113,55): error TS2304: Cannot find name 'ScriptContext'.
index.ts(114,22): error TS2339: Property 'createContext' does not exist on type '(code: any) => any'.
index.ts(118,35): error TS2345: Argument of type '(key: any) => void' is not assignable to parameter of type '(x: T) => boolean'.
  Type 'void' is not assignable to type 'boolean'.
index.ts(126,40): error TS2345: Argument of type '(name: any) => void' is not assignable to parameter of type '(x: T) => boolean'.
  Type 'void' is not assignable to type 'boolean'.
index.ts(126,50): error TS2300: Duplicate identifier 'name'.
index.ts(127,5): error TS1184: Modifiers cannot appear here.
index.ts(127,18): error TS2300: Duplicate identifier 'name'.
index.ts(133,45): error TS2749: 'Context' refers to a value, but is being used as a type here. Did you mean 'typeof Context'?
index.ts(141,37): error TS2339: Property 'createContext' does not exist on type '(code: any) => any'.
index.ts(141,72): error TS2749: 'Context' refers to a value, but is being used as a type here. Did you mean 'typeof Context'?
index.ts(144,39): error TS2345: Argument of type '(key: any) => void' is not assignable to parameter of type '(x: T) => boolean'.
  Type 'void' is not assignable to type 'boolean'.

