bin.ts(2,5): error TS2300: Duplicate identifier 'colorSupport'.
browser.ts(3,10): error TS2393: Duplicate function implementation.
browser.ts(4,3): error TS2322: Type 'true | {}' is not assignable to type 'boolean'.
  Type '{}' is not assignable to type 'boolean'.
browser.ts(6,7): error TS2339: Property 'level' does not exist on type 'boolean'.
browser.ts(7,7): error TS2339: Property 'hasBasic' does not exist on type 'boolean'.
browser.ts(8,7): error TS2339: Property 'has256' does not exist on type 'boolean'.
browser.ts(9,7): error TS2339: Property 'has16m' does not exist on type 'boolean'.
browser.ts(10,16): error TS2339: Property 'alwaysReturn' does not exist on type 'object'.
index.ts(5,7): error TS2339: Property 'level' does not exist on type 'HTMLElement'.
index.ts(6,7): error TS2339: Property 'hasBasic' does not exist on type 'HTMLElement'.
index.ts(7,7): error TS2339: Property 'has256' does not exist on type 'HTMLElement'.
index.ts(8,7): error TS2339: Property 'has16m' does not exist on type 'HTMLElement'.
index.ts(9,16): error TS2339: Property 'alwaysReturn' does not exist on type 'object'.
index.ts(12,3): error TS2322: Type 'HTMLElement' is not assignable to type 'boolean'.
index.ts(16,7): error TS2339: Property 'hasBasic' does not exist on type 'HTMLElement'.
index.ts(17,7): error TS2339: Property 'has256' does not exist on type 'HTMLElement'.
index.ts(18,7): error TS2339: Property 'has16m' does not exist on type 'HTMLElement'.
index.ts(19,7): error TS2339: Property 'level' does not exist on type 'HTMLElement'.
index.ts(24,7): error TS2339: Property 'hasBasic' does not exist on type 'HTMLElement'.
index.ts(25,7): error TS2339: Property 'has256' does not exist on type 'HTMLElement'.
index.ts(26,7): error TS2339: Property 'has16m' does not exist on type 'HTMLElement'.
index.ts(27,7): error TS2339: Property 'level' does not exist on type 'HTMLElement'.
index.ts(32,7): error TS2339: Property 'hasBasic' does not exist on type 'HTMLElement'.
index.ts(33,7): error TS2339: Property 'has256' does not exist on type 'HTMLElement'.
index.ts(34,7): error TS2339: Property 'has16m' does not exist on type 'HTMLElement'.
index.ts(35,7): error TS2339: Property 'level' does not exist on type 'HTMLElement'.
index.ts(39,10): error TS2300: Duplicate identifier 'colorSupport'.
index.ts(39,10): error TS2393: Duplicate function implementation.
index.ts(45,22): error TS2339: Property 'level' does not exist on type 'object'.
index.ts(46,21): error TS2339: Property 'level' does not exist on type 'object'.
index.ts(48,9): error TS2322: Type 'boolean' is not assignable to type 'string'.
index.ts(48,24): error TS2345: Argument of type 'object' is not assignable to parameter of type 'HTMLElement'.
  Type '{}' is missing the following properties from type 'HTMLElement': accessKey, accessKeyLabel, autocapitalize, dir, and 277 more.
index.ts(50,9): error TS2322: Type 'HTMLElement' is not assignable to type 'string'.
index.ts(50,25): error TS2345: Argument of type 'object' is not assignable to parameter of type 'HTMLElement'.
index.ts(52,9): error TS2322: Type 'HTMLElement' is not assignable to type 'string'.
index.ts(52,23): error TS2345: Argument of type 'object' is not assignable to parameter of type 'HTMLElement'.
index.ts(54,9): error TS2322: Type 'HTMLElement' is not assignable to type 'string'.
index.ts(54,23): error TS2345: Argument of type 'object' is not assignable to parameter of type 'HTMLElement'.
index.ts(58,7): error TS2339: Property 'level' does not exist on type 'object'.
index.ts(59,7): error TS2339: Property 'hasBasic' does not exist on type 'object'.
index.ts(60,7): error TS2339: Property 'has256' does not exist on type 'object'.
index.ts(61,7): error TS2339: Property 'has16m' does not exist on type 'object'.
index.ts(68,5): error TS2322: Type 'boolean' is not assignable to type 'string'.
index.ts(68,20): error TS2345: Argument of type 'object' is not assignable to parameter of type 'HTMLElement'.
index.ts(71,34): error TS2339: Property 'env' does not exist on type 'object'.
index.ts(72,33): error TS2339: Property 'stream' does not exist on type 'object'.
index.ts(73,30): error TS2339: Property 'term' does not exist on type 'object'.
index.ts(73,42): error TS2339: Property 'TERM' does not exist on type 'HTMLElement'.
index.ts(74,34): error TS2339: Property 'platform' does not exist on type 'object'.
index.ts(76,16): error TS2339: Property 'ignoreTTY' does not exist on type 'object'.
index.ts(76,37): error TS2339: Property 'isTTY' does not exist on type 'boolean'.
index.ts(77,5): error TS2322: Type 'boolean' is not assignable to type 'string'.
index.ts(77,20): error TS2345: Argument of type 'object' is not assignable to parameter of type 'HTMLElement'.
index.ts(80,16): error TS2339: Property 'ignoreDumb' does not exist on type 'object'.
index.ts(80,30): error TS2367: This condition will always return 'false' since the types 'number' and 'string' have no overlap.
index.ts(80,54): error TS2339: Property 'COLORTERM' does not exist on type 'HTMLElement'.
index.ts(81,5): error TS2322: Type 'boolean' is not assignable to type 'string'.
index.ts(81,20): error TS2345: Argument of type 'object' is not assignable to parameter of type 'HTMLElement'.
index.ts(84,7): error TS2367: This condition will always return 'false' since the types 'number' and 'string' have no overlap.
index.ts(85,5): error TS2322: Type 'HTMLElement' is not assignable to type 'string'.
index.ts(85,21): error TS2345: Argument of type 'object' is not assignable to parameter of type 'HTMLElement'.
index.ts(88,11): error TS2339: Property 'TMUX' does not exist on type 'HTMLElement'.
index.ts(89,5): error TS2322: Type 'HTMLElement' is not assignable to type 'string'.
index.ts(89,19): error TS2345: Argument of type 'object' is not assignable to parameter of type 'HTMLElement'.
index.ts(92,16): error TS2339: Property 'ignoreCI' does not exist on type 'object'.
index.ts(92,33): error TS2339: Property 'CI' does not exist on type 'HTMLElement'.
index.ts(92,43): error TS2339: Property 'TEAMCITY_VERSION' does not exist on type 'HTMLElement'.
index.ts(93,13): error TS2339: Property 'TRAVIS' does not exist on type 'HTMLElement'.
index.ts(94,7): error TS2322: Type 'HTMLElement' is not assignable to type 'string'.
index.ts(94,21): error TS2345: Argument of type 'object' is not assignable to parameter of type 'HTMLElement'.
index.ts(96,7): error TS2322: Type 'boolean' is not assignable to type 'string'.
index.ts(96,22): error TS2345: Argument of type 'object' is not assignable to parameter of type 'HTMLElement'.
index.ts(101,15): error TS2339: Property 'TERM_PROGRAM' does not exist on type 'HTMLElement'.
index.ts(103,29): error TS2339: Property 'TERM_PROGRAM_VERSION' does not exist on type 'HTMLElement'.
index.ts(104,27): error TS2345: Argument of type 'number' is not assignable to parameter of type 'string'.
index.ts(105,9): error TS2322: Type 'HTMLElement' is not assignable to type 'string'.
index.ts(105,23): error TS2345: Argument of type 'object' is not assignable to parameter of type 'HTMLElement'.
index.ts(107,9): error TS2322: Type 'HTMLElement' is not assignable to type 'string'.
index.ts(107,23): error TS2345: Argument of type 'object' is not assignable to parameter of type 'HTMLElement'.
index.ts(112,7): error TS2322: Type 'HTMLElement' is not assignable to type 'string'.
index.ts(112,21): error TS2345: Argument of type 'object' is not assignable to parameter of type 'HTMLElement'.
index.ts(115,7): error TS2322: Type 'HTMLElement' is not assignable to type 'string'.
index.ts(115,21): error TS2345: Argument of type 'object' is not assignable to parameter of type 'HTMLElement'.
index.ts(118,7): error TS2322: Type 'HTMLElement' is not assignable to type 'string'.
index.ts(118,21): error TS2345: Argument of type 'object' is not assignable to parameter of type 'HTMLElement'.
index.ts(121,25): error TS2345: Argument of type 'number' is not assignable to parameter of type 'string'.
index.ts(122,5): error TS2322: Type 'HTMLElement' is not assignable to type 'string'.
index.ts(122,19): error TS2345: Argument of type 'object' is not assignable to parameter of type 'HTMLElement'.
index.ts(125,61): error TS2345: Argument of type 'number' is not assignable to parameter of type 'string'.
index.ts(126,5): error TS2322: Type 'HTMLElement' is not assignable to type 'string'.
index.ts(126,21): error TS2345: Argument of type 'object' is not assignable to parameter of type 'HTMLElement'.
index.ts(129,11): error TS2339: Property 'COLORTERM' does not exist on type 'HTMLElement'.
index.ts(130,5): error TS2322: Type 'HTMLElement' is not assignable to type 'string'.
index.ts(130,21): error TS2345: Argument of type 'object' is not assignable to parameter of type 'HTMLElement'.
index.ts(133,3): error TS2322: Type 'boolean' is not assignable to type 'string'.
index.ts(133,18): error TS2345: Argument of type 'object' is not assignable to parameter of type 'HTMLElement'.

