index.ts(5,11): error TS2525: Initializer provides no value for this binding element and the binding element has no default value.
index.ts(18,3): error TS2322: Type 'boolean' is not assignable to type 'void'.
index.ts(22,3): error TS2322: Type 'boolean' is not assignable to type 'void'.
index.ts(26,3): error TS2322: Type 'boolean' is not assignable to type 'void'.
index.ts(26,26): error TS2345: Argument of type 'string' is not assignable to parameter of type 'HTMLInputElement'.
lenient.ts(4,15): error TS2314: Generic type 'Map<K, V>' requires 2 type argument(s).
lenient.ts(4,29): error TS2769: No overload matches this call.
  Overload 1 of 4, '(iterable?: Iterable<readonly [number, number]>): Map<number, number>', gave the following error.
    Argument of type '([number, number] | [string, number])[]' is not assignable to parameter of type 'Iterable<readonly [number, number]>'.
      The types returned by '[Symbol.iterator]().next(...)' are incompatible between these types.
        Type 'IteratorResult<[number, number] | [string, number], any>' is not assignable to type 'IteratorResult<readonly [number, number], any>'.
          Type 'IteratorYieldResult<[number, number] | [string, number]>' is not assignable to type 'IteratorResult<readonly [number, number], any>'.
            Type 'IteratorYieldResult<[number, number] | [string, number]>' is not assignable to type 'IteratorYieldResult<readonly [number, number]>'.
              Type '[number, number] | [string, number]' is not assignable to type 'readonly [number, number]'.
                Type '[string, number]' is not assignable to type 'readonly [number, number]'.
                  Type at position 0 in source is not compatible with type at position 0 in target.
                    Type 'string' is not assignable to type 'number'.
lenient.ts(17,15): error TS2314: Generic type 'Map<K, V>' requires 2 type argument(s).
lenient.ts(17,29): error TS2769: No overload matches this call.
  Overload 1 of 4, '(iterable?: Iterable<readonly [number, number]>): Map<number, number>', gave the following error.
    Argument of type '([number, number] | [string, number])[]' is not assignable to parameter of type 'Iterable<readonly [number, number]>'.
lenient.ts(29,15): error TS2314: Generic type 'Map<K, V>' requires 2 type argument(s).
lenient.ts(41,15): error TS2314: Generic type 'Map<K, V>' requires 2 type argument(s).
lenient.ts(50,15): error TS2314: Generic type 'Map<K, V>' requires 2 type argument(s).
lenient.ts(50,29): error TS2769: No overload matches this call.
  Overload 1 of 4, '(iterable?: Iterable<readonly [number, number]>): Map<number, number>', gave the following error.
    Argument of type '([number, number] | [string, number])[]' is not assignable to parameter of type 'Iterable<readonly [number, number]>'.
lenient.ts(96,23): error TS2345: Argument of type 'HTMLInputElement' is not assignable to parameter of type 'any[]'.
  Type 'HTMLInputElement' is missing the following properties from type 'any[]': length, pop, push, concat, and 29 more.
lenient.ts(100,22): error TS2345: Argument of type 'HTMLInputElement' is not assignable to parameter of type 'any[]'.

