examples/bench.ts(7,29): error TS2355: A function whose declared type is neither 'void' nor 'any' must return a value.
examples/bench.ts(14,29): error TS2322: Type '(directory: string) => Promise<void>' is not assignable to type 'Promise<void>'.
examples/bench.ts(35,1): error TS2349: This expression is not callable.
  Type 'Promise<void>' has no call signatures.
examples/grep.ts(4,16): error TS2307: Cannot find module 'event-stream' or its corresponding type declarations.
examples/list.ts(7,29): error TS2322: Type '(directory: string) => Promise<void>' is not assignable to type 'Promise<void>'.
examples/list.ts(25,1): error TS2349: This expression is not callable.
  Type 'Promise<void>' has no call signatures.
index.ts(24,7): error TS2322: Type 'string' is not assignable to type 'RegExp'.
index.ts(25,7): error TS2322: Type 'string' is not assignable to type 'RegExp'.
index.ts(26,7): error TS2322: Type 'string' is not assignable to type 'RegExp'.
index.ts(27,7): error TS2322: Type 'string' is not assignable to type 'RegExp'.
index.ts(72,30): error TS2339: Property 'highWaterMark' does not exist on type '{}'.
index.ts(77,10): error TS2339: Property '_fileFilter' does not exist on type 'ReaddirpStream'.
index.ts(78,10): error TS2339: Property '_directoryFilter' does not exist on type 'ReaddirpStream'.
index.ts(83,12): error TS2339: Property '_stat' does not exist on type 'ReaddirpStream'.
index.ts(85,12): error TS2339: Property '_stat' does not exist on type 'ReaddirpStream'.
index.ts(88,10): error TS2339: Property '_maxDepth' does not exist on type 'ReaddirpStream'.
index.ts(89,10): error TS2339: Property '_wantsDir' does not exist on type 'ReaddirpStream'.
index.ts(90,10): error TS2339: Property '_wantsFile' does not exist on type 'ReaddirpStream'.
index.ts(91,10): error TS2339: Property '_wantsEverything' does not exist on type 'ReaddirpStream'.
index.ts(92,10): error TS2339: Property '_root' does not exist on type 'ReaddirpStream'.
index.ts(93,10): error TS2339: Property '_isDirent' does not exist on type 'ReaddirpStream'.
index.ts(94,10): error TS2339: Property '_statsProp' does not exist on type 'ReaddirpStream'.
index.ts(94,28): error TS2339: Property '_isDirent' does not exist on type 'ReaddirpStream'.
index.ts(95,10): error TS2339: Property '_rdOptions' does not exist on type 'ReaddirpStream'.
index.ts(95,63): error TS2339: Property '_isDirent' does not exist on type 'ReaddirpStream'.
index.ts(98,10): error TS2339: Property 'parents' does not exist on type 'ReaddirpStream'.
index.ts(99,10): error TS2339: Property 'reading' does not exist on type 'ReaddirpStream'.
index.ts(100,10): error TS2339: Property 'parent' does not exist on type 'ReaddirpStream'.
index.ts(104,14): error TS2339: Property 'reading' does not exist on type 'ReaddirpStream'.
index.ts(105,10): error TS2339: Property 'reading' does not exist on type 'ReaddirpStream'.
index.ts(109,50): error TS2339: Property 'parent' does not exist on type 'ReaddirpStream'.
index.ts(116,19): error TS2322: Type 'void | "file" | "directory"' is not assignable to type 'boolean'.
  Type 'void' is not assignable to type 'boolean'.
index.ts(117,17): error TS2367: This condition will always return 'false' since the types 'boolean' and 'string' have no overlap.
index.ts(117,51): error TS2339: Property '_directoryFilter' does not exist on type 'ReaddirpStream'.
index.ts(118,33): error TS2339: Property '_maxDepth' does not exist on type 'ReaddirpStream'.
index.ts(119,22): error TS2339: Property 'parents' does not exist on type 'ReaddirpStream'.
index.ts(122,24): error TS2339: Property '_wantsDir' does not exist on type 'ReaddirpStream'.
index.ts(126,25): error TS2367: This condition will always return 'false' since the types 'boolean' and 'string' have no overlap.
index.ts(126,85): error TS2339: Property '_fileFilter' does not exist on type 'ReaddirpStream'.
index.ts(127,24): error TS2339: Property '_wantsFile' does not exist on type 'ReaddirpStream'.
index.ts(134,36): error TS2339: Property 'parents' does not exist on type 'ReaddirpStream'.
index.ts(139,16): error TS2339: Property 'parent' does not exist on type 'ReaddirpStream'.
index.ts(146,12): error TS2339: Property 'reading' does not exist on type 'ReaddirpStream'.
index.ts(153,40): error TS2339: Property '_rdOptions' does not exist on type 'ReaddirpStream'.
index.ts(163,37): error TS2339: Property '_isDirent' does not exist on type 'ReaddirpStream'.
index.ts(165,45): error TS2339: Property '_root' does not exist on type 'ReaddirpStream'.
index.ts(166,18): error TS2339: Property '_statsProp' does not exist on type 'ReaddirpStream'.
index.ts(166,37): error TS2339: Property '_isDirent' does not exist on type 'ReaddirpStream'.
index.ts(166,69): error TS2339: Property '_stat' does not exist on type 'ReaddirpStream'.
index.ts(184,44): error TS2339: Property '_statsProp' does not exist on type 'ReaddirpStream'.
index.ts(220,44): error TS2339: Property '_statsProp' does not exist on type 'ReaddirpStream'.
index.ts(222,26): error TS2339: Property '_wantsEverything' does not exist on type 'ReaddirpStream'.
index.ts(243,22): error TS2339: Property 'entryType' does not exist on type '{}'.
index.ts(243,43): error TS2339: Property 'type' does not exist on type '{}'.
index.ts(245,21): error TS2339: Property 'type' does not exist on type '{}'.
index.ts(254,11): error TS2339: Property 'root' does not exist on type '{}'.
index.ts(258,39): error TS2322: Type '(root: any, options?: {}) => Promise<unknown>' is not assignable to type 'Promise<any>'.
index.ts(259,22): error TS2345: Argument of type '(resolve: void, reject: void) => void' is not assignable to parameter of type '(resolve: (value: unknown) => void, reject: (reason?: any) => void) => void'.
  Types of parameters 'resolve' and 'resolve' are incompatible.
    Type '(value: unknown) => void' is not assignable to type 'void'.
index.ts(263,24): error TS2349: This expression is not callable.
  Type 'void' has no call signatures.
index.ts(264,36): error TS2349: This expression is not callable.
  Type 'void' has no call signatures.

