benchmark/fullurl.ts(17,23): error TS2307: Cannot find module 'benchmark' or its corresponding type declarations.
benchmark/fullurl.ts(19,24): error TS2307: Cannot find module 'beautify-benchmark' or its corresponding type declarations.
benchmark/fullurl.ts(54,44): error TS2304: Cannot find name 'BenchmarkEvent'.
benchmark/pathquery.ts(17,23): error TS2307: Cannot find module 'benchmark' or its corresponding type declarations.
benchmark/pathquery.ts(19,24): error TS2307: Cannot find module 'beautify-benchmark' or its corresponding type declarations.
benchmark/pathquery.ts(54,44): error TS2304: Cannot find name 'BenchmarkEvent'.
benchmark/samerequest.ts(17,23): error TS2307: Cannot find module 'benchmark' or its corresponding type declarations.
benchmark/samerequest.ts(19,24): error TS2307: Cannot find module 'beautify-benchmark' or its corresponding type declarations.
benchmark/samerequest.ts(58,44): error TS2304: Cannot find name 'BenchmarkEvent'.
benchmark/simplepath.ts(17,23): error TS2307: Cannot find module 'benchmark' or its corresponding type declarations.
benchmark/simplepath.ts(19,24): error TS2307: Cannot find module 'beautify-benchmark' or its corresponding type declarations.
benchmark/simplepath.ts(55,44): error TS2304: Cannot find name 'BenchmarkEvent'.
benchmark/slash.ts(17,23): error TS2307: Cannot find module 'benchmark' or its corresponding type declarations.
benchmark/slash.ts(19,24): error TS2307: Cannot find module 'beautify-benchmark' or its corresponding type declarations.
benchmark/slash.ts(54,44): error TS2304: Cannot find name 'BenchmarkEvent'.
index.ts(18,15): error TS2551: Property 'Url' does not exist on type 'typeof import("url")'. Did you mean 'URL'?
index.ts(37,25): error TS2304: Cannot find name 'IncomingMessage'.
index.ts(37,25): error TS4078: Parameter 'req' of exported function has or is using private name 'IncomingMessage'.
index.ts(67,28): error TS2503: Cannot find namespace 'express'.
index.ts(67,28): error TS4078: Parameter 'req' of exported function has or is using private name 'express'.
index.ts(155,31): error TS2749: 'Url' refers to a value, but is being used as a type here. Did you mean 'typeof Url'?
index.ts(155,48): error TS2749: 'Url' refers to a value, but is being used as a type here. Did you mean 'typeof Url'?

