bench/fixtures/default.ts(3,8): error TS2339: Property 'value' does not exist on type 'Test'.
bench/fixtures/default.ts(4,8): error TS2339: Property 'items' does not exist on type 'Test'.
bench/fixtures/default.ts(7,15): error TS2339: Property 'value' does not exist on type 'Test'.
bench/fixtures/full.ts(1,7): error TS2322: Type 'typeof symbol1' is not assignable to type 'string'.
bench/fixtures/full.ts(2,7): error TS2322: Type 'typeof symbol2' is not assignable to type 'string'.
bench/index.ts(67,24): error TS2339: Property 'target' does not exist on type 'Test'.
bench/index.ts(71,9): error TS2339: Property 'add' does not exist on type 'any[]'.
bench/index.ts(74,8): error TS2339: Property 'run' does not exist on type 'any[]'.
bench/index.ts(89,21): error TS2339: Property 'klona' does not exist on type 'any[]'.
bench/index.ts(90,17): error TS2339: Property 'klona' does not exist on type 'any[]'.
bench/index.ts(91,21): error TS2339: Property 'klona' does not exist on type 'any[]'.
bench/index.ts(92,21): error TS2339: Property 'klona' does not exist on type 'string'.
bench/index.ts(100,21): error TS2339: Property 'klona' does not exist on type 'any[]'.
bench/index.ts(101,17): error TS2339: Property 'klona' does not exist on type 'any[]'.
bench/index.ts(102,21): error TS2339: Property 'klona' does not exist on type 'any[]'.
bench/index.ts(110,21): error TS2339: Property 'klona' does not exist on type 'any[]'.
bench/index.ts(111,17): error TS2339: Property 'klona' does not exist on type 'any[]'.
bench/index.ts(117,21): error TS2339: Property 'klona' does not exist on type 'any[]'.
bench/validate/default.ts(1,7): error TS2451: Cannot redeclare block-scoped variable 'assert'.
bench/validate/default.ts(4,9): error TS2339: Property 'deepStrictEqual' does not exist on type 'string'.
bench/validate/default.ts(7,7): error TS2339: Property 'regexp' does not exist on type 'object'.
bench/validate/default.ts(8,9): error TS2339: Property 'notEqual' does not exist on type 'string'.
bench/validate/default.ts(8,24): error TS2339: Property 'regexp' does not exist on type 'Element'.
bench/validate/default.ts(11,8): error TS2339: Property 'array' does not exist on type 'Element'.
bench/validate/default.ts(12,9): error TS2339: Property 'notEqual' does not exist on type 'string'.
bench/validate/default.ts(12,23): error TS2339: Property 'array' does not exist on type 'object'.
bench/validate/default.ts(14,7): error TS2339: Property 'array' does not exist on type 'object'.
bench/validate/default.ts(14,32): error TS2339: Property 'array' does not exist on type 'object'.
bench/validate/default.ts(15,9): error TS2339: Property 'notEqual' does not exist on type 'string'.
bench/validate/default.ts(15,24): error TS2339: Property 'array' does not exist on type 'Element'.
bench/validate/default.ts(18,8): error TS2339: Property 'set' does not exist on type 'Element'.
bench/validate/default.ts(19,9): error TS2339: Property 'equal' does not exist on type 'string'.
bench/validate/default.ts(19,20): error TS2339: Property 'set' does not exist on type 'object'.
bench/validate/default.ts(21,11): error TS2339: Property 'set' does not exist on type 'object'.
bench/validate/default.ts(22,9): error TS2339: Property 'deepEqual' does not exist on type 'string'.
bench/validate/default.ts(22,29): error TS2339: Property 'set' does not exist on type 'Element'.
bench/validate/default.ts(23,9): error TS2339: Property 'deepEqual' does not exist on type 'string'.
bench/validate/default.ts(23,28): error TS2339: Property 'set' does not exist on type 'object'.
bench/validate/default.ts(26,8): error TS2339: Property 'map' does not exist on type 'Element'.
bench/validate/default.ts(27,9): error TS2339: Property 'equal' does not exist on type 'string'.
bench/validate/default.ts(27,20): error TS2339: Property 'map' does not exist on type 'object'.
bench/validate/default.ts(29,11): error TS2339: Property 'map' does not exist on type 'object'.
bench/validate/default.ts(30,9): error TS2339: Property 'deepEqual' does not exist on type 'string'.
bench/validate/default.ts(30,29): error TS2339: Property 'map' does not exist on type 'Element'.
bench/validate/default.ts(31,9): error TS2339: Property 'deepEqual' does not exist on type 'string'.
bench/validate/default.ts(31,28): error TS2339: Property 'map' does not exist on type 'object'.
bench/validate/default.ts(34,8): error TS2339: Property 'custom' does not exist on type 'Element'.
bench/validate/default.ts(35,9): error TS2339: Property 'equal' does not exist on type 'string'.
bench/validate/default.ts(35,20): error TS2339: Property 'custom' does not exist on type 'object'.
bench/validate/default.ts(37,8): error TS2339: Property 'custom' does not exist on type 'Element'.
bench/validate/default.ts(38,9): error TS2339: Property 'deepEqual' does not exist on type 'string'.
bench/validate/default.ts(38,24): error TS2339: Property 'custom' does not exist on type 'object'.
bench/validate/default.ts(40,7): error TS2339: Property 'custom' does not exist on type 'object'.
bench/validate/default.ts(41,9): error TS2339: Property 'equal' does not exist on type 'string'.
bench/validate/default.ts(41,21): error TS2339: Property 'custom' does not exist on type 'Element'.
bench/validate/default.ts(44,7): error TS2339: Property 'int8arr' does not exist on type 'object'.
bench/validate/default.ts(45,9): error TS2339: Property 'equal' does not exist on type 'string'.
bench/validate/default.ts(45,21): error TS2339: Property 'int8arr' does not exist on type 'Element'.
bench/validate/default.ts(47,8): error TS2339: Property 'int8arr' does not exist on type 'Element'.
bench/validate/default.ts(48,9): error TS2339: Property 'equal' does not exist on type 'string'.
bench/validate/default.ts(48,20): error TS2339: Property 'int8arr' does not exist on type 'object'.
bench/validate/default.ts(51,7): error TS2339: Property 'buffer' does not exist on type 'object'.
bench/validate/default.ts(52,9): error TS2339: Property 'equal' does not exist on type 'string'.
bench/validate/default.ts(52,21): error TS2339: Property 'buffer' does not exist on type 'Element'.
bench/validate/default.ts(54,7): error TS2339: Property 'buffer' does not exist on type 'object'.
bench/validate/default.ts(55,9): error TS2339: Property 'notEqual' does not exist on type 'string'.
bench/validate/default.ts(55,24): error TS2339: Property 'buffer' does not exist on type 'Element'.
bench/validate/default.ts(55,40): error TS2339: Property 'buffer' does not exist on type 'object'.
bench/validate/default.ts(57,31): error TS2339: Property 'buffer' does not exist on type 'object'.
bench/validate/default.ts(58,8): error TS2339: Property 'buffer' does not exist on type 'Element'.
bench/validate/default.ts(59,9): error TS2339: Property 'equal' does not exist on type 'string'.
bench/validate/default.ts(59,20): error TS2339: Property 'buffer' does not exist on type 'object'.
bench/validate/default.ts(62,8): error TS2339: Property 'dataview' does not exist on type 'Element'.
bench/validate/default.ts(63,9): error TS2339: Property 'equal' does not exist on type 'string'.
bench/validate/default.ts(63,21): error TS2339: Property 'dataview' does not exist on type 'Element'.
bench/validate/default.ts(64,9): error TS2339: Property 'equal' does not exist on type 'string'.
bench/validate/default.ts(64,20): error TS2339: Property 'dataview' does not exist on type 'object'.
bench/validate/default.ts(66,7): error TS2339: Property 'dataview' does not exist on type 'object'.
bench/validate/default.ts(67,9): error TS2339: Property 'equal' does not exist on type 'string'.
bench/validate/default.ts(67,21): error TS2339: Property 'dataview' does not exist on type 'Element'.
bench/validate/default.ts(68,9): error TS2339: Property 'equal' does not exist on type 'string'.
bench/validate/default.ts(68,20): error TS2339: Property 'dataview' does not exist on type 'object'.
bench/validate/full.ts(1,7): error TS2451: Cannot redeclare block-scoped variable 'assert'.
bench/validate/full.ts(7,7): error TS2339: Property 'regexp' does not exist on type 'object'.
bench/validate/full.ts(8,9): error TS2339: Property 'notEqual' does not exist on type 'string'.
bench/validate/full.ts(8,24): error TS2339: Property 'regexp' does not exist on type 'object'.
bench/validate/full.ts(11,8): error TS2339: Property 'array' does not exist on type 'object'.
bench/validate/full.ts(12,9): error TS2339: Property 'notEqual' does not exist on type 'string'.
bench/validate/full.ts(12,23): error TS2339: Property 'array' does not exist on type 'object'.
bench/validate/full.ts(14,7): error TS2339: Property 'array' does not exist on type 'object'.
bench/validate/full.ts(14,32): error TS2339: Property 'array' does not exist on type 'object'.
bench/validate/full.ts(15,9): error TS2339: Property 'notEqual' does not exist on type 'string'.
bench/validate/full.ts(15,24): error TS2339: Property 'array' does not exist on type 'object'.
bench/validate/full.ts(18,8): error TS2339: Property 'set' does not exist on type 'object'.
bench/validate/full.ts(19,9): error TS2339: Property 'equal' does not exist on type 'string'.
bench/validate/full.ts(19,20): error TS2339: Property 'set' does not exist on type 'object'.
bench/validate/full.ts(21,11): error TS2339: Property 'set' does not exist on type 'object'.
bench/validate/full.ts(22,9): error TS2339: Property 'deepEqual' does not exist on type 'string'.
bench/validate/full.ts(22,29): error TS2339: Property 'set' does not exist on type 'object'.
bench/validate/full.ts(23,9): error TS2339: Property 'deepEqual' does not exist on type 'string'.
bench/validate/full.ts(23,28): error TS2339: Property 'set' does not exist on type 'object'.
bench/validate/full.ts(26,8): error TS2339: Property 'map' does not exist on type 'object'.
bench/validate/full.ts(27,9): error TS2339: Property 'equal' does not exist on type 'string'.
bench/validate/full.ts(27,20): error TS2339: Property 'map' does not exist on type 'object'.
bench/validate/full.ts(29,11): error TS2339: Property 'map' does not exist on type 'object'.
bench/validate/full.ts(30,9): error TS2339: Property 'deepEqual' does not exist on type 'string'.
bench/validate/full.ts(30,29): error TS2339: Property 'map' does not exist on type 'object'.
bench/validate/full.ts(31,9): error TS2339: Property 'deepEqual' does not exist on type 'string'.
bench/validate/full.ts(31,28): error TS2339: Property 'map' does not exist on type 'object'.
bench/validate/full.ts(34,7): error TS2339: Property 'int8arr' does not exist on type 'object'.
bench/validate/full.ts(35,9): error TS2339: Property 'equal' does not exist on type 'string'.
bench/validate/full.ts(35,21): error TS2339: Property 'int8arr' does not exist on type 'object'.
bench/validate/full.ts(37,8): error TS2339: Property 'int8arr' does not exist on type 'object'.
bench/validate/full.ts(38,9): error TS2339: Property 'equal' does not exist on type 'string'.
bench/validate/full.ts(38,20): error TS2339: Property 'int8arr' does not exist on type 'object'.
bench/validate/full.ts(41,7): error TS2339: Property 'buffer' does not exist on type 'object'.
bench/validate/full.ts(42,9): error TS2339: Property 'equal' does not exist on type 'string'.
bench/validate/full.ts(42,21): error TS2339: Property 'buffer' does not exist on type 'object'.
bench/validate/full.ts(44,7): error TS2339: Property 'buffer' does not exist on type 'object'.
bench/validate/full.ts(45,9): error TS2339: Property 'notEqual' does not exist on type 'string'.
bench/validate/full.ts(45,24): error TS2339: Property 'buffer' does not exist on type 'object'.
bench/validate/full.ts(45,40): error TS2339: Property 'buffer' does not exist on type 'object'.
bench/validate/full.ts(47,31): error TS2339: Property 'buffer' does not exist on type 'object'.
bench/validate/full.ts(48,8): error TS2339: Property 'buffer' does not exist on type 'object'.
bench/validate/full.ts(49,9): error TS2339: Property 'equal' does not exist on type 'string'.
bench/validate/full.ts(49,20): error TS2339: Property 'buffer' does not exist on type 'object'.
bench/validate/full.ts(52,9): error TS2339: Property 'equal' does not exist on type 'string'.
bench/validate/full.ts(52,21): error TS2339: Property 'symbol1' does not exist on type 'object'.
bench/validate/full.ts(52,35): error TS2339: Property 'symbol1' does not exist on type 'object'.
bench/validate/full.ts(53,9): error TS2339: Property 'equal' does not exist on type 'string'.
bench/validate/full.ts(53,21): error TS2339: Property 'symbol2' does not exist on type 'object'.
bench/validate/full.ts(53,35): error TS2339: Property 'symbol2' does not exist on type 'object'.
bench/validate/full.ts(56,9): error TS2339: Property 'equal' does not exist on type 'string'.
bench/validate/full.ts(56,27): error TS2339: Property 'symbol1' does not exist on type 'object'.
bench/validate/full.ts(57,9): error TS2339: Property 'equal' does not exist on type 'string'.
bench/validate/full.ts(57,25): error TS2339: Property 'symbol1' does not exist on type 'object'.
bench/validate/full.ts(59,14): error TS2339: Property 'symbol2' does not exist on type 'object'.
bench/validate/full.ts(60,9): error TS2339: Property 'equal' does not exist on type 'string'.
bench/validate/full.ts(60,27): error TS2339: Property 'symbol2' does not exist on type 'object'.
bench/validate/full.ts(61,9): error TS2339: Property 'equal' does not exist on type 'string'.
bench/validate/full.ts(61,25): error TS2339: Property 'symbol2' does not exist on type 'object'.
bench/validate/full.ts(63,12): error TS2339: Property 'symbol2' does not exist on type 'object'.
bench/validate/full.ts(64,9): error TS2339: Property 'equal' does not exist on type 'string'.
bench/validate/full.ts(64,27): error TS2339: Property 'symbol2' does not exist on type 'object'.
bench/validate/full.ts(65,9): error TS2339: Property 'equal' does not exist on type 'string'.
bench/validate/full.ts(65,25): error TS2339: Property 'symbol2' does not exist on type 'object'.
bench/validate/full.ts(68,9): error TS2339: Property 'deepEqual' does not exist on type 'string'.
bench/validate/full.ts(74,9): error TS2339: Property 'deepEqual' does not exist on type 'string'.
bench/validate/full.ts(80,9): error TS2339: Property 'equal' does not exist on type 'string'.
bench/validate/full.ts(80,21): error TS2339: Property 'secret' does not exist on type 'object'.
bench/validate/full.ts(80,34): error TS2339: Property 'secret' does not exist on type 'object'.
bench/validate/full.ts(82,7): error TS2339: Property 'hidden2' does not exist on type 'object'.
bench/validate/full.ts(83,9): error TS2339: Property 'equal' does not exist on type 'string'.
bench/validate/full.ts(83,21): error TS2339: Property 'hidden2' does not exist on type 'object'.
bench/validate/json.ts(1,7): error TS2451: Cannot redeclare block-scoped variable 'assert'.
bench/validate/json.ts(4,9): error TS2339: Property 'equal' does not exist on type 'string'.
bench/validate/json.ts(7,9): error TS2339: Property 'is' does not exist on type 'string'.
bench/validate/json.ts(10,9): error TS2339: Property 'is' does not exist on type 'string'.
bench/validate/json.ts(13,9): error TS2339: Property 'is' does not exist on type 'string'.
bench/validate/lite.ts(1,7): error TS2451: Cannot redeclare block-scoped variable 'assert'.
bench/validate/lite.ts(4,9): error TS2339: Property 'equal' does not exist on type 'string'.
bench/validate/lite.ts(7,9): error TS2339: Property 'is' does not exist on type 'string'.
bench/validate/lite.ts(10,9): error TS2339: Property 'is' does not exist on type 'string'.
bench/validate/lite.ts(13,9): error TS2339: Property 'is' does not exist on type 'string'.
bench/validate/lite.ts(16,9): error TS2339: Property 'not' does not exist on type 'string'.
bench/validate/lite.ts(19,9): error TS2339: Property 'not' does not exist on type 'string'.
bench/validate/lite.ts(22,9): error TS2339: Property 'is' does not exist on type 'string'.
src/full.ts(2,17): error TS2339: Property 'value' does not exist on type 'object'.
src/full.ts(2,41): error TS2339: Property 'value' does not exist on type 'object'.
src/full.ts(2,59): error TS2339: Property 'value' does not exist on type 'object'.
src/full.ts(3,11): error TS2339: Property 'enumerable' does not exist on type 'object'.
src/full.ts(3,29): error TS2339: Property 'get' does not exist on type 'object'.
src/full.ts(3,40): error TS2339: Property 'set' does not exist on type 'object'.
src/full.ts(3,52): error TS2339: Property 'configurable' does not exist on type 'object'.
src/full.ts(3,73): error TS2339: Property 'writable' does not exist on type 'object'.
src/full.ts(5,24): error TS2339: Property 'value' does not exist on type 'object'.
src/full.ts(14,25): error TS2339: Property '__proto__' does not exist on type 'any[]'.
src/full.ts(16,3): error TS2740: Type 'any[]' is missing the following properties from type 'HTMLDivElement': align, addEventListener, removeEventListener, accessKey, and 278 more.
src/full.ts(18,3): error TS2740: Type 'Set<unknown>' is missing the following properties from type 'HTMLDivElement': align, addEventListener, removeEventListener, accessKey, and 278 more.
src/full.ts(20,8): error TS2339: Property 'add' does not exist on type 'HTMLDivElement'.
src/full.ts(20,18): error TS2345: Argument of type 'string' is not assignable to parameter of type 'any[]'.
src/full.ts(23,3): error TS2740: Type 'Map<any, any>' is missing the following properties from type 'HTMLDivElement': align, addEventListener, removeEventListener, accessKey, and 278 more.
src/full.ts(24,13): error TS2345: Argument of type '(val: string, key: string) => void' is not assignable to parameter of type '(value: any, index: number, array: any[]) => void'.
  Types of parameters 'key' and 'index' are incompatible.
    Type 'number' is not assignable to type 'string'.
src/full.ts(25,8): error TS2339: Property 'set' does not exist on type 'HTMLDivElement'.
src/full.ts(25,18): error TS2345: Argument of type 'string' is not assignable to parameter of type 'any[]'.
src/full.ts(25,30): error TS2345: Argument of type 'string' is not assignable to parameter of type 'any[]'.
src/full.ts(28,3): error TS2740: Type 'Date' is missing the following properties from type 'HTMLDivElement': align, addEventListener, removeEventListener, accessKey, and 278 more.
src/full.ts(30,3): error TS2740: Type 'RegExp' is missing the following properties from type 'HTMLDivElement': align, addEventListener, removeEventListener, accessKey, and 278 more.
src/full.ts(30,22): error TS2339: Property 'source' does not exist on type 'any[]'.
src/full.ts(30,32): error TS2339: Property 'flags' does not exist on type 'any[]'.
src/full.ts(32,13): error TS2351: This expression is not constructable.
  Type 'Function' has no construct signatures.
src/full.ts(32,36): error TS2339: Property 'buffer' does not exist on type 'any[]'.
src/full.ts(34,3): error TS2322: Type 'any[]' is not assignable to type 'HTMLDivElement'.
src/full.ts(38,13): error TS2351: This expression is not constructable.
  Type 'Function' has no construct signatures.
src/full.ts(47,58): error TS2538: Type 'Function' cannot be used as an index type.
src/full.ts(47,67): error TS2538: Type 'Function' cannot be used as an index type.
src/full.ts(48,13): error TS2345: Argument of type 'Function' is not assignable to parameter of type 'string'.
src/full.ts(48,51): error TS2345: Argument of type 'Function' is not assignable to parameter of type 'PropertyKey'.
src/full.ts(52,2): error TS2322: Type 'any[] | HTMLDivElement' is not assignable to type 'any[]'.
  Type 'HTMLDivElement' is missing the following properties from type 'any[]': length, pop, push, concat, and 29 more.
src/index.ts(1,34): error TS2314: Generic type 'Map<K, V>' requires 2 type argument(s).
src/index.ts(8,14): error TS2351: This expression is not constructable.
  Type 'Function' has no construct signatures.
src/index.ts(9,9): error TS2405: The left-hand side of a 'for...in' statement must be of type 'string' or 'any'.
src/index.ts(16,9): error TS2405: The left-hand side of a 'for...in' statement must be of type 'string' or 'any'.
src/index.ts(17,9): error TS2367: This condition will always return 'false' since the types 'number' and 'string' have no overlap.
src/index.ts(43,8): error TS2339: Property 'add' does not exist on type 'object'.
src/index.ts(43,18): error TS2345: Argument of type 'string' is not assignable to parameter of type 'any[]'.
src/index.ts(50,13): error TS2345: Argument of type '(val: string, key: string) => void' is not assignable to parameter of type '(value: any, index: number, array: any[]) => void'.
  Types of parameters 'key' and 'index' are incompatible.
    Type 'number' is not assignable to type 'string'.
src/index.ts(51,8): error TS2339: Property 'set' does not exist on type 'object'.
src/index.ts(51,18): error TS2345: Argument of type 'string' is not assignable to parameter of type 'any[]'.
src/index.ts(51,30): error TS2345: Argument of type 'string' is not assignable to parameter of type 'any[]'.
src/index.ts(61,22): error TS2339: Property 'source' does not exist on type 'any[]'.
src/index.ts(61,32): error TS2339: Property 'flags' does not exist on type 'any[]'.
src/index.ts(62,7): error TS2339: Property 'lastIndex' does not exist on type 'object'.
src/index.ts(62,21): error TS2551: Property 'lastIndex' does not exist on type 'any[]'. Did you mean 'lastIndexOf'?
src/index.ts(67,14): error TS2351: This expression is not constructable.
  Type 'Function' has no construct signatures.
src/index.ts(67,37): error TS2339: Property 'buffer' does not exist on type 'any[]'.
src/index.ts(77,14): error TS2351: This expression is not constructable.
  Type 'Function' has no construct signatures.
src/json.ts(12,8): error TS2405: The left-hand side of a 'for...in' statement must be of type 'string' or 'any'.
src/json.ts(12,13): error TS2407: The right-hand side of a 'for...in' statement must be of type 'any', an object type or a type parameter, but here has type 'never'.
src/json.ts(13,8): error TS2367: This condition will always return 'false' since the types 'number' and 'string' have no overlap.
src/lite.ts(2,29): error TS2740: Type 'Function' is missing the following properties from type 'HTMLDivElement': align, addEventListener, removeEventListener, accessKey, and 278 more.
src/lite.ts(6,6): error TS2367: This condition will always return 'false' since the types 'number' and 'string' have no overlap.
src/lite.ts(7,9): error TS2339: Property 'constructor' does not exist on type 'never'.
src/lite.ts(7,44): error TS2339: Property 'constructor' does not exist on type 'never'.
src/lite.ts(8,16): error TS2339: Property 'constructor' does not exist on type 'never'.
src/lite.ts(9,9): error TS2405: The left-hand side of a 'for...in' statement must be of type 'string' or 'any'.
src/lite.ts(9,14): error TS2407: The right-hand side of a 'for...in' statement must be of type 'any', an object type or a type parameter, but here has type 'never'.
src/lite.ts(10,11): error TS2339: Property 'hasOwnProperty' does not exist on type 'never'.
src/lite.ts(16,9): error TS2405: The left-hand side of a 'for...in' statement must be of type 'string' or 'any'.
src/lite.ts(16,14): error TS2407: The right-hand side of a 'for...in' statement must be of type 'any', an object type or a type parameter, but here has type 'never'.
src/lite.ts(17,9): error TS2367: This condition will always return 'false' since the types 'number' and 'string' have no overlap.
src/lite.ts(29,3): error TS2740: Type '{}' is missing the following properties from type 'HTMLDivElement': align, addEventListener, removeEventListener, accessKey, and 278 more.
src/lite.ts(32,6): error TS2367: This condition will always return 'false' since the types 'number' and 'string' have no overlap.
src/lite.ts(33,9): error TS2339: Property 'length' does not exist on type 'never'.
src/lite.ts(37,3): error TS2322: Type 'object' is not assignable to type 'HTMLDivElement'.
src/lite.ts(40,6): error TS2367: This condition will always return 'false' since the types 'number' and 'string' have no overlap.
src/lite.ts(41,3): error TS2322: Type 'Date' is not assignable to type 'HTMLDivElement'.
src/lite.ts(44,6): error TS2367: This condition will always return 'false' since the types 'number' and 'string' have no overlap.
src/lite.ts(45,22): error TS2339: Property 'source' does not exist on type 'never'.
src/lite.ts(45,32): error TS2339: Property 'flags' does not exist on type 'never'.
src/lite.ts(46,7): error TS2339: Property 'lastIndex' does not exist on type 'object'.
src/lite.ts(46,21): error TS2339: Property 'lastIndex' does not exist on type 'never'.
src/lite.ts(47,3): error TS2322: Type 'object' is not assignable to type 'HTMLDivElement'.

