Gruntfile.ts(1,34): error TS2304: Cannot find name 'Grunt'.
coverage/prettify.ts(1,8): error TS2339: Property 'PR_SHOULD_USE_CONTINUATION' does not exist on type 'Window & typeof globalThis'.
coverage/prettify.ts(1,6196): error TS2339: Property 'decorations' does not exist on type '{ sourceCode: any; basePos: any; }'.
coverage/prettify.ts(1,11501): error TS2403: Subsequent variable declarations must have the same type.  Variable 'W' must be of type 'any', but here has type 'number'.
coverage/prettify.ts(1,14660): error TS2739: Type '{ now: () => number; }' is missing the following properties from type 'DateConstructor': prototype, parse, UTC
coverage/prettify.ts(1,14806): error TS2339: Property 'PR_SHOULD_USE_CONTINUATION' does not exist on type 'Window & typeof globalThis'.
coverage/prettify.ts(1,15498): error TS2339: Property 'prettyPrintOne' does not exist on type 'Window & typeof globalThis'.
coverage/prettify.ts(1,15522): error TS2339: Property 'prettyPrint' does not exist on type 'Window & typeof globalThis'.
coverage/prettify.ts(1,15543): error TS2339: Property 'PR' does not exist on type 'Window & typeof globalThis'.
coverage/prettify.ts(1,15786): error TS2304: Cannot find name 'PR'.
coverage/prettify.ts(1,15809): error TS2304: Cannot find name 'PR'.
coverage/prettify.ts(1,15835): error TS2304: Cannot find name 'PR'.
coverage/prettify.ts(1,15875): error TS2304: Cannot find name 'PR'.
coverage/prettify.ts(1,15918): error TS2304: Cannot find name 'PR'.
coverage/prettify.ts(1,16362): error TS2304: Cannot find name 'PR'.
coverage/prettify.ts(1,16410): error TS2304: Cannot find name 'PR'.
coverage/prettify.ts(1,16453): error TS2304: Cannot find name 'PR'.
coverage/prettify.ts(1,16498): error TS2304: Cannot find name 'PR'.
coverage/prettify.ts(1,16551): error TS2304: Cannot find name 'PR'.
coverage/prettify.ts(1,16574): error TS2304: Cannot find name 'PR'.
coverage/prettify.ts(1,16597): error TS2304: Cannot find name 'PR'.
coverage/prettify.ts(1,16646): error TS2304: Cannot find name 'PR'.
coverage/prettify.ts(1,16719): error TS2304: Cannot find name 'PR'.
coverage/prettify.ts(1,16833): error TS2304: Cannot find name 'PR'.
coverage/prettify.ts(1,17026): error TS2304: Cannot find name 'PR'.
coverage/prettify.ts(1,17079): error TS2304: Cannot find name 'PR'.
coverage/prettify.ts(1,17111): error TS2304: Cannot find name 'PR'.
coverage/prettify.ts(1,17161): error TS2304: Cannot find name 'PR'.
coverage/prettify.ts(1,17203): error TS2304: Cannot find name 'PR'.
coverage/prettify.ts(1,17285): error TS2304: Cannot find name 'PR'.
coverage/prettify.ts(1,17331): error TS2304: Cannot find name 'PR'.
coverage/prettify.ts(1,17354): error TS2304: Cannot find name 'PR'.
coverage/prettify.ts(1,17380): error TS2304: Cannot find name 'PR'.
coverage/prettify.ts(1,17477): error TS2304: Cannot find name 'PR'.
coverage/prettify.ts(1,17500): error TS2304: Cannot find name 'PR'.
coverage/prettify.ts(1,17526): error TS2304: Cannot find name 'PR'.
cssesc.ts(4,5): error TS2451: Cannot redeclare block-scoped variable 'object'.
cssesc.ts(5,5): error TS2451: Cannot redeclare block-scoped variable 'hasOwnProperty'.
cssesc.ts(6,5): error TS2451: Cannot redeclare block-scoped variable 'merge'.
cssesc.ts(19,5): error TS2451: Cannot redeclare block-scoped variable 'regexAnySingleEscape'.
cssesc.ts(20,5): error TS2451: Cannot redeclare block-scoped variable 'regexSingleEscape'.
cssesc.ts(21,5): error TS2451: Cannot redeclare block-scoped variable 'regexAlwaysEscape'.
cssesc.ts(22,5): error TS2451: Cannot redeclare block-scoped variable 'regexExcessiveSpaces'.
cssesc.ts(26,34): error TS2339: Property 'options' does not exist on type '(string: any, options: any) => string'.
cssesc.ts(101,8): error TS2339: Property 'options' does not exist on type '(string: any, options: any) => string'.
cssesc.ts(108,8): error TS2339: Property 'version' does not exist on type '(string: any, options: any) => string'.
src/cssesc.ts(4,7): error TS2451: Cannot redeclare block-scoped variable 'object'.
src/cssesc.ts(5,7): error TS2451: Cannot redeclare block-scoped variable 'hasOwnProperty'.
src/cssesc.ts(6,7): error TS2451: Cannot redeclare block-scoped variable 'merge'.
src/cssesc.ts(21,7): error TS2451: Cannot redeclare block-scoped variable 'regexAnySingleEscape'.
src/cssesc.ts(22,7): error TS2451: Cannot redeclare block-scoped variable 'regexSingleEscape'.
src/cssesc.ts(23,7): error TS2451: Cannot redeclare block-scoped variable 'regexAlwaysEscape'.
src/cssesc.ts(24,7): error TS2451: Cannot redeclare block-scoped variable 'regexExcessiveSpaces'.
src/cssesc.ts(28,34): error TS2339: Property 'options' does not exist on type '(string: any, options: any) => string'.
src/cssesc.ts(96,48): error TS2769: No overload matches this call.
  The last overload gave the following error.
    Argument of type '($0: number, $1: number, $2: number) => any' is not assignable to parameter of type '(substring: string, ...args: any[]) => string'.
      Types of parameters '$0' and 'substring' are incompatible.
        Type 'string' is not assignable to type 'number'.
src/cssesc.ts(97,16): error TS2339: Property 'length' does not exist on type 'number'.
src/cssesc.ts(102,10): error TS2365: Operator '+' cannot be applied to types 'string | number' and 'number'.
src/cssesc.ts(112,8): error TS2339: Property 'options' does not exist on type '(string: any, options: any) => string'.
src/cssesc.ts(119,8): error TS2339: Property 'version' does not exist on type '(string: any, options: any) => string'.

