browser/prelude-browser-min.ts(6,1): error TS2739: Type '(t: any, n: any) => any' is missing the following properties from type 'NodeRequire': resolve, cache, extensions, main
browser/prelude-browser-min.ts(6,136): error TS2554: Expected 1 arguments, but got 2.
browser/prelude-browser-min.ts(6,156): error TS2554: Expected 1 arguments, but got 2.
browser/prelude-browser-min.ts(6,214): error TS2339: Property 'code' does not exist on type 'Error'.
browser/prelude-browser-min.ts(6,323): error TS2554: Expected 2 arguments, but got 1.
browser/prelude-browser-min.ts(6,438): error TS2554: Expected 2 arguments, but got 1.
browser/prelude-browser-min.ts(8,33): error TS2554: Expected 2 arguments, but got 1.
browser/prelude-browser-min.ts(8,106): error TS2554: Expected 2 arguments, but got 1.
browser/prelude-browser-min.ts(8,114): error TS2554: Expected 2 arguments, but got 1.
browser/prelude-browser-min.ts(8,311): error TS2554: Expected 2 arguments, but got 1.
browser/prelude-browser-min.ts(8,898): error TS2554: Expected 1 arguments, but got 0.
browser/prelude-browser-min.ts(10,181): error TS2554: Expected 2 arguments, but got 1.
browser/prelude-browser-min.ts(10,282): error TS2554: Expected 2 arguments, but got 1.
browser/prelude-browser-min.ts(10,466): error TS2554: Expected 2 arguments, but got 1.
browser/prelude-browser-min.ts(10,566): error TS2554: Expected 2 arguments, but got 1.
browser/prelude-browser-min.ts(10,667): error TS2554: Expected 2 arguments, but got 1.
browser/prelude-browser-min.ts(10,753): error TS2554: Expected 2 arguments, but got 1.
browser/prelude-browser-min.ts(10,864): error TS2554: Expected 2 arguments, but got 1.
browser/prelude-browser-min.ts(10,1300): error TS2554: Expected 2 arguments, but got 1.
browser/prelude-browser-min.ts(10,1439): error TS2554: Expected 2 arguments, but got 1.
browser/prelude-browser-min.ts(10,1527): error TS2554: Expected 2 arguments, but got 1.
browser/prelude-browser-min.ts(10,1576): error TS2554: Expected 2 arguments, but got 1.
browser/prelude-browser-min.ts(10,1659): error TS2554: Expected 2 arguments, but got 1.
browser/prelude-browser-min.ts(10,1720): error TS2554: Expected 2 arguments, but got 1.
browser/prelude-browser-min.ts(10,1854): error TS2554: Expected 2 arguments, but got 1.
browser/prelude-browser-min.ts(10,2851): error TS2554: Expected 2 arguments, but got 1.
browser/prelude-browser-min.ts(10,2974): error TS2554: Expected 2 arguments, but got 1.
browser/prelude-browser-min.ts(10,3289): error TS2554: Expected 2 arguments, but got 1.
browser/prelude-browser-min.ts(10,3390): error TS2554: Expected 2 arguments, but got 1.
browser/prelude-browser-min.ts(10,3600): error TS2554: Expected 2 arguments, but got 1.
browser/prelude-browser-min.ts(10,3647): error TS2554: Expected 2 arguments, but got 1.
browser/prelude-browser-min.ts(10,4236): error TS2554: Expected 2 arguments, but got 1.
browser/prelude-browser-min.ts(10,4354): error TS2554: Expected 2 arguments, but got 1.
browser/prelude-browser-min.ts(10,4474): error TS2554: Expected 2 arguments, but got 1.
browser/prelude-browser-min.ts(10,4623): error TS2554: Expected 2 arguments, but got 1.
browser/prelude-browser-min.ts(10,4694): error TS2554: Expected 2 arguments, but got 1.
browser/prelude-browser-min.ts(10,4767): error TS2554: Expected 2 arguments, but got 1.
browser/prelude-browser-min.ts(10,4871): error TS2554: Expected 2 arguments, but got 1.
browser/prelude-browser-min.ts(10,4915): error TS2554: Expected 2 arguments, but got 1.
browser/prelude-browser-min.ts(10,4992): error TS2554: Expected 2 arguments, but got 1.
browser/prelude-browser-min.ts(10,5056): error TS2554: Expected 2 arguments, but got 1.
browser/prelude-browser-min.ts(10,5102): error TS2554: Expected 2 arguments, but got 1.
browser/prelude-browser-min.ts(10,5208): error TS2554: Expected 2 arguments, but got 1.
browser/prelude-browser-min.ts(10,5312): error TS2554: Expected 2 arguments, but got 1.
browser/prelude-browser-min.ts(10,5358): error TS2554: Expected 2 arguments, but got 1.
browser/prelude-browser-min.ts(10,5388): error TS2554: Expected 0 arguments, but got 2.
browser/prelude-browser-min.ts(10,5402): error TS2554: Expected 2 arguments, but got 1.
browser/prelude-browser-min.ts(10,5537): error TS2554: Expected 2 arguments, but got 1.
browser/prelude-browser-min.ts(10,6275): error TS2554: Expected 2 arguments, but got 1.
browser/prelude-browser-min.ts(10,6344): error TS2554: Expected 2 arguments, but got 1.
browser/prelude-browser-min.ts(10,6438): error TS2554: Expected 2 arguments, but got 1.
browser/prelude-browser-min.ts(10,6546): error TS2554: Expected 2 arguments, but got 1.
browser/prelude-browser-min.ts(10,6639): error TS2554: Expected 2 arguments, but got 1.
browser/prelude-browser-min.ts(10,7621): error TS2554: Expected 1 arguments, but got 0.
browser/prelude-browser-min.ts(12,71): error TS2554: Expected 2 arguments, but got 1.
browser/prelude-browser-min.ts(12,123): error TS2554: Expected 2 arguments, but got 1.
browser/prelude-browser-min.ts(12,262): error TS2554: Expected 2 arguments, but got 1.
browser/prelude-browser-min.ts(12,296): error TS2554: Expected 2 arguments, but got 1.
browser/prelude-browser-min.ts(12,327): error TS2554: Expected 2 arguments, but got 1.
browser/prelude-browser-min.ts(12,370): error TS2554: Expected 2 arguments, but got 1.
browser/prelude-browser-min.ts(12,492): error TS2554: Expected 2 arguments, but got 1.
browser/prelude-browser-min.ts(12,602): error TS2554: Expected 2 arguments, but got 1.
browser/prelude-browser-min.ts(12,796): error TS2554: Expected 2 arguments, but got 1.
browser/prelude-browser-min.ts(12,886): error TS2554: Expected 2 arguments, but got 1.
browser/prelude-browser-min.ts(12,1379): error TS2554: Expected 1 arguments, but got 0.
browser/prelude-browser-min.ts(14,323): error TS2554: Expected 2 arguments, but got 1.
browser/prelude-browser-min.ts(14,564): error TS2554: Expected 2 arguments, but got 1.
browser/prelude-browser-min.ts(14,625): error TS2554: Expected 2 arguments, but got 1.
browser/prelude-browser-min.ts(14,766): error TS2554: Expected 2 arguments, but got 1.
browser/prelude-browser-min.ts(14,844): error TS2554: Expected 2 arguments, but got 1.
browser/prelude-browser-min.ts(14,923): error TS2554: Expected 2 arguments, but got 1.
browser/prelude-browser-min.ts(14,1012): error TS2554: Expected 2 arguments, but got 1.
browser/prelude-browser-min.ts(14,1425): error TS2554: Expected 1 arguments, but got 0.
browser/prelude-browser-min.ts(16,33): error TS2554: Expected 2 arguments, but got 1.
browser/prelude-browser-min.ts(16,75): error TS2339: Property 'split' does not exist on type 'number'.
browser/prelude-browser-min.ts(16,88): error TS2554: Expected 2 arguments, but got 1.
browser/prelude-browser-min.ts(16,434): error TS2554: Expected 2 arguments, but got 1.
browser/prelude-browser-min.ts(16,1195): error TS2554: Expected 1 arguments, but got 0.
browser/prelude-browser-min.ts(18,153): error TS2554: Expected 2 arguments, but got 1.
browser/prelude-browser-min.ts(18,206): error TS2554: Expected 2 arguments, but got 1.
browser/prelude-browser-min.ts(18,2884): error TS2554: Expected 1 arguments, but got 0.
browser/prelude-browser.ts(7,1): error TS2739: Type '(i: any, f: any) => any' is missing the following properties from type 'NodeRequire': resolve, cache, extensions, main
browser/prelude-browser.ts(7,137): error TS2554: Expected 1 arguments, but got 2.
browser/prelude-browser.ts(7,157): error TS2554: Expected 1 arguments, but got 2.
browser/prelude-browser.ts(7,215): error TS2339: Property 'code' does not exist on type 'Error'.
browser/prelude-browser.ts(7,324): error TS2554: Expected 2 arguments, but got 1.
browser/prelude-browser.ts(7,439): error TS2554: Expected 2 arguments, but got 1.
browser/prelude-browser.ts(10,9): error TS2554: Expected 2 arguments, but got 1.
browser/prelude-browser.ts(14,10): error TS2554: Expected 2 arguments, but got 1.
browser/prelude-browser.ts(16,8): error TS2554: Expected 2 arguments, but got 1.
browser/prelude-browser.ts(20,22): error TS2304: Cannot find name 'Graph'.
browser/prelude-browser.ts(24,17): error TS2304: Cannot find name 'Graph'.
browser/prelude-browser.ts(30,8): error TS2554: Expected 2 arguments, but got 1.
browser/prelude-browser.ts(66,27): error TS2552: Cannot find name 'rray'. Did you mean 'Array'?
browser/prelude-browser.ts(75,10): error TS2554: Expected 1 arguments, but got 0.
browser/prelude-browser.ts(77,28): error TS2749: 'require' refers to a value, but is being used as a type here. Did you mean 'typeof require'?
browser/prelude-browser.ts(77,45): error TS2749: 'module' refers to a value, but is being used as a type here. Did you mean 'typeof module'?
browser/prelude-browser.ts(77,62): error TS2749: 'exports' refers to a value, but is being used as a type here. Did you mean 'typeof exports'?
browser/prelude-browser.ts(80,8): error TS2554: Expected 2 arguments, but got 1.
browser/prelude-browser.ts(80,31): error TS2304: Cannot find name 'A'.
browser/prelude-browser.ts(80,37): error TS2304: Cannot find name 'B'.
browser/prelude-browser.ts(80,45): error TS2304: Cannot find name 'A'.
browser/prelude-browser.ts(88,7): error TS2554: Expected 2 arguments, but got 1.
browser/prelude-browser.ts(96,24): error TS2314: Generic type 'Array<T>' requires 1 type argument(s).
browser/prelude-browser.ts(106,10): error TS2554: Expected 2 arguments, but got 1.
browser/prelude-browser.ts(116,10): error TS2554: Expected 2 arguments, but got 1.
browser/prelude-browser.ts(126,10): error TS2554: Expected 2 arguments, but got 1.
browser/prelude-browser.ts(135,13): error TS2554: Expected 2 arguments, but got 1.
browser/prelude-browser.ts(135,47): error TS2314: Generic type 'Array<T>' requires 1 type argument(s).
browser/prelude-browser.ts(145,8): error TS2554: Expected 2 arguments, but got 1.
browser/prelude-browser.ts(145,31): error TS2304: Cannot find name 'A'.
browser/prelude-browser.ts(145,37): error TS2304: Cannot find name 'B'.
browser/prelude-browser.ts(145,45): error TS2304: Cannot find name 'A'.
browser/prelude-browser.ts(154,29): error TS2314: Generic type 'Array<T>' requires 1 type argument(s).
browser/prelude-browser.ts(163,21): error TS2314: Generic type 'Array<T>' requires 1 type argument(s).
browser/prelude-browser.ts(172,22): error TS2552: Cannot find name 'rray'. Did you mean 'Array'?
browser/prelude-browser.ts(175,24): error TS2304: Cannot find name 'T'.
browser/prelude-browser.ts(178,23): error TS2314: Generic type 'Array<T>' requires 1 type argument(s).
browser/prelude-browser.ts(189,12): error TS2554: Expected 2 arguments, but got 1.
browser/prelude-browser.ts(189,35): error TS2304: Cannot find name 'A'.
browser/prelude-browser.ts(189,41): error TS2304: Cannot find name 'B'.
browser/prelude-browser.ts(189,49): error TS2304: Cannot find name 'A'.
browser/prelude-browser.ts(203,16): error TS2554: Expected 2 arguments, but got 1.
browser/prelude-browser.ts(203,39): error TS2304: Cannot find name 'A'.
browser/prelude-browser.ts(203,45): error TS2304: Cannot find name 'B'.
browser/prelude-browser.ts(203,55): error TS2304: Cannot find name 'B'.
browser/prelude-browser.ts(203,63): error TS2304: Cannot find name 'A'.
browser/prelude-browser.ts(207,20): error TS2554: Expected 1 arguments, but got 2.
browser/prelude-browser.ts(211,18): error TS2554: Expected 2 arguments, but got 1.
browser/prelude-browser.ts(211,41): error TS2304: Cannot find name 'A'.
browser/prelude-browser.ts(211,47): error TS2304: Cannot find name 'B'.
browser/prelude-browser.ts(211,55): error TS2304: Cannot find name 'A'.
browser/prelude-browser.ts(214,9): error TS2554: Expected 2 arguments, but got 1.
browser/prelude-browser.ts(214,32): error TS2304: Cannot find name 'A'.
browser/prelude-browser.ts(214,38): error TS2304: Cannot find name 'B'.
browser/prelude-browser.ts(214,48): error TS2304: Cannot find name 'B'.
browser/prelude-browser.ts(214,56): error TS2304: Cannot find name 'A'.
browser/prelude-browser.ts(218,17): error TS2554: Expected 1 arguments, but got 2.
browser/prelude-browser.ts(222,10): error TS2554: Expected 2 arguments, but got 1.
browser/prelude-browser.ts(225,11): error TS2554: Expected 2 arguments, but got 1.
browser/prelude-browser.ts(238,13): error TS2554: Expected 2 arguments, but got 1.
browser/prelude-browser.ts(238,47): error TS2314: Generic type 'Array<T>' requires 1 type argument(s).
browser/prelude-browser.ts(264,27): error TS2304: Cannot find name 'Seq'.
browser/prelude-browser.ts(264,31): error TS2304: Cannot find name 'Int'.
browser/prelude-browser.ts(284,29): error TS2304: Cannot find name 'Seq'.
browser/prelude-browser.ts(284,33): error TS2304: Cannot find name 'Int'.
browser/prelude-browser.ts(323,11): error TS2554: Expected 2 arguments, but got 1.
browser/prelude-browser.ts(323,45): error TS2314: Generic type 'Array<T>' requires 1 type argument(s).
browser/prelude-browser.ts(337,11): error TS2554: Expected 2 arguments, but got 1.
browser/prelude-browser.ts(337,45): error TS2314: Generic type 'Array<T>' requires 1 type argument(s).
browser/prelude-browser.ts(351,24): error TS2314: Generic type 'Array<T>' requires 1 type argument(s).
browser/prelude-browser.ts(361,23): error TS2314: Generic type 'Array<T>' requires 1 type argument(s).
browser/prelude-browser.ts(371,7): error TS2554: Expected 2 arguments, but got 1.
browser/prelude-browser.ts(371,30): error TS2304: Cannot find name 'A'.
browser/prelude-browser.ts(371,36): error TS2304: Cannot find name 'B'.
browser/prelude-browser.ts(371,44): error TS2304: Cannot find name 'A'.
browser/prelude-browser.ts(381,7): error TS2554: Expected 2 arguments, but got 1.
browser/prelude-browser.ts(381,30): error TS2304: Cannot find name 'A'.
browser/prelude-browser.ts(381,36): error TS2304: Cannot find name 'B'.
browser/prelude-browser.ts(381,44): error TS2304: Cannot find name 'A'.
browser/prelude-browser.ts(391,21): error TS2314: Generic type 'Array<T>' requires 1 type argument(s).
browser/prelude-browser.ts(402,12): error TS2554: Expected 2 arguments, but got 1.
browser/prelude-browser.ts(405,10): error TS2554: Expected 2 arguments, but got 1.
browser/prelude-browser.ts(416,20): error TS2314: Generic type 'Array<T>' requires 1 type argument(s).
browser/prelude-browser.ts(425,24): error TS2314: Generic type 'Array<T>' requires 1 type argument(s).
browser/prelude-browser.ts(434,31): error TS2314: Generic type 'Array<T>' requires 1 type argument(s).
browser/prelude-browser.ts(443,24): error TS2314: Generic type 'Array<T>' requires 1 type argument(s).
browser/prelude-browser.ts(454,24): error TS2314: Generic type 'Array<T>' requires 1 type argument(s).
browser/prelude-browser.ts(465,13): error TS2554: Expected 2 arguments, but got 1.
browser/prelude-browser.ts(476,13): error TS2554: Expected 2 arguments, but got 1.
browser/prelude-browser.ts(487,16): error TS2554: Expected 2 arguments, but got 1.
browser/prelude-browser.ts(487,39): error TS2304: Cannot find name 'A'.
browser/prelude-browser.ts(487,45): error TS2304: Cannot find name 'B'.
browser/prelude-browser.ts(487,55): error TS2304: Cannot find name 'B'.
browser/prelude-browser.ts(487,63): error TS2304: Cannot find name 'A'.
browser/prelude-browser.ts(494,36): error TS2554: Expected 1 arguments, but got 2.
browser/prelude-browser.ts(499,18): error TS2554: Expected 2 arguments, but got 1.
browser/prelude-browser.ts(499,41): error TS2304: Cannot find name 'T'.
browser/prelude-browser.ts(499,47): error TS2304: Cannot find name 'R'.
browser/prelude-browser.ts(499,55): error TS2304: Cannot find name 'T'.
browser/prelude-browser.ts(505,9): error TS2554: Expected 2 arguments, but got 1.
browser/prelude-browser.ts(509,10): error TS2554: Expected 2 arguments, but got 1.
browser/prelude-browser.ts(509,33): error TS2304: Cannot find name 'T'.
browser/prelude-browser.ts(509,39): error TS2304: Cannot find name 'R'.
browser/prelude-browser.ts(509,47): error TS2304: Cannot find name 'T'.
browser/prelude-browser.ts(516,9): error TS2554: Expected 2 arguments, but got 1.
browser/prelude-browser.ts(519,8): error TS2554: Expected 2 arguments, but got 1.
browser/prelude-browser.ts(519,40): error TS2304: Cannot find name 'T'.
browser/prelude-browser.ts(526,8): error TS2554: Expected 2 arguments, but got 1.
browser/prelude-browser.ts(526,40): error TS2304: Cannot find name 'T'.
browser/prelude-browser.ts(533,11): error TS2554: Expected 2 arguments, but got 1.
browser/prelude-browser.ts(533,49): error TS2304: Cannot find name 'T'.
browser/prelude-browser.ts(536,13): error TS2554: Expected 2 arguments, but got 1.
browser/prelude-browser.ts(543,21): error TS2349: This expression is not callable.
  Type 'Number' has no call signatures.
browser/prelude-browser.ts(548,13): error TS2554: Expected 2 arguments, but got 1.
browser/prelude-browser.ts(555,21): error TS2349: This expression is not callable.
  Type 'Number' has no call signatures.
browser/prelude-browser.ts(560,8): error TS2554: Expected 2 arguments, but got 1.
browser/prelude-browser.ts(560,27): error TS2304: Cannot find name 'Predicate'.
browser/prelude-browser.ts(560,43): error TS2304: Cannot find name 'T'.
browser/prelude-browser.ts(563,13): error TS2554: Expected 2 arguments, but got 1.
browser/prelude-browser.ts(563,32): error TS2304: Cannot find name 'Predicate'.
browser/prelude-browser.ts(563,48): error TS2304: Cannot find name 'Seqable'.
browser/prelude-browser.ts(564,24): error TS2554: Expected 0 arguments, but got 2.
browser/prelude-browser.ts(566,7): error TS2554: Expected 2 arguments, but got 1.
browser/prelude-browser.ts(566,27): error TS2314: Generic type 'Array<T>' requires 1 type argument(s).
browser/prelude-browser.ts(566,39): error TS2314: Generic type 'Array<T>' requires 1 type argument(s).
browser/prelude-browser.ts(580,11): error TS2554: Expected 2 arguments, but got 1.
browser/prelude-browser.ts(590,22): error TS2554: Expected 1 arguments, but got 2.
browser/prelude-browser.ts(643,6): error TS2554: Expected 2 arguments, but got 1.
browser/prelude-browser.ts(643,38): error TS2304: Cannot find name 'T'.
browser/prelude-browser.ts(650,13): error TS2554: Expected 2 arguments, but got 1.
browser/prelude-browser.ts(652,26): error TS2339: Property 'length' does not exist on type 'number'.
browser/prelude-browser.ts(660,15): error TS2554: Expected 2 arguments, but got 1.
browser/prelude-browser.ts(662,26): error TS2339: Property 'length' does not exist on type 'number'.
browser/prelude-browser.ts(671,13): error TS2554: Expected 2 arguments, but got 1.
browser/prelude-browser.ts(671,36): error TS2304: Cannot find name 'A'.
browser/prelude-browser.ts(671,42): error TS2304: Cannot find name 'B'.
browser/prelude-browser.ts(671,50): error TS2304: Cannot find name 'A'.
browser/prelude-browser.ts(681,15): error TS2554: Expected 2 arguments, but got 1.
browser/prelude-browser.ts(681,49): error TS2314: Generic type 'Array<T>' requires 1 type argument(s).
browser/prelude-browser.ts(766,27): error TS2552: Cannot find name 'rray'. Did you mean 'Array'?
browser/prelude-browser.ts(775,10): error TS2554: Expected 1 arguments, but got 0.
browser/prelude-browser.ts(794,28): error TS2749: 'require' refers to a value, but is being used as a type here. Did you mean 'typeof require'?
browser/prelude-browser.ts(794,45): error TS2749: 'module' refers to a value, but is being used as a type here. Did you mean 'typeof module'?
browser/prelude-browser.ts(794,62): error TS2749: 'exports' refers to a value, but is being used as a type here. Did you mean 'typeof exports'?
browser/prelude-browser.ts(797,7): error TS2554: Expected 2 arguments, but got 1.
browser/prelude-browser.ts(797,27): error TS2304: Cannot find name 'umber'.
browser/prelude-browser.ts(797,39): error TS2304: Cannot find name 'mber'.
browser/prelude-browser.ts(800,7): error TS2554: Expected 2 arguments, but got 1.
browser/prelude-browser.ts(800,27): error TS2304: Cannot find name 'umber'.
browser/prelude-browser.ts(800,39): error TS2304: Cannot find name 'mber'.
browser/prelude-browser.ts(816,8): error TS2554: Expected 2 arguments, but got 1.
browser/prelude-browser.ts(819,7): error TS2554: Expected 2 arguments, but got 1.
browser/prelude-browser.ts(822,7): error TS2554: Expected 2 arguments, but got 1.
browser/prelude-browser.ts(825,7): error TS2554: Expected 2 arguments, but got 1.
browser/prelude-browser.ts(827,11): error TS2362: The left-hand side of an arithmetic operation must be of type 'any', 'number', 'bigint' or an enum type.
browser/prelude-browser.ts(827,18): error TS2363: The right-hand side of an arithmetic operation must be of type 'any', 'number', 'bigint' or an enum type.
browser/prelude-browser.ts(837,7): error TS2554: Expected 2 arguments, but got 1.
browser/prelude-browser.ts(846,9): error TS2554: Expected 2 arguments, but got 1.
browser/prelude-browser.ts(855,23): error TS2304: Cannot find name 'ny'.
browser/prelude-browser.ts(861,19): error TS2304: Cannot find name 'umber'.
browser/prelude-browser.ts(864,7): error TS2554: Expected 2 arguments, but got 1.
browser/prelude-browser.ts(875,7): error TS2554: Expected 2 arguments, but got 1.
browser/prelude-browser.ts(914,27): error TS2552: Cannot find name 'rray'. Did you mean 'Array'?
browser/prelude-browser.ts(923,10): error TS2554: Expected 1 arguments, but got 0.
browser/prelude-browser.ts(925,28): error TS2749: 'require' refers to a value, but is being used as a type here. Did you mean 'typeof require'?
browser/prelude-browser.ts(925,45): error TS2749: 'module' refers to a value, but is being used as a type here. Did you mean 'typeof module'?
browser/prelude-browser.ts(925,62): error TS2749: 'exports' refers to a value, but is being used as a type here. Did you mean 'typeof exports'?
browser/prelude-browser.ts(959,14): error TS2554: Expected 2 arguments, but got 1.
browser/prelude-browser.ts(959,36): error TS2314: Generic type 'Array<T>' requires 1 type argument(s).
browser/prelude-browser.ts(959,52): error TS2314: Generic type 'Array<T>' requires 1 type argument(s).
browser/prelude-browser.ts(986,8): error TS2554: Expected 2 arguments, but got 1.
browser/prelude-browser.ts(994,7): error TS2554: Expected 2 arguments, but got 1.
browser/prelude-browser.ts(1012,10): error TS2554: Expected 2 arguments, but got 1.
browser/prelude-browser.ts(1022,10): error TS2554: Expected 2 arguments, but got 1.
browser/prelude-browser.ts(1032,13): error TS2554: Expected 2 arguments, but got 1.
browser/prelude-browser.ts(1042,8): error TS2554: Expected 2 arguments, but got 1.
browser/prelude-browser.ts(1069,27): error TS2304: Cannot find name 'rray'.
browser/prelude-browser.ts(1078,10): error TS2554: Expected 1 arguments, but got 0.
browser/prelude-browser.ts(1080,28): error TS2749: 'require' refers to a value, but is being used as a type here. Did you mean 'typeof require'?
browser/prelude-browser.ts(1080,45): error TS2749: 'module' refers to a value, but is being used as a type here. Did you mean 'typeof module'?
browser/prelude-browser.ts(1080,62): error TS2749: 'exports' refers to a value, but is being used as a type here. Did you mean 'typeof exports'?
browser/prelude-browser.ts(1083,9): error TS2554: Expected 2 arguments, but got 1.
browser/prelude-browser.ts(1084,14): error TS2339: Property 'split' does not exist on type 'RegExp'.
browser/prelude-browser.ts(1086,8): error TS2554: Expected 2 arguments, but got 1.
browser/prelude-browser.ts(1087,18): error TS2345: Argument of type 'String' is not assignable to parameter of type 'string'.
  'string' is a primitive, but 'String' is a wrapper object. Prefer using 'string' when possible.
browser/prelude-browser.ts(1105,13): error TS2339: Property 'join' does not exist on type 'Iterable<string>'.
browser/prelude-browser.ts(1108,13): error TS2339: Property 'split' does not exist on type 'Iterable<number>'.
browser/prelude-browser.ts(1116,10): error TS2554: Expected 2 arguments, but got 1.
browser/prelude-browser.ts(1128,50): error TS2304: Cannot find name 'y'.
browser/prelude-browser.ts(1134,33): error TS2339: Property 'length' does not exist on type 'number'.
browser/prelude-browser.ts(1136,15): error TS2339: Property 'toLowerCase' does not exist on type 'number'.
browser/prelude-browser.ts(1138,15): error TS2339: Property 'length' does not exist on type 'number'.
browser/prelude-browser.ts(1141,20): error TS2339: Property 'toLowerCase' does not exist on type 'number'.
browser/prelude-browser.ts(1162,27): error TS2304: Cannot find name 'rray'.
browser/prelude-browser.ts(1171,10): error TS2554: Expected 1 arguments, but got 0.
browser/prelude-browser.ts(1173,39): error TS2749: 'require' refers to a value, but is being used as a type here. Did you mean 'typeof require'?
browser/prelude-browser.ts(1173,56): error TS2749: 'module' refers to a value, but is being used as a type here. Did you mean 'typeof module'?
browser/prelude-browser.ts(1173,73): error TS2749: 'exports' refers to a value, but is being used as a type here. Did you mean 'typeof exports'?
browser/prelude-browser.ts(1184,10): error TS2554: Expected 2 arguments, but got 1.
browser/prelude-browser.ts(1187,13): error TS2554: Expected 2 arguments, but got 1.
browser/prelude-browser.ts(1341,27): error TS2304: Cannot find name 'rray'.
browser/prelude-browser.ts(1350,10): error TS2554: Expected 1 arguments, but got 0.
lib/Func.ts(3,9): error TS2554: Expected 2 arguments, but got 1.
lib/Func.ts(7,10): error TS2554: Expected 2 arguments, but got 1.
lib/Func.ts(9,8): error TS2554: Expected 2 arguments, but got 1.
lib/Func.ts(13,22): error TS2304: Cannot find name 'Graph'.
lib/Func.ts(17,17): error TS2304: Cannot find name 'Graph'.
lib/Func.ts(23,8): error TS2554: Expected 2 arguments, but got 1.
lib/Func.ts(57,10): error TS2393: Duplicate function implementation.
lib/Func.ts(59,27): error TS2304: Cannot find name 'rray'.
lib/Func.ts(68,10): error TS2554: Expected 1 arguments, but got 0.
lib/List.ts(3,8): error TS2554: Expected 2 arguments, but got 1.
lib/List.ts(3,31): error TS2304: Cannot find name 'A'.
lib/List.ts(3,37): error TS2304: Cannot find name 'B'.
lib/List.ts(3,45): error TS2304: Cannot find name 'A'.
lib/List.ts(11,7): error TS2554: Expected 2 arguments, but got 1.
lib/List.ts(19,24): error TS2314: Generic type 'Array<T>' requires 1 type argument(s).
lib/List.ts(29,10): error TS2554: Expected 2 arguments, but got 1.
lib/List.ts(39,10): error TS2554: Expected 2 arguments, but got 1.
lib/List.ts(49,10): error TS2554: Expected 2 arguments, but got 1.
lib/List.ts(58,13): error TS2554: Expected 2 arguments, but got 1.
lib/List.ts(58,47): error TS2314: Generic type 'Array<T>' requires 1 type argument(s).
lib/List.ts(68,8): error TS2554: Expected 2 arguments, but got 1.
lib/List.ts(68,31): error TS2304: Cannot find name 'A'.
lib/List.ts(68,37): error TS2304: Cannot find name 'B'.
lib/List.ts(68,45): error TS2304: Cannot find name 'A'.
lib/List.ts(77,29): error TS2314: Generic type 'Array<T>' requires 1 type argument(s).
lib/List.ts(86,21): error TS2314: Generic type 'Array<T>' requires 1 type argument(s).
lib/List.ts(95,22): error TS2304: Cannot find name 'rray'.
lib/List.ts(98,24): error TS2304: Cannot find name 'T'.
lib/List.ts(101,23): error TS2314: Generic type 'Array<T>' requires 1 type argument(s).
lib/List.ts(112,12): error TS2554: Expected 2 arguments, but got 1.
lib/List.ts(112,35): error TS2304: Cannot find name 'A'.
lib/List.ts(112,41): error TS2304: Cannot find name 'B'.
lib/List.ts(112,49): error TS2304: Cannot find name 'A'.
lib/List.ts(126,16): error TS2554: Expected 2 arguments, but got 1.
lib/List.ts(126,39): error TS2304: Cannot find name 'A'.
lib/List.ts(126,45): error TS2304: Cannot find name 'B'.
lib/List.ts(126,55): error TS2304: Cannot find name 'B'.
lib/List.ts(126,63): error TS2304: Cannot find name 'A'.
lib/List.ts(130,20): error TS2554: Expected 1 arguments, but got 2.
lib/List.ts(134,18): error TS2554: Expected 2 arguments, but got 1.
lib/List.ts(134,41): error TS2304: Cannot find name 'A'.
lib/List.ts(134,47): error TS2304: Cannot find name 'B'.
lib/List.ts(134,55): error TS2304: Cannot find name 'A'.
lib/List.ts(137,9): error TS2554: Expected 2 arguments, but got 1.
lib/List.ts(137,32): error TS2304: Cannot find name 'A'.
lib/List.ts(137,38): error TS2304: Cannot find name 'B'.
lib/List.ts(137,48): error TS2304: Cannot find name 'B'.
lib/List.ts(137,56): error TS2304: Cannot find name 'A'.
lib/List.ts(141,17): error TS2554: Expected 1 arguments, but got 2.
lib/List.ts(145,10): error TS2554: Expected 2 arguments, but got 1.
lib/List.ts(148,11): error TS2554: Expected 2 arguments, but got 1.
lib/List.ts(161,13): error TS2554: Expected 2 arguments, but got 1.
lib/List.ts(161,47): error TS2314: Generic type 'Array<T>' requires 1 type argument(s).
lib/List.ts(187,27): error TS2304: Cannot find name 'Seq'.
lib/List.ts(187,31): error TS2304: Cannot find name 'Int'.
lib/List.ts(207,29): error TS2304: Cannot find name 'Seq'.
lib/List.ts(207,33): error TS2304: Cannot find name 'Int'.
lib/List.ts(246,11): error TS2554: Expected 2 arguments, but got 1.
lib/List.ts(246,45): error TS2314: Generic type 'Array<T>' requires 1 type argument(s).
lib/List.ts(260,11): error TS2554: Expected 2 arguments, but got 1.
lib/List.ts(260,45): error TS2314: Generic type 'Array<T>' requires 1 type argument(s).
lib/List.ts(274,24): error TS2314: Generic type 'Array<T>' requires 1 type argument(s).
lib/List.ts(284,23): error TS2314: Generic type 'Array<T>' requires 1 type argument(s).
lib/List.ts(294,7): error TS2554: Expected 2 arguments, but got 1.
lib/List.ts(294,30): error TS2304: Cannot find name 'A'.
lib/List.ts(294,36): error TS2304: Cannot find name 'B'.
lib/List.ts(294,44): error TS2304: Cannot find name 'A'.
lib/List.ts(304,7): error TS2554: Expected 2 arguments, but got 1.
lib/List.ts(304,30): error TS2304: Cannot find name 'A'.
lib/List.ts(304,36): error TS2304: Cannot find name 'B'.
lib/List.ts(304,44): error TS2304: Cannot find name 'A'.
lib/List.ts(314,21): error TS2314: Generic type 'Array<T>' requires 1 type argument(s).
lib/List.ts(325,12): error TS2554: Expected 2 arguments, but got 1.
lib/List.ts(328,10): error TS2554: Expected 2 arguments, but got 1.
lib/List.ts(339,20): error TS2314: Generic type 'Array<T>' requires 1 type argument(s).
lib/List.ts(348,24): error TS2314: Generic type 'Array<T>' requires 1 type argument(s).
lib/List.ts(357,31): error TS2314: Generic type 'Array<T>' requires 1 type argument(s).
lib/List.ts(366,24): error TS2314: Generic type 'Array<T>' requires 1 type argument(s).
lib/List.ts(377,24): error TS2314: Generic type 'Array<T>' requires 1 type argument(s).
lib/List.ts(388,13): error TS2554: Expected 2 arguments, but got 1.
lib/List.ts(399,13): error TS2554: Expected 2 arguments, but got 1.
lib/List.ts(410,16): error TS2554: Expected 2 arguments, but got 1.
lib/List.ts(410,39): error TS2304: Cannot find name 'A'.
lib/List.ts(410,45): error TS2304: Cannot find name 'B'.
lib/List.ts(410,55): error TS2304: Cannot find name 'B'.
lib/List.ts(410,63): error TS2304: Cannot find name 'A'.
lib/List.ts(417,36): error TS2554: Expected 1 arguments, but got 2.
lib/List.ts(422,18): error TS2554: Expected 2 arguments, but got 1.
lib/List.ts(422,41): error TS2304: Cannot find name 'T'.
lib/List.ts(422,47): error TS2304: Cannot find name 'R'.
lib/List.ts(422,55): error TS2304: Cannot find name 'T'.
lib/List.ts(428,9): error TS2554: Expected 2 arguments, but got 1.
lib/List.ts(432,10): error TS2554: Expected 2 arguments, but got 1.
lib/List.ts(432,33): error TS2304: Cannot find name 'T'.
lib/List.ts(432,39): error TS2304: Cannot find name 'R'.
lib/List.ts(432,47): error TS2304: Cannot find name 'T'.
lib/List.ts(439,9): error TS2554: Expected 2 arguments, but got 1.
lib/List.ts(442,8): error TS2554: Expected 2 arguments, but got 1.
lib/List.ts(442,40): error TS2304: Cannot find name 'T'.
lib/List.ts(449,8): error TS2554: Expected 2 arguments, but got 1.
lib/List.ts(449,40): error TS2304: Cannot find name 'T'.
lib/List.ts(456,11): error TS2554: Expected 2 arguments, but got 1.
lib/List.ts(456,49): error TS2304: Cannot find name 'T'.
lib/List.ts(459,13): error TS2554: Expected 2 arguments, but got 1.
lib/List.ts(466,21): error TS2349: This expression is not callable.
  Type 'Number' has no call signatures.
lib/List.ts(471,13): error TS2554: Expected 2 arguments, but got 1.
lib/List.ts(478,21): error TS2349: This expression is not callable.
  Type 'Number' has no call signatures.
lib/List.ts(483,8): error TS2554: Expected 2 arguments, but got 1.
lib/List.ts(483,27): error TS2304: Cannot find name 'Predicate'.
lib/List.ts(483,43): error TS2304: Cannot find name 'T'.
lib/List.ts(486,13): error TS2554: Expected 2 arguments, but got 1.
lib/List.ts(486,32): error TS2304: Cannot find name 'Predicate'.
lib/List.ts(486,48): error TS2304: Cannot find name 'Seqable'.
lib/List.ts(487,24): error TS2554: Expected 0 arguments, but got 2.
lib/List.ts(489,7): error TS2554: Expected 2 arguments, but got 1.
lib/List.ts(489,27): error TS2314: Generic type 'Array<T>' requires 1 type argument(s).
lib/List.ts(489,39): error TS2314: Generic type 'Array<T>' requires 1 type argument(s).
lib/List.ts(503,11): error TS2554: Expected 2 arguments, but got 1.
lib/List.ts(513,22): error TS2554: Expected 1 arguments, but got 2.
lib/List.ts(566,6): error TS2554: Expected 2 arguments, but got 1.
lib/List.ts(566,38): error TS2304: Cannot find name 'T'.
lib/List.ts(573,13): error TS2554: Expected 2 arguments, but got 1.
lib/List.ts(575,26): error TS2339: Property 'length' does not exist on type 'number'.
lib/List.ts(583,15): error TS2554: Expected 2 arguments, but got 1.
lib/List.ts(585,26): error TS2339: Property 'length' does not exist on type 'number'.
lib/List.ts(594,13): error TS2554: Expected 2 arguments, but got 1.
lib/List.ts(594,36): error TS2304: Cannot find name 'A'.
lib/List.ts(594,42): error TS2304: Cannot find name 'B'.
lib/List.ts(594,50): error TS2304: Cannot find name 'A'.
lib/List.ts(604,15): error TS2554: Expected 2 arguments, but got 1.
lib/List.ts(604,49): error TS2314: Generic type 'Array<T>' requires 1 type argument(s).
lib/List.ts(687,10): error TS2393: Duplicate function implementation.
lib/List.ts(689,27): error TS2304: Cannot find name 'rray'.
lib/List.ts(698,10): error TS2554: Expected 1 arguments, but got 0.
lib/Num.ts(3,7): error TS2554: Expected 2 arguments, but got 1.
lib/Num.ts(3,27): error TS2304: Cannot find name 'umber'.
lib/Num.ts(3,39): error TS2304: Cannot find name 'mber'.
lib/Num.ts(6,7): error TS2554: Expected 2 arguments, but got 1.
lib/Num.ts(6,27): error TS2304: Cannot find name 'umber'.
lib/Num.ts(6,39): error TS2304: Cannot find name 'mber'.
lib/Num.ts(22,8): error TS2554: Expected 2 arguments, but got 1.
lib/Num.ts(25,7): error TS2554: Expected 2 arguments, but got 1.
lib/Num.ts(28,7): error TS2554: Expected 2 arguments, but got 1.
lib/Num.ts(31,7): error TS2554: Expected 2 arguments, but got 1.
lib/Num.ts(33,11): error TS2362: The left-hand side of an arithmetic operation must be of type 'any', 'number', 'bigint' or an enum type.
lib/Num.ts(33,18): error TS2363: The right-hand side of an arithmetic operation must be of type 'any', 'number', 'bigint' or an enum type.
lib/Num.ts(43,7): error TS2554: Expected 2 arguments, but got 1.
lib/Num.ts(52,9): error TS2554: Expected 2 arguments, but got 1.
lib/Num.ts(61,23): error TS2304: Cannot find name 'ny'.
lib/Num.ts(67,19): error TS2304: Cannot find name 'umber'.
lib/Num.ts(70,7): error TS2554: Expected 2 arguments, but got 1.
lib/Num.ts(81,7): error TS2554: Expected 2 arguments, but got 1.
lib/Num.ts(118,10): error TS2393: Duplicate function implementation.
lib/Num.ts(120,27): error TS2304: Cannot find name 'rray'.
lib/Num.ts(129,10): error TS2554: Expected 1 arguments, but got 0.
lib/Obj.ts(34,14): error TS2554: Expected 2 arguments, but got 1.
lib/Obj.ts(34,36): error TS2314: Generic type 'Array<T>' requires 1 type argument(s).
lib/Obj.ts(34,52): error TS2314: Generic type 'Array<T>' requires 1 type argument(s).
lib/Obj.ts(61,8): error TS2554: Expected 2 arguments, but got 1.
lib/Obj.ts(69,7): error TS2554: Expected 2 arguments, but got 1.
lib/Obj.ts(87,10): error TS2554: Expected 2 arguments, but got 1.
lib/Obj.ts(97,10): error TS2554: Expected 2 arguments, but got 1.
lib/Obj.ts(107,13): error TS2554: Expected 2 arguments, but got 1.
lib/Obj.ts(117,8): error TS2554: Expected 2 arguments, but got 1.
lib/Obj.ts(142,10): error TS2393: Duplicate function implementation.
lib/Obj.ts(144,27): error TS2304: Cannot find name 'rray'.
lib/Obj.ts(153,10): error TS2554: Expected 1 arguments, but got 0.
lib/Str.ts(3,9): error TS2554: Expected 2 arguments, but got 1.
lib/Str.ts(4,14): error TS2339: Property 'split' does not exist on type 'RegExp'.
lib/Str.ts(6,8): error TS2554: Expected 2 arguments, but got 1.
lib/Str.ts(7,18): error TS2345: Argument of type 'String' is not assignable to parameter of type 'string'.
  'string' is a primitive, but 'String' is a wrapper object. Prefer using 'string' when possible.
lib/Str.ts(25,13): error TS2339: Property 'join' does not exist on type 'Iterable<string>'.
lib/Str.ts(28,13): error TS2339: Property 'split' does not exist on type 'Iterable<number>'.
lib/Str.ts(36,10): error TS2554: Expected 2 arguments, but got 1.
lib/Str.ts(48,50): error TS2304: Cannot find name 'y'.
lib/Str.ts(54,33): error TS2339: Property 'length' does not exist on type 'number'.
lib/Str.ts(56,15): error TS2339: Property 'toLowerCase' does not exist on type 'number'.
lib/Str.ts(58,15): error TS2339: Property 'length' does not exist on type 'number'.
lib/Str.ts(61,20): error TS2339: Property 'toLowerCase' does not exist on type 'number'.
lib/Str.ts(80,10): error TS2393: Duplicate function implementation.
lib/Str.ts(82,27): error TS2304: Cannot find name 'rray'.
lib/Str.ts(91,10): error TS2554: Expected 1 arguments, but got 0.
lib/index.ts(11,10): error TS2554: Expected 2 arguments, but got 1.
lib/index.ts(14,13): error TS2554: Expected 2 arguments, but got 1.
lib/index.ts(166,10): error TS2393: Duplicate function implementation.
lib/index.ts(168,27): error TS2304: Cannot find name 'rray'.
lib/index.ts(177,10): error TS2554: Expected 1 arguments, but got 0.

